2024-11-16 20:10:09,431 INFO    StreamThr :60589 [internal.py:wandb_internal():86] W&B internal server running at pid: 60589, started at: 2024-11-16 20:10:09.431328
2024-11-16 20:10:09,432 DEBUG   HandlerThread:60589 [handler.py:handle_request():144] handle_request: status
2024-11-16 20:10:09,434 INFO    WriterThread:60589 [datastore.py:open_for_write():85] open: /Users/aklywtx/Desktop/VLM_Bias_research/NN_pretrain/wandb/run-20241116_201009-nqouikh3/run-nqouikh3.wandb
2024-11-16 20:10:09,434 DEBUG   SenderThread:60589 [sender.py:send():375] send: header
2024-11-16 20:10:09,461 DEBUG   SenderThread:60589 [sender.py:send():375] send: run
2024-11-16 20:10:10,116 INFO    SenderThread:60589 [dir_watcher.py:__init__():219] watching files in: /Users/aklywtx/Desktop/VLM_Bias_research/NN_pretrain/wandb/run-20241116_201009-nqouikh3/files
2024-11-16 20:10:10,116 INFO    SenderThread:60589 [sender.py:_start_run_threads():1124] run started: nqouikh3 with start time 1731784209.430288
2024-11-16 20:10:10,116 DEBUG   SenderThread:60589 [sender.py:send_request():402] send_request: summary_record
2024-11-16 20:10:10,116 INFO    SenderThread:60589 [sender.py:_save_file():1378] saving file wandb-summary.json with policy end
2024-11-16 20:10:10,117 DEBUG   HandlerThread:60589 [handler.py:handle_request():144] handle_request: check_version
2024-11-16 20:10:10,118 DEBUG   SenderThread:60589 [sender.py:send_request():402] send_request: check_version
2024-11-16 20:10:10,341 DEBUG   HandlerThread:60589 [handler.py:handle_request():144] handle_request: run_start
2024-11-16 20:10:10,351 DEBUG   HandlerThread:60589 [system_info.py:__init__():31] System info init
2024-11-16 20:10:10,351 DEBUG   HandlerThread:60589 [system_info.py:__init__():46] System info init done
2024-11-16 20:10:10,352 INFO    HandlerThread:60589 [system_monitor.py:start():181] Starting system monitor
2024-11-16 20:10:10,352 INFO    SystemMonitor:60589 [system_monitor.py:_start():145] Starting system asset monitoring threads
2024-11-16 20:10:10,352 INFO    HandlerThread:60589 [system_monitor.py:probe():201] Collecting system info
2024-11-16 20:10:10,352 INFO    SystemMonitor:60589 [interfaces.py:start():190] Started cpu monitoring
2024-11-16 20:10:10,353 DEBUG   HandlerThread:60589 [system_info.py:probe():195] Probing system
2024-11-16 20:10:10,353 INFO    SystemMonitor:60589 [interfaces.py:start():190] Started disk monitoring
2024-11-16 20:10:10,353 INFO    SystemMonitor:60589 [interfaces.py:start():190] Started memory monitoring
2024-11-16 20:10:10,353 INFO    SystemMonitor:60589 [interfaces.py:start():190] Started network monitoring
2024-11-16 20:10:10,357 DEBUG   HandlerThread:60589 [system_info.py:_probe_git():180] Probing git
2024-11-16 20:10:10,388 DEBUG   HandlerThread:60589 [system_info.py:_probe_git():188] Probing git done
2024-11-16 20:10:10,388 DEBUG   HandlerThread:60589 [system_info.py:probe():240] Probing system done
2024-11-16 20:10:10,388 DEBUG   HandlerThread:60589 [system_monitor.py:probe():210] {'os': 'macOS-14.5-arm64-i386-64bit', 'python': '3.9.13', 'heartbeatAt': '2024-11-16T19:10:10.353095', 'startedAt': '2024-11-16T19:10:09.413568', 'docker': None, 'cuda': None, 'args': (), 'state': 'running', 'program': '/Users/aklywtx/Desktop/VLM_Bias_research/NN_pretrain/MLP/MLP_1layer_mps_only100dots.py', 'codePath': 'MLP/MLP_1layer_mps_only100dots.py', 'git': {'remote': 'git@github.com:aklywtx/NN_pretrain.git', 'commit': '79fb9213d8f97bc1c37c0dd0a2a01a0ea0927308'}, 'email': 'aklywtx233@163.com', 'root': '/Users/aklywtx/Desktop/VLM_Bias_research/NN_pretrain', 'host': 'MACBOOK-PRO-341.local', 'username': 'aklywtx', 'executable': '/Users/aklywtx/opt/anaconda3/bin/python', 'cpu_count': 8, 'cpu_count_logical': 8, 'disk': {'total': 926.3517189025879, 'used': 812.5657730102539}, 'memory': {'total': 32.0}}
2024-11-16 20:10:10,388 INFO    HandlerThread:60589 [system_monitor.py:probe():211] Finished collecting system info
2024-11-16 20:10:10,388 INFO    HandlerThread:60589 [system_monitor.py:probe():214] Publishing system info
2024-11-16 20:10:10,388 DEBUG   HandlerThread:60589 [system_info.py:_save_pip():51] Saving list of pip packages installed into the current environment
2024-11-16 20:10:10,390 DEBUG   HandlerThread:60589 [system_info.py:_save_pip():67] Saving pip packages done
2024-11-16 20:10:10,390 DEBUG   HandlerThread:60589 [system_info.py:_save_conda():74] Saving list of conda packages installed into the current environment
2024-11-16 20:10:11,122 INFO    Thread-12 :60589 [dir_watcher.py:_on_file_created():278] file/dir created: /Users/aklywtx/Desktop/VLM_Bias_research/NN_pretrain/wandb/run-20241116_201009-nqouikh3/files/conda-environment.yaml
2024-11-16 20:10:11,123 INFO    Thread-12 :60589 [dir_watcher.py:_on_file_created():278] file/dir created: /Users/aklywtx/Desktop/VLM_Bias_research/NN_pretrain/wandb/run-20241116_201009-nqouikh3/files/wandb-summary.json
2024-11-16 20:10:11,123 INFO    Thread-12 :60589 [dir_watcher.py:_on_file_created():278] file/dir created: /Users/aklywtx/Desktop/VLM_Bias_research/NN_pretrain/wandb/run-20241116_201009-nqouikh3/files/requirements.txt
2024-11-16 20:10:32,090 DEBUG   HandlerThread:60589 [system_info.py:_save_conda():86] Saving conda packages done
2024-11-16 20:10:32,090 INFO    HandlerThread:60589 [system_monitor.py:probe():216] Finished publishing system info
2024-11-16 20:10:32,100 DEBUG   HandlerThread:60589 [handler.py:handle_request():144] handle_request: status_report
2024-11-16 20:10:32,100 DEBUG   HandlerThread:60589 [handler.py:handle_request():144] handle_request: keepalive
2024-11-16 20:10:32,101 DEBUG   HandlerThread:60589 [handler.py:handle_request():144] handle_request: status_report
2024-11-16 20:10:32,101 DEBUG   HandlerThread:60589 [handler.py:handle_request():144] handle_request: keepalive
2024-11-16 20:10:32,101 DEBUG   HandlerThread:60589 [handler.py:handle_request():144] handle_request: status_report
2024-11-16 20:10:32,101 DEBUG   HandlerThread:60589 [handler.py:handle_request():144] handle_request: keepalive
2024-11-16 20:10:32,101 DEBUG   HandlerThread:60589 [handler.py:handle_request():144] handle_request: status_report
2024-11-16 20:10:32,101 DEBUG   HandlerThread:60589 [handler.py:handle_request():144] handle_request: keepalive
2024-11-16 20:10:32,101 DEBUG   SenderThread:60589 [sender.py:send():375] send: files
2024-11-16 20:10:32,101 INFO    SenderThread:60589 [sender.py:_save_file():1378] saving file wandb-metadata.json with policy now
2024-11-16 20:10:32,105 DEBUG   HandlerThread:60589 [handler.py:handle_request():144] handle_request: stop_status
2024-11-16 20:10:32,105 DEBUG   SenderThread:60589 [sender.py:send_request():402] send_request: stop_status
2024-11-16 20:10:32,220 INFO    Thread-12 :60589 [dir_watcher.py:_on_file_modified():295] file/dir modified: /Users/aklywtx/Desktop/VLM_Bias_research/NN_pretrain/wandb/run-20241116_201009-nqouikh3/files/conda-environment.yaml
2024-11-16 20:10:32,220 INFO    Thread-12 :60589 [dir_watcher.py:_on_file_created():278] file/dir created: /Users/aklywtx/Desktop/VLM_Bias_research/NN_pretrain/wandb/run-20241116_201009-nqouikh3/files/wandb-metadata.json
2024-11-16 20:10:32,331 DEBUG   SenderThread:60589 [sender.py:send():375] send: telemetry
2024-11-16 20:10:32,658 INFO    wandb-upload_0:60589 [upload_job.py:push():137] Uploaded file /var/folders/b8/j860yxxx1bb1pjgc34kr65dm0000gn/T/tmpg2tqkf2iwandb/9ttu9rs5-wandb-metadata.json
2024-11-16 20:10:36,346 DEBUG   HandlerThread:60589 [handler.py:handle_request():144] handle_request: status_report
2024-11-16 20:10:41,372 DEBUG   HandlerThread:60589 [handler.py:handle_request():144] handle_request: status_report
2024-11-16 20:10:42,262 INFO    Thread-12 :60589 [dir_watcher.py:_on_file_modified():295] file/dir modified: /Users/aklywtx/Desktop/VLM_Bias_research/NN_pretrain/wandb/run-20241116_201009-nqouikh3/files/config.yaml
2024-11-16 20:10:42,262 INFO    Thread-12 :60589 [dir_watcher.py:_on_file_created():278] file/dir created: /Users/aklywtx/Desktop/VLM_Bias_research/NN_pretrain/wandb/run-20241116_201009-nqouikh3/files/output.log
2024-11-16 20:10:44,272 INFO    Thread-12 :60589 [dir_watcher.py:_on_file_modified():295] file/dir modified: /Users/aklywtx/Desktop/VLM_Bias_research/NN_pretrain/wandb/run-20241116_201009-nqouikh3/files/output.log
2024-11-16 20:10:44,813 DEBUG   HandlerThread:60589 [handler.py:handle_request():144] handle_request: partial_history
2024-11-16 20:10:44,815 DEBUG   SenderThread:60589 [sender.py:send():375] send: history
2024-11-16 20:10:44,815 DEBUG   SenderThread:60589 [sender.py:send_request():402] send_request: summary_record
2024-11-16 20:10:44,815 INFO    SenderThread:60589 [sender.py:_save_file():1378] saving file wandb-summary.json with policy end
2024-11-16 20:10:45,273 INFO    Thread-12 :60589 [dir_watcher.py:_on_file_modified():295] file/dir modified: /Users/aklywtx/Desktop/VLM_Bias_research/NN_pretrain/wandb/run-20241116_201009-nqouikh3/files/wandb-summary.json
2024-11-16 20:10:46,278 INFO    Thread-12 :60589 [dir_watcher.py:_on_file_modified():295] file/dir modified: /Users/aklywtx/Desktop/VLM_Bias_research/NN_pretrain/wandb/run-20241116_201009-nqouikh3/files/output.log
2024-11-16 20:10:47,062 DEBUG   HandlerThread:60589 [handler.py:handle_request():144] handle_request: status_report
2024-11-16 20:10:47,109 DEBUG   HandlerThread:60589 [handler.py:handle_request():144] handle_request: stop_status
2024-11-16 20:10:47,110 DEBUG   SenderThread:60589 [sender.py:send_request():402] send_request: stop_status
2024-11-16 20:10:47,150 DEBUG   HandlerThread:60589 [handler.py:handle_request():144] handle_request: partial_history
2024-11-16 20:10:47,376 DEBUG   SenderThread:60589 [sender.py:send():375] send: history
2024-11-16 20:10:47,376 DEBUG   SenderThread:60589 [sender.py:send_request():402] send_request: summary_record
2024-11-16 20:10:47,377 INFO    SenderThread:60589 [sender.py:_save_file():1378] saving file wandb-summary.json with policy end
2024-11-16 20:10:48,287 INFO    Thread-12 :60589 [dir_watcher.py:_on_file_modified():295] file/dir modified: /Users/aklywtx/Desktop/VLM_Bias_research/NN_pretrain/wandb/run-20241116_201009-nqouikh3/files/wandb-summary.json
2024-11-16 20:10:48,287 INFO    Thread-12 :60589 [dir_watcher.py:_on_file_modified():295] file/dir modified: /Users/aklywtx/Desktop/VLM_Bias_research/NN_pretrain/wandb/run-20241116_201009-nqouikh3/files/output.log
2024-11-16 20:10:49,372 DEBUG   HandlerThread:60589 [handler.py:handle_request():144] handle_request: partial_history
2024-11-16 20:10:49,374 DEBUG   SenderThread:60589 [sender.py:send():375] send: history
2024-11-16 20:10:49,374 DEBUG   SenderThread:60589 [sender.py:send_request():402] send_request: summary_record
2024-11-16 20:10:49,374 INFO    SenderThread:60589 [sender.py:_save_file():1378] saving file wandb-summary.json with policy end
2024-11-16 20:10:50,294 INFO    Thread-12 :60589 [dir_watcher.py:_on_file_modified():295] file/dir modified: /Users/aklywtx/Desktop/VLM_Bias_research/NN_pretrain/wandb/run-20241116_201009-nqouikh3/files/wandb-summary.json
2024-11-16 20:10:50,294 INFO    Thread-12 :60589 [dir_watcher.py:_on_file_modified():295] file/dir modified: /Users/aklywtx/Desktop/VLM_Bias_research/NN_pretrain/wandb/run-20241116_201009-nqouikh3/files/output.log
2024-11-16 20:10:51,704 DEBUG   HandlerThread:60589 [handler.py:handle_request():144] handle_request: partial_history
2024-11-16 20:10:51,705 DEBUG   SenderThread:60589 [sender.py:send():375] send: history
2024-11-16 20:10:51,705 DEBUG   SenderThread:60589 [sender.py:send_request():402] send_request: summary_record
2024-11-16 20:10:51,706 INFO    SenderThread:60589 [sender.py:_save_file():1378] saving file wandb-summary.json with policy end
2024-11-16 20:10:52,157 DEBUG   HandlerThread:60589 [handler.py:handle_request():144] handle_request: status_report
2024-11-16 20:10:52,304 INFO    Thread-12 :60589 [dir_watcher.py:_on_file_modified():295] file/dir modified: /Users/aklywtx/Desktop/VLM_Bias_research/NN_pretrain/wandb/run-20241116_201009-nqouikh3/files/wandb-summary.json
2024-11-16 20:10:52,304 INFO    Thread-12 :60589 [dir_watcher.py:_on_file_modified():295] file/dir modified: /Users/aklywtx/Desktop/VLM_Bias_research/NN_pretrain/wandb/run-20241116_201009-nqouikh3/files/output.log
2024-11-16 20:10:53,981 DEBUG   HandlerThread:60589 [handler.py:handle_request():144] handle_request: partial_history
2024-11-16 20:10:53,982 DEBUG   SenderThread:60589 [sender.py:send():375] send: history
2024-11-16 20:10:53,982 DEBUG   SenderThread:60589 [sender.py:send_request():402] send_request: summary_record
2024-11-16 20:10:53,982 INFO    SenderThread:60589 [sender.py:_save_file():1378] saving file wandb-summary.json with policy end
2024-11-16 20:10:54,315 INFO    Thread-12 :60589 [dir_watcher.py:_on_file_modified():295] file/dir modified: /Users/aklywtx/Desktop/VLM_Bias_research/NN_pretrain/wandb/run-20241116_201009-nqouikh3/files/wandb-summary.json
2024-11-16 20:10:54,315 INFO    Thread-12 :60589 [dir_watcher.py:_on_file_modified():295] file/dir modified: /Users/aklywtx/Desktop/VLM_Bias_research/NN_pretrain/wandb/run-20241116_201009-nqouikh3/files/output.log
2024-11-16 20:10:56,254 DEBUG   HandlerThread:60589 [handler.py:handle_request():144] handle_request: partial_history
2024-11-16 20:10:56,255 DEBUG   SenderThread:60589 [sender.py:send():375] send: history
2024-11-16 20:10:56,255 DEBUG   SenderThread:60589 [sender.py:send_request():402] send_request: summary_record
2024-11-16 20:10:56,255 INFO    SenderThread:60589 [sender.py:_save_file():1378] saving file wandb-summary.json with policy end
2024-11-16 20:10:56,325 INFO    Thread-12 :60589 [dir_watcher.py:_on_file_modified():295] file/dir modified: /Users/aklywtx/Desktop/VLM_Bias_research/NN_pretrain/wandb/run-20241116_201009-nqouikh3/files/wandb-summary.json
2024-11-16 20:10:56,325 INFO    Thread-12 :60589 [dir_watcher.py:_on_file_modified():295] file/dir modified: /Users/aklywtx/Desktop/VLM_Bias_research/NN_pretrain/wandb/run-20241116_201009-nqouikh3/files/output.log
2024-11-16 20:10:57,237 DEBUG   HandlerThread:60589 [handler.py:handle_request():144] handle_request: status_report
2024-11-16 20:10:57,676 DEBUG   SenderThread:60589 [sender.py:send():375] send: exit
2024-11-16 20:10:57,676 INFO    SenderThread:60589 [sender.py:send_exit():598] handling exit code: 1
2024-11-16 20:10:57,677 INFO    SenderThread:60589 [sender.py:send_exit():600] handling runtime: 47
2024-11-16 20:10:57,679 INFO    SenderThread:60589 [sender.py:_save_file():1378] saving file wandb-summary.json with policy end
2024-11-16 20:10:57,679 INFO    SenderThread:60589 [sender.py:send_exit():606] send defer
2024-11-16 20:10:57,680 DEBUG   HandlerThread:60589 [handler.py:handle_request():144] handle_request: defer
2024-11-16 20:10:57,680 INFO    HandlerThread:60589 [handler.py:handle_request_defer():170] handle defer: 0
2024-11-16 20:10:57,680 DEBUG   SenderThread:60589 [sender.py:send_request():402] send_request: defer
2024-11-16 20:10:57,680 INFO    SenderThread:60589 [sender.py:send_request_defer():622] handle sender defer: 0
2024-11-16 20:10:57,680 INFO    SenderThread:60589 [sender.py:transition_state():626] send defer: 1
2024-11-16 20:10:57,680 DEBUG   HandlerThread:60589 [handler.py:handle_request():144] handle_request: defer
2024-11-16 20:10:57,681 INFO    HandlerThread:60589 [handler.py:handle_request_defer():170] handle defer: 1
2024-11-16 20:10:57,681 DEBUG   SenderThread:60589 [sender.py:send_request():402] send_request: defer
2024-11-16 20:10:57,681 INFO    SenderThread:60589 [sender.py:send_request_defer():622] handle sender defer: 1
2024-11-16 20:10:57,681 INFO    SenderThread:60589 [sender.py:transition_state():626] send defer: 2
2024-11-16 20:10:57,681 DEBUG   HandlerThread:60589 [handler.py:handle_request():144] handle_request: defer
2024-11-16 20:10:57,681 INFO    HandlerThread:60589 [handler.py:handle_request_defer():170] handle defer: 2
2024-11-16 20:10:57,681 INFO    HandlerThread:60589 [system_monitor.py:finish():190] Stopping system monitor
2024-11-16 20:10:57,684 DEBUG   SystemMonitor:60589 [system_monitor.py:_start():159] Starting system metrics aggregation loop
2024-11-16 20:10:57,684 DEBUG   SystemMonitor:60589 [system_monitor.py:_start():166] Finished system metrics aggregation loop
2024-11-16 20:10:57,684 DEBUG   SystemMonitor:60589 [system_monitor.py:_start():170] Publishing last batch of metrics
2024-11-16 20:10:57,685 INFO    HandlerThread:60589 [interfaces.py:finish():202] Joined cpu monitor
2024-11-16 20:10:57,686 INFO    HandlerThread:60589 [interfaces.py:finish():202] Joined disk monitor
2024-11-16 20:10:57,686 INFO    HandlerThread:60589 [interfaces.py:finish():202] Joined memory monitor
2024-11-16 20:10:57,686 INFO    HandlerThread:60589 [interfaces.py:finish():202] Joined network monitor
2024-11-16 20:10:57,687 DEBUG   SenderThread:60589 [sender.py:send_request():402] send_request: defer
2024-11-16 20:10:57,687 INFO    SenderThread:60589 [sender.py:send_request_defer():622] handle sender defer: 2
2024-11-16 20:10:57,687 INFO    SenderThread:60589 [sender.py:transition_state():626] send defer: 3
2024-11-16 20:10:57,688 DEBUG   SenderThread:60589 [sender.py:send():375] send: stats
2024-11-16 20:10:57,688 DEBUG   HandlerThread:60589 [handler.py:handle_request():144] handle_request: defer
2024-11-16 20:10:57,689 INFO    HandlerThread:60589 [handler.py:handle_request_defer():170] handle defer: 3
2024-11-16 20:10:57,692 DEBUG   SenderThread:60589 [sender.py:send_request():402] send_request: defer
2024-11-16 20:10:57,692 INFO    SenderThread:60589 [sender.py:send_request_defer():622] handle sender defer: 3
2024-11-16 20:10:57,692 INFO    SenderThread:60589 [sender.py:transition_state():626] send defer: 4
2024-11-16 20:10:57,693 DEBUG   HandlerThread:60589 [handler.py:handle_request():144] handle_request: defer
2024-11-16 20:10:57,693 INFO    HandlerThread:60589 [handler.py:handle_request_defer():170] handle defer: 4
2024-11-16 20:10:57,697 DEBUG   SenderThread:60589 [sender.py:send_request():402] send_request: defer
2024-11-16 20:10:57,697 INFO    SenderThread:60589 [sender.py:send_request_defer():622] handle sender defer: 4
2024-11-16 20:10:57,697 INFO    SenderThread:60589 [sender.py:transition_state():626] send defer: 5
2024-11-16 20:10:57,697 DEBUG   HandlerThread:60589 [handler.py:handle_request():144] handle_request: defer
2024-11-16 20:10:57,697 INFO    HandlerThread:60589 [handler.py:handle_request_defer():170] handle defer: 5
2024-11-16 20:10:57,698 DEBUG   SenderThread:60589 [sender.py:send():375] send: summary
2024-11-16 20:10:57,700 INFO    SenderThread:60589 [sender.py:_save_file():1378] saving file wandb-summary.json with policy end
2024-11-16 20:10:57,700 DEBUG   SenderThread:60589 [sender.py:send_request():402] send_request: defer
2024-11-16 20:10:57,700 INFO    SenderThread:60589 [sender.py:send_request_defer():622] handle sender defer: 5
2024-11-16 20:10:57,700 INFO    SenderThread:60589 [sender.py:transition_state():626] send defer: 6
2024-11-16 20:10:57,700 DEBUG   HandlerThread:60589 [handler.py:handle_request():144] handle_request: defer
2024-11-16 20:10:57,700 INFO    HandlerThread:60589 [handler.py:handle_request_defer():170] handle defer: 6
2024-11-16 20:10:57,701 DEBUG   SenderThread:60589 [sender.py:send_request():402] send_request: defer
2024-11-16 20:10:57,701 INFO    SenderThread:60589 [sender.py:send_request_defer():622] handle sender defer: 6
2024-11-16 20:10:57,701 INFO    SenderThread:60589 [sender.py:transition_state():626] send defer: 7
2024-11-16 20:10:57,701 DEBUG   HandlerThread:60589 [handler.py:handle_request():144] handle_request: status_report
2024-11-16 20:10:57,701 DEBUG   HandlerThread:60589 [handler.py:handle_request():144] handle_request: defer
2024-11-16 20:10:57,702 INFO    HandlerThread:60589 [handler.py:handle_request_defer():170] handle defer: 7
2024-11-16 20:10:57,702 DEBUG   SenderThread:60589 [sender.py:send_request():402] send_request: defer
2024-11-16 20:10:57,702 INFO    SenderThread:60589 [sender.py:send_request_defer():622] handle sender defer: 7
2024-11-16 20:10:58,335 INFO    Thread-12 :60589 [dir_watcher.py:_on_file_modified():295] file/dir modified: /Users/aklywtx/Desktop/VLM_Bias_research/NN_pretrain/wandb/run-20241116_201009-nqouikh3/files/wandb-summary.json
2024-11-16 20:10:58,335 INFO    Thread-12 :60589 [dir_watcher.py:_on_file_modified():295] file/dir modified: /Users/aklywtx/Desktop/VLM_Bias_research/NN_pretrain/wandb/run-20241116_201009-nqouikh3/files/output.log
2024-11-16 20:10:58,680 DEBUG   HandlerThread:60589 [handler.py:handle_request():144] handle_request: poll_exit
2024-11-16 20:10:59,488 INFO    SenderThread:60589 [sender.py:transition_state():626] send defer: 8
2024-11-16 20:10:59,489 DEBUG   SenderThread:60589 [sender.py:send_request():402] send_request: poll_exit
2024-11-16 20:10:59,489 DEBUG   HandlerThread:60589 [handler.py:handle_request():144] handle_request: defer
2024-11-16 20:10:59,489 INFO    HandlerThread:60589 [handler.py:handle_request_defer():170] handle defer: 8
2024-11-16 20:10:59,490 DEBUG   SenderThread:60589 [sender.py:send_request():402] send_request: defer
2024-11-16 20:10:59,490 INFO    SenderThread:60589 [sender.py:send_request_defer():622] handle sender defer: 8
2024-11-16 20:10:59,496 INFO    SenderThread:60589 [sender.py:transition_state():626] send defer: 9
2024-11-16 20:10:59,496 DEBUG   HandlerThread:60589 [handler.py:handle_request():144] handle_request: defer
2024-11-16 20:10:59,497 INFO    HandlerThread:60589 [handler.py:handle_request_defer():170] handle defer: 9
2024-11-16 20:10:59,497 DEBUG   SenderThread:60589 [sender.py:send():375] send: artifact
2024-11-16 20:10:59,682 DEBUG   HandlerThread:60589 [handler.py:handle_request():144] handle_request: poll_exit
2024-11-16 20:11:00,348 INFO    Thread-12 :60589 [dir_watcher.py:_on_file_modified():295] file/dir modified: /Users/aklywtx/Desktop/VLM_Bias_research/NN_pretrain/wandb/run-20241116_201009-nqouikh3/files/output.log
2024-11-16 20:11:00,420 INFO    SenderThread:60589 [sender.py:send_artifact():1474] sent artifact job-git_github.com_aklywtx_NN_pretrain.git_MLP_MLP_1layer_mps_only100dots.py - {'id': 'QXJ0aWZhY3Q6MTMzNzk4MTQzNw==', 'digest': '42471de25ae499031c45182cf37ad51a', 'state': 'COMMITTED', 'aliases': [{'artifactCollectionName': 'job-git_github.com_aklywtx_NN_pretrain.git_MLP_MLP_1layer_mps_only100dots.py', 'alias': 'latest'}, {'artifactCollectionName': 'job-git_github.com_aklywtx_NN_pretrain.git_MLP_MLP_1layer_mps_only100dots.py', 'alias': 'v0'}], 'artifactSequence': {'id': 'QXJ0aWZhY3RDb2xsZWN0aW9uOjQ5NjQzMTk0Mg==', 'latestArtifact': {'id': 'QXJ0aWZhY3Q6MTMzNzk4MTQzNw==', 'versionIndex': 0}}, 'version': 'v0'}
2024-11-16 20:11:00,421 DEBUG   SenderThread:60589 [sender.py:send_request():402] send_request: defer
2024-11-16 20:11:00,421 INFO    SenderThread:60589 [sender.py:send_request_defer():622] handle sender defer: 9
2024-11-16 20:11:00,421 INFO    SenderThread:60589 [dir_watcher.py:finish():365] shutting down directory watcher
2024-11-16 20:11:01,351 INFO    SenderThread:60589 [dir_watcher.py:finish():395] scan: /Users/aklywtx/Desktop/VLM_Bias_research/NN_pretrain/wandb/run-20241116_201009-nqouikh3/files
2024-11-16 20:11:01,352 INFO    SenderThread:60589 [dir_watcher.py:finish():409] scan save: /Users/aklywtx/Desktop/VLM_Bias_research/NN_pretrain/wandb/run-20241116_201009-nqouikh3/files/requirements.txt requirements.txt
2024-11-16 20:11:01,352 INFO    SenderThread:60589 [dir_watcher.py:finish():409] scan save: /Users/aklywtx/Desktop/VLM_Bias_research/NN_pretrain/wandb/run-20241116_201009-nqouikh3/files/output.log output.log
2024-11-16 20:11:01,357 INFO    SenderThread:60589 [dir_watcher.py:finish():409] scan save: /Users/aklywtx/Desktop/VLM_Bias_research/NN_pretrain/wandb/run-20241116_201009-nqouikh3/files/config.yaml config.yaml
2024-11-16 20:11:01,361 INFO    SenderThread:60589 [dir_watcher.py:finish():409] scan save: /Users/aklywtx/Desktop/VLM_Bias_research/NN_pretrain/wandb/run-20241116_201009-nqouikh3/files/wandb-summary.json wandb-summary.json
2024-11-16 20:11:01,363 INFO    SenderThread:60589 [dir_watcher.py:finish():409] scan save: /Users/aklywtx/Desktop/VLM_Bias_research/NN_pretrain/wandb/run-20241116_201009-nqouikh3/files/conda-environment.yaml conda-environment.yaml
2024-11-16 20:11:01,367 INFO    SenderThread:60589 [dir_watcher.py:finish():409] scan save: /Users/aklywtx/Desktop/VLM_Bias_research/NN_pretrain/wandb/run-20241116_201009-nqouikh3/files/wandb-metadata.json wandb-metadata.json
2024-11-16 20:11:01,367 INFO    SenderThread:60589 [sender.py:transition_state():626] send defer: 10
2024-11-16 20:11:01,370 DEBUG   SenderThread:60589 [sender.py:send_request():402] send_request: poll_exit
2024-11-16 20:11:01,371 DEBUG   HandlerThread:60589 [handler.py:handle_request():144] handle_request: defer
2024-11-16 20:11:01,371 INFO    HandlerThread:60589 [handler.py:handle_request_defer():170] handle defer: 10
2024-11-16 20:11:01,371 DEBUG   SenderThread:60589 [sender.py:send_request():402] send_request: defer
2024-11-16 20:11:01,371 INFO    SenderThread:60589 [sender.py:send_request_defer():622] handle sender defer: 10
2024-11-16 20:11:01,371 INFO    SenderThread:60589 [file_pusher.py:finish():167] shutting down file pusher
2024-11-16 20:11:01,839 INFO    wandb-upload_0:60589 [upload_job.py:push():137] Uploaded file /Users/aklywtx/Desktop/VLM_Bias_research/NN_pretrain/wandb/run-20241116_201009-nqouikh3/files/requirements.txt
2024-11-16 20:11:01,967 INFO    wandb-upload_1:60589 [upload_job.py:push():137] Uploaded file /Users/aklywtx/Desktop/VLM_Bias_research/NN_pretrain/wandb/run-20241116_201009-nqouikh3/files/output.log
2024-11-16 20:11:01,983 INFO    wandb-upload_3:60589 [upload_job.py:push():137] Uploaded file /Users/aklywtx/Desktop/VLM_Bias_research/NN_pretrain/wandb/run-20241116_201009-nqouikh3/files/wandb-summary.json
2024-11-16 20:11:01,983 INFO    wandb-upload_2:60589 [upload_job.py:push():137] Uploaded file /Users/aklywtx/Desktop/VLM_Bias_research/NN_pretrain/wandb/run-20241116_201009-nqouikh3/files/config.yaml
2024-11-16 20:11:02,066 INFO    wandb-upload_4:60589 [upload_job.py:push():137] Uploaded file /Users/aklywtx/Desktop/VLM_Bias_research/NN_pretrain/wandb/run-20241116_201009-nqouikh3/files/conda-environment.yaml
2024-11-16 20:11:02,272 INFO    Thread-11 :60589 [sender.py:transition_state():626] send defer: 11
2024-11-16 20:11:02,274 DEBUG   HandlerThread:60589 [handler.py:handle_request():144] handle_request: defer
2024-11-16 20:11:02,274 INFO    HandlerThread:60589 [handler.py:handle_request_defer():170] handle defer: 11
2024-11-16 20:11:02,275 DEBUG   SenderThread:60589 [sender.py:send_request():402] send_request: defer
2024-11-16 20:11:02,275 INFO    SenderThread:60589 [sender.py:send_request_defer():622] handle sender defer: 11
2024-11-16 20:11:02,275 INFO    SenderThread:60589 [file_pusher.py:join():172] waiting for file pusher
2024-11-16 20:11:02,276 INFO    SenderThread:60589 [sender.py:transition_state():626] send defer: 12
2024-11-16 20:11:02,276 DEBUG   HandlerThread:60589 [handler.py:handle_request():144] handle_request: defer
2024-11-16 20:11:02,276 INFO    HandlerThread:60589 [handler.py:handle_request_defer():170] handle defer: 12
2024-11-16 20:11:02,276 DEBUG   SenderThread:60589 [sender.py:send_request():402] send_request: defer
2024-11-16 20:11:02,276 INFO    SenderThread:60589 [sender.py:send_request_defer():622] handle sender defer: 12
2024-11-16 20:11:02,450 INFO    SenderThread:60589 [sender.py:transition_state():626] send defer: 13
2024-11-16 20:11:02,450 DEBUG   HandlerThread:60589 [handler.py:handle_request():144] handle_request: defer
2024-11-16 20:11:02,451 INFO    HandlerThread:60589 [handler.py:handle_request_defer():170] handle defer: 13
2024-11-16 20:11:02,451 DEBUG   SenderThread:60589 [sender.py:send_request():402] send_request: defer
2024-11-16 20:11:02,451 INFO    SenderThread:60589 [sender.py:send_request_defer():622] handle sender defer: 13
2024-11-16 20:11:02,451 INFO    SenderThread:60589 [sender.py:transition_state():626] send defer: 14
2024-11-16 20:11:02,452 DEBUG   HandlerThread:60589 [handler.py:handle_request():144] handle_request: defer
2024-11-16 20:11:02,452 INFO    HandlerThread:60589 [handler.py:handle_request_defer():170] handle defer: 14
2024-11-16 20:11:02,452 DEBUG   SenderThread:60589 [sender.py:send():375] send: final
2024-11-16 20:11:02,453 DEBUG   SenderThread:60589 [sender.py:send():375] send: footer
2024-11-16 20:11:02,453 DEBUG   SenderThread:60589 [sender.py:send_request():402] send_request: defer
2024-11-16 20:11:02,453 INFO    SenderThread:60589 [sender.py:send_request_defer():622] handle sender defer: 14
2024-11-16 20:11:02,454 DEBUG   HandlerThread:60589 [handler.py:handle_request():144] handle_request: poll_exit
2024-11-16 20:11:02,454 DEBUG   SenderThread:60589 [sender.py:send_request():402] send_request: poll_exit
2024-11-16 20:11:02,455 DEBUG   HandlerThread:60589 [handler.py:handle_request():144] handle_request: server_info
2024-11-16 20:11:02,455 DEBUG   HandlerThread:60589 [handler.py:handle_request():144] handle_request: get_summary
2024-11-16 20:11:02,456 DEBUG   SenderThread:60589 [sender.py:send_request():402] send_request: server_info
2024-11-16 20:11:02,456 DEBUG   HandlerThread:60589 [handler.py:handle_request():144] handle_request: sampled_history
2024-11-16 20:11:02,599 INFO    MainThread:60589 [wandb_run.py:_footer_history_summary_info():3469] rendering history
2024-11-16 20:11:02,600 INFO    MainThread:60589 [wandb_run.py:_footer_history_summary_info():3501] rendering summary
2024-11-16 20:11:02,600 INFO    MainThread:60589 [wandb_run.py:_footer_sync_info():3428] logging synced files
2024-11-16 20:11:02,601 DEBUG   HandlerThread:60589 [handler.py:handle_request():144] handle_request: shutdown
2024-11-16 20:11:02,601 INFO    HandlerThread:60589 [handler.py:finish():842] shutting down handler
2024-11-16 20:11:03,461 INFO    WriterThread:60589 [datastore.py:close():298] close: /Users/aklywtx/Desktop/VLM_Bias_research/NN_pretrain/wandb/run-20241116_201009-nqouikh3/run-nqouikh3.wandb
2024-11-16 20:11:03,602 INFO    SenderThread:60589 [sender.py:finish():1550] shutting down sender
2024-11-16 20:11:03,603 INFO    SenderThread:60589 [file_pusher.py:finish():167] shutting down file pusher
2024-11-16 20:11:03,603 INFO    SenderThread:60589 [file_pusher.py:join():172] waiting for file pusher
