2024-11-16 21:36:58,086 INFO    StreamThr :84885 [internal.py:wandb_internal():86] W&B internal server running at pid: 84885, started at: 2024-11-16 21:36:58.086572
2024-11-16 21:36:58,087 DEBUG   HandlerThread:84885 [handler.py:handle_request():144] handle_request: status
2024-11-16 21:36:58,089 INFO    WriterThread:84885 [datastore.py:open_for_write():85] open: /Users/aklywtx/Desktop/VLM_Bias_research/NN_pretrain/wandb/run-20241116_213658-4pekvv6g/run-4pekvv6g.wandb
2024-11-16 21:36:58,090 DEBUG   SenderThread:84885 [sender.py:send():375] send: header
2024-11-16 21:36:58,117 DEBUG   SenderThread:84885 [sender.py:send():375] send: run
2024-11-16 21:36:58,492 INFO    SenderThread:84885 [dir_watcher.py:__init__():219] watching files in: /Users/aklywtx/Desktop/VLM_Bias_research/NN_pretrain/wandb/run-20241116_213658-4pekvv6g/files
2024-11-16 21:36:58,492 INFO    SenderThread:84885 [sender.py:_start_run_threads():1124] run started: 4pekvv6g with start time 1731789418.085042
2024-11-16 21:36:58,492 DEBUG   SenderThread:84885 [sender.py:send_request():402] send_request: summary_record
2024-11-16 21:36:58,492 INFO    SenderThread:84885 [sender.py:_save_file():1378] saving file wandb-summary.json with policy end
2024-11-16 21:36:58,493 DEBUG   HandlerThread:84885 [handler.py:handle_request():144] handle_request: check_version
2024-11-16 21:36:58,493 DEBUG   SenderThread:84885 [sender.py:send_request():402] send_request: check_version
2024-11-16 21:36:58,609 DEBUG   HandlerThread:84885 [handler.py:handle_request():144] handle_request: run_start
2024-11-16 21:36:58,618 DEBUG   HandlerThread:84885 [system_info.py:__init__():31] System info init
2024-11-16 21:36:58,618 DEBUG   HandlerThread:84885 [system_info.py:__init__():46] System info init done
2024-11-16 21:36:58,619 INFO    HandlerThread:84885 [system_monitor.py:start():181] Starting system monitor
2024-11-16 21:36:58,619 INFO    SystemMonitor:84885 [system_monitor.py:_start():145] Starting system asset monitoring threads
2024-11-16 21:36:58,619 INFO    HandlerThread:84885 [system_monitor.py:probe():201] Collecting system info
2024-11-16 21:36:58,619 DEBUG   HandlerThread:84885 [system_info.py:probe():195] Probing system
2024-11-16 21:36:58,619 INFO    SystemMonitor:84885 [interfaces.py:start():190] Started cpu monitoring
2024-11-16 21:36:58,620 INFO    SystemMonitor:84885 [interfaces.py:start():190] Started disk monitoring
2024-11-16 21:36:58,620 INFO    SystemMonitor:84885 [interfaces.py:start():190] Started memory monitoring
2024-11-16 21:36:58,620 INFO    SystemMonitor:84885 [interfaces.py:start():190] Started network monitoring
2024-11-16 21:36:58,624 DEBUG   HandlerThread:84885 [system_info.py:_probe_git():180] Probing git
2024-11-16 21:36:58,649 DEBUG   HandlerThread:84885 [system_info.py:_probe_git():188] Probing git done
2024-11-16 21:36:58,649 DEBUG   HandlerThread:84885 [system_info.py:probe():240] Probing system done
2024-11-16 21:36:58,649 DEBUG   HandlerThread:84885 [system_monitor.py:probe():210] {'os': 'macOS-14.5-arm64-i386-64bit', 'python': '3.9.13', 'heartbeatAt': '2024-11-16T20:36:58.619825', 'startedAt': '2024-11-16T20:36:58.065941', 'docker': None, 'cuda': None, 'args': (), 'state': 'running', 'program': '/Users/aklywtx/Desktop/VLM_Bias_research/NN_pretrain/MLP/MLP_1layer_mps_only100dots.py', 'codePath': 'MLP/MLP_1layer_mps_only100dots.py', 'git': {'remote': 'git@github.com:aklywtx/NN_pretrain.git', 'commit': '79fb9213d8f97bc1c37c0dd0a2a01a0ea0927308'}, 'email': 'aklywtx233@163.com', 'root': '/Users/aklywtx/Desktop/VLM_Bias_research/NN_pretrain', 'host': 'MACBOOK-PRO-341.local', 'username': 'aklywtx', 'executable': '/Users/aklywtx/opt/anaconda3/bin/python', 'cpu_count': 8, 'cpu_count_logical': 8, 'disk': {'total': 926.3517189025879, 'used': 813.4468078613281}, 'memory': {'total': 32.0}}
2024-11-16 21:36:58,649 INFO    HandlerThread:84885 [system_monitor.py:probe():211] Finished collecting system info
2024-11-16 21:36:58,649 INFO    HandlerThread:84885 [system_monitor.py:probe():214] Publishing system info
2024-11-16 21:36:58,649 DEBUG   HandlerThread:84885 [system_info.py:_save_pip():51] Saving list of pip packages installed into the current environment
2024-11-16 21:36:58,650 DEBUG   HandlerThread:84885 [system_info.py:_save_pip():67] Saving pip packages done
2024-11-16 21:36:58,650 DEBUG   HandlerThread:84885 [system_info.py:_save_conda():74] Saving list of conda packages installed into the current environment
2024-11-16 21:36:59,498 INFO    Thread-12 :84885 [dir_watcher.py:_on_file_created():278] file/dir created: /Users/aklywtx/Desktop/VLM_Bias_research/NN_pretrain/wandb/run-20241116_213658-4pekvv6g/files/wandb-summary.json
2024-11-16 21:36:59,498 INFO    Thread-12 :84885 [dir_watcher.py:_on_file_created():278] file/dir created: /Users/aklywtx/Desktop/VLM_Bias_research/NN_pretrain/wandb/run-20241116_213658-4pekvv6g/files/requirements.txt
2024-11-16 21:36:59,498 INFO    Thread-12 :84885 [dir_watcher.py:_on_file_created():278] file/dir created: /Users/aklywtx/Desktop/VLM_Bias_research/NN_pretrain/wandb/run-20241116_213658-4pekvv6g/files/conda-environment.yaml
2024-11-16 21:37:15,411 DEBUG   HandlerThread:84885 [system_info.py:_save_conda():86] Saving conda packages done
2024-11-16 21:37:15,411 INFO    HandlerThread:84885 [system_monitor.py:probe():216] Finished publishing system info
2024-11-16 21:37:15,420 DEBUG   HandlerThread:84885 [handler.py:handle_request():144] handle_request: status_report
2024-11-16 21:37:15,420 DEBUG   HandlerThread:84885 [handler.py:handle_request():144] handle_request: keepalive
2024-11-16 21:37:15,420 DEBUG   HandlerThread:84885 [handler.py:handle_request():144] handle_request: status_report
2024-11-16 21:37:15,420 DEBUG   HandlerThread:84885 [handler.py:handle_request():144] handle_request: keepalive
2024-11-16 21:37:15,420 DEBUG   HandlerThread:84885 [handler.py:handle_request():144] handle_request: status_report
2024-11-16 21:37:15,420 DEBUG   HandlerThread:84885 [handler.py:handle_request():144] handle_request: keepalive
2024-11-16 21:37:15,420 DEBUG   SenderThread:84885 [sender.py:send():375] send: files
2024-11-16 21:37:15,420 INFO    SenderThread:84885 [sender.py:_save_file():1378] saving file wandb-metadata.json with policy now
2024-11-16 21:37:15,423 DEBUG   HandlerThread:84885 [handler.py:handle_request():144] handle_request: stop_status
2024-11-16 21:37:15,423 DEBUG   SenderThread:84885 [sender.py:send_request():402] send_request: stop_status
2024-11-16 21:37:15,574 INFO    Thread-12 :84885 [dir_watcher.py:_on_file_modified():295] file/dir modified: /Users/aklywtx/Desktop/VLM_Bias_research/NN_pretrain/wandb/run-20241116_213658-4pekvv6g/files/conda-environment.yaml
2024-11-16 21:37:15,575 INFO    Thread-12 :84885 [dir_watcher.py:_on_file_created():278] file/dir created: /Users/aklywtx/Desktop/VLM_Bias_research/NN_pretrain/wandb/run-20241116_213658-4pekvv6g/files/wandb-metadata.json
2024-11-16 21:37:15,700 DEBUG   SenderThread:84885 [sender.py:send():375] send: telemetry
2024-11-16 21:37:16,016 INFO    wandb-upload_0:84885 [upload_job.py:push():137] Uploaded file /var/folders/b8/j860yxxx1bb1pjgc34kr65dm0000gn/T/tmpf8grqea1wandb/580w9p2o-wandb-metadata.json
2024-11-16 21:37:18,708 DEBUG   HandlerThread:84885 [handler.py:handle_request():144] handle_request: status_report
2024-11-16 21:37:23,614 INFO    Thread-12 :84885 [dir_watcher.py:_on_file_created():278] file/dir created: /Users/aklywtx/Desktop/VLM_Bias_research/NN_pretrain/wandb/run-20241116_213658-4pekvv6g/files/output.log
2024-11-16 21:37:23,787 DEBUG   HandlerThread:84885 [handler.py:handle_request():144] handle_request: status_report
2024-11-16 21:37:25,624 INFO    Thread-12 :84885 [dir_watcher.py:_on_file_modified():295] file/dir modified: /Users/aklywtx/Desktop/VLM_Bias_research/NN_pretrain/wandb/run-20241116_213658-4pekvv6g/files/output.log
2024-11-16 21:37:25,789 DEBUG   HandlerThread:84885 [handler.py:handle_request():144] handle_request: partial_history
2024-11-16 21:37:25,790 DEBUG   SenderThread:84885 [sender.py:send():375] send: history
2024-11-16 21:37:25,791 DEBUG   SenderThread:84885 [sender.py:send_request():402] send_request: summary_record
2024-11-16 21:37:25,791 INFO    SenderThread:84885 [sender.py:_save_file():1378] saving file wandb-summary.json with policy end
2024-11-16 21:37:26,630 INFO    Thread-12 :84885 [dir_watcher.py:_on_file_modified():295] file/dir modified: /Users/aklywtx/Desktop/VLM_Bias_research/NN_pretrain/wandb/run-20241116_213658-4pekvv6g/files/wandb-summary.json
2024-11-16 21:37:27,635 INFO    Thread-12 :84885 [dir_watcher.py:_on_file_modified():295] file/dir modified: /Users/aklywtx/Desktop/VLM_Bias_research/NN_pretrain/wandb/run-20241116_213658-4pekvv6g/files/output.log
2024-11-16 21:37:27,935 DEBUG   HandlerThread:84885 [handler.py:handle_request():144] handle_request: partial_history
2024-11-16 21:37:27,936 DEBUG   SenderThread:84885 [sender.py:send():375] send: history
2024-11-16 21:37:27,936 DEBUG   SenderThread:84885 [sender.py:send_request():402] send_request: summary_record
2024-11-16 21:37:27,937 INFO    SenderThread:84885 [sender.py:_save_file():1378] saving file wandb-summary.json with policy end
2024-11-16 21:37:28,640 INFO    Thread-12 :84885 [dir_watcher.py:_on_file_modified():295] file/dir modified: /Users/aklywtx/Desktop/VLM_Bias_research/NN_pretrain/wandb/run-20241116_213658-4pekvv6g/files/wandb-summary.json
2024-11-16 21:37:28,911 DEBUG   HandlerThread:84885 [handler.py:handle_request():144] handle_request: status_report
2024-11-16 21:37:29,645 INFO    Thread-12 :84885 [dir_watcher.py:_on_file_modified():295] file/dir modified: /Users/aklywtx/Desktop/VLM_Bias_research/NN_pretrain/wandb/run-20241116_213658-4pekvv6g/files/config.yaml
2024-11-16 21:37:29,646 INFO    Thread-12 :84885 [dir_watcher.py:_on_file_modified():295] file/dir modified: /Users/aklywtx/Desktop/VLM_Bias_research/NN_pretrain/wandb/run-20241116_213658-4pekvv6g/files/output.log
2024-11-16 21:37:29,921 DEBUG   HandlerThread:84885 [handler.py:handle_request():144] handle_request: partial_history
2024-11-16 21:37:29,922 DEBUG   SenderThread:84885 [sender.py:send():375] send: history
2024-11-16 21:37:29,922 DEBUG   SenderThread:84885 [sender.py:send_request():402] send_request: summary_record
2024-11-16 21:37:29,922 INFO    SenderThread:84885 [sender.py:_save_file():1378] saving file wandb-summary.json with policy end
2024-11-16 21:37:30,428 DEBUG   HandlerThread:84885 [handler.py:handle_request():144] handle_request: stop_status
2024-11-16 21:37:30,428 DEBUG   SenderThread:84885 [sender.py:send_request():402] send_request: stop_status
2024-11-16 21:37:30,650 INFO    Thread-12 :84885 [dir_watcher.py:_on_file_modified():295] file/dir modified: /Users/aklywtx/Desktop/VLM_Bias_research/NN_pretrain/wandb/run-20241116_213658-4pekvv6g/files/wandb-summary.json
2024-11-16 21:37:31,653 INFO    Thread-12 :84885 [dir_watcher.py:_on_file_modified():295] file/dir modified: /Users/aklywtx/Desktop/VLM_Bias_research/NN_pretrain/wandb/run-20241116_213658-4pekvv6g/files/output.log
2024-11-16 21:37:32,058 DEBUG   HandlerThread:84885 [handler.py:handle_request():144] handle_request: partial_history
2024-11-16 21:37:32,059 DEBUG   SenderThread:84885 [sender.py:send():375] send: history
2024-11-16 21:37:32,059 DEBUG   SenderThread:84885 [sender.py:send_request():402] send_request: summary_record
2024-11-16 21:37:32,059 INFO    SenderThread:84885 [sender.py:_save_file():1378] saving file wandb-summary.json with policy end
2024-11-16 21:37:32,658 INFO    Thread-12 :84885 [dir_watcher.py:_on_file_modified():295] file/dir modified: /Users/aklywtx/Desktop/VLM_Bias_research/NN_pretrain/wandb/run-20241116_213658-4pekvv6g/files/wandb-summary.json
2024-11-16 21:37:33,664 INFO    Thread-12 :84885 [dir_watcher.py:_on_file_modified():295] file/dir modified: /Users/aklywtx/Desktop/VLM_Bias_research/NN_pretrain/wandb/run-20241116_213658-4pekvv6g/files/output.log
2024-11-16 21:37:34,111 DEBUG   HandlerThread:84885 [handler.py:handle_request():144] handle_request: status_report
2024-11-16 21:37:34,221 DEBUG   HandlerThread:84885 [handler.py:handle_request():144] handle_request: partial_history
2024-11-16 21:37:34,222 DEBUG   SenderThread:84885 [sender.py:send():375] send: history
2024-11-16 21:37:34,222 DEBUG   SenderThread:84885 [sender.py:send_request():402] send_request: summary_record
2024-11-16 21:37:34,222 INFO    SenderThread:84885 [sender.py:_save_file():1378] saving file wandb-summary.json with policy end
2024-11-16 21:37:34,669 INFO    Thread-12 :84885 [dir_watcher.py:_on_file_modified():295] file/dir modified: /Users/aklywtx/Desktop/VLM_Bias_research/NN_pretrain/wandb/run-20241116_213658-4pekvv6g/files/wandb-summary.json
2024-11-16 21:37:35,670 INFO    Thread-12 :84885 [dir_watcher.py:_on_file_modified():295] file/dir modified: /Users/aklywtx/Desktop/VLM_Bias_research/NN_pretrain/wandb/run-20241116_213658-4pekvv6g/files/output.log
2024-11-16 21:37:36,403 DEBUG   HandlerThread:84885 [handler.py:handle_request():144] handle_request: partial_history
2024-11-16 21:37:36,404 DEBUG   SenderThread:84885 [sender.py:send():375] send: history
2024-11-16 21:37:36,404 DEBUG   SenderThread:84885 [sender.py:send_request():402] send_request: summary_record
2024-11-16 21:37:36,404 INFO    SenderThread:84885 [sender.py:_save_file():1378] saving file wandb-summary.json with policy end
2024-11-16 21:37:36,675 INFO    Thread-12 :84885 [dir_watcher.py:_on_file_modified():295] file/dir modified: /Users/aklywtx/Desktop/VLM_Bias_research/NN_pretrain/wandb/run-20241116_213658-4pekvv6g/files/wandb-summary.json
2024-11-16 21:37:37,533 DEBUG   SenderThread:84885 [sender.py:send():375] send: exit
2024-11-16 21:37:37,533 INFO    SenderThread:84885 [sender.py:send_exit():598] handling exit code: 1
2024-11-16 21:37:37,533 INFO    SenderThread:84885 [sender.py:send_exit():600] handling runtime: 38
2024-11-16 21:37:37,534 INFO    SenderThread:84885 [sender.py:_save_file():1378] saving file wandb-summary.json with policy end
2024-11-16 21:37:37,534 INFO    SenderThread:84885 [sender.py:send_exit():606] send defer
2024-11-16 21:37:37,535 DEBUG   HandlerThread:84885 [handler.py:handle_request():144] handle_request: defer
2024-11-16 21:37:37,535 INFO    HandlerThread:84885 [handler.py:handle_request_defer():170] handle defer: 0
2024-11-16 21:37:37,536 DEBUG   SenderThread:84885 [sender.py:send_request():402] send_request: defer
2024-11-16 21:37:37,537 INFO    SenderThread:84885 [sender.py:send_request_defer():622] handle sender defer: 0
2024-11-16 21:37:37,537 INFO    SenderThread:84885 [sender.py:transition_state():626] send defer: 1
2024-11-16 21:37:37,537 DEBUG   HandlerThread:84885 [handler.py:handle_request():144] handle_request: defer
2024-11-16 21:37:37,537 INFO    HandlerThread:84885 [handler.py:handle_request_defer():170] handle defer: 1
2024-11-16 21:37:37,539 DEBUG   SenderThread:84885 [sender.py:send_request():402] send_request: defer
2024-11-16 21:37:37,539 INFO    SenderThread:84885 [sender.py:send_request_defer():622] handle sender defer: 1
2024-11-16 21:37:37,539 INFO    SenderThread:84885 [sender.py:transition_state():626] send defer: 2
2024-11-16 21:37:37,539 DEBUG   HandlerThread:84885 [handler.py:handle_request():144] handle_request: defer
2024-11-16 21:37:37,539 INFO    HandlerThread:84885 [handler.py:handle_request_defer():170] handle defer: 2
2024-11-16 21:37:37,539 INFO    HandlerThread:84885 [system_monitor.py:finish():190] Stopping system monitor
2024-11-16 21:37:37,539 DEBUG   SystemMonitor:84885 [system_monitor.py:_start():159] Starting system metrics aggregation loop
2024-11-16 21:37:37,539 DEBUG   SystemMonitor:84885 [system_monitor.py:_start():166] Finished system metrics aggregation loop
2024-11-16 21:37:37,539 DEBUG   SystemMonitor:84885 [system_monitor.py:_start():170] Publishing last batch of metrics
2024-11-16 21:37:37,546 INFO    HandlerThread:84885 [interfaces.py:finish():202] Joined cpu monitor
2024-11-16 21:37:37,546 INFO    HandlerThread:84885 [interfaces.py:finish():202] Joined disk monitor
2024-11-16 21:37:37,546 INFO    HandlerThread:84885 [interfaces.py:finish():202] Joined memory monitor
2024-11-16 21:37:37,547 INFO    HandlerThread:84885 [interfaces.py:finish():202] Joined network monitor
2024-11-16 21:37:37,548 DEBUG   SenderThread:84885 [sender.py:send_request():402] send_request: defer
2024-11-16 21:37:37,548 INFO    SenderThread:84885 [sender.py:send_request_defer():622] handle sender defer: 2
2024-11-16 21:37:37,548 INFO    SenderThread:84885 [sender.py:transition_state():626] send defer: 3
2024-11-16 21:37:37,548 DEBUG   SenderThread:84885 [sender.py:send():375] send: stats
2024-11-16 21:37:37,548 DEBUG   HandlerThread:84885 [handler.py:handle_request():144] handle_request: defer
2024-11-16 21:37:37,549 INFO    HandlerThread:84885 [handler.py:handle_request_defer():170] handle defer: 3
2024-11-16 21:37:37,551 DEBUG   SenderThread:84885 [sender.py:send_request():402] send_request: defer
2024-11-16 21:37:37,551 INFO    SenderThread:84885 [sender.py:send_request_defer():622] handle sender defer: 3
2024-11-16 21:37:37,551 INFO    SenderThread:84885 [sender.py:transition_state():626] send defer: 4
2024-11-16 21:37:37,551 DEBUG   HandlerThread:84885 [handler.py:handle_request():144] handle_request: defer
2024-11-16 21:37:37,551 INFO    HandlerThread:84885 [handler.py:handle_request_defer():170] handle defer: 4
2024-11-16 21:37:37,552 DEBUG   SenderThread:84885 [sender.py:send_request():402] send_request: defer
2024-11-16 21:37:37,552 INFO    SenderThread:84885 [sender.py:send_request_defer():622] handle sender defer: 4
2024-11-16 21:37:37,552 INFO    SenderThread:84885 [sender.py:transition_state():626] send defer: 5
2024-11-16 21:37:37,552 DEBUG   HandlerThread:84885 [handler.py:handle_request():144] handle_request: defer
2024-11-16 21:37:37,552 INFO    HandlerThread:84885 [handler.py:handle_request_defer():170] handle defer: 5
2024-11-16 21:37:37,553 DEBUG   SenderThread:84885 [sender.py:send():375] send: summary
2024-11-16 21:37:37,555 INFO    SenderThread:84885 [sender.py:_save_file():1378] saving file wandb-summary.json with policy end
2024-11-16 21:37:37,555 DEBUG   SenderThread:84885 [sender.py:send_request():402] send_request: defer
2024-11-16 21:37:37,555 INFO    SenderThread:84885 [sender.py:send_request_defer():622] handle sender defer: 5
2024-11-16 21:37:37,555 INFO    SenderThread:84885 [sender.py:transition_state():626] send defer: 6
2024-11-16 21:37:37,556 DEBUG   HandlerThread:84885 [handler.py:handle_request():144] handle_request: defer
2024-11-16 21:37:37,557 INFO    HandlerThread:84885 [handler.py:handle_request_defer():170] handle defer: 6
2024-11-16 21:37:37,557 DEBUG   SenderThread:84885 [sender.py:send_request():402] send_request: defer
2024-11-16 21:37:37,557 INFO    SenderThread:84885 [sender.py:send_request_defer():622] handle sender defer: 6
2024-11-16 21:37:37,557 INFO    SenderThread:84885 [sender.py:transition_state():626] send defer: 7
2024-11-16 21:37:37,558 DEBUG   HandlerThread:84885 [handler.py:handle_request():144] handle_request: status_report
2024-11-16 21:37:37,558 DEBUG   HandlerThread:84885 [handler.py:handle_request():144] handle_request: defer
2024-11-16 21:37:37,558 INFO    HandlerThread:84885 [handler.py:handle_request_defer():170] handle defer: 7
2024-11-16 21:37:37,561 DEBUG   SenderThread:84885 [sender.py:send_request():402] send_request: defer
2024-11-16 21:37:37,561 INFO    SenderThread:84885 [sender.py:send_request_defer():622] handle sender defer: 7
2024-11-16 21:37:37,678 INFO    Thread-12 :84885 [dir_watcher.py:_on_file_modified():295] file/dir modified: /Users/aklywtx/Desktop/VLM_Bias_research/NN_pretrain/wandb/run-20241116_213658-4pekvv6g/files/wandb-summary.json
2024-11-16 21:37:37,678 INFO    Thread-12 :84885 [dir_watcher.py:_on_file_modified():295] file/dir modified: /Users/aklywtx/Desktop/VLM_Bias_research/NN_pretrain/wandb/run-20241116_213658-4pekvv6g/files/output.log
2024-11-16 21:37:38,534 DEBUG   HandlerThread:84885 [handler.py:handle_request():144] handle_request: poll_exit
2024-11-16 21:37:39,400 INFO    SenderThread:84885 [sender.py:transition_state():626] send defer: 8
2024-11-16 21:37:39,400 DEBUG   SenderThread:84885 [sender.py:send_request():402] send_request: poll_exit
2024-11-16 21:37:39,400 DEBUG   HandlerThread:84885 [handler.py:handle_request():144] handle_request: defer
2024-11-16 21:37:39,400 INFO    HandlerThread:84885 [handler.py:handle_request_defer():170] handle defer: 8
2024-11-16 21:37:39,400 DEBUG   SenderThread:84885 [sender.py:send_request():402] send_request: defer
2024-11-16 21:37:39,400 INFO    SenderThread:84885 [sender.py:send_request_defer():622] handle sender defer: 8
2024-11-16 21:37:39,403 INFO    SenderThread:84885 [sender.py:transition_state():626] send defer: 9
2024-11-16 21:37:39,403 DEBUG   SenderThread:84885 [sender.py:send():375] send: artifact
2024-11-16 21:37:39,404 DEBUG   HandlerThread:84885 [handler.py:handle_request():144] handle_request: defer
2024-11-16 21:37:39,404 INFO    HandlerThread:84885 [handler.py:handle_request_defer():170] handle defer: 9
2024-11-16 21:37:39,535 DEBUG   HandlerThread:84885 [handler.py:handle_request():144] handle_request: poll_exit
2024-11-16 21:37:39,691 INFO    Thread-12 :84885 [dir_watcher.py:_on_file_modified():295] file/dir modified: /Users/aklywtx/Desktop/VLM_Bias_research/NN_pretrain/wandb/run-20241116_213658-4pekvv6g/files/output.log
2024-11-16 21:37:40,342 INFO    wandb-upload_0:84885 [upload_job.py:push():92] Skipped uploading /Users/aklywtx/Library/Application Support/wandb/artifacts/staging/tmpivlb0jr1
2024-11-16 21:37:40,615 INFO    wandb-upload_1:84885 [upload_job.py:push():95] Uploaded file /Users/aklywtx/Library/Application Support/wandb/artifacts/staging/tmpiu8xjsq4
2024-11-16 21:37:42,746 INFO    SenderThread:84885 [sender.py:send_artifact():1474] sent artifact job-git_github.com_aklywtx_NN_pretrain.git_MLP_MLP_1layer_mps_only100dots.py - {'id': 'QXJ0aWZhY3Q6MTMzODA1MzEzNA==', 'digest': 'bf06953dfd741ab70e3f835ceef1f20c', 'state': 'PENDING', 'aliases': [], 'artifactSequence': {'id': 'QXJ0aWZhY3RDb2xsZWN0aW9uOjQ5NjQzMTk0Mg==', 'latestArtifact': {'id': 'QXJ0aWZhY3Q6MTMzNzk4MTQzNw==', 'versionIndex': 0}}, 'version': 'latest'}
2024-11-16 21:37:42,746 DEBUG   SenderThread:84885 [sender.py:send_request():402] send_request: defer
2024-11-16 21:37:42,746 INFO    SenderThread:84885 [sender.py:send_request_defer():622] handle sender defer: 9
2024-11-16 21:37:42,746 INFO    SenderThread:84885 [dir_watcher.py:finish():365] shutting down directory watcher
2024-11-16 21:37:43,708 INFO    SenderThread:84885 [dir_watcher.py:finish():395] scan: /Users/aklywtx/Desktop/VLM_Bias_research/NN_pretrain/wandb/run-20241116_213658-4pekvv6g/files
2024-11-16 21:37:43,708 INFO    SenderThread:84885 [dir_watcher.py:finish():409] scan save: /Users/aklywtx/Desktop/VLM_Bias_research/NN_pretrain/wandb/run-20241116_213658-4pekvv6g/files/requirements.txt requirements.txt
2024-11-16 21:37:43,709 INFO    SenderThread:84885 [dir_watcher.py:finish():409] scan save: /Users/aklywtx/Desktop/VLM_Bias_research/NN_pretrain/wandb/run-20241116_213658-4pekvv6g/files/output.log output.log
2024-11-16 21:37:43,710 INFO    SenderThread:84885 [dir_watcher.py:finish():409] scan save: /Users/aklywtx/Desktop/VLM_Bias_research/NN_pretrain/wandb/run-20241116_213658-4pekvv6g/files/config.yaml config.yaml
2024-11-16 21:37:43,710 INFO    SenderThread:84885 [dir_watcher.py:finish():409] scan save: /Users/aklywtx/Desktop/VLM_Bias_research/NN_pretrain/wandb/run-20241116_213658-4pekvv6g/files/wandb-summary.json wandb-summary.json
2024-11-16 21:37:43,713 INFO    SenderThread:84885 [dir_watcher.py:finish():409] scan save: /Users/aklywtx/Desktop/VLM_Bias_research/NN_pretrain/wandb/run-20241116_213658-4pekvv6g/files/conda-environment.yaml conda-environment.yaml
2024-11-16 21:37:43,714 INFO    SenderThread:84885 [dir_watcher.py:finish():409] scan save: /Users/aklywtx/Desktop/VLM_Bias_research/NN_pretrain/wandb/run-20241116_213658-4pekvv6g/files/wandb-metadata.json wandb-metadata.json
2024-11-16 21:37:43,715 INFO    SenderThread:84885 [sender.py:transition_state():626] send defer: 10
2024-11-16 21:37:43,716 DEBUG   SenderThread:84885 [sender.py:send_request():402] send_request: poll_exit
2024-11-16 21:37:43,716 DEBUG   HandlerThread:84885 [handler.py:handle_request():144] handle_request: defer
2024-11-16 21:37:43,717 INFO    HandlerThread:84885 [handler.py:handle_request_defer():170] handle defer: 10
2024-11-16 21:37:43,717 DEBUG   SenderThread:84885 [sender.py:send_request():402] send_request: defer
2024-11-16 21:37:43,717 INFO    SenderThread:84885 [sender.py:send_request_defer():622] handle sender defer: 10
2024-11-16 21:37:43,717 INFO    SenderThread:84885 [file_pusher.py:finish():167] shutting down file pusher
2024-11-16 21:37:44,152 INFO    wandb-upload_0:84885 [upload_job.py:push():137] Uploaded file /Users/aklywtx/Desktop/VLM_Bias_research/NN_pretrain/wandb/run-20241116_213658-4pekvv6g/files/requirements.txt
2024-11-16 21:37:44,318 INFO    wandb-upload_2:84885 [upload_job.py:push():137] Uploaded file /Users/aklywtx/Desktop/VLM_Bias_research/NN_pretrain/wandb/run-20241116_213658-4pekvv6g/files/output.log
2024-11-16 21:37:44,322 INFO    wandb-upload_3:84885 [upload_job.py:push():137] Uploaded file /Users/aklywtx/Desktop/VLM_Bias_research/NN_pretrain/wandb/run-20241116_213658-4pekvv6g/files/wandb-summary.json
2024-11-16 21:37:44,350 INFO    wandb-upload_1:84885 [upload_job.py:push():137] Uploaded file /Users/aklywtx/Desktop/VLM_Bias_research/NN_pretrain/wandb/run-20241116_213658-4pekvv6g/files/config.yaml
2024-11-16 21:37:44,404 INFO    wandb-upload_4:84885 [upload_job.py:push():137] Uploaded file /Users/aklywtx/Desktop/VLM_Bias_research/NN_pretrain/wandb/run-20241116_213658-4pekvv6g/files/conda-environment.yaml
2024-11-16 21:37:44,558 DEBUG   HandlerThread:84885 [handler.py:handle_request():144] handle_request: keepalive
2024-11-16 21:37:44,605 INFO    Thread-11 :84885 [sender.py:transition_state():626] send defer: 11
2024-11-16 21:37:44,606 DEBUG   HandlerThread:84885 [handler.py:handle_request():144] handle_request: defer
2024-11-16 21:37:44,606 INFO    HandlerThread:84885 [handler.py:handle_request_defer():170] handle defer: 11
2024-11-16 21:37:44,606 DEBUG   SenderThread:84885 [sender.py:send_request():402] send_request: defer
2024-11-16 21:37:44,606 INFO    SenderThread:84885 [sender.py:send_request_defer():622] handle sender defer: 11
2024-11-16 21:37:44,606 INFO    SenderThread:84885 [file_pusher.py:join():172] waiting for file pusher
2024-11-16 21:37:44,606 INFO    SenderThread:84885 [sender.py:transition_state():626] send defer: 12
2024-11-16 21:37:44,606 DEBUG   HandlerThread:84885 [handler.py:handle_request():144] handle_request: defer
2024-11-16 21:37:44,606 INFO    HandlerThread:84885 [handler.py:handle_request_defer():170] handle defer: 12
2024-11-16 21:37:44,606 DEBUG   HandlerThread:84885 [handler.py:handle_request():144] handle_request: status_report
2024-11-16 21:37:44,606 DEBUG   SenderThread:84885 [sender.py:send_request():402] send_request: defer
2024-11-16 21:37:44,606 INFO    SenderThread:84885 [sender.py:send_request_defer():622] handle sender defer: 12
2024-11-16 21:37:44,765 INFO    SenderThread:84885 [sender.py:transition_state():626] send defer: 13
2024-11-16 21:37:44,765 DEBUG   HandlerThread:84885 [handler.py:handle_request():144] handle_request: defer
2024-11-16 21:37:44,765 INFO    HandlerThread:84885 [handler.py:handle_request_defer():170] handle defer: 13
2024-11-16 21:37:44,765 DEBUG   SenderThread:84885 [sender.py:send_request():402] send_request: defer
2024-11-16 21:37:44,765 INFO    SenderThread:84885 [sender.py:send_request_defer():622] handle sender defer: 13
2024-11-16 21:37:44,765 INFO    SenderThread:84885 [sender.py:transition_state():626] send defer: 14
2024-11-16 21:37:44,765 DEBUG   HandlerThread:84885 [handler.py:handle_request():144] handle_request: defer
2024-11-16 21:37:44,765 INFO    HandlerThread:84885 [handler.py:handle_request_defer():170] handle defer: 14
2024-11-16 21:37:44,765 DEBUG   SenderThread:84885 [sender.py:send():375] send: final
2024-11-16 21:37:44,765 DEBUG   SenderThread:84885 [sender.py:send():375] send: footer
2024-11-16 21:37:44,765 DEBUG   SenderThread:84885 [sender.py:send_request():402] send_request: defer
2024-11-16 21:37:44,765 INFO    SenderThread:84885 [sender.py:send_request_defer():622] handle sender defer: 14
2024-11-16 21:37:44,766 DEBUG   HandlerThread:84885 [handler.py:handle_request():144] handle_request: poll_exit
2024-11-16 21:37:44,766 DEBUG   HandlerThread:84885 [handler.py:handle_request():144] handle_request: server_info
2024-11-16 21:37:44,766 DEBUG   HandlerThread:84885 [handler.py:handle_request():144] handle_request: get_summary
2024-11-16 21:37:44,766 DEBUG   HandlerThread:84885 [handler.py:handle_request():144] handle_request: sampled_history
2024-11-16 21:37:44,767 DEBUG   SenderThread:84885 [sender.py:send_request():402] send_request: poll_exit
2024-11-16 21:37:44,767 DEBUG   SenderThread:84885 [sender.py:send_request():402] send_request: server_info
2024-11-16 21:37:44,906 INFO    MainThread:84885 [wandb_run.py:_footer_history_summary_info():3469] rendering history
2024-11-16 21:37:44,907 INFO    MainThread:84885 [wandb_run.py:_footer_history_summary_info():3501] rendering summary
2024-11-16 21:37:44,908 INFO    MainThread:84885 [wandb_run.py:_footer_sync_info():3428] logging synced files
2024-11-16 21:37:44,911 DEBUG   HandlerThread:84885 [handler.py:handle_request():144] handle_request: shutdown
2024-11-16 21:37:44,911 INFO    HandlerThread:84885 [handler.py:finish():842] shutting down handler
2024-11-16 21:37:45,771 INFO    WriterThread:84885 [datastore.py:close():298] close: /Users/aklywtx/Desktop/VLM_Bias_research/NN_pretrain/wandb/run-20241116_213658-4pekvv6g/run-4pekvv6g.wandb
2024-11-16 21:37:45,911 INFO    SenderThread:84885 [sender.py:finish():1550] shutting down sender
2024-11-16 21:37:45,911 INFO    SenderThread:84885 [file_pusher.py:finish():167] shutting down file pusher
2024-11-16 21:37:45,911 INFO    SenderThread:84885 [file_pusher.py:join():172] waiting for file pusher
