2024-11-17 23:11:54,253 INFO    StreamThr :66712 [internal.py:wandb_internal():86] W&B internal server running at pid: 66712, started at: 2024-11-17 23:11:54.253531
2024-11-17 23:11:54,255 DEBUG   HandlerThread:66712 [handler.py:handle_request():144] handle_request: status
2024-11-17 23:11:54,256 INFO    WriterThread:66712 [datastore.py:open_for_write():85] open: /Users/aklywtx/Desktop/VLM_Bias_research/NN_pretrain/wandb/run-20241117_231154-j00vl8b9/run-j00vl8b9.wandb
2024-11-17 23:11:54,257 DEBUG   SenderThread:66712 [sender.py:send():375] send: header
2024-11-17 23:11:54,282 DEBUG   SenderThread:66712 [sender.py:send():375] send: run
2024-11-17 23:11:54,691 INFO    SenderThread:66712 [dir_watcher.py:__init__():219] watching files in: /Users/aklywtx/Desktop/VLM_Bias_research/NN_pretrain/wandb/run-20241117_231154-j00vl8b9/files
2024-11-17 23:11:54,691 INFO    SenderThread:66712 [sender.py:_start_run_threads():1124] run started: j00vl8b9 with start time 1731881514.252328
2024-11-17 23:11:54,691 DEBUG   SenderThread:66712 [sender.py:send_request():402] send_request: summary_record
2024-11-17 23:11:54,691 INFO    SenderThread:66712 [sender.py:_save_file():1378] saving file wandb-summary.json with policy end
2024-11-17 23:11:54,693 DEBUG   HandlerThread:66712 [handler.py:handle_request():144] handle_request: check_version
2024-11-17 23:11:54,693 DEBUG   SenderThread:66712 [sender.py:send_request():402] send_request: check_version
2024-11-17 23:11:54,867 DEBUG   HandlerThread:66712 [handler.py:handle_request():144] handle_request: run_start
2024-11-17 23:11:54,873 DEBUG   HandlerThread:66712 [system_info.py:__init__():31] System info init
2024-11-17 23:11:54,873 DEBUG   HandlerThread:66712 [system_info.py:__init__():46] System info init done
2024-11-17 23:11:54,873 INFO    HandlerThread:66712 [system_monitor.py:start():181] Starting system monitor
2024-11-17 23:11:54,873 INFO    SystemMonitor:66712 [system_monitor.py:_start():145] Starting system asset monitoring threads
2024-11-17 23:11:54,874 INFO    HandlerThread:66712 [system_monitor.py:probe():201] Collecting system info
2024-11-17 23:11:54,874 DEBUG   HandlerThread:66712 [system_info.py:probe():195] Probing system
2024-11-17 23:11:54,874 INFO    SystemMonitor:66712 [interfaces.py:start():190] Started cpu monitoring
2024-11-17 23:11:54,875 INFO    SystemMonitor:66712 [interfaces.py:start():190] Started disk monitoring
2024-11-17 23:11:54,875 INFO    SystemMonitor:66712 [interfaces.py:start():190] Started gpuapple monitoring
2024-11-17 23:11:54,878 INFO    SystemMonitor:66712 [interfaces.py:start():190] Started memory monitoring
2024-11-17 23:11:54,880 INFO    SystemMonitor:66712 [interfaces.py:start():190] Started network monitoring
2024-11-17 23:11:54,885 DEBUG   HandlerThread:66712 [system_info.py:_probe_git():180] Probing git
2024-11-17 23:11:54,914 DEBUG   HandlerThread:66712 [system_info.py:_probe_git():188] Probing git done
2024-11-17 23:11:54,914 DEBUG   HandlerThread:66712 [system_info.py:probe():240] Probing system done
2024-11-17 23:11:54,914 DEBUG   HandlerThread:66712 [system_monitor.py:probe():210] {'os': 'macOS-14.5-arm64-arm-64bit', 'python': '3.9.13', 'heartbeatAt': '2024-11-17T22:11:54.874720', 'startedAt': '2024-11-17T22:11:54.243153', 'docker': None, 'cuda': None, 'args': (), 'state': 'running', 'program': '/Users/aklywtx/Desktop/VLM_Bias_research/NN_pretrain/models/vit_train.py', 'codePath': 'models/vit_train.py', 'git': {'remote': 'git@github.com:aklywtx/NN_pretrain.git', 'commit': '79fb9213d8f97bc1c37c0dd0a2a01a0ea0927308'}, 'email': 'aklywtx233@163.com', 'root': '/Users/aklywtx/Desktop/VLM_Bias_research/NN_pretrain', 'host': 'MACBOOK-PRO-341.local', 'username': 'aklywtx', 'executable': '/Users/aklywtx/opt/anaconda3/bin/python', 'cpu_count': 8, 'cpu_count_logical': 8, 'disk': {'total': 926.3517189025879, 'used': 840.1401901245117}, 'gpuapple': {'type': 'arm', 'vendor': 'Apple'}, 'memory': {'total': 32.0}}
2024-11-17 23:11:54,914 INFO    HandlerThread:66712 [system_monitor.py:probe():211] Finished collecting system info
2024-11-17 23:11:54,914 INFO    HandlerThread:66712 [system_monitor.py:probe():214] Publishing system info
2024-11-17 23:11:54,914 DEBUG   HandlerThread:66712 [system_info.py:_save_pip():51] Saving list of pip packages installed into the current environment
2024-11-17 23:11:54,915 DEBUG   HandlerThread:66712 [system_info.py:_save_pip():67] Saving pip packages done
2024-11-17 23:11:54,915 DEBUG   HandlerThread:66712 [system_info.py:_save_conda():74] Saving list of conda packages installed into the current environment
2024-11-17 23:11:55,693 INFO    Thread-12 :66712 [dir_watcher.py:_on_file_created():278] file/dir created: /Users/aklywtx/Desktop/VLM_Bias_research/NN_pretrain/wandb/run-20241117_231154-j00vl8b9/files/requirements.txt
2024-11-17 23:11:55,693 INFO    Thread-12 :66712 [dir_watcher.py:_on_file_created():278] file/dir created: /Users/aklywtx/Desktop/VLM_Bias_research/NN_pretrain/wandb/run-20241117_231154-j00vl8b9/files/conda-environment.yaml
2024-11-17 23:11:55,693 INFO    Thread-12 :66712 [dir_watcher.py:_on_file_created():278] file/dir created: /Users/aklywtx/Desktop/VLM_Bias_research/NN_pretrain/wandb/run-20241117_231154-j00vl8b9/files/wandb-summary.json
2024-11-17 23:12:12,775 INFO    Thread-12 :66712 [dir_watcher.py:_on_file_modified():295] file/dir modified: /Users/aklywtx/Desktop/VLM_Bias_research/NN_pretrain/wandb/run-20241117_231154-j00vl8b9/files/conda-environment.yaml
2024-11-17 23:12:12,819 DEBUG   HandlerThread:66712 [system_info.py:_save_conda():86] Saving conda packages done
2024-11-17 23:12:12,820 INFO    HandlerThread:66712 [system_monitor.py:probe():216] Finished publishing system info
2024-11-17 23:12:12,829 DEBUG   HandlerThread:66712 [handler.py:handle_request():144] handle_request: status_report
2024-11-17 23:12:12,829 DEBUG   HandlerThread:66712 [handler.py:handle_request():144] handle_request: keepalive
2024-11-17 23:12:12,830 DEBUG   HandlerThread:66712 [handler.py:handle_request():144] handle_request: status_report
2024-11-17 23:12:12,830 DEBUG   HandlerThread:66712 [handler.py:handle_request():144] handle_request: keepalive
2024-11-17 23:12:12,830 DEBUG   HandlerThread:66712 [handler.py:handle_request():144] handle_request: status_report
2024-11-17 23:12:12,830 DEBUG   HandlerThread:66712 [handler.py:handle_request():144] handle_request: keepalive
2024-11-17 23:12:12,830 DEBUG   SenderThread:66712 [sender.py:send():375] send: files
2024-11-17 23:12:12,830 INFO    SenderThread:66712 [sender.py:_save_file():1378] saving file wandb-metadata.json with policy now
2024-11-17 23:12:12,833 DEBUG   HandlerThread:66712 [handler.py:handle_request():144] handle_request: stop_status
2024-11-17 23:12:12,833 DEBUG   SenderThread:66712 [sender.py:send_request():402] send_request: stop_status
2024-11-17 23:12:13,149 DEBUG   SenderThread:66712 [sender.py:send():375] send: telemetry
2024-11-17 23:12:13,398 INFO    wandb-upload_0:66712 [upload_job.py:push():137] Uploaded file /var/folders/b8/j860yxxx1bb1pjgc34kr65dm0000gn/T/tmp3w9wr7ftwandb/846v38i6-wandb-metadata.json
2024-11-17 23:12:13,776 INFO    Thread-12 :66712 [dir_watcher.py:_on_file_created():278] file/dir created: /Users/aklywtx/Desktop/VLM_Bias_research/NN_pretrain/wandb/run-20241117_231154-j00vl8b9/files/wandb-metadata.json
2024-11-17 23:12:15,159 DEBUG   HandlerThread:66712 [handler.py:handle_request():144] handle_request: status_report
2024-11-17 23:12:20,183 DEBUG   HandlerThread:66712 [handler.py:handle_request():144] handle_request: status_report
2024-11-17 23:12:25,216 DEBUG   HandlerThread:66712 [handler.py:handle_request():144] handle_request: status_report
2024-11-17 23:12:25,826 INFO    Thread-12 :66712 [dir_watcher.py:_on_file_modified():295] file/dir modified: /Users/aklywtx/Desktop/VLM_Bias_research/NN_pretrain/wandb/run-20241117_231154-j00vl8b9/files/config.yaml
2024-11-17 23:12:27,838 DEBUG   HandlerThread:66712 [handler.py:handle_request():144] handle_request: stop_status
2024-11-17 23:12:27,839 DEBUG   SenderThread:66712 [sender.py:send_request():402] send_request: stop_status
2024-11-17 23:12:31,068 DEBUG   HandlerThread:66712 [handler.py:handle_request():144] handle_request: status_report
2024-11-17 23:12:31,852 INFO    Thread-12 :66712 [dir_watcher.py:_on_file_created():278] file/dir created: /Users/aklywtx/Desktop/VLM_Bias_research/NN_pretrain/wandb/run-20241117_231154-j00vl8b9/files/output.log
2024-11-17 23:12:31,901 DEBUG   SenderThread:66712 [sender.py:send():375] send: exit
2024-11-17 23:12:31,902 INFO    SenderThread:66712 [sender.py:send_exit():598] handling exit code: 1
2024-11-17 23:12:31,902 INFO    SenderThread:66712 [sender.py:send_exit():600] handling runtime: 37
2024-11-17 23:12:31,903 INFO    SenderThread:66712 [sender.py:_save_file():1378] saving file wandb-summary.json with policy end
2024-11-17 23:12:31,903 INFO    SenderThread:66712 [sender.py:send_exit():606] send defer
2024-11-17 23:12:31,903 DEBUG   HandlerThread:66712 [handler.py:handle_request():144] handle_request: defer
2024-11-17 23:12:31,903 INFO    HandlerThread:66712 [handler.py:handle_request_defer():170] handle defer: 0
2024-11-17 23:12:31,903 DEBUG   SenderThread:66712 [sender.py:send_request():402] send_request: defer
2024-11-17 23:12:31,903 INFO    SenderThread:66712 [sender.py:send_request_defer():622] handle sender defer: 0
2024-11-17 23:12:31,903 INFO    SenderThread:66712 [sender.py:transition_state():626] send defer: 1
2024-11-17 23:12:31,903 DEBUG   HandlerThread:66712 [handler.py:handle_request():144] handle_request: defer
2024-11-17 23:12:31,903 INFO    HandlerThread:66712 [handler.py:handle_request_defer():170] handle defer: 1
2024-11-17 23:12:31,903 DEBUG   SenderThread:66712 [sender.py:send_request():402] send_request: defer
2024-11-17 23:12:31,903 INFO    SenderThread:66712 [sender.py:send_request_defer():622] handle sender defer: 1
2024-11-17 23:12:31,903 INFO    SenderThread:66712 [sender.py:transition_state():626] send defer: 2
2024-11-17 23:12:31,904 DEBUG   HandlerThread:66712 [handler.py:handle_request():144] handle_request: defer
2024-11-17 23:12:31,904 INFO    HandlerThread:66712 [handler.py:handle_request_defer():170] handle defer: 2
2024-11-17 23:12:31,904 INFO    HandlerThread:66712 [system_monitor.py:finish():190] Stopping system monitor
2024-11-17 23:12:31,904 DEBUG   SystemMonitor:66712 [system_monitor.py:_start():159] Starting system metrics aggregation loop
2024-11-17 23:12:31,904 DEBUG   SystemMonitor:66712 [system_monitor.py:_start():166] Finished system metrics aggregation loop
2024-11-17 23:12:31,904 DEBUG   SystemMonitor:66712 [system_monitor.py:_start():170] Publishing last batch of metrics
2024-11-17 23:12:31,905 INFO    HandlerThread:66712 [interfaces.py:finish():202] Joined cpu monitor
2024-11-17 23:12:31,905 INFO    HandlerThread:66712 [interfaces.py:finish():202] Joined disk monitor
2024-11-17 23:12:31,905 INFO    HandlerThread:66712 [interfaces.py:finish():202] Joined gpuapple monitor
2024-11-17 23:12:31,905 INFO    HandlerThread:66712 [interfaces.py:finish():202] Joined memory monitor
2024-11-17 23:12:31,906 INFO    HandlerThread:66712 [interfaces.py:finish():202] Joined network monitor
2024-11-17 23:12:31,906 DEBUG   SenderThread:66712 [sender.py:send_request():402] send_request: defer
2024-11-17 23:12:31,906 INFO    SenderThread:66712 [sender.py:send_request_defer():622] handle sender defer: 2
2024-11-17 23:12:31,906 INFO    SenderThread:66712 [sender.py:transition_state():626] send defer: 3
2024-11-17 23:12:31,906 DEBUG   SenderThread:66712 [sender.py:send():375] send: telemetry
2024-11-17 23:12:31,906 DEBUG   HandlerThread:66712 [handler.py:handle_request():144] handle_request: defer
2024-11-17 23:12:31,906 DEBUG   SenderThread:66712 [sender.py:send():375] send: stats
2024-11-17 23:12:31,906 INFO    HandlerThread:66712 [handler.py:handle_request_defer():170] handle defer: 3
2024-11-17 23:12:31,906 DEBUG   SenderThread:66712 [sender.py:send_request():402] send_request: defer
2024-11-17 23:12:31,906 INFO    SenderThread:66712 [sender.py:send_request_defer():622] handle sender defer: 3
2024-11-17 23:12:31,906 INFO    SenderThread:66712 [sender.py:transition_state():626] send defer: 4
2024-11-17 23:12:31,907 DEBUG   HandlerThread:66712 [handler.py:handle_request():144] handle_request: defer
2024-11-17 23:12:31,907 INFO    HandlerThread:66712 [handler.py:handle_request_defer():170] handle defer: 4
2024-11-17 23:12:31,907 DEBUG   SenderThread:66712 [sender.py:send_request():402] send_request: defer
2024-11-17 23:12:31,907 INFO    SenderThread:66712 [sender.py:send_request_defer():622] handle sender defer: 4
2024-11-17 23:12:31,907 INFO    SenderThread:66712 [sender.py:transition_state():626] send defer: 5
2024-11-17 23:12:31,907 DEBUG   HandlerThread:66712 [handler.py:handle_request():144] handle_request: defer
2024-11-17 23:12:31,907 INFO    HandlerThread:66712 [handler.py:handle_request_defer():170] handle defer: 5
2024-11-17 23:12:31,907 DEBUG   SenderThread:66712 [sender.py:send():375] send: summary
2024-11-17 23:12:31,907 INFO    SenderThread:66712 [sender.py:_save_file():1378] saving file wandb-summary.json with policy end
2024-11-17 23:12:31,907 DEBUG   SenderThread:66712 [sender.py:send_request():402] send_request: defer
2024-11-17 23:12:31,907 INFO    SenderThread:66712 [sender.py:send_request_defer():622] handle sender defer: 5
2024-11-17 23:12:31,907 INFO    SenderThread:66712 [sender.py:transition_state():626] send defer: 6
2024-11-17 23:12:31,907 DEBUG   HandlerThread:66712 [handler.py:handle_request():144] handle_request: defer
2024-11-17 23:12:31,907 INFO    HandlerThread:66712 [handler.py:handle_request_defer():170] handle defer: 6
2024-11-17 23:12:31,908 DEBUG   SenderThread:66712 [sender.py:send_request():402] send_request: defer
2024-11-17 23:12:31,908 INFO    SenderThread:66712 [sender.py:send_request_defer():622] handle sender defer: 6
2024-11-17 23:12:31,910 DEBUG   HandlerThread:66712 [handler.py:handle_request():144] handle_request: status_report
2024-11-17 23:12:32,088 INFO    SenderThread:66712 [sender.py:transition_state():626] send defer: 7
2024-11-17 23:12:32,088 DEBUG   HandlerThread:66712 [handler.py:handle_request():144] handle_request: defer
2024-11-17 23:12:32,088 INFO    HandlerThread:66712 [handler.py:handle_request_defer():170] handle defer: 7
2024-11-17 23:12:32,088 DEBUG   SenderThread:66712 [sender.py:send_request():402] send_request: defer
2024-11-17 23:12:32,088 INFO    SenderThread:66712 [sender.py:send_request_defer():622] handle sender defer: 7
2024-11-17 23:12:32,858 INFO    Thread-12 :66712 [dir_watcher.py:_on_file_modified():295] file/dir modified: /Users/aklywtx/Desktop/VLM_Bias_research/NN_pretrain/wandb/run-20241117_231154-j00vl8b9/files/config.yaml
2024-11-17 23:12:32,858 INFO    Thread-12 :66712 [dir_watcher.py:_on_file_modified():295] file/dir modified: /Users/aklywtx/Desktop/VLM_Bias_research/NN_pretrain/wandb/run-20241117_231154-j00vl8b9/files/wandb-summary.json
2024-11-17 23:12:32,907 DEBUG   HandlerThread:66712 [handler.py:handle_request():144] handle_request: poll_exit
2024-11-17 23:12:33,425 INFO    SenderThread:66712 [sender.py:transition_state():626] send defer: 8
2024-11-17 23:12:33,425 DEBUG   SenderThread:66712 [sender.py:send_request():402] send_request: poll_exit
2024-11-17 23:12:33,426 DEBUG   HandlerThread:66712 [handler.py:handle_request():144] handle_request: defer
2024-11-17 23:12:33,426 INFO    HandlerThread:66712 [handler.py:handle_request_defer():170] handle defer: 8
2024-11-17 23:12:33,426 DEBUG   SenderThread:66712 [sender.py:send_request():402] send_request: defer
2024-11-17 23:12:33,426 INFO    SenderThread:66712 [sender.py:send_request_defer():622] handle sender defer: 8
2024-11-17 23:12:33,430 INFO    SenderThread:66712 [sender.py:transition_state():626] send defer: 9
2024-11-17 23:12:33,431 DEBUG   HandlerThread:66712 [handler.py:handle_request():144] handle_request: defer
2024-11-17 23:12:33,431 INFO    HandlerThread:66712 [handler.py:handle_request_defer():170] handle defer: 9
2024-11-17 23:12:33,431 DEBUG   SenderThread:66712 [sender.py:send():375] send: artifact
2024-11-17 23:12:33,863 INFO    Thread-12 :66712 [dir_watcher.py:_on_file_modified():295] file/dir modified: /Users/aklywtx/Desktop/VLM_Bias_research/NN_pretrain/wandb/run-20241117_231154-j00vl8b9/files/output.log
2024-11-17 23:12:33,914 DEBUG   HandlerThread:66712 [handler.py:handle_request():144] handle_request: poll_exit
2024-11-17 23:12:34,451 INFO    SenderThread:66712 [sender.py:send_artifact():1474] sent artifact job-git_github.com_aklywtx_NN_pretrain.git_models_vit_train.py - {'id': 'QXJ0aWZhY3Q6MTMzOTE4MDA5Nw==', 'digest': '3b7016cdad4dc73d74f0d986411f778e', 'state': 'COMMITTED', 'aliases': [{'artifactCollectionName': 'job-git_github.com_aklywtx_NN_pretrain.git_models_vit_train.py', 'alias': 'latest'}, {'artifactCollectionName': 'job-git_github.com_aklywtx_NN_pretrain.git_models_vit_train.py', 'alias': 'v0'}], 'artifactSequence': {'id': 'QXJ0aWZhY3RDb2xsZWN0aW9uOjQ5NjcxNDYxOQ==', 'latestArtifact': {'id': 'QXJ0aWZhY3Q6MTMzOTE4MDA5Nw==', 'versionIndex': 0}}, 'version': 'v0'}
2024-11-17 23:12:34,451 DEBUG   SenderThread:66712 [sender.py:send_request():402] send_request: defer
2024-11-17 23:12:34,451 INFO    SenderThread:66712 [sender.py:send_request_defer():622] handle sender defer: 9
2024-11-17 23:12:34,451 INFO    SenderThread:66712 [dir_watcher.py:finish():365] shutting down directory watcher
2024-11-17 23:12:34,869 INFO    SenderThread:66712 [dir_watcher.py:finish():395] scan: /Users/aklywtx/Desktop/VLM_Bias_research/NN_pretrain/wandb/run-20241117_231154-j00vl8b9/files
2024-11-17 23:12:34,869 INFO    SenderThread:66712 [dir_watcher.py:finish():409] scan save: /Users/aklywtx/Desktop/VLM_Bias_research/NN_pretrain/wandb/run-20241117_231154-j00vl8b9/files/requirements.txt requirements.txt
2024-11-17 23:12:34,869 INFO    SenderThread:66712 [dir_watcher.py:finish():409] scan save: /Users/aklywtx/Desktop/VLM_Bias_research/NN_pretrain/wandb/run-20241117_231154-j00vl8b9/files/output.log output.log
2024-11-17 23:12:34,870 INFO    SenderThread:66712 [dir_watcher.py:finish():409] scan save: /Users/aklywtx/Desktop/VLM_Bias_research/NN_pretrain/wandb/run-20241117_231154-j00vl8b9/files/config.yaml config.yaml
2024-11-17 23:12:34,870 INFO    SenderThread:66712 [dir_watcher.py:finish():409] scan save: /Users/aklywtx/Desktop/VLM_Bias_research/NN_pretrain/wandb/run-20241117_231154-j00vl8b9/files/wandb-summary.json wandb-summary.json
2024-11-17 23:12:34,874 INFO    SenderThread:66712 [dir_watcher.py:finish():409] scan save: /Users/aklywtx/Desktop/VLM_Bias_research/NN_pretrain/wandb/run-20241117_231154-j00vl8b9/files/conda-environment.yaml conda-environment.yaml
2024-11-17 23:12:34,875 INFO    SenderThread:66712 [dir_watcher.py:finish():409] scan save: /Users/aklywtx/Desktop/VLM_Bias_research/NN_pretrain/wandb/run-20241117_231154-j00vl8b9/files/wandb-metadata.json wandb-metadata.json
2024-11-17 23:12:34,875 INFO    SenderThread:66712 [sender.py:transition_state():626] send defer: 10
2024-11-17 23:12:34,875 DEBUG   SenderThread:66712 [sender.py:send_request():402] send_request: poll_exit
2024-11-17 23:12:34,876 DEBUG   HandlerThread:66712 [handler.py:handle_request():144] handle_request: defer
2024-11-17 23:12:34,876 INFO    HandlerThread:66712 [handler.py:handle_request_defer():170] handle defer: 10
2024-11-17 23:12:34,877 DEBUG   SenderThread:66712 [sender.py:send_request():402] send_request: defer
2024-11-17 23:12:34,879 INFO    SenderThread:66712 [sender.py:send_request_defer():622] handle sender defer: 10
2024-11-17 23:12:34,879 INFO    SenderThread:66712 [file_pusher.py:finish():167] shutting down file pusher
2024-11-17 23:12:34,918 DEBUG   HandlerThread:66712 [handler.py:handle_request():144] handle_request: poll_exit
2024-11-17 23:12:34,919 DEBUG   SenderThread:66712 [sender.py:send_request():402] send_request: poll_exit
2024-11-17 23:12:35,331 INFO    wandb-upload_1:66712 [upload_job.py:push():137] Uploaded file /Users/aklywtx/Desktop/VLM_Bias_research/NN_pretrain/wandb/run-20241117_231154-j00vl8b9/files/output.log
2024-11-17 23:12:35,425 INFO    wandb-upload_2:66712 [upload_job.py:push():137] Uploaded file /Users/aklywtx/Desktop/VLM_Bias_research/NN_pretrain/wandb/run-20241117_231154-j00vl8b9/files/config.yaml
2024-11-17 23:12:35,446 INFO    wandb-upload_0:66712 [upload_job.py:push():137] Uploaded file /Users/aklywtx/Desktop/VLM_Bias_research/NN_pretrain/wandb/run-20241117_231154-j00vl8b9/files/requirements.txt
2024-11-17 23:12:35,455 INFO    wandb-upload_4:66712 [upload_job.py:push():137] Uploaded file /Users/aklywtx/Desktop/VLM_Bias_research/NN_pretrain/wandb/run-20241117_231154-j00vl8b9/files/conda-environment.yaml
2024-11-17 23:12:35,475 INFO    wandb-upload_3:66712 [upload_job.py:push():137] Uploaded file /Users/aklywtx/Desktop/VLM_Bias_research/NN_pretrain/wandb/run-20241117_231154-j00vl8b9/files/wandb-summary.json
2024-11-17 23:12:35,678 INFO    Thread-11 :66712 [sender.py:transition_state():626] send defer: 11
2024-11-17 23:12:35,678 DEBUG   HandlerThread:66712 [handler.py:handle_request():144] handle_request: defer
2024-11-17 23:12:35,678 INFO    HandlerThread:66712 [handler.py:handle_request_defer():170] handle defer: 11
2024-11-17 23:12:35,678 DEBUG   SenderThread:66712 [sender.py:send_request():402] send_request: defer
2024-11-17 23:12:35,679 INFO    SenderThread:66712 [sender.py:send_request_defer():622] handle sender defer: 11
2024-11-17 23:12:35,679 INFO    SenderThread:66712 [file_pusher.py:join():172] waiting for file pusher
2024-11-17 23:12:35,679 INFO    SenderThread:66712 [sender.py:transition_state():626] send defer: 12
2024-11-17 23:12:35,679 DEBUG   HandlerThread:66712 [handler.py:handle_request():144] handle_request: defer
2024-11-17 23:12:35,679 INFO    HandlerThread:66712 [handler.py:handle_request_defer():170] handle defer: 12
2024-11-17 23:12:35,679 DEBUG   SenderThread:66712 [sender.py:send_request():402] send_request: defer
2024-11-17 23:12:35,679 INFO    SenderThread:66712 [sender.py:send_request_defer():622] handle sender defer: 12
2024-11-17 23:12:35,870 INFO    SenderThread:66712 [sender.py:transition_state():626] send defer: 13
2024-11-17 23:12:35,871 DEBUG   HandlerThread:66712 [handler.py:handle_request():144] handle_request: defer
2024-11-17 23:12:35,871 INFO    HandlerThread:66712 [handler.py:handle_request_defer():170] handle defer: 13
2024-11-17 23:12:35,871 DEBUG   SenderThread:66712 [sender.py:send_request():402] send_request: defer
2024-11-17 23:12:35,871 INFO    SenderThread:66712 [sender.py:send_request_defer():622] handle sender defer: 13
2024-11-17 23:12:35,871 INFO    SenderThread:66712 [sender.py:transition_state():626] send defer: 14
2024-11-17 23:12:35,872 DEBUG   HandlerThread:66712 [handler.py:handle_request():144] handle_request: defer
2024-11-17 23:12:35,872 INFO    HandlerThread:66712 [handler.py:handle_request_defer():170] handle defer: 14
2024-11-17 23:12:35,872 DEBUG   SenderThread:66712 [sender.py:send():375] send: final
2024-11-17 23:12:35,872 DEBUG   SenderThread:66712 [sender.py:send():375] send: footer
2024-11-17 23:12:35,872 DEBUG   SenderThread:66712 [sender.py:send_request():402] send_request: defer
2024-11-17 23:12:35,873 INFO    SenderThread:66712 [sender.py:send_request_defer():622] handle sender defer: 14
2024-11-17 23:12:35,873 DEBUG   HandlerThread:66712 [handler.py:handle_request():144] handle_request: poll_exit
2024-11-17 23:12:35,873 DEBUG   SenderThread:66712 [sender.py:send_request():402] send_request: poll_exit
2024-11-17 23:12:35,874 DEBUG   HandlerThread:66712 [handler.py:handle_request():144] handle_request: poll_exit
2024-11-17 23:12:35,874 DEBUG   SenderThread:66712 [sender.py:send_request():402] send_request: poll_exit
2024-11-17 23:12:35,875 DEBUG   HandlerThread:66712 [handler.py:handle_request():144] handle_request: server_info
2024-11-17 23:12:35,875 DEBUG   HandlerThread:66712 [handler.py:handle_request():144] handle_request: get_summary
2024-11-17 23:12:35,875 DEBUG   HandlerThread:66712 [handler.py:handle_request():144] handle_request: sampled_history
2024-11-17 23:12:35,875 DEBUG   SenderThread:66712 [sender.py:send_request():402] send_request: server_info
2024-11-17 23:12:36,015 INFO    MainThread:66712 [wandb_run.py:_footer_history_summary_info():3469] rendering history
2024-11-17 23:12:36,015 INFO    MainThread:66712 [wandb_run.py:_footer_history_summary_info():3501] rendering summary
2024-11-17 23:12:36,015 INFO    MainThread:66712 [wandb_run.py:_footer_sync_info():3428] logging synced files
2024-11-17 23:12:36,016 DEBUG   HandlerThread:66712 [handler.py:handle_request():144] handle_request: shutdown
2024-11-17 23:12:36,017 INFO    HandlerThread:66712 [handler.py:finish():842] shutting down handler
2024-11-17 23:12:36,880 INFO    WriterThread:66712 [datastore.py:close():298] close: /Users/aklywtx/Desktop/VLM_Bias_research/NN_pretrain/wandb/run-20241117_231154-j00vl8b9/run-j00vl8b9.wandb
2024-11-17 23:12:37,018 INFO    SenderThread:66712 [sender.py:finish():1550] shutting down sender
2024-11-17 23:12:37,018 INFO    SenderThread:66712 [file_pusher.py:finish():167] shutting down file pusher
2024-11-17 23:12:37,019 INFO    SenderThread:66712 [file_pusher.py:join():172] waiting for file pusher
