2024-11-16 21:43:24,997 INFO    StreamThr :86723 [internal.py:wandb_internal():86] W&B internal server running at pid: 86723, started at: 2024-11-16 21:43:24.996876
2024-11-16 21:43:24,998 DEBUG   HandlerThread:86723 [handler.py:handle_request():144] handle_request: status
2024-11-16 21:43:24,998 INFO    WriterThread:86723 [datastore.py:open_for_write():85] open: /Users/aklywtx/Desktop/VLM_Bias_research/NN_pretrain/wandb/run-20241116_214324-t03c4w2b/run-t03c4w2b.wandb
2024-11-16 21:43:25,000 DEBUG   SenderThread:86723 [sender.py:send():375] send: header
2024-11-16 21:43:25,028 DEBUG   SenderThread:86723 [sender.py:send():375] send: run
2024-11-16 21:43:25,448 INFO    SenderThread:86723 [dir_watcher.py:__init__():219] watching files in: /Users/aklywtx/Desktop/VLM_Bias_research/NN_pretrain/wandb/run-20241116_214324-t03c4w2b/files
2024-11-16 21:43:25,449 INFO    SenderThread:86723 [sender.py:_start_run_threads():1124] run started: t03c4w2b with start time 1731789804.994576
2024-11-16 21:43:25,449 DEBUG   SenderThread:86723 [sender.py:send_request():402] send_request: summary_record
2024-11-16 21:43:25,449 INFO    SenderThread:86723 [sender.py:_save_file():1378] saving file wandb-summary.json with policy end
2024-11-16 21:43:25,451 DEBUG   HandlerThread:86723 [handler.py:handle_request():144] handle_request: check_version
2024-11-16 21:43:25,451 DEBUG   SenderThread:86723 [sender.py:send_request():402] send_request: check_version
2024-11-16 21:43:25,601 DEBUG   HandlerThread:86723 [handler.py:handle_request():144] handle_request: run_start
2024-11-16 21:43:25,612 DEBUG   HandlerThread:86723 [system_info.py:__init__():31] System info init
2024-11-16 21:43:25,612 DEBUG   HandlerThread:86723 [system_info.py:__init__():46] System info init done
2024-11-16 21:43:25,612 INFO    HandlerThread:86723 [system_monitor.py:start():181] Starting system monitor
2024-11-16 21:43:25,612 INFO    SystemMonitor:86723 [system_monitor.py:_start():145] Starting system asset monitoring threads
2024-11-16 21:43:25,612 INFO    HandlerThread:86723 [system_monitor.py:probe():201] Collecting system info
2024-11-16 21:43:25,613 DEBUG   HandlerThread:86723 [system_info.py:probe():195] Probing system
2024-11-16 21:43:25,613 INFO    SystemMonitor:86723 [interfaces.py:start():190] Started cpu monitoring
2024-11-16 21:43:25,613 INFO    SystemMonitor:86723 [interfaces.py:start():190] Started disk monitoring
2024-11-16 21:43:25,613 INFO    SystemMonitor:86723 [interfaces.py:start():190] Started memory monitoring
2024-11-16 21:43:25,614 INFO    SystemMonitor:86723 [interfaces.py:start():190] Started network monitoring
2024-11-16 21:43:25,617 DEBUG   HandlerThread:86723 [system_info.py:_probe_git():180] Probing git
2024-11-16 21:43:25,645 DEBUG   HandlerThread:86723 [system_info.py:_probe_git():188] Probing git done
2024-11-16 21:43:25,645 DEBUG   HandlerThread:86723 [system_info.py:probe():240] Probing system done
2024-11-16 21:43:25,645 DEBUG   HandlerThread:86723 [system_monitor.py:probe():210] {'os': 'macOS-14.5-arm64-i386-64bit', 'python': '3.9.13', 'heartbeatAt': '2024-11-16T20:43:25.613191', 'startedAt': '2024-11-16T20:43:24.974525', 'docker': None, 'cuda': None, 'args': (), 'state': 'running', 'program': '/Users/aklywtx/Desktop/VLM_Bias_research/NN_pretrain/MLP/MLP_1layer_mps_only100dots_intpercentage.py', 'codePath': 'MLP/MLP_1layer_mps_only100dots_intpercentage.py', 'git': {'remote': 'git@github.com:aklywtx/NN_pretrain.git', 'commit': '79fb9213d8f97bc1c37c0dd0a2a01a0ea0927308'}, 'email': 'aklywtx233@163.com', 'root': '/Users/aklywtx/Desktop/VLM_Bias_research/NN_pretrain', 'host': 'MACBOOK-PRO-341.local', 'username': 'aklywtx', 'executable': '/Users/aklywtx/opt/anaconda3/bin/python', 'cpu_count': 8, 'cpu_count_logical': 8, 'disk': {'total': 926.3517189025879, 'used': 813.5000419616699}, 'memory': {'total': 32.0}}
2024-11-16 21:43:25,645 INFO    HandlerThread:86723 [system_monitor.py:probe():211] Finished collecting system info
2024-11-16 21:43:25,645 INFO    HandlerThread:86723 [system_monitor.py:probe():214] Publishing system info
2024-11-16 21:43:25,645 DEBUG   HandlerThread:86723 [system_info.py:_save_pip():51] Saving list of pip packages installed into the current environment
2024-11-16 21:43:25,646 DEBUG   HandlerThread:86723 [system_info.py:_save_pip():67] Saving pip packages done
2024-11-16 21:43:25,646 DEBUG   HandlerThread:86723 [system_info.py:_save_conda():74] Saving list of conda packages installed into the current environment
2024-11-16 21:43:26,455 INFO    Thread-12 :86723 [dir_watcher.py:_on_file_created():278] file/dir created: /Users/aklywtx/Desktop/VLM_Bias_research/NN_pretrain/wandb/run-20241116_214324-t03c4w2b/files/requirements.txt
2024-11-16 21:43:26,455 INFO    Thread-12 :86723 [dir_watcher.py:_on_file_created():278] file/dir created: /Users/aklywtx/Desktop/VLM_Bias_research/NN_pretrain/wandb/run-20241116_214324-t03c4w2b/files/wandb-summary.json
2024-11-16 21:43:26,455 INFO    Thread-12 :86723 [dir_watcher.py:_on_file_created():278] file/dir created: /Users/aklywtx/Desktop/VLM_Bias_research/NN_pretrain/wandb/run-20241116_214324-t03c4w2b/files/conda-environment.yaml
2024-11-16 21:43:43,194 DEBUG   HandlerThread:86723 [system_info.py:_save_conda():86] Saving conda packages done
2024-11-16 21:43:43,195 INFO    HandlerThread:86723 [system_monitor.py:probe():216] Finished publishing system info
2024-11-16 21:43:43,204 DEBUG   HandlerThread:86723 [handler.py:handle_request():144] handle_request: status_report
2024-11-16 21:43:43,204 DEBUG   HandlerThread:86723 [handler.py:handle_request():144] handle_request: keepalive
2024-11-16 21:43:43,204 DEBUG   HandlerThread:86723 [handler.py:handle_request():144] handle_request: status_report
2024-11-16 21:43:43,204 DEBUG   HandlerThread:86723 [handler.py:handle_request():144] handle_request: keepalive
2024-11-16 21:43:43,204 DEBUG   HandlerThread:86723 [handler.py:handle_request():144] handle_request: status_report
2024-11-16 21:43:43,204 DEBUG   HandlerThread:86723 [handler.py:handle_request():144] handle_request: keepalive
2024-11-16 21:43:43,205 DEBUG   SenderThread:86723 [sender.py:send():375] send: files
2024-11-16 21:43:43,205 INFO    SenderThread:86723 [sender.py:_save_file():1378] saving file wandb-metadata.json with policy now
2024-11-16 21:43:43,209 DEBUG   HandlerThread:86723 [handler.py:handle_request():144] handle_request: stop_status
2024-11-16 21:43:43,209 DEBUG   SenderThread:86723 [sender.py:send_request():402] send_request: stop_status
2024-11-16 21:43:43,450 DEBUG   SenderThread:86723 [sender.py:send():375] send: telemetry
2024-11-16 21:43:43,524 INFO    Thread-12 :86723 [dir_watcher.py:_on_file_modified():295] file/dir modified: /Users/aklywtx/Desktop/VLM_Bias_research/NN_pretrain/wandb/run-20241116_214324-t03c4w2b/files/conda-environment.yaml
2024-11-16 21:43:43,524 INFO    Thread-12 :86723 [dir_watcher.py:_on_file_created():278] file/dir created: /Users/aklywtx/Desktop/VLM_Bias_research/NN_pretrain/wandb/run-20241116_214324-t03c4w2b/files/wandb-metadata.json
2024-11-16 21:43:43,695 INFO    wandb-upload_0:86723 [upload_job.py:push():137] Uploaded file /var/folders/b8/j860yxxx1bb1pjgc34kr65dm0000gn/T/tmp2z2o6yejwandb/a76al6du-wandb-metadata.json
2024-11-16 21:43:46,462 DEBUG   HandlerThread:86723 [handler.py:handle_request():144] handle_request: status_report
2024-11-16 21:43:51,518 DEBUG   HandlerThread:86723 [handler.py:handle_request():144] handle_request: status_report
2024-11-16 21:43:51,564 INFO    Thread-12 :86723 [dir_watcher.py:_on_file_created():278] file/dir created: /Users/aklywtx/Desktop/VLM_Bias_research/NN_pretrain/wandb/run-20241116_214324-t03c4w2b/files/output.log
2024-11-16 21:43:53,268 DEBUG   HandlerThread:86723 [handler.py:handle_request():144] handle_request: partial_history
2024-11-16 21:43:53,269 DEBUG   SenderThread:86723 [sender.py:send():375] send: history
2024-11-16 21:43:53,269 DEBUG   SenderThread:86723 [sender.py:send_request():402] send_request: summary_record
2024-11-16 21:43:53,269 INFO    SenderThread:86723 [sender.py:_save_file():1378] saving file wandb-summary.json with policy end
2024-11-16 21:43:53,574 INFO    Thread-12 :86723 [dir_watcher.py:_on_file_modified():295] file/dir modified: /Users/aklywtx/Desktop/VLM_Bias_research/NN_pretrain/wandb/run-20241116_214324-t03c4w2b/files/wandb-summary.json
2024-11-16 21:43:53,574 INFO    Thread-12 :86723 [dir_watcher.py:_on_file_modified():295] file/dir modified: /Users/aklywtx/Desktop/VLM_Bias_research/NN_pretrain/wandb/run-20241116_214324-t03c4w2b/files/output.log
2024-11-16 21:43:55,581 INFO    Thread-12 :86723 [dir_watcher.py:_on_file_modified():295] file/dir modified: /Users/aklywtx/Desktop/VLM_Bias_research/NN_pretrain/wandb/run-20241116_214324-t03c4w2b/files/output.log
2024-11-16 21:43:55,620 DEBUG   HandlerThread:86723 [handler.py:handle_request():144] handle_request: partial_history
2024-11-16 21:43:55,621 DEBUG   SenderThread:86723 [sender.py:send():375] send: history
2024-11-16 21:43:55,622 DEBUG   SenderThread:86723 [sender.py:send_request():402] send_request: summary_record
2024-11-16 21:43:55,622 INFO    SenderThread:86723 [sender.py:_save_file():1378] saving file wandb-summary.json with policy end
2024-11-16 21:43:56,520 DEBUG   HandlerThread:86723 [handler.py:handle_request():144] handle_request: status_report
2024-11-16 21:43:56,584 INFO    Thread-12 :86723 [dir_watcher.py:_on_file_modified():295] file/dir modified: /Users/aklywtx/Desktop/VLM_Bias_research/NN_pretrain/wandb/run-20241116_214324-t03c4w2b/files/wandb-summary.json
2024-11-16 21:43:57,587 INFO    Thread-12 :86723 [dir_watcher.py:_on_file_modified():295] file/dir modified: /Users/aklywtx/Desktop/VLM_Bias_research/NN_pretrain/wandb/run-20241116_214324-t03c4w2b/files/config.yaml
2024-11-16 21:43:57,587 INFO    Thread-12 :86723 [dir_watcher.py:_on_file_modified():295] file/dir modified: /Users/aklywtx/Desktop/VLM_Bias_research/NN_pretrain/wandb/run-20241116_214324-t03c4w2b/files/output.log
2024-11-16 21:43:57,806 DEBUG   HandlerThread:86723 [handler.py:handle_request():144] handle_request: partial_history
2024-11-16 21:43:57,807 DEBUG   SenderThread:86723 [sender.py:send():375] send: history
2024-11-16 21:43:57,807 DEBUG   SenderThread:86723 [sender.py:send_request():402] send_request: summary_record
2024-11-16 21:43:57,808 INFO    SenderThread:86723 [sender.py:_save_file():1378] saving file wandb-summary.json with policy end
2024-11-16 21:43:58,213 DEBUG   HandlerThread:86723 [handler.py:handle_request():144] handle_request: stop_status
2024-11-16 21:43:58,214 DEBUG   SenderThread:86723 [sender.py:send_request():402] send_request: stop_status
2024-11-16 21:43:58,589 INFO    Thread-12 :86723 [dir_watcher.py:_on_file_modified():295] file/dir modified: /Users/aklywtx/Desktop/VLM_Bias_research/NN_pretrain/wandb/run-20241116_214324-t03c4w2b/files/wandb-summary.json
2024-11-16 21:43:59,592 INFO    Thread-12 :86723 [dir_watcher.py:_on_file_modified():295] file/dir modified: /Users/aklywtx/Desktop/VLM_Bias_research/NN_pretrain/wandb/run-20241116_214324-t03c4w2b/files/output.log
2024-11-16 21:43:59,682 DEBUG   HandlerThread:86723 [handler.py:handle_request():144] handle_request: partial_history
2024-11-16 21:43:59,684 DEBUG   SenderThread:86723 [sender.py:send():375] send: history
2024-11-16 21:43:59,684 DEBUG   SenderThread:86723 [sender.py:send_request():402] send_request: summary_record
2024-11-16 21:43:59,684 INFO    SenderThread:86723 [sender.py:_save_file():1378] saving file wandb-summary.json with policy end
2024-11-16 21:44:00,594 INFO    Thread-12 :86723 [dir_watcher.py:_on_file_modified():295] file/dir modified: /Users/aklywtx/Desktop/VLM_Bias_research/NN_pretrain/wandb/run-20241116_214324-t03c4w2b/files/wandb-summary.json
2024-11-16 21:44:01,599 INFO    Thread-12 :86723 [dir_watcher.py:_on_file_modified():295] file/dir modified: /Users/aklywtx/Desktop/VLM_Bias_research/NN_pretrain/wandb/run-20241116_214324-t03c4w2b/files/output.log
2024-11-16 21:44:01,606 DEBUG   HandlerThread:86723 [handler.py:handle_request():144] handle_request: partial_history
2024-11-16 21:44:01,607 DEBUG   SenderThread:86723 [sender.py:send():375] send: history
2024-11-16 21:44:01,607 DEBUG   SenderThread:86723 [sender.py:send_request():402] send_request: summary_record
2024-11-16 21:44:01,607 INFO    SenderThread:86723 [sender.py:_save_file():1378] saving file wandb-summary.json with policy end
2024-11-16 21:44:01,832 DEBUG   HandlerThread:86723 [handler.py:handle_request():144] handle_request: status_report
2024-11-16 21:44:02,603 INFO    Thread-12 :86723 [dir_watcher.py:_on_file_modified():295] file/dir modified: /Users/aklywtx/Desktop/VLM_Bias_research/NN_pretrain/wandb/run-20241116_214324-t03c4w2b/files/wandb-summary.json
2024-11-16 21:44:03,568 DEBUG   HandlerThread:86723 [handler.py:handle_request():144] handle_request: partial_history
2024-11-16 21:44:03,569 DEBUG   SenderThread:86723 [sender.py:send():375] send: history
2024-11-16 21:44:03,569 DEBUG   SenderThread:86723 [sender.py:send_request():402] send_request: summary_record
2024-11-16 21:44:03,569 INFO    SenderThread:86723 [sender.py:_save_file():1378] saving file wandb-summary.json with policy end
2024-11-16 21:44:03,608 INFO    Thread-12 :86723 [dir_watcher.py:_on_file_modified():295] file/dir modified: /Users/aklywtx/Desktop/VLM_Bias_research/NN_pretrain/wandb/run-20241116_214324-t03c4w2b/files/wandb-summary.json
2024-11-16 21:44:03,608 INFO    Thread-12 :86723 [dir_watcher.py:_on_file_modified():295] file/dir modified: /Users/aklywtx/Desktop/VLM_Bias_research/NN_pretrain/wandb/run-20241116_214324-t03c4w2b/files/output.log
2024-11-16 21:44:04,718 DEBUG   SenderThread:86723 [sender.py:send():375] send: telemetry
2024-11-16 21:44:04,718 DEBUG   SenderThread:86723 [sender.py:send():375] send: exit
2024-11-16 21:44:04,718 INFO    SenderThread:86723 [sender.py:send_exit():598] handling exit code: 0
2024-11-16 21:44:04,718 INFO    SenderThread:86723 [sender.py:send_exit():600] handling runtime: 39
2024-11-16 21:44:04,718 INFO    SenderThread:86723 [sender.py:_save_file():1378] saving file wandb-summary.json with policy end
2024-11-16 21:44:04,719 INFO    SenderThread:86723 [sender.py:send_exit():606] send defer
2024-11-16 21:44:04,719 DEBUG   HandlerThread:86723 [handler.py:handle_request():144] handle_request: defer
2024-11-16 21:44:04,719 INFO    HandlerThread:86723 [handler.py:handle_request_defer():170] handle defer: 0
2024-11-16 21:44:04,719 DEBUG   SenderThread:86723 [sender.py:send_request():402] send_request: defer
2024-11-16 21:44:04,719 INFO    SenderThread:86723 [sender.py:send_request_defer():622] handle sender defer: 0
2024-11-16 21:44:04,719 INFO    SenderThread:86723 [sender.py:transition_state():626] send defer: 1
2024-11-16 21:44:04,719 DEBUG   HandlerThread:86723 [handler.py:handle_request():144] handle_request: defer
2024-11-16 21:44:04,720 INFO    HandlerThread:86723 [handler.py:handle_request_defer():170] handle defer: 1
2024-11-16 21:44:04,720 DEBUG   SenderThread:86723 [sender.py:send_request():402] send_request: defer
2024-11-16 21:44:04,720 INFO    SenderThread:86723 [sender.py:send_request_defer():622] handle sender defer: 1
2024-11-16 21:44:04,720 INFO    SenderThread:86723 [sender.py:transition_state():626] send defer: 2
2024-11-16 21:44:04,721 DEBUG   HandlerThread:86723 [handler.py:handle_request():144] handle_request: defer
2024-11-16 21:44:04,721 INFO    HandlerThread:86723 [handler.py:handle_request_defer():170] handle defer: 2
2024-11-16 21:44:04,721 INFO    HandlerThread:86723 [system_monitor.py:finish():190] Stopping system monitor
2024-11-16 21:44:04,721 DEBUG   SystemMonitor:86723 [system_monitor.py:_start():159] Starting system metrics aggregation loop
2024-11-16 21:44:04,721 DEBUG   SystemMonitor:86723 [system_monitor.py:_start():166] Finished system metrics aggregation loop
2024-11-16 21:44:04,721 DEBUG   SystemMonitor:86723 [system_monitor.py:_start():170] Publishing last batch of metrics
2024-11-16 21:44:04,722 INFO    HandlerThread:86723 [interfaces.py:finish():202] Joined cpu monitor
2024-11-16 21:44:04,722 INFO    HandlerThread:86723 [interfaces.py:finish():202] Joined disk monitor
2024-11-16 21:44:04,722 INFO    HandlerThread:86723 [interfaces.py:finish():202] Joined memory monitor
2024-11-16 21:44:04,723 INFO    HandlerThread:86723 [interfaces.py:finish():202] Joined network monitor
2024-11-16 21:44:04,723 DEBUG   SenderThread:86723 [sender.py:send_request():402] send_request: defer
2024-11-16 21:44:04,723 INFO    SenderThread:86723 [sender.py:send_request_defer():622] handle sender defer: 2
2024-11-16 21:44:04,724 INFO    SenderThread:86723 [sender.py:transition_state():626] send defer: 3
2024-11-16 21:44:04,724 DEBUG   SenderThread:86723 [sender.py:send():375] send: stats
2024-11-16 21:44:04,724 DEBUG   HandlerThread:86723 [handler.py:handle_request():144] handle_request: defer
2024-11-16 21:44:04,724 INFO    HandlerThread:86723 [handler.py:handle_request_defer():170] handle defer: 3
2024-11-16 21:44:04,724 DEBUG   SenderThread:86723 [sender.py:send_request():402] send_request: defer
2024-11-16 21:44:04,724 INFO    SenderThread:86723 [sender.py:send_request_defer():622] handle sender defer: 3
2024-11-16 21:44:04,724 INFO    SenderThread:86723 [sender.py:transition_state():626] send defer: 4
2024-11-16 21:44:04,725 DEBUG   HandlerThread:86723 [handler.py:handle_request():144] handle_request: defer
2024-11-16 21:44:04,725 INFO    HandlerThread:86723 [handler.py:handle_request_defer():170] handle defer: 4
2024-11-16 21:44:04,726 DEBUG   SenderThread:86723 [sender.py:send_request():402] send_request: defer
2024-11-16 21:44:04,726 INFO    SenderThread:86723 [sender.py:send_request_defer():622] handle sender defer: 4
2024-11-16 21:44:04,726 INFO    SenderThread:86723 [sender.py:transition_state():626] send defer: 5
2024-11-16 21:44:04,726 DEBUG   HandlerThread:86723 [handler.py:handle_request():144] handle_request: defer
2024-11-16 21:44:04,726 INFO    HandlerThread:86723 [handler.py:handle_request_defer():170] handle defer: 5
2024-11-16 21:44:04,728 DEBUG   SenderThread:86723 [sender.py:send():375] send: summary
2024-11-16 21:44:04,729 INFO    SenderThread:86723 [sender.py:_save_file():1378] saving file wandb-summary.json with policy end
2024-11-16 21:44:04,729 DEBUG   SenderThread:86723 [sender.py:send_request():402] send_request: defer
2024-11-16 21:44:04,729 INFO    SenderThread:86723 [sender.py:send_request_defer():622] handle sender defer: 5
2024-11-16 21:44:04,729 INFO    SenderThread:86723 [sender.py:transition_state():626] send defer: 6
2024-11-16 21:44:04,730 DEBUG   HandlerThread:86723 [handler.py:handle_request():144] handle_request: defer
2024-11-16 21:44:04,730 INFO    HandlerThread:86723 [handler.py:handle_request_defer():170] handle defer: 6
2024-11-16 21:44:04,730 DEBUG   SenderThread:86723 [sender.py:send_request():402] send_request: defer
2024-11-16 21:44:04,730 INFO    SenderThread:86723 [sender.py:send_request_defer():622] handle sender defer: 6
2024-11-16 21:44:04,736 DEBUG   HandlerThread:86723 [handler.py:handle_request():144] handle_request: status_report
2024-11-16 21:44:04,926 INFO    SenderThread:86723 [sender.py:transition_state():626] send defer: 7
2024-11-16 21:44:04,926 DEBUG   HandlerThread:86723 [handler.py:handle_request():144] handle_request: defer
2024-11-16 21:44:04,926 INFO    HandlerThread:86723 [handler.py:handle_request_defer():170] handle defer: 7
2024-11-16 21:44:04,926 DEBUG   SenderThread:86723 [sender.py:send_request():402] send_request: defer
2024-11-16 21:44:04,926 INFO    SenderThread:86723 [sender.py:send_request_defer():622] handle sender defer: 7
2024-11-16 21:44:05,617 INFO    Thread-12 :86723 [dir_watcher.py:_on_file_modified():295] file/dir modified: /Users/aklywtx/Desktop/VLM_Bias_research/NN_pretrain/wandb/run-20241116_214324-t03c4w2b/files/wandb-summary.json
2024-11-16 21:44:05,617 INFO    Thread-12 :86723 [dir_watcher.py:_on_file_modified():295] file/dir modified: /Users/aklywtx/Desktop/VLM_Bias_research/NN_pretrain/wandb/run-20241116_214324-t03c4w2b/files/config.yaml
2024-11-16 21:44:05,618 INFO    Thread-12 :86723 [dir_watcher.py:_on_file_modified():295] file/dir modified: /Users/aklywtx/Desktop/VLM_Bias_research/NN_pretrain/wandb/run-20241116_214324-t03c4w2b/files/output.log
2024-11-16 21:44:05,720 DEBUG   HandlerThread:86723 [handler.py:handle_request():144] handle_request: poll_exit
2024-11-16 21:44:06,623 INFO    Thread-12 :86723 [dir_watcher.py:_on_file_modified():295] file/dir modified: /Users/aklywtx/Desktop/VLM_Bias_research/NN_pretrain/wandb/run-20241116_214324-t03c4w2b/files/output.log
2024-11-16 21:44:07,629 INFO    Thread-12 :86723 [dir_watcher.py:_on_file_modified():295] file/dir modified: /Users/aklywtx/Desktop/VLM_Bias_research/NN_pretrain/wandb/run-20241116_214324-t03c4w2b/files/output.log
2024-11-16 21:44:08,547 INFO    SenderThread:86723 [sender.py:transition_state():626] send defer: 8
2024-11-16 21:44:08,548 DEBUG   SenderThread:86723 [sender.py:send_request():402] send_request: poll_exit
2024-11-16 21:44:08,548 DEBUG   HandlerThread:86723 [handler.py:handle_request():144] handle_request: defer
2024-11-16 21:44:08,549 INFO    HandlerThread:86723 [handler.py:handle_request_defer():170] handle defer: 8
2024-11-16 21:44:08,551 DEBUG   SenderThread:86723 [sender.py:send_request():402] send_request: defer
2024-11-16 21:44:08,551 INFO    SenderThread:86723 [sender.py:send_request_defer():622] handle sender defer: 8
2024-11-16 21:44:08,561 INFO    SenderThread:86723 [sender.py:transition_state():626] send defer: 9
2024-11-16 21:44:08,561 DEBUG   SenderThread:86723 [sender.py:send():375] send: artifact
2024-11-16 21:44:08,561 DEBUG   HandlerThread:86723 [handler.py:handle_request():144] handle_request: defer
2024-11-16 21:44:08,563 INFO    HandlerThread:86723 [handler.py:handle_request_defer():170] handle defer: 9
2024-11-16 21:44:08,631 INFO    Thread-12 :86723 [dir_watcher.py:_on_file_modified():295] file/dir modified: /Users/aklywtx/Desktop/VLM_Bias_research/NN_pretrain/wandb/run-20241116_214324-t03c4w2b/files/output.log
2024-11-16 21:44:10,171 INFO    wandb-upload_1:86723 [upload_job.py:push():95] Uploaded file /Users/aklywtx/Library/Application Support/wandb/artifacts/staging/tmp9jkviufd
2024-11-16 21:44:10,214 INFO    wandb-upload_0:86723 [upload_job.py:push():95] Uploaded file /Users/aklywtx/Library/Application Support/wandb/artifacts/staging/tmpoy9qa4a0
2024-11-16 21:44:10,728 DEBUG   HandlerThread:86723 [handler.py:handle_request():144] handle_request: keepalive
2024-11-16 21:44:12,534 INFO    SenderThread:86723 [sender.py:send_artifact():1474] sent artifact job-git_github.com_aklywtx_NN_pretrain.git_MLP_MLP_1layer_mps_only100dots_intpercentage.py - {'id': 'QXJ0aWZhY3Q6MTMzODA1NzczNA==', 'digest': '233a8e76532f76bf5df503676ade6c45', 'state': 'PENDING', 'aliases': [], 'artifactSequence': {'id': 'QXJ0aWZhY3RDb2xsZWN0aW9uOjQ5NjQ1NDMzMQ==', 'latestArtifact': None}, 'version': 'latest'}
2024-11-16 21:44:12,535 DEBUG   SenderThread:86723 [sender.py:send_request():402] send_request: defer
2024-11-16 21:44:12,535 INFO    SenderThread:86723 [sender.py:send_request_defer():622] handle sender defer: 9
2024-11-16 21:44:12,535 INFO    SenderThread:86723 [dir_watcher.py:finish():365] shutting down directory watcher
2024-11-16 21:44:12,648 INFO    SenderThread:86723 [dir_watcher.py:finish():395] scan: /Users/aklywtx/Desktop/VLM_Bias_research/NN_pretrain/wandb/run-20241116_214324-t03c4w2b/files
2024-11-16 21:44:12,649 INFO    SenderThread:86723 [dir_watcher.py:finish():409] scan save: /Users/aklywtx/Desktop/VLM_Bias_research/NN_pretrain/wandb/run-20241116_214324-t03c4w2b/files/requirements.txt requirements.txt
2024-11-16 21:44:12,649 INFO    SenderThread:86723 [dir_watcher.py:finish():409] scan save: /Users/aklywtx/Desktop/VLM_Bias_research/NN_pretrain/wandb/run-20241116_214324-t03c4w2b/files/output.log output.log
2024-11-16 21:44:12,650 INFO    SenderThread:86723 [dir_watcher.py:finish():409] scan save: /Users/aklywtx/Desktop/VLM_Bias_research/NN_pretrain/wandb/run-20241116_214324-t03c4w2b/files/config.yaml config.yaml
2024-11-16 21:44:12,650 INFO    SenderThread:86723 [dir_watcher.py:finish():409] scan save: /Users/aklywtx/Desktop/VLM_Bias_research/NN_pretrain/wandb/run-20241116_214324-t03c4w2b/files/wandb-summary.json wandb-summary.json
2024-11-16 21:44:12,650 INFO    SenderThread:86723 [dir_watcher.py:finish():409] scan save: /Users/aklywtx/Desktop/VLM_Bias_research/NN_pretrain/wandb/run-20241116_214324-t03c4w2b/files/conda-environment.yaml conda-environment.yaml
2024-11-16 21:44:12,659 INFO    SenderThread:86723 [dir_watcher.py:finish():409] scan save: /Users/aklywtx/Desktop/VLM_Bias_research/NN_pretrain/wandb/run-20241116_214324-t03c4w2b/files/wandb-metadata.json wandb-metadata.json
2024-11-16 21:44:12,662 INFO    SenderThread:86723 [sender.py:transition_state():626] send defer: 10
2024-11-16 21:44:12,665 DEBUG   HandlerThread:86723 [handler.py:handle_request():144] handle_request: defer
2024-11-16 21:44:12,665 INFO    HandlerThread:86723 [handler.py:handle_request_defer():170] handle defer: 10
2024-11-16 21:44:12,666 DEBUG   SenderThread:86723 [sender.py:send_request():402] send_request: defer
2024-11-16 21:44:12,666 INFO    SenderThread:86723 [sender.py:send_request_defer():622] handle sender defer: 10
2024-11-16 21:44:12,666 INFO    SenderThread:86723 [file_pusher.py:finish():167] shutting down file pusher
2024-11-16 21:44:13,114 INFO    wandb-upload_2:86723 [upload_job.py:push():137] Uploaded file /Users/aklywtx/Desktop/VLM_Bias_research/NN_pretrain/wandb/run-20241116_214324-t03c4w2b/files/output.log
2024-11-16 21:44:13,170 INFO    wandb-upload_0:86723 [upload_job.py:push():137] Uploaded file /Users/aklywtx/Desktop/VLM_Bias_research/NN_pretrain/wandb/run-20241116_214324-t03c4w2b/files/config.yaml
2024-11-16 21:44:13,196 INFO    wandb-upload_3:86723 [upload_job.py:push():137] Uploaded file /Users/aklywtx/Desktop/VLM_Bias_research/NN_pretrain/wandb/run-20241116_214324-t03c4w2b/files/wandb-summary.json
2024-11-16 21:44:13,254 INFO    wandb-upload_4:86723 [upload_job.py:push():137] Uploaded file /Users/aklywtx/Desktop/VLM_Bias_research/NN_pretrain/wandb/run-20241116_214324-t03c4w2b/files/conda-environment.yaml
2024-11-16 21:44:13,307 INFO    wandb-upload_1:86723 [upload_job.py:push():137] Uploaded file /Users/aklywtx/Desktop/VLM_Bias_research/NN_pretrain/wandb/run-20241116_214324-t03c4w2b/files/requirements.txt
2024-11-16 21:44:13,512 INFO    Thread-11 :86723 [sender.py:transition_state():626] send defer: 11
2024-11-16 21:44:13,514 DEBUG   HandlerThread:86723 [handler.py:handle_request():144] handle_request: defer
2024-11-16 21:44:13,514 INFO    HandlerThread:86723 [handler.py:handle_request_defer():170] handle defer: 11
2024-11-16 21:44:13,515 DEBUG   SenderThread:86723 [sender.py:send_request():402] send_request: defer
2024-11-16 21:44:13,515 INFO    SenderThread:86723 [sender.py:send_request_defer():622] handle sender defer: 11
2024-11-16 21:44:13,516 INFO    SenderThread:86723 [file_pusher.py:join():172] waiting for file pusher
2024-11-16 21:44:13,516 INFO    SenderThread:86723 [sender.py:transition_state():626] send defer: 12
2024-11-16 21:44:13,516 DEBUG   HandlerThread:86723 [handler.py:handle_request():144] handle_request: defer
2024-11-16 21:44:13,516 INFO    HandlerThread:86723 [handler.py:handle_request_defer():170] handle defer: 12
2024-11-16 21:44:13,517 DEBUG   SenderThread:86723 [sender.py:send_request():402] send_request: defer
2024-11-16 21:44:13,517 INFO    SenderThread:86723 [sender.py:send_request_defer():622] handle sender defer: 12
2024-11-16 21:44:13,730 INFO    SenderThread:86723 [sender.py:transition_state():626] send defer: 13
2024-11-16 21:44:13,732 DEBUG   HandlerThread:86723 [handler.py:handle_request():144] handle_request: defer
2024-11-16 21:44:13,732 INFO    HandlerThread:86723 [handler.py:handle_request_defer():170] handle defer: 13
2024-11-16 21:44:13,732 DEBUG   HandlerThread:86723 [handler.py:handle_request():144] handle_request: status_report
2024-11-16 21:44:13,732 DEBUG   SenderThread:86723 [sender.py:send_request():402] send_request: defer
2024-11-16 21:44:13,733 INFO    SenderThread:86723 [sender.py:send_request_defer():622] handle sender defer: 13
2024-11-16 21:44:13,733 INFO    SenderThread:86723 [sender.py:transition_state():626] send defer: 14
2024-11-16 21:44:13,734 DEBUG   HandlerThread:86723 [handler.py:handle_request():144] handle_request: defer
2024-11-16 21:44:13,734 DEBUG   SenderThread:86723 [sender.py:send():375] send: final
2024-11-16 21:44:13,734 INFO    HandlerThread:86723 [handler.py:handle_request_defer():170] handle defer: 14
2024-11-16 21:44:13,734 DEBUG   SenderThread:86723 [sender.py:send():375] send: footer
2024-11-16 21:44:13,735 DEBUG   SenderThread:86723 [sender.py:send_request():402] send_request: defer
2024-11-16 21:44:13,735 INFO    SenderThread:86723 [sender.py:send_request_defer():622] handle sender defer: 14
2024-11-16 21:44:13,737 DEBUG   HandlerThread:86723 [handler.py:handle_request():144] handle_request: poll_exit
2024-11-16 21:44:13,737 DEBUG   HandlerThread:86723 [handler.py:handle_request():144] handle_request: server_info
2024-11-16 21:44:13,738 DEBUG   HandlerThread:86723 [handler.py:handle_request():144] handle_request: get_summary
2024-11-16 21:44:13,738 DEBUG   HandlerThread:86723 [handler.py:handle_request():144] handle_request: sampled_history
2024-11-16 21:44:13,739 DEBUG   SenderThread:86723 [sender.py:send_request():402] send_request: poll_exit
2024-11-16 21:44:13,739 DEBUG   SenderThread:86723 [sender.py:send_request():402] send_request: server_info
2024-11-16 21:44:13,884 DEBUG   HandlerThread:86723 [handler.py:handle_request():144] handle_request: shutdown
2024-11-16 21:44:13,884 INFO    HandlerThread:86723 [handler.py:finish():842] shutting down handler
2024-11-16 21:44:14,743 INFO    WriterThread:86723 [datastore.py:close():298] close: /Users/aklywtx/Desktop/VLM_Bias_research/NN_pretrain/wandb/run-20241116_214324-t03c4w2b/run-t03c4w2b.wandb
2024-11-16 21:44:14,886 INFO    SenderThread:86723 [sender.py:finish():1550] shutting down sender
2024-11-16 21:44:14,886 INFO    SenderThread:86723 [file_pusher.py:finish():167] shutting down file pusher
2024-11-16 21:44:14,886 INFO    SenderThread:86723 [file_pusher.py:join():172] waiting for file pusher
