2024-11-16 21:43:24,979 INFO    MainThread:86699 [wandb_setup.py:_flush():76] Current SDK version is 0.15.3
2024-11-16 21:43:24,979 INFO    MainThread:86699 [wandb_setup.py:_flush():76] Configure stats pid to 86699
2024-11-16 21:43:24,979 INFO    MainThread:86699 [wandb_setup.py:_flush():76] Loading settings from /Users/aklywtx/.config/wandb/settings
2024-11-16 21:43:24,979 INFO    MainThread:86699 [wandb_setup.py:_flush():76] Loading settings from /Users/aklywtx/Desktop/VLM_Bias_research/NN_pretrain/wandb/settings
2024-11-16 21:43:24,979 INFO    MainThread:86699 [wandb_setup.py:_flush():76] Loading settings from environment variables: {}
2024-11-16 21:43:24,979 INFO    MainThread:86699 [wandb_setup.py:_flush():76] Applying setup settings: {'_disable_service': False}
2024-11-16 21:43:24,979 INFO    MainThread:86699 [wandb_setup.py:_flush():76] Inferring run settings from compute environment: {'program_relpath': 'MLP/MLP_1layer_mps_only100dots_intpercentage.py', 'program': '/Users/aklywtx/Desktop/VLM_Bias_research/NN_pretrain/MLP/MLP_1layer_mps_only100dots_intpercentage.py'}
2024-11-16 21:43:24,980 INFO    MainThread:86699 [wandb_init.py:_log_setup():507] Logging user logs to /Users/aklywtx/Desktop/VLM_Bias_research/NN_pretrain/wandb/run-20241116_214324-t03c4w2b/logs/debug.log
2024-11-16 21:43:24,980 INFO    MainThread:86699 [wandb_init.py:_log_setup():508] Logging internal logs to /Users/aklywtx/Desktop/VLM_Bias_research/NN_pretrain/wandb/run-20241116_214324-t03c4w2b/logs/debug-internal.log
2024-11-16 21:43:24,980 INFO    MainThread:86699 [wandb_init.py:init():547] calling init triggers
2024-11-16 21:43:24,980 INFO    MainThread:86699 [wandb_init.py:init():554] wandb.init called with sweep_config: {}
config: {'learning_rate': 0.001, 'epochs': 6, 'batch_size': 64, 'input_size': 65536}
2024-11-16 21:43:24,980 INFO    MainThread:86699 [wandb_init.py:init():596] starting backend
2024-11-16 21:43:24,980 INFO    MainThread:86699 [wandb_init.py:init():600] setting up manager
2024-11-16 21:43:24,991 INFO    MainThread:86699 [backend.py:_multiprocessing_setup():106] multiprocessing start_methods=spawn,fork,forkserver, using: spawn
2024-11-16 21:43:24,994 INFO    MainThread:86699 [wandb_init.py:init():606] backend started and connected
2024-11-16 21:43:24,997 INFO    MainThread:86699 [wandb_init.py:init():700] updated telemetry
2024-11-16 21:43:25,025 INFO    MainThread:86699 [wandb_init.py:init():737] communicating run to backend with 60.0 second timeout
2024-11-16 21:43:25,450 INFO    MainThread:86699 [wandb_run.py:_on_init():2177] communicating current version
2024-11-16 21:43:25,585 INFO    MainThread:86699 [wandb_run.py:_on_init():2186] got version response upgrade_message: "wandb version 0.18.7 is available!  To upgrade, please run:\n $ pip install wandb --upgrade"

2024-11-16 21:43:25,585 INFO    MainThread:86699 [wandb_init.py:init():787] starting run threads in backend
2024-11-16 21:43:43,207 INFO    MainThread:86699 [wandb_run.py:_console_start():2158] atexit reg
2024-11-16 21:43:43,208 INFO    MainThread:86699 [wandb_run.py:_redirect():2013] redirect: SettingsConsole.WRAP_RAW
2024-11-16 21:43:43,208 INFO    MainThread:86699 [wandb_run.py:_redirect():2078] Wrapping output streams.
2024-11-16 21:43:43,208 INFO    MainThread:86699 [wandb_run.py:_redirect():2103] Redirects installed.
2024-11-16 21:43:43,209 INFO    MainThread:86699 [wandb_init.py:init():829] run started, returning control to user process
2024-11-16 21:44:04,716 INFO    MainThread:86699 [wandb_run.py:_finish():1893] finishing run aklywtx233/mlp-dots/t03c4w2b
2024-11-16 21:44:04,716 INFO    MainThread:86699 [wandb_run.py:_atexit_cleanup():2127] got exitcode: 0
2024-11-16 21:44:04,716 INFO    MainThread:86699 [wandb_run.py:_restore():2110] restore
2024-11-16 21:44:04,717 INFO    MainThread:86699 [wandb_run.py:_restore():2116] restore done
2024-11-16 21:44:14,886 INFO    MainThread:86699 [wandb_run.py:_footer_history_summary_info():3469] rendering history
2024-11-16 21:44:14,887 INFO    MainThread:86699 [wandb_run.py:_footer_history_summary_info():3501] rendering summary
2024-11-16 21:44:14,892 INFO    MainThread:86699 [wandb_run.py:_footer_sync_info():3428] logging synced files
