2024-11-16 21:30:58,940 INFO    StreamThr :83129 [internal.py:wandb_internal():86] W&B internal server running at pid: 83129, started at: 2024-11-16 21:30:58.940115
2024-11-16 21:30:58,941 DEBUG   HandlerThread:83129 [handler.py:handle_request():144] handle_request: status
2024-11-16 21:30:58,941 INFO    WriterThread:83129 [datastore.py:open_for_write():85] open: /Users/aklywtx/Desktop/VLM_Bias_research/NN_pretrain/wandb/run-20241116_213058-jq5ggsu2/run-jq5ggsu2.wandb
2024-11-16 21:30:58,943 DEBUG   SenderThread:83129 [sender.py:send():375] send: header
2024-11-16 21:30:58,968 DEBUG   SenderThread:83129 [sender.py:send():375] send: run
2024-11-16 21:30:59,369 INFO    SenderThread:83129 [dir_watcher.py:__init__():219] watching files in: /Users/aklywtx/Desktop/VLM_Bias_research/NN_pretrain/wandb/run-20241116_213058-jq5ggsu2/files
2024-11-16 21:30:59,369 INFO    SenderThread:83129 [sender.py:_start_run_threads():1124] run started: jq5ggsu2 with start time 1731789058.938109
2024-11-16 21:30:59,369 DEBUG   SenderThread:83129 [sender.py:send_request():402] send_request: summary_record
2024-11-16 21:30:59,369 INFO    SenderThread:83129 [sender.py:_save_file():1378] saving file wandb-summary.json with policy end
2024-11-16 21:30:59,371 DEBUG   HandlerThread:83129 [handler.py:handle_request():144] handle_request: check_version
2024-11-16 21:30:59,371 DEBUG   SenderThread:83129 [sender.py:send_request():402] send_request: check_version
2024-11-16 21:30:59,508 DEBUG   HandlerThread:83129 [handler.py:handle_request():144] handle_request: run_start
2024-11-16 21:30:59,524 DEBUG   HandlerThread:83129 [system_info.py:__init__():31] System info init
2024-11-16 21:30:59,524 DEBUG   HandlerThread:83129 [system_info.py:__init__():46] System info init done
2024-11-16 21:30:59,524 INFO    HandlerThread:83129 [system_monitor.py:start():181] Starting system monitor
2024-11-16 21:30:59,524 INFO    SystemMonitor:83129 [system_monitor.py:_start():145] Starting system asset monitoring threads
2024-11-16 21:30:59,524 INFO    HandlerThread:83129 [system_monitor.py:probe():201] Collecting system info
2024-11-16 21:30:59,525 INFO    SystemMonitor:83129 [interfaces.py:start():190] Started cpu monitoring
2024-11-16 21:30:59,525 DEBUG   HandlerThread:83129 [system_info.py:probe():195] Probing system
2024-11-16 21:30:59,525 INFO    SystemMonitor:83129 [interfaces.py:start():190] Started disk monitoring
2024-11-16 21:30:59,526 INFO    SystemMonitor:83129 [interfaces.py:start():190] Started memory monitoring
2024-11-16 21:30:59,526 INFO    SystemMonitor:83129 [interfaces.py:start():190] Started network monitoring
2024-11-16 21:30:59,532 DEBUG   HandlerThread:83129 [system_info.py:_probe_git():180] Probing git
2024-11-16 21:30:59,560 DEBUG   HandlerThread:83129 [system_info.py:_probe_git():188] Probing git done
2024-11-16 21:30:59,560 DEBUG   HandlerThread:83129 [system_info.py:probe():240] Probing system done
2024-11-16 21:30:59,560 DEBUG   HandlerThread:83129 [system_monitor.py:probe():210] {'os': 'macOS-14.5-arm64-i386-64bit', 'python': '3.9.13', 'heartbeatAt': '2024-11-16T20:30:59.525860', 'startedAt': '2024-11-16T20:30:58.920522', 'docker': None, 'cuda': None, 'args': (), 'state': 'running', 'program': '/Users/aklywtx/Desktop/VLM_Bias_research/NN_pretrain/MLP/MLP_1layer_mps_only100dots_sigmoid.py', 'codePath': 'MLP/MLP_1layer_mps_only100dots_sigmoid.py', 'git': {'remote': 'git@github.com:aklywtx/NN_pretrain.git', 'commit': '79fb9213d8f97bc1c37c0dd0a2a01a0ea0927308'}, 'email': 'aklywtx233@163.com', 'root': '/Users/aklywtx/Desktop/VLM_Bias_research/NN_pretrain', 'host': 'MACBOOK-PRO-341.local', 'username': 'aklywtx', 'executable': '/Users/aklywtx/opt/anaconda3/bin/python', 'cpu_count': 8, 'cpu_count_logical': 8, 'disk': {'total': 926.3517189025879, 'used': 813.4118766784668}, 'memory': {'total': 32.0}}
2024-11-16 21:30:59,560 INFO    HandlerThread:83129 [system_monitor.py:probe():211] Finished collecting system info
2024-11-16 21:30:59,560 INFO    HandlerThread:83129 [system_monitor.py:probe():214] Publishing system info
2024-11-16 21:30:59,560 DEBUG   HandlerThread:83129 [system_info.py:_save_pip():51] Saving list of pip packages installed into the current environment
2024-11-16 21:30:59,561 DEBUG   HandlerThread:83129 [system_info.py:_save_pip():67] Saving pip packages done
2024-11-16 21:30:59,561 DEBUG   HandlerThread:83129 [system_info.py:_save_conda():74] Saving list of conda packages installed into the current environment
2024-11-16 21:31:00,375 INFO    Thread-12 :83129 [dir_watcher.py:_on_file_created():278] file/dir created: /Users/aklywtx/Desktop/VLM_Bias_research/NN_pretrain/wandb/run-20241116_213058-jq5ggsu2/files/requirements.txt
2024-11-16 21:31:00,376 INFO    Thread-12 :83129 [dir_watcher.py:_on_file_created():278] file/dir created: /Users/aklywtx/Desktop/VLM_Bias_research/NN_pretrain/wandb/run-20241116_213058-jq5ggsu2/files/wandb-summary.json
2024-11-16 21:31:00,376 INFO    Thread-12 :83129 [dir_watcher.py:_on_file_created():278] file/dir created: /Users/aklywtx/Desktop/VLM_Bias_research/NN_pretrain/wandb/run-20241116_213058-jq5ggsu2/files/conda-environment.yaml
2024-11-16 21:31:16,297 DEBUG   HandlerThread:83129 [system_info.py:_save_conda():86] Saving conda packages done
2024-11-16 21:31:16,297 INFO    HandlerThread:83129 [system_monitor.py:probe():216] Finished publishing system info
2024-11-16 21:31:16,308 DEBUG   HandlerThread:83129 [handler.py:handle_request():144] handle_request: status_report
2024-11-16 21:31:16,308 DEBUG   HandlerThread:83129 [handler.py:handle_request():144] handle_request: keepalive
2024-11-16 21:31:16,308 DEBUG   HandlerThread:83129 [handler.py:handle_request():144] handle_request: status_report
2024-11-16 21:31:16,308 DEBUG   HandlerThread:83129 [handler.py:handle_request():144] handle_request: keepalive
2024-11-16 21:31:16,308 DEBUG   HandlerThread:83129 [handler.py:handle_request():144] handle_request: status_report
2024-11-16 21:31:16,308 DEBUG   HandlerThread:83129 [handler.py:handle_request():144] handle_request: keepalive
2024-11-16 21:31:16,308 DEBUG   SenderThread:83129 [sender.py:send():375] send: files
2024-11-16 21:31:16,308 INFO    SenderThread:83129 [sender.py:_save_file():1378] saving file wandb-metadata.json with policy now
2024-11-16 21:31:16,311 DEBUG   HandlerThread:83129 [handler.py:handle_request():144] handle_request: stop_status
2024-11-16 21:31:16,311 DEBUG   SenderThread:83129 [sender.py:send_request():402] send_request: stop_status
2024-11-16 21:31:16,453 INFO    Thread-12 :83129 [dir_watcher.py:_on_file_modified():295] file/dir modified: /Users/aklywtx/Desktop/VLM_Bias_research/NN_pretrain/wandb/run-20241116_213058-jq5ggsu2/files/conda-environment.yaml
2024-11-16 21:31:16,453 INFO    Thread-12 :83129 [dir_watcher.py:_on_file_created():278] file/dir created: /Users/aklywtx/Desktop/VLM_Bias_research/NN_pretrain/wandb/run-20241116_213058-jq5ggsu2/files/wandb-metadata.json
2024-11-16 21:31:16,577 DEBUG   SenderThread:83129 [sender.py:send():375] send: telemetry
2024-11-16 21:31:16,986 INFO    wandb-upload_0:83129 [upload_job.py:push():137] Uploaded file /var/folders/b8/j860yxxx1bb1pjgc34kr65dm0000gn/T/tmpqz2a26s_wandb/xav3bqtu-wandb-metadata.json
2024-11-16 21:31:19,592 DEBUG   HandlerThread:83129 [handler.py:handle_request():144] handle_request: status_report
2024-11-16 21:31:24,489 INFO    Thread-12 :83129 [dir_watcher.py:_on_file_created():278] file/dir created: /Users/aklywtx/Desktop/VLM_Bias_research/NN_pretrain/wandb/run-20241116_213058-jq5ggsu2/files/output.log
2024-11-16 21:31:24,660 DEBUG   HandlerThread:83129 [handler.py:handle_request():144] handle_request: status_report
2024-11-16 21:31:26,497 INFO    Thread-12 :83129 [dir_watcher.py:_on_file_modified():295] file/dir modified: /Users/aklywtx/Desktop/VLM_Bias_research/NN_pretrain/wandb/run-20241116_213058-jq5ggsu2/files/output.log
2024-11-16 21:31:26,860 DEBUG   HandlerThread:83129 [handler.py:handle_request():144] handle_request: partial_history
2024-11-16 21:31:26,861 DEBUG   SenderThread:83129 [sender.py:send():375] send: history
2024-11-16 21:31:26,861 DEBUG   SenderThread:83129 [sender.py:send_request():402] send_request: summary_record
2024-11-16 21:31:26,862 INFO    SenderThread:83129 [sender.py:_save_file():1378] saving file wandb-summary.json with policy end
2024-11-16 21:31:27,503 INFO    Thread-12 :83129 [dir_watcher.py:_on_file_modified():295] file/dir modified: /Users/aklywtx/Desktop/VLM_Bias_research/NN_pretrain/wandb/run-20241116_213058-jq5ggsu2/files/wandb-summary.json
2024-11-16 21:31:28,505 INFO    Thread-12 :83129 [dir_watcher.py:_on_file_modified():295] file/dir modified: /Users/aklywtx/Desktop/VLM_Bias_research/NN_pretrain/wandb/run-20241116_213058-jq5ggsu2/files/output.log
2024-11-16 21:31:29,067 DEBUG   HandlerThread:83129 [handler.py:handle_request():144] handle_request: partial_history
2024-11-16 21:31:29,068 DEBUG   SenderThread:83129 [sender.py:send():375] send: history
2024-11-16 21:31:29,068 DEBUG   SenderThread:83129 [sender.py:send_request():402] send_request: summary_record
2024-11-16 21:31:29,069 INFO    SenderThread:83129 [sender.py:_save_file():1378] saving file wandb-summary.json with policy end
2024-11-16 21:31:29,506 INFO    Thread-12 :83129 [dir_watcher.py:_on_file_modified():295] file/dir modified: /Users/aklywtx/Desktop/VLM_Bias_research/NN_pretrain/wandb/run-20241116_213058-jq5ggsu2/files/wandb-summary.json
2024-11-16 21:31:29,707 DEBUG   HandlerThread:83129 [handler.py:handle_request():144] handle_request: status_report
2024-11-16 21:31:30,511 INFO    Thread-12 :83129 [dir_watcher.py:_on_file_modified():295] file/dir modified: /Users/aklywtx/Desktop/VLM_Bias_research/NN_pretrain/wandb/run-20241116_213058-jq5ggsu2/files/config.yaml
2024-11-16 21:31:30,512 INFO    Thread-12 :83129 [dir_watcher.py:_on_file_modified():295] file/dir modified: /Users/aklywtx/Desktop/VLM_Bias_research/NN_pretrain/wandb/run-20241116_213058-jq5ggsu2/files/output.log
2024-11-16 21:31:31,207 DEBUG   HandlerThread:83129 [handler.py:handle_request():144] handle_request: partial_history
2024-11-16 21:31:31,208 DEBUG   SenderThread:83129 [sender.py:send():375] send: history
2024-11-16 21:31:31,208 DEBUG   SenderThread:83129 [sender.py:send_request():402] send_request: summary_record
2024-11-16 21:31:31,209 INFO    SenderThread:83129 [sender.py:_save_file():1378] saving file wandb-summary.json with policy end
2024-11-16 21:31:31,316 DEBUG   HandlerThread:83129 [handler.py:handle_request():144] handle_request: stop_status
2024-11-16 21:31:31,316 DEBUG   SenderThread:83129 [sender.py:send_request():402] send_request: stop_status
2024-11-16 21:31:31,517 INFO    Thread-12 :83129 [dir_watcher.py:_on_file_modified():295] file/dir modified: /Users/aklywtx/Desktop/VLM_Bias_research/NN_pretrain/wandb/run-20241116_213058-jq5ggsu2/files/wandb-summary.json
2024-11-16 21:31:32,522 INFO    Thread-12 :83129 [dir_watcher.py:_on_file_modified():295] file/dir modified: /Users/aklywtx/Desktop/VLM_Bias_research/NN_pretrain/wandb/run-20241116_213058-jq5ggsu2/files/output.log
2024-11-16 21:31:33,299 DEBUG   HandlerThread:83129 [handler.py:handle_request():144] handle_request: partial_history
2024-11-16 21:31:33,300 DEBUG   SenderThread:83129 [sender.py:send():375] send: history
2024-11-16 21:31:33,300 DEBUG   SenderThread:83129 [sender.py:send_request():402] send_request: summary_record
2024-11-16 21:31:33,300 INFO    SenderThread:83129 [sender.py:_save_file():1378] saving file wandb-summary.json with policy end
2024-11-16 21:31:33,527 INFO    Thread-12 :83129 [dir_watcher.py:_on_file_modified():295] file/dir modified: /Users/aklywtx/Desktop/VLM_Bias_research/NN_pretrain/wandb/run-20241116_213058-jq5ggsu2/files/wandb-summary.json
2024-11-16 21:31:34,532 INFO    Thread-12 :83129 [dir_watcher.py:_on_file_modified():295] file/dir modified: /Users/aklywtx/Desktop/VLM_Bias_research/NN_pretrain/wandb/run-20241116_213058-jq5ggsu2/files/output.log
2024-11-16 21:31:34,907 DEBUG   HandlerThread:83129 [handler.py:handle_request():144] handle_request: status_report
2024-11-16 21:31:35,496 DEBUG   HandlerThread:83129 [handler.py:handle_request():144] handle_request: partial_history
2024-11-16 21:31:35,497 DEBUG   SenderThread:83129 [sender.py:send():375] send: history
2024-11-16 21:31:35,497 DEBUG   SenderThread:83129 [sender.py:send_request():402] send_request: summary_record
2024-11-16 21:31:35,497 INFO    SenderThread:83129 [sender.py:_save_file():1378] saving file wandb-summary.json with policy end
2024-11-16 21:31:35,538 INFO    Thread-12 :83129 [dir_watcher.py:_on_file_modified():295] file/dir modified: /Users/aklywtx/Desktop/VLM_Bias_research/NN_pretrain/wandb/run-20241116_213058-jq5ggsu2/files/wandb-summary.json
2024-11-16 21:31:36,540 INFO    Thread-12 :83129 [dir_watcher.py:_on_file_modified():295] file/dir modified: /Users/aklywtx/Desktop/VLM_Bias_research/NN_pretrain/wandb/run-20241116_213058-jq5ggsu2/files/output.log
2024-11-16 21:31:37,975 DEBUG   HandlerThread:83129 [handler.py:handle_request():144] handle_request: partial_history
2024-11-16 21:31:37,976 DEBUG   SenderThread:83129 [sender.py:send():375] send: history
2024-11-16 21:31:37,976 DEBUG   SenderThread:83129 [sender.py:send_request():402] send_request: summary_record
2024-11-16 21:31:37,977 INFO    SenderThread:83129 [sender.py:_save_file():1378] saving file wandb-summary.json with policy end
2024-11-16 21:31:38,550 INFO    Thread-12 :83129 [dir_watcher.py:_on_file_modified():295] file/dir modified: /Users/aklywtx/Desktop/VLM_Bias_research/NN_pretrain/wandb/run-20241116_213058-jq5ggsu2/files/wandb-summary.json
2024-11-16 21:31:38,550 INFO    Thread-12 :83129 [dir_watcher.py:_on_file_modified():295] file/dir modified: /Users/aklywtx/Desktop/VLM_Bias_research/NN_pretrain/wandb/run-20241116_213058-jq5ggsu2/files/output.log
2024-11-16 21:31:40,011 DEBUG   HandlerThread:83129 [handler.py:handle_request():144] handle_request: status_report
2024-11-16 21:31:40,337 DEBUG   HandlerThread:83129 [handler.py:handle_request():144] handle_request: partial_history
2024-11-16 21:31:40,338 DEBUG   SenderThread:83129 [sender.py:send():375] send: history
2024-11-16 21:31:40,338 DEBUG   SenderThread:83129 [sender.py:send_request():402] send_request: summary_record
2024-11-16 21:31:40,339 INFO    SenderThread:83129 [sender.py:_save_file():1378] saving file wandb-summary.json with policy end
2024-11-16 21:31:40,552 INFO    Thread-12 :83129 [dir_watcher.py:_on_file_modified():295] file/dir modified: /Users/aklywtx/Desktop/VLM_Bias_research/NN_pretrain/wandb/run-20241116_213058-jq5ggsu2/files/wandb-summary.json
2024-11-16 21:31:40,552 INFO    Thread-12 :83129 [dir_watcher.py:_on_file_modified():295] file/dir modified: /Users/aklywtx/Desktop/VLM_Bias_research/NN_pretrain/wandb/run-20241116_213058-jq5ggsu2/files/output.log
2024-11-16 21:31:42,569 DEBUG   HandlerThread:83129 [handler.py:handle_request():144] handle_request: partial_history
2024-11-16 21:31:42,570 INFO    Thread-12 :83129 [dir_watcher.py:_on_file_modified():295] file/dir modified: /Users/aklywtx/Desktop/VLM_Bias_research/NN_pretrain/wandb/run-20241116_213058-jq5ggsu2/files/output.log
2024-11-16 21:31:42,571 DEBUG   SenderThread:83129 [sender.py:send():375] send: history
2024-11-16 21:31:42,571 DEBUG   SenderThread:83129 [sender.py:send_request():402] send_request: summary_record
2024-11-16 21:31:42,571 INFO    SenderThread:83129 [sender.py:_save_file():1378] saving file wandb-summary.json with policy end
2024-11-16 21:31:43,574 INFO    Thread-12 :83129 [dir_watcher.py:_on_file_modified():295] file/dir modified: /Users/aklywtx/Desktop/VLM_Bias_research/NN_pretrain/wandb/run-20241116_213058-jq5ggsu2/files/wandb-summary.json
2024-11-16 21:31:44,579 INFO    Thread-12 :83129 [dir_watcher.py:_on_file_modified():295] file/dir modified: /Users/aklywtx/Desktop/VLM_Bias_research/NN_pretrain/wandb/run-20241116_213058-jq5ggsu2/files/output.log
2024-11-16 21:31:44,778 DEBUG   HandlerThread:83129 [handler.py:handle_request():144] handle_request: partial_history
2024-11-16 21:31:44,779 DEBUG   SenderThread:83129 [sender.py:send():375] send: history
2024-11-16 21:31:44,779 DEBUG   SenderThread:83129 [sender.py:send_request():402] send_request: summary_record
2024-11-16 21:31:44,780 INFO    SenderThread:83129 [sender.py:_save_file():1378] saving file wandb-summary.json with policy end
2024-11-16 21:31:45,126 DEBUG   HandlerThread:83129 [handler.py:handle_request():144] handle_request: status_report
2024-11-16 21:31:45,584 INFO    Thread-12 :83129 [dir_watcher.py:_on_file_modified():295] file/dir modified: /Users/aklywtx/Desktop/VLM_Bias_research/NN_pretrain/wandb/run-20241116_213058-jq5ggsu2/files/wandb-summary.json
2024-11-16 21:31:46,321 DEBUG   HandlerThread:83129 [handler.py:handle_request():144] handle_request: stop_status
2024-11-16 21:31:46,321 DEBUG   SenderThread:83129 [sender.py:send_request():402] send_request: stop_status
2024-11-16 21:31:46,589 INFO    Thread-12 :83129 [dir_watcher.py:_on_file_modified():295] file/dir modified: /Users/aklywtx/Desktop/VLM_Bias_research/NN_pretrain/wandb/run-20241116_213058-jq5ggsu2/files/output.log
2024-11-16 21:31:46,872 DEBUG   HandlerThread:83129 [handler.py:handle_request():144] handle_request: partial_history
2024-11-16 21:31:46,872 DEBUG   SenderThread:83129 [sender.py:send():375] send: history
2024-11-16 21:31:46,872 DEBUG   SenderThread:83129 [sender.py:send_request():402] send_request: summary_record
2024-11-16 21:31:46,874 INFO    SenderThread:83129 [sender.py:_save_file():1378] saving file wandb-summary.json with policy end
2024-11-16 21:31:47,594 INFO    Thread-12 :83129 [dir_watcher.py:_on_file_modified():295] file/dir modified: /Users/aklywtx/Desktop/VLM_Bias_research/NN_pretrain/wandb/run-20241116_213058-jq5ggsu2/files/wandb-summary.json
2024-11-16 21:31:48,292 DEBUG   SenderThread:83129 [sender.py:send():375] send: telemetry
2024-11-16 21:31:48,298 DEBUG   SenderThread:83129 [sender.py:send():375] send: exit
2024-11-16 21:31:48,298 INFO    SenderThread:83129 [sender.py:send_exit():598] handling exit code: 0
2024-11-16 21:31:48,298 INFO    SenderThread:83129 [sender.py:send_exit():600] handling runtime: 48
2024-11-16 21:31:48,298 INFO    SenderThread:83129 [sender.py:_save_file():1378] saving file wandb-summary.json with policy end
2024-11-16 21:31:48,298 INFO    SenderThread:83129 [sender.py:send_exit():606] send defer
2024-11-16 21:31:48,299 DEBUG   HandlerThread:83129 [handler.py:handle_request():144] handle_request: defer
2024-11-16 21:31:48,299 INFO    HandlerThread:83129 [handler.py:handle_request_defer():170] handle defer: 0
2024-11-16 21:31:48,301 DEBUG   SenderThread:83129 [sender.py:send_request():402] send_request: defer
2024-11-16 21:31:48,301 INFO    SenderThread:83129 [sender.py:send_request_defer():622] handle sender defer: 0
2024-11-16 21:31:48,301 INFO    SenderThread:83129 [sender.py:transition_state():626] send defer: 1
2024-11-16 21:31:48,304 DEBUG   HandlerThread:83129 [handler.py:handle_request():144] handle_request: defer
2024-11-16 21:31:48,304 INFO    HandlerThread:83129 [handler.py:handle_request_defer():170] handle defer: 1
2024-11-16 21:31:48,304 DEBUG   SenderThread:83129 [sender.py:send_request():402] send_request: defer
2024-11-16 21:31:48,304 INFO    SenderThread:83129 [sender.py:send_request_defer():622] handle sender defer: 1
2024-11-16 21:31:48,304 INFO    SenderThread:83129 [sender.py:transition_state():626] send defer: 2
2024-11-16 21:31:48,304 DEBUG   HandlerThread:83129 [handler.py:handle_request():144] handle_request: defer
2024-11-16 21:31:48,305 INFO    HandlerThread:83129 [handler.py:handle_request_defer():170] handle defer: 2
2024-11-16 21:31:48,305 INFO    HandlerThread:83129 [system_monitor.py:finish():190] Stopping system monitor
2024-11-16 21:31:48,317 INFO    HandlerThread:83129 [interfaces.py:finish():202] Joined cpu monitor
2024-11-16 21:31:48,317 INFO    HandlerThread:83129 [interfaces.py:finish():202] Joined disk monitor
2024-11-16 21:31:48,319 DEBUG   SystemMonitor:83129 [system_monitor.py:_start():159] Starting system metrics aggregation loop
2024-11-16 21:31:48,319 DEBUG   SystemMonitor:83129 [system_monitor.py:_start():166] Finished system metrics aggregation loop
2024-11-16 21:31:48,319 DEBUG   SystemMonitor:83129 [system_monitor.py:_start():170] Publishing last batch of metrics
2024-11-16 21:31:48,320 INFO    HandlerThread:83129 [interfaces.py:finish():202] Joined memory monitor
2024-11-16 21:31:48,326 INFO    HandlerThread:83129 [interfaces.py:finish():202] Joined network monitor
2024-11-16 21:31:48,336 DEBUG   SenderThread:83129 [sender.py:send_request():402] send_request: defer
2024-11-16 21:31:48,336 INFO    SenderThread:83129 [sender.py:send_request_defer():622] handle sender defer: 2
2024-11-16 21:31:48,336 INFO    SenderThread:83129 [sender.py:transition_state():626] send defer: 3
2024-11-16 21:31:48,336 DEBUG   SenderThread:83129 [sender.py:send():375] send: stats
2024-11-16 21:31:48,339 DEBUG   HandlerThread:83129 [handler.py:handle_request():144] handle_request: defer
2024-11-16 21:31:48,339 INFO    HandlerThread:83129 [handler.py:handle_request_defer():170] handle defer: 3
2024-11-16 21:31:48,345 DEBUG   SenderThread:83129 [sender.py:send_request():402] send_request: defer
2024-11-16 21:31:48,346 INFO    SenderThread:83129 [sender.py:send_request_defer():622] handle sender defer: 3
2024-11-16 21:31:48,346 INFO    SenderThread:83129 [sender.py:transition_state():626] send defer: 4
2024-11-16 21:31:48,348 DEBUG   HandlerThread:83129 [handler.py:handle_request():144] handle_request: defer
2024-11-16 21:31:48,348 INFO    HandlerThread:83129 [handler.py:handle_request_defer():170] handle defer: 4
2024-11-16 21:31:48,356 DEBUG   SenderThread:83129 [sender.py:send_request():402] send_request: defer
2024-11-16 21:31:48,356 INFO    SenderThread:83129 [sender.py:send_request_defer():622] handle sender defer: 4
2024-11-16 21:31:48,356 INFO    SenderThread:83129 [sender.py:transition_state():626] send defer: 5
2024-11-16 21:31:48,365 DEBUG   HandlerThread:83129 [handler.py:handle_request():144] handle_request: defer
2024-11-16 21:31:48,365 INFO    HandlerThread:83129 [handler.py:handle_request_defer():170] handle defer: 5
2024-11-16 21:31:48,377 DEBUG   SenderThread:83129 [sender.py:send():375] send: summary
2024-11-16 21:31:48,378 INFO    SenderThread:83129 [sender.py:_save_file():1378] saving file wandb-summary.json with policy end
2024-11-16 21:31:48,378 DEBUG   SenderThread:83129 [sender.py:send_request():402] send_request: defer
2024-11-16 21:31:48,379 INFO    SenderThread:83129 [sender.py:send_request_defer():622] handle sender defer: 5
2024-11-16 21:31:48,379 INFO    SenderThread:83129 [sender.py:transition_state():626] send defer: 6
2024-11-16 21:31:48,382 DEBUG   HandlerThread:83129 [handler.py:handle_request():144] handle_request: defer
2024-11-16 21:31:48,382 INFO    HandlerThread:83129 [handler.py:handle_request_defer():170] handle defer: 6
2024-11-16 21:31:48,386 DEBUG   SenderThread:83129 [sender.py:send_request():402] send_request: defer
2024-11-16 21:31:48,386 INFO    SenderThread:83129 [sender.py:send_request_defer():622] handle sender defer: 6
2024-11-16 21:31:48,388 DEBUG   HandlerThread:83129 [handler.py:handle_request():144] handle_request: status_report
2024-11-16 21:31:48,573 INFO    SenderThread:83129 [sender.py:transition_state():626] send defer: 7
2024-11-16 21:31:48,573 DEBUG   HandlerThread:83129 [handler.py:handle_request():144] handle_request: defer
2024-11-16 21:31:48,573 INFO    HandlerThread:83129 [handler.py:handle_request_defer():170] handle defer: 7
2024-11-16 21:31:48,573 DEBUG   SenderThread:83129 [sender.py:send_request():402] send_request: defer
2024-11-16 21:31:48,573 INFO    SenderThread:83129 [sender.py:send_request_defer():622] handle sender defer: 7
2024-11-16 21:31:48,597 INFO    Thread-12 :83129 [dir_watcher.py:_on_file_modified():295] file/dir modified: /Users/aklywtx/Desktop/VLM_Bias_research/NN_pretrain/wandb/run-20241116_213058-jq5ggsu2/files/wandb-summary.json
2024-11-16 21:31:48,597 INFO    Thread-12 :83129 [dir_watcher.py:_on_file_modified():295] file/dir modified: /Users/aklywtx/Desktop/VLM_Bias_research/NN_pretrain/wandb/run-20241116_213058-jq5ggsu2/files/config.yaml
2024-11-16 21:31:48,597 INFO    Thread-12 :83129 [dir_watcher.py:_on_file_modified():295] file/dir modified: /Users/aklywtx/Desktop/VLM_Bias_research/NN_pretrain/wandb/run-20241116_213058-jq5ggsu2/files/output.log
2024-11-16 21:31:49,291 DEBUG   HandlerThread:83129 [handler.py:handle_request():144] handle_request: poll_exit
2024-11-16 21:31:50,607 INFO    Thread-12 :83129 [dir_watcher.py:_on_file_modified():295] file/dir modified: /Users/aklywtx/Desktop/VLM_Bias_research/NN_pretrain/wandb/run-20241116_213058-jq5ggsu2/files/output.log
2024-11-16 21:31:51,976 INFO    SenderThread:83129 [sender.py:transition_state():626] send defer: 8
2024-11-16 21:31:51,977 DEBUG   SenderThread:83129 [sender.py:send_request():402] send_request: poll_exit
2024-11-16 21:31:51,977 DEBUG   HandlerThread:83129 [handler.py:handle_request():144] handle_request: defer
2024-11-16 21:31:51,978 INFO    HandlerThread:83129 [handler.py:handle_request_defer():170] handle defer: 8
2024-11-16 21:31:51,978 DEBUG   SenderThread:83129 [sender.py:send_request():402] send_request: defer
2024-11-16 21:31:51,978 INFO    SenderThread:83129 [sender.py:send_request_defer():622] handle sender defer: 8
2024-11-16 21:31:51,983 INFO    SenderThread:83129 [sender.py:transition_state():626] send defer: 9
2024-11-16 21:31:51,984 DEBUG   HandlerThread:83129 [handler.py:handle_request():144] handle_request: defer
2024-11-16 21:31:51,984 DEBUG   SenderThread:83129 [sender.py:send():375] send: artifact
2024-11-16 21:31:51,984 INFO    HandlerThread:83129 [handler.py:handle_request_defer():170] handle defer: 9
2024-11-16 21:31:52,614 INFO    Thread-12 :83129 [dir_watcher.py:_on_file_modified():295] file/dir modified: /Users/aklywtx/Desktop/VLM_Bias_research/NN_pretrain/wandb/run-20241116_213058-jq5ggsu2/files/output.log
2024-11-16 21:31:53,274 INFO    wandb-upload_1:83129 [upload_job.py:push():92] Skipped uploading /Users/aklywtx/Library/Application Support/wandb/artifacts/staging/tmp0oz552s6
2024-11-16 21:31:53,806 INFO    wandb-upload_0:83129 [upload_job.py:push():95] Uploaded file /Users/aklywtx/Library/Application Support/wandb/artifacts/staging/tmp1dyupm80
2024-11-16 21:31:54,297 DEBUG   HandlerThread:83129 [handler.py:handle_request():144] handle_request: keepalive
2024-11-16 21:31:55,059 INFO    SenderThread:83129 [sender.py:send_artifact():1474] sent artifact job-git_github.com_aklywtx_NN_pretrain.git_MLP_MLP_1layer_mps_only100dots_sigmoid.py - {'id': 'QXJ0aWZhY3Q6MTMzODA0ODgyMw==', 'digest': 'dd785603b2c698c9c462944a6d72d286', 'state': 'PENDING', 'aliases': [], 'artifactSequence': {'id': 'QXJ0aWZhY3RDb2xsZWN0aW9uOjQ5NjQ0OTcxMw==', 'latestArtifact': {'id': 'QXJ0aWZhY3Q6MTMzODA0MDcyMQ==', 'versionIndex': 1}}, 'version': 'latest'}
2024-11-16 21:31:55,060 DEBUG   SenderThread:83129 [sender.py:send_request():402] send_request: defer
2024-11-16 21:31:55,060 INFO    SenderThread:83129 [sender.py:send_request_defer():622] handle sender defer: 9
2024-11-16 21:31:55,060 INFO    SenderThread:83129 [dir_watcher.py:finish():365] shutting down directory watcher
2024-11-16 21:31:55,638 INFO    SenderThread:83129 [dir_watcher.py:finish():395] scan: /Users/aklywtx/Desktop/VLM_Bias_research/NN_pretrain/wandb/run-20241116_213058-jq5ggsu2/files
2024-11-16 21:31:55,638 INFO    SenderThread:83129 [dir_watcher.py:finish():409] scan save: /Users/aklywtx/Desktop/VLM_Bias_research/NN_pretrain/wandb/run-20241116_213058-jq5ggsu2/files/requirements.txt requirements.txt
2024-11-16 21:31:55,638 INFO    SenderThread:83129 [dir_watcher.py:finish():409] scan save: /Users/aklywtx/Desktop/VLM_Bias_research/NN_pretrain/wandb/run-20241116_213058-jq5ggsu2/files/output.log output.log
2024-11-16 21:31:55,641 INFO    SenderThread:83129 [dir_watcher.py:finish():409] scan save: /Users/aklywtx/Desktop/VLM_Bias_research/NN_pretrain/wandb/run-20241116_213058-jq5ggsu2/files/config.yaml config.yaml
2024-11-16 21:31:55,641 INFO    SenderThread:83129 [dir_watcher.py:finish():409] scan save: /Users/aklywtx/Desktop/VLM_Bias_research/NN_pretrain/wandb/run-20241116_213058-jq5ggsu2/files/wandb-summary.json wandb-summary.json
2024-11-16 21:31:55,646 INFO    SenderThread:83129 [dir_watcher.py:finish():409] scan save: /Users/aklywtx/Desktop/VLM_Bias_research/NN_pretrain/wandb/run-20241116_213058-jq5ggsu2/files/conda-environment.yaml conda-environment.yaml
2024-11-16 21:31:55,649 INFO    SenderThread:83129 [dir_watcher.py:finish():409] scan save: /Users/aklywtx/Desktop/VLM_Bias_research/NN_pretrain/wandb/run-20241116_213058-jq5ggsu2/files/wandb-metadata.json wandb-metadata.json
2024-11-16 21:31:55,650 INFO    SenderThread:83129 [sender.py:transition_state():626] send defer: 10
2024-11-16 21:31:55,654 DEBUG   HandlerThread:83129 [handler.py:handle_request():144] handle_request: defer
2024-11-16 21:31:55,654 INFO    HandlerThread:83129 [handler.py:handle_request_defer():170] handle defer: 10
2024-11-16 21:31:55,654 DEBUG   SenderThread:83129 [sender.py:send_request():402] send_request: defer
2024-11-16 21:31:55,654 INFO    SenderThread:83129 [sender.py:send_request_defer():622] handle sender defer: 10
2024-11-16 21:31:55,654 INFO    SenderThread:83129 [file_pusher.py:finish():167] shutting down file pusher
2024-11-16 21:31:56,149 INFO    wandb-upload_2:83129 [upload_job.py:push():137] Uploaded file /Users/aklywtx/Desktop/VLM_Bias_research/NN_pretrain/wandb/run-20241116_213058-jq5ggsu2/files/config.yaml
2024-11-16 21:31:56,193 INFO    wandb-upload_0:83129 [upload_job.py:push():137] Uploaded file /Users/aklywtx/Desktop/VLM_Bias_research/NN_pretrain/wandb/run-20241116_213058-jq5ggsu2/files/output.log
2024-11-16 21:31:56,194 INFO    wandb-upload_3:83129 [upload_job.py:push():137] Uploaded file /Users/aklywtx/Desktop/VLM_Bias_research/NN_pretrain/wandb/run-20241116_213058-jq5ggsu2/files/wandb-summary.json
2024-11-16 21:31:56,274 INFO    wandb-upload_1:83129 [upload_job.py:push():137] Uploaded file /Users/aklywtx/Desktop/VLM_Bias_research/NN_pretrain/wandb/run-20241116_213058-jq5ggsu2/files/requirements.txt
2024-11-16 21:31:56,281 INFO    wandb-upload_4:83129 [upload_job.py:push():137] Uploaded file /Users/aklywtx/Desktop/VLM_Bias_research/NN_pretrain/wandb/run-20241116_213058-jq5ggsu2/files/conda-environment.yaml
2024-11-16 21:31:56,485 INFO    Thread-11 :83129 [sender.py:transition_state():626] send defer: 11
2024-11-16 21:31:56,487 DEBUG   HandlerThread:83129 [handler.py:handle_request():144] handle_request: defer
2024-11-16 21:31:56,487 INFO    HandlerThread:83129 [handler.py:handle_request_defer():170] handle defer: 11
2024-11-16 21:31:56,488 DEBUG   SenderThread:83129 [sender.py:send_request():402] send_request: defer
2024-11-16 21:31:56,488 INFO    SenderThread:83129 [sender.py:send_request_defer():622] handle sender defer: 11
2024-11-16 21:31:56,488 INFO    SenderThread:83129 [file_pusher.py:join():172] waiting for file pusher
2024-11-16 21:31:56,488 INFO    SenderThread:83129 [sender.py:transition_state():626] send defer: 12
2024-11-16 21:31:56,488 DEBUG   HandlerThread:83129 [handler.py:handle_request():144] handle_request: defer
2024-11-16 21:31:56,488 INFO    HandlerThread:83129 [handler.py:handle_request_defer():170] handle defer: 12
2024-11-16 21:31:56,488 DEBUG   SenderThread:83129 [sender.py:send_request():402] send_request: defer
2024-11-16 21:31:56,488 INFO    SenderThread:83129 [sender.py:send_request_defer():622] handle sender defer: 12
2024-11-16 21:31:56,820 INFO    SenderThread:83129 [sender.py:transition_state():626] send defer: 13
2024-11-16 21:31:56,820 DEBUG   HandlerThread:83129 [handler.py:handle_request():144] handle_request: defer
2024-11-16 21:31:56,820 INFO    HandlerThread:83129 [handler.py:handle_request_defer():170] handle defer: 13
2024-11-16 21:31:56,821 DEBUG   SenderThread:83129 [sender.py:send_request():402] send_request: defer
2024-11-16 21:31:56,821 INFO    SenderThread:83129 [sender.py:send_request_defer():622] handle sender defer: 13
2024-11-16 21:31:56,821 INFO    SenderThread:83129 [sender.py:transition_state():626] send defer: 14
2024-11-16 21:31:56,821 DEBUG   HandlerThread:83129 [handler.py:handle_request():144] handle_request: defer
2024-11-16 21:31:56,821 INFO    HandlerThread:83129 [handler.py:handle_request_defer():170] handle defer: 14
2024-11-16 21:31:56,822 DEBUG   SenderThread:83129 [sender.py:send():375] send: final
2024-11-16 21:31:56,822 DEBUG   SenderThread:83129 [sender.py:send():375] send: footer
2024-11-16 21:31:56,822 DEBUG   SenderThread:83129 [sender.py:send_request():402] send_request: defer
2024-11-16 21:31:56,822 INFO    SenderThread:83129 [sender.py:send_request_defer():622] handle sender defer: 14
2024-11-16 21:31:56,823 DEBUG   HandlerThread:83129 [handler.py:handle_request():144] handle_request: poll_exit
2024-11-16 21:31:56,824 DEBUG   HandlerThread:83129 [handler.py:handle_request():144] handle_request: server_info
2024-11-16 21:31:56,824 DEBUG   HandlerThread:83129 [handler.py:handle_request():144] handle_request: get_summary
2024-11-16 21:31:56,824 DEBUG   SenderThread:83129 [sender.py:send_request():402] send_request: poll_exit
2024-11-16 21:31:56,824 DEBUG   HandlerThread:83129 [handler.py:handle_request():144] handle_request: sampled_history
2024-11-16 21:31:56,825 DEBUG   SenderThread:83129 [sender.py:send_request():402] send_request: server_info
2024-11-16 21:31:56,964 DEBUG   HandlerThread:83129 [handler.py:handle_request():144] handle_request: shutdown
2024-11-16 21:31:56,964 INFO    HandlerThread:83129 [handler.py:finish():842] shutting down handler
2024-11-16 21:31:57,830 INFO    WriterThread:83129 [datastore.py:close():298] close: /Users/aklywtx/Desktop/VLM_Bias_research/NN_pretrain/wandb/run-20241116_213058-jq5ggsu2/run-jq5ggsu2.wandb
2024-11-16 21:31:57,966 INFO    SenderThread:83129 [sender.py:finish():1550] shutting down sender
2024-11-16 21:31:57,966 INFO    SenderThread:83129 [file_pusher.py:finish():167] shutting down file pusher
2024-11-16 21:31:57,966 INFO    SenderThread:83129 [file_pusher.py:join():172] waiting for file pusher
