[tensor([[[[0.5020, 0.5020, 0.5020,  ..., 0.5020, 0.5020, 0.5020],
          [0.5020, 0.5020, 0.5020,  ..., 0.5020, 0.5020, 0.5020],
          [0.5020, 0.5020, 0.5020,  ..., 0.5020, 0.5020, 0.5020],
          ...,
          [0.5020, 0.5020, 0.5020,  ..., 0.5020, 0.5020, 0.5020],
          [0.5020, 0.5020, 0.5020,  ..., 0.5020, 0.5020, 0.5020],
          [0.5020, 0.5020, 0.5020,  ..., 0.5020, 0.5020, 0.5020]],
         [[0.5020, 0.5020, 0.5020,  ..., 0.5020, 0.5020, 0.5020],
          [0.5020, 0.5020, 0.5020,  ..., 0.5020, 0.5020, 0.5020],
          [0.5020, 0.5020, 0.5020,  ..., 0.5020, 0.5020, 0.5020],
          ...,
          [0.5020, 0.5020, 0.5020,  ..., 0.5020, 0.5020, 0.5020],
          [0.5020, 0.5020, 0.5020,  ..., 0.5020, 0.5020, 0.5020],
          [0.5020, 0.5020, 0.5020,  ..., 0.5020, 0.5020, 0.5020]],
         [[0.5020, 0.5020, 0.5020,  ..., 0.5020, 0.5020, 0.5020],
          [0.5020, 0.5020, 0.5020,  ..., 0.5020, 0.5020, 0.5020],
          [0.5020, 0.5020, 0.5020,  ..., 0.5020, 0.5020, 0.5020],
          ...,
          [0.5020, 0.5020, 0.5020,  ..., 0.5020, 0.5020, 0.5020],
          [0.5020, 0.5020, 0.5020,  ..., 0.5020, 0.5020, 0.5020],
          [0.5020, 0.5020, 0.5020,  ..., 0.5020, 0.5020, 0.5020]],
         [[1.0000, 1.0000, 1.0000,  ..., 1.0000, 1.0000, 1.0000],
          [1.0000, 1.0000, 1.0000,  ..., 1.0000, 1.0000, 1.0000],
          [1.0000, 1.0000, 1.0000,  ..., 1.0000, 1.0000, 1.0000],
          ...,
          [1.0000, 1.0000, 1.0000,  ..., 1.0000, 1.0000, 1.0000],
          [1.0000, 1.0000, 1.0000,  ..., 1.0000, 1.0000, 1.0000],
          [1.0000, 1.0000, 1.0000,  ..., 1.0000, 1.0000, 1.0000]]],
        [[[0.5020, 0.5020, 0.5020,  ..., 0.5020, 0.5020, 0.5020],
          [0.5020, 0.5020, 0.5020,  ..., 0.5020, 0.5020, 0.5020],
          [0.5020, 0.5020, 0.5020,  ..., 0.5020, 0.5020, 0.5020],
          ...,
          [0.5020, 0.5020, 0.5020,  ..., 0.5020, 0.5020, 0.5020],
          [0.5020, 0.5020, 0.5020,  ..., 0.5020, 0.5020, 0.5020],
          [0.5020, 0.5020, 0.5020,  ..., 0.5020, 0.5020, 0.5020]],
         [[0.5020, 0.5020, 0.5020,  ..., 0.5020, 0.5020, 0.5020],
          [0.5020, 0.5020, 0.5020,  ..., 0.5020, 0.5020, 0.5020],
          [0.5020, 0.5020, 0.5020,  ..., 0.5020, 0.5020, 0.5020],
          ...,
          [0.5020, 0.5020, 0.5020,  ..., 0.5020, 0.5020, 0.5020],
          [0.5020, 0.5020, 0.5020,  ..., 0.5020, 0.5020, 0.5020],
          [0.5020, 0.5020, 0.5020,  ..., 0.5020, 0.5020, 0.5020]],
         [[0.5020, 0.5020, 0.5020,  ..., 0.5020, 0.5020, 0.5020],
          [0.5020, 0.5020, 0.5020,  ..., 0.5020, 0.5020, 0.5020],
          [0.5020, 0.5020, 0.5020,  ..., 0.5020, 0.5020, 0.5020],
          ...,
          [0.5020, 0.5020, 0.5020,  ..., 0.5020, 0.5020, 0.5020],
          [0.5020, 0.5020, 0.5020,  ..., 0.5020, 0.5020, 0.5020],
          [0.5020, 0.5020, 0.5020,  ..., 0.5020, 0.5020, 0.5020]],
         [[1.0000, 1.0000, 1.0000,  ..., 1.0000, 1.0000, 1.0000],
          [1.0000, 1.0000, 1.0000,  ..., 1.0000, 1.0000, 1.0000],
          [1.0000, 1.0000, 1.0000,  ..., 1.0000, 1.0000, 1.0000],
          ...,
          [1.0000, 1.0000, 1.0000,  ..., 1.0000, 1.0000, 1.0000],
          [1.0000, 1.0000, 1.0000,  ..., 1.0000, 1.0000, 1.0000],
          [1.0000, 1.0000, 1.0000,  ..., 1.0000, 1.0000, 1.0000]]],
        [[[0.5020, 0.5020, 0.5020,  ..., 0.5020, 0.5020, 0.5020],
          [0.5020, 0.5020, 0.5020,  ..., 0.5020, 0.5020, 0.5020],
          [0.5020, 0.5020, 0.5020,  ..., 0.5020, 0.5020, 0.5020],
          ...,
          [0.5020, 0.5020, 0.5020,  ..., 0.5020, 0.5020, 0.5020],
          [0.5020, 0.5020, 0.5020,  ..., 0.5020, 0.5020, 0.5020],
          [0.5020, 0.5020, 0.5020,  ..., 0.5020, 0.5020, 0.5020]],
         [[0.5020, 0.5020, 0.5020,  ..., 0.5020, 0.5020, 0.5020],
          [0.5020, 0.5020, 0.5020,  ..., 0.5020, 0.5020, 0.5020],
          [0.5020, 0.5020, 0.5020,  ..., 0.5020, 0.5020, 0.5020],
          ...,
          [0.5020, 0.5020, 0.5020,  ..., 0.5020, 0.5020, 0.5020],
          [0.5020, 0.5020, 0.5020,  ..., 0.5020, 0.5020, 0.5020],
          [0.5020, 0.5020, 0.5020,  ..., 0.5020, 0.5020, 0.5020]],
         [[0.5020, 0.5020, 0.5020,  ..., 0.5020, 0.5020, 0.5020],
          [0.5020, 0.5020, 0.5020,  ..., 0.5020, 0.5020, 0.5020],
          [0.5020, 0.5020, 0.5020,  ..., 0.5020, 0.5020, 0.5020],
          ...,
          [0.5020, 0.5020, 0.5020,  ..., 0.5020, 0.5020, 0.5020],
          [0.5020, 0.5020, 0.5020,  ..., 0.5020, 0.5020, 0.5020],
          [0.5020, 0.5020, 0.5020,  ..., 0.5020, 0.5020, 0.5020]],
         [[1.0000, 1.0000, 1.0000,  ..., 1.0000, 1.0000, 1.0000],
          [1.0000, 1.0000, 1.0000,  ..., 1.0000, 1.0000, 1.0000],
          [1.0000, 1.0000, 1.0000,  ..., 1.0000, 1.0000, 1.0000],
          ...,
          [1.0000, 1.0000, 1.0000,  ..., 1.0000, 1.0000, 1.0000],
          [1.0000, 1.0000, 1.0000,  ..., 1.0000, 1.0000, 1.0000],
          [1.0000, 1.0000, 1.0000,  ..., 1.0000, 1.0000, 1.0000]]],
        ...,
        [[[0.5020, 0.5020, 0.5020,  ..., 0.5020, 0.5020, 0.5020],
          [0.5020, 0.5020, 0.5020,  ..., 0.5020, 0.5020, 0.5020],
          [0.5020, 0.5020, 0.5020,  ..., 0.5020, 0.5020, 0.5020],
          ...,
          [0.5020, 0.5020, 0.5020,  ..., 0.5020, 0.5020, 0.5020],
          [0.5020, 0.5020, 0.5020,  ..., 0.5020, 0.5020, 0.5020],
          [0.5020, 0.5020, 0.5020,  ..., 0.5020, 0.5020, 0.5020]],
         [[0.5020, 0.5020, 0.5020,  ..., 0.5020, 0.5020, 0.5020],
          [0.5020, 0.5020, 0.5020,  ..., 0.5020, 0.5020, 0.5020],
          [0.5020, 0.5020, 0.5020,  ..., 0.5020, 0.5020, 0.5020],
          ...,
          [0.5020, 0.5020, 0.5020,  ..., 0.5020, 0.5020, 0.5020],
          [0.5020, 0.5020, 0.5020,  ..., 0.5020, 0.5020, 0.5020],
          [0.5020, 0.5020, 0.5020,  ..., 0.5020, 0.5020, 0.5020]],
         [[0.5020, 0.5020, 0.5020,  ..., 0.5020, 0.5020, 0.5020],
          [0.5020, 0.5020, 0.5020,  ..., 0.5020, 0.5020, 0.5020],
          [0.5020, 0.5020, 0.5020,  ..., 0.5020, 0.5020, 0.5020],
          ...,
          [0.5020, 0.5020, 0.5020,  ..., 0.5020, 0.5020, 0.5020],
          [0.5020, 0.5020, 0.5020,  ..., 0.5020, 0.5020, 0.5020],
          [0.5020, 0.5020, 0.5020,  ..., 0.5020, 0.5020, 0.5020]],
         [[1.0000, 1.0000, 1.0000,  ..., 1.0000, 1.0000, 1.0000],
          [1.0000, 1.0000, 1.0000,  ..., 1.0000, 1.0000, 1.0000],
          [1.0000, 1.0000, 1.0000,  ..., 1.0000, 1.0000, 1.0000],
          ...,
          [1.0000, 1.0000, 1.0000,  ..., 1.0000, 1.0000, 1.0000],
          [1.0000, 1.0000, 1.0000,  ..., 1.0000, 1.0000, 1.0000],
          [1.0000, 1.0000, 1.0000,  ..., 1.0000, 1.0000, 1.0000]]],
        [[[0.5020, 0.5020, 0.5020,  ..., 0.5020, 0.5020, 0.5020],
          [0.5020, 0.5020, 0.5020,  ..., 0.5020, 0.5020, 0.5020],
          [0.5020, 0.5020, 0.5020,  ..., 0.5020, 0.5020, 0.5020],
          ...,
          [0.5020, 0.5020, 0.5020,  ..., 0.5020, 0.5020, 0.5020],
          [0.5020, 0.5020, 0.5020,  ..., 0.5020, 0.5020, 0.5020],
          [0.5020, 0.5020, 0.5020,  ..., 0.5020, 0.5020, 0.5020]],
         [[0.5020, 0.5020, 0.5020,  ..., 0.5020, 0.5020, 0.5020],
          [0.5020, 0.5020, 0.5020,  ..., 0.5020, 0.5020, 0.5020],
          [0.5020, 0.5020, 0.5020,  ..., 0.5020, 0.5020, 0.5020],
          ...,
          [0.5020, 0.5020, 0.5020,  ..., 0.5020, 0.5020, 0.5020],
          [0.5020, 0.5020, 0.5020,  ..., 0.5020, 0.5020, 0.5020],
          [0.5020, 0.5020, 0.5020,  ..., 0.5020, 0.5020, 0.5020]],
         [[0.5020, 0.5020, 0.5020,  ..., 0.5020, 0.5020, 0.5020],
          [0.5020, 0.5020, 0.5020,  ..., 0.5020, 0.5020, 0.5020],
          [0.5020, 0.5020, 0.5020,  ..., 0.5020, 0.5020, 0.5020],
          ...,
          [0.5020, 0.5020, 0.5020,  ..., 0.5020, 0.5020, 0.5020],
          [0.5020, 0.5020, 0.5020,  ..., 0.5020, 0.5020, 0.5020],
          [0.5020, 0.5020, 0.5020,  ..., 0.5020, 0.5020, 0.5020]],
         [[1.0000, 1.0000, 1.0000,  ..., 1.0000, 1.0000, 1.0000],
          [1.0000, 1.0000, 1.0000,  ..., 1.0000, 1.0000, 1.0000],
          [1.0000, 1.0000, 1.0000,  ..., 1.0000, 1.0000, 1.0000],
          ...,
          [1.0000, 1.0000, 1.0000,  ..., 1.0000, 1.0000, 1.0000],
          [1.0000, 1.0000, 1.0000,  ..., 1.0000, 1.0000, 1.0000],
          [1.0000, 1.0000, 1.0000,  ..., 1.0000, 1.0000, 1.0000]]],
        [[[0.5020, 0.5020, 0.5020,  ..., 0.5020, 0.5020, 0.5020],
          [0.5020, 0.5020, 0.5020,  ..., 0.5020, 0.5020, 0.5020],
          [0.5020, 0.5020, 0.5020,  ..., 0.5020, 0.5020, 0.5020],
          ...,
          [0.5020, 0.5020, 0.5020,  ..., 0.5020, 0.5020, 0.5020],
          [0.5020, 0.5020, 0.5020,  ..., 0.5020, 0.5020, 0.5020],
          [0.5020, 0.5020, 0.5020,  ..., 0.5020, 0.5020, 0.5020]],
         [[0.5020, 0.5020, 0.5020,  ..., 0.5020, 0.5020, 0.5020],
          [0.5020, 0.5020, 0.5020,  ..., 0.5020, 0.5020, 0.5020],
          [0.5020, 0.5020, 0.5020,  ..., 0.5020, 0.5020, 0.5020],
          ...,
          [0.5020, 0.5020, 0.5020,  ..., 0.5020, 0.5020, 0.5020],
          [0.5020, 0.5020, 0.5020,  ..., 0.5020, 0.5020, 0.5020],
          [0.5020, 0.5020, 0.5020,  ..., 0.5020, 0.5020, 0.5020]],
         [[0.5020, 0.5020, 0.5020,  ..., 0.5020, 0.5020, 0.5020],
          [0.5020, 0.5020, 0.5020,  ..., 0.5020, 0.5020, 0.5020],
          [0.5020, 0.5020, 0.5020,  ..., 0.5020, 0.5020, 0.5020],
          ...,
          [0.5020, 0.5020, 0.5020,  ..., 0.5020, 0.5020, 0.5020],
          [0.5020, 0.5020, 0.5020,  ..., 0.5020, 0.5020, 0.5020],
          [0.5020, 0.5020, 0.5020,  ..., 0.5020, 0.5020, 0.5020]],
         [[1.0000, 1.0000, 1.0000,  ..., 1.0000, 1.0000, 1.0000],
          [1.0000, 1.0000, 1.0000,  ..., 1.0000, 1.0000, 1.0000],
          [1.0000, 1.0000, 1.0000,  ..., 1.0000, 1.0000, 1.0000],
          ...,
          [1.0000, 1.0000, 1.0000,  ..., 1.0000, 1.0000, 1.0000],
          [1.0000, 1.0000, 1.0000,  ..., 1.0000, 1.0000, 1.0000],
          [1.0000, 1.0000, 1.0000,  ..., 1.0000, 1.0000, 1.0000]]]],
       device='mps:0'), tensor([[0.2500],
        [0.4900],
        [0.5500],
        [0.1300],
        [0.2300],
        [0.9900],
        [0.6100],
        [0.9200],
        [0.8900],
        [0.2800],
        [0.5400],
        [0.3000],
        [0.0800],
        [0.7100],
        [0.0600],
        [0.7800],
        [0.2600],
        [0.7100],
        [0.4600],
        [0.8600],
        [0.8900],
        [0.4300],
        [0.4000],
        [0.6500],
        [0.4400],
        [0.0500],
        [0.3100],
        [0.4700],
        [0.3100],
        [1.0000],
        [0.1500],
        [0.4000],
        [0.8100],
        [0.7600],
        [0.5400],
        [0.7900],
        [0.5600],
        [0.1000],
        [0.4200],
        [0.2900],
        [0.0900],
        [0.1800],
        [0.4100],
        [0.4700],
        [0.4000],
        [0.6700],
        [0.1800],
        [0.6600],
        [0.8900],
        [0.2500],
        [0.1700],
        [0.8500],
        [0.1500],
        [0.7900],
        [0.8000],
        [0.7500],
        [0.3900],
        [0.4000],
        [0.8500],
        [0.8300],
        [0.6900],
        [0.4700],
        [0.9500],
        [0.5000]], device='mps:0')]