2024-11-16 20:07:11,176 INFO    StreamThr :59631 [internal.py:wandb_internal():86] W&B internal server running at pid: 59631, started at: 2024-11-16 20:07:11.175614
2024-11-16 20:07:11,176 DEBUG   HandlerThread:59631 [handler.py:handle_request():144] handle_request: status
2024-11-16 20:07:11,178 INFO    WriterThread:59631 [datastore.py:open_for_write():85] open: /Users/aklywtx/Desktop/VLM_Bias_research/NN_pretrain/wandb/run-20241116_200711-nt1pvd8g/run-nt1pvd8g.wandb
2024-11-16 20:07:11,179 DEBUG   SenderThread:59631 [sender.py:send():375] send: header
2024-11-16 20:07:11,205 DEBUG   SenderThread:59631 [sender.py:send():375] send: run
2024-11-16 20:07:11,926 INFO    SenderThread:59631 [dir_watcher.py:__init__():219] watching files in: /Users/aklywtx/Desktop/VLM_Bias_research/NN_pretrain/wandb/run-20241116_200711-nt1pvd8g/files
2024-11-16 20:07:11,926 INFO    SenderThread:59631 [sender.py:_start_run_threads():1124] run started: nt1pvd8g with start time 1731784031.174273
2024-11-16 20:07:11,927 DEBUG   SenderThread:59631 [sender.py:send_request():402] send_request: summary_record
2024-11-16 20:07:11,927 INFO    SenderThread:59631 [sender.py:_save_file():1378] saving file wandb-summary.json with policy end
2024-11-16 20:07:11,927 DEBUG   HandlerThread:59631 [handler.py:handle_request():144] handle_request: check_version
2024-11-16 20:07:11,927 DEBUG   SenderThread:59631 [sender.py:send_request():402] send_request: check_version
2024-11-16 20:07:12,130 DEBUG   HandlerThread:59631 [handler.py:handle_request():144] handle_request: run_start
2024-11-16 20:07:12,141 DEBUG   HandlerThread:59631 [system_info.py:__init__():31] System info init
2024-11-16 20:07:12,142 DEBUG   HandlerThread:59631 [system_info.py:__init__():46] System info init done
2024-11-16 20:07:12,142 INFO    HandlerThread:59631 [system_monitor.py:start():181] Starting system monitor
2024-11-16 20:07:12,142 INFO    SystemMonitor:59631 [system_monitor.py:_start():145] Starting system asset monitoring threads
2024-11-16 20:07:12,142 INFO    HandlerThread:59631 [system_monitor.py:probe():201] Collecting system info
2024-11-16 20:07:12,142 DEBUG   HandlerThread:59631 [system_info.py:probe():195] Probing system
2024-11-16 20:07:12,143 INFO    SystemMonitor:59631 [interfaces.py:start():190] Started cpu monitoring
2024-11-16 20:07:12,143 INFO    SystemMonitor:59631 [interfaces.py:start():190] Started disk monitoring
2024-11-16 20:07:12,145 INFO    SystemMonitor:59631 [interfaces.py:start():190] Started memory monitoring
2024-11-16 20:07:12,147 INFO    SystemMonitor:59631 [interfaces.py:start():190] Started network monitoring
2024-11-16 20:07:12,148 DEBUG   HandlerThread:59631 [system_info.py:_probe_git():180] Probing git
2024-11-16 20:07:12,177 DEBUG   HandlerThread:59631 [system_info.py:_probe_git():188] Probing git done
2024-11-16 20:07:12,177 DEBUG   HandlerThread:59631 [system_info.py:probe():240] Probing system done
2024-11-16 20:07:12,177 DEBUG   HandlerThread:59631 [system_monitor.py:probe():210] {'os': 'macOS-14.5-arm64-i386-64bit', 'python': '3.9.13', 'heartbeatAt': '2024-11-16T19:07:12.142843', 'startedAt': '2024-11-16T19:07:11.154619', 'docker': None, 'cuda': None, 'args': (), 'state': 'running', 'program': '/Users/aklywtx/Desktop/VLM_Bias_research/NN_pretrain/MLP/MLP_1layer_mps_only100dots.py', 'codePath': 'MLP/MLP_1layer_mps_only100dots.py', 'git': {'remote': 'git@github.com:aklywtx/NN_pretrain.git', 'commit': '79fb9213d8f97bc1c37c0dd0a2a01a0ea0927308'}, 'email': 'aklywtx233@163.com', 'root': '/Users/aklywtx/Desktop/VLM_Bias_research/NN_pretrain', 'host': 'MACBOOK-PRO-341.local', 'username': 'aklywtx', 'executable': '/Users/aklywtx/opt/anaconda3/bin/python', 'cpu_count': 8, 'cpu_count_logical': 8, 'disk': {'total': 926.3517189025879, 'used': 812.5580711364746}, 'memory': {'total': 32.0}}
2024-11-16 20:07:12,177 INFO    HandlerThread:59631 [system_monitor.py:probe():211] Finished collecting system info
2024-11-16 20:07:12,177 INFO    HandlerThread:59631 [system_monitor.py:probe():214] Publishing system info
2024-11-16 20:07:12,177 DEBUG   HandlerThread:59631 [system_info.py:_save_pip():51] Saving list of pip packages installed into the current environment
2024-11-16 20:07:12,178 DEBUG   HandlerThread:59631 [system_info.py:_save_pip():67] Saving pip packages done
2024-11-16 20:07:12,178 DEBUG   HandlerThread:59631 [system_info.py:_save_conda():74] Saving list of conda packages installed into the current environment
2024-11-16 20:07:12,933 INFO    Thread-12 :59631 [dir_watcher.py:_on_file_created():278] file/dir created: /Users/aklywtx/Desktop/VLM_Bias_research/NN_pretrain/wandb/run-20241116_200711-nt1pvd8g/files/wandb-summary.json
2024-11-16 20:07:12,933 INFO    Thread-12 :59631 [dir_watcher.py:_on_file_created():278] file/dir created: /Users/aklywtx/Desktop/VLM_Bias_research/NN_pretrain/wandb/run-20241116_200711-nt1pvd8g/files/requirements.txt
2024-11-16 20:07:12,934 INFO    Thread-12 :59631 [dir_watcher.py:_on_file_created():278] file/dir created: /Users/aklywtx/Desktop/VLM_Bias_research/NN_pretrain/wandb/run-20241116_200711-nt1pvd8g/files/conda-environment.yaml
2024-11-16 20:07:33,623 DEBUG   HandlerThread:59631 [system_info.py:_save_conda():86] Saving conda packages done
2024-11-16 20:07:33,624 INFO    HandlerThread:59631 [system_monitor.py:probe():216] Finished publishing system info
2024-11-16 20:07:33,633 DEBUG   HandlerThread:59631 [handler.py:handle_request():144] handle_request: status_report
2024-11-16 20:07:33,633 DEBUG   HandlerThread:59631 [handler.py:handle_request():144] handle_request: keepalive
2024-11-16 20:07:33,634 DEBUG   HandlerThread:59631 [handler.py:handle_request():144] handle_request: status_report
2024-11-16 20:07:33,634 DEBUG   HandlerThread:59631 [handler.py:handle_request():144] handle_request: keepalive
2024-11-16 20:07:33,634 DEBUG   HandlerThread:59631 [handler.py:handle_request():144] handle_request: status_report
2024-11-16 20:07:33,634 DEBUG   HandlerThread:59631 [handler.py:handle_request():144] handle_request: keepalive
2024-11-16 20:07:33,634 DEBUG   HandlerThread:59631 [handler.py:handle_request():144] handle_request: status_report
2024-11-16 20:07:33,634 DEBUG   HandlerThread:59631 [handler.py:handle_request():144] handle_request: keepalive
2024-11-16 20:07:33,634 DEBUG   SenderThread:59631 [sender.py:send():375] send: files
2024-11-16 20:07:33,634 INFO    SenderThread:59631 [sender.py:_save_file():1378] saving file wandb-metadata.json with policy now
2024-11-16 20:07:33,638 DEBUG   HandlerThread:59631 [handler.py:handle_request():144] handle_request: stop_status
2024-11-16 20:07:33,638 DEBUG   SenderThread:59631 [sender.py:send():375] send: telemetry
2024-11-16 20:07:33,639 DEBUG   SenderThread:59631 [sender.py:send_request():402] send_request: stop_status
2024-11-16 20:07:34,023 INFO    Thread-12 :59631 [dir_watcher.py:_on_file_modified():295] file/dir modified: /Users/aklywtx/Desktop/VLM_Bias_research/NN_pretrain/wandb/run-20241116_200711-nt1pvd8g/files/conda-environment.yaml
2024-11-16 20:07:34,023 INFO    Thread-12 :59631 [dir_watcher.py:_on_file_created():278] file/dir created: /Users/aklywtx/Desktop/VLM_Bias_research/NN_pretrain/wandb/run-20241116_200711-nt1pvd8g/files/wandb-metadata.json
2024-11-16 20:07:34,188 INFO    wandb-upload_0:59631 [upload_job.py:push():137] Uploaded file /var/folders/b8/j860yxxx1bb1pjgc34kr65dm0000gn/T/tmphfilqnt1wandb/i9i172s3-wandb-metadata.json
2024-11-16 20:07:37,854 DEBUG   HandlerThread:59631 [handler.py:handle_request():144] handle_request: status_report
2024-11-16 20:07:42,882 DEBUG   HandlerThread:59631 [handler.py:handle_request():144] handle_request: status_report
2024-11-16 20:07:43,057 INFO    Thread-12 :59631 [dir_watcher.py:_on_file_modified():295] file/dir modified: /Users/aklywtx/Desktop/VLM_Bias_research/NN_pretrain/wandb/run-20241116_200711-nt1pvd8g/files/config.yaml
2024-11-16 20:07:44,063 INFO    Thread-12 :59631 [dir_watcher.py:_on_file_created():278] file/dir created: /Users/aklywtx/Desktop/VLM_Bias_research/NN_pretrain/wandb/run-20241116_200711-nt1pvd8g/files/output.log
2024-11-16 20:07:46,073 INFO    Thread-12 :59631 [dir_watcher.py:_on_file_modified():295] file/dir modified: /Users/aklywtx/Desktop/VLM_Bias_research/NN_pretrain/wandb/run-20241116_200711-nt1pvd8g/files/output.log
2024-11-16 20:07:46,461 DEBUG   HandlerThread:59631 [handler.py:handle_request():144] handle_request: partial_history
2024-11-16 20:07:46,462 DEBUG   SenderThread:59631 [sender.py:send():375] send: history
2024-11-16 20:07:46,462 DEBUG   SenderThread:59631 [sender.py:send_request():402] send_request: summary_record
2024-11-16 20:07:46,463 INFO    SenderThread:59631 [sender.py:_save_file():1378] saving file wandb-summary.json with policy end
2024-11-16 20:07:47,078 INFO    Thread-12 :59631 [dir_watcher.py:_on_file_modified():295] file/dir modified: /Users/aklywtx/Desktop/VLM_Bias_research/NN_pretrain/wandb/run-20241116_200711-nt1pvd8g/files/wandb-summary.json
2024-11-16 20:07:48,071 DEBUG   HandlerThread:59631 [handler.py:handle_request():144] handle_request: status_report
2024-11-16 20:07:48,083 INFO    Thread-12 :59631 [dir_watcher.py:_on_file_modified():295] file/dir modified: /Users/aklywtx/Desktop/VLM_Bias_research/NN_pretrain/wandb/run-20241116_200711-nt1pvd8g/files/output.log
2024-11-16 20:07:48,642 DEBUG   HandlerThread:59631 [handler.py:handle_request():144] handle_request: stop_status
2024-11-16 20:07:48,643 DEBUG   SenderThread:59631 [sender.py:send_request():402] send_request: stop_status
2024-11-16 20:07:48,950 DEBUG   HandlerThread:59631 [handler.py:handle_request():144] handle_request: partial_history
2024-11-16 20:07:48,951 DEBUG   SenderThread:59631 [sender.py:send():375] send: history
2024-11-16 20:07:48,951 DEBUG   SenderThread:59631 [sender.py:send_request():402] send_request: summary_record
2024-11-16 20:07:48,951 INFO    SenderThread:59631 [sender.py:_save_file():1378] saving file wandb-summary.json with policy end
2024-11-16 20:07:49,089 INFO    Thread-12 :59631 [dir_watcher.py:_on_file_modified():295] file/dir modified: /Users/aklywtx/Desktop/VLM_Bias_research/NN_pretrain/wandb/run-20241116_200711-nt1pvd8g/files/wandb-summary.json
2024-11-16 20:07:50,094 INFO    Thread-12 :59631 [dir_watcher.py:_on_file_modified():295] file/dir modified: /Users/aklywtx/Desktop/VLM_Bias_research/NN_pretrain/wandb/run-20241116_200711-nt1pvd8g/files/output.log
2024-11-16 20:07:51,176 DEBUG   HandlerThread:59631 [handler.py:handle_request():144] handle_request: partial_history
2024-11-16 20:07:51,177 DEBUG   SenderThread:59631 [sender.py:send():375] send: history
2024-11-16 20:07:51,177 DEBUG   SenderThread:59631 [sender.py:send_request():402] send_request: summary_record
2024-11-16 20:07:51,178 INFO    SenderThread:59631 [sender.py:_save_file():1378] saving file wandb-summary.json with policy end
2024-11-16 20:07:52,100 INFO    Thread-12 :59631 [dir_watcher.py:_on_file_modified():295] file/dir modified: /Users/aklywtx/Desktop/VLM_Bias_research/NN_pretrain/wandb/run-20241116_200711-nt1pvd8g/files/output.log
2024-11-16 20:07:52,100 INFO    Thread-12 :59631 [dir_watcher.py:_on_file_modified():295] file/dir modified: /Users/aklywtx/Desktop/VLM_Bias_research/NN_pretrain/wandb/run-20241116_200711-nt1pvd8g/files/wandb-summary.json
2024-11-16 20:07:53,129 DEBUG   HandlerThread:59631 [handler.py:handle_request():144] handle_request: status_report
2024-11-16 20:07:53,435 DEBUG   HandlerThread:59631 [handler.py:handle_request():144] handle_request: partial_history
2024-11-16 20:07:53,436 DEBUG   SenderThread:59631 [sender.py:send():375] send: history
2024-11-16 20:07:53,436 DEBUG   SenderThread:59631 [sender.py:send_request():402] send_request: summary_record
2024-11-16 20:07:53,436 INFO    SenderThread:59631 [sender.py:_save_file():1378] saving file wandb-summary.json with policy end
2024-11-16 20:07:54,106 INFO    Thread-12 :59631 [dir_watcher.py:_on_file_modified():295] file/dir modified: /Users/aklywtx/Desktop/VLM_Bias_research/NN_pretrain/wandb/run-20241116_200711-nt1pvd8g/files/output.log
2024-11-16 20:07:54,106 INFO    Thread-12 :59631 [dir_watcher.py:_on_file_modified():295] file/dir modified: /Users/aklywtx/Desktop/VLM_Bias_research/NN_pretrain/wandb/run-20241116_200711-nt1pvd8g/files/wandb-summary.json
2024-11-16 20:07:55,674 DEBUG   HandlerThread:59631 [handler.py:handle_request():144] handle_request: partial_history
2024-11-16 20:07:55,674 DEBUG   SenderThread:59631 [sender.py:send():375] send: history
2024-11-16 20:07:55,675 DEBUG   SenderThread:59631 [sender.py:send_request():402] send_request: summary_record
2024-11-16 20:07:55,675 INFO    SenderThread:59631 [sender.py:_save_file():1378] saving file wandb-summary.json with policy end
2024-11-16 20:07:56,112 INFO    Thread-12 :59631 [dir_watcher.py:_on_file_modified():295] file/dir modified: /Users/aklywtx/Desktop/VLM_Bias_research/NN_pretrain/wandb/run-20241116_200711-nt1pvd8g/files/output.log
2024-11-16 20:07:56,112 INFO    Thread-12 :59631 [dir_watcher.py:_on_file_modified():295] file/dir modified: /Users/aklywtx/Desktop/VLM_Bias_research/NN_pretrain/wandb/run-20241116_200711-nt1pvd8g/files/wandb-summary.json
2024-11-16 20:07:58,035 DEBUG   HandlerThread:59631 [handler.py:handle_request():144] handle_request: partial_history
2024-11-16 20:07:58,036 DEBUG   SenderThread:59631 [sender.py:send():375] send: history
2024-11-16 20:07:58,036 DEBUG   SenderThread:59631 [sender.py:send_request():402] send_request: summary_record
2024-11-16 20:07:58,036 INFO    SenderThread:59631 [sender.py:_save_file():1378] saving file wandb-summary.json with policy end
2024-11-16 20:07:58,120 INFO    Thread-12 :59631 [dir_watcher.py:_on_file_modified():295] file/dir modified: /Users/aklywtx/Desktop/VLM_Bias_research/NN_pretrain/wandb/run-20241116_200711-nt1pvd8g/files/output.log
2024-11-16 20:07:58,120 INFO    Thread-12 :59631 [dir_watcher.py:_on_file_modified():295] file/dir modified: /Users/aklywtx/Desktop/VLM_Bias_research/NN_pretrain/wandb/run-20241116_200711-nt1pvd8g/files/wandb-summary.json
2024-11-16 20:07:58,966 DEBUG   HandlerThread:59631 [handler.py:handle_request():144] handle_request: status_report
2024-11-16 20:07:59,236 DEBUG   SenderThread:59631 [sender.py:send():375] send: exit
2024-11-16 20:07:59,236 INFO    SenderThread:59631 [sender.py:send_exit():598] handling exit code: 1
2024-11-16 20:07:59,236 INFO    SenderThread:59631 [sender.py:send_exit():600] handling runtime: 47
2024-11-16 20:07:59,236 INFO    SenderThread:59631 [sender.py:_save_file():1378] saving file wandb-summary.json with policy end
2024-11-16 20:07:59,236 INFO    SenderThread:59631 [sender.py:send_exit():606] send defer
2024-11-16 20:07:59,236 DEBUG   HandlerThread:59631 [handler.py:handle_request():144] handle_request: defer
2024-11-16 20:07:59,236 INFO    HandlerThread:59631 [handler.py:handle_request_defer():170] handle defer: 0
2024-11-16 20:07:59,236 DEBUG   SenderThread:59631 [sender.py:send_request():402] send_request: defer
2024-11-16 20:07:59,236 INFO    SenderThread:59631 [sender.py:send_request_defer():622] handle sender defer: 0
2024-11-16 20:07:59,236 INFO    SenderThread:59631 [sender.py:transition_state():626] send defer: 1
2024-11-16 20:07:59,236 DEBUG   HandlerThread:59631 [handler.py:handle_request():144] handle_request: defer
2024-11-16 20:07:59,236 INFO    HandlerThread:59631 [handler.py:handle_request_defer():170] handle defer: 1
2024-11-16 20:07:59,236 DEBUG   SenderThread:59631 [sender.py:send_request():402] send_request: defer
2024-11-16 20:07:59,236 INFO    SenderThread:59631 [sender.py:send_request_defer():622] handle sender defer: 1
2024-11-16 20:07:59,237 INFO    SenderThread:59631 [sender.py:transition_state():626] send defer: 2
2024-11-16 20:07:59,237 DEBUG   HandlerThread:59631 [handler.py:handle_request():144] handle_request: defer
2024-11-16 20:07:59,237 INFO    HandlerThread:59631 [handler.py:handle_request_defer():170] handle defer: 2
2024-11-16 20:07:59,237 INFO    HandlerThread:59631 [system_monitor.py:finish():190] Stopping system monitor
2024-11-16 20:07:59,237 INFO    HandlerThread:59631 [interfaces.py:finish():202] Joined cpu monitor
2024-11-16 20:07:59,237 DEBUG   SystemMonitor:59631 [system_monitor.py:_start():159] Starting system metrics aggregation loop
2024-11-16 20:07:59,237 INFO    HandlerThread:59631 [interfaces.py:finish():202] Joined disk monitor
2024-11-16 20:07:59,237 DEBUG   SystemMonitor:59631 [system_monitor.py:_start():166] Finished system metrics aggregation loop
2024-11-16 20:07:59,237 INFO    HandlerThread:59631 [interfaces.py:finish():202] Joined memory monitor
2024-11-16 20:07:59,237 DEBUG   SystemMonitor:59631 [system_monitor.py:_start():170] Publishing last batch of metrics
2024-11-16 20:07:59,237 INFO    HandlerThread:59631 [interfaces.py:finish():202] Joined network monitor
2024-11-16 20:07:59,238 DEBUG   SenderThread:59631 [sender.py:send_request():402] send_request: defer
2024-11-16 20:07:59,238 INFO    SenderThread:59631 [sender.py:send_request_defer():622] handle sender defer: 2
2024-11-16 20:07:59,238 INFO    SenderThread:59631 [sender.py:transition_state():626] send defer: 3
2024-11-16 20:07:59,238 DEBUG   SenderThread:59631 [sender.py:send():375] send: stats
2024-11-16 20:07:59,238 DEBUG   HandlerThread:59631 [handler.py:handle_request():144] handle_request: defer
2024-11-16 20:07:59,238 INFO    HandlerThread:59631 [handler.py:handle_request_defer():170] handle defer: 3
2024-11-16 20:07:59,239 DEBUG   SenderThread:59631 [sender.py:send_request():402] send_request: defer
2024-11-16 20:07:59,239 INFO    SenderThread:59631 [sender.py:send_request_defer():622] handle sender defer: 3
2024-11-16 20:07:59,239 INFO    SenderThread:59631 [sender.py:transition_state():626] send defer: 4
2024-11-16 20:07:59,239 DEBUG   HandlerThread:59631 [handler.py:handle_request():144] handle_request: defer
2024-11-16 20:07:59,239 INFO    HandlerThread:59631 [handler.py:handle_request_defer():170] handle defer: 4
2024-11-16 20:07:59,239 DEBUG   SenderThread:59631 [sender.py:send_request():402] send_request: defer
2024-11-16 20:07:59,239 INFO    SenderThread:59631 [sender.py:send_request_defer():622] handle sender defer: 4
2024-11-16 20:07:59,239 INFO    SenderThread:59631 [sender.py:transition_state():626] send defer: 5
2024-11-16 20:07:59,239 DEBUG   HandlerThread:59631 [handler.py:handle_request():144] handle_request: defer
2024-11-16 20:07:59,239 INFO    HandlerThread:59631 [handler.py:handle_request_defer():170] handle defer: 5
2024-11-16 20:07:59,240 DEBUG   SenderThread:59631 [sender.py:send():375] send: summary
2024-11-16 20:07:59,240 INFO    SenderThread:59631 [sender.py:_save_file():1378] saving file wandb-summary.json with policy end
2024-11-16 20:07:59,240 DEBUG   SenderThread:59631 [sender.py:send_request():402] send_request: defer
2024-11-16 20:07:59,240 INFO    SenderThread:59631 [sender.py:send_request_defer():622] handle sender defer: 5
2024-11-16 20:07:59,240 INFO    SenderThread:59631 [sender.py:transition_state():626] send defer: 6
2024-11-16 20:07:59,240 DEBUG   HandlerThread:59631 [handler.py:handle_request():144] handle_request: defer
2024-11-16 20:07:59,240 INFO    HandlerThread:59631 [handler.py:handle_request_defer():170] handle defer: 6
2024-11-16 20:07:59,240 DEBUG   SenderThread:59631 [sender.py:send_request():402] send_request: defer
2024-11-16 20:07:59,240 INFO    SenderThread:59631 [sender.py:send_request_defer():622] handle sender defer: 6
2024-11-16 20:07:59,240 INFO    SenderThread:59631 [sender.py:transition_state():626] send defer: 7
2024-11-16 20:07:59,240 DEBUG   HandlerThread:59631 [handler.py:handle_request():144] handle_request: status_report
2024-11-16 20:07:59,241 DEBUG   HandlerThread:59631 [handler.py:handle_request():144] handle_request: defer
2024-11-16 20:07:59,241 INFO    HandlerThread:59631 [handler.py:handle_request_defer():170] handle defer: 7
2024-11-16 20:07:59,241 DEBUG   SenderThread:59631 [sender.py:send_request():402] send_request: defer
2024-11-16 20:07:59,241 INFO    SenderThread:59631 [sender.py:send_request_defer():622] handle sender defer: 7
2024-11-16 20:08:00,130 INFO    Thread-12 :59631 [dir_watcher.py:_on_file_modified():295] file/dir modified: /Users/aklywtx/Desktop/VLM_Bias_research/NN_pretrain/wandb/run-20241116_200711-nt1pvd8g/files/output.log
2024-11-16 20:08:00,130 INFO    Thread-12 :59631 [dir_watcher.py:_on_file_modified():295] file/dir modified: /Users/aklywtx/Desktop/VLM_Bias_research/NN_pretrain/wandb/run-20241116_200711-nt1pvd8g/files/wandb-summary.json
2024-11-16 20:08:00,240 DEBUG   HandlerThread:59631 [handler.py:handle_request():144] handle_request: poll_exit
2024-11-16 20:08:01,284 INFO    SenderThread:59631 [sender.py:transition_state():626] send defer: 8
2024-11-16 20:08:01,284 DEBUG   SenderThread:59631 [sender.py:send_request():402] send_request: poll_exit
2024-11-16 20:08:01,285 DEBUG   HandlerThread:59631 [handler.py:handle_request():144] handle_request: defer
2024-11-16 20:08:01,285 INFO    HandlerThread:59631 [handler.py:handle_request_defer():170] handle defer: 8
2024-11-16 20:08:01,285 DEBUG   SenderThread:59631 [sender.py:send_request():402] send_request: defer
2024-11-16 20:08:01,285 INFO    SenderThread:59631 [sender.py:send_request_defer():622] handle sender defer: 8
2024-11-16 20:08:01,289 INFO    SenderThread:59631 [sender.py:transition_state():626] send defer: 9
2024-11-16 20:08:01,289 DEBUG   HandlerThread:59631 [handler.py:handle_request():144] handle_request: defer
2024-11-16 20:08:01,289 DEBUG   SenderThread:59631 [sender.py:send():375] send: artifact
2024-11-16 20:08:01,289 INFO    HandlerThread:59631 [handler.py:handle_request_defer():170] handle defer: 9
2024-11-16 20:08:02,139 INFO    Thread-12 :59631 [dir_watcher.py:_on_file_modified():295] file/dir modified: /Users/aklywtx/Desktop/VLM_Bias_research/NN_pretrain/wandb/run-20241116_200711-nt1pvd8g/files/output.log
2024-11-16 20:08:02,185 INFO    SenderThread:59631 [sender.py:send_artifact():1474] sent artifact job-git_github.com_aklywtx_NN_pretrain.git_MLP_MLP_1layer_mps_only100dots.py - {'id': 'QXJ0aWZhY3Q6MTMzNzk4MTQzNw==', 'digest': '42471de25ae499031c45182cf37ad51a', 'state': 'COMMITTED', 'aliases': [{'artifactCollectionName': 'job-git_github.com_aklywtx_NN_pretrain.git_MLP_MLP_1layer_mps_only100dots.py', 'alias': 'latest'}, {'artifactCollectionName': 'job-git_github.com_aklywtx_NN_pretrain.git_MLP_MLP_1layer_mps_only100dots.py', 'alias': 'v0'}], 'artifactSequence': {'id': 'QXJ0aWZhY3RDb2xsZWN0aW9uOjQ5NjQzMTk0Mg==', 'latestArtifact': {'id': 'QXJ0aWZhY3Q6MTMzNzk4MTQzNw==', 'versionIndex': 0}}, 'version': 'v0'}
2024-11-16 20:08:02,185 DEBUG   SenderThread:59631 [sender.py:send_request():402] send_request: defer
2024-11-16 20:08:02,185 INFO    SenderThread:59631 [sender.py:send_request_defer():622] handle sender defer: 9
2024-11-16 20:08:02,185 INFO    SenderThread:59631 [dir_watcher.py:finish():365] shutting down directory watcher
2024-11-16 20:08:03,147 INFO    SenderThread:59631 [dir_watcher.py:finish():395] scan: /Users/aklywtx/Desktop/VLM_Bias_research/NN_pretrain/wandb/run-20241116_200711-nt1pvd8g/files
2024-11-16 20:08:03,148 INFO    SenderThread:59631 [dir_watcher.py:finish():409] scan save: /Users/aklywtx/Desktop/VLM_Bias_research/NN_pretrain/wandb/run-20241116_200711-nt1pvd8g/files/requirements.txt requirements.txt
2024-11-16 20:08:03,148 INFO    SenderThread:59631 [dir_watcher.py:finish():409] scan save: /Users/aklywtx/Desktop/VLM_Bias_research/NN_pretrain/wandb/run-20241116_200711-nt1pvd8g/files/output.log output.log
2024-11-16 20:08:03,152 INFO    SenderThread:59631 [dir_watcher.py:finish():409] scan save: /Users/aklywtx/Desktop/VLM_Bias_research/NN_pretrain/wandb/run-20241116_200711-nt1pvd8g/files/config.yaml config.yaml
2024-11-16 20:08:03,153 INFO    SenderThread:59631 [dir_watcher.py:finish():409] scan save: /Users/aklywtx/Desktop/VLM_Bias_research/NN_pretrain/wandb/run-20241116_200711-nt1pvd8g/files/wandb-summary.json wandb-summary.json
2024-11-16 20:08:03,156 INFO    SenderThread:59631 [dir_watcher.py:finish():409] scan save: /Users/aklywtx/Desktop/VLM_Bias_research/NN_pretrain/wandb/run-20241116_200711-nt1pvd8g/files/conda-environment.yaml conda-environment.yaml
2024-11-16 20:08:03,156 INFO    SenderThread:59631 [dir_watcher.py:finish():409] scan save: /Users/aklywtx/Desktop/VLM_Bias_research/NN_pretrain/wandb/run-20241116_200711-nt1pvd8g/files/wandb-metadata.json wandb-metadata.json
2024-11-16 20:08:03,157 INFO    SenderThread:59631 [sender.py:transition_state():626] send defer: 10
2024-11-16 20:08:03,160 DEBUG   HandlerThread:59631 [handler.py:handle_request():144] handle_request: defer
2024-11-16 20:08:03,161 INFO    HandlerThread:59631 [handler.py:handle_request_defer():170] handle defer: 10
2024-11-16 20:08:03,163 DEBUG   SenderThread:59631 [sender.py:send_request():402] send_request: defer
2024-11-16 20:08:03,163 INFO    SenderThread:59631 [sender.py:send_request_defer():622] handle sender defer: 10
2024-11-16 20:08:03,163 INFO    SenderThread:59631 [file_pusher.py:finish():167] shutting down file pusher
2024-11-16 20:08:03,688 INFO    wandb-upload_1:59631 [upload_job.py:push():137] Uploaded file /Users/aklywtx/Desktop/VLM_Bias_research/NN_pretrain/wandb/run-20241116_200711-nt1pvd8g/files/output.log
2024-11-16 20:08:03,720 INFO    wandb-upload_2:59631 [upload_job.py:push():137] Uploaded file /Users/aklywtx/Desktop/VLM_Bias_research/NN_pretrain/wandb/run-20241116_200711-nt1pvd8g/files/config.yaml
2024-11-16 20:08:03,755 INFO    wandb-upload_0:59631 [upload_job.py:push():137] Uploaded file /Users/aklywtx/Desktop/VLM_Bias_research/NN_pretrain/wandb/run-20241116_200711-nt1pvd8g/files/requirements.txt
2024-11-16 20:08:03,756 INFO    wandb-upload_3:59631 [upload_job.py:push():137] Uploaded file /Users/aklywtx/Desktop/VLM_Bias_research/NN_pretrain/wandb/run-20241116_200711-nt1pvd8g/files/wandb-summary.json
2024-11-16 20:08:03,851 INFO    wandb-upload_4:59631 [upload_job.py:push():137] Uploaded file /Users/aklywtx/Desktop/VLM_Bias_research/NN_pretrain/wandb/run-20241116_200711-nt1pvd8g/files/conda-environment.yaml
2024-11-16 20:08:04,055 INFO    Thread-11 :59631 [sender.py:transition_state():626] send defer: 11
2024-11-16 20:08:04,056 DEBUG   HandlerThread:59631 [handler.py:handle_request():144] handle_request: defer
2024-11-16 20:08:04,057 INFO    HandlerThread:59631 [handler.py:handle_request_defer():170] handle defer: 11
2024-11-16 20:08:04,057 DEBUG   SenderThread:59631 [sender.py:send_request():402] send_request: defer
2024-11-16 20:08:04,057 INFO    SenderThread:59631 [sender.py:send_request_defer():622] handle sender defer: 11
2024-11-16 20:08:04,057 INFO    SenderThread:59631 [file_pusher.py:join():172] waiting for file pusher
2024-11-16 20:08:04,057 INFO    SenderThread:59631 [sender.py:transition_state():626] send defer: 12
2024-11-16 20:08:04,057 DEBUG   HandlerThread:59631 [handler.py:handle_request():144] handle_request: defer
2024-11-16 20:08:04,058 INFO    HandlerThread:59631 [handler.py:handle_request_defer():170] handle defer: 12
2024-11-16 20:08:04,058 DEBUG   SenderThread:59631 [sender.py:send_request():402] send_request: defer
2024-11-16 20:08:04,058 INFO    SenderThread:59631 [sender.py:send_request_defer():622] handle sender defer: 12
2024-11-16 20:08:04,208 INFO    SenderThread:59631 [sender.py:transition_state():626] send defer: 13
2024-11-16 20:08:04,208 DEBUG   HandlerThread:59631 [handler.py:handle_request():144] handle_request: defer
2024-11-16 20:08:04,208 INFO    HandlerThread:59631 [handler.py:handle_request_defer():170] handle defer: 13
2024-11-16 20:08:04,208 DEBUG   SenderThread:59631 [sender.py:send_request():402] send_request: defer
2024-11-16 20:08:04,208 INFO    SenderThread:59631 [sender.py:send_request_defer():622] handle sender defer: 13
2024-11-16 20:08:04,208 INFO    SenderThread:59631 [sender.py:transition_state():626] send defer: 14
2024-11-16 20:08:04,208 DEBUG   HandlerThread:59631 [handler.py:handle_request():144] handle_request: defer
2024-11-16 20:08:04,208 DEBUG   SenderThread:59631 [sender.py:send():375] send: final
2024-11-16 20:08:04,208 INFO    HandlerThread:59631 [handler.py:handle_request_defer():170] handle defer: 14
2024-11-16 20:08:04,208 DEBUG   SenderThread:59631 [sender.py:send():375] send: footer
2024-11-16 20:08:04,209 DEBUG   SenderThread:59631 [sender.py:send_request():402] send_request: defer
2024-11-16 20:08:04,209 INFO    SenderThread:59631 [sender.py:send_request_defer():622] handle sender defer: 14
2024-11-16 20:08:04,209 DEBUG   HandlerThread:59631 [handler.py:handle_request():144] handle_request: poll_exit
2024-11-16 20:08:04,209 DEBUG   SenderThread:59631 [sender.py:send_request():402] send_request: poll_exit
2024-11-16 20:08:04,210 DEBUG   HandlerThread:59631 [handler.py:handle_request():144] handle_request: server_info
2024-11-16 20:08:04,210 DEBUG   HandlerThread:59631 [handler.py:handle_request():144] handle_request: get_summary
2024-11-16 20:08:04,210 DEBUG   HandlerThread:59631 [handler.py:handle_request():144] handle_request: sampled_history
2024-11-16 20:08:04,210 DEBUG   SenderThread:59631 [sender.py:send_request():402] send_request: server_info
2024-11-16 20:08:04,351 INFO    MainThread:59631 [wandb_run.py:_footer_history_summary_info():3469] rendering history
2024-11-16 20:08:04,351 INFO    MainThread:59631 [wandb_run.py:_footer_history_summary_info():3501] rendering summary
2024-11-16 20:08:04,351 INFO    MainThread:59631 [wandb_run.py:_footer_sync_info():3428] logging synced files
2024-11-16 20:08:04,351 DEBUG   HandlerThread:59631 [handler.py:handle_request():144] handle_request: shutdown
2024-11-16 20:08:04,351 INFO    HandlerThread:59631 [handler.py:finish():842] shutting down handler
2024-11-16 20:08:05,215 INFO    WriterThread:59631 [datastore.py:close():298] close: /Users/aklywtx/Desktop/VLM_Bias_research/NN_pretrain/wandb/run-20241116_200711-nt1pvd8g/run-nt1pvd8g.wandb
2024-11-16 20:08:05,356 INFO    SenderThread:59631 [sender.py:finish():1550] shutting down sender
2024-11-16 20:08:05,356 INFO    SenderThread:59631 [file_pusher.py:finish():167] shutting down file pusher
2024-11-16 20:08:05,356 INFO    SenderThread:59631 [file_pusher.py:join():172] waiting for file pusher
