2024-11-19 23:15:49,993 INFO    StreamThr :94913 [internal.py:wandb_internal():86] W&B internal server running at pid: 94913, started at: 2024-11-19 23:15:49.992463
2024-11-19 23:15:49,994 DEBUG   HandlerThread:94913 [handler.py:handle_request():144] handle_request: status
2024-11-19 23:15:49,995 INFO    WriterThread:94913 [datastore.py:open_for_write():85] open: /Users/aklywtx/Desktop/VLM_Bias_research/NN_pretrain/wandb/run-20241119_231549-gfqj0ppy/run-gfqj0ppy.wandb
2024-11-19 23:15:49,996 DEBUG   SenderThread:94913 [sender.py:send():375] send: header
2024-11-19 23:15:50,020 DEBUG   SenderThread:94913 [sender.py:send():375] send: run
2024-11-19 23:15:50,469 INFO    SenderThread:94913 [dir_watcher.py:__init__():219] watching files in: /Users/aklywtx/Desktop/VLM_Bias_research/NN_pretrain/wandb/run-20241119_231549-gfqj0ppy/files
2024-11-19 23:15:50,469 INFO    SenderThread:94913 [sender.py:_start_run_threads():1124] run started: gfqj0ppy with start time 1732054549.989637
2024-11-19 23:15:50,469 DEBUG   SenderThread:94913 [sender.py:send_request():402] send_request: summary_record
2024-11-19 23:15:50,470 INFO    SenderThread:94913 [sender.py:_save_file():1378] saving file wandb-summary.json with policy end
2024-11-19 23:15:50,470 DEBUG   HandlerThread:94913 [handler.py:handle_request():144] handle_request: check_version
2024-11-19 23:15:50,471 DEBUG   SenderThread:94913 [sender.py:send_request():402] send_request: check_version
2024-11-19 23:15:50,705 DEBUG   HandlerThread:94913 [handler.py:handle_request():144] handle_request: run_start
2024-11-19 23:15:50,715 DEBUG   HandlerThread:94913 [system_info.py:__init__():31] System info init
2024-11-19 23:15:50,715 DEBUG   HandlerThread:94913 [system_info.py:__init__():46] System info init done
2024-11-19 23:15:50,715 INFO    HandlerThread:94913 [system_monitor.py:start():181] Starting system monitor
2024-11-19 23:15:50,715 INFO    SystemMonitor:94913 [system_monitor.py:_start():145] Starting system asset monitoring threads
2024-11-19 23:15:50,715 INFO    HandlerThread:94913 [system_monitor.py:probe():201] Collecting system info
2024-11-19 23:15:50,715 DEBUG   HandlerThread:94913 [system_info.py:probe():195] Probing system
2024-11-19 23:15:50,716 INFO    SystemMonitor:94913 [interfaces.py:start():190] Started cpu monitoring
2024-11-19 23:15:50,716 INFO    SystemMonitor:94913 [interfaces.py:start():190] Started disk monitoring
2024-11-19 23:15:50,716 INFO    SystemMonitor:94913 [interfaces.py:start():190] Started memory monitoring
2024-11-19 23:15:50,716 INFO    SystemMonitor:94913 [interfaces.py:start():190] Started network monitoring
2024-11-19 23:15:50,719 DEBUG   HandlerThread:94913 [system_info.py:_probe_git():180] Probing git
2024-11-19 23:15:50,744 DEBUG   HandlerThread:94913 [system_info.py:_probe_git():188] Probing git done
2024-11-19 23:15:50,744 DEBUG   HandlerThread:94913 [system_info.py:probe():240] Probing system done
2024-11-19 23:15:50,745 DEBUG   HandlerThread:94913 [system_monitor.py:probe():210] {'os': 'macOS-14.5-arm64-i386-64bit', 'python': '3.9.13', 'heartbeatAt': '2024-11-19T22:15:50.716025', 'startedAt': '2024-11-19T22:15:49.974400', 'docker': None, 'cuda': None, 'args': (), 'state': 'running', 'program': '/Users/aklywtx/Desktop/VLM_Bias_research/NN_pretrain/models/vit_train.py', 'codePath': 'models/vit_train.py', 'git': {'remote': 'git@github.com:aklywtx/NN_pretrain.git', 'commit': '79fb9213d8f97bc1c37c0dd0a2a01a0ea0927308'}, 'email': 'aklywtx233@163.com', 'root': '/Users/aklywtx/Desktop/VLM_Bias_research/NN_pretrain', 'host': 'MACBOOK-PRO-341.local', 'username': 'aklywtx', 'executable': '/Users/aklywtx/opt/anaconda3/bin/python', 'cpu_count': 8, 'cpu_count_logical': 8, 'disk': {'total': 926.3517189025879, 'used': 831.8730430603027}, 'memory': {'total': 32.0}}
2024-11-19 23:15:50,745 INFO    HandlerThread:94913 [system_monitor.py:probe():211] Finished collecting system info
2024-11-19 23:15:50,745 INFO    HandlerThread:94913 [system_monitor.py:probe():214] Publishing system info
2024-11-19 23:15:50,745 DEBUG   HandlerThread:94913 [system_info.py:_save_pip():51] Saving list of pip packages installed into the current environment
2024-11-19 23:15:50,745 DEBUG   HandlerThread:94913 [system_info.py:_save_pip():67] Saving pip packages done
2024-11-19 23:15:50,746 DEBUG   HandlerThread:94913 [system_info.py:_save_conda():74] Saving list of conda packages installed into the current environment
2024-11-19 23:15:51,475 INFO    Thread-12 :94913 [dir_watcher.py:_on_file_created():278] file/dir created: /Users/aklywtx/Desktop/VLM_Bias_research/NN_pretrain/wandb/run-20241119_231549-gfqj0ppy/files/requirements.txt
2024-11-19 23:15:51,475 INFO    Thread-12 :94913 [dir_watcher.py:_on_file_created():278] file/dir created: /Users/aklywtx/Desktop/VLM_Bias_research/NN_pretrain/wandb/run-20241119_231549-gfqj0ppy/files/conda-environment.yaml
2024-11-19 23:15:51,475 INFO    Thread-12 :94913 [dir_watcher.py:_on_file_created():278] file/dir created: /Users/aklywtx/Desktop/VLM_Bias_research/NN_pretrain/wandb/run-20241119_231549-gfqj0ppy/files/wandb-summary.json
2024-11-19 23:16:08,551 DEBUG   HandlerThread:94913 [system_info.py:_save_conda():86] Saving conda packages done
2024-11-19 23:16:08,551 INFO    HandlerThread:94913 [system_monitor.py:probe():216] Finished publishing system info
2024-11-19 23:16:08,552 INFO    Thread-12 :94913 [dir_watcher.py:_on_file_modified():295] file/dir modified: /Users/aklywtx/Desktop/VLM_Bias_research/NN_pretrain/wandb/run-20241119_231549-gfqj0ppy/files/conda-environment.yaml
2024-11-19 23:16:08,552 INFO    Thread-12 :94913 [dir_watcher.py:_on_file_created():278] file/dir created: /Users/aklywtx/Desktop/VLM_Bias_research/NN_pretrain/wandb/run-20241119_231549-gfqj0ppy/files/wandb-metadata.json
2024-11-19 23:16:08,571 DEBUG   HandlerThread:94913 [handler.py:handle_request():144] handle_request: status_report
2024-11-19 23:16:08,571 DEBUG   HandlerThread:94913 [handler.py:handle_request():144] handle_request: keepalive
2024-11-19 23:16:08,571 DEBUG   HandlerThread:94913 [handler.py:handle_request():144] handle_request: status_report
2024-11-19 23:16:08,571 DEBUG   HandlerThread:94913 [handler.py:handle_request():144] handle_request: keepalive
2024-11-19 23:16:08,571 DEBUG   HandlerThread:94913 [handler.py:handle_request():144] handle_request: status_report
2024-11-19 23:16:08,572 DEBUG   HandlerThread:94913 [handler.py:handle_request():144] handle_request: keepalive
2024-11-19 23:16:08,572 DEBUG   SenderThread:94913 [sender.py:send():375] send: files
2024-11-19 23:16:08,572 INFO    SenderThread:94913 [sender.py:_save_file():1378] saving file wandb-metadata.json with policy now
2024-11-19 23:16:08,577 DEBUG   HandlerThread:94913 [handler.py:handle_request():144] handle_request: stop_status
2024-11-19 23:16:08,577 DEBUG   SenderThread:94913 [sender.py:send_request():402] send_request: stop_status
2024-11-19 23:16:08,848 DEBUG   SenderThread:94913 [sender.py:send():375] send: telemetry
2024-11-19 23:16:09,100 INFO    wandb-upload_0:94913 [upload_job.py:push():137] Uploaded file /var/folders/b8/j860yxxx1bb1pjgc34kr65dm0000gn/T/tmpib9hmbx3wandb/yojxgw0d-wandb-metadata.json
2024-11-19 23:16:10,859 DEBUG   HandlerThread:94913 [handler.py:handle_request():144] handle_request: status_report
2024-11-19 23:16:15,872 DEBUG   HandlerThread:94913 [handler.py:handle_request():144] handle_request: status_report
2024-11-19 23:16:20,899 DEBUG   HandlerThread:94913 [handler.py:handle_request():144] handle_request: status_report
2024-11-19 23:16:21,616 INFO    Thread-12 :94913 [dir_watcher.py:_on_file_modified():295] file/dir modified: /Users/aklywtx/Desktop/VLM_Bias_research/NN_pretrain/wandb/run-20241119_231549-gfqj0ppy/files/config.yaml
2024-11-19 23:16:23,582 DEBUG   HandlerThread:94913 [handler.py:handle_request():144] handle_request: stop_status
2024-11-19 23:16:23,582 DEBUG   SenderThread:94913 [sender.py:send_request():402] send_request: stop_status
2024-11-19 23:16:26,773 DEBUG   HandlerThread:94913 [handler.py:handle_request():144] handle_request: status_report
2024-11-19 23:16:29,122 DEBUG   SenderThread:94913 [sender.py:send():375] send: exit
2024-11-19 23:16:29,122 INFO    SenderThread:94913 [sender.py:send_exit():598] handling exit code: 0
2024-11-19 23:16:29,122 INFO    SenderThread:94913 [sender.py:send_exit():600] handling runtime: 38
2024-11-19 23:16:29,123 INFO    SenderThread:94913 [sender.py:_save_file():1378] saving file wandb-summary.json with policy end
2024-11-19 23:16:29,123 INFO    SenderThread:94913 [sender.py:send_exit():606] send defer
2024-11-19 23:16:29,123 DEBUG   HandlerThread:94913 [handler.py:handle_request():144] handle_request: defer
2024-11-19 23:16:29,124 INFO    HandlerThread:94913 [handler.py:handle_request_defer():170] handle defer: 0
2024-11-19 23:16:29,124 DEBUG   SenderThread:94913 [sender.py:send_request():402] send_request: defer
2024-11-19 23:16:29,124 INFO    SenderThread:94913 [sender.py:send_request_defer():622] handle sender defer: 0
2024-11-19 23:16:29,124 INFO    SenderThread:94913 [sender.py:transition_state():626] send defer: 1
2024-11-19 23:16:29,124 DEBUG   HandlerThread:94913 [handler.py:handle_request():144] handle_request: defer
2024-11-19 23:16:29,124 INFO    HandlerThread:94913 [handler.py:handle_request_defer():170] handle defer: 1
2024-11-19 23:16:29,124 DEBUG   SenderThread:94913 [sender.py:send_request():402] send_request: defer
2024-11-19 23:16:29,124 INFO    SenderThread:94913 [sender.py:send_request_defer():622] handle sender defer: 1
2024-11-19 23:16:29,124 INFO    SenderThread:94913 [sender.py:transition_state():626] send defer: 2
2024-11-19 23:16:29,124 DEBUG   HandlerThread:94913 [handler.py:handle_request():144] handle_request: defer
2024-11-19 23:16:29,124 INFO    HandlerThread:94913 [handler.py:handle_request_defer():170] handle defer: 2
2024-11-19 23:16:29,124 INFO    HandlerThread:94913 [system_monitor.py:finish():190] Stopping system monitor
2024-11-19 23:16:29,124 DEBUG   SystemMonitor:94913 [system_monitor.py:_start():159] Starting system metrics aggregation loop
2024-11-19 23:16:29,124 DEBUG   SystemMonitor:94913 [system_monitor.py:_start():166] Finished system metrics aggregation loop
2024-11-19 23:16:29,125 DEBUG   SystemMonitor:94913 [system_monitor.py:_start():170] Publishing last batch of metrics
2024-11-19 23:16:29,125 INFO    HandlerThread:94913 [interfaces.py:finish():202] Joined cpu monitor
2024-11-19 23:16:29,125 INFO    HandlerThread:94913 [interfaces.py:finish():202] Joined disk monitor
2024-11-19 23:16:29,125 INFO    HandlerThread:94913 [interfaces.py:finish():202] Joined memory monitor
2024-11-19 23:16:29,126 INFO    HandlerThread:94913 [interfaces.py:finish():202] Joined network monitor
2024-11-19 23:16:29,126 DEBUG   SenderThread:94913 [sender.py:send_request():402] send_request: defer
2024-11-19 23:16:29,126 INFO    SenderThread:94913 [sender.py:send_request_defer():622] handle sender defer: 2
2024-11-19 23:16:29,126 INFO    SenderThread:94913 [sender.py:transition_state():626] send defer: 3
2024-11-19 23:16:29,126 DEBUG   SenderThread:94913 [sender.py:send():375] send: stats
2024-11-19 23:16:29,126 DEBUG   HandlerThread:94913 [handler.py:handle_request():144] handle_request: defer
2024-11-19 23:16:29,126 INFO    HandlerThread:94913 [handler.py:handle_request_defer():170] handle defer: 3
2024-11-19 23:16:29,127 DEBUG   SenderThread:94913 [sender.py:send_request():402] send_request: defer
2024-11-19 23:16:29,127 INFO    SenderThread:94913 [sender.py:send_request_defer():622] handle sender defer: 3
2024-11-19 23:16:29,127 INFO    SenderThread:94913 [sender.py:transition_state():626] send defer: 4
2024-11-19 23:16:29,127 DEBUG   HandlerThread:94913 [handler.py:handle_request():144] handle_request: defer
2024-11-19 23:16:29,127 INFO    HandlerThread:94913 [handler.py:handle_request_defer():170] handle defer: 4
2024-11-19 23:16:29,127 DEBUG   SenderThread:94913 [sender.py:send_request():402] send_request: defer
2024-11-19 23:16:29,127 INFO    SenderThread:94913 [sender.py:send_request_defer():622] handle sender defer: 4
2024-11-19 23:16:29,127 INFO    SenderThread:94913 [sender.py:transition_state():626] send defer: 5
2024-11-19 23:16:29,127 DEBUG   HandlerThread:94913 [handler.py:handle_request():144] handle_request: defer
2024-11-19 23:16:29,127 INFO    HandlerThread:94913 [handler.py:handle_request_defer():170] handle defer: 5
2024-11-19 23:16:29,127 DEBUG   SenderThread:94913 [sender.py:send():375] send: summary
2024-11-19 23:16:29,128 INFO    SenderThread:94913 [sender.py:_save_file():1378] saving file wandb-summary.json with policy end
2024-11-19 23:16:29,128 DEBUG   SenderThread:94913 [sender.py:send_request():402] send_request: defer
2024-11-19 23:16:29,128 INFO    SenderThread:94913 [sender.py:send_request_defer():622] handle sender defer: 5
2024-11-19 23:16:29,128 INFO    SenderThread:94913 [sender.py:transition_state():626] send defer: 6
2024-11-19 23:16:29,128 DEBUG   HandlerThread:94913 [handler.py:handle_request():144] handle_request: defer
2024-11-19 23:16:29,128 INFO    HandlerThread:94913 [handler.py:handle_request_defer():170] handle defer: 6
2024-11-19 23:16:29,128 DEBUG   SenderThread:94913 [sender.py:send_request():402] send_request: defer
2024-11-19 23:16:29,128 INFO    SenderThread:94913 [sender.py:send_request_defer():622] handle sender defer: 6
2024-11-19 23:16:29,128 INFO    SenderThread:94913 [sender.py:transition_state():626] send defer: 7
2024-11-19 23:16:29,128 DEBUG   HandlerThread:94913 [handler.py:handle_request():144] handle_request: status_report
2024-11-19 23:16:29,128 DEBUG   HandlerThread:94913 [handler.py:handle_request():144] handle_request: defer
2024-11-19 23:16:29,128 INFO    HandlerThread:94913 [handler.py:handle_request_defer():170] handle defer: 7
2024-11-19 23:16:29,128 DEBUG   SenderThread:94913 [sender.py:send_request():402] send_request: defer
2024-11-19 23:16:29,128 INFO    SenderThread:94913 [sender.py:send_request_defer():622] handle sender defer: 7
2024-11-19 23:16:29,648 INFO    Thread-12 :94913 [dir_watcher.py:_on_file_modified():295] file/dir modified: /Users/aklywtx/Desktop/VLM_Bias_research/NN_pretrain/wandb/run-20241119_231549-gfqj0ppy/files/wandb-summary.json
2024-11-19 23:16:29,648 INFO    Thread-12 :94913 [dir_watcher.py:_on_file_created():278] file/dir created: /Users/aklywtx/Desktop/VLM_Bias_research/NN_pretrain/wandb/run-20241119_231549-gfqj0ppy/files/output.log
2024-11-19 23:16:30,123 DEBUG   HandlerThread:94913 [handler.py:handle_request():144] handle_request: poll_exit
2024-11-19 23:16:31,085 INFO    SenderThread:94913 [sender.py:transition_state():626] send defer: 8
2024-11-19 23:16:31,086 DEBUG   SenderThread:94913 [sender.py:send_request():402] send_request: poll_exit
2024-11-19 23:16:31,086 DEBUG   HandlerThread:94913 [handler.py:handle_request():144] handle_request: defer
2024-11-19 23:16:31,086 INFO    HandlerThread:94913 [handler.py:handle_request_defer():170] handle defer: 8
2024-11-19 23:16:31,087 DEBUG   SenderThread:94913 [sender.py:send_request():402] send_request: defer
2024-11-19 23:16:31,087 INFO    SenderThread:94913 [sender.py:send_request_defer():622] handle sender defer: 8
2024-11-19 23:16:31,093 INFO    SenderThread:94913 [sender.py:transition_state():626] send defer: 9
2024-11-19 23:16:31,093 DEBUG   HandlerThread:94913 [handler.py:handle_request():144] handle_request: defer
2024-11-19 23:16:31,093 DEBUG   SenderThread:94913 [sender.py:send():375] send: artifact
2024-11-19 23:16:31,093 INFO    HandlerThread:94913 [handler.py:handle_request_defer():170] handle defer: 9
2024-11-19 23:16:31,129 DEBUG   HandlerThread:94913 [handler.py:handle_request():144] handle_request: poll_exit
2024-11-19 23:16:31,654 INFO    Thread-12 :94913 [dir_watcher.py:_on_file_modified():295] file/dir modified: /Users/aklywtx/Desktop/VLM_Bias_research/NN_pretrain/wandb/run-20241119_231549-gfqj0ppy/files/output.log
2024-11-19 23:16:32,298 INFO    SenderThread:94913 [sender.py:send_artifact():1474] sent artifact job-git_github.com_aklywtx_NN_pretrain.git_models_vit_train.py - {'id': 'QXJ0aWZhY3Q6MTMzOTE4MDA5Nw==', 'digest': '3b7016cdad4dc73d74f0d986411f778e', 'state': 'COMMITTED', 'aliases': [{'artifactCollectionName': 'job-git_github.com_aklywtx_NN_pretrain.git_models_vit_train.py', 'alias': 'latest'}, {'artifactCollectionName': 'job-git_github.com_aklywtx_NN_pretrain.git_models_vit_train.py', 'alias': 'v0'}], 'artifactSequence': {'id': 'QXJ0aWZhY3RDb2xsZWN0aW9uOjQ5NjcxNDYxOQ==', 'latestArtifact': {'id': 'QXJ0aWZhY3Q6MTMzOTE4MDA5Nw==', 'versionIndex': 0}}, 'version': 'v0'}
2024-11-19 23:16:32,298 DEBUG   SenderThread:94913 [sender.py:send_request():402] send_request: defer
2024-11-19 23:16:32,298 INFO    SenderThread:94913 [sender.py:send_request_defer():622] handle sender defer: 9
2024-11-19 23:16:32,298 INFO    SenderThread:94913 [dir_watcher.py:finish():365] shutting down directory watcher
2024-11-19 23:16:32,660 INFO    SenderThread:94913 [dir_watcher.py:finish():395] scan: /Users/aklywtx/Desktop/VLM_Bias_research/NN_pretrain/wandb/run-20241119_231549-gfqj0ppy/files
2024-11-19 23:16:32,660 INFO    SenderThread:94913 [dir_watcher.py:finish():409] scan save: /Users/aklywtx/Desktop/VLM_Bias_research/NN_pretrain/wandb/run-20241119_231549-gfqj0ppy/files/requirements.txt requirements.txt
2024-11-19 23:16:32,660 INFO    SenderThread:94913 [dir_watcher.py:finish():409] scan save: /Users/aklywtx/Desktop/VLM_Bias_research/NN_pretrain/wandb/run-20241119_231549-gfqj0ppy/files/output.log output.log
2024-11-19 23:16:32,666 INFO    SenderThread:94913 [dir_watcher.py:finish():409] scan save: /Users/aklywtx/Desktop/VLM_Bias_research/NN_pretrain/wandb/run-20241119_231549-gfqj0ppy/files/config.yaml config.yaml
2024-11-19 23:16:32,669 INFO    SenderThread:94913 [dir_watcher.py:finish():409] scan save: /Users/aklywtx/Desktop/VLM_Bias_research/NN_pretrain/wandb/run-20241119_231549-gfqj0ppy/files/wandb-summary.json wandb-summary.json
2024-11-19 23:16:32,670 INFO    SenderThread:94913 [dir_watcher.py:finish():409] scan save: /Users/aklywtx/Desktop/VLM_Bias_research/NN_pretrain/wandb/run-20241119_231549-gfqj0ppy/files/conda-environment.yaml conda-environment.yaml
2024-11-19 23:16:32,672 INFO    SenderThread:94913 [dir_watcher.py:finish():409] scan save: /Users/aklywtx/Desktop/VLM_Bias_research/NN_pretrain/wandb/run-20241119_231549-gfqj0ppy/files/wandb-metadata.json wandb-metadata.json
2024-11-19 23:16:32,673 INFO    SenderThread:94913 [sender.py:transition_state():626] send defer: 10
2024-11-19 23:16:32,675 DEBUG   SenderThread:94913 [sender.py:send_request():402] send_request: poll_exit
2024-11-19 23:16:32,676 DEBUG   HandlerThread:94913 [handler.py:handle_request():144] handle_request: defer
2024-11-19 23:16:32,680 INFO    HandlerThread:94913 [handler.py:handle_request_defer():170] handle defer: 10
2024-11-19 23:16:32,680 DEBUG   SenderThread:94913 [sender.py:send_request():402] send_request: defer
2024-11-19 23:16:32,680 INFO    SenderThread:94913 [sender.py:send_request_defer():622] handle sender defer: 10
2024-11-19 23:16:32,680 INFO    SenderThread:94913 [file_pusher.py:finish():167] shutting down file pusher
2024-11-19 23:16:33,161 INFO    wandb-upload_2:94913 [upload_job.py:push():137] Uploaded file /Users/aklywtx/Desktop/VLM_Bias_research/NN_pretrain/wandb/run-20241119_231549-gfqj0ppy/files/config.yaml
2024-11-19 23:16:33,228 INFO    wandb-upload_3:94913 [upload_job.py:push():137] Uploaded file /Users/aklywtx/Desktop/VLM_Bias_research/NN_pretrain/wandb/run-20241119_231549-gfqj0ppy/files/wandb-summary.json
2024-11-19 23:16:33,238 INFO    wandb-upload_1:94913 [upload_job.py:push():137] Uploaded file /Users/aklywtx/Desktop/VLM_Bias_research/NN_pretrain/wandb/run-20241119_231549-gfqj0ppy/files/output.log
2024-11-19 23:16:33,244 INFO    wandb-upload_0:94913 [upload_job.py:push():137] Uploaded file /Users/aklywtx/Desktop/VLM_Bias_research/NN_pretrain/wandb/run-20241119_231549-gfqj0ppy/files/requirements.txt
2024-11-19 23:16:33,318 INFO    wandb-upload_4:94913 [upload_job.py:push():137] Uploaded file /Users/aklywtx/Desktop/VLM_Bias_research/NN_pretrain/wandb/run-20241119_231549-gfqj0ppy/files/conda-environment.yaml
2024-11-19 23:16:33,524 INFO    Thread-11 :94913 [sender.py:transition_state():626] send defer: 11
2024-11-19 23:16:33,524 DEBUG   HandlerThread:94913 [handler.py:handle_request():144] handle_request: defer
2024-11-19 23:16:33,524 INFO    HandlerThread:94913 [handler.py:handle_request_defer():170] handle defer: 11
2024-11-19 23:16:33,524 DEBUG   SenderThread:94913 [sender.py:send_request():402] send_request: defer
2024-11-19 23:16:33,524 INFO    SenderThread:94913 [sender.py:send_request_defer():622] handle sender defer: 11
2024-11-19 23:16:33,524 INFO    SenderThread:94913 [file_pusher.py:join():172] waiting for file pusher
2024-11-19 23:16:33,524 INFO    SenderThread:94913 [sender.py:transition_state():626] send defer: 12
2024-11-19 23:16:33,524 DEBUG   HandlerThread:94913 [handler.py:handle_request():144] handle_request: defer
2024-11-19 23:16:33,525 INFO    HandlerThread:94913 [handler.py:handle_request_defer():170] handle defer: 12
2024-11-19 23:16:33,525 DEBUG   SenderThread:94913 [sender.py:send_request():402] send_request: defer
2024-11-19 23:16:33,525 INFO    SenderThread:94913 [sender.py:send_request_defer():622] handle sender defer: 12
2024-11-19 23:16:33,686 INFO    SenderThread:94913 [sender.py:transition_state():626] send defer: 13
2024-11-19 23:16:33,686 DEBUG   HandlerThread:94913 [handler.py:handle_request():144] handle_request: defer
2024-11-19 23:16:33,686 INFO    HandlerThread:94913 [handler.py:handle_request_defer():170] handle defer: 13
2024-11-19 23:16:33,687 DEBUG   SenderThread:94913 [sender.py:send_request():402] send_request: defer
2024-11-19 23:16:33,687 INFO    SenderThread:94913 [sender.py:send_request_defer():622] handle sender defer: 13
2024-11-19 23:16:33,687 INFO    SenderThread:94913 [sender.py:transition_state():626] send defer: 14
2024-11-19 23:16:33,687 DEBUG   HandlerThread:94913 [handler.py:handle_request():144] handle_request: defer
2024-11-19 23:16:33,687 INFO    HandlerThread:94913 [handler.py:handle_request_defer():170] handle defer: 14
2024-11-19 23:16:33,688 DEBUG   SenderThread:94913 [sender.py:send():375] send: final
2024-11-19 23:16:33,688 DEBUG   SenderThread:94913 [sender.py:send():375] send: footer
2024-11-19 23:16:33,688 DEBUG   SenderThread:94913 [sender.py:send_request():402] send_request: defer
2024-11-19 23:16:33,688 INFO    SenderThread:94913 [sender.py:send_request_defer():622] handle sender defer: 14
2024-11-19 23:16:33,689 DEBUG   HandlerThread:94913 [handler.py:handle_request():144] handle_request: poll_exit
2024-11-19 23:16:33,689 DEBUG   HandlerThread:94913 [handler.py:handle_request():144] handle_request: server_info
2024-11-19 23:16:33,689 DEBUG   SenderThread:94913 [sender.py:send_request():402] send_request: poll_exit
2024-11-19 23:16:33,690 DEBUG   SenderThread:94913 [sender.py:send_request():402] send_request: server_info
2024-11-19 23:16:33,692 DEBUG   HandlerThread:94913 [handler.py:handle_request():144] handle_request: get_summary
2024-11-19 23:16:33,693 DEBUG   HandlerThread:94913 [handler.py:handle_request():144] handle_request: sampled_history
2024-11-19 23:16:33,835 INFO    MainThread:94913 [wandb_run.py:_footer_history_summary_info():3469] rendering history
2024-11-19 23:16:33,835 INFO    MainThread:94913 [wandb_run.py:_footer_history_summary_info():3501] rendering summary
2024-11-19 23:16:33,835 INFO    MainThread:94913 [wandb_run.py:_footer_sync_info():3428] logging synced files
2024-11-19 23:16:33,836 DEBUG   HandlerThread:94913 [handler.py:handle_request():144] handle_request: shutdown
2024-11-19 23:16:33,836 INFO    HandlerThread:94913 [handler.py:finish():842] shutting down handler
2024-11-19 23:16:34,694 INFO    WriterThread:94913 [datastore.py:close():298] close: /Users/aklywtx/Desktop/VLM_Bias_research/NN_pretrain/wandb/run-20241119_231549-gfqj0ppy/run-gfqj0ppy.wandb
2024-11-19 23:16:34,839 INFO    SenderThread:94913 [sender.py:finish():1550] shutting down sender
2024-11-19 23:16:34,840 INFO    SenderThread:94913 [file_pusher.py:finish():167] shutting down file pusher
2024-11-19 23:16:34,840 INFO    SenderThread:94913 [file_pusher.py:join():172] waiting for file pusher
