2024-11-21 23:58:14,075 INFO    StreamThr :71998 [internal.py:wandb_internal():86] W&B internal server running at pid: 71998, started at: 2024-11-21 23:58:14.075382
2024-11-21 23:58:14,076 DEBUG   HandlerThread:71998 [handler.py:handle_request():144] handle_request: status
2024-11-21 23:58:14,077 INFO    WriterThread:71998 [datastore.py:open_for_write():85] open: /Users/aklywtx/Desktop/VLM_Bias_research/NN_pretrain/models/wandb/run-20241121_235814-ymu95s4w/run-ymu95s4w.wandb
2024-11-21 23:58:14,077 DEBUG   SenderThread:71998 [sender.py:send():375] send: header
2024-11-21 23:58:14,100 DEBUG   SenderThread:71998 [sender.py:send():375] send: run
2024-11-21 23:58:14,586 INFO    SenderThread:71998 [dir_watcher.py:__init__():219] watching files in: /Users/aklywtx/Desktop/VLM_Bias_research/NN_pretrain/models/wandb/run-20241121_235814-ymu95s4w/files
2024-11-21 23:58:14,586 INFO    SenderThread:71998 [sender.py:_start_run_threads():1124] run started: ymu95s4w with start time 1732229894.073454
2024-11-21 23:58:14,586 DEBUG   SenderThread:71998 [sender.py:send_request():402] send_request: summary_record
2024-11-21 23:58:14,587 INFO    SenderThread:71998 [sender.py:_save_file():1378] saving file wandb-summary.json with policy end
2024-11-21 23:58:14,588 DEBUG   HandlerThread:71998 [handler.py:handle_request():144] handle_request: check_version
2024-11-21 23:58:14,588 DEBUG   SenderThread:71998 [sender.py:send_request():402] send_request: check_version
2024-11-21 23:58:14,746 DEBUG   HandlerThread:71998 [handler.py:handle_request():144] handle_request: run_start
2024-11-21 23:58:14,755 DEBUG   HandlerThread:71998 [system_info.py:__init__():31] System info init
2024-11-21 23:58:14,755 DEBUG   HandlerThread:71998 [system_info.py:__init__():46] System info init done
2024-11-21 23:58:14,755 INFO    HandlerThread:71998 [system_monitor.py:start():181] Starting system monitor
2024-11-21 23:58:14,756 INFO    SystemMonitor:71998 [system_monitor.py:_start():145] Starting system asset monitoring threads
2024-11-21 23:58:14,756 INFO    HandlerThread:71998 [system_monitor.py:probe():201] Collecting system info
2024-11-21 23:58:14,756 INFO    SystemMonitor:71998 [interfaces.py:start():190] Started cpu monitoring
2024-11-21 23:58:14,757 DEBUG   HandlerThread:71998 [system_info.py:probe():195] Probing system
2024-11-21 23:58:14,757 INFO    SystemMonitor:71998 [interfaces.py:start():190] Started disk monitoring
2024-11-21 23:58:14,760 INFO    SystemMonitor:71998 [interfaces.py:start():190] Started gpuapple monitoring
2024-11-21 23:58:14,761 INFO    SystemMonitor:71998 [interfaces.py:start():190] Started memory monitoring
2024-11-21 23:58:14,762 INFO    SystemMonitor:71998 [interfaces.py:start():190] Started network monitoring
2024-11-21 23:58:14,766 DEBUG   HandlerThread:71998 [system_info.py:_probe_git():180] Probing git
2024-11-21 23:58:14,818 DEBUG   HandlerThread:71998 [system_info.py:_probe_git():188] Probing git done
2024-11-21 23:58:14,818 DEBUG   HandlerThread:71998 [system_info.py:probe():240] Probing system done
2024-11-21 23:58:14,818 DEBUG   HandlerThread:71998 [system_monitor.py:probe():210] {'os': 'macOS-14.5-arm64-arm-64bit', 'python': '3.9.13', 'heartbeatAt': '2024-11-21T22:58:14.757310', 'startedAt': '2024-11-21T22:58:14.061903', 'docker': None, 'cuda': None, 'args': (), 'state': 'running', 'program': '/Users/aklywtx/Desktop/VLM_Bias_research/NN_pretrain/models/vit_train.py', 'codePath': 'models/vit_train.py', 'git': {'remote': 'git@github.com:aklywtx/NN_pretrain.git', 'commit': '9c277f0e49e094ac63526ffe207b61d71edd84c3'}, 'email': 'aklywtx233@163.com', 'root': '/Users/aklywtx/Desktop/VLM_Bias_research/NN_pretrain', 'host': 'MACBOOK-PRO-341.local', 'username': 'aklywtx', 'executable': '/Users/aklywtx/opt/anaconda3/bin/python', 'cpu_count': 8, 'cpu_count_logical': 8, 'disk': {'total': 926.3517189025879, 'used': 824.256275177002}, 'gpuapple': {'type': 'arm', 'vendor': 'Apple'}, 'memory': {'total': 32.0}}
2024-11-21 23:58:14,818 INFO    HandlerThread:71998 [system_monitor.py:probe():211] Finished collecting system info
2024-11-21 23:58:14,818 INFO    HandlerThread:71998 [system_monitor.py:probe():214] Publishing system info
2024-11-21 23:58:14,819 DEBUG   HandlerThread:71998 [system_info.py:_save_pip():51] Saving list of pip packages installed into the current environment
2024-11-21 23:58:14,819 DEBUG   HandlerThread:71998 [system_info.py:_save_pip():67] Saving pip packages done
2024-11-21 23:58:14,819 DEBUG   HandlerThread:71998 [system_info.py:_save_conda():74] Saving list of conda packages installed into the current environment
2024-11-21 23:58:15,595 INFO    Thread-12 :71998 [dir_watcher.py:_on_file_created():278] file/dir created: /Users/aklywtx/Desktop/VLM_Bias_research/NN_pretrain/models/wandb/run-20241121_235814-ymu95s4w/files/wandb-summary.json
2024-11-21 23:58:15,595 INFO    Thread-12 :71998 [dir_watcher.py:_on_file_created():278] file/dir created: /Users/aklywtx/Desktop/VLM_Bias_research/NN_pretrain/models/wandb/run-20241121_235814-ymu95s4w/files/conda-environment.yaml
2024-11-21 23:58:15,595 INFO    Thread-12 :71998 [dir_watcher.py:_on_file_created():278] file/dir created: /Users/aklywtx/Desktop/VLM_Bias_research/NN_pretrain/models/wandb/run-20241121_235814-ymu95s4w/files/requirements.txt
2024-11-21 23:58:26,784 INFO    cpu       :71998 [interfaces.py:monitor():140] Process cpu has exited.
2024-11-21 23:58:26,785 DEBUG   SystemMonitor:71998 [system_monitor.py:_start():159] Starting system metrics aggregation loop
2024-11-21 23:58:26,785 DEBUG   SystemMonitor:71998 [system_monitor.py:_start():166] Finished system metrics aggregation loop
2024-11-21 23:58:26,785 DEBUG   SystemMonitor:71998 [system_monitor.py:_start():170] Publishing last batch of metrics
2024-11-21 23:58:31,135 WARNING StreamThr :71998 [internal.py:is_dead():414] Internal process exiting, parent pid 71979 disappeared
2024-11-21 23:58:31,135 ERROR   StreamThr :71998 [internal.py:wandb_internal():152] Internal process shutdown.
2024-11-21 23:58:31,704 INFO    WriterThread:71998 [datastore.py:close():298] close: /Users/aklywtx/Desktop/VLM_Bias_research/NN_pretrain/models/wandb/run-20241121_235814-ymu95s4w/run-ymu95s4w.wandb
2024-11-21 23:58:31,827 INFO    SenderThread:71998 [sender.py:finish():1550] shutting down sender
2024-11-21 23:58:31,828 INFO    SenderThread:71998 [dir_watcher.py:finish():365] shutting down directory watcher
2024-11-21 23:58:32,822 INFO    SenderThread:71998 [dir_watcher.py:finish():395] scan: /Users/aklywtx/Desktop/VLM_Bias_research/NN_pretrain/models/wandb/run-20241121_235814-ymu95s4w/files
2024-11-21 23:58:32,827 INFO    SenderThread:71998 [dir_watcher.py:finish():409] scan save: /Users/aklywtx/Desktop/VLM_Bias_research/NN_pretrain/models/wandb/run-20241121_235814-ymu95s4w/files/requirements.txt requirements.txt
2024-11-21 23:58:32,860 INFO    SenderThread:71998 [dir_watcher.py:finish():409] scan save: /Users/aklywtx/Desktop/VLM_Bias_research/NN_pretrain/models/wandb/run-20241121_235814-ymu95s4w/files/config.yaml config.yaml
2024-11-21 23:58:32,898 INFO    SenderThread:71998 [dir_watcher.py:finish():409] scan save: /Users/aklywtx/Desktop/VLM_Bias_research/NN_pretrain/models/wandb/run-20241121_235814-ymu95s4w/files/wandb-summary.json wandb-summary.json
2024-11-21 23:58:32,899 INFO    SenderThread:71998 [dir_watcher.py:finish():409] scan save: /Users/aklywtx/Desktop/VLM_Bias_research/NN_pretrain/models/wandb/run-20241121_235814-ymu95s4w/files/conda-environment.yaml conda-environment.yaml
2024-11-21 23:58:32,915 INFO    SenderThread:71998 [file_pusher.py:finish():167] shutting down file pusher
2024-11-21 23:58:32,915 INFO    SenderThread:71998 [file_pusher.py:join():172] waiting for file pusher
2024-11-21 23:58:33,491 INFO    wandb-upload_0:71998 [upload_job.py:push():137] Uploaded file /Users/aklywtx/Desktop/VLM_Bias_research/NN_pretrain/models/wandb/run-20241121_235814-ymu95s4w/files/requirements.txt
2024-11-21 23:58:33,492 INFO    wandb-upload_1:71998 [upload_job.py:push():137] Uploaded file /Users/aklywtx/Desktop/VLM_Bias_research/NN_pretrain/models/wandb/run-20241121_235814-ymu95s4w/files/config.yaml
2024-11-21 23:58:33,510 INFO    wandb-upload_2:71998 [upload_job.py:push():137] Uploaded file /Users/aklywtx/Desktop/VLM_Bias_research/NN_pretrain/models/wandb/run-20241121_235814-ymu95s4w/files/wandb-summary.json
2024-11-21 23:58:35,242 DEBUG   HandlerThread:71998 [system_info.py:_save_conda():86] Saving conda packages done
2024-11-21 23:58:35,243 INFO    HandlerThread:71998 [system_monitor.py:probe():216] Finished publishing system info
2024-11-21 23:58:35,253 INFO    HandlerThread:71998 [handler.py:finish():842] shutting down handler
2024-11-21 23:58:35,253 INFO    HandlerThread:71998 [system_monitor.py:finish():190] Stopping system monitor
2024-11-21 23:58:35,253 INFO    HandlerThread:71998 [interfaces.py:finish():202] Joined cpu monitor
2024-11-21 23:58:35,253 INFO    HandlerThread:71998 [interfaces.py:finish():202] Joined disk monitor
2024-11-21 23:58:35,253 INFO    HandlerThread:71998 [interfaces.py:finish():202] Joined gpuapple monitor
2024-11-21 23:58:35,253 INFO    HandlerThread:71998 [interfaces.py:finish():202] Joined memory monitor
2024-11-21 23:58:35,253 INFO    HandlerThread:71998 [interfaces.py:finish():202] Joined network monitor
