2024-12-13 13:39:41,832 INFO    MainThread:66439 [wandb_setup.py:_flush():76] Current SDK version is 0.15.3
2024-12-13 13:39:41,833 INFO    MainThread:66439 [wandb_setup.py:_flush():76] Configure stats pid to 66439
2024-12-13 13:39:41,833 INFO    MainThread:66439 [wandb_setup.py:_flush():76] Loading settings from /Users/aklywtx/.config/wandb/settings
2024-12-13 13:39:41,833 INFO    MainThread:66439 [wandb_setup.py:_flush():76] Loading settings from /Users/aklywtx/Desktop/VLM_Bias_research/NN_pretrain/wandb/settings
2024-12-13 13:39:41,833 INFO    MainThread:66439 [wandb_setup.py:_flush():76] Loading settings from environment variables: {}
2024-12-13 13:39:41,833 INFO    MainThread:66439 [wandb_setup.py:_flush():76] Applying setup settings: {'_disable_service': False}
2024-12-13 13:39:41,833 INFO    MainThread:66439 [wandb_setup.py:_flush():76] Inferring run settings from compute environment: {'program_relpath': 'models/mlp_train.py', 'program': '/Users/aklywtx/Desktop/VLM_Bias_research/NN_pretrain/models/mlp_train.py'}
2024-12-13 13:39:41,833 INFO    MainThread:66439 [wandb_init.py:_log_setup():507] Logging user logs to /Users/aklywtx/Desktop/VLM_Bias_research/NN_pretrain/wandb/run-20241213_133941-2vth5jvv/logs/debug.log
2024-12-13 13:39:41,833 INFO    MainThread:66439 [wandb_init.py:_log_setup():508] Logging internal logs to /Users/aklywtx/Desktop/VLM_Bias_research/NN_pretrain/wandb/run-20241213_133941-2vth5jvv/logs/debug-internal.log
2024-12-13 13:39:41,833 INFO    MainThread:66439 [wandb_init.py:init():547] calling init triggers
2024-12-13 13:39:41,833 INFO    MainThread:66439 [wandb_init.py:init():554] wandb.init called with sweep_config: {}
config: {'learning_rate': 0.0001, 'epochs': 100, 'batch_size': 64, 'input_size': 65536, 'dropout': 0}
2024-12-13 13:39:41,833 INFO    MainThread:66439 [wandb_init.py:init():596] starting backend
2024-12-13 13:39:41,833 INFO    MainThread:66439 [wandb_init.py:init():600] setting up manager
2024-12-13 13:39:41,904 INFO    MainThread:66439 [backend.py:_multiprocessing_setup():106] multiprocessing start_methods=spawn,fork,forkserver, using: spawn
2024-12-13 13:39:41,906 INFO    MainThread:66439 [wandb_init.py:init():606] backend started and connected
2024-12-13 13:39:41,907 INFO    MainThread:66439 [wandb_init.py:init():700] updated telemetry
2024-12-13 13:39:41,933 INFO    MainThread:66439 [wandb_init.py:init():737] communicating run to backend with 60.0 second timeout
2024-12-13 13:39:42,451 INFO    MainThread:66439 [wandb_run.py:_on_init():2177] communicating current version
2024-12-13 13:39:42,658 INFO    MainThread:66439 [wandb_run.py:_on_init():2186] got version response upgrade_message: "wandb version 0.19.1 is available!  To upgrade, please run:\n $ pip install wandb --upgrade"

2024-12-13 13:39:42,658 INFO    MainThread:66439 [wandb_init.py:init():787] starting run threads in backend
2024-12-13 13:40:01,526 INFO    MainThread:66439 [wandb_run.py:_console_start():2158] atexit reg
2024-12-13 13:40:01,526 INFO    MainThread:66439 [wandb_run.py:_redirect():2013] redirect: SettingsConsole.WRAP_RAW
2024-12-13 13:40:01,527 INFO    MainThread:66439 [wandb_run.py:_redirect():2078] Wrapping output streams.
2024-12-13 13:40:01,527 INFO    MainThread:66439 [wandb_run.py:_redirect():2103] Redirects installed.
2024-12-13 13:40:01,527 INFO    MainThread:66439 [wandb_init.py:init():829] run started, returning control to user process
2024-12-13 13:40:08,848 WARNING MsgRouterThr:66439 [router.py:message_loop():77] message_loop has been closed
