2024-11-17 22:59:31,929 INFO    StreamThr :62967 [internal.py:wandb_internal():86] W&B internal server running at pid: 62967, started at: 2024-11-17 22:59:31.928600
2024-11-17 22:59:31,931 DEBUG   HandlerThread:62967 [handler.py:handle_request():144] handle_request: status
2024-11-17 22:59:31,936 INFO    WriterThread:62967 [datastore.py:open_for_write():85] open: /Users/aklywtx/Desktop/VLM_Bias_research/NN_pretrain/wandb/run-20241117_225931-tn5pd75h/run-tn5pd75h.wandb
2024-11-17 22:59:31,945 DEBUG   SenderThread:62967 [sender.py:send():375] send: header
2024-11-17 22:59:31,969 DEBUG   SenderThread:62967 [sender.py:send():375] send: run
2024-11-17 22:59:32,410 INFO    SenderThread:62967 [dir_watcher.py:__init__():219] watching files in: /Users/aklywtx/Desktop/VLM_Bias_research/NN_pretrain/wandb/run-20241117_225931-tn5pd75h/files
2024-11-17 22:59:32,410 INFO    SenderThread:62967 [sender.py:_start_run_threads():1124] run started: tn5pd75h with start time 1731880771.927365
2024-11-17 22:59:32,410 DEBUG   SenderThread:62967 [sender.py:send_request():402] send_request: summary_record
2024-11-17 22:59:32,410 INFO    SenderThread:62967 [sender.py:_save_file():1378] saving file wandb-summary.json with policy end
2024-11-17 22:59:32,412 DEBUG   HandlerThread:62967 [handler.py:handle_request():144] handle_request: check_version
2024-11-17 22:59:32,412 DEBUG   SenderThread:62967 [sender.py:send_request():402] send_request: check_version
2024-11-17 22:59:32,681 DEBUG   HandlerThread:62967 [handler.py:handle_request():144] handle_request: run_start
2024-11-17 22:59:32,691 DEBUG   HandlerThread:62967 [system_info.py:__init__():31] System info init
2024-11-17 22:59:32,691 DEBUG   HandlerThread:62967 [system_info.py:__init__():46] System info init done
2024-11-17 22:59:32,691 INFO    HandlerThread:62967 [system_monitor.py:start():181] Starting system monitor
2024-11-17 22:59:32,691 INFO    SystemMonitor:62967 [system_monitor.py:_start():145] Starting system asset monitoring threads
2024-11-17 22:59:32,692 INFO    HandlerThread:62967 [system_monitor.py:probe():201] Collecting system info
2024-11-17 22:59:32,692 INFO    SystemMonitor:62967 [interfaces.py:start():190] Started cpu monitoring
2024-11-17 22:59:32,692 DEBUG   HandlerThread:62967 [system_info.py:probe():195] Probing system
2024-11-17 22:59:32,692 INFO    SystemMonitor:62967 [interfaces.py:start():190] Started disk monitoring
2024-11-17 22:59:32,695 INFO    SystemMonitor:62967 [interfaces.py:start():190] Started gpuapple monitoring
2024-11-17 22:59:32,696 INFO    SystemMonitor:62967 [interfaces.py:start():190] Started memory monitoring
2024-11-17 22:59:32,696 INFO    SystemMonitor:62967 [interfaces.py:start():190] Started network monitoring
2024-11-17 22:59:32,700 DEBUG   HandlerThread:62967 [system_info.py:_probe_git():180] Probing git
2024-11-17 22:59:32,742 DEBUG   HandlerThread:62967 [system_info.py:_probe_git():188] Probing git done
2024-11-17 22:59:32,742 DEBUG   HandlerThread:62967 [system_info.py:probe():240] Probing system done
2024-11-17 22:59:32,742 DEBUG   HandlerThread:62967 [system_monitor.py:probe():210] {'os': 'macOS-14.5-arm64-arm-64bit', 'python': '3.9.13', 'heartbeatAt': '2024-11-17T21:59:32.692893', 'startedAt': '2024-11-17T21:59:31.916147', 'docker': None, 'cuda': None, 'args': (), 'state': 'running', 'program': '/Users/aklywtx/Desktop/VLM_Bias_research/NN_pretrain/models/vit_train.py', 'codePath': 'models/vit_train.py', 'git': {'remote': 'git@github.com:aklywtx/NN_pretrain.git', 'commit': '79fb9213d8f97bc1c37c0dd0a2a01a0ea0927308'}, 'email': 'aklywtx233@163.com', 'root': '/Users/aklywtx/Desktop/VLM_Bias_research/NN_pretrain', 'host': 'MACBOOK-PRO-341.local', 'username': 'aklywtx', 'executable': '/Users/aklywtx/opt/anaconda3/bin/python', 'cpu_count': 8, 'cpu_count_logical': 8, 'disk': {'total': 926.3517189025879, 'used': 834.0920104980469}, 'gpuapple': {'type': 'arm', 'vendor': 'Apple'}, 'memory': {'total': 32.0}}
2024-11-17 22:59:32,742 INFO    HandlerThread:62967 [system_monitor.py:probe():211] Finished collecting system info
2024-11-17 22:59:32,742 INFO    HandlerThread:62967 [system_monitor.py:probe():214] Publishing system info
2024-11-17 22:59:32,742 DEBUG   HandlerThread:62967 [system_info.py:_save_pip():51] Saving list of pip packages installed into the current environment
2024-11-17 22:59:32,743 DEBUG   HandlerThread:62967 [system_info.py:_save_pip():67] Saving pip packages done
2024-11-17 22:59:32,743 DEBUG   HandlerThread:62967 [system_info.py:_save_conda():74] Saving list of conda packages installed into the current environment
2024-11-17 22:59:33,416 INFO    Thread-12 :62967 [dir_watcher.py:_on_file_created():278] file/dir created: /Users/aklywtx/Desktop/VLM_Bias_research/NN_pretrain/wandb/run-20241117_225931-tn5pd75h/files/wandb-summary.json
2024-11-17 22:59:33,417 INFO    Thread-12 :62967 [dir_watcher.py:_on_file_created():278] file/dir created: /Users/aklywtx/Desktop/VLM_Bias_research/NN_pretrain/wandb/run-20241117_225931-tn5pd75h/files/conda-environment.yaml
2024-11-17 22:59:33,417 INFO    Thread-12 :62967 [dir_watcher.py:_on_file_created():278] file/dir created: /Users/aklywtx/Desktop/VLM_Bias_research/NN_pretrain/wandb/run-20241117_225931-tn5pd75h/files/requirements.txt
2024-11-17 22:59:51,256 DEBUG   HandlerThread:62967 [system_info.py:_save_conda():86] Saving conda packages done
2024-11-17 22:59:51,257 INFO    HandlerThread:62967 [system_monitor.py:probe():216] Finished publishing system info
2024-11-17 22:59:51,271 DEBUG   HandlerThread:62967 [handler.py:handle_request():144] handle_request: status_report
2024-11-17 22:59:51,271 DEBUG   HandlerThread:62967 [handler.py:handle_request():144] handle_request: keepalive
2024-11-17 22:59:51,271 DEBUG   HandlerThread:62967 [handler.py:handle_request():144] handle_request: status_report
2024-11-17 22:59:51,272 DEBUG   HandlerThread:62967 [handler.py:handle_request():144] handle_request: keepalive
2024-11-17 22:59:51,272 DEBUG   HandlerThread:62967 [handler.py:handle_request():144] handle_request: status_report
2024-11-17 22:59:51,272 DEBUG   HandlerThread:62967 [handler.py:handle_request():144] handle_request: keepalive
2024-11-17 22:59:51,272 DEBUG   SenderThread:62967 [sender.py:send():375] send: files
2024-11-17 22:59:51,272 INFO    SenderThread:62967 [sender.py:_save_file():1378] saving file wandb-metadata.json with policy now
2024-11-17 22:59:51,285 DEBUG   HandlerThread:62967 [handler.py:handle_request():144] handle_request: stop_status
2024-11-17 22:59:51,285 DEBUG   SenderThread:62967 [sender.py:send_request():402] send_request: stop_status
2024-11-17 22:59:51,502 INFO    Thread-12 :62967 [dir_watcher.py:_on_file_modified():295] file/dir modified: /Users/aklywtx/Desktop/VLM_Bias_research/NN_pretrain/wandb/run-20241117_225931-tn5pd75h/files/conda-environment.yaml
2024-11-17 22:59:51,502 INFO    Thread-12 :62967 [dir_watcher.py:_on_file_created():278] file/dir created: /Users/aklywtx/Desktop/VLM_Bias_research/NN_pretrain/wandb/run-20241117_225931-tn5pd75h/files/wandb-metadata.json
2024-11-17 22:59:51,634 DEBUG   SenderThread:62967 [sender.py:send():375] send: telemetry
2024-11-17 22:59:51,772 INFO    wandb-upload_0:62967 [upload_job.py:push():137] Uploaded file /var/folders/b8/j860yxxx1bb1pjgc34kr65dm0000gn/T/tmpjq1521gdwandb/p5ux66ij-wandb-metadata.json
2024-11-17 22:59:53,641 DEBUG   HandlerThread:62967 [handler.py:handle_request():144] handle_request: status_report
2024-11-17 22:59:58,665 DEBUG   HandlerThread:62967 [handler.py:handle_request():144] handle_request: status_report
2024-11-17 23:00:03,730 DEBUG   HandlerThread:62967 [handler.py:handle_request():144] handle_request: status_report
2024-11-17 23:00:04,599 INFO    Thread-12 :62967 [dir_watcher.py:_on_file_modified():295] file/dir modified: /Users/aklywtx/Desktop/VLM_Bias_research/NN_pretrain/wandb/run-20241117_225931-tn5pd75h/files/config.yaml
2024-11-17 23:00:06,291 DEBUG   HandlerThread:62967 [handler.py:handle_request():144] handle_request: stop_status
2024-11-17 23:00:06,292 DEBUG   SenderThread:62967 [sender.py:send_request():402] send_request: stop_status
2024-11-17 23:00:07,615 INFO    Thread-12 :62967 [dir_watcher.py:_on_file_created():278] file/dir created: /Users/aklywtx/Desktop/VLM_Bias_research/NN_pretrain/wandb/run-20241117_225931-tn5pd75h/files/output.log
2024-11-17 23:00:07,802 DEBUG   SenderThread:62967 [sender.py:send():375] send: exit
2024-11-17 23:00:07,803 INFO    SenderThread:62967 [sender.py:send_exit():598] handling exit code: 1
2024-11-17 23:00:07,803 INFO    SenderThread:62967 [sender.py:send_exit():600] handling runtime: 35
2024-11-17 23:00:07,804 INFO    SenderThread:62967 [sender.py:_save_file():1378] saving file wandb-summary.json with policy end
2024-11-17 23:00:07,805 INFO    SenderThread:62967 [sender.py:send_exit():606] send defer
2024-11-17 23:00:07,805 DEBUG   HandlerThread:62967 [handler.py:handle_request():144] handle_request: defer
2024-11-17 23:00:07,805 INFO    HandlerThread:62967 [handler.py:handle_request_defer():170] handle defer: 0
2024-11-17 23:00:07,805 DEBUG   SenderThread:62967 [sender.py:send_request():402] send_request: defer
2024-11-17 23:00:07,805 INFO    SenderThread:62967 [sender.py:send_request_defer():622] handle sender defer: 0
2024-11-17 23:00:07,805 INFO    SenderThread:62967 [sender.py:transition_state():626] send defer: 1
2024-11-17 23:00:07,805 DEBUG   HandlerThread:62967 [handler.py:handle_request():144] handle_request: defer
2024-11-17 23:00:07,805 INFO    HandlerThread:62967 [handler.py:handle_request_defer():170] handle defer: 1
2024-11-17 23:00:07,806 DEBUG   SenderThread:62967 [sender.py:send_request():402] send_request: defer
2024-11-17 23:00:07,806 INFO    SenderThread:62967 [sender.py:send_request_defer():622] handle sender defer: 1
2024-11-17 23:00:07,806 INFO    SenderThread:62967 [sender.py:transition_state():626] send defer: 2
2024-11-17 23:00:07,806 DEBUG   HandlerThread:62967 [handler.py:handle_request():144] handle_request: defer
2024-11-17 23:00:07,806 INFO    HandlerThread:62967 [handler.py:handle_request_defer():170] handle defer: 2
2024-11-17 23:00:07,807 INFO    HandlerThread:62967 [system_monitor.py:finish():190] Stopping system monitor
2024-11-17 23:00:07,807 DEBUG   SystemMonitor:62967 [system_monitor.py:_start():159] Starting system metrics aggregation loop
2024-11-17 23:00:07,807 INFO    HandlerThread:62967 [interfaces.py:finish():202] Joined cpu monitor
2024-11-17 23:00:07,807 DEBUG   SystemMonitor:62967 [system_monitor.py:_start():166] Finished system metrics aggregation loop
2024-11-17 23:00:07,808 INFO    HandlerThread:62967 [interfaces.py:finish():202] Joined disk monitor
2024-11-17 23:00:07,808 DEBUG   SystemMonitor:62967 [system_monitor.py:_start():170] Publishing last batch of metrics
2024-11-17 23:00:08,206 INFO    HandlerThread:62967 [interfaces.py:finish():202] Joined gpuapple monitor
2024-11-17 23:00:08,206 INFO    HandlerThread:62967 [interfaces.py:finish():202] Joined memory monitor
2024-11-17 23:00:08,206 INFO    HandlerThread:62967 [interfaces.py:finish():202] Joined network monitor
2024-11-17 23:00:08,207 DEBUG   SenderThread:62967 [sender.py:send_request():402] send_request: defer
2024-11-17 23:00:08,207 INFO    SenderThread:62967 [sender.py:send_request_defer():622] handle sender defer: 2
2024-11-17 23:00:08,207 INFO    SenderThread:62967 [sender.py:transition_state():626] send defer: 3
2024-11-17 23:00:08,207 DEBUG   SenderThread:62967 [sender.py:send():375] send: telemetry
2024-11-17 23:00:08,207 DEBUG   HandlerThread:62967 [handler.py:handle_request():144] handle_request: defer
2024-11-17 23:00:08,207 INFO    HandlerThread:62967 [handler.py:handle_request_defer():170] handle defer: 3
2024-11-17 23:00:08,207 DEBUG   SenderThread:62967 [sender.py:send():375] send: stats
2024-11-17 23:00:08,207 DEBUG   SenderThread:62967 [sender.py:send_request():402] send_request: defer
2024-11-17 23:00:08,207 INFO    SenderThread:62967 [sender.py:send_request_defer():622] handle sender defer: 3
2024-11-17 23:00:08,207 INFO    SenderThread:62967 [sender.py:transition_state():626] send defer: 4
2024-11-17 23:00:08,207 DEBUG   HandlerThread:62967 [handler.py:handle_request():144] handle_request: defer
2024-11-17 23:00:08,207 INFO    HandlerThread:62967 [handler.py:handle_request_defer():170] handle defer: 4
2024-11-17 23:00:08,208 DEBUG   SenderThread:62967 [sender.py:send_request():402] send_request: defer
2024-11-17 23:00:08,208 INFO    SenderThread:62967 [sender.py:send_request_defer():622] handle sender defer: 4
2024-11-17 23:00:08,208 INFO    SenderThread:62967 [sender.py:transition_state():626] send defer: 5
2024-11-17 23:00:08,208 DEBUG   HandlerThread:62967 [handler.py:handle_request():144] handle_request: defer
2024-11-17 23:00:08,208 INFO    HandlerThread:62967 [handler.py:handle_request_defer():170] handle defer: 5
2024-11-17 23:00:08,208 DEBUG   SenderThread:62967 [sender.py:send():375] send: summary
2024-11-17 23:00:08,208 INFO    SenderThread:62967 [sender.py:_save_file():1378] saving file wandb-summary.json with policy end
2024-11-17 23:00:08,208 DEBUG   SenderThread:62967 [sender.py:send_request():402] send_request: defer
2024-11-17 23:00:08,208 INFO    SenderThread:62967 [sender.py:send_request_defer():622] handle sender defer: 5
2024-11-17 23:00:08,208 INFO    SenderThread:62967 [sender.py:transition_state():626] send defer: 6
2024-11-17 23:00:08,208 DEBUG   HandlerThread:62967 [handler.py:handle_request():144] handle_request: defer
2024-11-17 23:00:08,208 INFO    HandlerThread:62967 [handler.py:handle_request_defer():170] handle defer: 6
2024-11-17 23:00:08,208 DEBUG   SenderThread:62967 [sender.py:send_request():402] send_request: defer
2024-11-17 23:00:08,208 INFO    SenderThread:62967 [sender.py:send_request_defer():622] handle sender defer: 6
2024-11-17 23:00:08,211 DEBUG   HandlerThread:62967 [handler.py:handle_request():144] handle_request: status_report
2024-11-17 23:00:08,386 INFO    SenderThread:62967 [sender.py:transition_state():626] send defer: 7
2024-11-17 23:00:08,386 DEBUG   HandlerThread:62967 [handler.py:handle_request():144] handle_request: defer
2024-11-17 23:00:08,386 INFO    HandlerThread:62967 [handler.py:handle_request_defer():170] handle defer: 7
2024-11-17 23:00:08,387 DEBUG   SenderThread:62967 [sender.py:send_request():402] send_request: defer
2024-11-17 23:00:08,387 INFO    SenderThread:62967 [sender.py:send_request_defer():622] handle sender defer: 7
2024-11-17 23:00:08,620 INFO    Thread-12 :62967 [dir_watcher.py:_on_file_modified():295] file/dir modified: /Users/aklywtx/Desktop/VLM_Bias_research/NN_pretrain/wandb/run-20241117_225931-tn5pd75h/files/wandb-summary.json
2024-11-17 23:00:08,620 INFO    Thread-12 :62967 [dir_watcher.py:_on_file_modified():295] file/dir modified: /Users/aklywtx/Desktop/VLM_Bias_research/NN_pretrain/wandb/run-20241117_225931-tn5pd75h/files/config.yaml
2024-11-17 23:00:08,805 DEBUG   HandlerThread:62967 [handler.py:handle_request():144] handle_request: poll_exit
2024-11-17 23:00:09,622 INFO    SenderThread:62967 [sender.py:transition_state():626] send defer: 8
2024-11-17 23:00:09,623 DEBUG   SenderThread:62967 [sender.py:send_request():402] send_request: poll_exit
2024-11-17 23:00:09,623 DEBUG   HandlerThread:62967 [handler.py:handle_request():144] handle_request: defer
2024-11-17 23:00:09,623 INFO    HandlerThread:62967 [handler.py:handle_request_defer():170] handle defer: 8
2024-11-17 23:00:09,623 DEBUG   SenderThread:62967 [sender.py:send_request():402] send_request: defer
2024-11-17 23:00:09,623 INFO    SenderThread:62967 [sender.py:send_request_defer():622] handle sender defer: 8
2024-11-17 23:00:09,625 INFO    Thread-12 :62967 [dir_watcher.py:_on_file_modified():295] file/dir modified: /Users/aklywtx/Desktop/VLM_Bias_research/NN_pretrain/wandb/run-20241117_225931-tn5pd75h/files/output.log
2024-11-17 23:00:09,627 INFO    SenderThread:62967 [sender.py:transition_state():626] send defer: 9
2024-11-17 23:00:09,627 DEBUG   HandlerThread:62967 [handler.py:handle_request():144] handle_request: defer
2024-11-17 23:00:09,627 DEBUG   SenderThread:62967 [sender.py:send():375] send: artifact
2024-11-17 23:00:09,627 INFO    HandlerThread:62967 [handler.py:handle_request_defer():170] handle defer: 9
2024-11-17 23:00:09,810 DEBUG   HandlerThread:62967 [handler.py:handle_request():144] handle_request: poll_exit
2024-11-17 23:00:10,542 INFO    SenderThread:62967 [sender.py:send_artifact():1474] sent artifact job-git_github.com_aklywtx_NN_pretrain.git_models_vit_train.py - {'id': 'QXJ0aWZhY3Q6MTMzOTE4MDA5Nw==', 'digest': '3b7016cdad4dc73d74f0d986411f778e', 'state': 'COMMITTED', 'aliases': [{'artifactCollectionName': 'job-git_github.com_aklywtx_NN_pretrain.git_models_vit_train.py', 'alias': 'latest'}, {'artifactCollectionName': 'job-git_github.com_aklywtx_NN_pretrain.git_models_vit_train.py', 'alias': 'v0'}], 'artifactSequence': {'id': 'QXJ0aWZhY3RDb2xsZWN0aW9uOjQ5NjcxNDYxOQ==', 'latestArtifact': {'id': 'QXJ0aWZhY3Q6MTMzOTE4MDA5Nw==', 'versionIndex': 0}}, 'version': 'v0'}
2024-11-17 23:00:10,542 DEBUG   SenderThread:62967 [sender.py:send_request():402] send_request: defer
2024-11-17 23:00:10,542 INFO    SenderThread:62967 [sender.py:send_request_defer():622] handle sender defer: 9
2024-11-17 23:00:10,542 INFO    SenderThread:62967 [dir_watcher.py:finish():365] shutting down directory watcher
2024-11-17 23:00:10,629 INFO    SenderThread:62967 [dir_watcher.py:finish():395] scan: /Users/aklywtx/Desktop/VLM_Bias_research/NN_pretrain/wandb/run-20241117_225931-tn5pd75h/files
2024-11-17 23:00:10,630 INFO    SenderThread:62967 [dir_watcher.py:finish():409] scan save: /Users/aklywtx/Desktop/VLM_Bias_research/NN_pretrain/wandb/run-20241117_225931-tn5pd75h/files/requirements.txt requirements.txt
2024-11-17 23:00:10,630 INFO    SenderThread:62967 [dir_watcher.py:finish():409] scan save: /Users/aklywtx/Desktop/VLM_Bias_research/NN_pretrain/wandb/run-20241117_225931-tn5pd75h/files/output.log output.log
2024-11-17 23:00:10,630 INFO    SenderThread:62967 [dir_watcher.py:finish():409] scan save: /Users/aklywtx/Desktop/VLM_Bias_research/NN_pretrain/wandb/run-20241117_225931-tn5pd75h/files/config.yaml config.yaml
2024-11-17 23:00:10,630 INFO    SenderThread:62967 [dir_watcher.py:finish():409] scan save: /Users/aklywtx/Desktop/VLM_Bias_research/NN_pretrain/wandb/run-20241117_225931-tn5pd75h/files/wandb-summary.json wandb-summary.json
2024-11-17 23:00:10,630 INFO    SenderThread:62967 [dir_watcher.py:finish():409] scan save: /Users/aklywtx/Desktop/VLM_Bias_research/NN_pretrain/wandb/run-20241117_225931-tn5pd75h/files/conda-environment.yaml conda-environment.yaml
2024-11-17 23:00:10,639 INFO    SenderThread:62967 [dir_watcher.py:finish():409] scan save: /Users/aklywtx/Desktop/VLM_Bias_research/NN_pretrain/wandb/run-20241117_225931-tn5pd75h/files/wandb-metadata.json wandb-metadata.json
2024-11-17 23:00:10,639 INFO    SenderThread:62967 [sender.py:transition_state():626] send defer: 10
2024-11-17 23:00:10,639 DEBUG   SenderThread:62967 [sender.py:send_request():402] send_request: poll_exit
2024-11-17 23:00:10,640 DEBUG   HandlerThread:62967 [handler.py:handle_request():144] handle_request: defer
2024-11-17 23:00:10,640 INFO    HandlerThread:62967 [handler.py:handle_request_defer():170] handle defer: 10
2024-11-17 23:00:10,640 DEBUG   SenderThread:62967 [sender.py:send_request():402] send_request: defer
2024-11-17 23:00:10,640 INFO    SenderThread:62967 [sender.py:send_request_defer():622] handle sender defer: 10
2024-11-17 23:00:10,640 INFO    SenderThread:62967 [file_pusher.py:finish():167] shutting down file pusher
2024-11-17 23:00:10,815 DEBUG   HandlerThread:62967 [handler.py:handle_request():144] handle_request: poll_exit
2024-11-17 23:00:10,815 DEBUG   SenderThread:62967 [sender.py:send_request():402] send_request: poll_exit
2024-11-17 23:00:11,142 INFO    wandb-upload_0:62967 [upload_job.py:push():137] Uploaded file /Users/aklywtx/Desktop/VLM_Bias_research/NN_pretrain/wandb/run-20241117_225931-tn5pd75h/files/requirements.txt
2024-11-17 23:00:11,223 INFO    wandb-upload_1:62967 [upload_job.py:push():137] Uploaded file /Users/aklywtx/Desktop/VLM_Bias_research/NN_pretrain/wandb/run-20241117_225931-tn5pd75h/files/output.log
2024-11-17 23:00:11,246 INFO    wandb-upload_2:62967 [upload_job.py:push():137] Uploaded file /Users/aklywtx/Desktop/VLM_Bias_research/NN_pretrain/wandb/run-20241117_225931-tn5pd75h/files/config.yaml
2024-11-17 23:00:11,298 INFO    wandb-upload_3:62967 [upload_job.py:push():137] Uploaded file /Users/aklywtx/Desktop/VLM_Bias_research/NN_pretrain/wandb/run-20241117_225931-tn5pd75h/files/wandb-summary.json
2024-11-17 23:00:11,402 INFO    wandb-upload_4:62967 [upload_job.py:push():137] Uploaded file /Users/aklywtx/Desktop/VLM_Bias_research/NN_pretrain/wandb/run-20241117_225931-tn5pd75h/files/conda-environment.yaml
2024-11-17 23:00:11,604 INFO    Thread-11 :62967 [sender.py:transition_state():626] send defer: 11
2024-11-17 23:00:11,604 DEBUG   HandlerThread:62967 [handler.py:handle_request():144] handle_request: defer
2024-11-17 23:00:11,605 INFO    HandlerThread:62967 [handler.py:handle_request_defer():170] handle defer: 11
2024-11-17 23:00:11,605 DEBUG   SenderThread:62967 [sender.py:send_request():402] send_request: defer
2024-11-17 23:00:11,605 INFO    SenderThread:62967 [sender.py:send_request_defer():622] handle sender defer: 11
2024-11-17 23:00:11,605 INFO    SenderThread:62967 [file_pusher.py:join():172] waiting for file pusher
2024-11-17 23:00:11,605 INFO    SenderThread:62967 [sender.py:transition_state():626] send defer: 12
2024-11-17 23:00:11,606 DEBUG   HandlerThread:62967 [handler.py:handle_request():144] handle_request: defer
2024-11-17 23:00:11,606 INFO    HandlerThread:62967 [handler.py:handle_request_defer():170] handle defer: 12
2024-11-17 23:00:11,606 DEBUG   SenderThread:62967 [sender.py:send_request():402] send_request: defer
2024-11-17 23:00:11,606 INFO    SenderThread:62967 [sender.py:send_request_defer():622] handle sender defer: 12
2024-11-17 23:00:11,753 INFO    SenderThread:62967 [sender.py:transition_state():626] send defer: 13
2024-11-17 23:00:11,754 DEBUG   HandlerThread:62967 [handler.py:handle_request():144] handle_request: defer
2024-11-17 23:00:11,754 INFO    HandlerThread:62967 [handler.py:handle_request_defer():170] handle defer: 13
2024-11-17 23:00:11,754 DEBUG   SenderThread:62967 [sender.py:send_request():402] send_request: defer
2024-11-17 23:00:11,754 INFO    SenderThread:62967 [sender.py:send_request_defer():622] handle sender defer: 13
2024-11-17 23:00:11,754 INFO    SenderThread:62967 [sender.py:transition_state():626] send defer: 14
2024-11-17 23:00:11,754 DEBUG   HandlerThread:62967 [handler.py:handle_request():144] handle_request: defer
2024-11-17 23:00:11,754 INFO    HandlerThread:62967 [handler.py:handle_request_defer():170] handle defer: 14
2024-11-17 23:00:11,754 DEBUG   SenderThread:62967 [sender.py:send():375] send: final
2024-11-17 23:00:11,755 DEBUG   SenderThread:62967 [sender.py:send():375] send: footer
2024-11-17 23:00:11,755 DEBUG   SenderThread:62967 [sender.py:send_request():402] send_request: defer
2024-11-17 23:00:11,755 INFO    SenderThread:62967 [sender.py:send_request_defer():622] handle sender defer: 14
2024-11-17 23:00:11,755 DEBUG   HandlerThread:62967 [handler.py:handle_request():144] handle_request: poll_exit
2024-11-17 23:00:11,755 DEBUG   HandlerThread:62967 [handler.py:handle_request():144] handle_request: poll_exit
2024-11-17 23:00:11,756 DEBUG   SenderThread:62967 [sender.py:send_request():402] send_request: poll_exit
2024-11-17 23:00:11,756 DEBUG   SenderThread:62967 [sender.py:send_request():402] send_request: poll_exit
2024-11-17 23:00:11,756 DEBUG   HandlerThread:62967 [handler.py:handle_request():144] handle_request: server_info
2024-11-17 23:00:11,756 DEBUG   HandlerThread:62967 [handler.py:handle_request():144] handle_request: get_summary
2024-11-17 23:00:11,756 DEBUG   SenderThread:62967 [sender.py:send_request():402] send_request: server_info
2024-11-17 23:00:11,757 DEBUG   HandlerThread:62967 [handler.py:handle_request():144] handle_request: sampled_history
2024-11-17 23:00:11,911 INFO    MainThread:62967 [wandb_run.py:_footer_history_summary_info():3469] rendering history
2024-11-17 23:00:11,911 INFO    MainThread:62967 [wandb_run.py:_footer_history_summary_info():3501] rendering summary
2024-11-17 23:00:11,911 INFO    MainThread:62967 [wandb_run.py:_footer_sync_info():3428] logging synced files
2024-11-17 23:00:11,912 DEBUG   HandlerThread:62967 [handler.py:handle_request():144] handle_request: shutdown
2024-11-17 23:00:11,912 INFO    HandlerThread:62967 [handler.py:finish():842] shutting down handler
2024-11-17 23:00:12,761 INFO    WriterThread:62967 [datastore.py:close():298] close: /Users/aklywtx/Desktop/VLM_Bias_research/NN_pretrain/wandb/run-20241117_225931-tn5pd75h/run-tn5pd75h.wandb
2024-11-17 23:00:12,913 INFO    SenderThread:62967 [sender.py:finish():1550] shutting down sender
2024-11-17 23:00:12,913 INFO    SenderThread:62967 [file_pusher.py:finish():167] shutting down file pusher
2024-11-17 23:00:12,913 INFO    SenderThread:62967 [file_pusher.py:join():172] waiting for file pusher
