2024-11-16 01:39:28,184 INFO    StreamThr :64420 [internal.py:wandb_internal():86] W&B internal server running at pid: 64420, started at: 2024-11-16 01:39:28.184221
2024-11-16 01:39:28,186 DEBUG   HandlerThread:64420 [handler.py:handle_request():144] handle_request: status
2024-11-16 01:39:28,188 INFO    WriterThread:64420 [datastore.py:open_for_write():85] open: /Users/aklywtx/Desktop/VLM_Bias_research/NN_pretrain/wandb/run-20241116_013928-40j92m7b/run-40j92m7b.wandb
2024-11-16 01:39:28,188 DEBUG   SenderThread:64420 [sender.py:send():375] send: header
2024-11-16 01:39:28,214 DEBUG   SenderThread:64420 [sender.py:send():375] send: run
2024-11-16 01:39:28,719 INFO    SenderThread:64420 [dir_watcher.py:__init__():219] watching files in: /Users/aklywtx/Desktop/VLM_Bias_research/NN_pretrain/wandb/run-20241116_013928-40j92m7b/files
2024-11-16 01:39:28,719 INFO    SenderThread:64420 [sender.py:_start_run_threads():1124] run started: 40j92m7b with start time 1731717568.183333
2024-11-16 01:39:28,719 DEBUG   SenderThread:64420 [sender.py:send_request():402] send_request: summary_record
2024-11-16 01:39:28,719 INFO    SenderThread:64420 [sender.py:_save_file():1378] saving file wandb-summary.json with policy end
2024-11-16 01:39:28,720 DEBUG   HandlerThread:64420 [handler.py:handle_request():144] handle_request: check_version
2024-11-16 01:39:28,721 DEBUG   SenderThread:64420 [sender.py:send_request():402] send_request: check_version
2024-11-16 01:39:28,863 DEBUG   HandlerThread:64420 [handler.py:handle_request():144] handle_request: run_start
2024-11-16 01:39:28,869 DEBUG   HandlerThread:64420 [system_info.py:__init__():31] System info init
2024-11-16 01:39:28,869 DEBUG   HandlerThread:64420 [system_info.py:__init__():46] System info init done
2024-11-16 01:39:28,869 INFO    HandlerThread:64420 [system_monitor.py:start():181] Starting system monitor
2024-11-16 01:39:28,869 INFO    SystemMonitor:64420 [system_monitor.py:_start():145] Starting system asset monitoring threads
2024-11-16 01:39:28,870 INFO    HandlerThread:64420 [system_monitor.py:probe():201] Collecting system info
2024-11-16 01:39:28,870 INFO    SystemMonitor:64420 [interfaces.py:start():190] Started cpu monitoring
2024-11-16 01:39:28,870 INFO    SystemMonitor:64420 [interfaces.py:start():190] Started disk monitoring
2024-11-16 01:39:28,870 DEBUG   HandlerThread:64420 [system_info.py:probe():195] Probing system
2024-11-16 01:39:28,871 INFO    SystemMonitor:64420 [interfaces.py:start():190] Started gpuapple monitoring
2024-11-16 01:39:28,873 INFO    SystemMonitor:64420 [interfaces.py:start():190] Started memory monitoring
2024-11-16 01:39:28,874 INFO    SystemMonitor:64420 [interfaces.py:start():190] Started network monitoring
2024-11-16 01:39:28,878 DEBUG   HandlerThread:64420 [system_info.py:_probe_git():180] Probing git
2024-11-16 01:39:28,911 DEBUG   HandlerThread:64420 [system_info.py:_probe_git():188] Probing git done
2024-11-16 01:39:28,912 DEBUG   HandlerThread:64420 [system_info.py:probe():240] Probing system done
2024-11-16 01:39:28,912 DEBUG   HandlerThread:64420 [system_monitor.py:probe():210] {'os': 'macOS-14.5-arm64-arm-64bit', 'python': '3.9.13', 'heartbeatAt': '2024-11-16T00:39:28.870944', 'startedAt': '2024-11-16T00:39:28.163658', 'docker': None, 'cuda': None, 'args': (), 'state': 'running', 'program': '/Users/aklywtx/Desktop/VLM_Bias_research/NN_pretrain/MLP/MLP_1layer_mps.py', 'codePath': 'MLP/MLP_1layer_mps.py', 'git': {'remote': 'git@github.com:aklywtx/NN_pretrain.git', 'commit': '4255dc4c7b2d19dfe03ca2a177776a6b683c9030'}, 'email': 'aklywtx233@163.com', 'root': '/Users/aklywtx/Desktop/VLM_Bias_research/NN_pretrain', 'host': 'MacBook-Pro-341.local', 'username': 'aklywtx', 'executable': '/Users/aklywtx/opt/anaconda3/bin/python', 'cpu_count': 8, 'cpu_count_logical': 8, 'disk': {'total': 926.3517189025879, 'used': 844.0089874267578}, 'gpuapple': {'type': 'arm', 'vendor': 'Apple'}, 'memory': {'total': 32.0}}
2024-11-16 01:39:28,912 INFO    HandlerThread:64420 [system_monitor.py:probe():211] Finished collecting system info
2024-11-16 01:39:28,912 INFO    HandlerThread:64420 [system_monitor.py:probe():214] Publishing system info
2024-11-16 01:39:28,912 DEBUG   HandlerThread:64420 [system_info.py:_save_pip():51] Saving list of pip packages installed into the current environment
2024-11-16 01:39:28,913 DEBUG   HandlerThread:64420 [system_info.py:_save_pip():67] Saving pip packages done
2024-11-16 01:39:28,913 DEBUG   HandlerThread:64420 [system_info.py:_save_conda():74] Saving list of conda packages installed into the current environment
2024-11-16 01:39:29,725 INFO    Thread-12 :64420 [dir_watcher.py:_on_file_created():278] file/dir created: /Users/aklywtx/Desktop/VLM_Bias_research/NN_pretrain/wandb/run-20241116_013928-40j92m7b/files/wandb-summary.json
2024-11-16 01:39:29,725 INFO    Thread-12 :64420 [dir_watcher.py:_on_file_created():278] file/dir created: /Users/aklywtx/Desktop/VLM_Bias_research/NN_pretrain/wandb/run-20241116_013928-40j92m7b/files/conda-environment.yaml
2024-11-16 01:39:29,726 INFO    Thread-12 :64420 [dir_watcher.py:_on_file_created():278] file/dir created: /Users/aklywtx/Desktop/VLM_Bias_research/NN_pretrain/wandb/run-20241116_013928-40j92m7b/files/requirements.txt
2024-11-16 01:39:50,661 DEBUG   HandlerThread:64420 [system_info.py:_save_conda():86] Saving conda packages done
2024-11-16 01:39:50,662 INFO    HandlerThread:64420 [system_monitor.py:probe():216] Finished publishing system info
2024-11-16 01:39:50,673 DEBUG   HandlerThread:64420 [handler.py:handle_request():144] handle_request: status_report
2024-11-16 01:39:50,673 DEBUG   HandlerThread:64420 [handler.py:handle_request():144] handle_request: keepalive
2024-11-16 01:39:50,674 DEBUG   HandlerThread:64420 [handler.py:handle_request():144] handle_request: status_report
2024-11-16 01:39:50,674 DEBUG   HandlerThread:64420 [handler.py:handle_request():144] handle_request: keepalive
2024-11-16 01:39:50,674 DEBUG   HandlerThread:64420 [handler.py:handle_request():144] handle_request: status_report
2024-11-16 01:39:50,674 DEBUG   HandlerThread:64420 [handler.py:handle_request():144] handle_request: keepalive
2024-11-16 01:39:50,674 DEBUG   HandlerThread:64420 [handler.py:handle_request():144] handle_request: status_report
2024-11-16 01:39:50,674 DEBUG   HandlerThread:64420 [handler.py:handle_request():144] handle_request: keepalive
2024-11-16 01:39:50,674 DEBUG   SenderThread:64420 [sender.py:send():375] send: files
2024-11-16 01:39:50,674 INFO    SenderThread:64420 [sender.py:_save_file():1378] saving file wandb-metadata.json with policy now
2024-11-16 01:39:50,680 DEBUG   SenderThread:64420 [sender.py:send():375] send: telemetry
2024-11-16 01:39:50,680 DEBUG   HandlerThread:64420 [handler.py:handle_request():144] handle_request: stop_status
2024-11-16 01:39:50,681 DEBUG   SenderThread:64420 [sender.py:send_request():402] send_request: stop_status
2024-11-16 01:39:50,825 INFO    Thread-12 :64420 [dir_watcher.py:_on_file_modified():295] file/dir modified: /Users/aklywtx/Desktop/VLM_Bias_research/NN_pretrain/wandb/run-20241116_013928-40j92m7b/files/conda-environment.yaml
2024-11-16 01:39:50,826 INFO    Thread-12 :64420 [dir_watcher.py:_on_file_created():278] file/dir created: /Users/aklywtx/Desktop/VLM_Bias_research/NN_pretrain/wandb/run-20241116_013928-40j92m7b/files/wandb-metadata.json
2024-11-16 01:39:51,200 INFO    wandb-upload_0:64420 [upload_job.py:push():137] Uploaded file /var/folders/b8/j860yxxx1bb1pjgc34kr65dm0000gn/T/tmp77b0bdlxwandb/kdvifn5x-wandb-metadata.json
2024-11-16 01:39:53,956 DEBUG   HandlerThread:64420 [handler.py:handle_request():144] handle_request: status_report
2024-11-16 01:39:58,976 DEBUG   HandlerThread:64420 [handler.py:handle_request():144] handle_request: status_report
2024-11-16 01:39:59,852 INFO    Thread-12 :64420 [dir_watcher.py:_on_file_modified():295] file/dir modified: /Users/aklywtx/Desktop/VLM_Bias_research/NN_pretrain/wandb/run-20241116_013928-40j92m7b/files/config.yaml
2024-11-16 01:40:04,170 DEBUG   HandlerThread:64420 [handler.py:handle_request():144] handle_request: status_report
2024-11-16 01:40:05,683 DEBUG   HandlerThread:64420 [handler.py:handle_request():144] handle_request: stop_status
2024-11-16 01:40:05,684 DEBUG   SenderThread:64420 [sender.py:send_request():402] send_request: stop_status
2024-11-16 01:40:06,881 INFO    Thread-12 :64420 [dir_watcher.py:_on_file_created():278] file/dir created: /Users/aklywtx/Desktop/VLM_Bias_research/NN_pretrain/wandb/run-20241116_013928-40j92m7b/files/output.log
2024-11-16 01:40:08,891 INFO    Thread-12 :64420 [dir_watcher.py:_on_file_modified():295] file/dir modified: /Users/aklywtx/Desktop/VLM_Bias_research/NN_pretrain/wandb/run-20241116_013928-40j92m7b/files/output.log
2024-11-16 01:40:09,239 DEBUG   HandlerThread:64420 [handler.py:handle_request():144] handle_request: status_report
2024-11-16 01:40:10,902 INFO    Thread-12 :64420 [dir_watcher.py:_on_file_modified():295] file/dir modified: /Users/aklywtx/Desktop/VLM_Bias_research/NN_pretrain/wandb/run-20241116_013928-40j92m7b/files/output.log
2024-11-16 01:40:11,220 DEBUG   HandlerThread:64420 [handler.py:handle_request():144] handle_request: partial_history
2024-11-16 01:40:11,222 DEBUG   SenderThread:64420 [sender.py:send():375] send: history
2024-11-16 01:40:11,222 DEBUG   SenderThread:64420 [sender.py:send_request():402] send_request: summary_record
2024-11-16 01:40:11,223 INFO    SenderThread:64420 [sender.py:_save_file():1378] saving file wandb-summary.json with policy end
2024-11-16 01:40:11,905 INFO    Thread-12 :64420 [dir_watcher.py:_on_file_modified():295] file/dir modified: /Users/aklywtx/Desktop/VLM_Bias_research/NN_pretrain/wandb/run-20241116_013928-40j92m7b/files/wandb-summary.json
2024-11-16 01:40:12,906 INFO    Thread-12 :64420 [dir_watcher.py:_on_file_modified():295] file/dir modified: /Users/aklywtx/Desktop/VLM_Bias_research/NN_pretrain/wandb/run-20241116_013928-40j92m7b/files/output.log
2024-11-16 01:40:14,171 DEBUG   HandlerThread:64420 [handler.py:handle_request():144] handle_request: partial_history
2024-11-16 01:40:14,172 DEBUG   SenderThread:64420 [sender.py:send():375] send: history
2024-11-16 01:40:14,172 DEBUG   SenderThread:64420 [sender.py:send_request():402] send_request: summary_record
2024-11-16 01:40:14,172 INFO    SenderThread:64420 [sender.py:_save_file():1378] saving file wandb-summary.json with policy end
2024-11-16 01:40:14,280 DEBUG   HandlerThread:64420 [handler.py:handle_request():144] handle_request: status_report
2024-11-16 01:40:14,916 INFO    Thread-12 :64420 [dir_watcher.py:_on_file_modified():295] file/dir modified: /Users/aklywtx/Desktop/VLM_Bias_research/NN_pretrain/wandb/run-20241116_013928-40j92m7b/files/wandb-summary.json
2024-11-16 01:40:14,916 INFO    Thread-12 :64420 [dir_watcher.py:_on_file_modified():295] file/dir modified: /Users/aklywtx/Desktop/VLM_Bias_research/NN_pretrain/wandb/run-20241116_013928-40j92m7b/files/output.log
2024-11-16 01:40:16,923 INFO    Thread-12 :64420 [dir_watcher.py:_on_file_modified():295] file/dir modified: /Users/aklywtx/Desktop/VLM_Bias_research/NN_pretrain/wandb/run-20241116_013928-40j92m7b/files/output.log
2024-11-16 01:40:17,056 DEBUG   HandlerThread:64420 [handler.py:handle_request():144] handle_request: partial_history
2024-11-16 01:40:17,057 DEBUG   SenderThread:64420 [sender.py:send():375] send: history
2024-11-16 01:40:17,057 DEBUG   SenderThread:64420 [sender.py:send_request():402] send_request: summary_record
2024-11-16 01:40:17,058 INFO    SenderThread:64420 [sender.py:_save_file():1378] saving file wandb-summary.json with policy end
2024-11-16 01:40:17,926 INFO    Thread-12 :64420 [dir_watcher.py:_on_file_modified():295] file/dir modified: /Users/aklywtx/Desktop/VLM_Bias_research/NN_pretrain/wandb/run-20241116_013928-40j92m7b/files/wandb-summary.json
2024-11-16 01:40:18,931 INFO    Thread-12 :64420 [dir_watcher.py:_on_file_modified():295] file/dir modified: /Users/aklywtx/Desktop/VLM_Bias_research/NN_pretrain/wandb/run-20241116_013928-40j92m7b/files/output.log
2024-11-16 01:40:19,316 DEBUG   HandlerThread:64420 [handler.py:handle_request():144] handle_request: status_report
2024-11-16 01:40:19,984 DEBUG   HandlerThread:64420 [handler.py:handle_request():144] handle_request: partial_history
2024-11-16 01:40:19,986 DEBUG   SenderThread:64420 [sender.py:send():375] send: history
2024-11-16 01:40:19,986 DEBUG   SenderThread:64420 [sender.py:send_request():402] send_request: summary_record
2024-11-16 01:40:19,986 INFO    SenderThread:64420 [sender.py:_save_file():1378] saving file wandb-summary.json with policy end
2024-11-16 01:40:20,687 DEBUG   HandlerThread:64420 [handler.py:handle_request():144] handle_request: stop_status
2024-11-16 01:40:20,688 DEBUG   SenderThread:64420 [sender.py:send_request():402] send_request: stop_status
2024-11-16 01:40:20,937 INFO    Thread-12 :64420 [dir_watcher.py:_on_file_modified():295] file/dir modified: /Users/aklywtx/Desktop/VLM_Bias_research/NN_pretrain/wandb/run-20241116_013928-40j92m7b/files/wandb-summary.json
2024-11-16 01:40:20,937 INFO    Thread-12 :64420 [dir_watcher.py:_on_file_modified():295] file/dir modified: /Users/aklywtx/Desktop/VLM_Bias_research/NN_pretrain/wandb/run-20241116_013928-40j92m7b/files/output.log
2024-11-16 01:40:22,933 DEBUG   HandlerThread:64420 [handler.py:handle_request():144] handle_request: partial_history
2024-11-16 01:40:22,934 DEBUG   SenderThread:64420 [sender.py:send():375] send: history
2024-11-16 01:40:22,934 DEBUG   SenderThread:64420 [sender.py:send_request():402] send_request: summary_record
2024-11-16 01:40:22,935 INFO    SenderThread:64420 [sender.py:_save_file():1378] saving file wandb-summary.json with policy end
2024-11-16 01:40:22,945 INFO    Thread-12 :64420 [dir_watcher.py:_on_file_modified():295] file/dir modified: /Users/aklywtx/Desktop/VLM_Bias_research/NN_pretrain/wandb/run-20241116_013928-40j92m7b/files/wandb-summary.json
2024-11-16 01:40:22,945 INFO    Thread-12 :64420 [dir_watcher.py:_on_file_modified():295] file/dir modified: /Users/aklywtx/Desktop/VLM_Bias_research/NN_pretrain/wandb/run-20241116_013928-40j92m7b/files/output.log
2024-11-16 01:40:24,421 DEBUG   HandlerThread:64420 [handler.py:handle_request():144] handle_request: status_report
2024-11-16 01:40:24,951 INFO    Thread-12 :64420 [dir_watcher.py:_on_file_modified():295] file/dir modified: /Users/aklywtx/Desktop/VLM_Bias_research/NN_pretrain/wandb/run-20241116_013928-40j92m7b/files/output.log
2024-11-16 01:40:25,886 DEBUG   HandlerThread:64420 [handler.py:handle_request():144] handle_request: partial_history
2024-11-16 01:40:25,887 DEBUG   SenderThread:64420 [sender.py:send():375] send: history
2024-11-16 01:40:25,887 DEBUG   SenderThread:64420 [sender.py:send_request():402] send_request: summary_record
2024-11-16 01:40:25,887 INFO    SenderThread:64420 [sender.py:_save_file():1378] saving file wandb-summary.json with policy end
2024-11-16 01:40:25,956 INFO    Thread-12 :64420 [dir_watcher.py:_on_file_modified():295] file/dir modified: /Users/aklywtx/Desktop/VLM_Bias_research/NN_pretrain/wandb/run-20241116_013928-40j92m7b/files/wandb-summary.json
2024-11-16 01:40:26,958 INFO    Thread-12 :64420 [dir_watcher.py:_on_file_modified():295] file/dir modified: /Users/aklywtx/Desktop/VLM_Bias_research/NN_pretrain/wandb/run-20241116_013928-40j92m7b/files/output.log
2024-11-16 01:40:28,026 DEBUG   SenderThread:64420 [sender.py:send():375] send: telemetry
2024-11-16 01:40:28,027 DEBUG   SenderThread:64420 [sender.py:send():375] send: exit
2024-11-16 01:40:28,027 INFO    SenderThread:64420 [sender.py:send_exit():598] handling exit code: 0
2024-11-16 01:40:28,027 INFO    SenderThread:64420 [sender.py:send_exit():600] handling runtime: 59
2024-11-16 01:40:28,027 INFO    SenderThread:64420 [sender.py:_save_file():1378] saving file wandb-summary.json with policy end
2024-11-16 01:40:28,028 INFO    SenderThread:64420 [sender.py:send_exit():606] send defer
2024-11-16 01:40:28,028 DEBUG   HandlerThread:64420 [handler.py:handle_request():144] handle_request: defer
2024-11-16 01:40:28,028 INFO    HandlerThread:64420 [handler.py:handle_request_defer():170] handle defer: 0
2024-11-16 01:40:28,028 DEBUG   SenderThread:64420 [sender.py:send_request():402] send_request: defer
2024-11-16 01:40:28,029 INFO    SenderThread:64420 [sender.py:send_request_defer():622] handle sender defer: 0
2024-11-16 01:40:28,029 INFO    SenderThread:64420 [sender.py:transition_state():626] send defer: 1
2024-11-16 01:40:28,029 DEBUG   HandlerThread:64420 [handler.py:handle_request():144] handle_request: defer
2024-11-16 01:40:28,029 INFO    HandlerThread:64420 [handler.py:handle_request_defer():170] handle defer: 1
2024-11-16 01:40:28,029 DEBUG   SenderThread:64420 [sender.py:send_request():402] send_request: defer
2024-11-16 01:40:28,029 INFO    SenderThread:64420 [sender.py:send_request_defer():622] handle sender defer: 1
2024-11-16 01:40:28,029 INFO    SenderThread:64420 [sender.py:transition_state():626] send defer: 2
2024-11-16 01:40:28,029 DEBUG   HandlerThread:64420 [handler.py:handle_request():144] handle_request: defer
2024-11-16 01:40:28,030 INFO    HandlerThread:64420 [handler.py:handle_request_defer():170] handle defer: 2
2024-11-16 01:40:28,030 INFO    HandlerThread:64420 [system_monitor.py:finish():190] Stopping system monitor
2024-11-16 01:40:28,030 DEBUG   SystemMonitor:64420 [system_monitor.py:_start():159] Starting system metrics aggregation loop
2024-11-16 01:40:28,030 DEBUG   SystemMonitor:64420 [system_monitor.py:_start():166] Finished system metrics aggregation loop
2024-11-16 01:40:28,031 DEBUG   SystemMonitor:64420 [system_monitor.py:_start():170] Publishing last batch of metrics
2024-11-16 01:40:28,030 INFO    HandlerThread:64420 [interfaces.py:finish():202] Joined cpu monitor
2024-11-16 01:40:28,032 INFO    HandlerThread:64420 [interfaces.py:finish():202] Joined disk monitor
2024-11-16 01:40:28,032 INFO    HandlerThread:64420 [interfaces.py:finish():202] Joined gpuapple monitor
2024-11-16 01:40:28,032 INFO    HandlerThread:64420 [interfaces.py:finish():202] Joined memory monitor
2024-11-16 01:40:28,032 INFO    HandlerThread:64420 [interfaces.py:finish():202] Joined network monitor
2024-11-16 01:40:28,033 DEBUG   SenderThread:64420 [sender.py:send_request():402] send_request: defer
2024-11-16 01:40:28,033 INFO    SenderThread:64420 [sender.py:send_request_defer():622] handle sender defer: 2
2024-11-16 01:40:28,033 INFO    SenderThread:64420 [sender.py:transition_state():626] send defer: 3
2024-11-16 01:40:28,033 DEBUG   SenderThread:64420 [sender.py:send():375] send: telemetry
2024-11-16 01:40:28,033 DEBUG   SenderThread:64420 [sender.py:send():375] send: stats
2024-11-16 01:40:28,034 DEBUG   HandlerThread:64420 [handler.py:handle_request():144] handle_request: defer
2024-11-16 01:40:28,034 INFO    HandlerThread:64420 [handler.py:handle_request_defer():170] handle defer: 3
2024-11-16 01:40:28,036 DEBUG   SenderThread:64420 [sender.py:send_request():402] send_request: defer
2024-11-16 01:40:28,036 INFO    SenderThread:64420 [sender.py:send_request_defer():622] handle sender defer: 3
2024-11-16 01:40:28,036 INFO    SenderThread:64420 [sender.py:transition_state():626] send defer: 4
2024-11-16 01:40:28,037 DEBUG   HandlerThread:64420 [handler.py:handle_request():144] handle_request: defer
2024-11-16 01:40:28,037 INFO    HandlerThread:64420 [handler.py:handle_request_defer():170] handle defer: 4
2024-11-16 01:40:28,037 DEBUG   SenderThread:64420 [sender.py:send_request():402] send_request: defer
2024-11-16 01:40:28,037 INFO    SenderThread:64420 [sender.py:send_request_defer():622] handle sender defer: 4
2024-11-16 01:40:28,037 INFO    SenderThread:64420 [sender.py:transition_state():626] send defer: 5
2024-11-16 01:40:28,037 DEBUG   HandlerThread:64420 [handler.py:handle_request():144] handle_request: defer
2024-11-16 01:40:28,037 INFO    HandlerThread:64420 [handler.py:handle_request_defer():170] handle defer: 5
2024-11-16 01:40:28,038 DEBUG   SenderThread:64420 [sender.py:send():375] send: summary
2024-11-16 01:40:28,039 INFO    SenderThread:64420 [sender.py:_save_file():1378] saving file wandb-summary.json with policy end
2024-11-16 01:40:28,039 DEBUG   SenderThread:64420 [sender.py:send_request():402] send_request: defer
2024-11-16 01:40:28,039 INFO    SenderThread:64420 [sender.py:send_request_defer():622] handle sender defer: 5
2024-11-16 01:40:28,039 INFO    SenderThread:64420 [sender.py:transition_state():626] send defer: 6
2024-11-16 01:40:28,040 DEBUG   HandlerThread:64420 [handler.py:handle_request():144] handle_request: defer
2024-11-16 01:40:28,040 INFO    HandlerThread:64420 [handler.py:handle_request_defer():170] handle defer: 6
2024-11-16 01:40:28,040 DEBUG   SenderThread:64420 [sender.py:send_request():402] send_request: defer
2024-11-16 01:40:28,040 INFO    SenderThread:64420 [sender.py:send_request_defer():622] handle sender defer: 6
2024-11-16 01:40:28,049 DEBUG   HandlerThread:64420 [handler.py:handle_request():144] handle_request: status_report
2024-11-16 01:40:28,297 INFO    SenderThread:64420 [sender.py:transition_state():626] send defer: 7
2024-11-16 01:40:28,298 DEBUG   HandlerThread:64420 [handler.py:handle_request():144] handle_request: defer
2024-11-16 01:40:28,298 INFO    HandlerThread:64420 [handler.py:handle_request_defer():170] handle defer: 7
2024-11-16 01:40:28,298 DEBUG   SenderThread:64420 [sender.py:send_request():402] send_request: defer
2024-11-16 01:40:28,298 INFO    SenderThread:64420 [sender.py:send_request_defer():622] handle sender defer: 7
2024-11-16 01:40:28,972 INFO    Thread-12 :64420 [dir_watcher.py:_on_file_modified():295] file/dir modified: /Users/aklywtx/Desktop/VLM_Bias_research/NN_pretrain/wandb/run-20241116_013928-40j92m7b/files/wandb-summary.json
2024-11-16 01:40:28,972 INFO    Thread-12 :64420 [dir_watcher.py:_on_file_modified():295] file/dir modified: /Users/aklywtx/Desktop/VLM_Bias_research/NN_pretrain/wandb/run-20241116_013928-40j92m7b/files/output.log
2024-11-16 01:40:28,972 INFO    Thread-12 :64420 [dir_watcher.py:_on_file_modified():295] file/dir modified: /Users/aklywtx/Desktop/VLM_Bias_research/NN_pretrain/wandb/run-20241116_013928-40j92m7b/files/config.yaml
2024-11-16 01:40:29,026 DEBUG   HandlerThread:64420 [handler.py:handle_request():144] handle_request: poll_exit
2024-11-16 01:40:29,977 INFO    Thread-12 :64420 [dir_watcher.py:_on_file_modified():295] file/dir modified: /Users/aklywtx/Desktop/VLM_Bias_research/NN_pretrain/wandb/run-20241116_013928-40j92m7b/files/output.log
2024-11-16 01:40:30,982 INFO    Thread-12 :64420 [dir_watcher.py:_on_file_modified():295] file/dir modified: /Users/aklywtx/Desktop/VLM_Bias_research/NN_pretrain/wandb/run-20241116_013928-40j92m7b/files/output.log
2024-11-16 01:40:31,833 INFO    SenderThread:64420 [sender.py:transition_state():626] send defer: 8
2024-11-16 01:40:31,834 DEBUG   SenderThread:64420 [sender.py:send_request():402] send_request: poll_exit
2024-11-16 01:40:31,834 DEBUG   HandlerThread:64420 [handler.py:handle_request():144] handle_request: defer
2024-11-16 01:40:31,834 INFO    HandlerThread:64420 [handler.py:handle_request_defer():170] handle defer: 8
2024-11-16 01:40:31,834 DEBUG   SenderThread:64420 [sender.py:send_request():402] send_request: defer
2024-11-16 01:40:31,834 INFO    SenderThread:64420 [sender.py:send_request_defer():622] handle sender defer: 8
2024-11-16 01:40:31,837 INFO    SenderThread:64420 [sender.py:transition_state():626] send defer: 9
2024-11-16 01:40:31,837 DEBUG   HandlerThread:64420 [handler.py:handle_request():144] handle_request: defer
2024-11-16 01:40:31,837 INFO    HandlerThread:64420 [handler.py:handle_request_defer():170] handle defer: 9
2024-11-16 01:40:31,837 DEBUG   SenderThread:64420 [sender.py:send():375] send: artifact
2024-11-16 01:40:31,987 INFO    Thread-12 :64420 [dir_watcher.py:_on_file_modified():295] file/dir modified: /Users/aklywtx/Desktop/VLM_Bias_research/NN_pretrain/wandb/run-20241116_013928-40j92m7b/files/output.log
2024-11-16 01:40:32,801 INFO    wandb-upload_0:64420 [upload_job.py:push():92] Skipped uploading /Users/aklywtx/Library/Application Support/wandb/artifacts/staging/tmpm6seqpo5
2024-11-16 01:40:33,076 INFO    wandb-upload_1:64420 [upload_job.py:push():95] Uploaded file /Users/aklywtx/Library/Application Support/wandb/artifacts/staging/tmpaxwnincs
2024-11-16 01:40:34,032 DEBUG   HandlerThread:64420 [handler.py:handle_request():144] handle_request: keepalive
2024-11-16 01:40:34,233 INFO    SenderThread:64420 [sender.py:send_artifact():1474] sent artifact job-git_github.com_aklywtx_NN_pretrain.git_MLP_MLP_1layer_mps.py - {'id': 'QXJ0aWZhY3Q6MTMzNzE1Mzg3OQ==', 'digest': '2cf6b2f163cace23db5592a0c47c6092', 'state': 'PENDING', 'aliases': [], 'artifactSequence': {'id': 'QXJ0aWZhY3RDb2xsZWN0aW9uOjQ5NjI2NzY1NQ==', 'latestArtifact': {'id': 'QXJ0aWZhY3Q6MTMzNzE1Mjk2MQ==', 'versionIndex': 0}}, 'version': 'latest'}
2024-11-16 01:40:34,234 DEBUG   SenderThread:64420 [sender.py:send_request():402] send_request: defer
2024-11-16 01:40:34,234 INFO    SenderThread:64420 [sender.py:send_request_defer():622] handle sender defer: 9
2024-11-16 01:40:34,234 INFO    SenderThread:64420 [dir_watcher.py:finish():365] shutting down directory watcher
2024-11-16 01:40:35,003 INFO    SenderThread:64420 [dir_watcher.py:finish():395] scan: /Users/aklywtx/Desktop/VLM_Bias_research/NN_pretrain/wandb/run-20241116_013928-40j92m7b/files
2024-11-16 01:40:35,003 INFO    SenderThread:64420 [dir_watcher.py:finish():409] scan save: /Users/aklywtx/Desktop/VLM_Bias_research/NN_pretrain/wandb/run-20241116_013928-40j92m7b/files/requirements.txt requirements.txt
2024-11-16 01:40:35,003 INFO    SenderThread:64420 [dir_watcher.py:finish():409] scan save: /Users/aklywtx/Desktop/VLM_Bias_research/NN_pretrain/wandb/run-20241116_013928-40j92m7b/files/output.log output.log
2024-11-16 01:40:35,004 INFO    SenderThread:64420 [dir_watcher.py:finish():409] scan save: /Users/aklywtx/Desktop/VLM_Bias_research/NN_pretrain/wandb/run-20241116_013928-40j92m7b/files/config.yaml config.yaml
2024-11-16 01:40:35,005 INFO    SenderThread:64420 [dir_watcher.py:finish():409] scan save: /Users/aklywtx/Desktop/VLM_Bias_research/NN_pretrain/wandb/run-20241116_013928-40j92m7b/files/wandb-summary.json wandb-summary.json
2024-11-16 01:40:35,006 INFO    SenderThread:64420 [dir_watcher.py:finish():409] scan save: /Users/aklywtx/Desktop/VLM_Bias_research/NN_pretrain/wandb/run-20241116_013928-40j92m7b/files/conda-environment.yaml conda-environment.yaml
2024-11-16 01:40:35,007 INFO    SenderThread:64420 [dir_watcher.py:finish():409] scan save: /Users/aklywtx/Desktop/VLM_Bias_research/NN_pretrain/wandb/run-20241116_013928-40j92m7b/files/wandb-metadata.json wandb-metadata.json
2024-11-16 01:40:35,007 INFO    SenderThread:64420 [sender.py:transition_state():626] send defer: 10
2024-11-16 01:40:35,009 DEBUG   HandlerThread:64420 [handler.py:handle_request():144] handle_request: defer
2024-11-16 01:40:35,010 INFO    HandlerThread:64420 [handler.py:handle_request_defer():170] handle defer: 10
2024-11-16 01:40:35,011 DEBUG   SenderThread:64420 [sender.py:send_request():402] send_request: defer
2024-11-16 01:40:35,011 INFO    SenderThread:64420 [sender.py:send_request_defer():622] handle sender defer: 10
2024-11-16 01:40:35,011 INFO    SenderThread:64420 [file_pusher.py:finish():167] shutting down file pusher
2024-11-16 01:40:35,508 INFO    wandb-upload_0:64420 [upload_job.py:push():137] Uploaded file /Users/aklywtx/Desktop/VLM_Bias_research/NN_pretrain/wandb/run-20241116_013928-40j92m7b/files/requirements.txt
2024-11-16 01:40:35,635 INFO    wandb-upload_1:64420 [upload_job.py:push():137] Uploaded file /Users/aklywtx/Desktop/VLM_Bias_research/NN_pretrain/wandb/run-20241116_013928-40j92m7b/files/output.log
2024-11-16 01:40:35,673 INFO    wandb-upload_2:64420 [upload_job.py:push():137] Uploaded file /Users/aklywtx/Desktop/VLM_Bias_research/NN_pretrain/wandb/run-20241116_013928-40j92m7b/files/config.yaml
2024-11-16 01:40:35,703 INFO    wandb-upload_4:64420 [upload_job.py:push():137] Uploaded file /Users/aklywtx/Desktop/VLM_Bias_research/NN_pretrain/wandb/run-20241116_013928-40j92m7b/files/conda-environment.yaml
2024-11-16 01:40:35,740 INFO    wandb-upload_3:64420 [upload_job.py:push():137] Uploaded file /Users/aklywtx/Desktop/VLM_Bias_research/NN_pretrain/wandb/run-20241116_013928-40j92m7b/files/wandb-summary.json
2024-11-16 01:40:35,946 INFO    Thread-11 :64420 [sender.py:transition_state():626] send defer: 11
2024-11-16 01:40:35,946 DEBUG   HandlerThread:64420 [handler.py:handle_request():144] handle_request: defer
2024-11-16 01:40:35,946 INFO    HandlerThread:64420 [handler.py:handle_request_defer():170] handle defer: 11
2024-11-16 01:40:35,946 DEBUG   SenderThread:64420 [sender.py:send_request():402] send_request: defer
2024-11-16 01:40:35,946 INFO    SenderThread:64420 [sender.py:send_request_defer():622] handle sender defer: 11
2024-11-16 01:40:35,946 INFO    SenderThread:64420 [file_pusher.py:join():172] waiting for file pusher
2024-11-16 01:40:35,946 INFO    SenderThread:64420 [sender.py:transition_state():626] send defer: 12
2024-11-16 01:40:35,946 DEBUG   HandlerThread:64420 [handler.py:handle_request():144] handle_request: defer
2024-11-16 01:40:35,946 INFO    HandlerThread:64420 [handler.py:handle_request_defer():170] handle defer: 12
2024-11-16 01:40:35,946 DEBUG   SenderThread:64420 [sender.py:send_request():402] send_request: defer
2024-11-16 01:40:35,946 INFO    SenderThread:64420 [sender.py:send_request_defer():622] handle sender defer: 12
2024-11-16 01:40:36,534 INFO    SenderThread:64420 [sender.py:transition_state():626] send defer: 13
2024-11-16 01:40:36,536 DEBUG   HandlerThread:64420 [handler.py:handle_request():144] handle_request: defer
2024-11-16 01:40:36,537 INFO    HandlerThread:64420 [handler.py:handle_request_defer():170] handle defer: 13
2024-11-16 01:40:36,537 DEBUG   SenderThread:64420 [sender.py:send_request():402] send_request: defer
2024-11-16 01:40:36,537 INFO    SenderThread:64420 [sender.py:send_request_defer():622] handle sender defer: 13
2024-11-16 01:40:36,537 INFO    SenderThread:64420 [sender.py:transition_state():626] send defer: 14
2024-11-16 01:40:36,538 DEBUG   HandlerThread:64420 [handler.py:handle_request():144] handle_request: defer
2024-11-16 01:40:36,538 INFO    HandlerThread:64420 [handler.py:handle_request_defer():170] handle defer: 14
2024-11-16 01:40:36,538 DEBUG   SenderThread:64420 [sender.py:send():375] send: final
2024-11-16 01:40:36,538 DEBUG   SenderThread:64420 [sender.py:send():375] send: footer
2024-11-16 01:40:36,539 DEBUG   SenderThread:64420 [sender.py:send_request():402] send_request: defer
2024-11-16 01:40:36,539 INFO    SenderThread:64420 [sender.py:send_request_defer():622] handle sender defer: 14
2024-11-16 01:40:36,541 DEBUG   HandlerThread:64420 [handler.py:handle_request():144] handle_request: poll_exit
2024-11-16 01:40:36,541 DEBUG   HandlerThread:64420 [handler.py:handle_request():144] handle_request: server_info
2024-11-16 01:40:36,541 DEBUG   HandlerThread:64420 [handler.py:handle_request():144] handle_request: get_summary
2024-11-16 01:40:36,542 DEBUG   HandlerThread:64420 [handler.py:handle_request():144] handle_request: sampled_history
2024-11-16 01:40:36,543 DEBUG   SenderThread:64420 [sender.py:send_request():402] send_request: poll_exit
2024-11-16 01:40:36,543 DEBUG   SenderThread:64420 [sender.py:send_request():402] send_request: server_info
2024-11-16 01:40:36,702 DEBUG   HandlerThread:64420 [handler.py:handle_request():144] handle_request: shutdown
2024-11-16 01:40:36,702 INFO    HandlerThread:64420 [handler.py:finish():842] shutting down handler
2024-11-16 01:40:37,546 INFO    WriterThread:64420 [datastore.py:close():298] close: /Users/aklywtx/Desktop/VLM_Bias_research/NN_pretrain/wandb/run-20241116_013928-40j92m7b/run-40j92m7b.wandb
2024-11-16 01:40:37,704 INFO    SenderThread:64420 [sender.py:finish():1550] shutting down sender
2024-11-16 01:40:37,704 INFO    SenderThread:64420 [file_pusher.py:finish():167] shutting down file pusher
2024-11-16 01:40:37,704 INFO    SenderThread:64420 [file_pusher.py:join():172] waiting for file pusher
