2024-12-13 13:36:40,803 INFO    StreamThr :64816 [internal.py:wandb_internal():86] W&B internal server running at pid: 64816, started at: 2024-12-13 13:36:40.802975
2024-12-13 13:36:40,804 DEBUG   HandlerThread:64816 [handler.py:handle_request():144] handle_request: status
2024-12-13 13:36:40,804 INFO    WriterThread:64816 [datastore.py:open_for_write():85] open: /Users/aklywtx/Desktop/VLM_Bias_research/NN_pretrain/wandb/run-20241213_133640-nvr16vvi/run-nvr16vvi.wandb
2024-12-13 13:36:40,805 DEBUG   SenderThread:64816 [sender.py:send():375] send: header
2024-12-13 13:36:40,826 DEBUG   SenderThread:64816 [sender.py:send():375] send: run
2024-12-13 13:36:41,213 INFO    SenderThread:64816 [dir_watcher.py:__init__():219] watching files in: /Users/aklywtx/Desktop/VLM_Bias_research/NN_pretrain/wandb/run-20241213_133640-nvr16vvi/files
2024-12-13 13:36:41,213 INFO    SenderThread:64816 [sender.py:_start_run_threads():1124] run started: nvr16vvi with start time 1734093400.802133
2024-12-13 13:36:41,213 DEBUG   SenderThread:64816 [sender.py:send_request():402] send_request: summary_record
2024-12-13 13:36:41,214 INFO    SenderThread:64816 [sender.py:_save_file():1378] saving file wandb-summary.json with policy end
2024-12-13 13:36:41,218 DEBUG   HandlerThread:64816 [handler.py:handle_request():144] handle_request: check_version
2024-12-13 13:36:41,218 DEBUG   SenderThread:64816 [sender.py:send_request():402] send_request: check_version
2024-12-13 13:36:41,422 DEBUG   HandlerThread:64816 [handler.py:handle_request():144] handle_request: run_start
2024-12-13 13:36:41,431 DEBUG   HandlerThread:64816 [system_info.py:__init__():31] System info init
2024-12-13 13:36:41,431 DEBUG   HandlerThread:64816 [system_info.py:__init__():46] System info init done
2024-12-13 13:36:41,431 INFO    HandlerThread:64816 [system_monitor.py:start():181] Starting system monitor
2024-12-13 13:36:41,431 INFO    SystemMonitor:64816 [system_monitor.py:_start():145] Starting system asset monitoring threads
2024-12-13 13:36:41,432 INFO    HandlerThread:64816 [system_monitor.py:probe():201] Collecting system info
2024-12-13 13:36:41,432 DEBUG   HandlerThread:64816 [system_info.py:probe():195] Probing system
2024-12-13 13:36:41,432 INFO    SystemMonitor:64816 [interfaces.py:start():190] Started cpu monitoring
2024-12-13 13:36:41,432 INFO    SystemMonitor:64816 [interfaces.py:start():190] Started disk monitoring
2024-12-13 13:36:41,435 INFO    SystemMonitor:64816 [interfaces.py:start():190] Started memory monitoring
2024-12-13 13:36:41,436 INFO    SystemMonitor:64816 [interfaces.py:start():190] Started network monitoring
2024-12-13 13:36:41,436 DEBUG   HandlerThread:64816 [system_info.py:_probe_git():180] Probing git
2024-12-13 13:36:41,464 DEBUG   HandlerThread:64816 [system_info.py:_probe_git():188] Probing git done
2024-12-13 13:36:41,465 DEBUG   HandlerThread:64816 [system_info.py:probe():240] Probing system done
2024-12-13 13:36:41,465 DEBUG   HandlerThread:64816 [system_monitor.py:probe():210] {'os': 'macOS-14.5-arm64-i386-64bit', 'python': '3.9.13', 'heartbeatAt': '2024-12-13T12:36:41.432338', 'startedAt': '2024-12-13T12:36:40.705390', 'docker': None, 'cuda': None, 'args': (), 'state': 'running', 'program': '/Users/aklywtx/Desktop/VLM_Bias_research/NN_pretrain/models/mlp_train.py', 'codePath': 'models/mlp_train.py', 'git': {'remote': 'git@github.com:aklywtx/NN_pretrain.git', 'commit': 'f82579b1c6a77dde14a500ddae843288b480b67c'}, 'email': 'aklywtx233@163.com', 'root': '/Users/aklywtx/Desktop/VLM_Bias_research/NN_pretrain', 'host': 'MACBOOK-PRO-341.local', 'username': 'aklywtx', 'executable': '/Users/aklywtx/opt/anaconda3/bin/python', 'cpu_count': 8, 'cpu_count_logical': 8, 'disk': {'total': 926.3517189025879, 'used': 894.8925018310547}, 'memory': {'total': 32.0}}
2024-12-13 13:36:41,465 INFO    HandlerThread:64816 [system_monitor.py:probe():211] Finished collecting system info
2024-12-13 13:36:41,465 INFO    HandlerThread:64816 [system_monitor.py:probe():214] Publishing system info
2024-12-13 13:36:41,465 DEBUG   HandlerThread:64816 [system_info.py:_save_pip():51] Saving list of pip packages installed into the current environment
2024-12-13 13:36:41,466 DEBUG   HandlerThread:64816 [system_info.py:_save_pip():67] Saving pip packages done
2024-12-13 13:36:41,466 DEBUG   HandlerThread:64816 [system_info.py:_save_conda():74] Saving list of conda packages installed into the current environment
2024-12-13 13:36:42,219 INFO    Thread-12 :64816 [dir_watcher.py:_on_file_created():278] file/dir created: /Users/aklywtx/Desktop/VLM_Bias_research/NN_pretrain/wandb/run-20241213_133640-nvr16vvi/files/wandb-summary.json
2024-12-13 13:36:42,220 INFO    Thread-12 :64816 [dir_watcher.py:_on_file_created():278] file/dir created: /Users/aklywtx/Desktop/VLM_Bias_research/NN_pretrain/wandb/run-20241213_133640-nvr16vvi/files/requirements.txt
2024-12-13 13:36:42,220 INFO    Thread-12 :64816 [dir_watcher.py:_on_file_created():278] file/dir created: /Users/aklywtx/Desktop/VLM_Bias_research/NN_pretrain/wandb/run-20241213_133640-nvr16vvi/files/conda-environment.yaml
2024-12-13 13:36:59,797 DEBUG   HandlerThread:64816 [system_info.py:_save_conda():86] Saving conda packages done
2024-12-13 13:36:59,798 INFO    HandlerThread:64816 [system_monitor.py:probe():216] Finished publishing system info
2024-12-13 13:36:59,808 DEBUG   HandlerThread:64816 [handler.py:handle_request():144] handle_request: status_report
2024-12-13 13:36:59,808 DEBUG   HandlerThread:64816 [handler.py:handle_request():144] handle_request: keepalive
2024-12-13 13:36:59,808 DEBUG   HandlerThread:64816 [handler.py:handle_request():144] handle_request: status_report
2024-12-13 13:36:59,808 DEBUG   HandlerThread:64816 [handler.py:handle_request():144] handle_request: keepalive
2024-12-13 13:36:59,808 DEBUG   HandlerThread:64816 [handler.py:handle_request():144] handle_request: status_report
2024-12-13 13:36:59,809 DEBUG   HandlerThread:64816 [handler.py:handle_request():144] handle_request: keepalive
2024-12-13 13:36:59,809 DEBUG   SenderThread:64816 [sender.py:send():375] send: files
2024-12-13 13:36:59,809 INFO    SenderThread:64816 [sender.py:_save_file():1378] saving file wandb-metadata.json with policy now
2024-12-13 13:36:59,812 DEBUG   HandlerThread:64816 [handler.py:handle_request():144] handle_request: stop_status
2024-12-13 13:36:59,812 DEBUG   SenderThread:64816 [sender.py:send_request():402] send_request: stop_status
2024-12-13 13:37:00,048 DEBUG   SenderThread:64816 [sender.py:send():375] send: telemetry
2024-12-13 13:37:00,312 INFO    Thread-12 :64816 [dir_watcher.py:_on_file_modified():295] file/dir modified: /Users/aklywtx/Desktop/VLM_Bias_research/NN_pretrain/wandb/run-20241213_133640-nvr16vvi/files/conda-environment.yaml
2024-12-13 13:37:00,312 INFO    Thread-12 :64816 [dir_watcher.py:_on_file_created():278] file/dir created: /Users/aklywtx/Desktop/VLM_Bias_research/NN_pretrain/wandb/run-20241213_133640-nvr16vvi/files/wandb-metadata.json
2024-12-13 13:37:00,491 INFO    wandb-upload_0:64816 [upload_job.py:push():137] Uploaded file /var/folders/b8/j860yxxx1bb1pjgc34kr65dm0000gn/T/tmpuemy961fwandb/z5779gin-wandb-metadata.json
2024-12-13 13:37:01,066 DEBUG   SenderThread:64816 [sender.py:send():375] send: exit
2024-12-13 13:37:01,066 INFO    SenderThread:64816 [sender.py:send_exit():598] handling exit code: 1
2024-12-13 13:37:01,066 INFO    SenderThread:64816 [sender.py:send_exit():600] handling runtime: 19
2024-12-13 13:37:01,066 INFO    SenderThread:64816 [sender.py:_save_file():1378] saving file wandb-summary.json with policy end
2024-12-13 13:37:01,067 INFO    SenderThread:64816 [sender.py:send_exit():606] send defer
2024-12-13 13:37:01,067 DEBUG   HandlerThread:64816 [handler.py:handle_request():144] handle_request: defer
2024-12-13 13:37:01,067 INFO    HandlerThread:64816 [handler.py:handle_request_defer():170] handle defer: 0
2024-12-13 13:37:01,067 DEBUG   SenderThread:64816 [sender.py:send_request():402] send_request: defer
2024-12-13 13:37:01,067 INFO    SenderThread:64816 [sender.py:send_request_defer():622] handle sender defer: 0
2024-12-13 13:37:01,067 INFO    SenderThread:64816 [sender.py:transition_state():626] send defer: 1
2024-12-13 13:37:01,067 DEBUG   HandlerThread:64816 [handler.py:handle_request():144] handle_request: defer
2024-12-13 13:37:01,067 INFO    HandlerThread:64816 [handler.py:handle_request_defer():170] handle defer: 1
2024-12-13 13:37:01,067 DEBUG   SenderThread:64816 [sender.py:send_request():402] send_request: defer
2024-12-13 13:37:01,067 INFO    SenderThread:64816 [sender.py:send_request_defer():622] handle sender defer: 1
2024-12-13 13:37:01,067 INFO    SenderThread:64816 [sender.py:transition_state():626] send defer: 2
2024-12-13 13:37:01,067 DEBUG   HandlerThread:64816 [handler.py:handle_request():144] handle_request: defer
2024-12-13 13:37:01,067 INFO    HandlerThread:64816 [handler.py:handle_request_defer():170] handle defer: 2
2024-12-13 13:37:01,067 INFO    HandlerThread:64816 [system_monitor.py:finish():190] Stopping system monitor
2024-12-13 13:37:01,068 DEBUG   SystemMonitor:64816 [system_monitor.py:_start():159] Starting system metrics aggregation loop
2024-12-13 13:37:01,068 INFO    HandlerThread:64816 [interfaces.py:finish():202] Joined cpu monitor
2024-12-13 13:37:01,068 DEBUG   SystemMonitor:64816 [system_monitor.py:_start():166] Finished system metrics aggregation loop
2024-12-13 13:37:01,068 INFO    HandlerThread:64816 [interfaces.py:finish():202] Joined disk monitor
2024-12-13 13:37:01,068 DEBUG   SystemMonitor:64816 [system_monitor.py:_start():170] Publishing last batch of metrics
2024-12-13 13:37:01,068 INFO    HandlerThread:64816 [interfaces.py:finish():202] Joined memory monitor
2024-12-13 13:37:01,069 INFO    HandlerThread:64816 [interfaces.py:finish():202] Joined network monitor
2024-12-13 13:37:01,069 DEBUG   SenderThread:64816 [sender.py:send_request():402] send_request: defer
2024-12-13 13:37:01,069 INFO    SenderThread:64816 [sender.py:send_request_defer():622] handle sender defer: 2
2024-12-13 13:37:01,069 INFO    SenderThread:64816 [sender.py:transition_state():626] send defer: 3
2024-12-13 13:37:01,070 DEBUG   SenderThread:64816 [sender.py:send():375] send: stats
2024-12-13 13:37:01,070 DEBUG   HandlerThread:64816 [handler.py:handle_request():144] handle_request: defer
2024-12-13 13:37:01,070 INFO    HandlerThread:64816 [handler.py:handle_request_defer():170] handle defer: 3
2024-12-13 13:37:01,070 DEBUG   SenderThread:64816 [sender.py:send_request():402] send_request: defer
2024-12-13 13:37:01,070 INFO    SenderThread:64816 [sender.py:send_request_defer():622] handle sender defer: 3
2024-12-13 13:37:01,070 INFO    SenderThread:64816 [sender.py:transition_state():626] send defer: 4
2024-12-13 13:37:01,070 DEBUG   HandlerThread:64816 [handler.py:handle_request():144] handle_request: defer
2024-12-13 13:37:01,070 INFO    HandlerThread:64816 [handler.py:handle_request_defer():170] handle defer: 4
2024-12-13 13:37:01,070 DEBUG   SenderThread:64816 [sender.py:send_request():402] send_request: defer
2024-12-13 13:37:01,070 INFO    SenderThread:64816 [sender.py:send_request_defer():622] handle sender defer: 4
2024-12-13 13:37:01,070 INFO    SenderThread:64816 [sender.py:transition_state():626] send defer: 5
2024-12-13 13:37:01,070 DEBUG   HandlerThread:64816 [handler.py:handle_request():144] handle_request: defer
2024-12-13 13:37:01,070 INFO    HandlerThread:64816 [handler.py:handle_request_defer():170] handle defer: 5
2024-12-13 13:37:01,070 DEBUG   SenderThread:64816 [sender.py:send():375] send: summary
2024-12-13 13:37:01,071 INFO    SenderThread:64816 [sender.py:_save_file():1378] saving file wandb-summary.json with policy end
2024-12-13 13:37:01,071 DEBUG   SenderThread:64816 [sender.py:send_request():402] send_request: defer
2024-12-13 13:37:01,071 INFO    SenderThread:64816 [sender.py:send_request_defer():622] handle sender defer: 5
2024-12-13 13:37:01,071 INFO    SenderThread:64816 [sender.py:transition_state():626] send defer: 6
2024-12-13 13:37:01,071 DEBUG   HandlerThread:64816 [handler.py:handle_request():144] handle_request: defer
2024-12-13 13:37:01,071 INFO    HandlerThread:64816 [handler.py:handle_request_defer():170] handle defer: 6
2024-12-13 13:37:01,071 DEBUG   SenderThread:64816 [sender.py:send_request():402] send_request: defer
2024-12-13 13:37:01,071 INFO    SenderThread:64816 [sender.py:send_request_defer():622] handle sender defer: 6
2024-12-13 13:37:01,073 DEBUG   HandlerThread:64816 [handler.py:handle_request():144] handle_request: status_report
2024-12-13 13:37:01,276 INFO    SenderThread:64816 [sender.py:transition_state():626] send defer: 7
2024-12-13 13:37:01,276 DEBUG   HandlerThread:64816 [handler.py:handle_request():144] handle_request: defer
2024-12-13 13:37:01,276 INFO    HandlerThread:64816 [handler.py:handle_request_defer():170] handle defer: 7
2024-12-13 13:37:01,276 DEBUG   SenderThread:64816 [sender.py:send_request():402] send_request: defer
2024-12-13 13:37:01,276 INFO    SenderThread:64816 [sender.py:send_request_defer():622] handle sender defer: 7
2024-12-13 13:37:01,317 INFO    Thread-12 :64816 [dir_watcher.py:_on_file_modified():295] file/dir modified: /Users/aklywtx/Desktop/VLM_Bias_research/NN_pretrain/wandb/run-20241213_133640-nvr16vvi/files/wandb-summary.json
2024-12-13 13:37:01,317 INFO    Thread-12 :64816 [dir_watcher.py:_on_file_modified():295] file/dir modified: /Users/aklywtx/Desktop/VLM_Bias_research/NN_pretrain/wandb/run-20241213_133640-nvr16vvi/files/config.yaml
2024-12-13 13:37:01,318 INFO    Thread-12 :64816 [dir_watcher.py:_on_file_created():278] file/dir created: /Users/aklywtx/Desktop/VLM_Bias_research/NN_pretrain/wandb/run-20241213_133640-nvr16vvi/files/output.log
2024-12-13 13:37:02,071 DEBUG   HandlerThread:64816 [handler.py:handle_request():144] handle_request: poll_exit
2024-12-13 13:37:03,072 INFO    SenderThread:64816 [sender.py:transition_state():626] send defer: 8
2024-12-13 13:37:03,072 DEBUG   SenderThread:64816 [sender.py:send_request():402] send_request: poll_exit
2024-12-13 13:37:03,072 DEBUG   HandlerThread:64816 [handler.py:handle_request():144] handle_request: defer
2024-12-13 13:37:03,073 INFO    HandlerThread:64816 [handler.py:handle_request_defer():170] handle defer: 8
2024-12-13 13:37:03,073 DEBUG   HandlerThread:64816 [handler.py:handle_request():144] handle_request: poll_exit
2024-12-13 13:37:03,073 DEBUG   SenderThread:64816 [sender.py:send_request():402] send_request: defer
2024-12-13 13:37:03,073 INFO    SenderThread:64816 [sender.py:send_request_defer():622] handle sender defer: 8
2024-12-13 13:37:03,076 INFO    SenderThread:64816 [sender.py:transition_state():626] send defer: 9
2024-12-13 13:37:03,076 DEBUG   SenderThread:64816 [sender.py:send_request():402] send_request: poll_exit
2024-12-13 13:37:03,076 DEBUG   HandlerThread:64816 [handler.py:handle_request():144] handle_request: defer
2024-12-13 13:37:03,077 INFO    HandlerThread:64816 [handler.py:handle_request_defer():170] handle defer: 9
2024-12-13 13:37:03,077 DEBUG   SenderThread:64816 [sender.py:send():375] send: artifact
2024-12-13 13:37:03,326 INFO    Thread-12 :64816 [dir_watcher.py:_on_file_modified():295] file/dir modified: /Users/aklywtx/Desktop/VLM_Bias_research/NN_pretrain/wandb/run-20241213_133640-nvr16vvi/files/output.log
2024-12-13 13:37:04,079 DEBUG   HandlerThread:64816 [handler.py:handle_request():144] handle_request: poll_exit
2024-12-13 13:37:04,174 INFO    wandb-upload_0:64816 [upload_job.py:push():92] Skipped uploading /Users/aklywtx/Library/Application Support/wandb/artifacts/staging/tmpit0i4_6u
2024-12-13 13:37:04,446 INFO    wandb-upload_1:64816 [upload_job.py:push():95] Uploaded file /Users/aklywtx/Library/Application Support/wandb/artifacts/staging/tmp29ovzxrx
2024-12-13 13:37:05,657 INFO    SenderThread:64816 [sender.py:send_artifact():1474] sent artifact job-git_github.com_aklywtx_NN_pretrain.git_models_mlp_train.py - {'id': 'QXJ0aWZhY3Q6MTM2OTczMjQxNA==', 'digest': '2884af447a9f8fa5d4ef36ad4c852994', 'state': 'PENDING', 'aliases': [], 'artifactSequence': {'id': 'QXJ0aWZhY3RDb2xsZWN0aW9uOjQ5NjYxOTk2OQ==', 'latestArtifact': {'id': 'QXJ0aWZhY3Q6MTM2OTcyMzk3Ng==', 'versionIndex': 3}}, 'version': 'latest'}
2024-12-13 13:37:05,660 DEBUG   SenderThread:64816 [sender.py:send_request():402] send_request: defer
2024-12-13 13:37:05,660 INFO    SenderThread:64816 [sender.py:send_request_defer():622] handle sender defer: 9
2024-12-13 13:37:05,660 INFO    SenderThread:64816 [dir_watcher.py:finish():365] shutting down directory watcher
2024-12-13 13:37:06,338 INFO    SenderThread:64816 [dir_watcher.py:finish():395] scan: /Users/aklywtx/Desktop/VLM_Bias_research/NN_pretrain/wandb/run-20241213_133640-nvr16vvi/files
2024-12-13 13:37:06,338 INFO    SenderThread:64816 [dir_watcher.py:finish():409] scan save: /Users/aklywtx/Desktop/VLM_Bias_research/NN_pretrain/wandb/run-20241213_133640-nvr16vvi/files/requirements.txt requirements.txt
2024-12-13 13:37:06,338 INFO    SenderThread:64816 [dir_watcher.py:finish():409] scan save: /Users/aklywtx/Desktop/VLM_Bias_research/NN_pretrain/wandb/run-20241213_133640-nvr16vvi/files/output.log output.log
2024-12-13 13:37:06,343 INFO    SenderThread:64816 [dir_watcher.py:finish():409] scan save: /Users/aklywtx/Desktop/VLM_Bias_research/NN_pretrain/wandb/run-20241213_133640-nvr16vvi/files/config.yaml config.yaml
2024-12-13 13:37:06,343 INFO    SenderThread:64816 [dir_watcher.py:finish():409] scan save: /Users/aklywtx/Desktop/VLM_Bias_research/NN_pretrain/wandb/run-20241213_133640-nvr16vvi/files/wandb-summary.json wandb-summary.json
2024-12-13 13:37:06,345 INFO    SenderThread:64816 [dir_watcher.py:finish():409] scan save: /Users/aklywtx/Desktop/VLM_Bias_research/NN_pretrain/wandb/run-20241213_133640-nvr16vvi/files/conda-environment.yaml conda-environment.yaml
2024-12-13 13:37:06,347 INFO    SenderThread:64816 [dir_watcher.py:finish():409] scan save: /Users/aklywtx/Desktop/VLM_Bias_research/NN_pretrain/wandb/run-20241213_133640-nvr16vvi/files/wandb-metadata.json wandb-metadata.json
2024-12-13 13:37:06,348 INFO    SenderThread:64816 [sender.py:transition_state():626] send defer: 10
2024-12-13 13:37:06,349 DEBUG   SenderThread:64816 [sender.py:send_request():402] send_request: poll_exit
2024-12-13 13:37:06,350 DEBUG   HandlerThread:64816 [handler.py:handle_request():144] handle_request: defer
2024-12-13 13:37:06,350 INFO    HandlerThread:64816 [handler.py:handle_request_defer():170] handle defer: 10
2024-12-13 13:37:06,350 DEBUG   SenderThread:64816 [sender.py:send_request():402] send_request: defer
2024-12-13 13:37:06,350 INFO    SenderThread:64816 [sender.py:send_request_defer():622] handle sender defer: 10
2024-12-13 13:37:06,350 INFO    SenderThread:64816 [file_pusher.py:finish():167] shutting down file pusher
2024-12-13 13:37:06,814 INFO    wandb-upload_4:64816 [upload_job.py:push():137] Uploaded file /Users/aklywtx/Desktop/VLM_Bias_research/NN_pretrain/wandb/run-20241213_133640-nvr16vvi/files/conda-environment.yaml
2024-12-13 13:37:06,856 INFO    wandb-upload_2:64816 [upload_job.py:push():137] Uploaded file /Users/aklywtx/Desktop/VLM_Bias_research/NN_pretrain/wandb/run-20241213_133640-nvr16vvi/files/config.yaml
2024-12-13 13:37:06,868 INFO    wandb-upload_1:64816 [upload_job.py:push():137] Uploaded file /Users/aklywtx/Desktop/VLM_Bias_research/NN_pretrain/wandb/run-20241213_133640-nvr16vvi/files/output.log
2024-12-13 13:37:06,868 INFO    wandb-upload_3:64816 [upload_job.py:push():137] Uploaded file /Users/aklywtx/Desktop/VLM_Bias_research/NN_pretrain/wandb/run-20241213_133640-nvr16vvi/files/wandb-summary.json
2024-12-13 13:37:06,897 INFO    wandb-upload_0:64816 [upload_job.py:push():137] Uploaded file /Users/aklywtx/Desktop/VLM_Bias_research/NN_pretrain/wandb/run-20241213_133640-nvr16vvi/files/requirements.txt
2024-12-13 13:37:07,109 INFO    Thread-11 :64816 [sender.py:transition_state():626] send defer: 11
2024-12-13 13:37:07,109 DEBUG   HandlerThread:64816 [handler.py:handle_request():144] handle_request: defer
2024-12-13 13:37:07,109 INFO    HandlerThread:64816 [handler.py:handle_request_defer():170] handle defer: 11
2024-12-13 13:37:07,110 DEBUG   SenderThread:64816 [sender.py:send_request():402] send_request: defer
2024-12-13 13:37:07,110 INFO    SenderThread:64816 [sender.py:send_request_defer():622] handle sender defer: 11
2024-12-13 13:37:07,110 INFO    SenderThread:64816 [file_pusher.py:join():172] waiting for file pusher
2024-12-13 13:37:07,110 INFO    SenderThread:64816 [sender.py:transition_state():626] send defer: 12
2024-12-13 13:37:07,110 DEBUG   HandlerThread:64816 [handler.py:handle_request():144] handle_request: defer
2024-12-13 13:37:07,110 INFO    HandlerThread:64816 [handler.py:handle_request_defer():170] handle defer: 12
2024-12-13 13:37:07,110 DEBUG   SenderThread:64816 [sender.py:send_request():402] send_request: defer
2024-12-13 13:37:07,110 INFO    SenderThread:64816 [sender.py:send_request_defer():622] handle sender defer: 12
2024-12-13 13:37:07,273 INFO    SenderThread:64816 [sender.py:transition_state():626] send defer: 13
2024-12-13 13:37:07,274 DEBUG   HandlerThread:64816 [handler.py:handle_request():144] handle_request: defer
2024-12-13 13:37:07,275 INFO    HandlerThread:64816 [handler.py:handle_request_defer():170] handle defer: 13
2024-12-13 13:37:07,275 DEBUG   SenderThread:64816 [sender.py:send_request():402] send_request: defer
2024-12-13 13:37:07,275 INFO    SenderThread:64816 [sender.py:send_request_defer():622] handle sender defer: 13
2024-12-13 13:37:07,275 INFO    SenderThread:64816 [sender.py:transition_state():626] send defer: 14
2024-12-13 13:37:07,275 DEBUG   HandlerThread:64816 [handler.py:handle_request():144] handle_request: defer
2024-12-13 13:37:07,275 INFO    HandlerThread:64816 [handler.py:handle_request_defer():170] handle defer: 14
2024-12-13 13:37:07,276 DEBUG   SenderThread:64816 [sender.py:send():375] send: final
2024-12-13 13:37:07,276 DEBUG   SenderThread:64816 [sender.py:send():375] send: footer
2024-12-13 13:37:07,276 DEBUG   SenderThread:64816 [sender.py:send_request():402] send_request: defer
2024-12-13 13:37:07,276 INFO    SenderThread:64816 [sender.py:send_request_defer():622] handle sender defer: 14
2024-12-13 13:37:07,277 DEBUG   HandlerThread:64816 [handler.py:handle_request():144] handle_request: poll_exit
2024-12-13 13:37:07,277 DEBUG   SenderThread:64816 [sender.py:send_request():402] send_request: poll_exit
2024-12-13 13:37:07,278 DEBUG   HandlerThread:64816 [handler.py:handle_request():144] handle_request: server_info
2024-12-13 13:37:07,278 DEBUG   HandlerThread:64816 [handler.py:handle_request():144] handle_request: get_summary
2024-12-13 13:37:07,278 DEBUG   SenderThread:64816 [sender.py:send_request():402] send_request: server_info
2024-12-13 13:37:07,280 DEBUG   HandlerThread:64816 [handler.py:handle_request():144] handle_request: sampled_history
2024-12-13 13:37:07,426 INFO    MainThread:64816 [wandb_run.py:_footer_history_summary_info():3469] rendering history
2024-12-13 13:37:07,426 INFO    MainThread:64816 [wandb_run.py:_footer_history_summary_info():3501] rendering summary
2024-12-13 13:37:07,426 INFO    MainThread:64816 [wandb_run.py:_footer_sync_info():3428] logging synced files
2024-12-13 13:37:07,427 DEBUG   HandlerThread:64816 [handler.py:handle_request():144] handle_request: shutdown
2024-12-13 13:37:07,427 INFO    HandlerThread:64816 [handler.py:finish():842] shutting down handler
2024-12-13 13:37:08,282 INFO    WriterThread:64816 [datastore.py:close():298] close: /Users/aklywtx/Desktop/VLM_Bias_research/NN_pretrain/wandb/run-20241213_133640-nvr16vvi/run-nvr16vvi.wandb
2024-12-13 13:37:08,431 INFO    SenderThread:64816 [sender.py:finish():1550] shutting down sender
2024-12-13 13:37:08,431 INFO    SenderThread:64816 [file_pusher.py:finish():167] shutting down file pusher
2024-12-13 13:37:08,432 INFO    SenderThread:64816 [file_pusher.py:join():172] waiting for file pusher
