Epochs:   0%|                                                                                                                                                                                 | 0/100 [00:00<?, ?it/s]
Traceback (most recent call last):
  File "/Users/aklywtx/Desktop/VLM_Bias_research/NN_pretrain/models/mlp_train.py", line 71, in <module>
    main()
  File "/Users/aklywtx/Desktop/VLM_Bias_research/NN_pretrain/models/mlp_train.py", line 65, in main
    trainer.train(train_loader, val_loader, num_epochs)
  File "/Users/aklywtx/Desktop/VLM_Bias_research/NN_pretrain/models/utils.py", line 121, in train
    for images, labels in tqdm(train_loader, desc=f'Epoch {epoch+1}/{num_epochs}', leave=False):
  File "/Users/aklywtx/opt/anaconda3/lib/python3.9/site-packages/tqdm/std.py", line 1181, in __iter__
    for obj in iterable:
  File "/Users/aklywtx/opt/anaconda3/lib/python3.9/site-packages/torch/utils/data/dataloader.py", line 631, in __next__
    data = self._next_data()
  File "/Users/aklywtx/opt/anaconda3/lib/python3.9/site-packages/torch/utils/data/dataloader.py", line 675, in _next_data
    data = self._dataset_fetcher.fetch(index)  # may raise StopIteration
  File "/Users/aklywtx/opt/anaconda3/lib/python3.9/site-packages/torch/utils/data/_utils/fetch.py", line 51, in fetch
    data = [self.dataset[idx] for idx in possibly_batched_index]
  File "/Users/aklywtx/opt/anaconda3/lib/python3.9/site-packages/torch/utils/data/_utils/fetch.py", line 51, in <listcomp>
    data = [self.dataset[idx] for idx in possibly_batched_index]
  File "/Users/aklywtx/Desktop/VLM_Bias_research/NN_pretrain/models/utils.py", line 84, in __getitem__
    image = Image.open(self.image_paths[idx]).convert("L")
  File "/Users/aklywtx/opt/anaconda3/lib/python3.9/site-packages/PIL/Image.py", line 3277, in open
    fp = builtins.open(filename, "rb")
FileNotFoundError: [Errno 2] No such file or directory: '/Users/aklywtx/Desktop/VLM_Bias_research/NN_pretrain/s'