2024-11-17 15:57:03,652 INFO    StreamThr :42416 [internal.py:wandb_internal():86] W&B internal server running at pid: 42416, started at: 2024-11-17 15:57:03.651701
2024-11-17 15:57:03,652 DEBUG   HandlerThread:42416 [handler.py:handle_request():144] handle_request: status
2024-11-17 15:57:03,653 INFO    WriterThread:42416 [datastore.py:open_for_write():85] open: /Users/aklywtx/Desktop/VLM_Bias_research/NN_pretrain/wandb/run-20241117_155703-it5ojj0a/run-it5ojj0a.wandb
2024-11-17 15:57:03,654 DEBUG   SenderThread:42416 [sender.py:send():375] send: header
2024-11-17 15:57:03,673 DEBUG   SenderThread:42416 [sender.py:send():375] send: run
2024-11-17 15:57:04,099 INFO    SenderThread:42416 [dir_watcher.py:__init__():219] watching files in: /Users/aklywtx/Desktop/VLM_Bias_research/NN_pretrain/wandb/run-20241117_155703-it5ojj0a/files
2024-11-17 15:57:04,099 INFO    SenderThread:42416 [sender.py:_start_run_threads():1124] run started: it5ojj0a with start time 1731855423.651266
2024-11-17 15:57:04,100 DEBUG   SenderThread:42416 [sender.py:send_request():402] send_request: summary_record
2024-11-17 15:57:04,100 INFO    SenderThread:42416 [sender.py:_save_file():1378] saving file wandb-summary.json with policy end
2024-11-17 15:57:04,102 DEBUG   HandlerThread:42416 [handler.py:handle_request():144] handle_request: check_version
2024-11-17 15:57:04,103 DEBUG   SenderThread:42416 [sender.py:send_request():402] send_request: check_version
2024-11-17 15:57:04,360 DEBUG   HandlerThread:42416 [handler.py:handle_request():144] handle_request: run_start
2024-11-17 15:57:04,378 DEBUG   HandlerThread:42416 [system_info.py:__init__():31] System info init
2024-11-17 15:57:04,378 DEBUG   HandlerThread:42416 [system_info.py:__init__():46] System info init done
2024-11-17 15:57:04,378 INFO    HandlerThread:42416 [system_monitor.py:start():181] Starting system monitor
2024-11-17 15:57:04,378 INFO    SystemMonitor:42416 [system_monitor.py:_start():145] Starting system asset monitoring threads
2024-11-17 15:57:04,379 INFO    HandlerThread:42416 [system_monitor.py:probe():201] Collecting system info
2024-11-17 15:57:04,379 INFO    SystemMonitor:42416 [interfaces.py:start():190] Started cpu monitoring
2024-11-17 15:57:04,379 DEBUG   HandlerThread:42416 [system_info.py:probe():195] Probing system
2024-11-17 15:57:04,379 INFO    SystemMonitor:42416 [interfaces.py:start():190] Started disk monitoring
2024-11-17 15:57:04,380 INFO    SystemMonitor:42416 [interfaces.py:start():190] Started memory monitoring
2024-11-17 15:57:04,380 INFO    SystemMonitor:42416 [interfaces.py:start():190] Started network monitoring
2024-11-17 15:57:04,386 DEBUG   HandlerThread:42416 [system_info.py:_probe_git():180] Probing git
2024-11-17 15:57:04,416 DEBUG   HandlerThread:42416 [system_info.py:_probe_git():188] Probing git done
2024-11-17 15:57:04,416 DEBUG   HandlerThread:42416 [system_info.py:probe():240] Probing system done
2024-11-17 15:57:04,416 DEBUG   HandlerThread:42416 [system_monitor.py:probe():210] {'os': 'macOS-14.5-arm64-i386-64bit', 'python': '3.9.13', 'heartbeatAt': '2024-11-17T14:57:04.380046', 'startedAt': '2024-11-17T14:57:03.547629', 'docker': None, 'cuda': None, 'args': (), 'state': 'running', 'program': '/Users/aklywtx/Desktop/VLM_Bias_research/NN_pretrain/models/mlp_train.py', 'codePath': 'models/mlp_train.py', 'git': {'remote': 'git@github.com:aklywtx/NN_pretrain.git', 'commit': '79fb9213d8f97bc1c37c0dd0a2a01a0ea0927308'}, 'email': 'aklywtx233@163.com', 'root': '/Users/aklywtx/Desktop/VLM_Bias_research/NN_pretrain', 'host': 'MACBOOK-PRO-341.local', 'username': 'aklywtx', 'executable': '/Users/aklywtx/opt/anaconda3/bin/python', 'cpu_count': 8, 'cpu_count_logical': 8, 'disk': {'total': 926.3517189025879, 'used': 814.5453987121582}, 'memory': {'total': 32.0}}
2024-11-17 15:57:04,416 INFO    HandlerThread:42416 [system_monitor.py:probe():211] Finished collecting system info
2024-11-17 15:57:04,416 INFO    HandlerThread:42416 [system_monitor.py:probe():214] Publishing system info
2024-11-17 15:57:04,416 DEBUG   HandlerThread:42416 [system_info.py:_save_pip():51] Saving list of pip packages installed into the current environment
2024-11-17 15:57:04,417 DEBUG   HandlerThread:42416 [system_info.py:_save_pip():67] Saving pip packages done
2024-11-17 15:57:04,417 DEBUG   HandlerThread:42416 [system_info.py:_save_conda():74] Saving list of conda packages installed into the current environment
2024-11-17 15:57:05,106 INFO    Thread-12 :42416 [dir_watcher.py:_on_file_created():278] file/dir created: /Users/aklywtx/Desktop/VLM_Bias_research/NN_pretrain/wandb/run-20241117_155703-it5ojj0a/files/wandb-summary.json
2024-11-17 15:57:05,106 INFO    Thread-12 :42416 [dir_watcher.py:_on_file_created():278] file/dir created: /Users/aklywtx/Desktop/VLM_Bias_research/NN_pretrain/wandb/run-20241117_155703-it5ojj0a/files/conda-environment.yaml
2024-11-17 15:57:05,106 INFO    Thread-12 :42416 [dir_watcher.py:_on_file_created():278] file/dir created: /Users/aklywtx/Desktop/VLM_Bias_research/NN_pretrain/wandb/run-20241117_155703-it5ojj0a/files/requirements.txt
2024-11-17 15:57:21,831 DEBUG   HandlerThread:42416 [system_info.py:_save_conda():86] Saving conda packages done
2024-11-17 15:57:21,832 INFO    HandlerThread:42416 [system_monitor.py:probe():216] Finished publishing system info
2024-11-17 15:57:21,845 DEBUG   HandlerThread:42416 [handler.py:handle_request():144] handle_request: status_report
2024-11-17 15:57:21,845 DEBUG   HandlerThread:42416 [handler.py:handle_request():144] handle_request: keepalive
2024-11-17 15:57:21,845 DEBUG   HandlerThread:42416 [handler.py:handle_request():144] handle_request: status_report
2024-11-17 15:57:21,845 DEBUG   HandlerThread:42416 [handler.py:handle_request():144] handle_request: keepalive
2024-11-17 15:57:21,846 DEBUG   HandlerThread:42416 [handler.py:handle_request():144] handle_request: keepalive
2024-11-17 15:57:21,846 DEBUG   HandlerThread:42416 [handler.py:handle_request():144] handle_request: status_report
2024-11-17 15:57:21,846 DEBUG   SenderThread:42416 [sender.py:send():375] send: files
2024-11-17 15:57:21,846 INFO    SenderThread:42416 [sender.py:_save_file():1378] saving file wandb-metadata.json with policy now
2024-11-17 15:57:21,849 DEBUG   HandlerThread:42416 [handler.py:handle_request():144] handle_request: stop_status
2024-11-17 15:57:21,849 DEBUG   SenderThread:42416 [sender.py:send_request():402] send_request: stop_status
2024-11-17 15:57:22,104 DEBUG   SenderThread:42416 [sender.py:send():375] send: telemetry
2024-11-17 15:57:22,185 INFO    Thread-12 :42416 [dir_watcher.py:_on_file_modified():295] file/dir modified: /Users/aklywtx/Desktop/VLM_Bias_research/NN_pretrain/wandb/run-20241117_155703-it5ojj0a/files/conda-environment.yaml
2024-11-17 15:57:22,185 INFO    Thread-12 :42416 [dir_watcher.py:_on_file_created():278] file/dir created: /Users/aklywtx/Desktop/VLM_Bias_research/NN_pretrain/wandb/run-20241117_155703-it5ojj0a/files/wandb-metadata.json
2024-11-17 15:57:22,456 INFO    wandb-upload_0:42416 [upload_job.py:push():137] Uploaded file /var/folders/b8/j860yxxx1bb1pjgc34kr65dm0000gn/T/tmpxjmt0v9bwandb/vbeo1pwc-wandb-metadata.json
2024-11-17 15:57:25,116 DEBUG   HandlerThread:42416 [handler.py:handle_request():144] handle_request: status_report
2024-11-17 15:57:30,137 DEBUG   HandlerThread:42416 [handler.py:handle_request():144] handle_request: status_report
2024-11-17 15:57:35,160 DEBUG   HandlerThread:42416 [handler.py:handle_request():144] handle_request: status_report
2024-11-17 15:57:36,250 INFO    Thread-12 :42416 [dir_watcher.py:_on_file_modified():295] file/dir modified: /Users/aklywtx/Desktop/VLM_Bias_research/NN_pretrain/wandb/run-20241117_155703-it5ojj0a/files/config.yaml
2024-11-17 15:57:36,854 DEBUG   HandlerThread:42416 [handler.py:handle_request():144] handle_request: stop_status
2024-11-17 15:57:36,854 DEBUG   SenderThread:42416 [sender.py:send_request():402] send_request: stop_status
2024-11-17 15:57:39,265 INFO    Thread-12 :42416 [dir_watcher.py:_on_file_created():278] file/dir created: /Users/aklywtx/Desktop/VLM_Bias_research/NN_pretrain/wandb/run-20241117_155703-it5ojj0a/files/output.log
2024-11-17 15:57:40,391 DEBUG   HandlerThread:42416 [handler.py:handle_request():144] handle_request: status_report
2024-11-17 15:57:41,271 INFO    Thread-12 :42416 [dir_watcher.py:_on_file_modified():295] file/dir modified: /Users/aklywtx/Desktop/VLM_Bias_research/NN_pretrain/wandb/run-20241117_155703-it5ojj0a/files/output.log
2024-11-17 15:57:41,345 DEBUG   HandlerThread:42416 [handler.py:handle_request():144] handle_request: partial_history
2024-11-17 15:57:41,346 DEBUG   SenderThread:42416 [sender.py:send():375] send: history
2024-11-17 15:57:41,346 DEBUG   SenderThread:42416 [sender.py:send_request():402] send_request: summary_record
2024-11-17 15:57:41,346 INFO    SenderThread:42416 [sender.py:_save_file():1378] saving file wandb-summary.json with policy end
2024-11-17 15:57:42,272 INFO    Thread-12 :42416 [dir_watcher.py:_on_file_modified():295] file/dir modified: /Users/aklywtx/Desktop/VLM_Bias_research/NN_pretrain/wandb/run-20241117_155703-it5ojj0a/files/wandb-summary.json
2024-11-17 15:57:43,278 INFO    Thread-12 :42416 [dir_watcher.py:_on_file_modified():295] file/dir modified: /Users/aklywtx/Desktop/VLM_Bias_research/NN_pretrain/wandb/run-20241117_155703-it5ojj0a/files/output.log
2024-11-17 15:57:44,078 DEBUG   HandlerThread:42416 [handler.py:handle_request():144] handle_request: partial_history
2024-11-17 15:57:44,079 DEBUG   SenderThread:42416 [sender.py:send():375] send: history
2024-11-17 15:57:44,079 DEBUG   SenderThread:42416 [sender.py:send_request():402] send_request: summary_record
2024-11-17 15:57:44,079 INFO    SenderThread:42416 [sender.py:_save_file():1378] saving file wandb-summary.json with policy end
2024-11-17 15:57:44,280 INFO    Thread-12 :42416 [dir_watcher.py:_on_file_modified():295] file/dir modified: /Users/aklywtx/Desktop/VLM_Bias_research/NN_pretrain/wandb/run-20241117_155703-it5ojj0a/files/wandb-summary.json
2024-11-17 15:57:45,283 INFO    Thread-12 :42416 [dir_watcher.py:_on_file_modified():295] file/dir modified: /Users/aklywtx/Desktop/VLM_Bias_research/NN_pretrain/wandb/run-20241117_155703-it5ojj0a/files/output.log
2024-11-17 15:57:45,417 DEBUG   HandlerThread:42416 [handler.py:handle_request():144] handle_request: status_report
2024-11-17 15:57:46,852 DEBUG   HandlerThread:42416 [handler.py:handle_request():144] handle_request: partial_history
2024-11-17 15:57:46,853 DEBUG   SenderThread:42416 [sender.py:send():375] send: history
2024-11-17 15:57:46,853 DEBUG   SenderThread:42416 [sender.py:send_request():402] send_request: summary_record
2024-11-17 15:57:46,854 INFO    SenderThread:42416 [sender.py:_save_file():1378] saving file wandb-summary.json with policy end
2024-11-17 15:57:47,291 INFO    Thread-12 :42416 [dir_watcher.py:_on_file_modified():295] file/dir modified: /Users/aklywtx/Desktop/VLM_Bias_research/NN_pretrain/wandb/run-20241117_155703-it5ojj0a/files/output.log
2024-11-17 15:57:47,291 INFO    Thread-12 :42416 [dir_watcher.py:_on_file_modified():295] file/dir modified: /Users/aklywtx/Desktop/VLM_Bias_research/NN_pretrain/wandb/run-20241117_155703-it5ojj0a/files/wandb-summary.json
2024-11-17 15:57:49,293 INFO    Thread-12 :42416 [dir_watcher.py:_on_file_modified():295] file/dir modified: /Users/aklywtx/Desktop/VLM_Bias_research/NN_pretrain/wandb/run-20241117_155703-it5ojj0a/files/output.log
2024-11-17 15:57:49,461 DEBUG   HandlerThread:42416 [handler.py:handle_request():144] handle_request: partial_history
2024-11-17 15:57:49,462 DEBUG   SenderThread:42416 [sender.py:send():375] send: history
2024-11-17 15:57:49,462 DEBUG   SenderThread:42416 [sender.py:send_request():402] send_request: summary_record
2024-11-17 15:57:49,462 INFO    SenderThread:42416 [sender.py:_save_file():1378] saving file wandb-summary.json with policy end
2024-11-17 15:57:50,298 INFO    Thread-12 :42416 [dir_watcher.py:_on_file_modified():295] file/dir modified: /Users/aklywtx/Desktop/VLM_Bias_research/NN_pretrain/wandb/run-20241117_155703-it5ojj0a/files/wandb-summary.json
2024-11-17 15:57:50,443 DEBUG   HandlerThread:42416 [handler.py:handle_request():144] handle_request: status_report
2024-11-17 15:57:51,304 INFO    Thread-12 :42416 [dir_watcher.py:_on_file_modified():295] file/dir modified: /Users/aklywtx/Desktop/VLM_Bias_research/NN_pretrain/wandb/run-20241117_155703-it5ojj0a/files/output.log
2024-11-17 15:57:51,859 DEBUG   HandlerThread:42416 [handler.py:handle_request():144] handle_request: stop_status
2024-11-17 15:57:51,861 DEBUG   SenderThread:42416 [sender.py:send_request():402] send_request: stop_status
2024-11-17 15:57:52,135 DEBUG   HandlerThread:42416 [handler.py:handle_request():144] handle_request: partial_history
2024-11-17 15:57:52,136 DEBUG   SenderThread:42416 [sender.py:send():375] send: history
2024-11-17 15:57:52,136 DEBUG   SenderThread:42416 [sender.py:send_request():402] send_request: summary_record
2024-11-17 15:57:52,136 INFO    SenderThread:42416 [sender.py:_save_file():1378] saving file wandb-summary.json with policy end
2024-11-17 15:57:52,309 INFO    Thread-12 :42416 [dir_watcher.py:_on_file_modified():295] file/dir modified: /Users/aklywtx/Desktop/VLM_Bias_research/NN_pretrain/wandb/run-20241117_155703-it5ojj0a/files/wandb-summary.json
2024-11-17 15:57:53,311 INFO    Thread-12 :42416 [dir_watcher.py:_on_file_modified():295] file/dir modified: /Users/aklywtx/Desktop/VLM_Bias_research/NN_pretrain/wandb/run-20241117_155703-it5ojj0a/files/output.log
2024-11-17 15:57:54,665 DEBUG   HandlerThread:42416 [handler.py:handle_request():144] handle_request: partial_history
2024-11-17 15:57:54,667 DEBUG   SenderThread:42416 [sender.py:send():375] send: history
2024-11-17 15:57:54,667 DEBUG   SenderThread:42416 [sender.py:send_request():402] send_request: summary_record
2024-11-17 15:57:54,667 INFO    SenderThread:42416 [sender.py:_save_file():1378] saving file wandb-summary.json with policy end
2024-11-17 15:57:55,321 INFO    Thread-12 :42416 [dir_watcher.py:_on_file_modified():295] file/dir modified: /Users/aklywtx/Desktop/VLM_Bias_research/NN_pretrain/wandb/run-20241117_155703-it5ojj0a/files/output.log
2024-11-17 15:57:55,321 INFO    Thread-12 :42416 [dir_watcher.py:_on_file_modified():295] file/dir modified: /Users/aklywtx/Desktop/VLM_Bias_research/NN_pretrain/wandb/run-20241117_155703-it5ojj0a/files/wandb-summary.json
2024-11-17 15:57:55,466 DEBUG   HandlerThread:42416 [handler.py:handle_request():144] handle_request: status_report
2024-11-17 15:57:57,302 DEBUG   HandlerThread:42416 [handler.py:handle_request():144] handle_request: partial_history
2024-11-17 15:57:57,304 DEBUG   SenderThread:42416 [sender.py:send():375] send: history
2024-11-17 15:57:57,304 DEBUG   SenderThread:42416 [sender.py:send_request():402] send_request: summary_record
2024-11-17 15:57:57,304 INFO    SenderThread:42416 [sender.py:_save_file():1378] saving file wandb-summary.json with policy end
2024-11-17 15:57:57,332 INFO    Thread-12 :42416 [dir_watcher.py:_on_file_modified():295] file/dir modified: /Users/aklywtx/Desktop/VLM_Bias_research/NN_pretrain/wandb/run-20241117_155703-it5ojj0a/files/output.log
2024-11-17 15:57:57,332 INFO    Thread-12 :42416 [dir_watcher.py:_on_file_modified():295] file/dir modified: /Users/aklywtx/Desktop/VLM_Bias_research/NN_pretrain/wandb/run-20241117_155703-it5ojj0a/files/wandb-summary.json
2024-11-17 15:57:59,337 INFO    Thread-12 :42416 [dir_watcher.py:_on_file_modified():295] file/dir modified: /Users/aklywtx/Desktop/VLM_Bias_research/NN_pretrain/wandb/run-20241117_155703-it5ojj0a/files/output.log
2024-11-17 15:57:59,791 DEBUG   HandlerThread:42416 [handler.py:handle_request():144] handle_request: partial_history
2024-11-17 15:57:59,792 DEBUG   SenderThread:42416 [sender.py:send():375] send: history
2024-11-17 15:57:59,792 DEBUG   SenderThread:42416 [sender.py:send_request():402] send_request: summary_record
2024-11-17 15:57:59,792 INFO    SenderThread:42416 [sender.py:_save_file():1378] saving file wandb-summary.json with policy end
2024-11-17 15:58:00,341 INFO    Thread-12 :42416 [dir_watcher.py:_on_file_modified():295] file/dir modified: /Users/aklywtx/Desktop/VLM_Bias_research/NN_pretrain/wandb/run-20241117_155703-it5ojj0a/files/wandb-summary.json
2024-11-17 15:58:00,494 DEBUG   HandlerThread:42416 [handler.py:handle_request():144] handle_request: status_report
2024-11-17 15:58:01,346 INFO    Thread-12 :42416 [dir_watcher.py:_on_file_modified():295] file/dir modified: /Users/aklywtx/Desktop/VLM_Bias_research/NN_pretrain/wandb/run-20241117_155703-it5ojj0a/files/output.log
2024-11-17 15:58:02,273 DEBUG   HandlerThread:42416 [handler.py:handle_request():144] handle_request: partial_history
2024-11-17 15:58:02,274 DEBUG   SenderThread:42416 [sender.py:send():375] send: history
2024-11-17 15:58:02,274 DEBUG   SenderThread:42416 [sender.py:send_request():402] send_request: summary_record
2024-11-17 15:58:02,275 INFO    SenderThread:42416 [sender.py:_save_file():1378] saving file wandb-summary.json with policy end
2024-11-17 15:58:02,350 INFO    Thread-12 :42416 [dir_watcher.py:_on_file_modified():295] file/dir modified: /Users/aklywtx/Desktop/VLM_Bias_research/NN_pretrain/wandb/run-20241117_155703-it5ojj0a/files/wandb-summary.json
2024-11-17 15:58:03,355 INFO    Thread-12 :42416 [dir_watcher.py:_on_file_modified():295] file/dir modified: /Users/aklywtx/Desktop/VLM_Bias_research/NN_pretrain/wandb/run-20241117_155703-it5ojj0a/files/output.log
2024-11-17 15:58:04,386 DEBUG   SystemMonitor:42416 [system_monitor.py:_start():159] Starting system metrics aggregation loop
2024-11-17 15:58:04,386 DEBUG   SenderThread:42416 [sender.py:send():375] send: stats
2024-11-17 15:58:04,754 DEBUG   HandlerThread:42416 [handler.py:handle_request():144] handle_request: partial_history
2024-11-17 15:58:04,756 DEBUG   SenderThread:42416 [sender.py:send():375] send: history
2024-11-17 15:58:04,756 DEBUG   SenderThread:42416 [sender.py:send_request():402] send_request: summary_record
2024-11-17 15:58:04,757 INFO    SenderThread:42416 [sender.py:_save_file():1378] saving file wandb-summary.json with policy end
2024-11-17 15:58:05,360 INFO    Thread-12 :42416 [dir_watcher.py:_on_file_modified():295] file/dir modified: /Users/aklywtx/Desktop/VLM_Bias_research/NN_pretrain/wandb/run-20241117_155703-it5ojj0a/files/output.log
2024-11-17 15:58:05,360 INFO    Thread-12 :42416 [dir_watcher.py:_on_file_modified():295] file/dir modified: /Users/aklywtx/Desktop/VLM_Bias_research/NN_pretrain/wandb/run-20241117_155703-it5ojj0a/files/wandb-summary.json
2024-11-17 15:58:05,498 DEBUG   HandlerThread:42416 [handler.py:handle_request():144] handle_request: status_report
2024-11-17 15:58:06,863 DEBUG   HandlerThread:42416 [handler.py:handle_request():144] handle_request: stop_status
2024-11-17 15:58:06,864 DEBUG   SenderThread:42416 [sender.py:send_request():402] send_request: stop_status
2024-11-17 15:58:07,127 DEBUG   HandlerThread:42416 [handler.py:handle_request():144] handle_request: partial_history
2024-11-17 15:58:07,128 DEBUG   SenderThread:42416 [sender.py:send():375] send: history
2024-11-17 15:58:07,128 DEBUG   SenderThread:42416 [sender.py:send_request():402] send_request: summary_record
2024-11-17 15:58:07,128 INFO    SenderThread:42416 [sender.py:_save_file():1378] saving file wandb-summary.json with policy end
2024-11-17 15:58:07,371 INFO    Thread-12 :42416 [dir_watcher.py:_on_file_modified():295] file/dir modified: /Users/aklywtx/Desktop/VLM_Bias_research/NN_pretrain/wandb/run-20241117_155703-it5ojj0a/files/output.log
2024-11-17 15:58:07,371 INFO    Thread-12 :42416 [dir_watcher.py:_on_file_modified():295] file/dir modified: /Users/aklywtx/Desktop/VLM_Bias_research/NN_pretrain/wandb/run-20241117_155703-it5ojj0a/files/wandb-summary.json
2024-11-17 15:58:09,377 INFO    Thread-12 :42416 [dir_watcher.py:_on_file_modified():295] file/dir modified: /Users/aklywtx/Desktop/VLM_Bias_research/NN_pretrain/wandb/run-20241117_155703-it5ojj0a/files/output.log
2024-11-17 15:58:09,639 DEBUG   HandlerThread:42416 [handler.py:handle_request():144] handle_request: partial_history
2024-11-17 15:58:09,640 DEBUG   SenderThread:42416 [sender.py:send():375] send: history
2024-11-17 15:58:09,640 DEBUG   SenderThread:42416 [sender.py:send_request():402] send_request: summary_record
2024-11-17 15:58:09,640 INFO    SenderThread:42416 [sender.py:_save_file():1378] saving file wandb-summary.json with policy end
2024-11-17 15:58:10,382 INFO    Thread-12 :42416 [dir_watcher.py:_on_file_modified():295] file/dir modified: /Users/aklywtx/Desktop/VLM_Bias_research/NN_pretrain/wandb/run-20241117_155703-it5ojj0a/files/wandb-summary.json
2024-11-17 15:58:10,601 DEBUG   HandlerThread:42416 [handler.py:handle_request():144] handle_request: status_report
2024-11-17 15:58:11,387 INFO    Thread-12 :42416 [dir_watcher.py:_on_file_modified():295] file/dir modified: /Users/aklywtx/Desktop/VLM_Bias_research/NN_pretrain/wandb/run-20241117_155703-it5ojj0a/files/output.log
2024-11-17 15:58:12,187 DEBUG   HandlerThread:42416 [handler.py:handle_request():144] handle_request: partial_history
2024-11-17 15:58:12,188 DEBUG   SenderThread:42416 [sender.py:send():375] send: history
2024-11-17 15:58:12,188 DEBUG   SenderThread:42416 [sender.py:send_request():402] send_request: summary_record
2024-11-17 15:58:12,189 INFO    SenderThread:42416 [sender.py:_save_file():1378] saving file wandb-summary.json with policy end
2024-11-17 15:58:12,391 INFO    Thread-12 :42416 [dir_watcher.py:_on_file_modified():295] file/dir modified: /Users/aklywtx/Desktop/VLM_Bias_research/NN_pretrain/wandb/run-20241117_155703-it5ojj0a/files/wandb-summary.json
2024-11-17 15:58:13,396 INFO    Thread-12 :42416 [dir_watcher.py:_on_file_modified():295] file/dir modified: /Users/aklywtx/Desktop/VLM_Bias_research/NN_pretrain/wandb/run-20241117_155703-it5ojj0a/files/output.log
2024-11-17 15:58:14,694 DEBUG   HandlerThread:42416 [handler.py:handle_request():144] handle_request: partial_history
2024-11-17 15:58:14,695 DEBUG   SenderThread:42416 [sender.py:send():375] send: history
2024-11-17 15:58:14,695 DEBUG   SenderThread:42416 [sender.py:send_request():402] send_request: summary_record
2024-11-17 15:58:14,695 INFO    SenderThread:42416 [sender.py:_save_file():1378] saving file wandb-summary.json with policy end
2024-11-17 15:58:15,403 INFO    Thread-12 :42416 [dir_watcher.py:_on_file_modified():295] file/dir modified: /Users/aklywtx/Desktop/VLM_Bias_research/NN_pretrain/wandb/run-20241117_155703-it5ojj0a/files/output.log
2024-11-17 15:58:15,403 INFO    Thread-12 :42416 [dir_watcher.py:_on_file_modified():295] file/dir modified: /Users/aklywtx/Desktop/VLM_Bias_research/NN_pretrain/wandb/run-20241117_155703-it5ojj0a/files/wandb-summary.json
2024-11-17 15:58:15,700 DEBUG   HandlerThread:42416 [handler.py:handle_request():144] handle_request: status_report
2024-11-17 15:58:17,206 DEBUG   HandlerThread:42416 [handler.py:handle_request():144] handle_request: partial_history
2024-11-17 15:58:17,207 DEBUG   SenderThread:42416 [sender.py:send():375] send: history
2024-11-17 15:58:17,207 DEBUG   SenderThread:42416 [sender.py:send_request():402] send_request: summary_record
2024-11-17 15:58:17,207 INFO    SenderThread:42416 [sender.py:_save_file():1378] saving file wandb-summary.json with policy end
2024-11-17 15:58:17,411 INFO    Thread-12 :42416 [dir_watcher.py:_on_file_modified():295] file/dir modified: /Users/aklywtx/Desktop/VLM_Bias_research/NN_pretrain/wandb/run-20241117_155703-it5ojj0a/files/output.log
2024-11-17 15:58:17,411 INFO    Thread-12 :42416 [dir_watcher.py:_on_file_modified():295] file/dir modified: /Users/aklywtx/Desktop/VLM_Bias_research/NN_pretrain/wandb/run-20241117_155703-it5ojj0a/files/wandb-summary.json
2024-11-17 15:58:19,417 INFO    Thread-12 :42416 [dir_watcher.py:_on_file_modified():295] file/dir modified: /Users/aklywtx/Desktop/VLM_Bias_research/NN_pretrain/wandb/run-20241117_155703-it5ojj0a/files/output.log
2024-11-17 15:58:19,799 DEBUG   HandlerThread:42416 [handler.py:handle_request():144] handle_request: partial_history
2024-11-17 15:58:19,800 DEBUG   SenderThread:42416 [sender.py:send():375] send: history
2024-11-17 15:58:19,801 DEBUG   SenderThread:42416 [sender.py:send_request():402] send_request: summary_record
2024-11-17 15:58:19,801 INFO    SenderThread:42416 [sender.py:_save_file():1378] saving file wandb-summary.json with policy end
2024-11-17 15:58:20,422 INFO    Thread-12 :42416 [dir_watcher.py:_on_file_modified():295] file/dir modified: /Users/aklywtx/Desktop/VLM_Bias_research/NN_pretrain/wandb/run-20241117_155703-it5ojj0a/files/wandb-summary.json
2024-11-17 15:58:20,744 DEBUG   HandlerThread:42416 [handler.py:handle_request():144] handle_request: status_report
2024-11-17 15:58:21,424 INFO    Thread-12 :42416 [dir_watcher.py:_on_file_modified():295] file/dir modified: /Users/aklywtx/Desktop/VLM_Bias_research/NN_pretrain/wandb/run-20241117_155703-it5ojj0a/files/output.log
2024-11-17 15:58:21,868 DEBUG   HandlerThread:42416 [handler.py:handle_request():144] handle_request: stop_status
2024-11-17 15:58:21,868 DEBUG   SenderThread:42416 [sender.py:send_request():402] send_request: stop_status
2024-11-17 15:58:22,376 DEBUG   HandlerThread:42416 [handler.py:handle_request():144] handle_request: partial_history
2024-11-17 15:58:22,378 DEBUG   SenderThread:42416 [sender.py:send():375] send: history
2024-11-17 15:58:22,378 DEBUG   SenderThread:42416 [sender.py:send_request():402] send_request: summary_record
2024-11-17 15:58:22,378 INFO    SenderThread:42416 [sender.py:_save_file():1378] saving file wandb-summary.json with policy end
2024-11-17 15:58:22,429 INFO    Thread-12 :42416 [dir_watcher.py:_on_file_modified():295] file/dir modified: /Users/aklywtx/Desktop/VLM_Bias_research/NN_pretrain/wandb/run-20241117_155703-it5ojj0a/files/wandb-summary.json
2024-11-17 15:58:23,434 INFO    Thread-12 :42416 [dir_watcher.py:_on_file_modified():295] file/dir modified: /Users/aklywtx/Desktop/VLM_Bias_research/NN_pretrain/wandb/run-20241117_155703-it5ojj0a/files/output.log
2024-11-17 15:58:24,957 DEBUG   HandlerThread:42416 [handler.py:handle_request():144] handle_request: partial_history
2024-11-17 15:58:24,958 DEBUG   SenderThread:42416 [sender.py:send():375] send: history
2024-11-17 15:58:24,958 DEBUG   SenderThread:42416 [sender.py:send_request():402] send_request: summary_record
2024-11-17 15:58:24,958 INFO    SenderThread:42416 [sender.py:_save_file():1378] saving file wandb-summary.json with policy end
2024-11-17 15:58:25,444 INFO    Thread-12 :42416 [dir_watcher.py:_on_file_modified():295] file/dir modified: /Users/aklywtx/Desktop/VLM_Bias_research/NN_pretrain/wandb/run-20241117_155703-it5ojj0a/files/output.log
2024-11-17 15:58:25,445 INFO    Thread-12 :42416 [dir_watcher.py:_on_file_modified():295] file/dir modified: /Users/aklywtx/Desktop/VLM_Bias_research/NN_pretrain/wandb/run-20241117_155703-it5ojj0a/files/wandb-summary.json
2024-11-17 15:58:25,809 DEBUG   HandlerThread:42416 [handler.py:handle_request():144] handle_request: status_report
2024-11-17 15:58:27,452 INFO    Thread-12 :42416 [dir_watcher.py:_on_file_modified():295] file/dir modified: /Users/aklywtx/Desktop/VLM_Bias_research/NN_pretrain/wandb/run-20241117_155703-it5ojj0a/files/output.log
2024-11-17 15:58:27,502 DEBUG   HandlerThread:42416 [handler.py:handle_request():144] handle_request: partial_history
2024-11-17 15:58:27,503 DEBUG   SenderThread:42416 [sender.py:send():375] send: history
2024-11-17 15:58:27,503 DEBUG   SenderThread:42416 [sender.py:send_request():402] send_request: summary_record
2024-11-17 15:58:27,503 INFO    SenderThread:42416 [sender.py:_save_file():1378] saving file wandb-summary.json with policy end
2024-11-17 15:58:28,455 INFO    Thread-12 :42416 [dir_watcher.py:_on_file_modified():295] file/dir modified: /Users/aklywtx/Desktop/VLM_Bias_research/NN_pretrain/wandb/run-20241117_155703-it5ojj0a/files/wandb-summary.json
2024-11-17 15:58:29,460 INFO    Thread-12 :42416 [dir_watcher.py:_on_file_modified():295] file/dir modified: /Users/aklywtx/Desktop/VLM_Bias_research/NN_pretrain/wandb/run-20241117_155703-it5ojj0a/files/output.log
2024-11-17 15:58:30,001 DEBUG   HandlerThread:42416 [handler.py:handle_request():144] handle_request: partial_history
2024-11-17 15:58:30,002 DEBUG   SenderThread:42416 [sender.py:send():375] send: history
2024-11-17 15:58:30,002 DEBUG   SenderThread:42416 [sender.py:send_request():402] send_request: summary_record
2024-11-17 15:58:30,003 INFO    SenderThread:42416 [sender.py:_save_file():1378] saving file wandb-summary.json with policy end
2024-11-17 15:58:30,465 INFO    Thread-12 :42416 [dir_watcher.py:_on_file_modified():295] file/dir modified: /Users/aklywtx/Desktop/VLM_Bias_research/NN_pretrain/wandb/run-20241117_155703-it5ojj0a/files/wandb-summary.json
2024-11-17 15:58:30,852 DEBUG   HandlerThread:42416 [handler.py:handle_request():144] handle_request: status_report
2024-11-17 15:58:31,470 INFO    Thread-12 :42416 [dir_watcher.py:_on_file_modified():295] file/dir modified: /Users/aklywtx/Desktop/VLM_Bias_research/NN_pretrain/wandb/run-20241117_155703-it5ojj0a/files/output.log
2024-11-17 15:58:32,492 DEBUG   HandlerThread:42416 [handler.py:handle_request():144] handle_request: partial_history
2024-11-17 15:58:32,493 DEBUG   SenderThread:42416 [sender.py:send():375] send: history
2024-11-17 15:58:32,493 DEBUG   SenderThread:42416 [sender.py:send_request():402] send_request: summary_record
2024-11-17 15:58:32,493 INFO    SenderThread:42416 [sender.py:_save_file():1378] saving file wandb-summary.json with policy end
2024-11-17 15:58:33,477 INFO    Thread-12 :42416 [dir_watcher.py:_on_file_modified():295] file/dir modified: /Users/aklywtx/Desktop/VLM_Bias_research/NN_pretrain/wandb/run-20241117_155703-it5ojj0a/files/output.log
2024-11-17 15:58:33,477 INFO    Thread-12 :42416 [dir_watcher.py:_on_file_modified():295] file/dir modified: /Users/aklywtx/Desktop/VLM_Bias_research/NN_pretrain/wandb/run-20241117_155703-it5ojj0a/files/wandb-summary.json
2024-11-17 15:58:34,392 DEBUG   SenderThread:42416 [sender.py:send():375] send: stats
2024-11-17 15:58:35,128 DEBUG   HandlerThread:42416 [handler.py:handle_request():144] handle_request: partial_history
2024-11-17 15:58:35,129 DEBUG   SenderThread:42416 [sender.py:send():375] send: history
2024-11-17 15:58:35,129 DEBUG   SenderThread:42416 [sender.py:send_request():402] send_request: summary_record
2024-11-17 15:58:35,129 INFO    SenderThread:42416 [sender.py:_save_file():1378] saving file wandb-summary.json with policy end
2024-11-17 15:58:35,480 INFO    Thread-12 :42416 [dir_watcher.py:_on_file_modified():295] file/dir modified: /Users/aklywtx/Desktop/VLM_Bias_research/NN_pretrain/wandb/run-20241117_155703-it5ojj0a/files/output.log
2024-11-17 15:58:35,480 INFO    Thread-12 :42416 [dir_watcher.py:_on_file_modified():295] file/dir modified: /Users/aklywtx/Desktop/VLM_Bias_research/NN_pretrain/wandb/run-20241117_155703-it5ojj0a/files/wandb-summary.json
2024-11-17 15:58:35,853 DEBUG   HandlerThread:42416 [handler.py:handle_request():144] handle_request: status_report
2024-11-17 15:58:36,872 DEBUG   HandlerThread:42416 [handler.py:handle_request():144] handle_request: stop_status
2024-11-17 15:58:36,872 DEBUG   SenderThread:42416 [sender.py:send_request():402] send_request: stop_status
2024-11-17 15:58:37,490 INFO    Thread-12 :42416 [dir_watcher.py:_on_file_modified():295] file/dir modified: /Users/aklywtx/Desktop/VLM_Bias_research/NN_pretrain/wandb/run-20241117_155703-it5ojj0a/files/output.log
2024-11-17 15:58:37,660 DEBUG   HandlerThread:42416 [handler.py:handle_request():144] handle_request: partial_history
2024-11-17 15:58:37,708 DEBUG   SenderThread:42416 [sender.py:send():375] send: history
2024-11-17 15:58:37,708 DEBUG   SenderThread:42416 [sender.py:send_request():402] send_request: summary_record
2024-11-17 15:58:37,709 INFO    SenderThread:42416 [sender.py:_save_file():1378] saving file wandb-summary.json with policy end
2024-11-17 15:58:38,495 INFO    Thread-12 :42416 [dir_watcher.py:_on_file_modified():295] file/dir modified: /Users/aklywtx/Desktop/VLM_Bias_research/NN_pretrain/wandb/run-20241117_155703-it5ojj0a/files/wandb-summary.json
2024-11-17 15:58:39,499 INFO    Thread-12 :42416 [dir_watcher.py:_on_file_modified():295] file/dir modified: /Users/aklywtx/Desktop/VLM_Bias_research/NN_pretrain/wandb/run-20241117_155703-it5ojj0a/files/output.log
2024-11-17 15:58:40,179 DEBUG   HandlerThread:42416 [handler.py:handle_request():144] handle_request: partial_history
2024-11-17 15:58:40,181 DEBUG   SenderThread:42416 [sender.py:send():375] send: history
2024-11-17 15:58:40,181 DEBUG   SenderThread:42416 [sender.py:send_request():402] send_request: summary_record
2024-11-17 15:58:40,181 INFO    SenderThread:42416 [sender.py:_save_file():1378] saving file wandb-summary.json with policy end
2024-11-17 15:58:40,504 INFO    Thread-12 :42416 [dir_watcher.py:_on_file_modified():295] file/dir modified: /Users/aklywtx/Desktop/VLM_Bias_research/NN_pretrain/wandb/run-20241117_155703-it5ojj0a/files/wandb-summary.json
2024-11-17 15:58:40,896 DEBUG   HandlerThread:42416 [handler.py:handle_request():144] handle_request: status_report
2024-11-17 15:58:41,505 INFO    Thread-12 :42416 [dir_watcher.py:_on_file_modified():295] file/dir modified: /Users/aklywtx/Desktop/VLM_Bias_research/NN_pretrain/wandb/run-20241117_155703-it5ojj0a/files/output.log
2024-11-17 15:58:42,645 DEBUG   HandlerThread:42416 [handler.py:handle_request():144] handle_request: partial_history
2024-11-17 15:58:42,646 DEBUG   SenderThread:42416 [sender.py:send():375] send: history
2024-11-17 15:58:42,646 DEBUG   SenderThread:42416 [sender.py:send_request():402] send_request: summary_record
2024-11-17 15:58:42,647 INFO    SenderThread:42416 [sender.py:_save_file():1378] saving file wandb-summary.json with policy end
2024-11-17 15:58:43,515 INFO    Thread-12 :42416 [dir_watcher.py:_on_file_modified():295] file/dir modified: /Users/aklywtx/Desktop/VLM_Bias_research/NN_pretrain/wandb/run-20241117_155703-it5ojj0a/files/output.log
2024-11-17 15:58:43,515 INFO    Thread-12 :42416 [dir_watcher.py:_on_file_modified():295] file/dir modified: /Users/aklywtx/Desktop/VLM_Bias_research/NN_pretrain/wandb/run-20241117_155703-it5ojj0a/files/wandb-summary.json
2024-11-17 15:58:45,126 DEBUG   HandlerThread:42416 [handler.py:handle_request():144] handle_request: partial_history
2024-11-17 15:58:45,127 DEBUG   SenderThread:42416 [sender.py:send():375] send: history
2024-11-17 15:58:45,127 DEBUG   SenderThread:42416 [sender.py:send_request():402] send_request: summary_record
2024-11-17 15:58:45,127 INFO    SenderThread:42416 [sender.py:_save_file():1378] saving file wandb-summary.json with policy end
2024-11-17 15:58:45,525 INFO    Thread-12 :42416 [dir_watcher.py:_on_file_modified():295] file/dir modified: /Users/aklywtx/Desktop/VLM_Bias_research/NN_pretrain/wandb/run-20241117_155703-it5ojj0a/files/output.log
2024-11-17 15:58:45,525 INFO    Thread-12 :42416 [dir_watcher.py:_on_file_modified():295] file/dir modified: /Users/aklywtx/Desktop/VLM_Bias_research/NN_pretrain/wandb/run-20241117_155703-it5ojj0a/files/wandb-summary.json
2024-11-17 15:58:45,919 DEBUG   HandlerThread:42416 [handler.py:handle_request():144] handle_request: status_report
2024-11-17 15:58:47,534 INFO    Thread-12 :42416 [dir_watcher.py:_on_file_modified():295] file/dir modified: /Users/aklywtx/Desktop/VLM_Bias_research/NN_pretrain/wandb/run-20241117_155703-it5ojj0a/files/output.log
2024-11-17 15:58:47,776 DEBUG   HandlerThread:42416 [handler.py:handle_request():144] handle_request: partial_history
2024-11-17 15:58:47,777 DEBUG   SenderThread:42416 [sender.py:send():375] send: history
2024-11-17 15:58:47,777 DEBUG   SenderThread:42416 [sender.py:send_request():402] send_request: summary_record
2024-11-17 15:58:47,777 INFO    SenderThread:42416 [sender.py:_save_file():1378] saving file wandb-summary.json with policy end
2024-11-17 15:58:48,539 INFO    Thread-12 :42416 [dir_watcher.py:_on_file_modified():295] file/dir modified: /Users/aklywtx/Desktop/VLM_Bias_research/NN_pretrain/wandb/run-20241117_155703-it5ojj0a/files/wandb-summary.json
2024-11-17 15:58:49,544 INFO    Thread-12 :42416 [dir_watcher.py:_on_file_modified():295] file/dir modified: /Users/aklywtx/Desktop/VLM_Bias_research/NN_pretrain/wandb/run-20241117_155703-it5ojj0a/files/output.log
2024-11-17 15:58:50,387 DEBUG   HandlerThread:42416 [handler.py:handle_request():144] handle_request: partial_history
2024-11-17 15:58:50,388 DEBUG   SenderThread:42416 [sender.py:send():375] send: history
2024-11-17 15:58:50,388 DEBUG   SenderThread:42416 [sender.py:send_request():402] send_request: summary_record
2024-11-17 15:58:50,388 INFO    SenderThread:42416 [sender.py:_save_file():1378] saving file wandb-summary.json with policy end
2024-11-17 15:58:50,549 INFO    Thread-12 :42416 [dir_watcher.py:_on_file_modified():295] file/dir modified: /Users/aklywtx/Desktop/VLM_Bias_research/NN_pretrain/wandb/run-20241117_155703-it5ojj0a/files/wandb-summary.json
2024-11-17 15:58:51,003 DEBUG   HandlerThread:42416 [handler.py:handle_request():144] handle_request: status_report
2024-11-17 15:58:51,554 INFO    Thread-12 :42416 [dir_watcher.py:_on_file_modified():295] file/dir modified: /Users/aklywtx/Desktop/VLM_Bias_research/NN_pretrain/wandb/run-20241117_155703-it5ojj0a/files/output.log
2024-11-17 15:58:51,876 DEBUG   HandlerThread:42416 [handler.py:handle_request():144] handle_request: stop_status
2024-11-17 15:58:51,877 DEBUG   SenderThread:42416 [sender.py:send_request():402] send_request: stop_status
2024-11-17 15:58:52,988 DEBUG   HandlerThread:42416 [handler.py:handle_request():144] handle_request: partial_history
2024-11-17 15:58:52,989 DEBUG   SenderThread:42416 [sender.py:send():375] send: history
2024-11-17 15:58:52,990 DEBUG   SenderThread:42416 [sender.py:send_request():402] send_request: summary_record
2024-11-17 15:58:52,990 INFO    SenderThread:42416 [sender.py:_save_file():1378] saving file wandb-summary.json with policy end
2024-11-17 15:58:53,565 INFO    Thread-12 :42416 [dir_watcher.py:_on_file_modified():295] file/dir modified: /Users/aklywtx/Desktop/VLM_Bias_research/NN_pretrain/wandb/run-20241117_155703-it5ojj0a/files/output.log
2024-11-17 15:58:53,565 INFO    Thread-12 :42416 [dir_watcher.py:_on_file_modified():295] file/dir modified: /Users/aklywtx/Desktop/VLM_Bias_research/NN_pretrain/wandb/run-20241117_155703-it5ojj0a/files/wandb-summary.json
2024-11-17 15:58:55,573 INFO    Thread-12 :42416 [dir_watcher.py:_on_file_modified():295] file/dir modified: /Users/aklywtx/Desktop/VLM_Bias_research/NN_pretrain/wandb/run-20241117_155703-it5ojj0a/files/output.log
2024-11-17 15:58:55,589 DEBUG   HandlerThread:42416 [handler.py:handle_request():144] handle_request: partial_history
2024-11-17 15:58:55,590 DEBUG   SenderThread:42416 [sender.py:send():375] send: history
2024-11-17 15:58:55,590 DEBUG   SenderThread:42416 [sender.py:send_request():402] send_request: summary_record
2024-11-17 15:58:55,591 INFO    SenderThread:42416 [sender.py:_save_file():1378] saving file wandb-summary.json with policy end
2024-11-17 15:58:56,033 DEBUG   HandlerThread:42416 [handler.py:handle_request():144] handle_request: status_report
2024-11-17 15:58:56,575 INFO    Thread-12 :42416 [dir_watcher.py:_on_file_modified():295] file/dir modified: /Users/aklywtx/Desktop/VLM_Bias_research/NN_pretrain/wandb/run-20241117_155703-it5ojj0a/files/wandb-summary.json
2024-11-17 15:58:57,576 INFO    Thread-12 :42416 [dir_watcher.py:_on_file_modified():295] file/dir modified: /Users/aklywtx/Desktop/VLM_Bias_research/NN_pretrain/wandb/run-20241117_155703-it5ojj0a/files/output.log
2024-11-17 15:58:58,308 DEBUG   HandlerThread:42416 [handler.py:handle_request():144] handle_request: partial_history
2024-11-17 15:58:58,309 DEBUG   SenderThread:42416 [sender.py:send():375] send: history
2024-11-17 15:58:58,310 DEBUG   SenderThread:42416 [sender.py:send_request():402] send_request: summary_record
2024-11-17 15:58:58,310 INFO    SenderThread:42416 [sender.py:_save_file():1378] saving file wandb-summary.json with policy end
2024-11-17 15:58:58,579 INFO    Thread-12 :42416 [dir_watcher.py:_on_file_modified():295] file/dir modified: /Users/aklywtx/Desktop/VLM_Bias_research/NN_pretrain/wandb/run-20241117_155703-it5ojj0a/files/wandb-summary.json
2024-11-17 15:58:59,581 INFO    Thread-12 :42416 [dir_watcher.py:_on_file_modified():295] file/dir modified: /Users/aklywtx/Desktop/VLM_Bias_research/NN_pretrain/wandb/run-20241117_155703-it5ojj0a/files/output.log
2024-11-17 15:59:00,928 DEBUG   HandlerThread:42416 [handler.py:handle_request():144] handle_request: partial_history
2024-11-17 15:59:00,929 DEBUG   SenderThread:42416 [sender.py:send():375] send: history
2024-11-17 15:59:00,930 DEBUG   SenderThread:42416 [sender.py:send_request():402] send_request: summary_record
2024-11-17 15:59:00,930 INFO    SenderThread:42416 [sender.py:_save_file():1378] saving file wandb-summary.json with policy end
2024-11-17 15:59:01,053 DEBUG   HandlerThread:42416 [handler.py:handle_request():144] handle_request: status_report
2024-11-17 15:59:01,591 INFO    Thread-12 :42416 [dir_watcher.py:_on_file_modified():295] file/dir modified: /Users/aklywtx/Desktop/VLM_Bias_research/NN_pretrain/wandb/run-20241117_155703-it5ojj0a/files/output.log
2024-11-17 15:59:01,591 INFO    Thread-12 :42416 [dir_watcher.py:_on_file_modified():295] file/dir modified: /Users/aklywtx/Desktop/VLM_Bias_research/NN_pretrain/wandb/run-20241117_155703-it5ojj0a/files/wandb-summary.json
2024-11-17 15:59:03,578 DEBUG   HandlerThread:42416 [handler.py:handle_request():144] handle_request: partial_history
2024-11-17 15:59:03,579 DEBUG   SenderThread:42416 [sender.py:send():375] send: history
2024-11-17 15:59:03,579 DEBUG   SenderThread:42416 [sender.py:send_request():402] send_request: summary_record
2024-11-17 15:59:03,579 INFO    SenderThread:42416 [sender.py:_save_file():1378] saving file wandb-summary.json with policy end
2024-11-17 15:59:03,596 INFO    Thread-12 :42416 [dir_watcher.py:_on_file_modified():295] file/dir modified: /Users/aklywtx/Desktop/VLM_Bias_research/NN_pretrain/wandb/run-20241117_155703-it5ojj0a/files/output.log
2024-11-17 15:59:03,596 INFO    Thread-12 :42416 [dir_watcher.py:_on_file_modified():295] file/dir modified: /Users/aklywtx/Desktop/VLM_Bias_research/NN_pretrain/wandb/run-20241117_155703-it5ojj0a/files/wandb-summary.json
2024-11-17 15:59:04,396 DEBUG   SenderThread:42416 [sender.py:send():375] send: stats
2024-11-17 15:59:05,602 INFO    Thread-12 :42416 [dir_watcher.py:_on_file_modified():295] file/dir modified: /Users/aklywtx/Desktop/VLM_Bias_research/NN_pretrain/wandb/run-20241117_155703-it5ojj0a/files/output.log
2024-11-17 15:59:06,117 DEBUG   HandlerThread:42416 [handler.py:handle_request():144] handle_request: status_report
2024-11-17 15:59:06,201 DEBUG   HandlerThread:42416 [handler.py:handle_request():144] handle_request: partial_history
2024-11-17 15:59:06,202 DEBUG   SenderThread:42416 [sender.py:send():375] send: history
2024-11-17 15:59:06,202 DEBUG   SenderThread:42416 [sender.py:send_request():402] send_request: summary_record
2024-11-17 15:59:06,202 INFO    SenderThread:42416 [sender.py:_save_file():1378] saving file wandb-summary.json with policy end
2024-11-17 15:59:06,605 INFO    Thread-12 :42416 [dir_watcher.py:_on_file_modified():295] file/dir modified: /Users/aklywtx/Desktop/VLM_Bias_research/NN_pretrain/wandb/run-20241117_155703-it5ojj0a/files/wandb-summary.json
2024-11-17 15:59:06,876 DEBUG   HandlerThread:42416 [handler.py:handle_request():144] handle_request: stop_status
2024-11-17 15:59:06,876 DEBUG   SenderThread:42416 [sender.py:send_request():402] send_request: stop_status
2024-11-17 15:59:07,607 INFO    Thread-12 :42416 [dir_watcher.py:_on_file_modified():295] file/dir modified: /Users/aklywtx/Desktop/VLM_Bias_research/NN_pretrain/wandb/run-20241117_155703-it5ojj0a/files/output.log
2024-11-17 15:59:09,023 DEBUG   HandlerThread:42416 [handler.py:handle_request():144] handle_request: partial_history
2024-11-17 15:59:09,024 DEBUG   SenderThread:42416 [sender.py:send():375] send: history
2024-11-17 15:59:09,024 DEBUG   SenderThread:42416 [sender.py:send_request():402] send_request: summary_record
2024-11-17 15:59:09,025 INFO    SenderThread:42416 [sender.py:_save_file():1378] saving file wandb-summary.json with policy end
2024-11-17 15:59:09,611 INFO    Thread-12 :42416 [dir_watcher.py:_on_file_modified():295] file/dir modified: /Users/aklywtx/Desktop/VLM_Bias_research/NN_pretrain/wandb/run-20241117_155703-it5ojj0a/files/output.log
2024-11-17 15:59:09,611 INFO    Thread-12 :42416 [dir_watcher.py:_on_file_modified():295] file/dir modified: /Users/aklywtx/Desktop/VLM_Bias_research/NN_pretrain/wandb/run-20241117_155703-it5ojj0a/files/wandb-summary.json
2024-11-17 15:59:11,185 DEBUG   HandlerThread:42416 [handler.py:handle_request():144] handle_request: status_report
2024-11-17 15:59:11,617 INFO    Thread-12 :42416 [dir_watcher.py:_on_file_modified():295] file/dir modified: /Users/aklywtx/Desktop/VLM_Bias_research/NN_pretrain/wandb/run-20241117_155703-it5ojj0a/files/output.log
2024-11-17 15:59:11,694 DEBUG   HandlerThread:42416 [handler.py:handle_request():144] handle_request: partial_history
2024-11-17 15:59:11,695 DEBUG   SenderThread:42416 [sender.py:send():375] send: history
2024-11-17 15:59:11,695 DEBUG   SenderThread:42416 [sender.py:send_request():402] send_request: summary_record
2024-11-17 15:59:11,696 INFO    SenderThread:42416 [sender.py:_save_file():1378] saving file wandb-summary.json with policy end
2024-11-17 15:59:12,621 INFO    Thread-12 :42416 [dir_watcher.py:_on_file_modified():295] file/dir modified: /Users/aklywtx/Desktop/VLM_Bias_research/NN_pretrain/wandb/run-20241117_155703-it5ojj0a/files/wandb-summary.json
2024-11-17 15:59:13,626 INFO    Thread-12 :42416 [dir_watcher.py:_on_file_modified():295] file/dir modified: /Users/aklywtx/Desktop/VLM_Bias_research/NN_pretrain/wandb/run-20241117_155703-it5ojj0a/files/output.log
2024-11-17 15:59:14,361 DEBUG   HandlerThread:42416 [handler.py:handle_request():144] handle_request: partial_history
2024-11-17 15:59:14,362 DEBUG   SenderThread:42416 [sender.py:send():375] send: history
2024-11-17 15:59:14,362 DEBUG   SenderThread:42416 [sender.py:send_request():402] send_request: summary_record
2024-11-17 15:59:14,363 INFO    SenderThread:42416 [sender.py:_save_file():1378] saving file wandb-summary.json with policy end
2024-11-17 15:59:14,627 INFO    Thread-12 :42416 [dir_watcher.py:_on_file_modified():295] file/dir modified: /Users/aklywtx/Desktop/VLM_Bias_research/NN_pretrain/wandb/run-20241117_155703-it5ojj0a/files/wandb-summary.json
2024-11-17 15:59:15,630 INFO    Thread-12 :42416 [dir_watcher.py:_on_file_modified():295] file/dir modified: /Users/aklywtx/Desktop/VLM_Bias_research/NN_pretrain/wandb/run-20241117_155703-it5ojj0a/files/output.log
2024-11-17 15:59:16,355 DEBUG   HandlerThread:42416 [handler.py:handle_request():144] handle_request: status_report
2024-11-17 15:59:17,346 DEBUG   HandlerThread:42416 [handler.py:handle_request():144] handle_request: partial_history
2024-11-17 15:59:17,347 DEBUG   SenderThread:42416 [sender.py:send():375] send: history
2024-11-17 15:59:17,347 DEBUG   SenderThread:42416 [sender.py:send_request():402] send_request: summary_record
2024-11-17 15:59:17,348 INFO    SenderThread:42416 [sender.py:_save_file():1378] saving file wandb-summary.json with policy end
2024-11-17 15:59:17,641 INFO    Thread-12 :42416 [dir_watcher.py:_on_file_modified():295] file/dir modified: /Users/aklywtx/Desktop/VLM_Bias_research/NN_pretrain/wandb/run-20241117_155703-it5ojj0a/files/output.log
2024-11-17 15:59:17,641 INFO    Thread-12 :42416 [dir_watcher.py:_on_file_modified():295] file/dir modified: /Users/aklywtx/Desktop/VLM_Bias_research/NN_pretrain/wandb/run-20241117_155703-it5ojj0a/files/wandb-summary.json
2024-11-17 15:59:19,647 INFO    Thread-12 :42416 [dir_watcher.py:_on_file_modified():295] file/dir modified: /Users/aklywtx/Desktop/VLM_Bias_research/NN_pretrain/wandb/run-20241117_155703-it5ojj0a/files/output.log
2024-11-17 15:59:19,992 DEBUG   HandlerThread:42416 [handler.py:handle_request():144] handle_request: partial_history
2024-11-17 15:59:19,993 DEBUG   SenderThread:42416 [sender.py:send():375] send: history
2024-11-17 15:59:19,993 DEBUG   SenderThread:42416 [sender.py:send_request():402] send_request: summary_record
2024-11-17 15:59:19,993 INFO    SenderThread:42416 [sender.py:_save_file():1378] saving file wandb-summary.json with policy end
2024-11-17 15:59:20,652 INFO    Thread-12 :42416 [dir_watcher.py:_on_file_modified():295] file/dir modified: /Users/aklywtx/Desktop/VLM_Bias_research/NN_pretrain/wandb/run-20241117_155703-it5ojj0a/files/wandb-summary.json
2024-11-17 15:59:21,373 DEBUG   HandlerThread:42416 [handler.py:handle_request():144] handle_request: status_report
2024-11-17 15:59:21,657 INFO    Thread-12 :42416 [dir_watcher.py:_on_file_modified():295] file/dir modified: /Users/aklywtx/Desktop/VLM_Bias_research/NN_pretrain/wandb/run-20241117_155703-it5ojj0a/files/output.log
2024-11-17 15:59:21,881 DEBUG   HandlerThread:42416 [handler.py:handle_request():144] handle_request: stop_status
2024-11-17 15:59:21,881 DEBUG   SenderThread:42416 [sender.py:send_request():402] send_request: stop_status
2024-11-17 15:59:22,849 DEBUG   HandlerThread:42416 [handler.py:handle_request():144] handle_request: partial_history
2024-11-17 15:59:22,851 DEBUG   SenderThread:42416 [sender.py:send():375] send: history
2024-11-17 15:59:22,851 DEBUG   SenderThread:42416 [sender.py:send_request():402] send_request: summary_record
2024-11-17 15:59:22,851 INFO    SenderThread:42416 [sender.py:_save_file():1378] saving file wandb-summary.json with policy end
2024-11-17 15:59:23,662 INFO    Thread-12 :42416 [dir_watcher.py:_on_file_modified():295] file/dir modified: /Users/aklywtx/Desktop/VLM_Bias_research/NN_pretrain/wandb/run-20241117_155703-it5ojj0a/files/output.log
2024-11-17 15:59:23,662 INFO    Thread-12 :42416 [dir_watcher.py:_on_file_modified():295] file/dir modified: /Users/aklywtx/Desktop/VLM_Bias_research/NN_pretrain/wandb/run-20241117_155703-it5ojj0a/files/wandb-summary.json
2024-11-17 15:59:25,671 INFO    Thread-12 :42416 [dir_watcher.py:_on_file_modified():295] file/dir modified: /Users/aklywtx/Desktop/VLM_Bias_research/NN_pretrain/wandb/run-20241117_155703-it5ojj0a/files/output.log
2024-11-17 15:59:26,432 DEBUG   HandlerThread:42416 [handler.py:handle_request():144] handle_request: status_report
2024-11-17 15:59:26,866 DEBUG   HandlerThread:42416 [handler.py:handle_request():144] handle_request: partial_history
2024-11-17 15:59:26,867 DEBUG   SenderThread:42416 [sender.py:send():375] send: history
2024-11-17 15:59:26,867 DEBUG   SenderThread:42416 [sender.py:send_request():402] send_request: summary_record
2024-11-17 15:59:26,867 INFO    SenderThread:42416 [sender.py:_save_file():1378] saving file wandb-summary.json with policy end
2024-11-17 15:59:27,681 INFO    Thread-12 :42416 [dir_watcher.py:_on_file_modified():295] file/dir modified: /Users/aklywtx/Desktop/VLM_Bias_research/NN_pretrain/wandb/run-20241117_155703-it5ojj0a/files/output.log
2024-11-17 15:59:27,681 INFO    Thread-12 :42416 [dir_watcher.py:_on_file_modified():295] file/dir modified: /Users/aklywtx/Desktop/VLM_Bias_research/NN_pretrain/wandb/run-20241117_155703-it5ojj0a/files/wandb-summary.json
2024-11-17 15:59:29,680 DEBUG   HandlerThread:42416 [handler.py:handle_request():144] handle_request: partial_history
2024-11-17 15:59:29,681 DEBUG   SenderThread:42416 [sender.py:send():375] send: history
2024-11-17 15:59:29,681 DEBUG   SenderThread:42416 [sender.py:send_request():402] send_request: summary_record
2024-11-17 15:59:29,681 INFO    SenderThread:42416 [sender.py:_save_file():1378] saving file wandb-summary.json with policy end
2024-11-17 15:59:29,687 INFO    Thread-12 :42416 [dir_watcher.py:_on_file_modified():295] file/dir modified: /Users/aklywtx/Desktop/VLM_Bias_research/NN_pretrain/wandb/run-20241117_155703-it5ojj0a/files/output.log
2024-11-17 15:59:29,687 INFO    Thread-12 :42416 [dir_watcher.py:_on_file_modified():295] file/dir modified: /Users/aklywtx/Desktop/VLM_Bias_research/NN_pretrain/wandb/run-20241117_155703-it5ojj0a/files/wandb-summary.json
2024-11-17 15:59:31,507 DEBUG   HandlerThread:42416 [handler.py:handle_request():144] handle_request: status_report
2024-11-17 15:59:31,698 INFO    Thread-12 :42416 [dir_watcher.py:_on_file_modified():295] file/dir modified: /Users/aklywtx/Desktop/VLM_Bias_research/NN_pretrain/wandb/run-20241117_155703-it5ojj0a/files/output.log
2024-11-17 15:59:32,473 DEBUG   HandlerThread:42416 [handler.py:handle_request():144] handle_request: partial_history
2024-11-17 15:59:32,474 DEBUG   SenderThread:42416 [sender.py:send():375] send: history
2024-11-17 15:59:32,474 DEBUG   SenderThread:42416 [sender.py:send_request():402] send_request: summary_record
2024-11-17 15:59:32,475 INFO    SenderThread:42416 [sender.py:_save_file():1378] saving file wandb-summary.json with policy end
2024-11-17 15:59:32,703 INFO    Thread-12 :42416 [dir_watcher.py:_on_file_modified():295] file/dir modified: /Users/aklywtx/Desktop/VLM_Bias_research/NN_pretrain/wandb/run-20241117_155703-it5ojj0a/files/wandb-summary.json
2024-11-17 15:59:33,708 INFO    Thread-12 :42416 [dir_watcher.py:_on_file_modified():295] file/dir modified: /Users/aklywtx/Desktop/VLM_Bias_research/NN_pretrain/wandb/run-20241117_155703-it5ojj0a/files/output.log
2024-11-17 15:59:34,401 DEBUG   SenderThread:42416 [sender.py:send():375] send: stats
2024-11-17 15:59:35,350 DEBUG   HandlerThread:42416 [handler.py:handle_request():144] handle_request: partial_history
2024-11-17 15:59:35,350 DEBUG   SenderThread:42416 [sender.py:send():375] send: history
2024-11-17 15:59:35,351 DEBUG   SenderThread:42416 [sender.py:send_request():402] send_request: summary_record
2024-11-17 15:59:35,351 INFO    SenderThread:42416 [sender.py:_save_file():1378] saving file wandb-summary.json with policy end
2024-11-17 15:59:35,712 INFO    Thread-12 :42416 [dir_watcher.py:_on_file_modified():295] file/dir modified: /Users/aklywtx/Desktop/VLM_Bias_research/NN_pretrain/wandb/run-20241117_155703-it5ojj0a/files/output.log
2024-11-17 15:59:35,712 INFO    Thread-12 :42416 [dir_watcher.py:_on_file_modified():295] file/dir modified: /Users/aklywtx/Desktop/VLM_Bias_research/NN_pretrain/wandb/run-20241117_155703-it5ojj0a/files/wandb-summary.json
2024-11-17 15:59:36,578 DEBUG   HandlerThread:42416 [handler.py:handle_request():144] handle_request: status_report
2024-11-17 15:59:36,886 DEBUG   HandlerThread:42416 [handler.py:handle_request():144] handle_request: stop_status
2024-11-17 15:59:36,887 DEBUG   SenderThread:42416 [sender.py:send_request():402] send_request: stop_status
2024-11-17 15:59:37,721 INFO    Thread-12 :42416 [dir_watcher.py:_on_file_modified():295] file/dir modified: /Users/aklywtx/Desktop/VLM_Bias_research/NN_pretrain/wandb/run-20241117_155703-it5ojj0a/files/output.log
2024-11-17 15:59:38,276 DEBUG   HandlerThread:42416 [handler.py:handle_request():144] handle_request: partial_history
2024-11-17 15:59:38,277 DEBUG   SenderThread:42416 [sender.py:send():375] send: history
2024-11-17 15:59:38,277 DEBUG   SenderThread:42416 [sender.py:send_request():402] send_request: summary_record
2024-11-17 15:59:38,278 INFO    SenderThread:42416 [sender.py:_save_file():1378] saving file wandb-summary.json with policy end
2024-11-17 15:59:38,725 INFO    Thread-12 :42416 [dir_watcher.py:_on_file_modified():295] file/dir modified: /Users/aklywtx/Desktop/VLM_Bias_research/NN_pretrain/wandb/run-20241117_155703-it5ojj0a/files/wandb-summary.json
2024-11-17 15:59:39,730 INFO    Thread-12 :42416 [dir_watcher.py:_on_file_modified():295] file/dir modified: /Users/aklywtx/Desktop/VLM_Bias_research/NN_pretrain/wandb/run-20241117_155703-it5ojj0a/files/output.log
2024-11-17 15:59:41,381 DEBUG   HandlerThread:42416 [handler.py:handle_request():144] handle_request: partial_history
2024-11-17 15:59:41,382 DEBUG   SenderThread:42416 [sender.py:send():375] send: history
2024-11-17 15:59:41,382 DEBUG   SenderThread:42416 [sender.py:send_request():402] send_request: summary_record
2024-11-17 15:59:41,382 INFO    SenderThread:42416 [sender.py:_save_file():1378] saving file wandb-summary.json with policy end
2024-11-17 15:59:41,650 DEBUG   HandlerThread:42416 [handler.py:handle_request():144] handle_request: status_report
2024-11-17 15:59:41,732 INFO    Thread-12 :42416 [dir_watcher.py:_on_file_modified():295] file/dir modified: /Users/aklywtx/Desktop/VLM_Bias_research/NN_pretrain/wandb/run-20241117_155703-it5ojj0a/files/output.log
2024-11-17 15:59:41,733 INFO    Thread-12 :42416 [dir_watcher.py:_on_file_modified():295] file/dir modified: /Users/aklywtx/Desktop/VLM_Bias_research/NN_pretrain/wandb/run-20241117_155703-it5ojj0a/files/wandb-summary.json
2024-11-17 15:59:43,742 INFO    Thread-12 :42416 [dir_watcher.py:_on_file_modified():295] file/dir modified: /Users/aklywtx/Desktop/VLM_Bias_research/NN_pretrain/wandb/run-20241117_155703-it5ojj0a/files/output.log
2024-11-17 15:59:44,373 DEBUG   HandlerThread:42416 [handler.py:handle_request():144] handle_request: partial_history
2024-11-17 15:59:44,374 DEBUG   SenderThread:42416 [sender.py:send():375] send: history
2024-11-17 15:59:44,374 DEBUG   SenderThread:42416 [sender.py:send_request():402] send_request: summary_record
2024-11-17 15:59:44,375 INFO    SenderThread:42416 [sender.py:_save_file():1378] saving file wandb-summary.json with policy end
2024-11-17 15:59:44,748 INFO    Thread-12 :42416 [dir_watcher.py:_on_file_modified():295] file/dir modified: /Users/aklywtx/Desktop/VLM_Bias_research/NN_pretrain/wandb/run-20241117_155703-it5ojj0a/files/wandb-summary.json
2024-11-17 15:59:45,753 INFO    Thread-12 :42416 [dir_watcher.py:_on_file_modified():295] file/dir modified: /Users/aklywtx/Desktop/VLM_Bias_research/NN_pretrain/wandb/run-20241117_155703-it5ojj0a/files/output.log
2024-11-17 15:59:46,683 DEBUG   HandlerThread:42416 [handler.py:handle_request():144] handle_request: status_report
2024-11-17 15:59:47,261 DEBUG   HandlerThread:42416 [handler.py:handle_request():144] handle_request: partial_history
2024-11-17 15:59:47,262 DEBUG   SenderThread:42416 [sender.py:send():375] send: history
2024-11-17 15:59:47,262 DEBUG   SenderThread:42416 [sender.py:send_request():402] send_request: summary_record
2024-11-17 15:59:47,263 INFO    SenderThread:42416 [sender.py:_save_file():1378] saving file wandb-summary.json with policy end
2024-11-17 15:59:47,760 INFO    Thread-12 :42416 [dir_watcher.py:_on_file_modified():295] file/dir modified: /Users/aklywtx/Desktop/VLM_Bias_research/NN_pretrain/wandb/run-20241117_155703-it5ojj0a/files/output.log
2024-11-17 15:59:47,760 INFO    Thread-12 :42416 [dir_watcher.py:_on_file_modified():295] file/dir modified: /Users/aklywtx/Desktop/VLM_Bias_research/NN_pretrain/wandb/run-20241117_155703-it5ojj0a/files/wandb-summary.json
2024-11-17 15:59:49,770 INFO    Thread-12 :42416 [dir_watcher.py:_on_file_modified():295] file/dir modified: /Users/aklywtx/Desktop/VLM_Bias_research/NN_pretrain/wandb/run-20241117_155703-it5ojj0a/files/output.log
2024-11-17 15:59:50,391 DEBUG   HandlerThread:42416 [handler.py:handle_request():144] handle_request: partial_history
2024-11-17 15:59:50,392 DEBUG   SenderThread:42416 [sender.py:send():375] send: history
2024-11-17 15:59:50,392 DEBUG   SenderThread:42416 [sender.py:send_request():402] send_request: summary_record
2024-11-17 15:59:50,392 INFO    SenderThread:42416 [sender.py:_save_file():1378] saving file wandb-summary.json with policy end
2024-11-17 15:59:50,771 INFO    Thread-12 :42416 [dir_watcher.py:_on_file_modified():295] file/dir modified: /Users/aklywtx/Desktop/VLM_Bias_research/NN_pretrain/wandb/run-20241117_155703-it5ojj0a/files/wandb-summary.json
2024-11-17 15:59:51,687 DEBUG   HandlerThread:42416 [handler.py:handle_request():144] handle_request: status_report
2024-11-17 15:59:51,772 INFO    Thread-12 :42416 [dir_watcher.py:_on_file_modified():295] file/dir modified: /Users/aklywtx/Desktop/VLM_Bias_research/NN_pretrain/wandb/run-20241117_155703-it5ojj0a/files/output.log
2024-11-17 15:59:51,891 DEBUG   HandlerThread:42416 [handler.py:handle_request():144] handle_request: stop_status
2024-11-17 15:59:51,892 DEBUG   SenderThread:42416 [sender.py:send_request():402] send_request: stop_status
2024-11-17 15:59:53,342 DEBUG   HandlerThread:42416 [handler.py:handle_request():144] handle_request: partial_history
2024-11-17 15:59:53,343 DEBUG   SenderThread:42416 [sender.py:send():375] send: history
2024-11-17 15:59:53,343 DEBUG   SenderThread:42416 [sender.py:send_request():402] send_request: summary_record
2024-11-17 15:59:53,343 INFO    SenderThread:42416 [sender.py:_save_file():1378] saving file wandb-summary.json with policy end
2024-11-17 15:59:53,782 INFO    Thread-12 :42416 [dir_watcher.py:_on_file_modified():295] file/dir modified: /Users/aklywtx/Desktop/VLM_Bias_research/NN_pretrain/wandb/run-20241117_155703-it5ojj0a/files/output.log
2024-11-17 15:59:53,782 INFO    Thread-12 :42416 [dir_watcher.py:_on_file_modified():295] file/dir modified: /Users/aklywtx/Desktop/VLM_Bias_research/NN_pretrain/wandb/run-20241117_155703-it5ojj0a/files/wandb-summary.json
2024-11-17 15:59:54,262 DEBUG   SenderThread:42416 [sender.py:send():375] send: telemetry
2024-11-17 15:59:54,263 DEBUG   SenderThread:42416 [sender.py:send():375] send: exit
2024-11-17 15:59:54,263 INFO    SenderThread:42416 [sender.py:send_exit():598] handling exit code: 0
2024-11-17 15:59:54,263 INFO    SenderThread:42416 [sender.py:send_exit():600] handling runtime: 169
2024-11-17 15:59:54,263 INFO    SenderThread:42416 [sender.py:_save_file():1378] saving file wandb-summary.json with policy end
2024-11-17 15:59:54,263 INFO    SenderThread:42416 [sender.py:send_exit():606] send defer
2024-11-17 15:59:54,264 DEBUG   HandlerThread:42416 [handler.py:handle_request():144] handle_request: defer
2024-11-17 15:59:54,264 INFO    HandlerThread:42416 [handler.py:handle_request_defer():170] handle defer: 0
2024-11-17 15:59:54,269 DEBUG   SenderThread:42416 [sender.py:send_request():402] send_request: defer
2024-11-17 15:59:54,269 INFO    SenderThread:42416 [sender.py:send_request_defer():622] handle sender defer: 0
2024-11-17 15:59:54,270 INFO    SenderThread:42416 [sender.py:transition_state():626] send defer: 1
2024-11-17 15:59:54,274 DEBUG   HandlerThread:42416 [handler.py:handle_request():144] handle_request: defer
2024-11-17 15:59:54,274 INFO    HandlerThread:42416 [handler.py:handle_request_defer():170] handle defer: 1
2024-11-17 15:59:54,295 DEBUG   SenderThread:42416 [sender.py:send_request():402] send_request: defer
2024-11-17 15:59:54,295 INFO    SenderThread:42416 [sender.py:send_request_defer():622] handle sender defer: 1
2024-11-17 15:59:54,299 INFO    SenderThread:42416 [sender.py:transition_state():626] send defer: 2
2024-11-17 15:59:54,302 DEBUG   HandlerThread:42416 [handler.py:handle_request():144] handle_request: defer
2024-11-17 15:59:54,302 INFO    HandlerThread:42416 [handler.py:handle_request_defer():170] handle defer: 2
2024-11-17 15:59:54,302 INFO    HandlerThread:42416 [system_monitor.py:finish():190] Stopping system monitor
2024-11-17 15:59:54,303 DEBUG   SystemMonitor:42416 [system_monitor.py:_start():166] Finished system metrics aggregation loop
2024-11-17 15:59:54,304 DEBUG   SystemMonitor:42416 [system_monitor.py:_start():170] Publishing last batch of metrics
2024-11-17 15:59:54,312 INFO    HandlerThread:42416 [interfaces.py:finish():202] Joined cpu monitor
2024-11-17 15:59:54,312 INFO    HandlerThread:42416 [interfaces.py:finish():202] Joined disk monitor
2024-11-17 15:59:54,313 INFO    HandlerThread:42416 [interfaces.py:finish():202] Joined memory monitor
2024-11-17 15:59:54,313 INFO    HandlerThread:42416 [interfaces.py:finish():202] Joined network monitor
2024-11-17 15:59:54,314 DEBUG   SenderThread:42416 [sender.py:send_request():402] send_request: defer
2024-11-17 15:59:54,314 INFO    SenderThread:42416 [sender.py:send_request_defer():622] handle sender defer: 2
2024-11-17 15:59:54,314 INFO    SenderThread:42416 [sender.py:transition_state():626] send defer: 3
2024-11-17 15:59:54,314 DEBUG   SenderThread:42416 [sender.py:send():375] send: stats
2024-11-17 15:59:54,314 DEBUG   HandlerThread:42416 [handler.py:handle_request():144] handle_request: defer
2024-11-17 15:59:54,315 INFO    HandlerThread:42416 [handler.py:handle_request_defer():170] handle defer: 3
2024-11-17 15:59:54,315 DEBUG   SenderThread:42416 [sender.py:send_request():402] send_request: defer
2024-11-17 15:59:54,315 INFO    SenderThread:42416 [sender.py:send_request_defer():622] handle sender defer: 3
2024-11-17 15:59:54,315 INFO    SenderThread:42416 [sender.py:transition_state():626] send defer: 4
2024-11-17 15:59:54,315 DEBUG   HandlerThread:42416 [handler.py:handle_request():144] handle_request: defer
2024-11-17 15:59:54,315 INFO    HandlerThread:42416 [handler.py:handle_request_defer():170] handle defer: 4
2024-11-17 15:59:54,316 DEBUG   SenderThread:42416 [sender.py:send_request():402] send_request: defer
2024-11-17 15:59:54,316 INFO    SenderThread:42416 [sender.py:send_request_defer():622] handle sender defer: 4
2024-11-17 15:59:54,316 INFO    SenderThread:42416 [sender.py:transition_state():626] send defer: 5
2024-11-17 15:59:54,316 DEBUG   HandlerThread:42416 [handler.py:handle_request():144] handle_request: defer
2024-11-17 15:59:54,316 INFO    HandlerThread:42416 [handler.py:handle_request_defer():170] handle defer: 5
2024-11-17 15:59:54,317 DEBUG   SenderThread:42416 [sender.py:send():375] send: summary
2024-11-17 15:59:54,318 INFO    SenderThread:42416 [sender.py:_save_file():1378] saving file wandb-summary.json with policy end
2024-11-17 15:59:54,318 DEBUG   SenderThread:42416 [sender.py:send_request():402] send_request: defer
2024-11-17 15:59:54,318 INFO    SenderThread:42416 [sender.py:send_request_defer():622] handle sender defer: 5
2024-11-17 15:59:54,318 INFO    SenderThread:42416 [sender.py:transition_state():626] send defer: 6
2024-11-17 15:59:54,319 DEBUG   HandlerThread:42416 [handler.py:handle_request():144] handle_request: defer
2024-11-17 15:59:54,319 INFO    HandlerThread:42416 [handler.py:handle_request_defer():170] handle defer: 6
2024-11-17 15:59:54,319 DEBUG   SenderThread:42416 [sender.py:send_request():402] send_request: defer
2024-11-17 15:59:54,319 INFO    SenderThread:42416 [sender.py:send_request_defer():622] handle sender defer: 6
2024-11-17 15:59:54,326 DEBUG   HandlerThread:42416 [handler.py:handle_request():144] handle_request: status_report
2024-11-17 15:59:54,501 INFO    SenderThread:42416 [sender.py:transition_state():626] send defer: 7
2024-11-17 15:59:54,501 DEBUG   HandlerThread:42416 [handler.py:handle_request():144] handle_request: defer
2024-11-17 15:59:54,501 INFO    HandlerThread:42416 [handler.py:handle_request_defer():170] handle defer: 7
2024-11-17 15:59:54,501 DEBUG   SenderThread:42416 [sender.py:send_request():402] send_request: defer
2024-11-17 15:59:54,501 INFO    SenderThread:42416 [sender.py:send_request_defer():622] handle sender defer: 7
2024-11-17 15:59:54,787 INFO    Thread-12 :42416 [dir_watcher.py:_on_file_modified():295] file/dir modified: /Users/aklywtx/Desktop/VLM_Bias_research/NN_pretrain/wandb/run-20241117_155703-it5ojj0a/files/wandb-summary.json
2024-11-17 15:59:54,788 INFO    Thread-12 :42416 [dir_watcher.py:_on_file_modified():295] file/dir modified: /Users/aklywtx/Desktop/VLM_Bias_research/NN_pretrain/wandb/run-20241117_155703-it5ojj0a/files/config.yaml
2024-11-17 15:59:55,248 DEBUG   HandlerThread:42416 [handler.py:handle_request():144] handle_request: poll_exit
2024-11-17 15:59:55,793 INFO    Thread-12 :42416 [dir_watcher.py:_on_file_modified():295] file/dir modified: /Users/aklywtx/Desktop/VLM_Bias_research/NN_pretrain/wandb/run-20241117_155703-it5ojj0a/files/output.log
2024-11-17 15:59:55,853 INFO    SenderThread:42416 [sender.py:transition_state():626] send defer: 8
2024-11-17 15:59:55,853 DEBUG   SenderThread:42416 [sender.py:send_request():402] send_request: poll_exit
2024-11-17 15:59:55,853 DEBUG   HandlerThread:42416 [handler.py:handle_request():144] handle_request: defer
2024-11-17 15:59:55,853 INFO    HandlerThread:42416 [handler.py:handle_request_defer():170] handle defer: 8
2024-11-17 15:59:55,854 DEBUG   SenderThread:42416 [sender.py:send_request():402] send_request: defer
2024-11-17 15:59:55,854 INFO    SenderThread:42416 [sender.py:send_request_defer():622] handle sender defer: 8
2024-11-17 15:59:55,858 INFO    SenderThread:42416 [sender.py:transition_state():626] send defer: 9
2024-11-17 15:59:55,858 DEBUG   HandlerThread:42416 [handler.py:handle_request():144] handle_request: defer
2024-11-17 15:59:55,858 INFO    HandlerThread:42416 [handler.py:handle_request_defer():170] handle defer: 9
2024-11-17 15:59:55,858 DEBUG   SenderThread:42416 [sender.py:send():375] send: artifact
2024-11-17 15:59:56,249 DEBUG   HandlerThread:42416 [handler.py:handle_request():144] handle_request: poll_exit
2024-11-17 15:59:56,692 INFO    SenderThread:42416 [sender.py:send_artifact():1474] sent artifact job-git_github.com_aklywtx_NN_pretrain.git_models_mlp_train.py - {'id': 'QXJ0aWZhY3Q6MTMzODc5MTA0Nw==', 'digest': 'f0447280fc252b8c40712c59613e8987', 'state': 'COMMITTED', 'aliases': [{'artifactCollectionName': 'job-git_github.com_aklywtx_NN_pretrain.git_models_mlp_train.py', 'alias': 'latest'}, {'artifactCollectionName': 'job-git_github.com_aklywtx_NN_pretrain.git_models_mlp_train.py', 'alias': 'v0'}], 'artifactSequence': {'id': 'QXJ0aWZhY3RDb2xsZWN0aW9uOjQ5NjYxOTk2OQ==', 'latestArtifact': {'id': 'QXJ0aWZhY3Q6MTMzODc5NTg0Nw==', 'versionIndex': 1}}, 'version': 'v0'}
2024-11-17 15:59:56,693 DEBUG   SenderThread:42416 [sender.py:send_request():402] send_request: defer
2024-11-17 15:59:56,693 INFO    SenderThread:42416 [sender.py:send_request_defer():622] handle sender defer: 9
2024-11-17 15:59:56,693 INFO    SenderThread:42416 [dir_watcher.py:finish():365] shutting down directory watcher
2024-11-17 15:59:56,799 INFO    SenderThread:42416 [dir_watcher.py:_on_file_modified():295] file/dir modified: /Users/aklywtx/Desktop/VLM_Bias_research/NN_pretrain/wandb/run-20241117_155703-it5ojj0a/files/output.log
2024-11-17 15:59:56,799 INFO    SenderThread:42416 [dir_watcher.py:finish():395] scan: /Users/aklywtx/Desktop/VLM_Bias_research/NN_pretrain/wandb/run-20241117_155703-it5ojj0a/files
2024-11-17 15:59:56,799 INFO    SenderThread:42416 [dir_watcher.py:finish():409] scan save: /Users/aklywtx/Desktop/VLM_Bias_research/NN_pretrain/wandb/run-20241117_155703-it5ojj0a/files/requirements.txt requirements.txt
2024-11-17 15:59:56,799 INFO    SenderThread:42416 [dir_watcher.py:finish():409] scan save: /Users/aklywtx/Desktop/VLM_Bias_research/NN_pretrain/wandb/run-20241117_155703-it5ojj0a/files/output.log output.log
2024-11-17 15:59:56,802 INFO    SenderThread:42416 [dir_watcher.py:finish():409] scan save: /Users/aklywtx/Desktop/VLM_Bias_research/NN_pretrain/wandb/run-20241117_155703-it5ojj0a/files/config.yaml config.yaml
2024-11-17 15:59:56,802 INFO    SenderThread:42416 [dir_watcher.py:finish():409] scan save: /Users/aklywtx/Desktop/VLM_Bias_research/NN_pretrain/wandb/run-20241117_155703-it5ojj0a/files/wandb-summary.json wandb-summary.json
2024-11-17 15:59:56,803 INFO    SenderThread:42416 [dir_watcher.py:finish():409] scan save: /Users/aklywtx/Desktop/VLM_Bias_research/NN_pretrain/wandb/run-20241117_155703-it5ojj0a/files/conda-environment.yaml conda-environment.yaml
2024-11-17 15:59:56,808 INFO    SenderThread:42416 [dir_watcher.py:finish():409] scan save: /Users/aklywtx/Desktop/VLM_Bias_research/NN_pretrain/wandb/run-20241117_155703-it5ojj0a/files/wandb-metadata.json wandb-metadata.json
2024-11-17 15:59:56,808 INFO    SenderThread:42416 [sender.py:transition_state():626] send defer: 10
2024-11-17 15:59:56,810 DEBUG   SenderThread:42416 [sender.py:send_request():402] send_request: poll_exit
2024-11-17 15:59:56,811 DEBUG   HandlerThread:42416 [handler.py:handle_request():144] handle_request: defer
2024-11-17 15:59:56,811 INFO    HandlerThread:42416 [handler.py:handle_request_defer():170] handle defer: 10
2024-11-17 15:59:56,813 DEBUG   SenderThread:42416 [sender.py:send_request():402] send_request: defer
2024-11-17 15:59:56,814 INFO    SenderThread:42416 [sender.py:send_request_defer():622] handle sender defer: 10
2024-11-17 15:59:56,814 INFO    SenderThread:42416 [file_pusher.py:finish():167] shutting down file pusher
2024-11-17 15:59:57,251 DEBUG   HandlerThread:42416 [handler.py:handle_request():144] handle_request: poll_exit
2024-11-17 15:59:57,251 DEBUG   SenderThread:42416 [sender.py:send_request():402] send_request: poll_exit
2024-11-17 15:59:57,346 INFO    wandb-upload_2:42416 [upload_job.py:push():137] Uploaded file /Users/aklywtx/Desktop/VLM_Bias_research/NN_pretrain/wandb/run-20241117_155703-it5ojj0a/files/config.yaml
2024-11-17 15:59:57,348 INFO    wandb-upload_0:42416 [upload_job.py:push():137] Uploaded file /Users/aklywtx/Desktop/VLM_Bias_research/NN_pretrain/wandb/run-20241117_155703-it5ojj0a/files/requirements.txt
2024-11-17 15:59:57,465 INFO    wandb-upload_3:42416 [upload_job.py:push():137] Uploaded file /Users/aklywtx/Desktop/VLM_Bias_research/NN_pretrain/wandb/run-20241117_155703-it5ojj0a/files/wandb-summary.json
2024-11-17 15:59:57,469 INFO    wandb-upload_1:42416 [upload_job.py:push():137] Uploaded file /Users/aklywtx/Desktop/VLM_Bias_research/NN_pretrain/wandb/run-20241117_155703-it5ojj0a/files/output.log
2024-11-17 15:59:57,572 INFO    wandb-upload_4:42416 [upload_job.py:push():137] Uploaded file /Users/aklywtx/Desktop/VLM_Bias_research/NN_pretrain/wandb/run-20241117_155703-it5ojj0a/files/conda-environment.yaml
2024-11-17 15:59:57,774 INFO    Thread-11 :42416 [sender.py:transition_state():626] send defer: 11
2024-11-17 15:59:57,775 DEBUG   HandlerThread:42416 [handler.py:handle_request():144] handle_request: defer
2024-11-17 15:59:57,775 INFO    HandlerThread:42416 [handler.py:handle_request_defer():170] handle defer: 11
2024-11-17 15:59:57,775 DEBUG   SenderThread:42416 [sender.py:send_request():402] send_request: defer
2024-11-17 15:59:57,775 INFO    SenderThread:42416 [sender.py:send_request_defer():622] handle sender defer: 11
2024-11-17 15:59:57,775 INFO    SenderThread:42416 [file_pusher.py:join():172] waiting for file pusher
2024-11-17 15:59:57,775 INFO    SenderThread:42416 [sender.py:transition_state():626] send defer: 12
2024-11-17 15:59:57,775 DEBUG   HandlerThread:42416 [handler.py:handle_request():144] handle_request: defer
2024-11-17 15:59:57,775 INFO    HandlerThread:42416 [handler.py:handle_request_defer():170] handle defer: 12
2024-11-17 15:59:57,775 DEBUG   SenderThread:42416 [sender.py:send_request():402] send_request: defer
2024-11-17 15:59:57,775 INFO    SenderThread:42416 [sender.py:send_request_defer():622] handle sender defer: 12
2024-11-17 15:59:58,252 DEBUG   HandlerThread:42416 [handler.py:handle_request():144] handle_request: poll_exit
2024-11-17 15:59:58,308 INFO    SenderThread:42416 [sender.py:transition_state():626] send defer: 13
2024-11-17 15:59:58,309 DEBUG   SenderThread:42416 [sender.py:send_request():402] send_request: poll_exit
2024-11-17 15:59:58,309 DEBUG   HandlerThread:42416 [handler.py:handle_request():144] handle_request: defer
2024-11-17 15:59:58,309 INFO    HandlerThread:42416 [handler.py:handle_request_defer():170] handle defer: 13
2024-11-17 15:59:58,309 DEBUG   SenderThread:42416 [sender.py:send_request():402] send_request: defer
2024-11-17 15:59:58,309 INFO    SenderThread:42416 [sender.py:send_request_defer():622] handle sender defer: 13
2024-11-17 15:59:58,310 INFO    SenderThread:42416 [sender.py:transition_state():626] send defer: 14
2024-11-17 15:59:58,310 DEBUG   HandlerThread:42416 [handler.py:handle_request():144] handle_request: defer
2024-11-17 15:59:58,310 INFO    HandlerThread:42416 [handler.py:handle_request_defer():170] handle defer: 14
2024-11-17 15:59:58,310 DEBUG   SenderThread:42416 [sender.py:send():375] send: final
2024-11-17 15:59:58,310 DEBUG   SenderThread:42416 [sender.py:send():375] send: footer
2024-11-17 15:59:58,310 DEBUG   SenderThread:42416 [sender.py:send_request():402] send_request: defer
2024-11-17 15:59:58,310 INFO    SenderThread:42416 [sender.py:send_request_defer():622] handle sender defer: 14
2024-11-17 15:59:58,311 DEBUG   HandlerThread:42416 [handler.py:handle_request():144] handle_request: poll_exit
2024-11-17 15:59:58,311 DEBUG   HandlerThread:42416 [handler.py:handle_request():144] handle_request: server_info
2024-11-17 15:59:58,312 DEBUG   HandlerThread:42416 [handler.py:handle_request():144] handle_request: get_summary
2024-11-17 15:59:58,312 DEBUG   SenderThread:42416 [sender.py:send_request():402] send_request: poll_exit
2024-11-17 15:59:58,312 DEBUG   HandlerThread:42416 [handler.py:handle_request():144] handle_request: sampled_history
2024-11-17 15:59:58,312 DEBUG   SenderThread:42416 [sender.py:send_request():402] send_request: server_info
2024-11-17 15:59:58,450 DEBUG   HandlerThread:42416 [handler.py:handle_request():144] handle_request: shutdown
2024-11-17 15:59:58,450 INFO    HandlerThread:42416 [handler.py:finish():842] shutting down handler
2024-11-17 15:59:59,314 INFO    WriterThread:42416 [datastore.py:close():298] close: /Users/aklywtx/Desktop/VLM_Bias_research/NN_pretrain/wandb/run-20241117_155703-it5ojj0a/run-it5ojj0a.wandb
2024-11-17 15:59:59,451 INFO    SenderThread:42416 [sender.py:finish():1550] shutting down sender
2024-11-17 15:59:59,451 INFO    SenderThread:42416 [file_pusher.py:finish():167] shutting down file pusher
2024-11-17 15:59:59,451 INFO    SenderThread:42416 [file_pusher.py:join():172] waiting for file pusher
