2024-11-17 15:57:03,552 INFO    MainThread:42397 [wandb_setup.py:_flush():76] Current SDK version is 0.15.3
2024-11-17 15:57:03,552 INFO    MainThread:42397 [wandb_setup.py:_flush():76] Configure stats pid to 42397
2024-11-17 15:57:03,553 INFO    MainThread:42397 [wandb_setup.py:_flush():76] Loading settings from /Users/aklywtx/.config/wandb/settings
2024-11-17 15:57:03,553 INFO    MainThread:42397 [wandb_setup.py:_flush():76] Loading settings from /Users/aklywtx/Desktop/VLM_Bias_research/NN_pretrain/wandb/settings
2024-11-17 15:57:03,553 INFO    MainThread:42397 [wandb_setup.py:_flush():76] Loading settings from environment variables: {}
2024-11-17 15:57:03,553 INFO    MainThread:42397 [wandb_setup.py:_flush():76] Applying setup settings: {'_disable_service': False}
2024-11-17 15:57:03,553 INFO    MainThread:42397 [wandb_setup.py:_flush():76] Inferring run settings from compute environment: {'program_relpath': 'models/mlp_train.py', 'program': '/Users/aklywtx/Desktop/VLM_Bias_research/NN_pretrain/models/mlp_train.py'}
2024-11-17 15:57:03,553 INFO    MainThread:42397 [wandb_init.py:_log_setup():507] Logging user logs to /Users/aklywtx/Desktop/VLM_Bias_research/NN_pretrain/wandb/run-20241117_155703-it5ojj0a/logs/debug.log
2024-11-17 15:57:03,553 INFO    MainThread:42397 [wandb_init.py:_log_setup():508] Logging internal logs to /Users/aklywtx/Desktop/VLM_Bias_research/NN_pretrain/wandb/run-20241117_155703-it5ojj0a/logs/debug-internal.log
2024-11-17 15:57:03,553 INFO    MainThread:42397 [wandb_init.py:init():547] calling init triggers
2024-11-17 15:57:03,553 INFO    MainThread:42397 [wandb_init.py:init():554] wandb.init called with sweep_config: {}
config: {'learning_rate': 0.0001, 'epochs': 50, 'batch_size': 64, 'input_size': 65536}
2024-11-17 15:57:03,553 INFO    MainThread:42397 [wandb_init.py:init():596] starting backend
2024-11-17 15:57:03,553 INFO    MainThread:42397 [wandb_init.py:init():600] setting up manager
2024-11-17 15:57:03,648 INFO    MainThread:42397 [backend.py:_multiprocessing_setup():106] multiprocessing start_methods=spawn,fork,forkserver, using: spawn
2024-11-17 15:57:03,651 INFO    MainThread:42397 [wandb_init.py:init():606] backend started and connected
2024-11-17 15:57:03,651 INFO    MainThread:42397 [wandb_init.py:init():700] updated telemetry
2024-11-17 15:57:03,672 INFO    MainThread:42397 [wandb_init.py:init():737] communicating run to backend with 60.0 second timeout
2024-11-17 15:57:04,102 INFO    MainThread:42397 [wandb_run.py:_on_init():2177] communicating current version
2024-11-17 15:57:04,344 INFO    MainThread:42397 [wandb_run.py:_on_init():2186] got version response upgrade_message: "wandb version 0.18.7 is available!  To upgrade, please run:\n $ pip install wandb --upgrade"

2024-11-17 15:57:04,345 INFO    MainThread:42397 [wandb_init.py:init():787] starting run threads in backend
2024-11-17 15:57:21,848 INFO    MainThread:42397 [wandb_run.py:_console_start():2158] atexit reg
2024-11-17 15:57:21,849 INFO    MainThread:42397 [wandb_run.py:_redirect():2013] redirect: SettingsConsole.WRAP_RAW
2024-11-17 15:57:21,849 INFO    MainThread:42397 [wandb_run.py:_redirect():2078] Wrapping output streams.
2024-11-17 15:57:21,849 INFO    MainThread:42397 [wandb_run.py:_redirect():2103] Redirects installed.
2024-11-17 15:57:21,849 INFO    MainThread:42397 [wandb_init.py:init():829] run started, returning control to user process
2024-11-17 15:59:54,245 INFO    MainThread:42397 [wandb_run.py:_finish():1893] finishing run aklywtx233/mlp-dots/it5ojj0a
2024-11-17 15:59:54,246 INFO    MainThread:42397 [wandb_run.py:_atexit_cleanup():2127] got exitcode: 0
2024-11-17 15:59:54,246 INFO    MainThread:42397 [wandb_run.py:_restore():2110] restore
2024-11-17 15:59:54,246 INFO    MainThread:42397 [wandb_run.py:_restore():2116] restore done
2024-11-17 15:59:59,451 INFO    MainThread:42397 [wandb_run.py:_footer_history_summary_info():3469] rendering history
2024-11-17 15:59:59,452 INFO    MainThread:42397 [wandb_run.py:_footer_history_summary_info():3501] rendering summary
2024-11-17 15:59:59,455 INFO    MainThread:42397 [wandb_run.py:_footer_sync_info():3428] logging synced files
