2024-11-17 23:14:32,085 INFO    StreamThr :67491 [internal.py:wandb_internal():86] W&B internal server running at pid: 67491, started at: 2024-11-17 23:14:32.085187
2024-11-17 23:14:32,086 DEBUG   HandlerThread:67491 [handler.py:handle_request():144] handle_request: status
2024-11-17 23:14:32,087 INFO    WriterThread:67491 [datastore.py:open_for_write():85] open: /Users/aklywtx/Desktop/VLM_Bias_research/NN_pretrain/wandb/run-20241117_231432-xn9bu0yo/run-xn9bu0yo.wandb
2024-11-17 23:14:32,089 DEBUG   SenderThread:67491 [sender.py:send():375] send: header
2024-11-17 23:14:32,110 DEBUG   SenderThread:67491 [sender.py:send():375] send: run
2024-11-17 23:14:32,521 INFO    SenderThread:67491 [dir_watcher.py:__init__():219] watching files in: /Users/aklywtx/Desktop/VLM_Bias_research/NN_pretrain/wandb/run-20241117_231432-xn9bu0yo/files
2024-11-17 23:14:32,521 INFO    SenderThread:67491 [sender.py:_start_run_threads():1124] run started: xn9bu0yo with start time 1731881672.083206
2024-11-17 23:14:32,521 DEBUG   SenderThread:67491 [sender.py:send_request():402] send_request: summary_record
2024-11-17 23:14:32,522 INFO    SenderThread:67491 [sender.py:_save_file():1378] saving file wandb-summary.json with policy end
2024-11-17 23:14:32,523 DEBUG   HandlerThread:67491 [handler.py:handle_request():144] handle_request: check_version
2024-11-17 23:14:32,523 DEBUG   SenderThread:67491 [sender.py:send_request():402] send_request: check_version
2024-11-17 23:14:32,668 DEBUG   HandlerThread:67491 [handler.py:handle_request():144] handle_request: run_start
2024-11-17 23:14:32,675 DEBUG   HandlerThread:67491 [system_info.py:__init__():31] System info init
2024-11-17 23:14:32,675 DEBUG   HandlerThread:67491 [system_info.py:__init__():46] System info init done
2024-11-17 23:14:32,675 INFO    HandlerThread:67491 [system_monitor.py:start():181] Starting system monitor
2024-11-17 23:14:32,675 INFO    SystemMonitor:67491 [system_monitor.py:_start():145] Starting system asset monitoring threads
2024-11-17 23:14:32,675 INFO    HandlerThread:67491 [system_monitor.py:probe():201] Collecting system info
2024-11-17 23:14:32,675 DEBUG   HandlerThread:67491 [system_info.py:probe():195] Probing system
2024-11-17 23:14:32,676 INFO    SystemMonitor:67491 [interfaces.py:start():190] Started cpu monitoring
2024-11-17 23:14:32,678 INFO    SystemMonitor:67491 [interfaces.py:start():190] Started disk monitoring
2024-11-17 23:14:32,680 INFO    SystemMonitor:67491 [interfaces.py:start():190] Started gpuapple monitoring
2024-11-17 23:14:32,681 INFO    SystemMonitor:67491 [interfaces.py:start():190] Started memory monitoring
2024-11-17 23:14:32,683 DEBUG   HandlerThread:67491 [system_info.py:_probe_git():180] Probing git
2024-11-17 23:14:32,683 INFO    SystemMonitor:67491 [interfaces.py:start():190] Started network monitoring
2024-11-17 23:14:32,711 DEBUG   HandlerThread:67491 [system_info.py:_probe_git():188] Probing git done
2024-11-17 23:14:32,711 DEBUG   HandlerThread:67491 [system_info.py:probe():240] Probing system done
2024-11-17 23:14:32,711 DEBUG   HandlerThread:67491 [system_monitor.py:probe():210] {'os': 'macOS-14.5-arm64-arm-64bit', 'python': '3.9.13', 'heartbeatAt': '2024-11-17T22:14:32.675673', 'startedAt': '2024-11-17T22:14:32.075213', 'docker': None, 'cuda': None, 'args': (), 'state': 'running', 'program': '/Users/aklywtx/Desktop/VLM_Bias_research/NN_pretrain/models/vit_train.py', 'codePath': 'models/vit_train.py', 'git': {'remote': 'git@github.com:aklywtx/NN_pretrain.git', 'commit': '79fb9213d8f97bc1c37c0dd0a2a01a0ea0927308'}, 'email': 'aklywtx233@163.com', 'root': '/Users/aklywtx/Desktop/VLM_Bias_research/NN_pretrain', 'host': 'MACBOOK-PRO-341.local', 'username': 'aklywtx', 'executable': '/Users/aklywtx/opt/anaconda3/bin/python', 'cpu_count': 8, 'cpu_count_logical': 8, 'disk': {'total': 926.3517189025879, 'used': 841.1478080749512}, 'gpuapple': {'type': 'arm', 'vendor': 'Apple'}, 'memory': {'total': 32.0}}
2024-11-17 23:14:32,711 INFO    HandlerThread:67491 [system_monitor.py:probe():211] Finished collecting system info
2024-11-17 23:14:32,711 INFO    HandlerThread:67491 [system_monitor.py:probe():214] Publishing system info
2024-11-17 23:14:32,711 DEBUG   HandlerThread:67491 [system_info.py:_save_pip():51] Saving list of pip packages installed into the current environment
2024-11-17 23:14:32,712 DEBUG   HandlerThread:67491 [system_info.py:_save_pip():67] Saving pip packages done
2024-11-17 23:14:32,712 DEBUG   HandlerThread:67491 [system_info.py:_save_conda():74] Saving list of conda packages installed into the current environment
2024-11-17 23:14:33,524 INFO    Thread-12 :67491 [dir_watcher.py:_on_file_created():278] file/dir created: /Users/aklywtx/Desktop/VLM_Bias_research/NN_pretrain/wandb/run-20241117_231432-xn9bu0yo/files/conda-environment.yaml
2024-11-17 23:14:33,524 INFO    Thread-12 :67491 [dir_watcher.py:_on_file_created():278] file/dir created: /Users/aklywtx/Desktop/VLM_Bias_research/NN_pretrain/wandb/run-20241117_231432-xn9bu0yo/files/wandb-summary.json
2024-11-17 23:14:33,524 INFO    Thread-12 :67491 [dir_watcher.py:_on_file_created():278] file/dir created: /Users/aklywtx/Desktop/VLM_Bias_research/NN_pretrain/wandb/run-20241117_231432-xn9bu0yo/files/requirements.txt
2024-11-17 23:14:51,029 DEBUG   HandlerThread:67491 [system_info.py:_save_conda():86] Saving conda packages done
2024-11-17 23:14:51,030 INFO    HandlerThread:67491 [system_monitor.py:probe():216] Finished publishing system info
2024-11-17 23:14:51,041 DEBUG   HandlerThread:67491 [handler.py:handle_request():144] handle_request: status_report
2024-11-17 23:14:51,042 DEBUG   HandlerThread:67491 [handler.py:handle_request():144] handle_request: keepalive
2024-11-17 23:14:51,042 DEBUG   HandlerThread:67491 [handler.py:handle_request():144] handle_request: status_report
2024-11-17 23:14:51,042 DEBUG   HandlerThread:67491 [handler.py:handle_request():144] handle_request: keepalive
2024-11-17 23:14:51,042 DEBUG   HandlerThread:67491 [handler.py:handle_request():144] handle_request: status_report
2024-11-17 23:14:51,042 DEBUG   HandlerThread:67491 [handler.py:handle_request():144] handle_request: keepalive
2024-11-17 23:14:51,042 DEBUG   SenderThread:67491 [sender.py:send():375] send: files
2024-11-17 23:14:51,042 INFO    SenderThread:67491 [sender.py:_save_file():1378] saving file wandb-metadata.json with policy now
2024-11-17 23:14:51,046 DEBUG   HandlerThread:67491 [handler.py:handle_request():144] handle_request: stop_status
2024-11-17 23:14:51,047 DEBUG   SenderThread:67491 [sender.py:send_request():402] send_request: stop_status
2024-11-17 23:14:51,404 DEBUG   SenderThread:67491 [sender.py:send():375] send: telemetry
2024-11-17 23:14:51,602 INFO    Thread-12 :67491 [dir_watcher.py:_on_file_modified():295] file/dir modified: /Users/aklywtx/Desktop/VLM_Bias_research/NN_pretrain/wandb/run-20241117_231432-xn9bu0yo/files/conda-environment.yaml
2024-11-17 23:14:51,602 INFO    Thread-12 :67491 [dir_watcher.py:_on_file_created():278] file/dir created: /Users/aklywtx/Desktop/VLM_Bias_research/NN_pretrain/wandb/run-20241117_231432-xn9bu0yo/files/wandb-metadata.json
2024-11-17 23:14:51,642 INFO    wandb-upload_0:67491 [upload_job.py:push():137] Uploaded file /var/folders/b8/j860yxxx1bb1pjgc34kr65dm0000gn/T/tmp4hf5bw5pwandb/cauxrt0h-wandb-metadata.json
2024-11-17 23:14:53,412 DEBUG   HandlerThread:67491 [handler.py:handle_request():144] handle_request: status_report
2024-11-17 23:14:58,434 DEBUG   HandlerThread:67491 [handler.py:handle_request():144] handle_request: status_report
2024-11-17 23:15:03,460 DEBUG   HandlerThread:67491 [handler.py:handle_request():144] handle_request: status_report
2024-11-17 23:15:04,674 INFO    Thread-12 :67491 [dir_watcher.py:_on_file_modified():295] file/dir modified: /Users/aklywtx/Desktop/VLM_Bias_research/NN_pretrain/wandb/run-20241117_231432-xn9bu0yo/files/config.yaml
2024-11-17 23:15:06,077 DEBUG   HandlerThread:67491 [handler.py:handle_request():144] handle_request: stop_status
2024-11-17 23:15:06,078 DEBUG   SenderThread:67491 [sender.py:send_request():402] send_request: stop_status
2024-11-17 23:15:09,335 DEBUG   HandlerThread:67491 [handler.py:handle_request():144] handle_request: status_report
2024-11-17 23:15:11,180 DEBUG   SenderThread:67491 [sender.py:send():375] send: exit
2024-11-17 23:15:11,180 INFO    SenderThread:67491 [sender.py:send_exit():598] handling exit code: 1
2024-11-17 23:15:11,180 INFO    SenderThread:67491 [sender.py:send_exit():600] handling runtime: 38
2024-11-17 23:15:11,181 INFO    SenderThread:67491 [sender.py:_save_file():1378] saving file wandb-summary.json with policy end
2024-11-17 23:15:11,182 INFO    SenderThread:67491 [sender.py:send_exit():606] send defer
2024-11-17 23:15:11,182 DEBUG   HandlerThread:67491 [handler.py:handle_request():144] handle_request: defer
2024-11-17 23:15:11,182 INFO    HandlerThread:67491 [handler.py:handle_request_defer():170] handle defer: 0
2024-11-17 23:15:11,182 DEBUG   SenderThread:67491 [sender.py:send_request():402] send_request: defer
2024-11-17 23:15:11,182 INFO    SenderThread:67491 [sender.py:send_request_defer():622] handle sender defer: 0
2024-11-17 23:15:11,182 INFO    SenderThread:67491 [sender.py:transition_state():626] send defer: 1
2024-11-17 23:15:11,182 DEBUG   HandlerThread:67491 [handler.py:handle_request():144] handle_request: defer
2024-11-17 23:15:11,182 INFO    HandlerThread:67491 [handler.py:handle_request_defer():170] handle defer: 1
2024-11-17 23:15:11,182 DEBUG   SenderThread:67491 [sender.py:send_request():402] send_request: defer
2024-11-17 23:15:11,182 INFO    SenderThread:67491 [sender.py:send_request_defer():622] handle sender defer: 1
2024-11-17 23:15:11,182 INFO    SenderThread:67491 [sender.py:transition_state():626] send defer: 2
2024-11-17 23:15:11,182 DEBUG   HandlerThread:67491 [handler.py:handle_request():144] handle_request: defer
2024-11-17 23:15:11,182 INFO    HandlerThread:67491 [handler.py:handle_request_defer():170] handle defer: 2
2024-11-17 23:15:11,182 INFO    HandlerThread:67491 [system_monitor.py:finish():190] Stopping system monitor
2024-11-17 23:15:11,182 DEBUG   SystemMonitor:67491 [system_monitor.py:_start():159] Starting system metrics aggregation loop
2024-11-17 23:15:11,182 DEBUG   SystemMonitor:67491 [system_monitor.py:_start():166] Finished system metrics aggregation loop
2024-11-17 23:15:11,182 DEBUG   SystemMonitor:67491 [system_monitor.py:_start():170] Publishing last batch of metrics
2024-11-17 23:15:11,183 INFO    HandlerThread:67491 [interfaces.py:finish():202] Joined cpu monitor
2024-11-17 23:15:11,184 INFO    HandlerThread:67491 [interfaces.py:finish():202] Joined disk monitor
2024-11-17 23:15:11,184 INFO    HandlerThread:67491 [interfaces.py:finish():202] Joined gpuapple monitor
2024-11-17 23:15:11,184 INFO    HandlerThread:67491 [interfaces.py:finish():202] Joined memory monitor
2024-11-17 23:15:11,184 INFO    HandlerThread:67491 [interfaces.py:finish():202] Joined network monitor
2024-11-17 23:15:11,184 DEBUG   SenderThread:67491 [sender.py:send_request():402] send_request: defer
2024-11-17 23:15:11,184 INFO    SenderThread:67491 [sender.py:send_request_defer():622] handle sender defer: 2
2024-11-17 23:15:11,184 INFO    SenderThread:67491 [sender.py:transition_state():626] send defer: 3
2024-11-17 23:15:11,185 DEBUG   SenderThread:67491 [sender.py:send():375] send: telemetry
2024-11-17 23:15:11,185 DEBUG   SenderThread:67491 [sender.py:send():375] send: stats
2024-11-17 23:15:11,185 DEBUG   HandlerThread:67491 [handler.py:handle_request():144] handle_request: defer
2024-11-17 23:15:11,185 INFO    HandlerThread:67491 [handler.py:handle_request_defer():170] handle defer: 3
2024-11-17 23:15:11,185 DEBUG   SenderThread:67491 [sender.py:send_request():402] send_request: defer
2024-11-17 23:15:11,185 INFO    SenderThread:67491 [sender.py:send_request_defer():622] handle sender defer: 3
2024-11-17 23:15:11,185 INFO    SenderThread:67491 [sender.py:transition_state():626] send defer: 4
2024-11-17 23:15:11,185 DEBUG   HandlerThread:67491 [handler.py:handle_request():144] handle_request: defer
2024-11-17 23:15:11,185 INFO    HandlerThread:67491 [handler.py:handle_request_defer():170] handle defer: 4
2024-11-17 23:15:11,185 DEBUG   SenderThread:67491 [sender.py:send_request():402] send_request: defer
2024-11-17 23:15:11,185 INFO    SenderThread:67491 [sender.py:send_request_defer():622] handle sender defer: 4
2024-11-17 23:15:11,185 INFO    SenderThread:67491 [sender.py:transition_state():626] send defer: 5
2024-11-17 23:15:11,185 DEBUG   HandlerThread:67491 [handler.py:handle_request():144] handle_request: defer
2024-11-17 23:15:11,185 INFO    HandlerThread:67491 [handler.py:handle_request_defer():170] handle defer: 5
2024-11-17 23:15:11,186 DEBUG   SenderThread:67491 [sender.py:send():375] send: summary
2024-11-17 23:15:11,187 INFO    SenderThread:67491 [sender.py:_save_file():1378] saving file wandb-summary.json with policy end
2024-11-17 23:15:11,187 DEBUG   SenderThread:67491 [sender.py:send_request():402] send_request: defer
2024-11-17 23:15:11,187 INFO    SenderThread:67491 [sender.py:send_request_defer():622] handle sender defer: 5
2024-11-17 23:15:11,187 INFO    SenderThread:67491 [sender.py:transition_state():626] send defer: 6
2024-11-17 23:15:11,187 DEBUG   HandlerThread:67491 [handler.py:handle_request():144] handle_request: defer
2024-11-17 23:15:11,187 INFO    HandlerThread:67491 [handler.py:handle_request_defer():170] handle defer: 6
2024-11-17 23:15:11,187 DEBUG   SenderThread:67491 [sender.py:send_request():402] send_request: defer
2024-11-17 23:15:11,187 INFO    SenderThread:67491 [sender.py:send_request_defer():622] handle sender defer: 6
2024-11-17 23:15:11,193 DEBUG   HandlerThread:67491 [handler.py:handle_request():144] handle_request: status_report
2024-11-17 23:15:11,629 INFO    SenderThread:67491 [sender.py:transition_state():626] send defer: 7
2024-11-17 23:15:11,630 DEBUG   HandlerThread:67491 [handler.py:handle_request():144] handle_request: defer
2024-11-17 23:15:11,630 INFO    HandlerThread:67491 [handler.py:handle_request_defer():170] handle defer: 7
2024-11-17 23:15:11,630 DEBUG   SenderThread:67491 [sender.py:send_request():402] send_request: defer
2024-11-17 23:15:11,630 INFO    SenderThread:67491 [sender.py:send_request_defer():622] handle sender defer: 7
2024-11-17 23:15:11,725 INFO    Thread-12 :67491 [dir_watcher.py:_on_file_modified():295] file/dir modified: /Users/aklywtx/Desktop/VLM_Bias_research/NN_pretrain/wandb/run-20241117_231432-xn9bu0yo/files/wandb-summary.json
2024-11-17 23:15:11,725 INFO    Thread-12 :67491 [dir_watcher.py:_on_file_modified():295] file/dir modified: /Users/aklywtx/Desktop/VLM_Bias_research/NN_pretrain/wandb/run-20241117_231432-xn9bu0yo/files/config.yaml
2024-11-17 23:15:11,725 INFO    Thread-12 :67491 [dir_watcher.py:_on_file_created():278] file/dir created: /Users/aklywtx/Desktop/VLM_Bias_research/NN_pretrain/wandb/run-20241117_231432-xn9bu0yo/files/output.log
2024-11-17 23:15:12,185 DEBUG   HandlerThread:67491 [handler.py:handle_request():144] handle_request: poll_exit
2024-11-17 23:15:13,041 INFO    SenderThread:67491 [sender.py:transition_state():626] send defer: 8
2024-11-17 23:15:13,041 DEBUG   SenderThread:67491 [sender.py:send_request():402] send_request: poll_exit
2024-11-17 23:15:13,041 DEBUG   HandlerThread:67491 [handler.py:handle_request():144] handle_request: defer
2024-11-17 23:15:13,041 INFO    HandlerThread:67491 [handler.py:handle_request_defer():170] handle defer: 8
2024-11-17 23:15:13,042 DEBUG   SenderThread:67491 [sender.py:send_request():402] send_request: defer
2024-11-17 23:15:13,042 INFO    SenderThread:67491 [sender.py:send_request_defer():622] handle sender defer: 8
2024-11-17 23:15:13,046 INFO    SenderThread:67491 [sender.py:transition_state():626] send defer: 9
2024-11-17 23:15:13,046 DEBUG   HandlerThread:67491 [handler.py:handle_request():144] handle_request: defer
2024-11-17 23:15:13,046 DEBUG   SenderThread:67491 [sender.py:send():375] send: artifact
2024-11-17 23:15:13,046 INFO    HandlerThread:67491 [handler.py:handle_request_defer():170] handle defer: 9
2024-11-17 23:15:13,190 DEBUG   HandlerThread:67491 [handler.py:handle_request():144] handle_request: poll_exit
2024-11-17 23:15:13,732 INFO    Thread-12 :67491 [dir_watcher.py:_on_file_modified():295] file/dir modified: /Users/aklywtx/Desktop/VLM_Bias_research/NN_pretrain/wandb/run-20241117_231432-xn9bu0yo/files/output.log
2024-11-17 23:15:13,954 INFO    SenderThread:67491 [sender.py:send_artifact():1474] sent artifact job-git_github.com_aklywtx_NN_pretrain.git_models_vit_train.py - {'id': 'QXJ0aWZhY3Q6MTMzOTE4MDA5Nw==', 'digest': '3b7016cdad4dc73d74f0d986411f778e', 'state': 'COMMITTED', 'aliases': [{'artifactCollectionName': 'job-git_github.com_aklywtx_NN_pretrain.git_models_vit_train.py', 'alias': 'latest'}, {'artifactCollectionName': 'job-git_github.com_aklywtx_NN_pretrain.git_models_vit_train.py', 'alias': 'v0'}], 'artifactSequence': {'id': 'QXJ0aWZhY3RDb2xsZWN0aW9uOjQ5NjcxNDYxOQ==', 'latestArtifact': {'id': 'QXJ0aWZhY3Q6MTMzOTE4MDA5Nw==', 'versionIndex': 0}}, 'version': 'v0'}
2024-11-17 23:15:13,954 DEBUG   SenderThread:67491 [sender.py:send_request():402] send_request: defer
2024-11-17 23:15:13,955 INFO    SenderThread:67491 [sender.py:send_request_defer():622] handle sender defer: 9
2024-11-17 23:15:13,955 INFO    SenderThread:67491 [dir_watcher.py:finish():365] shutting down directory watcher
2024-11-17 23:15:14,735 INFO    SenderThread:67491 [dir_watcher.py:finish():395] scan: /Users/aklywtx/Desktop/VLM_Bias_research/NN_pretrain/wandb/run-20241117_231432-xn9bu0yo/files
2024-11-17 23:15:14,736 INFO    SenderThread:67491 [dir_watcher.py:finish():409] scan save: /Users/aklywtx/Desktop/VLM_Bias_research/NN_pretrain/wandb/run-20241117_231432-xn9bu0yo/files/requirements.txt requirements.txt
2024-11-17 23:15:14,736 INFO    SenderThread:67491 [dir_watcher.py:finish():409] scan save: /Users/aklywtx/Desktop/VLM_Bias_research/NN_pretrain/wandb/run-20241117_231432-xn9bu0yo/files/output.log output.log
2024-11-17 23:15:14,736 INFO    SenderThread:67491 [dir_watcher.py:finish():409] scan save: /Users/aklywtx/Desktop/VLM_Bias_research/NN_pretrain/wandb/run-20241117_231432-xn9bu0yo/files/config.yaml config.yaml
2024-11-17 23:15:14,740 INFO    SenderThread:67491 [dir_watcher.py:finish():409] scan save: /Users/aklywtx/Desktop/VLM_Bias_research/NN_pretrain/wandb/run-20241117_231432-xn9bu0yo/files/wandb-summary.json wandb-summary.json
2024-11-17 23:15:14,741 INFO    SenderThread:67491 [dir_watcher.py:finish():409] scan save: /Users/aklywtx/Desktop/VLM_Bias_research/NN_pretrain/wandb/run-20241117_231432-xn9bu0yo/files/conda-environment.yaml conda-environment.yaml
2024-11-17 23:15:14,741 INFO    SenderThread:67491 [dir_watcher.py:finish():409] scan save: /Users/aklywtx/Desktop/VLM_Bias_research/NN_pretrain/wandb/run-20241117_231432-xn9bu0yo/files/wandb-metadata.json wandb-metadata.json
2024-11-17 23:15:14,742 INFO    SenderThread:67491 [sender.py:transition_state():626] send defer: 10
2024-11-17 23:15:14,742 DEBUG   SenderThread:67491 [sender.py:send_request():402] send_request: poll_exit
2024-11-17 23:15:14,743 DEBUG   HandlerThread:67491 [handler.py:handle_request():144] handle_request: defer
2024-11-17 23:15:14,743 INFO    HandlerThread:67491 [handler.py:handle_request_defer():170] handle defer: 10
2024-11-17 23:15:14,745 DEBUG   SenderThread:67491 [sender.py:send_request():402] send_request: defer
2024-11-17 23:15:14,745 INFO    SenderThread:67491 [sender.py:send_request_defer():622] handle sender defer: 10
2024-11-17 23:15:14,745 INFO    SenderThread:67491 [file_pusher.py:finish():167] shutting down file pusher
2024-11-17 23:15:15,247 INFO    wandb-upload_0:67491 [upload_job.py:push():137] Uploaded file /Users/aklywtx/Desktop/VLM_Bias_research/NN_pretrain/wandb/run-20241117_231432-xn9bu0yo/files/requirements.txt
2024-11-17 23:15:15,322 INFO    wandb-upload_2:67491 [upload_job.py:push():137] Uploaded file /Users/aklywtx/Desktop/VLM_Bias_research/NN_pretrain/wandb/run-20241117_231432-xn9bu0yo/files/config.yaml
2024-11-17 23:15:15,330 INFO    wandb-upload_1:67491 [upload_job.py:push():137] Uploaded file /Users/aklywtx/Desktop/VLM_Bias_research/NN_pretrain/wandb/run-20241117_231432-xn9bu0yo/files/output.log
2024-11-17 23:15:15,371 INFO    wandb-upload_3:67491 [upload_job.py:push():137] Uploaded file /Users/aklywtx/Desktop/VLM_Bias_research/NN_pretrain/wandb/run-20241117_231432-xn9bu0yo/files/wandb-summary.json
2024-11-17 23:15:15,421 INFO    wandb-upload_4:67491 [upload_job.py:push():137] Uploaded file /Users/aklywtx/Desktop/VLM_Bias_research/NN_pretrain/wandb/run-20241117_231432-xn9bu0yo/files/conda-environment.yaml
2024-11-17 23:15:15,627 INFO    Thread-11 :67491 [sender.py:transition_state():626] send defer: 11
2024-11-17 23:15:15,627 DEBUG   HandlerThread:67491 [handler.py:handle_request():144] handle_request: defer
2024-11-17 23:15:15,627 INFO    HandlerThread:67491 [handler.py:handle_request_defer():170] handle defer: 11
2024-11-17 23:15:15,627 DEBUG   SenderThread:67491 [sender.py:send_request():402] send_request: defer
2024-11-17 23:15:15,627 INFO    SenderThread:67491 [sender.py:send_request_defer():622] handle sender defer: 11
2024-11-17 23:15:15,627 INFO    SenderThread:67491 [file_pusher.py:join():172] waiting for file pusher
2024-11-17 23:15:15,627 INFO    SenderThread:67491 [sender.py:transition_state():626] send defer: 12
2024-11-17 23:15:15,627 DEBUG   HandlerThread:67491 [handler.py:handle_request():144] handle_request: defer
2024-11-17 23:15:15,627 INFO    HandlerThread:67491 [handler.py:handle_request_defer():170] handle defer: 12
2024-11-17 23:15:15,628 DEBUG   SenderThread:67491 [sender.py:send_request():402] send_request: defer
2024-11-17 23:15:15,628 INFO    SenderThread:67491 [sender.py:send_request_defer():622] handle sender defer: 12
2024-11-17 23:15:15,782 INFO    SenderThread:67491 [sender.py:transition_state():626] send defer: 13
2024-11-17 23:15:15,782 DEBUG   HandlerThread:67491 [handler.py:handle_request():144] handle_request: defer
2024-11-17 23:15:15,782 INFO    HandlerThread:67491 [handler.py:handle_request_defer():170] handle defer: 13
2024-11-17 23:15:15,782 DEBUG   SenderThread:67491 [sender.py:send_request():402] send_request: defer
2024-11-17 23:15:15,782 INFO    SenderThread:67491 [sender.py:send_request_defer():622] handle sender defer: 13
2024-11-17 23:15:15,782 INFO    SenderThread:67491 [sender.py:transition_state():626] send defer: 14
2024-11-17 23:15:15,783 DEBUG   HandlerThread:67491 [handler.py:handle_request():144] handle_request: defer
2024-11-17 23:15:15,783 INFO    HandlerThread:67491 [handler.py:handle_request_defer():170] handle defer: 14
2024-11-17 23:15:15,783 DEBUG   SenderThread:67491 [sender.py:send():375] send: final
2024-11-17 23:15:15,783 DEBUG   SenderThread:67491 [sender.py:send():375] send: footer
2024-11-17 23:15:15,783 DEBUG   SenderThread:67491 [sender.py:send_request():402] send_request: defer
2024-11-17 23:15:15,783 INFO    SenderThread:67491 [sender.py:send_request_defer():622] handle sender defer: 14
2024-11-17 23:15:15,783 DEBUG   HandlerThread:67491 [handler.py:handle_request():144] handle_request: poll_exit
2024-11-17 23:15:15,783 DEBUG   SenderThread:67491 [sender.py:send_request():402] send_request: poll_exit
2024-11-17 23:15:15,784 DEBUG   HandlerThread:67491 [handler.py:handle_request():144] handle_request: server_info
2024-11-17 23:15:15,784 DEBUG   HandlerThread:67491 [handler.py:handle_request():144] handle_request: get_summary
2024-11-17 23:15:15,784 DEBUG   HandlerThread:67491 [handler.py:handle_request():144] handle_request: sampled_history
2024-11-17 23:15:15,784 DEBUG   SenderThread:67491 [sender.py:send_request():402] send_request: server_info
2024-11-17 23:15:15,930 INFO    MainThread:67491 [wandb_run.py:_footer_history_summary_info():3469] rendering history
2024-11-17 23:15:15,930 INFO    MainThread:67491 [wandb_run.py:_footer_history_summary_info():3501] rendering summary
2024-11-17 23:15:15,930 INFO    MainThread:67491 [wandb_run.py:_footer_sync_info():3428] logging synced files
2024-11-17 23:15:15,930 DEBUG   HandlerThread:67491 [handler.py:handle_request():144] handle_request: shutdown
2024-11-17 23:15:15,931 INFO    HandlerThread:67491 [handler.py:finish():842] shutting down handler
2024-11-17 23:15:16,789 INFO    WriterThread:67491 [datastore.py:close():298] close: /Users/aklywtx/Desktop/VLM_Bias_research/NN_pretrain/wandb/run-20241117_231432-xn9bu0yo/run-xn9bu0yo.wandb
2024-11-17 23:15:16,935 INFO    SenderThread:67491 [sender.py:finish():1550] shutting down sender
2024-11-17 23:15:16,935 INFO    SenderThread:67491 [file_pusher.py:finish():167] shutting down file pusher
2024-11-17 23:15:16,935 INFO    SenderThread:67491 [file_pusher.py:join():172] waiting for file pusher
