2024-11-16 21:21:01,095 INFO    StreamThr :79895 [internal.py:wandb_internal():86] W&B internal server running at pid: 79895, started at: 2024-11-16 21:21:01.095579
2024-11-16 21:21:01,096 DEBUG   HandlerThread:79895 [handler.py:handle_request():144] handle_request: status
2024-11-16 21:21:01,099 INFO    WriterThread:79895 [datastore.py:open_for_write():85] open: /Users/aklywtx/Desktop/VLM_Bias_research/NN_pretrain/wandb/run-20241116_212101-s80ib6wh/run-s80ib6wh.wandb
2024-11-16 21:21:01,099 DEBUG   SenderThread:79895 [sender.py:send():375] send: header
2024-11-16 21:21:01,122 DEBUG   SenderThread:79895 [sender.py:send():375] send: run
2024-11-16 21:21:01,507 INFO    SenderThread:79895 [dir_watcher.py:__init__():219] watching files in: /Users/aklywtx/Desktop/VLM_Bias_research/NN_pretrain/wandb/run-20241116_212101-s80ib6wh/files
2024-11-16 21:21:01,507 INFO    SenderThread:79895 [sender.py:_start_run_threads():1124] run started: s80ib6wh with start time 1731788461.095212
2024-11-16 21:21:01,507 DEBUG   SenderThread:79895 [sender.py:send_request():402] send_request: summary_record
2024-11-16 21:21:01,507 INFO    SenderThread:79895 [sender.py:_save_file():1378] saving file wandb-summary.json with policy end
2024-11-16 21:21:01,511 DEBUG   HandlerThread:79895 [handler.py:handle_request():144] handle_request: check_version
2024-11-16 21:21:01,512 DEBUG   SenderThread:79895 [sender.py:send_request():402] send_request: check_version
2024-11-16 21:21:01,728 DEBUG   HandlerThread:79895 [handler.py:handle_request():144] handle_request: run_start
2024-11-16 21:21:01,737 DEBUG   HandlerThread:79895 [system_info.py:__init__():31] System info init
2024-11-16 21:21:01,737 DEBUG   HandlerThread:79895 [system_info.py:__init__():46] System info init done
2024-11-16 21:21:01,738 INFO    HandlerThread:79895 [system_monitor.py:start():181] Starting system monitor
2024-11-16 21:21:01,738 INFO    SystemMonitor:79895 [system_monitor.py:_start():145] Starting system asset monitoring threads
2024-11-16 21:21:01,738 INFO    HandlerThread:79895 [system_monitor.py:probe():201] Collecting system info
2024-11-16 21:21:01,738 INFO    SystemMonitor:79895 [interfaces.py:start():190] Started cpu monitoring
2024-11-16 21:21:01,738 DEBUG   HandlerThread:79895 [system_info.py:probe():195] Probing system
2024-11-16 21:21:01,739 INFO    SystemMonitor:79895 [interfaces.py:start():190] Started disk monitoring
2024-11-16 21:21:01,739 INFO    SystemMonitor:79895 [interfaces.py:start():190] Started memory monitoring
2024-11-16 21:21:01,739 INFO    SystemMonitor:79895 [interfaces.py:start():190] Started network monitoring
2024-11-16 21:21:01,743 DEBUG   HandlerThread:79895 [system_info.py:_probe_git():180] Probing git
2024-11-16 21:21:01,768 DEBUG   HandlerThread:79895 [system_info.py:_probe_git():188] Probing git done
2024-11-16 21:21:01,768 DEBUG   HandlerThread:79895 [system_info.py:probe():240] Probing system done
2024-11-16 21:21:01,768 DEBUG   HandlerThread:79895 [system_monitor.py:probe():210] {'os': 'macOS-14.5-arm64-i386-64bit', 'python': '3.9.13', 'heartbeatAt': '2024-11-16T20:21:01.738988', 'startedAt': '2024-11-16T20:21:01.084986', 'docker': None, 'cuda': None, 'args': (), 'state': 'running', 'program': '/Users/aklywtx/Desktop/VLM_Bias_research/NN_pretrain/MLP/MLP_1layer_mps_only100dots_sigmoid.py', 'codePath': 'MLP/MLP_1layer_mps_only100dots_sigmoid.py', 'git': {'remote': 'git@github.com:aklywtx/NN_pretrain.git', 'commit': '79fb9213d8f97bc1c37c0dd0a2a01a0ea0927308'}, 'email': 'aklywtx233@163.com', 'root': '/Users/aklywtx/Desktop/VLM_Bias_research/NN_pretrain', 'host': 'MACBOOK-PRO-341.local', 'username': 'aklywtx', 'executable': '/Users/aklywtx/opt/anaconda3/bin/python', 'cpu_count': 8, 'cpu_count_logical': 8, 'disk': {'total': 926.3517189025879, 'used': 813.1467552185059}, 'memory': {'total': 32.0}}
2024-11-16 21:21:01,768 INFO    HandlerThread:79895 [system_monitor.py:probe():211] Finished collecting system info
2024-11-16 21:21:01,768 INFO    HandlerThread:79895 [system_monitor.py:probe():214] Publishing system info
2024-11-16 21:21:01,768 DEBUG   HandlerThread:79895 [system_info.py:_save_pip():51] Saving list of pip packages installed into the current environment
2024-11-16 21:21:01,769 DEBUG   HandlerThread:79895 [system_info.py:_save_pip():67] Saving pip packages done
2024-11-16 21:21:01,769 DEBUG   HandlerThread:79895 [system_info.py:_save_conda():74] Saving list of conda packages installed into the current environment
2024-11-16 21:21:02,514 INFO    Thread-12 :79895 [dir_watcher.py:_on_file_created():278] file/dir created: /Users/aklywtx/Desktop/VLM_Bias_research/NN_pretrain/wandb/run-20241116_212101-s80ib6wh/files/conda-environment.yaml
2024-11-16 21:21:02,514 INFO    Thread-12 :79895 [dir_watcher.py:_on_file_created():278] file/dir created: /Users/aklywtx/Desktop/VLM_Bias_research/NN_pretrain/wandb/run-20241116_212101-s80ib6wh/files/wandb-summary.json
2024-11-16 21:21:02,514 INFO    Thread-12 :79895 [dir_watcher.py:_on_file_created():278] file/dir created: /Users/aklywtx/Desktop/VLM_Bias_research/NN_pretrain/wandb/run-20241116_212101-s80ib6wh/files/requirements.txt
2024-11-16 21:21:20,980 DEBUG   HandlerThread:79895 [system_info.py:_save_conda():86] Saving conda packages done
2024-11-16 21:21:20,981 INFO    HandlerThread:79895 [system_monitor.py:probe():216] Finished publishing system info
2024-11-16 21:21:20,989 DEBUG   HandlerThread:79895 [handler.py:handle_request():144] handle_request: status_report
2024-11-16 21:21:20,989 DEBUG   HandlerThread:79895 [handler.py:handle_request():144] handle_request: keepalive
2024-11-16 21:21:20,989 DEBUG   HandlerThread:79895 [handler.py:handle_request():144] handle_request: status_report
2024-11-16 21:21:20,989 DEBUG   HandlerThread:79895 [handler.py:handle_request():144] handle_request: keepalive
2024-11-16 21:21:20,990 DEBUG   HandlerThread:79895 [handler.py:handle_request():144] handle_request: status_report
2024-11-16 21:21:20,990 DEBUG   HandlerThread:79895 [handler.py:handle_request():144] handle_request: keepalive
2024-11-16 21:21:20,990 DEBUG   SenderThread:79895 [sender.py:send():375] send: files
2024-11-16 21:21:20,990 INFO    SenderThread:79895 [sender.py:_save_file():1378] saving file wandb-metadata.json with policy now
2024-11-16 21:21:20,993 DEBUG   HandlerThread:79895 [handler.py:handle_request():144] handle_request: stop_status
2024-11-16 21:21:20,993 DEBUG   SenderThread:79895 [sender.py:send_request():402] send_request: stop_status
2024-11-16 21:21:21,274 DEBUG   SenderThread:79895 [sender.py:send():375] send: telemetry
2024-11-16 21:21:21,530 INFO    wandb-upload_0:79895 [upload_job.py:push():137] Uploaded file /var/folders/b8/j860yxxx1bb1pjgc34kr65dm0000gn/T/tmpphxuia26wandb/ugroom06-wandb-metadata.json
2024-11-16 21:21:21,598 INFO    Thread-12 :79895 [dir_watcher.py:_on_file_modified():295] file/dir modified: /Users/aklywtx/Desktop/VLM_Bias_research/NN_pretrain/wandb/run-20241116_212101-s80ib6wh/files/conda-environment.yaml
2024-11-16 21:21:21,598 INFO    Thread-12 :79895 [dir_watcher.py:_on_file_created():278] file/dir created: /Users/aklywtx/Desktop/VLM_Bias_research/NN_pretrain/wandb/run-20241116_212101-s80ib6wh/files/wandb-metadata.json
2024-11-16 21:21:22,280 DEBUG   HandlerThread:79895 [handler.py:handle_request():144] handle_request: status_report
2024-11-16 21:21:27,302 DEBUG   HandlerThread:79895 [handler.py:handle_request():144] handle_request: status_report
2024-11-16 21:21:30,625 INFO    Thread-12 :79895 [dir_watcher.py:_on_file_created():278] file/dir created: /Users/aklywtx/Desktop/VLM_Bias_research/NN_pretrain/wandb/run-20241116_212101-s80ib6wh/files/output.log
2024-11-16 21:21:32,405 DEBUG   HandlerThread:79895 [handler.py:handle_request():144] handle_request: status_report
2024-11-16 21:21:32,633 INFO    Thread-12 :79895 [dir_watcher.py:_on_file_modified():295] file/dir modified: /Users/aklywtx/Desktop/VLM_Bias_research/NN_pretrain/wandb/run-20241116_212101-s80ib6wh/files/output.log
2024-11-16 21:21:32,634 INFO    Thread-12 :79895 [dir_watcher.py:_on_file_modified():295] file/dir modified: /Users/aklywtx/Desktop/VLM_Bias_research/NN_pretrain/wandb/run-20241116_212101-s80ib6wh/files/config.yaml
2024-11-16 21:21:32,805 DEBUG   HandlerThread:79895 [handler.py:handle_request():144] handle_request: partial_history
2024-11-16 21:21:32,806 DEBUG   SenderThread:79895 [sender.py:send():375] send: history
2024-11-16 21:21:32,806 DEBUG   SenderThread:79895 [sender.py:send_request():402] send_request: summary_record
2024-11-16 21:21:32,807 INFO    SenderThread:79895 [sender.py:_save_file():1378] saving file wandb-summary.json with policy end
2024-11-16 21:21:33,636 INFO    Thread-12 :79895 [dir_watcher.py:_on_file_modified():295] file/dir modified: /Users/aklywtx/Desktop/VLM_Bias_research/NN_pretrain/wandb/run-20241116_212101-s80ib6wh/files/wandb-summary.json
2024-11-16 21:21:34,641 INFO    Thread-12 :79895 [dir_watcher.py:_on_file_modified():295] file/dir modified: /Users/aklywtx/Desktop/VLM_Bias_research/NN_pretrain/wandb/run-20241116_212101-s80ib6wh/files/output.log
2024-11-16 21:21:35,081 DEBUG   HandlerThread:79895 [handler.py:handle_request():144] handle_request: partial_history
2024-11-16 21:21:35,082 DEBUG   SenderThread:79895 [sender.py:send():375] send: history
2024-11-16 21:21:35,082 DEBUG   SenderThread:79895 [sender.py:send_request():402] send_request: summary_record
2024-11-16 21:21:35,083 INFO    SenderThread:79895 [sender.py:_save_file():1378] saving file wandb-summary.json with policy end
2024-11-16 21:21:35,645 INFO    Thread-12 :79895 [dir_watcher.py:_on_file_modified():295] file/dir modified: /Users/aklywtx/Desktop/VLM_Bias_research/NN_pretrain/wandb/run-20241116_212101-s80ib6wh/files/wandb-summary.json
2024-11-16 21:21:35,998 DEBUG   HandlerThread:79895 [handler.py:handle_request():144] handle_request: stop_status
2024-11-16 21:21:35,999 DEBUG   SenderThread:79895 [sender.py:send_request():402] send_request: stop_status
2024-11-16 21:21:36,647 INFO    Thread-12 :79895 [dir_watcher.py:_on_file_modified():295] file/dir modified: /Users/aklywtx/Desktop/VLM_Bias_research/NN_pretrain/wandb/run-20241116_212101-s80ib6wh/files/output.log
2024-11-16 21:21:37,206 DEBUG   HandlerThread:79895 [handler.py:handle_request():144] handle_request: partial_history
2024-11-16 21:21:37,207 DEBUG   SenderThread:79895 [sender.py:send():375] send: history
2024-11-16 21:21:37,207 DEBUG   SenderThread:79895 [sender.py:send_request():402] send_request: summary_record
2024-11-16 21:21:37,207 INFO    SenderThread:79895 [sender.py:_save_file():1378] saving file wandb-summary.json with policy end
2024-11-16 21:21:37,580 DEBUG   HandlerThread:79895 [handler.py:handle_request():144] handle_request: status_report
2024-11-16 21:21:37,648 INFO    Thread-12 :79895 [dir_watcher.py:_on_file_modified():295] file/dir modified: /Users/aklywtx/Desktop/VLM_Bias_research/NN_pretrain/wandb/run-20241116_212101-s80ib6wh/files/wandb-summary.json
2024-11-16 21:21:38,653 INFO    Thread-12 :79895 [dir_watcher.py:_on_file_modified():295] file/dir modified: /Users/aklywtx/Desktop/VLM_Bias_research/NN_pretrain/wandb/run-20241116_212101-s80ib6wh/files/output.log
2024-11-16 21:21:39,214 DEBUG   HandlerThread:79895 [handler.py:handle_request():144] handle_request: partial_history
2024-11-16 21:21:39,215 DEBUG   SenderThread:79895 [sender.py:send():375] send: history
2024-11-16 21:21:39,215 DEBUG   SenderThread:79895 [sender.py:send_request():402] send_request: summary_record
2024-11-16 21:21:39,216 INFO    SenderThread:79895 [sender.py:_save_file():1378] saving file wandb-summary.json with policy end
2024-11-16 21:21:39,658 INFO    Thread-12 :79895 [dir_watcher.py:_on_file_modified():295] file/dir modified: /Users/aklywtx/Desktop/VLM_Bias_research/NN_pretrain/wandb/run-20241116_212101-s80ib6wh/files/wandb-summary.json
2024-11-16 21:21:40,663 INFO    Thread-12 :79895 [dir_watcher.py:_on_file_modified():295] file/dir modified: /Users/aklywtx/Desktop/VLM_Bias_research/NN_pretrain/wandb/run-20241116_212101-s80ib6wh/files/output.log
2024-11-16 21:21:41,145 DEBUG   HandlerThread:79895 [handler.py:handle_request():144] handle_request: partial_history
2024-11-16 21:21:41,146 DEBUG   SenderThread:79895 [sender.py:send():375] send: history
2024-11-16 21:21:41,146 DEBUG   SenderThread:79895 [sender.py:send_request():402] send_request: summary_record
2024-11-16 21:21:41,146 INFO    SenderThread:79895 [sender.py:_save_file():1378] saving file wandb-summary.json with policy end
2024-11-16 21:21:41,669 INFO    Thread-12 :79895 [dir_watcher.py:_on_file_modified():295] file/dir modified: /Users/aklywtx/Desktop/VLM_Bias_research/NN_pretrain/wandb/run-20241116_212101-s80ib6wh/files/wandb-summary.json
2024-11-16 21:21:42,594 DEBUG   HandlerThread:79895 [handler.py:handle_request():144] handle_request: status_report
2024-11-16 21:21:42,669 INFO    Thread-12 :79895 [dir_watcher.py:_on_file_modified():295] file/dir modified: /Users/aklywtx/Desktop/VLM_Bias_research/NN_pretrain/wandb/run-20241116_212101-s80ib6wh/files/output.log
2024-11-16 21:21:43,132 DEBUG   HandlerThread:79895 [handler.py:handle_request():144] handle_request: partial_history
2024-11-16 21:21:43,133 DEBUG   SenderThread:79895 [sender.py:send():375] send: history
2024-11-16 21:21:43,133 DEBUG   SenderThread:79895 [sender.py:send_request():402] send_request: summary_record
2024-11-16 21:21:43,133 INFO    SenderThread:79895 [sender.py:_save_file():1378] saving file wandb-summary.json with policy end
2024-11-16 21:21:43,674 INFO    Thread-12 :79895 [dir_watcher.py:_on_file_modified():295] file/dir modified: /Users/aklywtx/Desktop/VLM_Bias_research/NN_pretrain/wandb/run-20241116_212101-s80ib6wh/files/wandb-summary.json
2024-11-16 21:21:44,388 DEBUG   SenderThread:79895 [sender.py:send():375] send: telemetry
2024-11-16 21:21:44,388 DEBUG   SenderThread:79895 [sender.py:send():375] send: exit
2024-11-16 21:21:44,388 INFO    SenderThread:79895 [sender.py:send_exit():598] handling exit code: 0
2024-11-16 21:21:44,388 INFO    SenderThread:79895 [sender.py:send_exit():600] handling runtime: 42
2024-11-16 21:21:44,388 INFO    SenderThread:79895 [sender.py:_save_file():1378] saving file wandb-summary.json with policy end
2024-11-16 21:21:44,388 INFO    SenderThread:79895 [sender.py:send_exit():606] send defer
2024-11-16 21:21:44,389 DEBUG   HandlerThread:79895 [handler.py:handle_request():144] handle_request: defer
2024-11-16 21:21:44,389 INFO    HandlerThread:79895 [handler.py:handle_request_defer():170] handle defer: 0
2024-11-16 21:21:44,389 DEBUG   SenderThread:79895 [sender.py:send_request():402] send_request: defer
2024-11-16 21:21:44,389 INFO    SenderThread:79895 [sender.py:send_request_defer():622] handle sender defer: 0
2024-11-16 21:21:44,389 INFO    SenderThread:79895 [sender.py:transition_state():626] send defer: 1
2024-11-16 21:21:44,389 DEBUG   HandlerThread:79895 [handler.py:handle_request():144] handle_request: defer
2024-11-16 21:21:44,389 INFO    HandlerThread:79895 [handler.py:handle_request_defer():170] handle defer: 1
2024-11-16 21:21:44,389 DEBUG   SenderThread:79895 [sender.py:send_request():402] send_request: defer
2024-11-16 21:21:44,389 INFO    SenderThread:79895 [sender.py:send_request_defer():622] handle sender defer: 1
2024-11-16 21:21:44,390 INFO    SenderThread:79895 [sender.py:transition_state():626] send defer: 2
2024-11-16 21:21:44,405 DEBUG   HandlerThread:79895 [handler.py:handle_request():144] handle_request: defer
2024-11-16 21:21:44,405 INFO    HandlerThread:79895 [handler.py:handle_request_defer():170] handle defer: 2
2024-11-16 21:21:44,405 INFO    HandlerThread:79895 [system_monitor.py:finish():190] Stopping system monitor
2024-11-16 21:21:44,408 DEBUG   SystemMonitor:79895 [system_monitor.py:_start():159] Starting system metrics aggregation loop
2024-11-16 21:21:44,408 DEBUG   SystemMonitor:79895 [system_monitor.py:_start():166] Finished system metrics aggregation loop
2024-11-16 21:21:44,408 DEBUG   SystemMonitor:79895 [system_monitor.py:_start():170] Publishing last batch of metrics
2024-11-16 21:21:44,408 INFO    HandlerThread:79895 [interfaces.py:finish():202] Joined cpu monitor
2024-11-16 21:21:44,420 INFO    HandlerThread:79895 [interfaces.py:finish():202] Joined disk monitor
2024-11-16 21:21:44,420 INFO    HandlerThread:79895 [interfaces.py:finish():202] Joined memory monitor
2024-11-16 21:21:44,420 INFO    HandlerThread:79895 [interfaces.py:finish():202] Joined network monitor
2024-11-16 21:21:44,425 DEBUG   SenderThread:79895 [sender.py:send_request():402] send_request: defer
2024-11-16 21:21:44,425 INFO    SenderThread:79895 [sender.py:send_request_defer():622] handle sender defer: 2
2024-11-16 21:21:44,425 INFO    SenderThread:79895 [sender.py:transition_state():626] send defer: 3
2024-11-16 21:21:44,425 DEBUG   SenderThread:79895 [sender.py:send():375] send: stats
2024-11-16 21:21:44,427 DEBUG   HandlerThread:79895 [handler.py:handle_request():144] handle_request: defer
2024-11-16 21:21:44,428 INFO    HandlerThread:79895 [handler.py:handle_request_defer():170] handle defer: 3
2024-11-16 21:21:44,437 DEBUG   SenderThread:79895 [sender.py:send_request():402] send_request: defer
2024-11-16 21:21:44,437 INFO    SenderThread:79895 [sender.py:send_request_defer():622] handle sender defer: 3
2024-11-16 21:21:44,437 INFO    SenderThread:79895 [sender.py:transition_state():626] send defer: 4
2024-11-16 21:21:44,437 DEBUG   HandlerThread:79895 [handler.py:handle_request():144] handle_request: defer
2024-11-16 21:21:44,438 INFO    HandlerThread:79895 [handler.py:handle_request_defer():170] handle defer: 4
2024-11-16 21:21:44,441 DEBUG   SenderThread:79895 [sender.py:send_request():402] send_request: defer
2024-11-16 21:21:44,441 INFO    SenderThread:79895 [sender.py:send_request_defer():622] handle sender defer: 4
2024-11-16 21:21:44,441 INFO    SenderThread:79895 [sender.py:transition_state():626] send defer: 5
2024-11-16 21:21:44,446 DEBUG   HandlerThread:79895 [handler.py:handle_request():144] handle_request: defer
2024-11-16 21:21:44,447 INFO    HandlerThread:79895 [handler.py:handle_request_defer():170] handle defer: 5
2024-11-16 21:21:44,450 DEBUG   SenderThread:79895 [sender.py:send():375] send: summary
2024-11-16 21:21:44,452 INFO    SenderThread:79895 [sender.py:_save_file():1378] saving file wandb-summary.json with policy end
2024-11-16 21:21:44,452 DEBUG   SenderThread:79895 [sender.py:send_request():402] send_request: defer
2024-11-16 21:21:44,452 INFO    SenderThread:79895 [sender.py:send_request_defer():622] handle sender defer: 5
2024-11-16 21:21:44,452 INFO    SenderThread:79895 [sender.py:transition_state():626] send defer: 6
2024-11-16 21:21:44,453 DEBUG   HandlerThread:79895 [handler.py:handle_request():144] handle_request: defer
2024-11-16 21:21:44,453 INFO    HandlerThread:79895 [handler.py:handle_request_defer():170] handle defer: 6
2024-11-16 21:21:44,454 DEBUG   SenderThread:79895 [sender.py:send_request():402] send_request: defer
2024-11-16 21:21:44,454 INFO    SenderThread:79895 [sender.py:send_request_defer():622] handle sender defer: 6
2024-11-16 21:21:44,460 DEBUG   HandlerThread:79895 [handler.py:handle_request():144] handle_request: status_report
2024-11-16 21:21:44,639 INFO    SenderThread:79895 [sender.py:transition_state():626] send defer: 7
2024-11-16 21:21:44,640 DEBUG   HandlerThread:79895 [handler.py:handle_request():144] handle_request: defer
2024-11-16 21:21:44,640 INFO    HandlerThread:79895 [handler.py:handle_request_defer():170] handle defer: 7
2024-11-16 21:21:44,640 DEBUG   SenderThread:79895 [sender.py:send_request():402] send_request: defer
2024-11-16 21:21:44,640 INFO    SenderThread:79895 [sender.py:send_request_defer():622] handle sender defer: 7
2024-11-16 21:21:44,675 INFO    Thread-12 :79895 [dir_watcher.py:_on_file_modified():295] file/dir modified: /Users/aklywtx/Desktop/VLM_Bias_research/NN_pretrain/wandb/run-20241116_212101-s80ib6wh/files/output.log
2024-11-16 21:21:44,675 INFO    Thread-12 :79895 [dir_watcher.py:_on_file_modified():295] file/dir modified: /Users/aklywtx/Desktop/VLM_Bias_research/NN_pretrain/wandb/run-20241116_212101-s80ib6wh/files/config.yaml
2024-11-16 21:21:44,675 INFO    Thread-12 :79895 [dir_watcher.py:_on_file_modified():295] file/dir modified: /Users/aklywtx/Desktop/VLM_Bias_research/NN_pretrain/wandb/run-20241116_212101-s80ib6wh/files/wandb-summary.json
2024-11-16 21:21:45,388 DEBUG   HandlerThread:79895 [handler.py:handle_request():144] handle_request: poll_exit
2024-11-16 21:21:46,194 INFO    SenderThread:79895 [sender.py:transition_state():626] send defer: 8
2024-11-16 21:21:46,195 DEBUG   SenderThread:79895 [sender.py:send_request():402] send_request: poll_exit
2024-11-16 21:21:46,195 DEBUG   HandlerThread:79895 [handler.py:handle_request():144] handle_request: defer
2024-11-16 21:21:46,196 INFO    HandlerThread:79895 [handler.py:handle_request_defer():170] handle defer: 8
2024-11-16 21:21:46,197 DEBUG   SenderThread:79895 [sender.py:send_request():402] send_request: defer
2024-11-16 21:21:46,197 INFO    SenderThread:79895 [sender.py:send_request_defer():622] handle sender defer: 8
2024-11-16 21:21:46,205 INFO    SenderThread:79895 [sender.py:transition_state():626] send defer: 9
2024-11-16 21:21:46,206 DEBUG   HandlerThread:79895 [handler.py:handle_request():144] handle_request: defer
2024-11-16 21:21:46,206 DEBUG   SenderThread:79895 [sender.py:send():375] send: artifact
2024-11-16 21:21:46,206 INFO    HandlerThread:79895 [handler.py:handle_request_defer():170] handle defer: 9
2024-11-16 21:21:46,390 DEBUG   HandlerThread:79895 [handler.py:handle_request():144] handle_request: poll_exit
2024-11-16 21:21:46,687 INFO    Thread-12 :79895 [dir_watcher.py:_on_file_modified():295] file/dir modified: /Users/aklywtx/Desktop/VLM_Bias_research/NN_pretrain/wandb/run-20241116_212101-s80ib6wh/files/output.log
2024-11-16 21:21:47,232 INFO    wandb-upload_0:79895 [upload_job.py:push():92] Skipped uploading /Users/aklywtx/Library/Application Support/wandb/artifacts/staging/tmp89yu5z7x
2024-11-16 21:21:47,493 INFO    wandb-upload_1:79895 [upload_job.py:push():95] Uploaded file /Users/aklywtx/Library/Application Support/wandb/artifacts/staging/tmpphvjim2b
2024-11-16 21:21:48,653 INFO    SenderThread:79895 [sender.py:send_artifact():1474] sent artifact job-git_github.com_aklywtx_NN_pretrain.git_MLP_MLP_1layer_mps_only100dots_sigmoid.py - {'id': 'QXJ0aWZhY3Q6MTMzODA0MDcyMQ==', 'digest': 'a77e7c238fafb85958643fd932cc4d95', 'state': 'PENDING', 'aliases': [], 'artifactSequence': {'id': 'QXJ0aWZhY3RDb2xsZWN0aW9uOjQ5NjQ0OTcxMw==', 'latestArtifact': {'id': 'QXJ0aWZhY3Q6MTMzODA0MDA3Mg==', 'versionIndex': 0}}, 'version': 'latest'}
2024-11-16 21:21:48,654 DEBUG   SenderThread:79895 [sender.py:send_request():402] send_request: defer
2024-11-16 21:21:48,654 INFO    SenderThread:79895 [sender.py:send_request_defer():622] handle sender defer: 9
2024-11-16 21:21:48,654 INFO    SenderThread:79895 [dir_watcher.py:finish():365] shutting down directory watcher
2024-11-16 21:21:48,694 INFO    SenderThread:79895 [dir_watcher.py:finish():395] scan: /Users/aklywtx/Desktop/VLM_Bias_research/NN_pretrain/wandb/run-20241116_212101-s80ib6wh/files
2024-11-16 21:21:48,695 INFO    SenderThread:79895 [dir_watcher.py:finish():409] scan save: /Users/aklywtx/Desktop/VLM_Bias_research/NN_pretrain/wandb/run-20241116_212101-s80ib6wh/files/requirements.txt requirements.txt
2024-11-16 21:21:48,695 INFO    SenderThread:79895 [dir_watcher.py:finish():409] scan save: /Users/aklywtx/Desktop/VLM_Bias_research/NN_pretrain/wandb/run-20241116_212101-s80ib6wh/files/output.log output.log
2024-11-16 21:21:48,699 INFO    SenderThread:79895 [dir_watcher.py:finish():409] scan save: /Users/aklywtx/Desktop/VLM_Bias_research/NN_pretrain/wandb/run-20241116_212101-s80ib6wh/files/config.yaml config.yaml
2024-11-16 21:21:48,702 INFO    SenderThread:79895 [dir_watcher.py:finish():409] scan save: /Users/aklywtx/Desktop/VLM_Bias_research/NN_pretrain/wandb/run-20241116_212101-s80ib6wh/files/wandb-summary.json wandb-summary.json
2024-11-16 21:21:48,707 INFO    SenderThread:79895 [dir_watcher.py:finish():409] scan save: /Users/aklywtx/Desktop/VLM_Bias_research/NN_pretrain/wandb/run-20241116_212101-s80ib6wh/files/conda-environment.yaml conda-environment.yaml
2024-11-16 21:21:48,710 INFO    SenderThread:79895 [dir_watcher.py:finish():409] scan save: /Users/aklywtx/Desktop/VLM_Bias_research/NN_pretrain/wandb/run-20241116_212101-s80ib6wh/files/wandb-metadata.json wandb-metadata.json
2024-11-16 21:21:48,719 INFO    SenderThread:79895 [sender.py:transition_state():626] send defer: 10
2024-11-16 21:21:48,729 DEBUG   SenderThread:79895 [sender.py:send_request():402] send_request: poll_exit
2024-11-16 21:21:48,729 DEBUG   HandlerThread:79895 [handler.py:handle_request():144] handle_request: defer
2024-11-16 21:21:48,733 INFO    HandlerThread:79895 [handler.py:handle_request_defer():170] handle defer: 10
2024-11-16 21:21:48,733 DEBUG   SenderThread:79895 [sender.py:send_request():402] send_request: defer
2024-11-16 21:21:48,733 INFO    SenderThread:79895 [sender.py:send_request_defer():622] handle sender defer: 10
2024-11-16 21:21:48,733 INFO    SenderThread:79895 [file_pusher.py:finish():167] shutting down file pusher
2024-11-16 21:21:49,219 INFO    wandb-upload_1:79895 [upload_job.py:push():137] Uploaded file /Users/aklywtx/Desktop/VLM_Bias_research/NN_pretrain/wandb/run-20241116_212101-s80ib6wh/files/output.log
2024-11-16 21:21:49,319 INFO    wandb-upload_0:79895 [upload_job.py:push():137] Uploaded file /Users/aklywtx/Desktop/VLM_Bias_research/NN_pretrain/wandb/run-20241116_212101-s80ib6wh/files/requirements.txt
2024-11-16 21:21:49,323 INFO    wandb-upload_4:79895 [upload_job.py:push():137] Uploaded file /Users/aklywtx/Desktop/VLM_Bias_research/NN_pretrain/wandb/run-20241116_212101-s80ib6wh/files/conda-environment.yaml
2024-11-16 21:21:49,353 INFO    wandb-upload_2:79895 [upload_job.py:push():137] Uploaded file /Users/aklywtx/Desktop/VLM_Bias_research/NN_pretrain/wandb/run-20241116_212101-s80ib6wh/files/config.yaml
2024-11-16 21:21:49,365 INFO    wandb-upload_3:79895 [upload_job.py:push():137] Uploaded file /Users/aklywtx/Desktop/VLM_Bias_research/NN_pretrain/wandb/run-20241116_212101-s80ib6wh/files/wandb-summary.json
2024-11-16 21:21:49,568 INFO    Thread-11 :79895 [sender.py:transition_state():626] send defer: 11
2024-11-16 21:21:49,570 DEBUG   HandlerThread:79895 [handler.py:handle_request():144] handle_request: defer
2024-11-16 21:21:49,570 INFO    HandlerThread:79895 [handler.py:handle_request_defer():170] handle defer: 11
2024-11-16 21:21:49,570 DEBUG   SenderThread:79895 [sender.py:send_request():402] send_request: defer
2024-11-16 21:21:49,571 INFO    SenderThread:79895 [sender.py:send_request_defer():622] handle sender defer: 11
2024-11-16 21:21:49,571 INFO    SenderThread:79895 [file_pusher.py:join():172] waiting for file pusher
2024-11-16 21:21:49,571 INFO    SenderThread:79895 [sender.py:transition_state():626] send defer: 12
2024-11-16 21:21:49,571 DEBUG   HandlerThread:79895 [handler.py:handle_request():144] handle_request: defer
2024-11-16 21:21:49,571 INFO    HandlerThread:79895 [handler.py:handle_request_defer():170] handle defer: 12
2024-11-16 21:21:49,571 DEBUG   SenderThread:79895 [sender.py:send_request():402] send_request: defer
2024-11-16 21:21:49,571 INFO    SenderThread:79895 [sender.py:send_request_defer():622] handle sender defer: 12
2024-11-16 21:21:49,738 INFO    SenderThread:79895 [sender.py:transition_state():626] send defer: 13
2024-11-16 21:21:49,738 DEBUG   HandlerThread:79895 [handler.py:handle_request():144] handle_request: defer
2024-11-16 21:21:49,739 INFO    HandlerThread:79895 [handler.py:handle_request_defer():170] handle defer: 13
2024-11-16 21:21:49,739 DEBUG   SenderThread:79895 [sender.py:send_request():402] send_request: defer
2024-11-16 21:21:49,739 INFO    SenderThread:79895 [sender.py:send_request_defer():622] handle sender defer: 13
2024-11-16 21:21:49,745 INFO    SenderThread:79895 [sender.py:transition_state():626] send defer: 14
2024-11-16 21:21:49,749 DEBUG   HandlerThread:79895 [handler.py:handle_request():144] handle_request: defer
2024-11-16 21:21:49,749 INFO    HandlerThread:79895 [handler.py:handle_request_defer():170] handle defer: 14
2024-11-16 21:21:49,749 DEBUG   SenderThread:79895 [sender.py:send():375] send: final
2024-11-16 21:21:49,751 DEBUG   SenderThread:79895 [sender.py:send():375] send: footer
2024-11-16 21:21:49,751 DEBUG   SenderThread:79895 [sender.py:send_request():402] send_request: defer
2024-11-16 21:21:49,751 INFO    SenderThread:79895 [sender.py:send_request_defer():622] handle sender defer: 14
2024-11-16 21:21:49,759 DEBUG   HandlerThread:79895 [handler.py:handle_request():144] handle_request: poll_exit
2024-11-16 21:21:49,802 DEBUG   HandlerThread:79895 [handler.py:handle_request():144] handle_request: server_info
2024-11-16 21:21:49,802 DEBUG   SenderThread:79895 [sender.py:send_request():402] send_request: poll_exit
2024-11-16 21:21:49,802 DEBUG   HandlerThread:79895 [handler.py:handle_request():144] handle_request: get_summary
2024-11-16 21:21:49,805 DEBUG   HandlerThread:79895 [handler.py:handle_request():144] handle_request: sampled_history
2024-11-16 21:21:49,822 DEBUG   SenderThread:79895 [sender.py:send_request():402] send_request: server_info
2024-11-16 21:21:49,985 DEBUG   HandlerThread:79895 [handler.py:handle_request():144] handle_request: shutdown
2024-11-16 21:21:50,009 INFO    HandlerThread:79895 [handler.py:finish():842] shutting down handler
2024-11-16 21:21:50,822 INFO    WriterThread:79895 [datastore.py:close():298] close: /Users/aklywtx/Desktop/VLM_Bias_research/NN_pretrain/wandb/run-20241116_212101-s80ib6wh/run-s80ib6wh.wandb
2024-11-16 21:21:50,984 INFO    SenderThread:79895 [sender.py:finish():1550] shutting down sender
2024-11-16 21:21:50,984 INFO    SenderThread:79895 [file_pusher.py:finish():167] shutting down file pusher
2024-11-16 21:21:50,984 INFO    SenderThread:79895 [file_pusher.py:join():172] waiting for file pusher
