2024-11-17 20:25:41,503 INFO    StreamThr :18736 [internal.py:wandb_internal():86] W&B internal server running at pid: 18736, started at: 2024-11-17 20:25:41.502606
2024-11-17 20:25:41,504 DEBUG   HandlerThread:18736 [handler.py:handle_request():144] handle_request: status
2024-11-17 20:25:41,505 INFO    WriterThread:18736 [datastore.py:open_for_write():85] open: /Users/aklywtx/Desktop/VLM_Bias_research/NN_pretrain/wandb/run-20241117_202541-qgpuh4cn/run-qgpuh4cn.wandb
2024-11-17 20:25:41,506 DEBUG   SenderThread:18736 [sender.py:send():375] send: header
2024-11-17 20:25:41,525 DEBUG   SenderThread:18736 [sender.py:send():375] send: run
2024-11-17 20:25:42,137 INFO    SenderThread:18736 [dir_watcher.py:__init__():219] watching files in: /Users/aklywtx/Desktop/VLM_Bias_research/NN_pretrain/wandb/run-20241117_202541-qgpuh4cn/files
2024-11-17 20:25:42,137 INFO    SenderThread:18736 [sender.py:_start_run_threads():1124] run started: qgpuh4cn with start time 1731871541.501864
2024-11-17 20:25:42,137 DEBUG   SenderThread:18736 [sender.py:send_request():402] send_request: summary_record
2024-11-17 20:25:42,138 INFO    SenderThread:18736 [sender.py:_save_file():1378] saving file wandb-summary.json with policy end
2024-11-17 20:25:42,138 DEBUG   HandlerThread:18736 [handler.py:handle_request():144] handle_request: check_version
2024-11-17 20:25:42,139 DEBUG   SenderThread:18736 [sender.py:send_request():402] send_request: check_version
2024-11-17 20:25:42,325 DEBUG   HandlerThread:18736 [handler.py:handle_request():144] handle_request: run_start
2024-11-17 20:25:42,331 DEBUG   HandlerThread:18736 [system_info.py:__init__():31] System info init
2024-11-17 20:25:42,332 DEBUG   HandlerThread:18736 [system_info.py:__init__():46] System info init done
2024-11-17 20:25:42,332 INFO    HandlerThread:18736 [system_monitor.py:start():181] Starting system monitor
2024-11-17 20:25:42,332 INFO    SystemMonitor:18736 [system_monitor.py:_start():145] Starting system asset monitoring threads
2024-11-17 20:25:42,332 INFO    HandlerThread:18736 [system_monitor.py:probe():201] Collecting system info
2024-11-17 20:25:42,332 INFO    SystemMonitor:18736 [interfaces.py:start():190] Started cpu monitoring
2024-11-17 20:25:42,332 DEBUG   HandlerThread:18736 [system_info.py:probe():195] Probing system
2024-11-17 20:25:42,333 INFO    SystemMonitor:18736 [interfaces.py:start():190] Started disk monitoring
2024-11-17 20:25:42,335 INFO    SystemMonitor:18736 [interfaces.py:start():190] Started gpuapple monitoring
2024-11-17 20:25:42,336 INFO    SystemMonitor:18736 [interfaces.py:start():190] Started memory monitoring
2024-11-17 20:25:42,339 INFO    SystemMonitor:18736 [interfaces.py:start():190] Started network monitoring
2024-11-17 20:25:42,341 DEBUG   HandlerThread:18736 [system_info.py:_probe_git():180] Probing git
2024-11-17 20:25:42,372 DEBUG   HandlerThread:18736 [system_info.py:_probe_git():188] Probing git done
2024-11-17 20:25:42,372 DEBUG   HandlerThread:18736 [system_info.py:probe():240] Probing system done
2024-11-17 20:25:42,372 DEBUG   HandlerThread:18736 [system_monitor.py:probe():210] {'os': 'macOS-14.5-arm64-arm-64bit', 'python': '3.9.13', 'heartbeatAt': '2024-11-17T19:25:42.333080', 'startedAt': '2024-11-17T19:25:41.425629', 'docker': None, 'cuda': None, 'args': (), 'state': 'running', 'program': '/Users/aklywtx/Desktop/VLM_Bias_research/NN_pretrain/models/mlp_train.py', 'codePath': 'models/mlp_train.py', 'git': {'remote': 'git@github.com:aklywtx/NN_pretrain.git', 'commit': '79fb9213d8f97bc1c37c0dd0a2a01a0ea0927308'}, 'email': 'aklywtx233@163.com', 'root': '/Users/aklywtx/Desktop/VLM_Bias_research/NN_pretrain', 'host': 'MACBOOK-PRO-341.local', 'username': 'aklywtx', 'executable': '/Users/aklywtx/opt/anaconda3/bin/python', 'cpu_count': 8, 'cpu_count_logical': 8, 'disk': {'total': 926.3517189025879, 'used': 826.2866630554199}, 'gpuapple': {'type': 'arm', 'vendor': 'Apple'}, 'memory': {'total': 32.0}}
2024-11-17 20:25:42,372 INFO    HandlerThread:18736 [system_monitor.py:probe():211] Finished collecting system info
2024-11-17 20:25:42,372 INFO    HandlerThread:18736 [system_monitor.py:probe():214] Publishing system info
2024-11-17 20:25:42,372 DEBUG   HandlerThread:18736 [system_info.py:_save_pip():51] Saving list of pip packages installed into the current environment
2024-11-17 20:25:42,374 DEBUG   HandlerThread:18736 [system_info.py:_save_pip():67] Saving pip packages done
2024-11-17 20:25:42,374 DEBUG   HandlerThread:18736 [system_info.py:_save_conda():74] Saving list of conda packages installed into the current environment
2024-11-17 20:25:43,141 INFO    Thread-12 :18736 [dir_watcher.py:_on_file_created():278] file/dir created: /Users/aklywtx/Desktop/VLM_Bias_research/NN_pretrain/wandb/run-20241117_202541-qgpuh4cn/files/requirements.txt
2024-11-17 20:25:43,141 INFO    Thread-12 :18736 [dir_watcher.py:_on_file_created():278] file/dir created: /Users/aklywtx/Desktop/VLM_Bias_research/NN_pretrain/wandb/run-20241117_202541-qgpuh4cn/files/conda-environment.yaml
2024-11-17 20:25:43,141 INFO    Thread-12 :18736 [dir_watcher.py:_on_file_created():278] file/dir created: /Users/aklywtx/Desktop/VLM_Bias_research/NN_pretrain/wandb/run-20241117_202541-qgpuh4cn/files/wandb-summary.json
2024-11-17 20:26:01,652 DEBUG   HandlerThread:18736 [system_info.py:_save_conda():86] Saving conda packages done
2024-11-17 20:26:01,653 INFO    HandlerThread:18736 [system_monitor.py:probe():216] Finished publishing system info
2024-11-17 20:26:01,666 DEBUG   HandlerThread:18736 [handler.py:handle_request():144] handle_request: status_report
2024-11-17 20:26:01,666 DEBUG   HandlerThread:18736 [handler.py:handle_request():144] handle_request: keepalive
2024-11-17 20:26:01,666 DEBUG   HandlerThread:18736 [handler.py:handle_request():144] handle_request: status_report
2024-11-17 20:26:01,666 DEBUG   HandlerThread:18736 [handler.py:handle_request():144] handle_request: keepalive
2024-11-17 20:26:01,666 DEBUG   HandlerThread:18736 [handler.py:handle_request():144] handle_request: status_report
2024-11-17 20:26:01,666 DEBUG   HandlerThread:18736 [handler.py:handle_request():144] handle_request: keepalive
2024-11-17 20:26:01,667 DEBUG   SenderThread:18736 [sender.py:send():375] send: files
2024-11-17 20:26:01,667 INFO    SenderThread:18736 [sender.py:_save_file():1378] saving file wandb-metadata.json with policy now
2024-11-17 20:26:01,675 DEBUG   HandlerThread:18736 [handler.py:handle_request():144] handle_request: stop_status
2024-11-17 20:26:01,676 DEBUG   SenderThread:18736 [sender.py:send_request():402] send_request: stop_status
2024-11-17 20:26:01,946 DEBUG   SenderThread:18736 [sender.py:send():375] send: telemetry
2024-11-17 20:26:02,219 INFO    wandb-upload_0:18736 [upload_job.py:push():137] Uploaded file /var/folders/b8/j860yxxx1bb1pjgc34kr65dm0000gn/T/tmph8p19ombwandb/sfipgmct-wandb-metadata.json
2024-11-17 20:26:02,226 INFO    Thread-12 :18736 [dir_watcher.py:_on_file_modified():295] file/dir modified: /Users/aklywtx/Desktop/VLM_Bias_research/NN_pretrain/wandb/run-20241117_202541-qgpuh4cn/files/conda-environment.yaml
2024-11-17 20:26:02,226 INFO    Thread-12 :18736 [dir_watcher.py:_on_file_created():278] file/dir created: /Users/aklywtx/Desktop/VLM_Bias_research/NN_pretrain/wandb/run-20241117_202541-qgpuh4cn/files/wandb-metadata.json
2024-11-17 20:26:02,946 DEBUG   HandlerThread:18736 [handler.py:handle_request():144] handle_request: status_report
2024-11-17 20:26:07,965 DEBUG   HandlerThread:18736 [handler.py:handle_request():144] handle_request: status_report
2024-11-17 20:26:12,994 DEBUG   HandlerThread:18736 [handler.py:handle_request():144] handle_request: status_report
2024-11-17 20:26:13,280 INFO    Thread-12 :18736 [dir_watcher.py:_on_file_modified():295] file/dir modified: /Users/aklywtx/Desktop/VLM_Bias_research/NN_pretrain/wandb/run-20241117_202541-qgpuh4cn/files/config.yaml
2024-11-17 20:26:14,871 DEBUG   SenderThread:18736 [sender.py:send():375] send: exit
2024-11-17 20:26:14,872 INFO    SenderThread:18736 [sender.py:send_exit():598] handling exit code: 1
2024-11-17 20:26:14,872 INFO    SenderThread:18736 [sender.py:send_exit():600] handling runtime: 32
2024-11-17 20:26:14,872 INFO    SenderThread:18736 [sender.py:_save_file():1378] saving file wandb-summary.json with policy end
2024-11-17 20:26:14,872 INFO    SenderThread:18736 [sender.py:send_exit():606] send defer
2024-11-17 20:26:14,873 DEBUG   HandlerThread:18736 [handler.py:handle_request():144] handle_request: defer
2024-11-17 20:26:14,873 INFO    HandlerThread:18736 [handler.py:handle_request_defer():170] handle defer: 0
2024-11-17 20:26:14,873 DEBUG   SenderThread:18736 [sender.py:send_request():402] send_request: defer
2024-11-17 20:26:14,873 INFO    SenderThread:18736 [sender.py:send_request_defer():622] handle sender defer: 0
2024-11-17 20:26:14,873 INFO    SenderThread:18736 [sender.py:transition_state():626] send defer: 1
2024-11-17 20:26:14,873 DEBUG   HandlerThread:18736 [handler.py:handle_request():144] handle_request: defer
2024-11-17 20:26:14,873 INFO    HandlerThread:18736 [handler.py:handle_request_defer():170] handle defer: 1
2024-11-17 20:26:14,873 DEBUG   SenderThread:18736 [sender.py:send_request():402] send_request: defer
2024-11-17 20:26:14,873 INFO    SenderThread:18736 [sender.py:send_request_defer():622] handle sender defer: 1
2024-11-17 20:26:14,873 INFO    SenderThread:18736 [sender.py:transition_state():626] send defer: 2
2024-11-17 20:26:14,873 DEBUG   HandlerThread:18736 [handler.py:handle_request():144] handle_request: defer
2024-11-17 20:26:14,873 INFO    HandlerThread:18736 [handler.py:handle_request_defer():170] handle defer: 2
2024-11-17 20:26:14,873 INFO    HandlerThread:18736 [system_monitor.py:finish():190] Stopping system monitor
2024-11-17 20:26:14,873 DEBUG   SystemMonitor:18736 [system_monitor.py:_start():159] Starting system metrics aggregation loop
2024-11-17 20:26:14,873 INFO    HandlerThread:18736 [interfaces.py:finish():202] Joined cpu monitor
2024-11-17 20:26:14,873 DEBUG   SystemMonitor:18736 [system_monitor.py:_start():166] Finished system metrics aggregation loop
2024-11-17 20:26:14,874 DEBUG   SystemMonitor:18736 [system_monitor.py:_start():170] Publishing last batch of metrics
2024-11-17 20:26:14,874 INFO    HandlerThread:18736 [interfaces.py:finish():202] Joined disk monitor
2024-11-17 20:26:14,874 INFO    HandlerThread:18736 [interfaces.py:finish():202] Joined gpuapple monitor
2024-11-17 20:26:14,874 INFO    HandlerThread:18736 [interfaces.py:finish():202] Joined memory monitor
2024-11-17 20:26:14,874 INFO    HandlerThread:18736 [interfaces.py:finish():202] Joined network monitor
2024-11-17 20:26:14,875 DEBUG   SenderThread:18736 [sender.py:send_request():402] send_request: defer
2024-11-17 20:26:14,875 INFO    SenderThread:18736 [sender.py:send_request_defer():622] handle sender defer: 2
2024-11-17 20:26:14,875 INFO    SenderThread:18736 [sender.py:transition_state():626] send defer: 3
2024-11-17 20:26:14,875 DEBUG   SenderThread:18736 [sender.py:send():375] send: telemetry
2024-11-17 20:26:14,875 DEBUG   HandlerThread:18736 [handler.py:handle_request():144] handle_request: defer
2024-11-17 20:26:14,875 DEBUG   SenderThread:18736 [sender.py:send():375] send: stats
2024-11-17 20:26:14,875 INFO    HandlerThread:18736 [handler.py:handle_request_defer():170] handle defer: 3
2024-11-17 20:26:14,875 DEBUG   SenderThread:18736 [sender.py:send_request():402] send_request: defer
2024-11-17 20:26:14,875 INFO    SenderThread:18736 [sender.py:send_request_defer():622] handle sender defer: 3
2024-11-17 20:26:14,875 INFO    SenderThread:18736 [sender.py:transition_state():626] send defer: 4
2024-11-17 20:26:14,875 DEBUG   HandlerThread:18736 [handler.py:handle_request():144] handle_request: defer
2024-11-17 20:26:14,875 INFO    HandlerThread:18736 [handler.py:handle_request_defer():170] handle defer: 4
2024-11-17 20:26:14,876 DEBUG   SenderThread:18736 [sender.py:send_request():402] send_request: defer
2024-11-17 20:26:14,876 INFO    SenderThread:18736 [sender.py:send_request_defer():622] handle sender defer: 4
2024-11-17 20:26:14,876 INFO    SenderThread:18736 [sender.py:transition_state():626] send defer: 5
2024-11-17 20:26:14,876 DEBUG   HandlerThread:18736 [handler.py:handle_request():144] handle_request: defer
2024-11-17 20:26:14,876 INFO    HandlerThread:18736 [handler.py:handle_request_defer():170] handle defer: 5
2024-11-17 20:26:14,876 DEBUG   SenderThread:18736 [sender.py:send():375] send: summary
2024-11-17 20:26:14,876 INFO    SenderThread:18736 [sender.py:_save_file():1378] saving file wandb-summary.json with policy end
2024-11-17 20:26:14,876 DEBUG   SenderThread:18736 [sender.py:send_request():402] send_request: defer
2024-11-17 20:26:14,876 INFO    SenderThread:18736 [sender.py:send_request_defer():622] handle sender defer: 5
2024-11-17 20:26:14,876 INFO    SenderThread:18736 [sender.py:transition_state():626] send defer: 6
2024-11-17 20:26:14,876 DEBUG   HandlerThread:18736 [handler.py:handle_request():144] handle_request: defer
2024-11-17 20:26:14,876 INFO    HandlerThread:18736 [handler.py:handle_request_defer():170] handle defer: 6
2024-11-17 20:26:14,876 DEBUG   SenderThread:18736 [sender.py:send_request():402] send_request: defer
2024-11-17 20:26:14,876 INFO    SenderThread:18736 [sender.py:send_request_defer():622] handle sender defer: 6
2024-11-17 20:26:14,879 DEBUG   HandlerThread:18736 [handler.py:handle_request():144] handle_request: status_report
2024-11-17 20:26:15,044 INFO    SenderThread:18736 [sender.py:transition_state():626] send defer: 7
2024-11-17 20:26:15,044 DEBUG   HandlerThread:18736 [handler.py:handle_request():144] handle_request: defer
2024-11-17 20:26:15,044 INFO    HandlerThread:18736 [handler.py:handle_request_defer():170] handle defer: 7
2024-11-17 20:26:15,044 DEBUG   SenderThread:18736 [sender.py:send_request():402] send_request: defer
2024-11-17 20:26:15,044 INFO    SenderThread:18736 [sender.py:send_request_defer():622] handle sender defer: 7
2024-11-17 20:26:15,290 INFO    Thread-12 :18736 [dir_watcher.py:_on_file_modified():295] file/dir modified: /Users/aklywtx/Desktop/VLM_Bias_research/NN_pretrain/wandb/run-20241117_202541-qgpuh4cn/files/config.yaml
2024-11-17 20:26:15,291 INFO    Thread-12 :18736 [dir_watcher.py:_on_file_modified():295] file/dir modified: /Users/aklywtx/Desktop/VLM_Bias_research/NN_pretrain/wandb/run-20241117_202541-qgpuh4cn/files/wandb-summary.json
2024-11-17 20:26:15,291 INFO    Thread-12 :18736 [dir_watcher.py:_on_file_created():278] file/dir created: /Users/aklywtx/Desktop/VLM_Bias_research/NN_pretrain/wandb/run-20241117_202541-qgpuh4cn/files/output.log
2024-11-17 20:26:15,876 DEBUG   HandlerThread:18736 [handler.py:handle_request():144] handle_request: poll_exit
2024-11-17 20:26:16,869 INFO    SenderThread:18736 [sender.py:transition_state():626] send defer: 8
2024-11-17 20:26:16,870 DEBUG   SenderThread:18736 [sender.py:send_request():402] send_request: poll_exit
2024-11-17 20:26:16,870 DEBUG   HandlerThread:18736 [handler.py:handle_request():144] handle_request: defer
2024-11-17 20:26:16,870 INFO    HandlerThread:18736 [handler.py:handle_request_defer():170] handle defer: 8
2024-11-17 20:26:16,871 DEBUG   SenderThread:18736 [sender.py:send_request():402] send_request: defer
2024-11-17 20:26:16,871 INFO    SenderThread:18736 [sender.py:send_request_defer():622] handle sender defer: 8
2024-11-17 20:26:16,875 INFO    SenderThread:18736 [sender.py:transition_state():626] send defer: 9
2024-11-17 20:26:16,875 DEBUG   HandlerThread:18736 [handler.py:handle_request():144] handle_request: defer
2024-11-17 20:26:16,875 DEBUG   SenderThread:18736 [sender.py:send():375] send: artifact
2024-11-17 20:26:16,875 INFO    HandlerThread:18736 [handler.py:handle_request_defer():170] handle defer: 9
2024-11-17 20:26:16,879 DEBUG   HandlerThread:18736 [handler.py:handle_request():144] handle_request: poll_exit
2024-11-17 20:26:17,299 INFO    Thread-12 :18736 [dir_watcher.py:_on_file_modified():295] file/dir modified: /Users/aklywtx/Desktop/VLM_Bias_research/NN_pretrain/wandb/run-20241117_202541-qgpuh4cn/files/output.log
2024-11-17 20:26:17,758 INFO    SenderThread:18736 [sender.py:send_artifact():1474] sent artifact job-git_github.com_aklywtx_NN_pretrain.git_models_mlp_train.py - {'id': 'QXJ0aWZhY3Q6MTMzODc5NTg0Nw==', 'digest': '9824fb53a08b56020a3a3499b346e7e1', 'state': 'COMMITTED', 'aliases': [{'artifactCollectionName': 'job-git_github.com_aklywtx_NN_pretrain.git_models_mlp_train.py', 'alias': 'latest'}, {'artifactCollectionName': 'job-git_github.com_aklywtx_NN_pretrain.git_models_mlp_train.py', 'alias': 'v1'}], 'artifactSequence': {'id': 'QXJ0aWZhY3RDb2xsZWN0aW9uOjQ5NjYxOTk2OQ==', 'latestArtifact': {'id': 'QXJ0aWZhY3Q6MTMzODc5NTg0Nw==', 'versionIndex': 1}}, 'version': 'v1'}
2024-11-17 20:26:17,758 DEBUG   SenderThread:18736 [sender.py:send_request():402] send_request: defer
2024-11-17 20:26:17,758 INFO    SenderThread:18736 [sender.py:send_request_defer():622] handle sender defer: 9
2024-11-17 20:26:17,758 INFO    SenderThread:18736 [dir_watcher.py:finish():365] shutting down directory watcher
2024-11-17 20:26:18,304 INFO    SenderThread:18736 [dir_watcher.py:finish():395] scan: /Users/aklywtx/Desktop/VLM_Bias_research/NN_pretrain/wandb/run-20241117_202541-qgpuh4cn/files
2024-11-17 20:26:18,304 INFO    SenderThread:18736 [dir_watcher.py:finish():409] scan save: /Users/aklywtx/Desktop/VLM_Bias_research/NN_pretrain/wandb/run-20241117_202541-qgpuh4cn/files/requirements.txt requirements.txt
2024-11-17 20:26:18,305 INFO    SenderThread:18736 [dir_watcher.py:finish():409] scan save: /Users/aklywtx/Desktop/VLM_Bias_research/NN_pretrain/wandb/run-20241117_202541-qgpuh4cn/files/output.log output.log
2024-11-17 20:26:18,305 INFO    SenderThread:18736 [dir_watcher.py:finish():409] scan save: /Users/aklywtx/Desktop/VLM_Bias_research/NN_pretrain/wandb/run-20241117_202541-qgpuh4cn/files/config.yaml config.yaml
2024-11-17 20:26:18,305 INFO    SenderThread:18736 [dir_watcher.py:finish():409] scan save: /Users/aklywtx/Desktop/VLM_Bias_research/NN_pretrain/wandb/run-20241117_202541-qgpuh4cn/files/wandb-summary.json wandb-summary.json
2024-11-17 20:26:18,312 INFO    SenderThread:18736 [dir_watcher.py:finish():409] scan save: /Users/aklywtx/Desktop/VLM_Bias_research/NN_pretrain/wandb/run-20241117_202541-qgpuh4cn/files/conda-environment.yaml conda-environment.yaml
2024-11-17 20:26:18,315 INFO    SenderThread:18736 [dir_watcher.py:finish():409] scan save: /Users/aklywtx/Desktop/VLM_Bias_research/NN_pretrain/wandb/run-20241117_202541-qgpuh4cn/files/wandb-metadata.json wandb-metadata.json
2024-11-17 20:26:18,315 INFO    SenderThread:18736 [sender.py:transition_state():626] send defer: 10
2024-11-17 20:26:18,317 DEBUG   SenderThread:18736 [sender.py:send_request():402] send_request: poll_exit
2024-11-17 20:26:18,317 DEBUG   HandlerThread:18736 [handler.py:handle_request():144] handle_request: defer
2024-11-17 20:26:18,317 INFO    HandlerThread:18736 [handler.py:handle_request_defer():170] handle defer: 10
2024-11-17 20:26:18,318 DEBUG   SenderThread:18736 [sender.py:send_request():402] send_request: defer
2024-11-17 20:26:18,318 INFO    SenderThread:18736 [sender.py:send_request_defer():622] handle sender defer: 10
2024-11-17 20:26:18,318 INFO    SenderThread:18736 [file_pusher.py:finish():167] shutting down file pusher
2024-11-17 20:26:18,845 INFO    wandb-upload_2:18736 [upload_job.py:push():137] Uploaded file /Users/aklywtx/Desktop/VLM_Bias_research/NN_pretrain/wandb/run-20241117_202541-qgpuh4cn/files/config.yaml
2024-11-17 20:26:18,848 INFO    wandb-upload_0:18736 [upload_job.py:push():137] Uploaded file /Users/aklywtx/Desktop/VLM_Bias_research/NN_pretrain/wandb/run-20241117_202541-qgpuh4cn/files/requirements.txt
2024-11-17 20:26:18,851 INFO    wandb-upload_3:18736 [upload_job.py:push():137] Uploaded file /Users/aklywtx/Desktop/VLM_Bias_research/NN_pretrain/wandb/run-20241117_202541-qgpuh4cn/files/wandb-summary.json
2024-11-17 20:26:18,855 INFO    wandb-upload_1:18736 [upload_job.py:push():137] Uploaded file /Users/aklywtx/Desktop/VLM_Bias_research/NN_pretrain/wandb/run-20241117_202541-qgpuh4cn/files/output.log
2024-11-17 20:26:18,997 INFO    wandb-upload_4:18736 [upload_job.py:push():137] Uploaded file /Users/aklywtx/Desktop/VLM_Bias_research/NN_pretrain/wandb/run-20241117_202541-qgpuh4cn/files/conda-environment.yaml
2024-11-17 20:26:19,199 INFO    Thread-11 :18736 [sender.py:transition_state():626] send defer: 11
2024-11-17 20:26:19,200 DEBUG   HandlerThread:18736 [handler.py:handle_request():144] handle_request: defer
2024-11-17 20:26:19,200 INFO    HandlerThread:18736 [handler.py:handle_request_defer():170] handle defer: 11
2024-11-17 20:26:19,200 DEBUG   SenderThread:18736 [sender.py:send_request():402] send_request: defer
2024-11-17 20:26:19,201 INFO    SenderThread:18736 [sender.py:send_request_defer():622] handle sender defer: 11
2024-11-17 20:26:19,201 INFO    SenderThread:18736 [file_pusher.py:join():172] waiting for file pusher
2024-11-17 20:26:19,201 INFO    SenderThread:18736 [sender.py:transition_state():626] send defer: 12
2024-11-17 20:26:19,201 DEBUG   HandlerThread:18736 [handler.py:handle_request():144] handle_request: defer
2024-11-17 20:26:19,201 INFO    HandlerThread:18736 [handler.py:handle_request_defer():170] handle defer: 12
2024-11-17 20:26:19,201 DEBUG   SenderThread:18736 [sender.py:send_request():402] send_request: defer
2024-11-17 20:26:19,201 INFO    SenderThread:18736 [sender.py:send_request_defer():622] handle sender defer: 12
2024-11-17 20:26:19,353 INFO    SenderThread:18736 [sender.py:transition_state():626] send defer: 13
2024-11-17 20:26:19,353 DEBUG   HandlerThread:18736 [handler.py:handle_request():144] handle_request: defer
2024-11-17 20:26:19,353 INFO    HandlerThread:18736 [handler.py:handle_request_defer():170] handle defer: 13
2024-11-17 20:26:19,354 DEBUG   SenderThread:18736 [sender.py:send_request():402] send_request: defer
2024-11-17 20:26:19,354 INFO    SenderThread:18736 [sender.py:send_request_defer():622] handle sender defer: 13
2024-11-17 20:26:19,354 INFO    SenderThread:18736 [sender.py:transition_state():626] send defer: 14
2024-11-17 20:26:19,355 DEBUG   SenderThread:18736 [sender.py:send():375] send: final
2024-11-17 20:26:19,355 DEBUG   SenderThread:18736 [sender.py:send():375] send: footer
2024-11-17 20:26:19,355 DEBUG   HandlerThread:18736 [handler.py:handle_request():144] handle_request: defer
2024-11-17 20:26:19,355 INFO    HandlerThread:18736 [handler.py:handle_request_defer():170] handle defer: 14
2024-11-17 20:26:19,356 DEBUG   SenderThread:18736 [sender.py:send_request():402] send_request: defer
2024-11-17 20:26:19,356 INFO    SenderThread:18736 [sender.py:send_request_defer():622] handle sender defer: 14
2024-11-17 20:26:19,357 DEBUG   HandlerThread:18736 [handler.py:handle_request():144] handle_request: poll_exit
2024-11-17 20:26:19,357 DEBUG   HandlerThread:18736 [handler.py:handle_request():144] handle_request: server_info
2024-11-17 20:26:19,357 DEBUG   HandlerThread:18736 [handler.py:handle_request():144] handle_request: get_summary
2024-11-17 20:26:19,357 DEBUG   HandlerThread:18736 [handler.py:handle_request():144] handle_request: sampled_history
2024-11-17 20:26:19,358 DEBUG   SenderThread:18736 [sender.py:send_request():402] send_request: poll_exit
2024-11-17 20:26:19,358 DEBUG   SenderThread:18736 [sender.py:send_request():402] send_request: server_info
2024-11-17 20:26:19,520 INFO    MainThread:18736 [wandb_run.py:_footer_history_summary_info():3469] rendering history
2024-11-17 20:26:19,520 INFO    MainThread:18736 [wandb_run.py:_footer_history_summary_info():3501] rendering summary
2024-11-17 20:26:19,520 INFO    MainThread:18736 [wandb_run.py:_footer_sync_info():3428] logging synced files
2024-11-17 20:26:19,520 DEBUG   HandlerThread:18736 [handler.py:handle_request():144] handle_request: shutdown
2024-11-17 20:26:19,520 INFO    HandlerThread:18736 [handler.py:finish():842] shutting down handler
2024-11-17 20:26:20,364 INFO    WriterThread:18736 [datastore.py:close():298] close: /Users/aklywtx/Desktop/VLM_Bias_research/NN_pretrain/wandb/run-20241117_202541-qgpuh4cn/run-qgpuh4cn.wandb
2024-11-17 20:26:20,525 INFO    SenderThread:18736 [sender.py:finish():1550] shutting down sender
2024-11-17 20:26:20,525 INFO    SenderThread:18736 [file_pusher.py:finish():167] shutting down file pusher
2024-11-17 20:26:20,525 INFO    SenderThread:18736 [file_pusher.py:join():172] waiting for file pusher
