2024-11-17 20:52:14,349 INFO    StreamThr :26654 [internal.py:wandb_internal():86] W&B internal server running at pid: 26654, started at: 2024-11-17 20:52:14.348539
2024-11-17 20:52:14,353 DEBUG   HandlerThread:26654 [handler.py:handle_request():144] handle_request: status
2024-11-17 20:52:14,361 INFO    WriterThread:26654 [datastore.py:open_for_write():85] open: /Users/aklywtx/Desktop/VLM_Bias_research/NN_pretrain/wandb/run-20241117_205214-xfxe3gqk/run-xfxe3gqk.wandb
2024-11-17 20:52:14,366 DEBUG   SenderThread:26654 [sender.py:send():375] send: header
2024-11-17 20:52:14,400 DEBUG   SenderThread:26654 [sender.py:send():375] send: run
2024-11-17 20:52:14,912 INFO    SenderThread:26654 [dir_watcher.py:__init__():219] watching files in: /Users/aklywtx/Desktop/VLM_Bias_research/NN_pretrain/wandb/run-20241117_205214-xfxe3gqk/files
2024-11-17 20:52:14,912 INFO    SenderThread:26654 [sender.py:_start_run_threads():1124] run started: xfxe3gqk with start time 1731873134.345557
2024-11-17 20:52:14,912 DEBUG   SenderThread:26654 [sender.py:send_request():402] send_request: summary_record
2024-11-17 20:52:14,913 INFO    SenderThread:26654 [sender.py:_save_file():1378] saving file wandb-summary.json with policy end
2024-11-17 20:52:14,914 DEBUG   HandlerThread:26654 [handler.py:handle_request():144] handle_request: check_version
2024-11-17 20:52:14,914 DEBUG   SenderThread:26654 [sender.py:send_request():402] send_request: check_version
2024-11-17 20:52:15,094 DEBUG   HandlerThread:26654 [handler.py:handle_request():144] handle_request: run_start
2024-11-17 20:52:15,107 DEBUG   HandlerThread:26654 [system_info.py:__init__():31] System info init
2024-11-17 20:52:15,107 DEBUG   HandlerThread:26654 [system_info.py:__init__():46] System info init done
2024-11-17 20:52:15,107 INFO    HandlerThread:26654 [system_monitor.py:start():181] Starting system monitor
2024-11-17 20:52:15,108 INFO    SystemMonitor:26654 [system_monitor.py:_start():145] Starting system asset monitoring threads
2024-11-17 20:52:15,108 INFO    HandlerThread:26654 [system_monitor.py:probe():201] Collecting system info
2024-11-17 20:52:15,108 DEBUG   HandlerThread:26654 [system_info.py:probe():195] Probing system
2024-11-17 20:52:15,108 INFO    SystemMonitor:26654 [interfaces.py:start():190] Started cpu monitoring
2024-11-17 20:52:15,109 INFO    SystemMonitor:26654 [interfaces.py:start():190] Started disk monitoring
2024-11-17 20:52:15,109 INFO    SystemMonitor:26654 [interfaces.py:start():190] Started gpuapple monitoring
2024-11-17 20:52:15,109 INFO    SystemMonitor:26654 [interfaces.py:start():190] Started memory monitoring
2024-11-17 20:52:15,112 INFO    SystemMonitor:26654 [interfaces.py:start():190] Started network monitoring
2024-11-17 20:52:15,115 DEBUG   HandlerThread:26654 [system_info.py:_probe_git():180] Probing git
2024-11-17 20:52:15,148 DEBUG   HandlerThread:26654 [system_info.py:_probe_git():188] Probing git done
2024-11-17 20:52:15,149 DEBUG   HandlerThread:26654 [system_info.py:probe():240] Probing system done
2024-11-17 20:52:15,149 DEBUG   HandlerThread:26654 [system_monitor.py:probe():210] {'os': 'macOS-14.5-arm64-arm-64bit', 'python': '3.9.13', 'heartbeatAt': '2024-11-17T19:52:15.108781', 'startedAt': '2024-11-17T19:52:14.202334', 'docker': None, 'cuda': None, 'args': (), 'state': 'running', 'program': '/Users/aklywtx/Desktop/VLM_Bias_research/NN_pretrain/models/mlp_train.py', 'codePath': 'models/mlp_train.py', 'git': {'remote': 'git@github.com:aklywtx/NN_pretrain.git', 'commit': '79fb9213d8f97bc1c37c0dd0a2a01a0ea0927308'}, 'email': 'aklywtx233@163.com', 'root': '/Users/aklywtx/Desktop/VLM_Bias_research/NN_pretrain', 'host': 'MACBOOK-PRO-341.local', 'username': 'aklywtx', 'executable': '/Users/aklywtx/opt/anaconda3/bin/python', 'cpu_count': 8, 'cpu_count_logical': 8, 'disk': {'total': 926.3517189025879, 'used': 827.5430526733398}, 'gpuapple': {'type': 'arm', 'vendor': 'Apple'}, 'memory': {'total': 32.0}}
2024-11-17 20:52:15,149 INFO    HandlerThread:26654 [system_monitor.py:probe():211] Finished collecting system info
2024-11-17 20:52:15,150 INFO    HandlerThread:26654 [system_monitor.py:probe():214] Publishing system info
2024-11-17 20:52:15,150 DEBUG   HandlerThread:26654 [system_info.py:_save_pip():51] Saving list of pip packages installed into the current environment
2024-11-17 20:52:15,152 DEBUG   HandlerThread:26654 [system_info.py:_save_pip():67] Saving pip packages done
2024-11-17 20:52:15,153 DEBUG   HandlerThread:26654 [system_info.py:_save_conda():74] Saving list of conda packages installed into the current environment
2024-11-17 20:52:15,914 INFO    Thread-12 :26654 [dir_watcher.py:_on_file_created():278] file/dir created: /Users/aklywtx/Desktop/VLM_Bias_research/NN_pretrain/wandb/run-20241117_205214-xfxe3gqk/files/requirements.txt
2024-11-17 20:52:15,915 INFO    Thread-12 :26654 [dir_watcher.py:_on_file_created():278] file/dir created: /Users/aklywtx/Desktop/VLM_Bias_research/NN_pretrain/wandb/run-20241117_205214-xfxe3gqk/files/conda-environment.yaml
2024-11-17 20:52:15,915 INFO    Thread-12 :26654 [dir_watcher.py:_on_file_created():278] file/dir created: /Users/aklywtx/Desktop/VLM_Bias_research/NN_pretrain/wandb/run-20241117_205214-xfxe3gqk/files/wandb-summary.json
2024-11-17 20:52:35,596 DEBUG   HandlerThread:26654 [system_info.py:_save_conda():86] Saving conda packages done
2024-11-17 20:52:35,597 INFO    HandlerThread:26654 [system_monitor.py:probe():216] Finished publishing system info
2024-11-17 20:52:35,610 DEBUG   HandlerThread:26654 [handler.py:handle_request():144] handle_request: status_report
2024-11-17 20:52:35,610 DEBUG   HandlerThread:26654 [handler.py:handle_request():144] handle_request: keepalive
2024-11-17 20:52:35,610 DEBUG   HandlerThread:26654 [handler.py:handle_request():144] handle_request: status_report
2024-11-17 20:52:35,610 DEBUG   HandlerThread:26654 [handler.py:handle_request():144] handle_request: keepalive
2024-11-17 20:52:35,610 DEBUG   HandlerThread:26654 [handler.py:handle_request():144] handle_request: status_report
2024-11-17 20:52:35,610 DEBUG   HandlerThread:26654 [handler.py:handle_request():144] handle_request: keepalive
2024-11-17 20:52:35,610 DEBUG   HandlerThread:26654 [handler.py:handle_request():144] handle_request: status_report
2024-11-17 20:52:35,610 DEBUG   HandlerThread:26654 [handler.py:handle_request():144] handle_request: keepalive
2024-11-17 20:52:35,611 DEBUG   SenderThread:26654 [sender.py:send():375] send: files
2024-11-17 20:52:35,611 INFO    SenderThread:26654 [sender.py:_save_file():1378] saving file wandb-metadata.json with policy now
2024-11-17 20:52:35,620 DEBUG   HandlerThread:26654 [handler.py:handle_request():144] handle_request: stop_status
2024-11-17 20:52:35,621 DEBUG   SenderThread:26654 [sender.py:send_request():402] send_request: stop_status
2024-11-17 20:52:35,875 DEBUG   SenderThread:26654 [sender.py:send():375] send: telemetry
2024-11-17 20:52:36,013 INFO    Thread-12 :26654 [dir_watcher.py:_on_file_modified():295] file/dir modified: /Users/aklywtx/Desktop/VLM_Bias_research/NN_pretrain/wandb/run-20241117_205214-xfxe3gqk/files/conda-environment.yaml
2024-11-17 20:52:36,013 INFO    Thread-12 :26654 [dir_watcher.py:_on_file_created():278] file/dir created: /Users/aklywtx/Desktop/VLM_Bias_research/NN_pretrain/wandb/run-20241117_205214-xfxe3gqk/files/wandb-metadata.json
2024-11-17 20:52:36,245 INFO    wandb-upload_0:26654 [upload_job.py:push():137] Uploaded file /var/folders/b8/j860yxxx1bb1pjgc34kr65dm0000gn/T/tmp3j0cw66owandb/56u4ba1i-wandb-metadata.json
2024-11-17 20:52:40,900 DEBUG   HandlerThread:26654 [handler.py:handle_request():144] handle_request: status_report
2024-11-17 20:52:45,927 DEBUG   HandlerThread:26654 [handler.py:handle_request():144] handle_request: status_report
2024-11-17 20:52:47,059 INFO    Thread-12 :26654 [dir_watcher.py:_on_file_modified():295] file/dir modified: /Users/aklywtx/Desktop/VLM_Bias_research/NN_pretrain/wandb/run-20241117_205214-xfxe3gqk/files/config.yaml
2024-11-17 20:52:50,626 DEBUG   HandlerThread:26654 [handler.py:handle_request():144] handle_request: stop_status
2024-11-17 20:52:50,626 DEBUG   SenderThread:26654 [sender.py:send_request():402] send_request: stop_status
2024-11-17 20:52:51,078 INFO    Thread-12 :26654 [dir_watcher.py:_on_file_created():278] file/dir created: /Users/aklywtx/Desktop/VLM_Bias_research/NN_pretrain/wandb/run-20241117_205214-xfxe3gqk/files/output.log
2024-11-17 20:52:51,997 DEBUG   HandlerThread:26654 [handler.py:handle_request():144] handle_request: status_report
2024-11-17 20:52:53,085 INFO    Thread-12 :26654 [dir_watcher.py:_on_file_modified():295] file/dir modified: /Users/aklywtx/Desktop/VLM_Bias_research/NN_pretrain/wandb/run-20241117_205214-xfxe3gqk/files/output.log
2024-11-17 20:52:55,091 INFO    Thread-12 :26654 [dir_watcher.py:_on_file_modified():295] file/dir modified: /Users/aklywtx/Desktop/VLM_Bias_research/NN_pretrain/wandb/run-20241117_205214-xfxe3gqk/files/output.log
2024-11-17 20:52:57,097 INFO    Thread-12 :26654 [dir_watcher.py:_on_file_modified():295] file/dir modified: /Users/aklywtx/Desktop/VLM_Bias_research/NN_pretrain/wandb/run-20241117_205214-xfxe3gqk/files/output.log
2024-11-17 20:52:57,176 DEBUG   HandlerThread:26654 [handler.py:handle_request():144] handle_request: partial_history
2024-11-17 20:52:57,179 DEBUG   SenderThread:26654 [sender.py:send():375] send: history
2024-11-17 20:52:57,180 DEBUG   SenderThread:26654 [sender.py:send_request():402] send_request: summary_record
2024-11-17 20:52:57,180 DEBUG   HandlerThread:26654 [handler.py:handle_request():144] handle_request: status_report
2024-11-17 20:52:57,180 INFO    SenderThread:26654 [sender.py:_save_file():1378] saving file wandb-summary.json with policy end
2024-11-17 20:52:58,102 INFO    Thread-12 :26654 [dir_watcher.py:_on_file_modified():295] file/dir modified: /Users/aklywtx/Desktop/VLM_Bias_research/NN_pretrain/wandb/run-20241117_205214-xfxe3gqk/files/wandb-summary.json
2024-11-17 20:52:59,103 INFO    Thread-12 :26654 [dir_watcher.py:_on_file_modified():295] file/dir modified: /Users/aklywtx/Desktop/VLM_Bias_research/NN_pretrain/wandb/run-20241117_205214-xfxe3gqk/files/output.log
2024-11-17 20:53:01,105 INFO    Thread-12 :26654 [dir_watcher.py:_on_file_modified():295] file/dir modified: /Users/aklywtx/Desktop/VLM_Bias_research/NN_pretrain/wandb/run-20241117_205214-xfxe3gqk/files/output.log
2024-11-17 20:53:01,397 DEBUG   HandlerThread:26654 [handler.py:handle_request():144] handle_request: partial_history
2024-11-17 20:53:01,399 DEBUG   SenderThread:26654 [sender.py:send():375] send: history
2024-11-17 20:53:01,399 DEBUG   SenderThread:26654 [sender.py:send_request():402] send_request: summary_record
2024-11-17 20:53:01,400 INFO    SenderThread:26654 [sender.py:_save_file():1378] saving file wandb-summary.json with policy end
2024-11-17 20:53:02,110 INFO    Thread-12 :26654 [dir_watcher.py:_on_file_modified():295] file/dir modified: /Users/aklywtx/Desktop/VLM_Bias_research/NN_pretrain/wandb/run-20241117_205214-xfxe3gqk/files/wandb-summary.json
2024-11-17 20:53:02,294 DEBUG   HandlerThread:26654 [handler.py:handle_request():144] handle_request: status_report
2024-11-17 20:53:03,116 INFO    Thread-12 :26654 [dir_watcher.py:_on_file_modified():295] file/dir modified: /Users/aklywtx/Desktop/VLM_Bias_research/NN_pretrain/wandb/run-20241117_205214-xfxe3gqk/files/output.log
2024-11-17 20:53:05,122 INFO    Thread-12 :26654 [dir_watcher.py:_on_file_modified():295] file/dir modified: /Users/aklywtx/Desktop/VLM_Bias_research/NN_pretrain/wandb/run-20241117_205214-xfxe3gqk/files/output.log
2024-11-17 20:53:05,629 DEBUG   HandlerThread:26654 [handler.py:handle_request():144] handle_request: stop_status
2024-11-17 20:53:05,630 DEBUG   SenderThread:26654 [sender.py:send_request():402] send_request: stop_status
2024-11-17 20:53:05,843 DEBUG   HandlerThread:26654 [handler.py:handle_request():144] handle_request: partial_history
2024-11-17 20:53:05,904 DEBUG   SenderThread:26654 [sender.py:send():375] send: history
2024-11-17 20:53:05,904 DEBUG   SenderThread:26654 [sender.py:send_request():402] send_request: summary_record
2024-11-17 20:53:05,904 INFO    SenderThread:26654 [sender.py:_save_file():1378] saving file wandb-summary.json with policy end
2024-11-17 20:53:06,125 INFO    Thread-12 :26654 [dir_watcher.py:_on_file_modified():295] file/dir modified: /Users/aklywtx/Desktop/VLM_Bias_research/NN_pretrain/wandb/run-20241117_205214-xfxe3gqk/files/wandb-summary.json
2024-11-17 20:53:07,130 INFO    Thread-12 :26654 [dir_watcher.py:_on_file_modified():295] file/dir modified: /Users/aklywtx/Desktop/VLM_Bias_research/NN_pretrain/wandb/run-20241117_205214-xfxe3gqk/files/output.log
2024-11-17 20:53:07,368 DEBUG   HandlerThread:26654 [handler.py:handle_request():144] handle_request: status_report
2024-11-17 20:53:09,136 INFO    Thread-12 :26654 [dir_watcher.py:_on_file_modified():295] file/dir modified: /Users/aklywtx/Desktop/VLM_Bias_research/NN_pretrain/wandb/run-20241117_205214-xfxe3gqk/files/output.log
2024-11-17 20:53:09,767 DEBUG   HandlerThread:26654 [handler.py:handle_request():144] handle_request: partial_history
2024-11-17 20:53:09,769 DEBUG   SenderThread:26654 [sender.py:send():375] send: history
2024-11-17 20:53:09,769 DEBUG   SenderThread:26654 [sender.py:send_request():402] send_request: summary_record
2024-11-17 20:53:09,770 INFO    SenderThread:26654 [sender.py:_save_file():1378] saving file wandb-summary.json with policy end
2024-11-17 20:53:10,142 INFO    Thread-12 :26654 [dir_watcher.py:_on_file_modified():295] file/dir modified: /Users/aklywtx/Desktop/VLM_Bias_research/NN_pretrain/wandb/run-20241117_205214-xfxe3gqk/files/wandb-summary.json
2024-11-17 20:53:11,147 INFO    Thread-12 :26654 [dir_watcher.py:_on_file_modified():295] file/dir modified: /Users/aklywtx/Desktop/VLM_Bias_research/NN_pretrain/wandb/run-20241117_205214-xfxe3gqk/files/output.log
2024-11-17 20:53:12,449 DEBUG   HandlerThread:26654 [handler.py:handle_request():144] handle_request: status_report
2024-11-17 20:53:13,154 INFO    Thread-12 :26654 [dir_watcher.py:_on_file_modified():295] file/dir modified: /Users/aklywtx/Desktop/VLM_Bias_research/NN_pretrain/wandb/run-20241117_205214-xfxe3gqk/files/output.log
2024-11-17 20:53:14,214 DEBUG   HandlerThread:26654 [handler.py:handle_request():144] handle_request: partial_history
2024-11-17 20:53:14,216 DEBUG   SenderThread:26654 [sender.py:send():375] send: history
2024-11-17 20:53:14,216 DEBUG   SenderThread:26654 [sender.py:send_request():402] send_request: summary_record
2024-11-17 20:53:14,216 INFO    SenderThread:26654 [sender.py:_save_file():1378] saving file wandb-summary.json with policy end
2024-11-17 20:53:15,119 DEBUG   SystemMonitor:26654 [system_monitor.py:_start():159] Starting system metrics aggregation loop
2024-11-17 20:53:15,120 DEBUG   SenderThread:26654 [sender.py:send():375] send: telemetry
2024-11-17 20:53:15,121 DEBUG   SenderThread:26654 [sender.py:send():375] send: stats
2024-11-17 20:53:15,164 INFO    Thread-12 :26654 [dir_watcher.py:_on_file_modified():295] file/dir modified: /Users/aklywtx/Desktop/VLM_Bias_research/NN_pretrain/wandb/run-20241117_205214-xfxe3gqk/files/output.log
2024-11-17 20:53:15,164 INFO    Thread-12 :26654 [dir_watcher.py:_on_file_modified():295] file/dir modified: /Users/aklywtx/Desktop/VLM_Bias_research/NN_pretrain/wandb/run-20241117_205214-xfxe3gqk/files/wandb-summary.json
2024-11-17 20:53:17,175 INFO    Thread-12 :26654 [dir_watcher.py:_on_file_modified():295] file/dir modified: /Users/aklywtx/Desktop/VLM_Bias_research/NN_pretrain/wandb/run-20241117_205214-xfxe3gqk/files/output.log
2024-11-17 20:53:17,570 DEBUG   HandlerThread:26654 [handler.py:handle_request():144] handle_request: status_report
2024-11-17 20:53:18,180 INFO    Thread-12 :26654 [dir_watcher.py:_on_file_modified():295] file/dir modified: /Users/aklywtx/Desktop/VLM_Bias_research/NN_pretrain/wandb/run-20241117_205214-xfxe3gqk/files/config.yaml
2024-11-17 20:53:18,247 DEBUG   HandlerThread:26654 [handler.py:handle_request():144] handle_request: partial_history
2024-11-17 20:53:18,249 DEBUG   SenderThread:26654 [sender.py:send():375] send: history
2024-11-17 20:53:18,249 DEBUG   SenderThread:26654 [sender.py:send_request():402] send_request: summary_record
2024-11-17 20:53:18,249 INFO    SenderThread:26654 [sender.py:_save_file():1378] saving file wandb-summary.json with policy end
2024-11-17 20:53:19,186 INFO    Thread-12 :26654 [dir_watcher.py:_on_file_modified():295] file/dir modified: /Users/aklywtx/Desktop/VLM_Bias_research/NN_pretrain/wandb/run-20241117_205214-xfxe3gqk/files/output.log
2024-11-17 20:53:19,186 INFO    Thread-12 :26654 [dir_watcher.py:_on_file_modified():295] file/dir modified: /Users/aklywtx/Desktop/VLM_Bias_research/NN_pretrain/wandb/run-20241117_205214-xfxe3gqk/files/wandb-summary.json
2024-11-17 20:53:20,631 DEBUG   HandlerThread:26654 [handler.py:handle_request():144] handle_request: stop_status
2024-11-17 20:53:20,632 DEBUG   SenderThread:26654 [sender.py:send_request():402] send_request: stop_status
2024-11-17 20:53:21,193 INFO    Thread-12 :26654 [dir_watcher.py:_on_file_modified():295] file/dir modified: /Users/aklywtx/Desktop/VLM_Bias_research/NN_pretrain/wandb/run-20241117_205214-xfxe3gqk/files/output.log
2024-11-17 20:53:22,510 DEBUG   HandlerThread:26654 [handler.py:handle_request():144] handle_request: partial_history
2024-11-17 20:53:22,511 DEBUG   SenderThread:26654 [sender.py:send():375] send: history
2024-11-17 20:53:22,511 DEBUG   SenderThread:26654 [sender.py:send_request():402] send_request: summary_record
2024-11-17 20:53:22,512 INFO    SenderThread:26654 [sender.py:_save_file():1378] saving file wandb-summary.json with policy end
2024-11-17 20:53:22,790 DEBUG   HandlerThread:26654 [handler.py:handle_request():144] handle_request: status_report
2024-11-17 20:53:23,203 INFO    Thread-12 :26654 [dir_watcher.py:_on_file_modified():295] file/dir modified: /Users/aklywtx/Desktop/VLM_Bias_research/NN_pretrain/wandb/run-20241117_205214-xfxe3gqk/files/output.log
2024-11-17 20:53:23,204 INFO    Thread-12 :26654 [dir_watcher.py:_on_file_modified():295] file/dir modified: /Users/aklywtx/Desktop/VLM_Bias_research/NN_pretrain/wandb/run-20241117_205214-xfxe3gqk/files/wandb-summary.json
2024-11-17 20:53:25,211 INFO    Thread-12 :26654 [dir_watcher.py:_on_file_modified():295] file/dir modified: /Users/aklywtx/Desktop/VLM_Bias_research/NN_pretrain/wandb/run-20241117_205214-xfxe3gqk/files/output.log
2024-11-17 20:53:26,721 DEBUG   HandlerThread:26654 [handler.py:handle_request():144] handle_request: partial_history
2024-11-17 20:53:26,723 DEBUG   SenderThread:26654 [sender.py:send():375] send: history
2024-11-17 20:53:26,723 DEBUG   SenderThread:26654 [sender.py:send_request():402] send_request: summary_record
2024-11-17 20:53:26,723 INFO    SenderThread:26654 [sender.py:_save_file():1378] saving file wandb-summary.json with policy end
2024-11-17 20:53:27,222 INFO    Thread-12 :26654 [dir_watcher.py:_on_file_modified():295] file/dir modified: /Users/aklywtx/Desktop/VLM_Bias_research/NN_pretrain/wandb/run-20241117_205214-xfxe3gqk/files/output.log
2024-11-17 20:53:27,222 INFO    Thread-12 :26654 [dir_watcher.py:_on_file_modified():295] file/dir modified: /Users/aklywtx/Desktop/VLM_Bias_research/NN_pretrain/wandb/run-20241117_205214-xfxe3gqk/files/wandb-summary.json
2024-11-17 20:53:27,909 DEBUG   HandlerThread:26654 [handler.py:handle_request():144] handle_request: status_report
2024-11-17 20:53:29,232 INFO    Thread-12 :26654 [dir_watcher.py:_on_file_modified():295] file/dir modified: /Users/aklywtx/Desktop/VLM_Bias_research/NN_pretrain/wandb/run-20241117_205214-xfxe3gqk/files/output.log
2024-11-17 20:53:30,966 DEBUG   HandlerThread:26654 [handler.py:handle_request():144] handle_request: partial_history
2024-11-17 20:53:30,967 DEBUG   SenderThread:26654 [sender.py:send():375] send: history
2024-11-17 20:53:30,967 DEBUG   SenderThread:26654 [sender.py:send_request():402] send_request: summary_record
2024-11-17 20:53:30,968 INFO    SenderThread:26654 [sender.py:_save_file():1378] saving file wandb-summary.json with policy end
2024-11-17 20:53:31,242 INFO    Thread-12 :26654 [dir_watcher.py:_on_file_modified():295] file/dir modified: /Users/aklywtx/Desktop/VLM_Bias_research/NN_pretrain/wandb/run-20241117_205214-xfxe3gqk/files/output.log
2024-11-17 20:53:31,243 INFO    Thread-12 :26654 [dir_watcher.py:_on_file_modified():295] file/dir modified: /Users/aklywtx/Desktop/VLM_Bias_research/NN_pretrain/wandb/run-20241117_205214-xfxe3gqk/files/wandb-summary.json
2024-11-17 20:53:32,983 DEBUG   HandlerThread:26654 [handler.py:handle_request():144] handle_request: status_report
2024-11-17 20:53:33,253 INFO    Thread-12 :26654 [dir_watcher.py:_on_file_modified():295] file/dir modified: /Users/aklywtx/Desktop/VLM_Bias_research/NN_pretrain/wandb/run-20241117_205214-xfxe3gqk/files/output.log
2024-11-17 20:53:35,203 DEBUG   HandlerThread:26654 [handler.py:handle_request():144] handle_request: partial_history
2024-11-17 20:53:35,206 DEBUG   SenderThread:26654 [sender.py:send():375] send: history
2024-11-17 20:53:35,206 DEBUG   SenderThread:26654 [sender.py:send_request():402] send_request: summary_record
2024-11-17 20:53:35,207 INFO    SenderThread:26654 [sender.py:_save_file():1378] saving file wandb-summary.json with policy end
2024-11-17 20:53:35,264 INFO    Thread-12 :26654 [dir_watcher.py:_on_file_modified():295] file/dir modified: /Users/aklywtx/Desktop/VLM_Bias_research/NN_pretrain/wandb/run-20241117_205214-xfxe3gqk/files/output.log
2024-11-17 20:53:35,264 INFO    Thread-12 :26654 [dir_watcher.py:_on_file_modified():295] file/dir modified: /Users/aklywtx/Desktop/VLM_Bias_research/NN_pretrain/wandb/run-20241117_205214-xfxe3gqk/files/wandb-summary.json
2024-11-17 20:53:35,639 DEBUG   HandlerThread:26654 [handler.py:handle_request():144] handle_request: stop_status
2024-11-17 20:53:35,640 DEBUG   SenderThread:26654 [sender.py:send_request():402] send_request: stop_status
2024-11-17 20:53:37,272 INFO    Thread-12 :26654 [dir_watcher.py:_on_file_modified():295] file/dir modified: /Users/aklywtx/Desktop/VLM_Bias_research/NN_pretrain/wandb/run-20241117_205214-xfxe3gqk/files/output.log
2024-11-17 20:53:38,090 DEBUG   HandlerThread:26654 [handler.py:handle_request():144] handle_request: status_report
2024-11-17 20:53:39,279 INFO    Thread-12 :26654 [dir_watcher.py:_on_file_modified():295] file/dir modified: /Users/aklywtx/Desktop/VLM_Bias_research/NN_pretrain/wandb/run-20241117_205214-xfxe3gqk/files/output.log
2024-11-17 20:53:40,095 DEBUG   HandlerThread:26654 [handler.py:handle_request():144] handle_request: partial_history
2024-11-17 20:53:40,096 DEBUG   SenderThread:26654 [sender.py:send():375] send: history
2024-11-17 20:53:40,096 DEBUG   SenderThread:26654 [sender.py:send_request():402] send_request: summary_record
2024-11-17 20:53:40,097 INFO    SenderThread:26654 [sender.py:_save_file():1378] saving file wandb-summary.json with policy end
2024-11-17 20:53:40,285 INFO    Thread-12 :26654 [dir_watcher.py:_on_file_modified():295] file/dir modified: /Users/aklywtx/Desktop/VLM_Bias_research/NN_pretrain/wandb/run-20241117_205214-xfxe3gqk/files/wandb-summary.json
2024-11-17 20:53:41,290 INFO    Thread-12 :26654 [dir_watcher.py:_on_file_modified():295] file/dir modified: /Users/aklywtx/Desktop/VLM_Bias_research/NN_pretrain/wandb/run-20241117_205214-xfxe3gqk/files/output.log
2024-11-17 20:53:43,134 DEBUG   HandlerThread:26654 [handler.py:handle_request():144] handle_request: status_report
2024-11-17 20:53:43,301 INFO    Thread-12 :26654 [dir_watcher.py:_on_file_modified():295] file/dir modified: /Users/aklywtx/Desktop/VLM_Bias_research/NN_pretrain/wandb/run-20241117_205214-xfxe3gqk/files/output.log
2024-11-17 20:53:44,679 DEBUG   HandlerThread:26654 [handler.py:handle_request():144] handle_request: partial_history
2024-11-17 20:53:44,680 DEBUG   SenderThread:26654 [sender.py:send():375] send: history
2024-11-17 20:53:44,680 DEBUG   SenderThread:26654 [sender.py:send_request():402] send_request: summary_record
2024-11-17 20:53:44,681 INFO    SenderThread:26654 [sender.py:_save_file():1378] saving file wandb-summary.json with policy end
2024-11-17 20:53:45,126 DEBUG   SenderThread:26654 [sender.py:send():375] send: stats
2024-11-17 20:53:45,309 INFO    Thread-12 :26654 [dir_watcher.py:_on_file_modified():295] file/dir modified: /Users/aklywtx/Desktop/VLM_Bias_research/NN_pretrain/wandb/run-20241117_205214-xfxe3gqk/files/output.log
2024-11-17 20:53:45,309 INFO    Thread-12 :26654 [dir_watcher.py:_on_file_modified():295] file/dir modified: /Users/aklywtx/Desktop/VLM_Bias_research/NN_pretrain/wandb/run-20241117_205214-xfxe3gqk/files/wandb-summary.json
2024-11-17 20:53:47,320 INFO    Thread-12 :26654 [dir_watcher.py:_on_file_modified():295] file/dir modified: /Users/aklywtx/Desktop/VLM_Bias_research/NN_pretrain/wandb/run-20241117_205214-xfxe3gqk/files/output.log
2024-11-17 20:53:48,203 DEBUG   HandlerThread:26654 [handler.py:handle_request():144] handle_request: status_report
2024-11-17 20:53:48,844 DEBUG   HandlerThread:26654 [handler.py:handle_request():144] handle_request: partial_history
2024-11-17 20:53:48,846 DEBUG   SenderThread:26654 [sender.py:send():375] send: history
2024-11-17 20:53:48,846 DEBUG   SenderThread:26654 [sender.py:send_request():402] send_request: summary_record
2024-11-17 20:53:48,847 INFO    SenderThread:26654 [sender.py:_save_file():1378] saving file wandb-summary.json with policy end
2024-11-17 20:53:49,326 INFO    Thread-12 :26654 [dir_watcher.py:_on_file_modified():295] file/dir modified: /Users/aklywtx/Desktop/VLM_Bias_research/NN_pretrain/wandb/run-20241117_205214-xfxe3gqk/files/output.log
2024-11-17 20:53:49,326 INFO    Thread-12 :26654 [dir_watcher.py:_on_file_modified():295] file/dir modified: /Users/aklywtx/Desktop/VLM_Bias_research/NN_pretrain/wandb/run-20241117_205214-xfxe3gqk/files/wandb-summary.json
2024-11-17 20:53:50,637 DEBUG   HandlerThread:26654 [handler.py:handle_request():144] handle_request: stop_status
2024-11-17 20:53:50,637 DEBUG   SenderThread:26654 [sender.py:send_request():402] send_request: stop_status
2024-11-17 20:53:51,336 INFO    Thread-12 :26654 [dir_watcher.py:_on_file_modified():295] file/dir modified: /Users/aklywtx/Desktop/VLM_Bias_research/NN_pretrain/wandb/run-20241117_205214-xfxe3gqk/files/output.log
2024-11-17 20:53:52,955 DEBUG   HandlerThread:26654 [handler.py:handle_request():144] handle_request: partial_history
2024-11-17 20:53:52,957 DEBUG   SenderThread:26654 [sender.py:send():375] send: history
2024-11-17 20:53:52,957 DEBUG   SenderThread:26654 [sender.py:send_request():402] send_request: summary_record
2024-11-17 20:53:52,958 INFO    SenderThread:26654 [sender.py:_save_file():1378] saving file wandb-summary.json with policy end
2024-11-17 20:53:53,302 DEBUG   HandlerThread:26654 [handler.py:handle_request():144] handle_request: status_report
2024-11-17 20:53:53,347 INFO    Thread-12 :26654 [dir_watcher.py:_on_file_modified():295] file/dir modified: /Users/aklywtx/Desktop/VLM_Bias_research/NN_pretrain/wandb/run-20241117_205214-xfxe3gqk/files/output.log
2024-11-17 20:53:53,347 INFO    Thread-12 :26654 [dir_watcher.py:_on_file_modified():295] file/dir modified: /Users/aklywtx/Desktop/VLM_Bias_research/NN_pretrain/wandb/run-20241117_205214-xfxe3gqk/files/wandb-summary.json
2024-11-17 20:53:55,358 INFO    Thread-12 :26654 [dir_watcher.py:_on_file_modified():295] file/dir modified: /Users/aklywtx/Desktop/VLM_Bias_research/NN_pretrain/wandb/run-20241117_205214-xfxe3gqk/files/output.log
2024-11-17 20:53:57,368 INFO    Thread-12 :26654 [dir_watcher.py:_on_file_modified():295] file/dir modified: /Users/aklywtx/Desktop/VLM_Bias_research/NN_pretrain/wandb/run-20241117_205214-xfxe3gqk/files/output.log
2024-11-17 20:53:57,837 DEBUG   HandlerThread:26654 [handler.py:handle_request():144] handle_request: partial_history
2024-11-17 20:53:57,838 DEBUG   SenderThread:26654 [sender.py:send():375] send: history
2024-11-17 20:53:57,838 DEBUG   SenderThread:26654 [sender.py:send_request():402] send_request: summary_record
2024-11-17 20:53:57,839 INFO    SenderThread:26654 [sender.py:_save_file():1378] saving file wandb-summary.json with policy end
2024-11-17 20:53:58,374 INFO    Thread-12 :26654 [dir_watcher.py:_on_file_modified():295] file/dir modified: /Users/aklywtx/Desktop/VLM_Bias_research/NN_pretrain/wandb/run-20241117_205214-xfxe3gqk/files/wandb-summary.json
2024-11-17 20:53:58,410 DEBUG   HandlerThread:26654 [handler.py:handle_request():144] handle_request: status_report
2024-11-17 20:53:59,380 INFO    Thread-12 :26654 [dir_watcher.py:_on_file_modified():295] file/dir modified: /Users/aklywtx/Desktop/VLM_Bias_research/NN_pretrain/wandb/run-20241117_205214-xfxe3gqk/files/output.log
2024-11-17 20:54:01,391 INFO    Thread-12 :26654 [dir_watcher.py:_on_file_modified():295] file/dir modified: /Users/aklywtx/Desktop/VLM_Bias_research/NN_pretrain/wandb/run-20241117_205214-xfxe3gqk/files/output.log
2024-11-17 20:54:02,095 DEBUG   HandlerThread:26654 [handler.py:handle_request():144] handle_request: partial_history
2024-11-17 20:54:02,097 DEBUG   SenderThread:26654 [sender.py:send():375] send: history
2024-11-17 20:54:02,097 DEBUG   SenderThread:26654 [sender.py:send_request():402] send_request: summary_record
2024-11-17 20:54:02,097 INFO    SenderThread:26654 [sender.py:_save_file():1378] saving file wandb-summary.json with policy end
2024-11-17 20:54:02,396 INFO    Thread-12 :26654 [dir_watcher.py:_on_file_modified():295] file/dir modified: /Users/aklywtx/Desktop/VLM_Bias_research/NN_pretrain/wandb/run-20241117_205214-xfxe3gqk/files/wandb-summary.json
2024-11-17 20:54:03,401 INFO    Thread-12 :26654 [dir_watcher.py:_on_file_modified():295] file/dir modified: /Users/aklywtx/Desktop/VLM_Bias_research/NN_pretrain/wandb/run-20241117_205214-xfxe3gqk/files/output.log
2024-11-17 20:54:03,513 DEBUG   HandlerThread:26654 [handler.py:handle_request():144] handle_request: status_report
2024-11-17 20:54:05,409 INFO    Thread-12 :26654 [dir_watcher.py:_on_file_modified():295] file/dir modified: /Users/aklywtx/Desktop/VLM_Bias_research/NN_pretrain/wandb/run-20241117_205214-xfxe3gqk/files/output.log
2024-11-17 20:54:05,642 DEBUG   HandlerThread:26654 [handler.py:handle_request():144] handle_request: stop_status
2024-11-17 20:54:05,642 DEBUG   SenderThread:26654 [sender.py:send_request():402] send_request: stop_status
2024-11-17 20:54:06,223 DEBUG   HandlerThread:26654 [handler.py:handle_request():144] handle_request: partial_history
2024-11-17 20:54:06,224 DEBUG   SenderThread:26654 [sender.py:send():375] send: history
2024-11-17 20:54:06,224 DEBUG   SenderThread:26654 [sender.py:send_request():402] send_request: summary_record
2024-11-17 20:54:06,225 INFO    SenderThread:26654 [sender.py:_save_file():1378] saving file wandb-summary.json with policy end
2024-11-17 20:54:06,414 INFO    Thread-12 :26654 [dir_watcher.py:_on_file_modified():295] file/dir modified: /Users/aklywtx/Desktop/VLM_Bias_research/NN_pretrain/wandb/run-20241117_205214-xfxe3gqk/files/wandb-summary.json
2024-11-17 20:54:07,414 INFO    Thread-12 :26654 [dir_watcher.py:_on_file_modified():295] file/dir modified: /Users/aklywtx/Desktop/VLM_Bias_research/NN_pretrain/wandb/run-20241117_205214-xfxe3gqk/files/output.log
2024-11-17 20:54:08,597 DEBUG   HandlerThread:26654 [handler.py:handle_request():144] handle_request: status_report
2024-11-17 20:54:09,425 INFO    Thread-12 :26654 [dir_watcher.py:_on_file_modified():295] file/dir modified: /Users/aklywtx/Desktop/VLM_Bias_research/NN_pretrain/wandb/run-20241117_205214-xfxe3gqk/files/output.log
2024-11-17 20:54:11,311 DEBUG   HandlerThread:26654 [handler.py:handle_request():144] handle_request: partial_history
2024-11-17 20:54:11,314 DEBUG   SenderThread:26654 [sender.py:send():375] send: history
2024-11-17 20:54:11,314 DEBUG   SenderThread:26654 [sender.py:send_request():402] send_request: summary_record
2024-11-17 20:54:11,315 INFO    SenderThread:26654 [sender.py:_save_file():1378] saving file wandb-summary.json with policy end
2024-11-17 20:54:11,556 INFO    Thread-12 :26654 [dir_watcher.py:_on_file_modified():295] file/dir modified: /Users/aklywtx/Desktop/VLM_Bias_research/NN_pretrain/wandb/run-20241117_205214-xfxe3gqk/files/output.log
2024-11-17 20:54:11,556 INFO    Thread-12 :26654 [dir_watcher.py:_on_file_modified():295] file/dir modified: /Users/aklywtx/Desktop/VLM_Bias_research/NN_pretrain/wandb/run-20241117_205214-xfxe3gqk/files/wandb-summary.json
2024-11-17 20:54:13,566 INFO    Thread-12 :26654 [dir_watcher.py:_on_file_modified():295] file/dir modified: /Users/aklywtx/Desktop/VLM_Bias_research/NN_pretrain/wandb/run-20241117_205214-xfxe3gqk/files/output.log
2024-11-17 20:54:13,640 DEBUG   HandlerThread:26654 [handler.py:handle_request():144] handle_request: status_report
2024-11-17 20:54:15,130 DEBUG   SenderThread:26654 [sender.py:send():375] send: stats
2024-11-17 20:54:15,537 DEBUG   HandlerThread:26654 [handler.py:handle_request():144] handle_request: partial_history
2024-11-17 20:54:15,538 DEBUG   SenderThread:26654 [sender.py:send():375] send: history
2024-11-17 20:54:15,539 DEBUG   SenderThread:26654 [sender.py:send_request():402] send_request: summary_record
2024-11-17 20:54:15,540 INFO    SenderThread:26654 [sender.py:_save_file():1378] saving file wandb-summary.json with policy end
2024-11-17 20:54:15,574 INFO    Thread-12 :26654 [dir_watcher.py:_on_file_modified():295] file/dir modified: /Users/aklywtx/Desktop/VLM_Bias_research/NN_pretrain/wandb/run-20241117_205214-xfxe3gqk/files/output.log
2024-11-17 20:54:15,574 INFO    Thread-12 :26654 [dir_watcher.py:_on_file_modified():295] file/dir modified: /Users/aklywtx/Desktop/VLM_Bias_research/NN_pretrain/wandb/run-20241117_205214-xfxe3gqk/files/wandb-summary.json
2024-11-17 20:54:17,580 INFO    Thread-12 :26654 [dir_watcher.py:_on_file_modified():295] file/dir modified: /Users/aklywtx/Desktop/VLM_Bias_research/NN_pretrain/wandb/run-20241117_205214-xfxe3gqk/files/output.log
2024-11-17 20:54:18,724 DEBUG   HandlerThread:26654 [handler.py:handle_request():144] handle_request: status_report
2024-11-17 20:54:19,591 INFO    Thread-12 :26654 [dir_watcher.py:_on_file_modified():295] file/dir modified: /Users/aklywtx/Desktop/VLM_Bias_research/NN_pretrain/wandb/run-20241117_205214-xfxe3gqk/files/output.log
2024-11-17 20:54:20,642 DEBUG   HandlerThread:26654 [handler.py:handle_request():144] handle_request: stop_status
2024-11-17 20:54:20,643 DEBUG   SenderThread:26654 [sender.py:send_request():402] send_request: stop_status
2024-11-17 20:54:21,473 DEBUG   HandlerThread:26654 [handler.py:handle_request():144] handle_request: partial_history
2024-11-17 20:54:21,475 DEBUG   SenderThread:26654 [sender.py:send():375] send: history
2024-11-17 20:54:21,475 DEBUG   SenderThread:26654 [sender.py:send_request():402] send_request: summary_record
2024-11-17 20:54:21,475 INFO    SenderThread:26654 [sender.py:_save_file():1378] saving file wandb-summary.json with policy end
2024-11-17 20:54:21,601 INFO    Thread-12 :26654 [dir_watcher.py:_on_file_modified():295] file/dir modified: /Users/aklywtx/Desktop/VLM_Bias_research/NN_pretrain/wandb/run-20241117_205214-xfxe3gqk/files/output.log
2024-11-17 20:54:21,601 INFO    Thread-12 :26654 [dir_watcher.py:_on_file_modified():295] file/dir modified: /Users/aklywtx/Desktop/VLM_Bias_research/NN_pretrain/wandb/run-20241117_205214-xfxe3gqk/files/wandb-summary.json
2024-11-17 20:54:23,608 INFO    Thread-12 :26654 [dir_watcher.py:_on_file_modified():295] file/dir modified: /Users/aklywtx/Desktop/VLM_Bias_research/NN_pretrain/wandb/run-20241117_205214-xfxe3gqk/files/output.log
2024-11-17 20:54:23,766 DEBUG   HandlerThread:26654 [handler.py:handle_request():144] handle_request: status_report
2024-11-17 20:54:25,621 INFO    Thread-12 :26654 [dir_watcher.py:_on_file_modified():295] file/dir modified: /Users/aklywtx/Desktop/VLM_Bias_research/NN_pretrain/wandb/run-20241117_205214-xfxe3gqk/files/output.log
2024-11-17 20:54:27,625 INFO    Thread-12 :26654 [dir_watcher.py:_on_file_modified():295] file/dir modified: /Users/aklywtx/Desktop/VLM_Bias_research/NN_pretrain/wandb/run-20241117_205214-xfxe3gqk/files/output.log
2024-11-17 20:54:28,350 DEBUG   HandlerThread:26654 [handler.py:handle_request():144] handle_request: partial_history
2024-11-17 20:54:28,352 DEBUG   SenderThread:26654 [sender.py:send():375] send: history
2024-11-17 20:54:28,353 DEBUG   SenderThread:26654 [sender.py:send_request():402] send_request: summary_record
2024-11-17 20:54:28,353 INFO    SenderThread:26654 [sender.py:_save_file():1378] saving file wandb-summary.json with policy end
2024-11-17 20:54:28,629 INFO    Thread-12 :26654 [dir_watcher.py:_on_file_modified():295] file/dir modified: /Users/aklywtx/Desktop/VLM_Bias_research/NN_pretrain/wandb/run-20241117_205214-xfxe3gqk/files/wandb-summary.json
2024-11-17 20:54:28,826 DEBUG   HandlerThread:26654 [handler.py:handle_request():144] handle_request: status_report
2024-11-17 20:54:29,634 INFO    Thread-12 :26654 [dir_watcher.py:_on_file_modified():295] file/dir modified: /Users/aklywtx/Desktop/VLM_Bias_research/NN_pretrain/wandb/run-20241117_205214-xfxe3gqk/files/output.log
2024-11-17 20:54:31,645 INFO    Thread-12 :26654 [dir_watcher.py:_on_file_modified():295] file/dir modified: /Users/aklywtx/Desktop/VLM_Bias_research/NN_pretrain/wandb/run-20241117_205214-xfxe3gqk/files/output.log
2024-11-17 20:54:32,668 DEBUG   HandlerThread:26654 [handler.py:handle_request():144] handle_request: partial_history
2024-11-17 20:54:32,669 DEBUG   SenderThread:26654 [sender.py:send():375] send: history
2024-11-17 20:54:32,669 DEBUG   SenderThread:26654 [sender.py:send_request():402] send_request: summary_record
2024-11-17 20:54:32,670 INFO    SenderThread:26654 [sender.py:_save_file():1378] saving file wandb-summary.json with policy end
2024-11-17 20:54:33,674 INFO    Thread-12 :26654 [dir_watcher.py:_on_file_modified():295] file/dir modified: /Users/aklywtx/Desktop/VLM_Bias_research/NN_pretrain/wandb/run-20241117_205214-xfxe3gqk/files/output.log
2024-11-17 20:54:33,679 INFO    Thread-12 :26654 [dir_watcher.py:_on_file_modified():295] file/dir modified: /Users/aklywtx/Desktop/VLM_Bias_research/NN_pretrain/wandb/run-20241117_205214-xfxe3gqk/files/wandb-summary.json
2024-11-17 20:54:33,866 DEBUG   HandlerThread:26654 [handler.py:handle_request():144] handle_request: status_report
2024-11-17 20:54:35,648 DEBUG   HandlerThread:26654 [handler.py:handle_request():144] handle_request: stop_status
2024-11-17 20:54:35,649 DEBUG   SenderThread:26654 [sender.py:send_request():402] send_request: stop_status
2024-11-17 20:54:35,683 INFO    Thread-12 :26654 [dir_watcher.py:_on_file_modified():295] file/dir modified: /Users/aklywtx/Desktop/VLM_Bias_research/NN_pretrain/wandb/run-20241117_205214-xfxe3gqk/files/output.log
2024-11-17 20:54:37,261 DEBUG   HandlerThread:26654 [handler.py:handle_request():144] handle_request: partial_history
2024-11-17 20:54:37,263 DEBUG   SenderThread:26654 [sender.py:send():375] send: history
2024-11-17 20:54:37,263 DEBUG   SenderThread:26654 [sender.py:send_request():402] send_request: summary_record
2024-11-17 20:54:37,263 INFO    SenderThread:26654 [sender.py:_save_file():1378] saving file wandb-summary.json with policy end
2024-11-17 20:54:37,689 INFO    Thread-12 :26654 [dir_watcher.py:_on_file_modified():295] file/dir modified: /Users/aklywtx/Desktop/VLM_Bias_research/NN_pretrain/wandb/run-20241117_205214-xfxe3gqk/files/output.log
2024-11-17 20:54:37,689 INFO    Thread-12 :26654 [dir_watcher.py:_on_file_modified():295] file/dir modified: /Users/aklywtx/Desktop/VLM_Bias_research/NN_pretrain/wandb/run-20241117_205214-xfxe3gqk/files/wandb-summary.json
2024-11-17 20:54:38,954 DEBUG   HandlerThread:26654 [handler.py:handle_request():144] handle_request: status_report
2024-11-17 20:54:39,710 INFO    Thread-12 :26654 [dir_watcher.py:_on_file_modified():295] file/dir modified: /Users/aklywtx/Desktop/VLM_Bias_research/NN_pretrain/wandb/run-20241117_205214-xfxe3gqk/files/output.log
2024-11-17 20:54:41,720 INFO    Thread-12 :26654 [dir_watcher.py:_on_file_modified():295] file/dir modified: /Users/aklywtx/Desktop/VLM_Bias_research/NN_pretrain/wandb/run-20241117_205214-xfxe3gqk/files/output.log
2024-11-17 20:54:43,724 INFO    Thread-12 :26654 [dir_watcher.py:_on_file_modified():295] file/dir modified: /Users/aklywtx/Desktop/VLM_Bias_research/NN_pretrain/wandb/run-20241117_205214-xfxe3gqk/files/output.log
2024-11-17 20:54:44,290 DEBUG   HandlerThread:26654 [handler.py:handle_request():144] handle_request: partial_history
2024-11-17 20:54:44,293 DEBUG   SenderThread:26654 [sender.py:send():375] send: history
2024-11-17 20:54:44,298 DEBUG   SenderThread:26654 [sender.py:send_request():402] send_request: summary_record
2024-11-17 20:54:44,298 INFO    SenderThread:26654 [sender.py:_save_file():1378] saving file wandb-summary.json with policy end
2024-11-17 20:54:44,298 DEBUG   HandlerThread:26654 [handler.py:handle_request():144] handle_request: status_report
2024-11-17 20:54:44,729 INFO    Thread-12 :26654 [dir_watcher.py:_on_file_modified():295] file/dir modified: /Users/aklywtx/Desktop/VLM_Bias_research/NN_pretrain/wandb/run-20241117_205214-xfxe3gqk/files/wandb-summary.json
2024-11-17 20:54:45,137 DEBUG   SenderThread:26654 [sender.py:send():375] send: stats
2024-11-17 20:54:45,732 INFO    Thread-12 :26654 [dir_watcher.py:_on_file_modified():295] file/dir modified: /Users/aklywtx/Desktop/VLM_Bias_research/NN_pretrain/wandb/run-20241117_205214-xfxe3gqk/files/output.log
2024-11-17 20:54:47,738 INFO    Thread-12 :26654 [dir_watcher.py:_on_file_modified():295] file/dir modified: /Users/aklywtx/Desktop/VLM_Bias_research/NN_pretrain/wandb/run-20241117_205214-xfxe3gqk/files/output.log
2024-11-17 20:54:49,123 DEBUG   HandlerThread:26654 [handler.py:handle_request():144] handle_request: partial_history
2024-11-17 20:54:49,124 DEBUG   SenderThread:26654 [sender.py:send():375] send: history
2024-11-17 20:54:49,124 DEBUG   SenderThread:26654 [sender.py:send_request():402] send_request: summary_record
2024-11-17 20:54:49,125 INFO    SenderThread:26654 [sender.py:_save_file():1378] saving file wandb-summary.json with policy end
2024-11-17 20:54:49,402 DEBUG   HandlerThread:26654 [handler.py:handle_request():144] handle_request: status_report
2024-11-17 20:54:49,740 INFO    Thread-12 :26654 [dir_watcher.py:_on_file_modified():295] file/dir modified: /Users/aklywtx/Desktop/VLM_Bias_research/NN_pretrain/wandb/run-20241117_205214-xfxe3gqk/files/output.log
2024-11-17 20:54:49,740 INFO    Thread-12 :26654 [dir_watcher.py:_on_file_modified():295] file/dir modified: /Users/aklywtx/Desktop/VLM_Bias_research/NN_pretrain/wandb/run-20241117_205214-xfxe3gqk/files/wandb-summary.json
2024-11-17 20:54:50,653 DEBUG   HandlerThread:26654 [handler.py:handle_request():144] handle_request: stop_status
2024-11-17 20:54:50,654 DEBUG   SenderThread:26654 [sender.py:send_request():402] send_request: stop_status
2024-11-17 20:54:51,748 INFO    Thread-12 :26654 [dir_watcher.py:_on_file_modified():295] file/dir modified: /Users/aklywtx/Desktop/VLM_Bias_research/NN_pretrain/wandb/run-20241117_205214-xfxe3gqk/files/output.log
2024-11-17 20:54:53,756 INFO    Thread-12 :26654 [dir_watcher.py:_on_file_modified():295] file/dir modified: /Users/aklywtx/Desktop/VLM_Bias_research/NN_pretrain/wandb/run-20241117_205214-xfxe3gqk/files/output.log
2024-11-17 20:54:54,262 DEBUG   HandlerThread:26654 [handler.py:handle_request():144] handle_request: partial_history
2024-11-17 20:54:54,264 DEBUG   SenderThread:26654 [sender.py:send():375] send: history
2024-11-17 20:54:54,265 DEBUG   SenderThread:26654 [sender.py:send_request():402] send_request: summary_record
2024-11-17 20:54:54,265 INFO    SenderThread:26654 [sender.py:_save_file():1378] saving file wandb-summary.json with policy end
2024-11-17 20:54:54,517 DEBUG   HandlerThread:26654 [handler.py:handle_request():144] handle_request: status_report
2024-11-17 20:54:54,756 INFO    Thread-12 :26654 [dir_watcher.py:_on_file_modified():295] file/dir modified: /Users/aklywtx/Desktop/VLM_Bias_research/NN_pretrain/wandb/run-20241117_205214-xfxe3gqk/files/wandb-summary.json
2024-11-17 20:54:55,761 INFO    Thread-12 :26654 [dir_watcher.py:_on_file_modified():295] file/dir modified: /Users/aklywtx/Desktop/VLM_Bias_research/NN_pretrain/wandb/run-20241117_205214-xfxe3gqk/files/output.log
2024-11-17 20:54:57,768 INFO    Thread-12 :26654 [dir_watcher.py:_on_file_modified():295] file/dir modified: /Users/aklywtx/Desktop/VLM_Bias_research/NN_pretrain/wandb/run-20241117_205214-xfxe3gqk/files/output.log
2024-11-17 20:54:59,772 INFO    Thread-12 :26654 [dir_watcher.py:_on_file_modified():295] file/dir modified: /Users/aklywtx/Desktop/VLM_Bias_research/NN_pretrain/wandb/run-20241117_205214-xfxe3gqk/files/output.log
2024-11-17 20:55:00,133 DEBUG   HandlerThread:26654 [handler.py:handle_request():144] handle_request: partial_history
2024-11-17 20:55:00,137 DEBUG   SenderThread:26654 [sender.py:send():375] send: history
2024-11-17 20:55:00,138 DEBUG   SenderThread:26654 [sender.py:send_request():402] send_request: summary_record
2024-11-17 20:55:00,138 DEBUG   HandlerThread:26654 [handler.py:handle_request():144] handle_request: status_report
2024-11-17 20:55:00,138 INFO    SenderThread:26654 [sender.py:_save_file():1378] saving file wandb-summary.json with policy end
2024-11-17 20:55:00,776 INFO    Thread-12 :26654 [dir_watcher.py:_on_file_modified():295] file/dir modified: /Users/aklywtx/Desktop/VLM_Bias_research/NN_pretrain/wandb/run-20241117_205214-xfxe3gqk/files/wandb-summary.json
2024-11-17 20:55:01,787 INFO    Thread-12 :26654 [dir_watcher.py:_on_file_modified():295] file/dir modified: /Users/aklywtx/Desktop/VLM_Bias_research/NN_pretrain/wandb/run-20241117_205214-xfxe3gqk/files/output.log
2024-11-17 20:55:03,792 INFO    Thread-12 :26654 [dir_watcher.py:_on_file_modified():295] file/dir modified: /Users/aklywtx/Desktop/VLM_Bias_research/NN_pretrain/wandb/run-20241117_205214-xfxe3gqk/files/output.log
2024-11-17 20:55:05,360 DEBUG   HandlerThread:26654 [handler.py:handle_request():144] handle_request: status_report
2024-11-17 20:55:05,656 DEBUG   HandlerThread:26654 [handler.py:handle_request():144] handle_request: stop_status
2024-11-17 20:55:05,657 DEBUG   SenderThread:26654 [sender.py:send_request():402] send_request: stop_status
2024-11-17 20:55:05,690 DEBUG   HandlerThread:26654 [handler.py:handle_request():144] handle_request: partial_history
2024-11-17 20:55:05,799 INFO    Thread-12 :26654 [dir_watcher.py:_on_file_modified():295] file/dir modified: /Users/aklywtx/Desktop/VLM_Bias_research/NN_pretrain/wandb/run-20241117_205214-xfxe3gqk/files/output.log
2024-11-17 20:55:05,966 DEBUG   SenderThread:26654 [sender.py:send():375] send: history
2024-11-17 20:55:05,966 DEBUG   SenderThread:26654 [sender.py:send_request():402] send_request: summary_record
2024-11-17 20:55:05,967 INFO    SenderThread:26654 [sender.py:_save_file():1378] saving file wandb-summary.json with policy end
2024-11-17 20:55:06,804 INFO    Thread-12 :26654 [dir_watcher.py:_on_file_modified():295] file/dir modified: /Users/aklywtx/Desktop/VLM_Bias_research/NN_pretrain/wandb/run-20241117_205214-xfxe3gqk/files/wandb-summary.json
2024-11-17 20:55:07,809 INFO    Thread-12 :26654 [dir_watcher.py:_on_file_modified():295] file/dir modified: /Users/aklywtx/Desktop/VLM_Bias_research/NN_pretrain/wandb/run-20241117_205214-xfxe3gqk/files/output.log
2024-11-17 20:55:09,727 DEBUG   HandlerThread:26654 [handler.py:handle_request():144] handle_request: partial_history
2024-11-17 20:55:09,729 DEBUG   SenderThread:26654 [sender.py:send():375] send: history
2024-11-17 20:55:09,729 DEBUG   SenderThread:26654 [sender.py:send_request():402] send_request: summary_record
2024-11-17 20:55:09,730 INFO    SenderThread:26654 [sender.py:_save_file():1378] saving file wandb-summary.json with policy end
2024-11-17 20:55:09,824 INFO    Thread-12 :26654 [dir_watcher.py:_on_file_modified():295] file/dir modified: /Users/aklywtx/Desktop/VLM_Bias_research/NN_pretrain/wandb/run-20241117_205214-xfxe3gqk/files/output.log
2024-11-17 20:55:09,824 INFO    Thread-12 :26654 [dir_watcher.py:_on_file_modified():295] file/dir modified: /Users/aklywtx/Desktop/VLM_Bias_research/NN_pretrain/wandb/run-20241117_205214-xfxe3gqk/files/wandb-summary.json
2024-11-17 20:55:10,412 DEBUG   HandlerThread:26654 [handler.py:handle_request():144] handle_request: status_report
2024-11-17 20:55:11,831 INFO    Thread-12 :26654 [dir_watcher.py:_on_file_modified():295] file/dir modified: /Users/aklywtx/Desktop/VLM_Bias_research/NN_pretrain/wandb/run-20241117_205214-xfxe3gqk/files/output.log
2024-11-17 20:55:13,842 INFO    Thread-12 :26654 [dir_watcher.py:_on_file_modified():295] file/dir modified: /Users/aklywtx/Desktop/VLM_Bias_research/NN_pretrain/wandb/run-20241117_205214-xfxe3gqk/files/output.log
2024-11-17 20:55:14,158 DEBUG   HandlerThread:26654 [handler.py:handle_request():144] handle_request: partial_history
2024-11-17 20:55:14,159 DEBUG   SenderThread:26654 [sender.py:send():375] send: history
2024-11-17 20:55:14,161 DEBUG   SenderThread:26654 [sender.py:send_request():402] send_request: summary_record
2024-11-17 20:55:14,163 INFO    SenderThread:26654 [sender.py:_save_file():1378] saving file wandb-summary.json with policy end
2024-11-17 20:55:14,848 INFO    Thread-12 :26654 [dir_watcher.py:_on_file_modified():295] file/dir modified: /Users/aklywtx/Desktop/VLM_Bias_research/NN_pretrain/wandb/run-20241117_205214-xfxe3gqk/files/wandb-summary.json
2024-11-17 20:55:15,143 DEBUG   SenderThread:26654 [sender.py:send():375] send: stats
2024-11-17 20:55:15,470 DEBUG   HandlerThread:26654 [handler.py:handle_request():144] handle_request: status_report
2024-11-17 20:55:15,848 INFO    Thread-12 :26654 [dir_watcher.py:_on_file_modified():295] file/dir modified: /Users/aklywtx/Desktop/VLM_Bias_research/NN_pretrain/wandb/run-20241117_205214-xfxe3gqk/files/output.log
2024-11-17 20:55:17,854 INFO    Thread-12 :26654 [dir_watcher.py:_on_file_modified():295] file/dir modified: /Users/aklywtx/Desktop/VLM_Bias_research/NN_pretrain/wandb/run-20241117_205214-xfxe3gqk/files/output.log
2024-11-17 20:55:19,290 DEBUG   HandlerThread:26654 [handler.py:handle_request():144] handle_request: partial_history
2024-11-17 20:55:19,292 DEBUG   SenderThread:26654 [sender.py:send():375] send: history
2024-11-17 20:55:19,292 DEBUG   SenderThread:26654 [sender.py:send_request():402] send_request: summary_record
2024-11-17 20:55:19,293 INFO    SenderThread:26654 [sender.py:_save_file():1378] saving file wandb-summary.json with policy end
2024-11-17 20:55:19,860 INFO    Thread-12 :26654 [dir_watcher.py:_on_file_modified():295] file/dir modified: /Users/aklywtx/Desktop/VLM_Bias_research/NN_pretrain/wandb/run-20241117_205214-xfxe3gqk/files/output.log
2024-11-17 20:55:19,860 INFO    Thread-12 :26654 [dir_watcher.py:_on_file_modified():295] file/dir modified: /Users/aklywtx/Desktop/VLM_Bias_research/NN_pretrain/wandb/run-20241117_205214-xfxe3gqk/files/wandb-summary.json
2024-11-17 20:55:20,500 DEBUG   HandlerThread:26654 [handler.py:handle_request():144] handle_request: status_report
2024-11-17 20:55:20,658 DEBUG   HandlerThread:26654 [handler.py:handle_request():144] handle_request: stop_status
2024-11-17 20:55:20,658 DEBUG   SenderThread:26654 [sender.py:send_request():402] send_request: stop_status
2024-11-17 20:55:21,867 INFO    Thread-12 :26654 [dir_watcher.py:_on_file_modified():295] file/dir modified: /Users/aklywtx/Desktop/VLM_Bias_research/NN_pretrain/wandb/run-20241117_205214-xfxe3gqk/files/output.log
2024-11-17 20:55:23,886 INFO    Thread-12 :26654 [dir_watcher.py:_on_file_modified():295] file/dir modified: /Users/aklywtx/Desktop/VLM_Bias_research/NN_pretrain/wandb/run-20241117_205214-xfxe3gqk/files/output.log
2024-11-17 20:55:24,705 DEBUG   HandlerThread:26654 [handler.py:handle_request():144] handle_request: partial_history
2024-11-17 20:55:24,706 DEBUG   SenderThread:26654 [sender.py:send():375] send: history
2024-11-17 20:55:24,706 DEBUG   SenderThread:26654 [sender.py:send_request():402] send_request: summary_record
2024-11-17 20:55:24,707 INFO    SenderThread:26654 [sender.py:_save_file():1378] saving file wandb-summary.json with policy end
2024-11-17 20:55:24,891 INFO    Thread-12 :26654 [dir_watcher.py:_on_file_modified():295] file/dir modified: /Users/aklywtx/Desktop/VLM_Bias_research/NN_pretrain/wandb/run-20241117_205214-xfxe3gqk/files/wandb-summary.json
2024-11-17 20:55:25,578 DEBUG   HandlerThread:26654 [handler.py:handle_request():144] handle_request: status_report
2024-11-17 20:55:25,894 INFO    Thread-12 :26654 [dir_watcher.py:_on_file_modified():295] file/dir modified: /Users/aklywtx/Desktop/VLM_Bias_research/NN_pretrain/wandb/run-20241117_205214-xfxe3gqk/files/output.log
2024-11-17 20:55:27,900 INFO    Thread-12 :26654 [dir_watcher.py:_on_file_modified():295] file/dir modified: /Users/aklywtx/Desktop/VLM_Bias_research/NN_pretrain/wandb/run-20241117_205214-xfxe3gqk/files/output.log
2024-11-17 20:55:29,385 DEBUG   HandlerThread:26654 [handler.py:handle_request():144] handle_request: partial_history
2024-11-17 20:55:29,387 DEBUG   SenderThread:26654 [sender.py:send():375] send: history
2024-11-17 20:55:29,387 DEBUG   SenderThread:26654 [sender.py:send_request():402] send_request: summary_record
2024-11-17 20:55:29,388 INFO    SenderThread:26654 [sender.py:_save_file():1378] saving file wandb-summary.json with policy end
2024-11-17 20:55:29,904 INFO    Thread-12 :26654 [dir_watcher.py:_on_file_modified():295] file/dir modified: /Users/aklywtx/Desktop/VLM_Bias_research/NN_pretrain/wandb/run-20241117_205214-xfxe3gqk/files/output.log
2024-11-17 20:55:29,904 INFO    Thread-12 :26654 [dir_watcher.py:_on_file_modified():295] file/dir modified: /Users/aklywtx/Desktop/VLM_Bias_research/NN_pretrain/wandb/run-20241117_205214-xfxe3gqk/files/wandb-summary.json
2024-11-17 20:55:30,726 DEBUG   HandlerThread:26654 [handler.py:handle_request():144] handle_request: status_report
2024-11-17 20:55:31,910 INFO    Thread-12 :26654 [dir_watcher.py:_on_file_modified():295] file/dir modified: /Users/aklywtx/Desktop/VLM_Bias_research/NN_pretrain/wandb/run-20241117_205214-xfxe3gqk/files/output.log
2024-11-17 20:55:33,917 INFO    Thread-12 :26654 [dir_watcher.py:_on_file_modified():295] file/dir modified: /Users/aklywtx/Desktop/VLM_Bias_research/NN_pretrain/wandb/run-20241117_205214-xfxe3gqk/files/output.log
2024-11-17 20:55:34,168 DEBUG   HandlerThread:26654 [handler.py:handle_request():144] handle_request: partial_history
2024-11-17 20:55:34,172 DEBUG   SenderThread:26654 [sender.py:send():375] send: history
2024-11-17 20:55:34,172 DEBUG   SenderThread:26654 [sender.py:send_request():402] send_request: summary_record
2024-11-17 20:55:34,173 INFO    SenderThread:26654 [sender.py:_save_file():1378] saving file wandb-summary.json with policy end
2024-11-17 20:55:34,922 INFO    Thread-12 :26654 [dir_watcher.py:_on_file_modified():295] file/dir modified: /Users/aklywtx/Desktop/VLM_Bias_research/NN_pretrain/wandb/run-20241117_205214-xfxe3gqk/files/wandb-summary.json
2024-11-17 20:55:35,659 DEBUG   HandlerThread:26654 [handler.py:handle_request():144] handle_request: stop_status
2024-11-17 20:55:35,659 DEBUG   SenderThread:26654 [sender.py:send_request():402] send_request: stop_status
2024-11-17 20:55:35,917 DEBUG   HandlerThread:26654 [handler.py:handle_request():144] handle_request: status_report
2024-11-17 20:55:35,924 INFO    Thread-12 :26654 [dir_watcher.py:_on_file_modified():295] file/dir modified: /Users/aklywtx/Desktop/VLM_Bias_research/NN_pretrain/wandb/run-20241117_205214-xfxe3gqk/files/output.log
2024-11-17 20:55:37,935 INFO    Thread-12 :26654 [dir_watcher.py:_on_file_modified():295] file/dir modified: /Users/aklywtx/Desktop/VLM_Bias_research/NN_pretrain/wandb/run-20241117_205214-xfxe3gqk/files/output.log
2024-11-17 20:55:39,606 DEBUG   HandlerThread:26654 [handler.py:handle_request():144] handle_request: partial_history
2024-11-17 20:55:39,608 DEBUG   SenderThread:26654 [sender.py:send():375] send: history
2024-11-17 20:55:39,608 DEBUG   SenderThread:26654 [sender.py:send_request():402] send_request: summary_record
2024-11-17 20:55:39,609 INFO    SenderThread:26654 [sender.py:_save_file():1378] saving file wandb-summary.json with policy end
2024-11-17 20:55:39,943 INFO    Thread-12 :26654 [dir_watcher.py:_on_file_modified():295] file/dir modified: /Users/aklywtx/Desktop/VLM_Bias_research/NN_pretrain/wandb/run-20241117_205214-xfxe3gqk/files/output.log
2024-11-17 20:55:39,943 INFO    Thread-12 :26654 [dir_watcher.py:_on_file_modified():295] file/dir modified: /Users/aklywtx/Desktop/VLM_Bias_research/NN_pretrain/wandb/run-20241117_205214-xfxe3gqk/files/wandb-summary.json
2024-11-17 20:55:41,107 DEBUG   HandlerThread:26654 [handler.py:handle_request():144] handle_request: status_report
2024-11-17 20:55:41,947 INFO    Thread-12 :26654 [dir_watcher.py:_on_file_modified():295] file/dir modified: /Users/aklywtx/Desktop/VLM_Bias_research/NN_pretrain/wandb/run-20241117_205214-xfxe3gqk/files/output.log
2024-11-17 20:55:43,954 INFO    Thread-12 :26654 [dir_watcher.py:_on_file_modified():295] file/dir modified: /Users/aklywtx/Desktop/VLM_Bias_research/NN_pretrain/wandb/run-20241117_205214-xfxe3gqk/files/output.log
2024-11-17 20:55:44,634 DEBUG   HandlerThread:26654 [handler.py:handle_request():144] handle_request: partial_history
2024-11-17 20:55:44,636 DEBUG   SenderThread:26654 [sender.py:send():375] send: history
2024-11-17 20:55:44,636 DEBUG   SenderThread:26654 [sender.py:send_request():402] send_request: summary_record
2024-11-17 20:55:44,637 INFO    SenderThread:26654 [sender.py:_save_file():1378] saving file wandb-summary.json with policy end
2024-11-17 20:55:44,957 INFO    Thread-12 :26654 [dir_watcher.py:_on_file_modified():295] file/dir modified: /Users/aklywtx/Desktop/VLM_Bias_research/NN_pretrain/wandb/run-20241117_205214-xfxe3gqk/files/wandb-summary.json
2024-11-17 20:55:45,149 DEBUG   SenderThread:26654 [sender.py:send():375] send: stats
2024-11-17 20:55:45,962 INFO    Thread-12 :26654 [dir_watcher.py:_on_file_modified():295] file/dir modified: /Users/aklywtx/Desktop/VLM_Bias_research/NN_pretrain/wandb/run-20241117_205214-xfxe3gqk/files/output.log
2024-11-17 20:55:46,184 DEBUG   HandlerThread:26654 [handler.py:handle_request():144] handle_request: status_report
2024-11-17 20:55:47,964 INFO    Thread-12 :26654 [dir_watcher.py:_on_file_modified():295] file/dir modified: /Users/aklywtx/Desktop/VLM_Bias_research/NN_pretrain/wandb/run-20241117_205214-xfxe3gqk/files/output.log
2024-11-17 20:55:49,346 DEBUG   HandlerThread:26654 [handler.py:handle_request():144] handle_request: partial_history
2024-11-17 20:55:49,347 DEBUG   SenderThread:26654 [sender.py:send():375] send: history
2024-11-17 20:55:49,347 DEBUG   SenderThread:26654 [sender.py:send_request():402] send_request: summary_record
2024-11-17 20:55:49,348 INFO    SenderThread:26654 [sender.py:_save_file():1378] saving file wandb-summary.json with policy end
2024-11-17 20:55:49,974 INFO    Thread-12 :26654 [dir_watcher.py:_on_file_modified():295] file/dir modified: /Users/aklywtx/Desktop/VLM_Bias_research/NN_pretrain/wandb/run-20241117_205214-xfxe3gqk/files/output.log
2024-11-17 20:55:49,974 INFO    Thread-12 :26654 [dir_watcher.py:_on_file_modified():295] file/dir modified: /Users/aklywtx/Desktop/VLM_Bias_research/NN_pretrain/wandb/run-20241117_205214-xfxe3gqk/files/wandb-summary.json
2024-11-17 20:55:50,664 DEBUG   HandlerThread:26654 [handler.py:handle_request():144] handle_request: stop_status
2024-11-17 20:55:50,665 DEBUG   SenderThread:26654 [sender.py:send_request():402] send_request: stop_status
2024-11-17 20:55:51,312 DEBUG   HandlerThread:26654 [handler.py:handle_request():144] handle_request: status_report
2024-11-17 20:55:51,980 INFO    Thread-12 :26654 [dir_watcher.py:_on_file_modified():295] file/dir modified: /Users/aklywtx/Desktop/VLM_Bias_research/NN_pretrain/wandb/run-20241117_205214-xfxe3gqk/files/output.log
2024-11-17 20:55:53,848 DEBUG   HandlerThread:26654 [handler.py:handle_request():144] handle_request: partial_history
2024-11-17 20:55:53,851 DEBUG   SenderThread:26654 [sender.py:send():375] send: history
2024-11-17 20:55:53,851 DEBUG   SenderThread:26654 [sender.py:send_request():402] send_request: summary_record
2024-11-17 20:55:53,852 INFO    SenderThread:26654 [sender.py:_save_file():1378] saving file wandb-summary.json with policy end
2024-11-17 20:55:53,990 INFO    Thread-12 :26654 [dir_watcher.py:_on_file_modified():295] file/dir modified: /Users/aklywtx/Desktop/VLM_Bias_research/NN_pretrain/wandb/run-20241117_205214-xfxe3gqk/files/output.log
2024-11-17 20:55:53,991 INFO    Thread-12 :26654 [dir_watcher.py:_on_file_modified():295] file/dir modified: /Users/aklywtx/Desktop/VLM_Bias_research/NN_pretrain/wandb/run-20241117_205214-xfxe3gqk/files/wandb-summary.json
2024-11-17 20:55:56,000 INFO    Thread-12 :26654 [dir_watcher.py:_on_file_modified():295] file/dir modified: /Users/aklywtx/Desktop/VLM_Bias_research/NN_pretrain/wandb/run-20241117_205214-xfxe3gqk/files/output.log
2024-11-17 20:55:56,368 DEBUG   HandlerThread:26654 [handler.py:handle_request():144] handle_request: status_report
2024-11-17 20:55:58,007 INFO    Thread-12 :26654 [dir_watcher.py:_on_file_modified():295] file/dir modified: /Users/aklywtx/Desktop/VLM_Bias_research/NN_pretrain/wandb/run-20241117_205214-xfxe3gqk/files/output.log
2024-11-17 20:55:58,137 DEBUG   HandlerThread:26654 [handler.py:handle_request():144] handle_request: partial_history
2024-11-17 20:55:58,139 DEBUG   SenderThread:26654 [sender.py:send():375] send: history
2024-11-17 20:55:58,139 DEBUG   SenderThread:26654 [sender.py:send_request():402] send_request: summary_record
2024-11-17 20:55:58,139 INFO    SenderThread:26654 [sender.py:_save_file():1378] saving file wandb-summary.json with policy end
2024-11-17 20:55:59,013 INFO    Thread-12 :26654 [dir_watcher.py:_on_file_modified():295] file/dir modified: /Users/aklywtx/Desktop/VLM_Bias_research/NN_pretrain/wandb/run-20241117_205214-xfxe3gqk/files/wandb-summary.json
2024-11-17 20:56:00,022 INFO    Thread-12 :26654 [dir_watcher.py:_on_file_modified():295] file/dir modified: /Users/aklywtx/Desktop/VLM_Bias_research/NN_pretrain/wandb/run-20241117_205214-xfxe3gqk/files/output.log
2024-11-17 20:56:01,398 DEBUG   HandlerThread:26654 [handler.py:handle_request():144] handle_request: status_report
2024-11-17 20:56:02,030 INFO    Thread-12 :26654 [dir_watcher.py:_on_file_modified():295] file/dir modified: /Users/aklywtx/Desktop/VLM_Bias_research/NN_pretrain/wandb/run-20241117_205214-xfxe3gqk/files/output.log
2024-11-17 20:56:02,210 DEBUG   HandlerThread:26654 [handler.py:handle_request():144] handle_request: partial_history
2024-11-17 20:56:02,212 DEBUG   SenderThread:26654 [sender.py:send():375] send: history
2024-11-17 20:56:02,212 DEBUG   SenderThread:26654 [sender.py:send_request():402] send_request: summary_record
2024-11-17 20:56:02,212 INFO    SenderThread:26654 [sender.py:_save_file():1378] saving file wandb-summary.json with policy end
2024-11-17 20:56:03,032 INFO    Thread-12 :26654 [dir_watcher.py:_on_file_modified():295] file/dir modified: /Users/aklywtx/Desktop/VLM_Bias_research/NN_pretrain/wandb/run-20241117_205214-xfxe3gqk/files/wandb-summary.json
2024-11-17 20:56:04,037 INFO    Thread-12 :26654 [dir_watcher.py:_on_file_modified():295] file/dir modified: /Users/aklywtx/Desktop/VLM_Bias_research/NN_pretrain/wandb/run-20241117_205214-xfxe3gqk/files/output.log
2024-11-17 20:56:05,669 DEBUG   HandlerThread:26654 [handler.py:handle_request():144] handle_request: stop_status
2024-11-17 20:56:05,670 DEBUG   SenderThread:26654 [sender.py:send_request():402] send_request: stop_status
2024-11-17 20:56:06,043 INFO    Thread-12 :26654 [dir_watcher.py:_on_file_modified():295] file/dir modified: /Users/aklywtx/Desktop/VLM_Bias_research/NN_pretrain/wandb/run-20241117_205214-xfxe3gqk/files/output.log
2024-11-17 20:56:06,652 DEBUG   HandlerThread:26654 [handler.py:handle_request():144] handle_request: partial_history
2024-11-17 20:56:06,653 DEBUG   SenderThread:26654 [sender.py:send():375] send: history
2024-11-17 20:56:06,654 DEBUG   SenderThread:26654 [sender.py:send_request():402] send_request: summary_record
2024-11-17 20:56:06,654 DEBUG   HandlerThread:26654 [handler.py:handle_request():144] handle_request: status_report
2024-11-17 20:56:06,655 INFO    SenderThread:26654 [sender.py:_save_file():1378] saving file wandb-summary.json with policy end
2024-11-17 20:56:07,047 INFO    Thread-12 :26654 [dir_watcher.py:_on_file_modified():295] file/dir modified: /Users/aklywtx/Desktop/VLM_Bias_research/NN_pretrain/wandb/run-20241117_205214-xfxe3gqk/files/wandb-summary.json
2024-11-17 20:56:08,051 INFO    Thread-12 :26654 [dir_watcher.py:_on_file_modified():295] file/dir modified: /Users/aklywtx/Desktop/VLM_Bias_research/NN_pretrain/wandb/run-20241117_205214-xfxe3gqk/files/output.log
2024-11-17 20:56:10,060 INFO    Thread-12 :26654 [dir_watcher.py:_on_file_modified():295] file/dir modified: /Users/aklywtx/Desktop/VLM_Bias_research/NN_pretrain/wandb/run-20241117_205214-xfxe3gqk/files/output.log
2024-11-17 20:56:10,497 DEBUG   HandlerThread:26654 [handler.py:handle_request():144] handle_request: partial_history
2024-11-17 20:56:10,498 DEBUG   SenderThread:26654 [sender.py:send():375] send: history
2024-11-17 20:56:10,498 DEBUG   SenderThread:26654 [sender.py:send_request():402] send_request: summary_record
2024-11-17 20:56:10,499 INFO    SenderThread:26654 [sender.py:_save_file():1378] saving file wandb-summary.json with policy end
2024-11-17 20:56:11,065 INFO    Thread-12 :26654 [dir_watcher.py:_on_file_modified():295] file/dir modified: /Users/aklywtx/Desktop/VLM_Bias_research/NN_pretrain/wandb/run-20241117_205214-xfxe3gqk/files/wandb-summary.json
2024-11-17 20:56:11,683 DEBUG   HandlerThread:26654 [handler.py:handle_request():144] handle_request: status_report
2024-11-17 20:56:12,071 INFO    Thread-12 :26654 [dir_watcher.py:_on_file_modified():295] file/dir modified: /Users/aklywtx/Desktop/VLM_Bias_research/NN_pretrain/wandb/run-20241117_205214-xfxe3gqk/files/output.log
2024-11-17 20:56:14,077 INFO    Thread-12 :26654 [dir_watcher.py:_on_file_modified():295] file/dir modified: /Users/aklywtx/Desktop/VLM_Bias_research/NN_pretrain/wandb/run-20241117_205214-xfxe3gqk/files/output.log
2024-11-17 20:56:14,301 DEBUG   HandlerThread:26654 [handler.py:handle_request():144] handle_request: partial_history
2024-11-17 20:56:14,302 DEBUG   SenderThread:26654 [sender.py:send():375] send: history
2024-11-17 20:56:14,303 DEBUG   SenderThread:26654 [sender.py:send_request():402] send_request: summary_record
2024-11-17 20:56:14,303 INFO    SenderThread:26654 [sender.py:_save_file():1378] saving file wandb-summary.json with policy end
2024-11-17 20:56:15,105 INFO    Thread-12 :26654 [dir_watcher.py:_on_file_modified():295] file/dir modified: /Users/aklywtx/Desktop/VLM_Bias_research/NN_pretrain/wandb/run-20241117_205214-xfxe3gqk/files/wandb-summary.json
2024-11-17 20:56:15,155 DEBUG   SenderThread:26654 [sender.py:send():375] send: stats
2024-11-17 20:56:16,110 INFO    Thread-12 :26654 [dir_watcher.py:_on_file_modified():295] file/dir modified: /Users/aklywtx/Desktop/VLM_Bias_research/NN_pretrain/wandb/run-20241117_205214-xfxe3gqk/files/output.log
2024-11-17 20:56:16,787 DEBUG   HandlerThread:26654 [handler.py:handle_request():144] handle_request: status_report
2024-11-17 20:56:18,117 INFO    Thread-12 :26654 [dir_watcher.py:_on_file_modified():295] file/dir modified: /Users/aklywtx/Desktop/VLM_Bias_research/NN_pretrain/wandb/run-20241117_205214-xfxe3gqk/files/output.log
2024-11-17 20:56:18,585 DEBUG   HandlerThread:26654 [handler.py:handle_request():144] handle_request: partial_history
2024-11-17 20:56:18,588 DEBUG   SenderThread:26654 [sender.py:send():375] send: history
2024-11-17 20:56:18,588 DEBUG   SenderThread:26654 [sender.py:send_request():402] send_request: summary_record
2024-11-17 20:56:18,589 INFO    SenderThread:26654 [sender.py:_save_file():1378] saving file wandb-summary.json with policy end
2024-11-17 20:56:19,122 INFO    Thread-12 :26654 [dir_watcher.py:_on_file_modified():295] file/dir modified: /Users/aklywtx/Desktop/VLM_Bias_research/NN_pretrain/wandb/run-20241117_205214-xfxe3gqk/files/wandb-summary.json
2024-11-17 20:56:20,123 INFO    Thread-12 :26654 [dir_watcher.py:_on_file_modified():295] file/dir modified: /Users/aklywtx/Desktop/VLM_Bias_research/NN_pretrain/wandb/run-20241117_205214-xfxe3gqk/files/output.log
2024-11-17 20:56:20,674 DEBUG   HandlerThread:26654 [handler.py:handle_request():144] handle_request: stop_status
2024-11-17 20:56:20,675 DEBUG   SenderThread:26654 [sender.py:send_request():402] send_request: stop_status
2024-11-17 20:56:21,926 DEBUG   HandlerThread:26654 [handler.py:handle_request():144] handle_request: status_report
2024-11-17 20:56:22,133 INFO    Thread-12 :26654 [dir_watcher.py:_on_file_modified():295] file/dir modified: /Users/aklywtx/Desktop/VLM_Bias_research/NN_pretrain/wandb/run-20241117_205214-xfxe3gqk/files/output.log
2024-11-17 20:56:22,686 DEBUG   HandlerThread:26654 [handler.py:handle_request():144] handle_request: partial_history
2024-11-17 20:56:22,687 DEBUG   SenderThread:26654 [sender.py:send():375] send: history
2024-11-17 20:56:22,687 DEBUG   SenderThread:26654 [sender.py:send_request():402] send_request: summary_record
2024-11-17 20:56:22,688 INFO    SenderThread:26654 [sender.py:_save_file():1378] saving file wandb-summary.json with policy end
2024-11-17 20:56:23,139 INFO    Thread-12 :26654 [dir_watcher.py:_on_file_modified():295] file/dir modified: /Users/aklywtx/Desktop/VLM_Bias_research/NN_pretrain/wandb/run-20241117_205214-xfxe3gqk/files/wandb-summary.json
2024-11-17 20:56:24,144 INFO    Thread-12 :26654 [dir_watcher.py:_on_file_modified():295] file/dir modified: /Users/aklywtx/Desktop/VLM_Bias_research/NN_pretrain/wandb/run-20241117_205214-xfxe3gqk/files/output.log
2024-11-17 20:56:26,147 INFO    Thread-12 :26654 [dir_watcher.py:_on_file_modified():295] file/dir modified: /Users/aklywtx/Desktop/VLM_Bias_research/NN_pretrain/wandb/run-20241117_205214-xfxe3gqk/files/output.log
2024-11-17 20:56:26,633 DEBUG   HandlerThread:26654 [handler.py:handle_request():144] handle_request: partial_history
2024-11-17 20:56:26,635 DEBUG   SenderThread:26654 [sender.py:send():375] send: history
2024-11-17 20:56:26,636 DEBUG   SenderThread:26654 [sender.py:send_request():402] send_request: summary_record
2024-11-17 20:56:26,636 INFO    SenderThread:26654 [sender.py:_save_file():1378] saving file wandb-summary.json with policy end
2024-11-17 20:56:26,997 DEBUG   HandlerThread:26654 [handler.py:handle_request():144] handle_request: status_report
2024-11-17 20:56:27,152 INFO    Thread-12 :26654 [dir_watcher.py:_on_file_modified():295] file/dir modified: /Users/aklywtx/Desktop/VLM_Bias_research/NN_pretrain/wandb/run-20241117_205214-xfxe3gqk/files/wandb-summary.json
2024-11-17 20:56:28,156 INFO    Thread-12 :26654 [dir_watcher.py:_on_file_modified():295] file/dir modified: /Users/aklywtx/Desktop/VLM_Bias_research/NN_pretrain/wandb/run-20241117_205214-xfxe3gqk/files/output.log
2024-11-17 20:56:30,166 INFO    Thread-12 :26654 [dir_watcher.py:_on_file_modified():295] file/dir modified: /Users/aklywtx/Desktop/VLM_Bias_research/NN_pretrain/wandb/run-20241117_205214-xfxe3gqk/files/output.log
2024-11-17 20:56:30,461 DEBUG   HandlerThread:26654 [handler.py:handle_request():144] handle_request: partial_history
2024-11-17 20:56:30,462 DEBUG   SenderThread:26654 [sender.py:send():375] send: history
2024-11-17 20:56:30,462 DEBUG   SenderThread:26654 [sender.py:send_request():402] send_request: summary_record
2024-11-17 20:56:30,463 INFO    SenderThread:26654 [sender.py:_save_file():1378] saving file wandb-summary.json with policy end
2024-11-17 20:56:31,172 INFO    Thread-12 :26654 [dir_watcher.py:_on_file_modified():295] file/dir modified: /Users/aklywtx/Desktop/VLM_Bias_research/NN_pretrain/wandb/run-20241117_205214-xfxe3gqk/files/wandb-summary.json
2024-11-17 20:56:32,100 DEBUG   HandlerThread:26654 [handler.py:handle_request():144] handle_request: status_report
2024-11-17 20:56:32,173 INFO    Thread-12 :26654 [dir_watcher.py:_on_file_modified():295] file/dir modified: /Users/aklywtx/Desktop/VLM_Bias_research/NN_pretrain/wandb/run-20241117_205214-xfxe3gqk/files/output.log
2024-11-17 20:56:34,183 INFO    Thread-12 :26654 [dir_watcher.py:_on_file_modified():295] file/dir modified: /Users/aklywtx/Desktop/VLM_Bias_research/NN_pretrain/wandb/run-20241117_205214-xfxe3gqk/files/output.log
2024-11-17 20:56:34,962 DEBUG   HandlerThread:26654 [handler.py:handle_request():144] handle_request: partial_history
2024-11-17 20:56:34,964 DEBUG   SenderThread:26654 [sender.py:send():375] send: history
2024-11-17 20:56:34,964 DEBUG   SenderThread:26654 [sender.py:send_request():402] send_request: summary_record
2024-11-17 20:56:34,964 INFO    SenderThread:26654 [sender.py:_save_file():1378] saving file wandb-summary.json with policy end
2024-11-17 20:56:35,191 INFO    Thread-12 :26654 [dir_watcher.py:_on_file_modified():295] file/dir modified: /Users/aklywtx/Desktop/VLM_Bias_research/NN_pretrain/wandb/run-20241117_205214-xfxe3gqk/files/wandb-summary.json
2024-11-17 20:56:35,615 DEBUG   SenderThread:26654 [sender.py:send():375] send: telemetry
2024-11-17 20:56:35,615 DEBUG   SenderThread:26654 [sender.py:send():375] send: exit
2024-11-17 20:56:35,615 INFO    SenderThread:26654 [sender.py:send_exit():598] handling exit code: 0
2024-11-17 20:56:35,616 INFO    SenderThread:26654 [sender.py:send_exit():600] handling runtime: 260
2024-11-17 20:56:35,617 INFO    SenderThread:26654 [sender.py:_save_file():1378] saving file wandb-summary.json with policy end
2024-11-17 20:56:35,617 INFO    SenderThread:26654 [sender.py:send_exit():606] send defer
2024-11-17 20:56:35,623 DEBUG   HandlerThread:26654 [handler.py:handle_request():144] handle_request: defer
2024-11-17 20:56:35,623 INFO    HandlerThread:26654 [handler.py:handle_request_defer():170] handle defer: 0
2024-11-17 20:56:35,632 DEBUG   SenderThread:26654 [sender.py:send_request():402] send_request: defer
2024-11-17 20:56:35,632 INFO    SenderThread:26654 [sender.py:send_request_defer():622] handle sender defer: 0
2024-11-17 20:56:35,632 INFO    SenderThread:26654 [sender.py:transition_state():626] send defer: 1
2024-11-17 20:56:35,642 DEBUG   HandlerThread:26654 [handler.py:handle_request():144] handle_request: defer
2024-11-17 20:56:35,642 INFO    HandlerThread:26654 [handler.py:handle_request_defer():170] handle defer: 1
2024-11-17 20:56:35,659 DEBUG   SenderThread:26654 [sender.py:send_request():402] send_request: defer
2024-11-17 20:56:35,659 INFO    SenderThread:26654 [sender.py:send_request_defer():622] handle sender defer: 1
2024-11-17 20:56:35,659 INFO    SenderThread:26654 [sender.py:transition_state():626] send defer: 2
2024-11-17 20:56:35,660 DEBUG   HandlerThread:26654 [handler.py:handle_request():144] handle_request: defer
2024-11-17 20:56:35,661 INFO    HandlerThread:26654 [handler.py:handle_request_defer():170] handle defer: 2
2024-11-17 20:56:35,664 INFO    HandlerThread:26654 [system_monitor.py:finish():190] Stopping system monitor
2024-11-17 20:56:35,669 DEBUG   SystemMonitor:26654 [system_monitor.py:_start():166] Finished system metrics aggregation loop
2024-11-17 20:56:35,669 DEBUG   SystemMonitor:26654 [system_monitor.py:_start():170] Publishing last batch of metrics
2024-11-17 20:56:35,679 INFO    HandlerThread:26654 [interfaces.py:finish():202] Joined cpu monitor
2024-11-17 20:56:35,680 INFO    HandlerThread:26654 [interfaces.py:finish():202] Joined disk monitor
2024-11-17 20:56:36,196 INFO    Thread-12 :26654 [dir_watcher.py:_on_file_modified():295] file/dir modified: /Users/aklywtx/Desktop/VLM_Bias_research/NN_pretrain/wandb/run-20241117_205214-xfxe3gqk/files/output.log
2024-11-17 20:56:36,196 INFO    Thread-12 :26654 [dir_watcher.py:_on_file_modified():295] file/dir modified: /Users/aklywtx/Desktop/VLM_Bias_research/NN_pretrain/wandb/run-20241117_205214-xfxe3gqk/files/wandb-summary.json
2024-11-17 20:56:36,560 INFO    HandlerThread:26654 [interfaces.py:finish():202] Joined gpuapple monitor
2024-11-17 20:56:36,561 INFO    HandlerThread:26654 [interfaces.py:finish():202] Joined memory monitor
2024-11-17 20:56:36,561 INFO    HandlerThread:26654 [interfaces.py:finish():202] Joined network monitor
2024-11-17 20:56:36,561 DEBUG   SenderThread:26654 [sender.py:send_request():402] send_request: defer
2024-11-17 20:56:36,561 INFO    SenderThread:26654 [sender.py:send_request_defer():622] handle sender defer: 2
2024-11-17 20:56:36,561 INFO    SenderThread:26654 [sender.py:transition_state():626] send defer: 3
2024-11-17 20:56:36,561 DEBUG   SenderThread:26654 [sender.py:send():375] send: stats
2024-11-17 20:56:36,561 DEBUG   HandlerThread:26654 [handler.py:handle_request():144] handle_request: defer
2024-11-17 20:56:36,561 INFO    HandlerThread:26654 [handler.py:handle_request_defer():170] handle defer: 3
2024-11-17 20:56:36,561 DEBUG   SenderThread:26654 [sender.py:send_request():402] send_request: defer
2024-11-17 20:56:36,562 INFO    SenderThread:26654 [sender.py:send_request_defer():622] handle sender defer: 3
2024-11-17 20:56:36,562 INFO    SenderThread:26654 [sender.py:transition_state():626] send defer: 4
2024-11-17 20:56:36,562 DEBUG   HandlerThread:26654 [handler.py:handle_request():144] handle_request: defer
2024-11-17 20:56:36,562 INFO    HandlerThread:26654 [handler.py:handle_request_defer():170] handle defer: 4
2024-11-17 20:56:36,562 DEBUG   SenderThread:26654 [sender.py:send_request():402] send_request: defer
2024-11-17 20:56:36,562 INFO    SenderThread:26654 [sender.py:send_request_defer():622] handle sender defer: 4
2024-11-17 20:56:36,562 INFO    SenderThread:26654 [sender.py:transition_state():626] send defer: 5
2024-11-17 20:56:36,562 DEBUG   HandlerThread:26654 [handler.py:handle_request():144] handle_request: defer
2024-11-17 20:56:36,562 INFO    HandlerThread:26654 [handler.py:handle_request_defer():170] handle defer: 5
2024-11-17 20:56:36,562 DEBUG   SenderThread:26654 [sender.py:send():375] send: summary
2024-11-17 20:56:36,563 INFO    SenderThread:26654 [sender.py:_save_file():1378] saving file wandb-summary.json with policy end
2024-11-17 20:56:36,563 DEBUG   SenderThread:26654 [sender.py:send_request():402] send_request: defer
2024-11-17 20:56:36,563 INFO    SenderThread:26654 [sender.py:send_request_defer():622] handle sender defer: 5
2024-11-17 20:56:36,563 INFO    SenderThread:26654 [sender.py:transition_state():626] send defer: 6
2024-11-17 20:56:36,563 DEBUG   HandlerThread:26654 [handler.py:handle_request():144] handle_request: defer
2024-11-17 20:56:36,563 INFO    HandlerThread:26654 [handler.py:handle_request_defer():170] handle defer: 6
2024-11-17 20:56:36,563 DEBUG   SenderThread:26654 [sender.py:send_request():402] send_request: defer
2024-11-17 20:56:36,563 INFO    SenderThread:26654 [sender.py:send_request_defer():622] handle sender defer: 6
2024-11-17 20:56:36,566 DEBUG   HandlerThread:26654 [handler.py:handle_request():144] handle_request: status_report
2024-11-17 20:56:36,604 DEBUG   HandlerThread:26654 [handler.py:handle_request():144] handle_request: poll_exit
2024-11-17 20:56:36,742 INFO    SenderThread:26654 [sender.py:transition_state():626] send defer: 7
2024-11-17 20:56:36,742 DEBUG   SenderThread:26654 [sender.py:send_request():402] send_request: poll_exit
2024-11-17 20:56:36,742 DEBUG   HandlerThread:26654 [handler.py:handle_request():144] handle_request: defer
2024-11-17 20:56:36,742 INFO    HandlerThread:26654 [handler.py:handle_request_defer():170] handle defer: 7
2024-11-17 20:56:36,743 DEBUG   SenderThread:26654 [sender.py:send_request():402] send_request: defer
2024-11-17 20:56:36,743 INFO    SenderThread:26654 [sender.py:send_request_defer():622] handle sender defer: 7
2024-11-17 20:56:37,202 INFO    Thread-12 :26654 [dir_watcher.py:_on_file_modified():295] file/dir modified: /Users/aklywtx/Desktop/VLM_Bias_research/NN_pretrain/wandb/run-20241117_205214-xfxe3gqk/files/output.log
2024-11-17 20:56:37,202 INFO    Thread-12 :26654 [dir_watcher.py:_on_file_modified():295] file/dir modified: /Users/aklywtx/Desktop/VLM_Bias_research/NN_pretrain/wandb/run-20241117_205214-xfxe3gqk/files/wandb-summary.json
2024-11-17 20:56:37,203 INFO    Thread-12 :26654 [dir_watcher.py:_on_file_modified():295] file/dir modified: /Users/aklywtx/Desktop/VLM_Bias_research/NN_pretrain/wandb/run-20241117_205214-xfxe3gqk/files/config.yaml
2024-11-17 20:56:37,606 DEBUG   HandlerThread:26654 [handler.py:handle_request():144] handle_request: poll_exit
2024-11-17 20:56:38,973 INFO    SenderThread:26654 [sender.py:transition_state():626] send defer: 8
2024-11-17 20:56:38,974 DEBUG   SenderThread:26654 [sender.py:send_request():402] send_request: poll_exit
2024-11-17 20:56:38,974 DEBUG   HandlerThread:26654 [handler.py:handle_request():144] handle_request: defer
2024-11-17 20:56:38,974 INFO    HandlerThread:26654 [handler.py:handle_request_defer():170] handle defer: 8
2024-11-17 20:56:38,976 DEBUG   SenderThread:26654 [sender.py:send_request():402] send_request: defer
2024-11-17 20:56:38,976 INFO    SenderThread:26654 [sender.py:send_request_defer():622] handle sender defer: 8
2024-11-17 20:56:38,982 INFO    SenderThread:26654 [sender.py:transition_state():626] send defer: 9
2024-11-17 20:56:38,983 DEBUG   HandlerThread:26654 [handler.py:handle_request():144] handle_request: defer
2024-11-17 20:56:38,983 DEBUG   SenderThread:26654 [sender.py:send():375] send: artifact
2024-11-17 20:56:38,983 INFO    HandlerThread:26654 [handler.py:handle_request_defer():170] handle defer: 9
2024-11-17 20:56:39,213 INFO    Thread-12 :26654 [dir_watcher.py:_on_file_modified():295] file/dir modified: /Users/aklywtx/Desktop/VLM_Bias_research/NN_pretrain/wandb/run-20241117_205214-xfxe3gqk/files/output.log
2024-11-17 20:56:39,850 INFO    SenderThread:26654 [sender.py:send_artifact():1474] sent artifact job-git_github.com_aklywtx_NN_pretrain.git_models_mlp_train.py - {'id': 'QXJ0aWZhY3Q6MTMzOTA1NjY5Mg==', 'digest': '7afd9b34f432d7aa831a7c9371e1d0a9', 'state': 'COMMITTED', 'aliases': [{'artifactCollectionName': 'job-git_github.com_aklywtx_NN_pretrain.git_models_mlp_train.py', 'alias': 'latest'}, {'artifactCollectionName': 'job-git_github.com_aklywtx_NN_pretrain.git_models_mlp_train.py', 'alias': 'v2'}], 'artifactSequence': {'id': 'QXJ0aWZhY3RDb2xsZWN0aW9uOjQ5NjYxOTk2OQ==', 'latestArtifact': {'id': 'QXJ0aWZhY3Q6MTMzOTA1NjY5Mg==', 'versionIndex': 2}}, 'version': 'v2'}
2024-11-17 20:56:39,851 DEBUG   SenderThread:26654 [sender.py:send_request():402] send_request: defer
2024-11-17 20:56:39,851 INFO    SenderThread:26654 [sender.py:send_request_defer():622] handle sender defer: 9
2024-11-17 20:56:39,851 INFO    SenderThread:26654 [dir_watcher.py:finish():365] shutting down directory watcher
2024-11-17 20:56:40,217 INFO    SenderThread:26654 [dir_watcher.py:finish():395] scan: /Users/aklywtx/Desktop/VLM_Bias_research/NN_pretrain/wandb/run-20241117_205214-xfxe3gqk/files
2024-11-17 20:56:40,218 INFO    SenderThread:26654 [dir_watcher.py:finish():409] scan save: /Users/aklywtx/Desktop/VLM_Bias_research/NN_pretrain/wandb/run-20241117_205214-xfxe3gqk/files/requirements.txt requirements.txt
2024-11-17 20:56:40,218 INFO    SenderThread:26654 [dir_watcher.py:finish():409] scan save: /Users/aklywtx/Desktop/VLM_Bias_research/NN_pretrain/wandb/run-20241117_205214-xfxe3gqk/files/output.log output.log
2024-11-17 20:56:40,218 INFO    SenderThread:26654 [dir_watcher.py:finish():409] scan save: /Users/aklywtx/Desktop/VLM_Bias_research/NN_pretrain/wandb/run-20241117_205214-xfxe3gqk/files/config.yaml config.yaml
2024-11-17 20:56:40,218 INFO    SenderThread:26654 [dir_watcher.py:finish():409] scan save: /Users/aklywtx/Desktop/VLM_Bias_research/NN_pretrain/wandb/run-20241117_205214-xfxe3gqk/files/wandb-summary.json wandb-summary.json
2024-11-17 20:56:40,218 INFO    SenderThread:26654 [dir_watcher.py:finish():409] scan save: /Users/aklywtx/Desktop/VLM_Bias_research/NN_pretrain/wandb/run-20241117_205214-xfxe3gqk/files/conda-environment.yaml conda-environment.yaml
2024-11-17 20:56:40,218 INFO    SenderThread:26654 [dir_watcher.py:finish():409] scan save: /Users/aklywtx/Desktop/VLM_Bias_research/NN_pretrain/wandb/run-20241117_205214-xfxe3gqk/files/wandb-metadata.json wandb-metadata.json
2024-11-17 20:56:40,218 INFO    SenderThread:26654 [sender.py:transition_state():626] send defer: 10
2024-11-17 20:56:40,218 DEBUG   HandlerThread:26654 [handler.py:handle_request():144] handle_request: defer
2024-11-17 20:56:40,218 INFO    HandlerThread:26654 [handler.py:handle_request_defer():170] handle defer: 10
2024-11-17 20:56:40,221 DEBUG   SenderThread:26654 [sender.py:send_request():402] send_request: defer
2024-11-17 20:56:40,221 INFO    SenderThread:26654 [sender.py:send_request_defer():622] handle sender defer: 10
2024-11-17 20:56:40,221 INFO    SenderThread:26654 [file_pusher.py:finish():167] shutting down file pusher
2024-11-17 20:56:40,860 INFO    wandb-upload_1:26654 [upload_job.py:push():137] Uploaded file /Users/aklywtx/Desktop/VLM_Bias_research/NN_pretrain/wandb/run-20241117_205214-xfxe3gqk/files/requirements.txt
2024-11-17 20:56:40,860 INFO    wandb-upload_0:26654 [upload_job.py:push():137] Uploaded file /Users/aklywtx/Desktop/VLM_Bias_research/NN_pretrain/wandb/run-20241117_205214-xfxe3gqk/files/output.log
2024-11-17 20:56:40,930 INFO    wandb-upload_4:26654 [upload_job.py:push():137] Uploaded file /Users/aklywtx/Desktop/VLM_Bias_research/NN_pretrain/wandb/run-20241117_205214-xfxe3gqk/files/conda-environment.yaml
2024-11-17 20:56:40,962 INFO    wandb-upload_3:26654 [upload_job.py:push():137] Uploaded file /Users/aklywtx/Desktop/VLM_Bias_research/NN_pretrain/wandb/run-20241117_205214-xfxe3gqk/files/wandb-summary.json
2024-11-17 20:56:41,111 INFO    wandb-upload_2:26654 [upload_job.py:push():137] Uploaded file /Users/aklywtx/Desktop/VLM_Bias_research/NN_pretrain/wandb/run-20241117_205214-xfxe3gqk/files/config.yaml
2024-11-17 20:56:41,316 INFO    Thread-11 :26654 [sender.py:transition_state():626] send defer: 11
2024-11-17 20:56:41,317 DEBUG   HandlerThread:26654 [handler.py:handle_request():144] handle_request: defer
2024-11-17 20:56:41,317 INFO    HandlerThread:26654 [handler.py:handle_request_defer():170] handle defer: 11
2024-11-17 20:56:41,317 DEBUG   SenderThread:26654 [sender.py:send_request():402] send_request: defer
2024-11-17 20:56:41,317 INFO    SenderThread:26654 [sender.py:send_request_defer():622] handle sender defer: 11
2024-11-17 20:56:41,317 INFO    SenderThread:26654 [file_pusher.py:join():172] waiting for file pusher
2024-11-17 20:56:41,317 INFO    SenderThread:26654 [sender.py:transition_state():626] send defer: 12
2024-11-17 20:56:41,317 DEBUG   HandlerThread:26654 [handler.py:handle_request():144] handle_request: defer
2024-11-17 20:56:41,317 INFO    HandlerThread:26654 [handler.py:handle_request_defer():170] handle defer: 12
2024-11-17 20:56:41,318 DEBUG   SenderThread:26654 [sender.py:send_request():402] send_request: defer
2024-11-17 20:56:41,318 INFO    SenderThread:26654 [sender.py:send_request_defer():622] handle sender defer: 12
2024-11-17 20:56:41,906 INFO    SenderThread:26654 [sender.py:transition_state():626] send defer: 13
2024-11-17 20:56:41,906 DEBUG   HandlerThread:26654 [handler.py:handle_request():144] handle_request: defer
2024-11-17 20:56:41,906 INFO    HandlerThread:26654 [handler.py:handle_request_defer():170] handle defer: 13
2024-11-17 20:56:41,907 DEBUG   SenderThread:26654 [sender.py:send_request():402] send_request: defer
2024-11-17 20:56:41,907 INFO    SenderThread:26654 [sender.py:send_request_defer():622] handle sender defer: 13
2024-11-17 20:56:41,907 INFO    SenderThread:26654 [sender.py:transition_state():626] send defer: 14
2024-11-17 20:56:41,907 DEBUG   HandlerThread:26654 [handler.py:handle_request():144] handle_request: defer
2024-11-17 20:56:41,907 INFO    HandlerThread:26654 [handler.py:handle_request_defer():170] handle defer: 14
2024-11-17 20:56:41,907 DEBUG   SenderThread:26654 [sender.py:send():375] send: final
2024-11-17 20:56:41,907 DEBUG   SenderThread:26654 [sender.py:send():375] send: footer
2024-11-17 20:56:41,907 DEBUG   SenderThread:26654 [sender.py:send_request():402] send_request: defer
2024-11-17 20:56:41,907 INFO    SenderThread:26654 [sender.py:send_request_defer():622] handle sender defer: 14
2024-11-17 20:56:41,908 DEBUG   HandlerThread:26654 [handler.py:handle_request():144] handle_request: poll_exit
2024-11-17 20:56:41,909 DEBUG   HandlerThread:26654 [handler.py:handle_request():144] handle_request: server_info
2024-11-17 20:56:41,909 DEBUG   HandlerThread:26654 [handler.py:handle_request():144] handle_request: get_summary
2024-11-17 20:56:41,909 DEBUG   SenderThread:26654 [sender.py:send_request():402] send_request: poll_exit
2024-11-17 20:56:41,909 DEBUG   HandlerThread:26654 [handler.py:handle_request():144] handle_request: sampled_history
2024-11-17 20:56:41,909 DEBUG   SenderThread:26654 [sender.py:send_request():402] send_request: server_info
2024-11-17 20:56:42,054 DEBUG   HandlerThread:26654 [handler.py:handle_request():144] handle_request: shutdown
2024-11-17 20:56:42,054 INFO    HandlerThread:26654 [handler.py:finish():842] shutting down handler
2024-11-17 20:56:42,914 INFO    WriterThread:26654 [datastore.py:close():298] close: /Users/aklywtx/Desktop/VLM_Bias_research/NN_pretrain/wandb/run-20241117_205214-xfxe3gqk/run-xfxe3gqk.wandb
2024-11-17 20:56:43,056 INFO    SenderThread:26654 [sender.py:finish():1550] shutting down sender
2024-11-17 20:56:43,057 INFO    SenderThread:26654 [file_pusher.py:finish():167] shutting down file pusher
2024-11-17 20:56:43,057 INFO    SenderThread:26654 [file_pusher.py:join():172] waiting for file pusher
