2024-12-13 14:46:36,740 INFO    StreamThr :788 [internal.py:wandb_internal():86] W&B internal server running at pid: 788, started at: 2024-12-13 14:46:36.740448
2024-12-13 14:46:36,741 DEBUG   HandlerThread:788 [handler.py:handle_request():144] handle_request: status
2024-12-13 14:46:36,742 INFO    WriterThread:788 [datastore.py:open_for_write():85] open: /Users/aklywtx/Desktop/VLM_Bias_research/NN_pretrain/wandb/run-20241213_144636-g9ffhxqn/run-g9ffhxqn.wandb
2024-12-13 14:46:36,743 DEBUG   SenderThread:788 [sender.py:send():375] send: header
2024-12-13 14:46:36,768 DEBUG   SenderThread:788 [sender.py:send():375] send: run
2024-12-13 14:46:37,260 INFO    SenderThread:788 [dir_watcher.py:__init__():219] watching files in: /Users/aklywtx/Desktop/VLM_Bias_research/NN_pretrain/wandb/run-20241213_144636-g9ffhxqn/files
2024-12-13 14:46:37,260 INFO    SenderThread:788 [sender.py:_start_run_threads():1124] run started: g9ffhxqn with start time 1734097596.739954
2024-12-13 14:46:37,260 DEBUG   SenderThread:788 [sender.py:send_request():402] send_request: summary_record
2024-12-13 14:46:37,260 INFO    SenderThread:788 [sender.py:_save_file():1378] saving file wandb-summary.json with policy end
2024-12-13 14:46:37,263 DEBUG   HandlerThread:788 [handler.py:handle_request():144] handle_request: check_version
2024-12-13 14:46:37,263 DEBUG   SenderThread:788 [sender.py:send_request():402] send_request: check_version
2024-12-13 14:46:37,380 DEBUG   HandlerThread:788 [handler.py:handle_request():144] handle_request: run_start
2024-12-13 14:46:37,390 DEBUG   HandlerThread:788 [system_info.py:__init__():31] System info init
2024-12-13 14:46:37,390 DEBUG   HandlerThread:788 [system_info.py:__init__():46] System info init done
2024-12-13 14:46:37,390 INFO    HandlerThread:788 [system_monitor.py:start():181] Starting system monitor
2024-12-13 14:46:37,390 INFO    SystemMonitor:788 [system_monitor.py:_start():145] Starting system asset monitoring threads
2024-12-13 14:46:37,391 INFO    HandlerThread:788 [system_monitor.py:probe():201] Collecting system info
2024-12-13 14:46:37,391 DEBUG   HandlerThread:788 [system_info.py:probe():195] Probing system
2024-12-13 14:46:37,391 INFO    SystemMonitor:788 [interfaces.py:start():190] Started cpu monitoring
2024-12-13 14:46:37,391 INFO    SystemMonitor:788 [interfaces.py:start():190] Started disk monitoring
2024-12-13 14:46:37,391 INFO    SystemMonitor:788 [interfaces.py:start():190] Started memory monitoring
2024-12-13 14:46:37,392 INFO    SystemMonitor:788 [interfaces.py:start():190] Started network monitoring
2024-12-13 14:46:37,396 DEBUG   HandlerThread:788 [system_info.py:_probe_git():180] Probing git
2024-12-13 14:46:37,423 DEBUG   HandlerThread:788 [system_info.py:_probe_git():188] Probing git done
2024-12-13 14:46:37,423 DEBUG   HandlerThread:788 [system_info.py:probe():240] Probing system done
2024-12-13 14:46:37,423 DEBUG   HandlerThread:788 [system_monitor.py:probe():210] {'os': 'macOS-14.5-arm64-i386-64bit', 'python': '3.9.13', 'heartbeatAt': '2024-12-13T13:46:37.391527', 'startedAt': '2024-12-13T13:46:36.666568', 'docker': None, 'cuda': None, 'args': (), 'state': 'running', 'program': '/Users/aklywtx/Desktop/VLM_Bias_research/NN_pretrain/models/mlp_train.py', 'codePath': 'models/mlp_train.py', 'git': {'remote': 'git@github.com:aklywtx/NN_pretrain.git', 'commit': 'f82579b1c6a77dde14a500ddae843288b480b67c'}, 'email': 'aklywtx233@163.com', 'root': '/Users/aklywtx/Desktop/VLM_Bias_research/NN_pretrain', 'host': 'MACBOOK-PRO-341.local', 'username': 'aklywtx', 'executable': '/Users/aklywtx/opt/anaconda3/bin/python', 'cpu_count': 8, 'cpu_count_logical': 8, 'disk': {'total': 926.3517189025879, 'used': 892.8236389160156}, 'memory': {'total': 32.0}}
2024-12-13 14:46:37,423 INFO    HandlerThread:788 [system_monitor.py:probe():211] Finished collecting system info
2024-12-13 14:46:37,423 INFO    HandlerThread:788 [system_monitor.py:probe():214] Publishing system info
2024-12-13 14:46:37,424 DEBUG   HandlerThread:788 [system_info.py:_save_pip():51] Saving list of pip packages installed into the current environment
2024-12-13 14:46:37,425 DEBUG   HandlerThread:788 [system_info.py:_save_pip():67] Saving pip packages done
2024-12-13 14:46:37,425 DEBUG   HandlerThread:788 [system_info.py:_save_conda():74] Saving list of conda packages installed into the current environment
2024-12-13 14:46:38,266 INFO    Thread-12 :788 [dir_watcher.py:_on_file_created():278] file/dir created: /Users/aklywtx/Desktop/VLM_Bias_research/NN_pretrain/wandb/run-20241213_144636-g9ffhxqn/files/wandb-summary.json
2024-12-13 14:46:38,266 INFO    Thread-12 :788 [dir_watcher.py:_on_file_created():278] file/dir created: /Users/aklywtx/Desktop/VLM_Bias_research/NN_pretrain/wandb/run-20241213_144636-g9ffhxqn/files/conda-environment.yaml
2024-12-13 14:46:38,266 INFO    Thread-12 :788 [dir_watcher.py:_on_file_created():278] file/dir created: /Users/aklywtx/Desktop/VLM_Bias_research/NN_pretrain/wandb/run-20241213_144636-g9ffhxqn/files/requirements.txt
2024-12-13 14:46:54,187 DEBUG   HandlerThread:788 [system_info.py:_save_conda():86] Saving conda packages done
2024-12-13 14:46:54,188 INFO    HandlerThread:788 [system_monitor.py:probe():216] Finished publishing system info
2024-12-13 14:46:54,197 DEBUG   HandlerThread:788 [handler.py:handle_request():144] handle_request: status_report
2024-12-13 14:46:54,197 DEBUG   HandlerThread:788 [handler.py:handle_request():144] handle_request: keepalive
2024-12-13 14:46:54,197 DEBUG   HandlerThread:788 [handler.py:handle_request():144] handle_request: status_report
2024-12-13 14:46:54,197 DEBUG   HandlerThread:788 [handler.py:handle_request():144] handle_request: keepalive
2024-12-13 14:46:54,198 DEBUG   HandlerThread:788 [handler.py:handle_request():144] handle_request: status_report
2024-12-13 14:46:54,198 DEBUG   HandlerThread:788 [handler.py:handle_request():144] handle_request: keepalive
2024-12-13 14:46:54,198 DEBUG   SenderThread:788 [sender.py:send():375] send: files
2024-12-13 14:46:54,198 INFO    SenderThread:788 [sender.py:_save_file():1378] saving file wandb-metadata.json with policy now
2024-12-13 14:46:54,201 DEBUG   HandlerThread:788 [handler.py:handle_request():144] handle_request: stop_status
2024-12-13 14:46:54,201 DEBUG   SenderThread:788 [sender.py:send_request():402] send_request: stop_status
2024-12-13 14:46:54,341 INFO    Thread-12 :788 [dir_watcher.py:_on_file_modified():295] file/dir modified: /Users/aklywtx/Desktop/VLM_Bias_research/NN_pretrain/wandb/run-20241213_144636-g9ffhxqn/files/conda-environment.yaml
2024-12-13 14:46:54,341 INFO    Thread-12 :788 [dir_watcher.py:_on_file_created():278] file/dir created: /Users/aklywtx/Desktop/VLM_Bias_research/NN_pretrain/wandb/run-20241213_144636-g9ffhxqn/files/wandb-metadata.json
2024-12-13 14:46:54,552 DEBUG   SenderThread:788 [sender.py:send():375] send: telemetry
2024-12-13 14:46:54,733 INFO    wandb-upload_0:788 [upload_job.py:push():137] Uploaded file /var/folders/b8/j860yxxx1bb1pjgc34kr65dm0000gn/T/tmpdzljgmh8wandb/zldrlgdc-wandb-metadata.json
2024-12-13 14:46:55,346 INFO    Thread-12 :788 [dir_watcher.py:_on_file_created():278] file/dir created: /Users/aklywtx/Desktop/VLM_Bias_research/NN_pretrain/wandb/run-20241213_144636-g9ffhxqn/files/output.log
2024-12-13 14:46:57,351 INFO    Thread-12 :788 [dir_watcher.py:_on_file_modified():295] file/dir modified: /Users/aklywtx/Desktop/VLM_Bias_research/NN_pretrain/wandb/run-20241213_144636-g9ffhxqn/files/output.log
2024-12-13 14:46:57,493 DEBUG   HandlerThread:788 [handler.py:handle_request():144] handle_request: status_report
2024-12-13 14:46:59,361 INFO    Thread-12 :788 [dir_watcher.py:_on_file_modified():295] file/dir modified: /Users/aklywtx/Desktop/VLM_Bias_research/NN_pretrain/wandb/run-20241213_144636-g9ffhxqn/files/output.log
2024-12-13 14:47:01,371 INFO    Thread-12 :788 [dir_watcher.py:_on_file_modified():295] file/dir modified: /Users/aklywtx/Desktop/VLM_Bias_research/NN_pretrain/wandb/run-20241213_144636-g9ffhxqn/files/output.log
2024-12-13 14:47:02,602 DEBUG   HandlerThread:788 [handler.py:handle_request():144] handle_request: status_report
2024-12-13 14:47:03,383 INFO    Thread-12 :788 [dir_watcher.py:_on_file_modified():295] file/dir modified: /Users/aklywtx/Desktop/VLM_Bias_research/NN_pretrain/wandb/run-20241213_144636-g9ffhxqn/files/output.log
2024-12-13 14:47:05,394 INFO    Thread-12 :788 [dir_watcher.py:_on_file_modified():295] file/dir modified: /Users/aklywtx/Desktop/VLM_Bias_research/NN_pretrain/wandb/run-20241213_144636-g9ffhxqn/files/output.log
2024-12-13 14:47:07,404 INFO    Thread-12 :788 [dir_watcher.py:_on_file_modified():295] file/dir modified: /Users/aklywtx/Desktop/VLM_Bias_research/NN_pretrain/wandb/run-20241213_144636-g9ffhxqn/files/output.log
2024-12-13 14:47:08,548 DEBUG   HandlerThread:788 [handler.py:handle_request():144] handle_request: status_report
2024-12-13 14:47:08,573 DEBUG   HandlerThread:788 [handler.py:handle_request():144] handle_request: partial_history
2024-12-13 14:47:08,703 DEBUG   SenderThread:788 [sender.py:send():375] send: history
2024-12-13 14:47:08,703 DEBUG   SenderThread:788 [sender.py:send_request():402] send_request: summary_record
2024-12-13 14:47:08,703 INFO    SenderThread:788 [sender.py:_save_file():1378] saving file wandb-summary.json with policy end
2024-12-13 14:47:09,204 DEBUG   HandlerThread:788 [handler.py:handle_request():144] handle_request: stop_status
2024-12-13 14:47:09,205 DEBUG   SenderThread:788 [sender.py:send_request():402] send_request: stop_status
2024-12-13 14:47:09,415 INFO    Thread-12 :788 [dir_watcher.py:_on_file_modified():295] file/dir modified: /Users/aklywtx/Desktop/VLM_Bias_research/NN_pretrain/wandb/run-20241213_144636-g9ffhxqn/files/config.yaml
2024-12-13 14:47:09,415 INFO    Thread-12 :788 [dir_watcher.py:_on_file_modified():295] file/dir modified: /Users/aklywtx/Desktop/VLM_Bias_research/NN_pretrain/wandb/run-20241213_144636-g9ffhxqn/files/output.log
2024-12-13 14:47:09,415 INFO    Thread-12 :788 [dir_watcher.py:_on_file_modified():295] file/dir modified: /Users/aklywtx/Desktop/VLM_Bias_research/NN_pretrain/wandb/run-20241213_144636-g9ffhxqn/files/wandb-summary.json
2024-12-13 14:47:11,421 INFO    Thread-12 :788 [dir_watcher.py:_on_file_modified():295] file/dir modified: /Users/aklywtx/Desktop/VLM_Bias_research/NN_pretrain/wandb/run-20241213_144636-g9ffhxqn/files/output.log
2024-12-13 14:47:13,431 INFO    Thread-12 :788 [dir_watcher.py:_on_file_modified():295] file/dir modified: /Users/aklywtx/Desktop/VLM_Bias_research/NN_pretrain/wandb/run-20241213_144636-g9ffhxqn/files/output.log
2024-12-13 14:47:13,772 DEBUG   HandlerThread:788 [handler.py:handle_request():144] handle_request: status_report
2024-12-13 14:47:15,442 INFO    Thread-12 :788 [dir_watcher.py:_on_file_modified():295] file/dir modified: /Users/aklywtx/Desktop/VLM_Bias_research/NN_pretrain/wandb/run-20241213_144636-g9ffhxqn/files/output.log
2024-12-13 14:47:17,450 INFO    Thread-12 :788 [dir_watcher.py:_on_file_modified():295] file/dir modified: /Users/aklywtx/Desktop/VLM_Bias_research/NN_pretrain/wandb/run-20241213_144636-g9ffhxqn/files/output.log
2024-12-13 14:47:18,906 DEBUG   HandlerThread:788 [handler.py:handle_request():144] handle_request: status_report
2024-12-13 14:47:19,456 INFO    Thread-12 :788 [dir_watcher.py:_on_file_modified():295] file/dir modified: /Users/aklywtx/Desktop/VLM_Bias_research/NN_pretrain/wandb/run-20241213_144636-g9ffhxqn/files/output.log
2024-12-13 14:47:21,460 INFO    Thread-12 :788 [dir_watcher.py:_on_file_modified():295] file/dir modified: /Users/aklywtx/Desktop/VLM_Bias_research/NN_pretrain/wandb/run-20241213_144636-g9ffhxqn/files/output.log
2024-12-13 14:47:23,033 DEBUG   HandlerThread:788 [handler.py:handle_request():144] handle_request: partial_history
2024-12-13 14:47:23,033 DEBUG   SenderThread:788 [sender.py:send():375] send: history
2024-12-13 14:47:23,034 DEBUG   SenderThread:788 [sender.py:send_request():402] send_request: summary_record
2024-12-13 14:47:23,034 INFO    SenderThread:788 [sender.py:_save_file():1378] saving file wandb-summary.json with policy end
2024-12-13 14:47:23,468 INFO    Thread-12 :788 [dir_watcher.py:_on_file_modified():295] file/dir modified: /Users/aklywtx/Desktop/VLM_Bias_research/NN_pretrain/wandb/run-20241213_144636-g9ffhxqn/files/output.log
2024-12-13 14:47:23,468 INFO    Thread-12 :788 [dir_watcher.py:_on_file_modified():295] file/dir modified: /Users/aklywtx/Desktop/VLM_Bias_research/NN_pretrain/wandb/run-20241213_144636-g9ffhxqn/files/wandb-summary.json
2024-12-13 14:47:23,923 DEBUG   HandlerThread:788 [handler.py:handle_request():144] handle_request: status_report
2024-12-13 14:47:24,210 DEBUG   HandlerThread:788 [handler.py:handle_request():144] handle_request: stop_status
2024-12-13 14:47:24,210 DEBUG   SenderThread:788 [sender.py:send_request():402] send_request: stop_status
2024-12-13 14:47:25,477 INFO    Thread-12 :788 [dir_watcher.py:_on_file_modified():295] file/dir modified: /Users/aklywtx/Desktop/VLM_Bias_research/NN_pretrain/wandb/run-20241213_144636-g9ffhxqn/files/output.log
2024-12-13 14:47:27,486 INFO    Thread-12 :788 [dir_watcher.py:_on_file_modified():295] file/dir modified: /Users/aklywtx/Desktop/VLM_Bias_research/NN_pretrain/wandb/run-20241213_144636-g9ffhxqn/files/output.log
2024-12-13 14:47:29,018 DEBUG   HandlerThread:788 [handler.py:handle_request():144] handle_request: status_report
2024-12-13 14:47:29,492 INFO    Thread-12 :788 [dir_watcher.py:_on_file_modified():295] file/dir modified: /Users/aklywtx/Desktop/VLM_Bias_research/NN_pretrain/wandb/run-20241213_144636-g9ffhxqn/files/output.log
2024-12-13 14:47:31,502 INFO    Thread-12 :788 [dir_watcher.py:_on_file_modified():295] file/dir modified: /Users/aklywtx/Desktop/VLM_Bias_research/NN_pretrain/wandb/run-20241213_144636-g9ffhxqn/files/output.log
2024-12-13 14:47:33,511 INFO    Thread-12 :788 [dir_watcher.py:_on_file_modified():295] file/dir modified: /Users/aklywtx/Desktop/VLM_Bias_research/NN_pretrain/wandb/run-20241213_144636-g9ffhxqn/files/output.log
2024-12-13 14:47:34,051 DEBUG   HandlerThread:788 [handler.py:handle_request():144] handle_request: status_report
2024-12-13 14:47:35,517 INFO    Thread-12 :788 [dir_watcher.py:_on_file_modified():295] file/dir modified: /Users/aklywtx/Desktop/VLM_Bias_research/NN_pretrain/wandb/run-20241213_144636-g9ffhxqn/files/output.log
2024-12-13 14:47:37,397 DEBUG   SystemMonitor:788 [system_monitor.py:_start():159] Starting system metrics aggregation loop
2024-12-13 14:47:37,398 DEBUG   SenderThread:788 [sender.py:send():375] send: stats
2024-12-13 14:47:37,447 DEBUG   HandlerThread:788 [handler.py:handle_request():144] handle_request: partial_history
2024-12-13 14:47:37,449 DEBUG   SenderThread:788 [sender.py:send():375] send: history
2024-12-13 14:47:37,449 DEBUG   SenderThread:788 [sender.py:send_request():402] send_request: summary_record
2024-12-13 14:47:37,449 INFO    SenderThread:788 [sender.py:_save_file():1378] saving file wandb-summary.json with policy end
2024-12-13 14:47:37,525 INFO    Thread-12 :788 [dir_watcher.py:_on_file_modified():295] file/dir modified: /Users/aklywtx/Desktop/VLM_Bias_research/NN_pretrain/wandb/run-20241213_144636-g9ffhxqn/files/output.log
2024-12-13 14:47:37,526 INFO    Thread-12 :788 [dir_watcher.py:_on_file_modified():295] file/dir modified: /Users/aklywtx/Desktop/VLM_Bias_research/NN_pretrain/wandb/run-20241213_144636-g9ffhxqn/files/wandb-summary.json
2024-12-13 14:47:39,130 DEBUG   HandlerThread:788 [handler.py:handle_request():144] handle_request: status_report
2024-12-13 14:47:39,215 DEBUG   HandlerThread:788 [handler.py:handle_request():144] handle_request: stop_status
2024-12-13 14:47:39,215 DEBUG   SenderThread:788 [sender.py:send_request():402] send_request: stop_status
2024-12-13 14:47:39,534 INFO    Thread-12 :788 [dir_watcher.py:_on_file_modified():295] file/dir modified: /Users/aklywtx/Desktop/VLM_Bias_research/NN_pretrain/wandb/run-20241213_144636-g9ffhxqn/files/output.log
2024-12-13 14:47:41,544 INFO    Thread-12 :788 [dir_watcher.py:_on_file_modified():295] file/dir modified: /Users/aklywtx/Desktop/VLM_Bias_research/NN_pretrain/wandb/run-20241213_144636-g9ffhxqn/files/output.log
2024-12-13 14:47:43,553 INFO    Thread-12 :788 [dir_watcher.py:_on_file_modified():295] file/dir modified: /Users/aklywtx/Desktop/VLM_Bias_research/NN_pretrain/wandb/run-20241213_144636-g9ffhxqn/files/output.log
2024-12-13 14:47:44,213 DEBUG   HandlerThread:788 [handler.py:handle_request():144] handle_request: status_report
2024-12-13 14:47:45,561 INFO    Thread-12 :788 [dir_watcher.py:_on_file_modified():295] file/dir modified: /Users/aklywtx/Desktop/VLM_Bias_research/NN_pretrain/wandb/run-20241213_144636-g9ffhxqn/files/output.log
2024-12-13 14:47:47,570 INFO    Thread-12 :788 [dir_watcher.py:_on_file_modified():295] file/dir modified: /Users/aklywtx/Desktop/VLM_Bias_research/NN_pretrain/wandb/run-20241213_144636-g9ffhxqn/files/output.log
2024-12-13 14:47:49,394 DEBUG   HandlerThread:788 [handler.py:handle_request():144] handle_request: status_report
2024-12-13 14:47:49,578 INFO    Thread-12 :788 [dir_watcher.py:_on_file_modified():295] file/dir modified: /Users/aklywtx/Desktop/VLM_Bias_research/NN_pretrain/wandb/run-20241213_144636-g9ffhxqn/files/output.log
2024-12-13 14:47:51,586 INFO    Thread-12 :788 [dir_watcher.py:_on_file_modified():295] file/dir modified: /Users/aklywtx/Desktop/VLM_Bias_research/NN_pretrain/wandb/run-20241213_144636-g9ffhxqn/files/output.log
2024-12-13 14:47:51,661 DEBUG   HandlerThread:788 [handler.py:handle_request():144] handle_request: partial_history
2024-12-13 14:47:51,662 DEBUG   SenderThread:788 [sender.py:send():375] send: history
2024-12-13 14:47:51,663 DEBUG   SenderThread:788 [sender.py:send_request():402] send_request: summary_record
2024-12-13 14:47:51,663 INFO    SenderThread:788 [sender.py:_save_file():1378] saving file wandb-summary.json with policy end
2024-12-13 14:47:52,590 INFO    Thread-12 :788 [dir_watcher.py:_on_file_modified():295] file/dir modified: /Users/aklywtx/Desktop/VLM_Bias_research/NN_pretrain/wandb/run-20241213_144636-g9ffhxqn/files/wandb-summary.json
2024-12-13 14:47:53,595 INFO    Thread-12 :788 [dir_watcher.py:_on_file_modified():295] file/dir modified: /Users/aklywtx/Desktop/VLM_Bias_research/NN_pretrain/wandb/run-20241213_144636-g9ffhxqn/files/output.log
2024-12-13 14:47:54,220 DEBUG   HandlerThread:788 [handler.py:handle_request():144] handle_request: stop_status
2024-12-13 14:47:54,220 DEBUG   SenderThread:788 [sender.py:send_request():402] send_request: stop_status
2024-12-13 14:47:54,399 DEBUG   HandlerThread:788 [handler.py:handle_request():144] handle_request: status_report
2024-12-13 14:47:55,605 INFO    Thread-12 :788 [dir_watcher.py:_on_file_modified():295] file/dir modified: /Users/aklywtx/Desktop/VLM_Bias_research/NN_pretrain/wandb/run-20241213_144636-g9ffhxqn/files/output.log
2024-12-13 14:47:57,614 INFO    Thread-12 :788 [dir_watcher.py:_on_file_modified():295] file/dir modified: /Users/aklywtx/Desktop/VLM_Bias_research/NN_pretrain/wandb/run-20241213_144636-g9ffhxqn/files/output.log
2024-12-13 14:47:59,553 DEBUG   HandlerThread:788 [handler.py:handle_request():144] handle_request: status_report
2024-12-13 14:47:59,616 INFO    Thread-12 :788 [dir_watcher.py:_on_file_modified():295] file/dir modified: /Users/aklywtx/Desktop/VLM_Bias_research/NN_pretrain/wandb/run-20241213_144636-g9ffhxqn/files/output.log
2024-12-13 14:48:01,621 INFO    Thread-12 :788 [dir_watcher.py:_on_file_modified():295] file/dir modified: /Users/aklywtx/Desktop/VLM_Bias_research/NN_pretrain/wandb/run-20241213_144636-g9ffhxqn/files/output.log
2024-12-13 14:48:03,648 INFO    Thread-12 :788 [dir_watcher.py:_on_file_modified():295] file/dir modified: /Users/aklywtx/Desktop/VLM_Bias_research/NN_pretrain/wandb/run-20241213_144636-g9ffhxqn/files/output.log
2024-12-13 14:48:04,571 DEBUG   HandlerThread:788 [handler.py:handle_request():144] handle_request: status_report
2024-12-13 14:48:05,653 INFO    Thread-12 :788 [dir_watcher.py:_on_file_modified():295] file/dir modified: /Users/aklywtx/Desktop/VLM_Bias_research/NN_pretrain/wandb/run-20241213_144636-g9ffhxqn/files/output.log
2024-12-13 14:48:06,343 DEBUG   HandlerThread:788 [handler.py:handle_request():144] handle_request: partial_history
2024-12-13 14:48:06,344 DEBUG   SenderThread:788 [sender.py:send():375] send: history
2024-12-13 14:48:06,344 DEBUG   SenderThread:788 [sender.py:send_request():402] send_request: summary_record
2024-12-13 14:48:06,345 INFO    SenderThread:788 [sender.py:_save_file():1378] saving file wandb-summary.json with policy end
2024-12-13 14:48:06,658 INFO    Thread-12 :788 [dir_watcher.py:_on_file_modified():295] file/dir modified: /Users/aklywtx/Desktop/VLM_Bias_research/NN_pretrain/wandb/run-20241213_144636-g9ffhxqn/files/wandb-summary.json
2024-12-13 14:48:07,403 DEBUG   SenderThread:788 [sender.py:send():375] send: stats
2024-12-13 14:48:07,659 INFO    Thread-12 :788 [dir_watcher.py:_on_file_modified():295] file/dir modified: /Users/aklywtx/Desktop/VLM_Bias_research/NN_pretrain/wandb/run-20241213_144636-g9ffhxqn/files/output.log
2024-12-13 14:48:09,225 DEBUG   HandlerThread:788 [handler.py:handle_request():144] handle_request: stop_status
2024-12-13 14:48:09,225 DEBUG   SenderThread:788 [sender.py:send_request():402] send_request: stop_status
2024-12-13 14:48:09,624 DEBUG   HandlerThread:788 [handler.py:handle_request():144] handle_request: status_report
2024-12-13 14:48:09,665 INFO    Thread-12 :788 [dir_watcher.py:_on_file_modified():295] file/dir modified: /Users/aklywtx/Desktop/VLM_Bias_research/NN_pretrain/wandb/run-20241213_144636-g9ffhxqn/files/output.log
2024-12-13 14:48:11,675 INFO    Thread-12 :788 [dir_watcher.py:_on_file_modified():295] file/dir modified: /Users/aklywtx/Desktop/VLM_Bias_research/NN_pretrain/wandb/run-20241213_144636-g9ffhxqn/files/output.log
2024-12-13 14:48:13,682 INFO    Thread-12 :788 [dir_watcher.py:_on_file_modified():295] file/dir modified: /Users/aklywtx/Desktop/VLM_Bias_research/NN_pretrain/wandb/run-20241213_144636-g9ffhxqn/files/output.log
2024-12-13 14:48:14,722 DEBUG   HandlerThread:788 [handler.py:handle_request():144] handle_request: status_report
2024-12-13 14:48:15,692 INFO    Thread-12 :788 [dir_watcher.py:_on_file_modified():295] file/dir modified: /Users/aklywtx/Desktop/VLM_Bias_research/NN_pretrain/wandb/run-20241213_144636-g9ffhxqn/files/output.log
2024-12-13 14:48:17,702 INFO    Thread-12 :788 [dir_watcher.py:_on_file_modified():295] file/dir modified: /Users/aklywtx/Desktop/VLM_Bias_research/NN_pretrain/wandb/run-20241213_144636-g9ffhxqn/files/output.log
2024-12-13 14:48:19,576 DEBUG   HandlerThread:788 [handler.py:handle_request():144] handle_request: partial_history
2024-12-13 14:48:19,577 DEBUG   SenderThread:788 [sender.py:send():375] send: history
2024-12-13 14:48:19,577 DEBUG   SenderThread:788 [sender.py:send_request():402] send_request: summary_record
2024-12-13 14:48:19,577 INFO    SenderThread:788 [sender.py:_save_file():1378] saving file wandb-summary.json with policy end
2024-12-13 14:48:19,713 INFO    Thread-12 :788 [dir_watcher.py:_on_file_modified():295] file/dir modified: /Users/aklywtx/Desktop/VLM_Bias_research/NN_pretrain/wandb/run-20241213_144636-g9ffhxqn/files/output.log
2024-12-13 14:48:19,713 INFO    Thread-12 :788 [dir_watcher.py:_on_file_modified():295] file/dir modified: /Users/aklywtx/Desktop/VLM_Bias_research/NN_pretrain/wandb/run-20241213_144636-g9ffhxqn/files/wandb-summary.json
2024-12-13 14:48:19,864 DEBUG   HandlerThread:788 [handler.py:handle_request():144] handle_request: status_report
2024-12-13 14:48:21,719 INFO    Thread-12 :788 [dir_watcher.py:_on_file_modified():295] file/dir modified: /Users/aklywtx/Desktop/VLM_Bias_research/NN_pretrain/wandb/run-20241213_144636-g9ffhxqn/files/output.log
2024-12-13 14:48:23,727 INFO    Thread-12 :788 [dir_watcher.py:_on_file_modified():295] file/dir modified: /Users/aklywtx/Desktop/VLM_Bias_research/NN_pretrain/wandb/run-20241213_144636-g9ffhxqn/files/output.log
2024-12-13 14:48:24,230 DEBUG   HandlerThread:788 [handler.py:handle_request():144] handle_request: stop_status
2024-12-13 14:48:24,230 DEBUG   SenderThread:788 [sender.py:send_request():402] send_request: stop_status
2024-12-13 14:48:24,946 DEBUG   HandlerThread:788 [handler.py:handle_request():144] handle_request: status_report
2024-12-13 14:48:25,732 INFO    Thread-12 :788 [dir_watcher.py:_on_file_modified():295] file/dir modified: /Users/aklywtx/Desktop/VLM_Bias_research/NN_pretrain/wandb/run-20241213_144636-g9ffhxqn/files/output.log
2024-12-13 14:48:27,743 INFO    Thread-12 :788 [dir_watcher.py:_on_file_modified():295] file/dir modified: /Users/aklywtx/Desktop/VLM_Bias_research/NN_pretrain/wandb/run-20241213_144636-g9ffhxqn/files/output.log
2024-12-13 14:48:29,753 INFO    Thread-12 :788 [dir_watcher.py:_on_file_modified():295] file/dir modified: /Users/aklywtx/Desktop/VLM_Bias_research/NN_pretrain/wandb/run-20241213_144636-g9ffhxqn/files/output.log
2024-12-13 14:48:29,961 DEBUG   HandlerThread:788 [handler.py:handle_request():144] handle_request: status_report
2024-12-13 14:48:31,763 INFO    Thread-12 :788 [dir_watcher.py:_on_file_modified():295] file/dir modified: /Users/aklywtx/Desktop/VLM_Bias_research/NN_pretrain/wandb/run-20241213_144636-g9ffhxqn/files/output.log
2024-12-13 14:48:32,384 DEBUG   HandlerThread:788 [handler.py:handle_request():144] handle_request: partial_history
2024-12-13 14:48:32,385 DEBUG   SenderThread:788 [sender.py:send():375] send: history
2024-12-13 14:48:32,386 DEBUG   SenderThread:788 [sender.py:send_request():402] send_request: summary_record
2024-12-13 14:48:32,386 INFO    SenderThread:788 [sender.py:_save_file():1378] saving file wandb-summary.json with policy end
2024-12-13 14:48:32,768 INFO    Thread-12 :788 [dir_watcher.py:_on_file_modified():295] file/dir modified: /Users/aklywtx/Desktop/VLM_Bias_research/NN_pretrain/wandb/run-20241213_144636-g9ffhxqn/files/wandb-summary.json
2024-12-13 14:48:33,773 INFO    Thread-12 :788 [dir_watcher.py:_on_file_modified():295] file/dir modified: /Users/aklywtx/Desktop/VLM_Bias_research/NN_pretrain/wandb/run-20241213_144636-g9ffhxqn/files/output.log
2024-12-13 14:48:34,984 DEBUG   HandlerThread:788 [handler.py:handle_request():144] handle_request: status_report
2024-12-13 14:48:35,783 INFO    Thread-12 :788 [dir_watcher.py:_on_file_modified():295] file/dir modified: /Users/aklywtx/Desktop/VLM_Bias_research/NN_pretrain/wandb/run-20241213_144636-g9ffhxqn/files/output.log
2024-12-13 14:48:37,409 DEBUG   SenderThread:788 [sender.py:send():375] send: stats
2024-12-13 14:48:37,793 INFO    Thread-12 :788 [dir_watcher.py:_on_file_modified():295] file/dir modified: /Users/aklywtx/Desktop/VLM_Bias_research/NN_pretrain/wandb/run-20241213_144636-g9ffhxqn/files/output.log
2024-12-13 14:48:39,235 DEBUG   HandlerThread:788 [handler.py:handle_request():144] handle_request: stop_status
2024-12-13 14:48:39,235 DEBUG   SenderThread:788 [sender.py:send_request():402] send_request: stop_status
2024-12-13 14:48:39,804 INFO    Thread-12 :788 [dir_watcher.py:_on_file_modified():295] file/dir modified: /Users/aklywtx/Desktop/VLM_Bias_research/NN_pretrain/wandb/run-20241213_144636-g9ffhxqn/files/output.log
2024-12-13 14:48:40,088 DEBUG   HandlerThread:788 [handler.py:handle_request():144] handle_request: status_report
2024-12-13 14:48:41,814 INFO    Thread-12 :788 [dir_watcher.py:_on_file_modified():295] file/dir modified: /Users/aklywtx/Desktop/VLM_Bias_research/NN_pretrain/wandb/run-20241213_144636-g9ffhxqn/files/output.log
2024-12-13 14:48:43,824 INFO    Thread-12 :788 [dir_watcher.py:_on_file_modified():295] file/dir modified: /Users/aklywtx/Desktop/VLM_Bias_research/NN_pretrain/wandb/run-20241213_144636-g9ffhxqn/files/output.log
2024-12-13 14:48:45,106 DEBUG   HandlerThread:788 [handler.py:handle_request():144] handle_request: status_report
2024-12-13 14:48:45,189 DEBUG   HandlerThread:788 [handler.py:handle_request():144] handle_request: partial_history
2024-12-13 14:48:45,190 DEBUG   SenderThread:788 [sender.py:send():375] send: history
2024-12-13 14:48:45,190 DEBUG   SenderThread:788 [sender.py:send_request():402] send_request: summary_record
2024-12-13 14:48:45,190 INFO    SenderThread:788 [sender.py:_save_file():1378] saving file wandb-summary.json with policy end
2024-12-13 14:48:45,833 INFO    Thread-12 :788 [dir_watcher.py:_on_file_modified():295] file/dir modified: /Users/aklywtx/Desktop/VLM_Bias_research/NN_pretrain/wandb/run-20241213_144636-g9ffhxqn/files/output.log
2024-12-13 14:48:45,833 INFO    Thread-12 :788 [dir_watcher.py:_on_file_modified():295] file/dir modified: /Users/aklywtx/Desktop/VLM_Bias_research/NN_pretrain/wandb/run-20241213_144636-g9ffhxqn/files/wandb-summary.json
2024-12-13 14:48:47,839 INFO    Thread-12 :788 [dir_watcher.py:_on_file_modified():295] file/dir modified: /Users/aklywtx/Desktop/VLM_Bias_research/NN_pretrain/wandb/run-20241213_144636-g9ffhxqn/files/output.log
2024-12-13 14:48:49,849 INFO    Thread-12 :788 [dir_watcher.py:_on_file_modified():295] file/dir modified: /Users/aklywtx/Desktop/VLM_Bias_research/NN_pretrain/wandb/run-20241213_144636-g9ffhxqn/files/output.log
2024-12-13 14:48:50,192 DEBUG   HandlerThread:788 [handler.py:handle_request():144] handle_request: status_report
2024-12-13 14:48:51,860 INFO    Thread-12 :788 [dir_watcher.py:_on_file_modified():295] file/dir modified: /Users/aklywtx/Desktop/VLM_Bias_research/NN_pretrain/wandb/run-20241213_144636-g9ffhxqn/files/output.log
2024-12-13 14:48:53,867 INFO    Thread-12 :788 [dir_watcher.py:_on_file_modified():295] file/dir modified: /Users/aklywtx/Desktop/VLM_Bias_research/NN_pretrain/wandb/run-20241213_144636-g9ffhxqn/files/output.log
2024-12-13 14:48:54,240 DEBUG   HandlerThread:788 [handler.py:handle_request():144] handle_request: stop_status
2024-12-13 14:48:54,241 DEBUG   SenderThread:788 [sender.py:send_request():402] send_request: stop_status
2024-12-13 14:48:55,218 DEBUG   HandlerThread:788 [handler.py:handle_request():144] handle_request: status_report
2024-12-13 14:48:55,877 INFO    Thread-12 :788 [dir_watcher.py:_on_file_modified():295] file/dir modified: /Users/aklywtx/Desktop/VLM_Bias_research/NN_pretrain/wandb/run-20241213_144636-g9ffhxqn/files/output.log
2024-12-13 14:48:57,882 INFO    Thread-12 :788 [dir_watcher.py:_on_file_modified():295] file/dir modified: /Users/aklywtx/Desktop/VLM_Bias_research/NN_pretrain/wandb/run-20241213_144636-g9ffhxqn/files/output.log
2024-12-13 14:48:58,150 DEBUG   HandlerThread:788 [handler.py:handle_request():144] handle_request: partial_history
2024-12-13 14:48:58,151 DEBUG   SenderThread:788 [sender.py:send():375] send: history
2024-12-13 14:48:58,151 DEBUG   SenderThread:788 [sender.py:send_request():402] send_request: summary_record
2024-12-13 14:48:58,152 INFO    SenderThread:788 [sender.py:_save_file():1378] saving file wandb-summary.json with policy end
2024-12-13 14:48:58,884 INFO    Thread-12 :788 [dir_watcher.py:_on_file_modified():295] file/dir modified: /Users/aklywtx/Desktop/VLM_Bias_research/NN_pretrain/wandb/run-20241213_144636-g9ffhxqn/files/wandb-summary.json
2024-12-13 14:48:59,889 INFO    Thread-12 :788 [dir_watcher.py:_on_file_modified():295] file/dir modified: /Users/aklywtx/Desktop/VLM_Bias_research/NN_pretrain/wandb/run-20241213_144636-g9ffhxqn/files/output.log
2024-12-13 14:49:00,219 DEBUG   HandlerThread:788 [handler.py:handle_request():144] handle_request: status_report
2024-12-13 14:49:01,899 INFO    Thread-12 :788 [dir_watcher.py:_on_file_modified():295] file/dir modified: /Users/aklywtx/Desktop/VLM_Bias_research/NN_pretrain/wandb/run-20241213_144636-g9ffhxqn/files/output.log
2024-12-13 14:49:03,909 INFO    Thread-12 :788 [dir_watcher.py:_on_file_modified():295] file/dir modified: /Users/aklywtx/Desktop/VLM_Bias_research/NN_pretrain/wandb/run-20241213_144636-g9ffhxqn/files/output.log
2024-12-13 14:49:05,348 DEBUG   HandlerThread:788 [handler.py:handle_request():144] handle_request: status_report
2024-12-13 14:49:05,920 INFO    Thread-12 :788 [dir_watcher.py:_on_file_modified():295] file/dir modified: /Users/aklywtx/Desktop/VLM_Bias_research/NN_pretrain/wandb/run-20241213_144636-g9ffhxqn/files/output.log
2024-12-13 14:49:07,415 DEBUG   SenderThread:788 [sender.py:send():375] send: stats
2024-12-13 14:49:07,931 INFO    Thread-12 :788 [dir_watcher.py:_on_file_modified():295] file/dir modified: /Users/aklywtx/Desktop/VLM_Bias_research/NN_pretrain/wandb/run-20241213_144636-g9ffhxqn/files/output.log
2024-12-13 14:49:09,243 DEBUG   HandlerThread:788 [handler.py:handle_request():144] handle_request: stop_status
2024-12-13 14:49:09,243 DEBUG   SenderThread:788 [sender.py:send_request():402] send_request: stop_status
2024-12-13 14:49:09,941 INFO    Thread-12 :788 [dir_watcher.py:_on_file_modified():295] file/dir modified: /Users/aklywtx/Desktop/VLM_Bias_research/NN_pretrain/wandb/run-20241213_144636-g9ffhxqn/files/output.log
2024-12-13 14:49:11,037 DEBUG   HandlerThread:788 [handler.py:handle_request():144] handle_request: status_report
2024-12-13 14:49:11,116 DEBUG   HandlerThread:788 [handler.py:handle_request():144] handle_request: partial_history
2024-12-13 14:49:11,117 DEBUG   SenderThread:788 [sender.py:send():375] send: history
2024-12-13 14:49:11,117 DEBUG   SenderThread:788 [sender.py:send_request():402] send_request: summary_record
2024-12-13 14:49:11,117 INFO    SenderThread:788 [sender.py:_save_file():1378] saving file wandb-summary.json with policy end
2024-12-13 14:49:11,951 INFO    Thread-12 :788 [dir_watcher.py:_on_file_modified():295] file/dir modified: /Users/aklywtx/Desktop/VLM_Bias_research/NN_pretrain/wandb/run-20241213_144636-g9ffhxqn/files/output.log
2024-12-13 14:49:11,951 INFO    Thread-12 :788 [dir_watcher.py:_on_file_modified():295] file/dir modified: /Users/aklywtx/Desktop/VLM_Bias_research/NN_pretrain/wandb/run-20241213_144636-g9ffhxqn/files/wandb-summary.json
2024-12-13 14:49:13,961 INFO    Thread-12 :788 [dir_watcher.py:_on_file_modified():295] file/dir modified: /Users/aklywtx/Desktop/VLM_Bias_research/NN_pretrain/wandb/run-20241213_144636-g9ffhxqn/files/output.log
2024-12-13 14:49:15,972 INFO    Thread-12 :788 [dir_watcher.py:_on_file_modified():295] file/dir modified: /Users/aklywtx/Desktop/VLM_Bias_research/NN_pretrain/wandb/run-20241213_144636-g9ffhxqn/files/output.log
2024-12-13 14:49:16,076 DEBUG   HandlerThread:788 [handler.py:handle_request():144] handle_request: status_report
2024-12-13 14:49:17,977 INFO    Thread-12 :788 [dir_watcher.py:_on_file_modified():295] file/dir modified: /Users/aklywtx/Desktop/VLM_Bias_research/NN_pretrain/wandb/run-20241213_144636-g9ffhxqn/files/output.log
2024-12-13 14:49:19,988 INFO    Thread-12 :788 [dir_watcher.py:_on_file_modified():295] file/dir modified: /Users/aklywtx/Desktop/VLM_Bias_research/NN_pretrain/wandb/run-20241213_144636-g9ffhxqn/files/output.log
2024-12-13 14:49:21,195 DEBUG   HandlerThread:788 [handler.py:handle_request():144] handle_request: status_report
2024-12-13 14:49:21,998 INFO    Thread-12 :788 [dir_watcher.py:_on_file_modified():295] file/dir modified: /Users/aklywtx/Desktop/VLM_Bias_research/NN_pretrain/wandb/run-20241213_144636-g9ffhxqn/files/output.log
2024-12-13 14:49:23,969 DEBUG   HandlerThread:788 [handler.py:handle_request():144] handle_request: partial_history
2024-12-13 14:49:23,970 DEBUG   SenderThread:788 [sender.py:send():375] send: history
2024-12-13 14:49:23,970 DEBUG   SenderThread:788 [sender.py:send_request():402] send_request: summary_record
2024-12-13 14:49:23,971 INFO    SenderThread:788 [sender.py:_save_file():1378] saving file wandb-summary.json with policy end
2024-12-13 14:49:24,008 INFO    Thread-12 :788 [dir_watcher.py:_on_file_modified():295] file/dir modified: /Users/aklywtx/Desktop/VLM_Bias_research/NN_pretrain/wandb/run-20241213_144636-g9ffhxqn/files/output.log
2024-12-13 14:49:24,008 INFO    Thread-12 :788 [dir_watcher.py:_on_file_modified():295] file/dir modified: /Users/aklywtx/Desktop/VLM_Bias_research/NN_pretrain/wandb/run-20241213_144636-g9ffhxqn/files/wandb-summary.json
2024-12-13 14:49:24,247 DEBUG   HandlerThread:788 [handler.py:handle_request():144] handle_request: stop_status
2024-12-13 14:49:24,247 DEBUG   SenderThread:788 [sender.py:send_request():402] send_request: stop_status
2024-12-13 14:49:26,016 INFO    Thread-12 :788 [dir_watcher.py:_on_file_modified():295] file/dir modified: /Users/aklywtx/Desktop/VLM_Bias_research/NN_pretrain/wandb/run-20241213_144636-g9ffhxqn/files/output.log
2024-12-13 14:49:26,301 DEBUG   HandlerThread:788 [handler.py:handle_request():144] handle_request: status_report
2024-12-13 14:49:28,026 INFO    Thread-12 :788 [dir_watcher.py:_on_file_modified():295] file/dir modified: /Users/aklywtx/Desktop/VLM_Bias_research/NN_pretrain/wandb/run-20241213_144636-g9ffhxqn/files/output.log
2024-12-13 14:49:30,036 INFO    Thread-12 :788 [dir_watcher.py:_on_file_modified():295] file/dir modified: /Users/aklywtx/Desktop/VLM_Bias_research/NN_pretrain/wandb/run-20241213_144636-g9ffhxqn/files/output.log
2024-12-13 14:49:31,328 DEBUG   HandlerThread:788 [handler.py:handle_request():144] handle_request: status_report
2024-12-13 14:49:32,046 INFO    Thread-12 :788 [dir_watcher.py:_on_file_modified():295] file/dir modified: /Users/aklywtx/Desktop/VLM_Bias_research/NN_pretrain/wandb/run-20241213_144636-g9ffhxqn/files/output.log
2024-12-13 14:49:34,057 INFO    Thread-12 :788 [dir_watcher.py:_on_file_modified():295] file/dir modified: /Users/aklywtx/Desktop/VLM_Bias_research/NN_pretrain/wandb/run-20241213_144636-g9ffhxqn/files/output.log
2024-12-13 14:49:36,067 INFO    Thread-12 :788 [dir_watcher.py:_on_file_modified():295] file/dir modified: /Users/aklywtx/Desktop/VLM_Bias_research/NN_pretrain/wandb/run-20241213_144636-g9ffhxqn/files/output.log
2024-12-13 14:49:36,918 DEBUG   HandlerThread:788 [handler.py:handle_request():144] handle_request: status_report
2024-12-13 14:49:36,990 DEBUG   HandlerThread:788 [handler.py:handle_request():144] handle_request: partial_history
2024-12-13 14:49:36,991 DEBUG   SenderThread:788 [sender.py:send():375] send: history
2024-12-13 14:49:36,991 DEBUG   SenderThread:788 [sender.py:send_request():402] send_request: summary_record
2024-12-13 14:49:36,991 INFO    SenderThread:788 [sender.py:_save_file():1378] saving file wandb-summary.json with policy end
2024-12-13 14:49:37,072 INFO    Thread-12 :788 [dir_watcher.py:_on_file_modified():295] file/dir modified: /Users/aklywtx/Desktop/VLM_Bias_research/NN_pretrain/wandb/run-20241213_144636-g9ffhxqn/files/wandb-summary.json
2024-12-13 14:49:37,418 DEBUG   SenderThread:788 [sender.py:send():375] send: stats
2024-12-13 14:49:38,078 INFO    Thread-12 :788 [dir_watcher.py:_on_file_modified():295] file/dir modified: /Users/aklywtx/Desktop/VLM_Bias_research/NN_pretrain/wandb/run-20241213_144636-g9ffhxqn/files/output.log
2024-12-13 14:49:38,311 DEBUG   SenderThread:788 [sender.py:send():375] send: exit
2024-12-13 14:49:38,311 INFO    SenderThread:788 [sender.py:send_exit():598] handling exit code: 1
2024-12-13 14:49:38,311 INFO    SenderThread:788 [sender.py:send_exit():600] handling runtime: 180
2024-12-13 14:49:38,312 INFO    SenderThread:788 [sender.py:_save_file():1378] saving file wandb-summary.json with policy end
2024-12-13 14:49:38,312 INFO    SenderThread:788 [sender.py:send_exit():606] send defer
2024-12-13 14:49:38,312 DEBUG   HandlerThread:788 [handler.py:handle_request():144] handle_request: defer
2024-12-13 14:49:38,312 INFO    HandlerThread:788 [handler.py:handle_request_defer():170] handle defer: 0
2024-12-13 14:49:38,312 DEBUG   SenderThread:788 [sender.py:send_request():402] send_request: defer
2024-12-13 14:49:38,312 INFO    SenderThread:788 [sender.py:send_request_defer():622] handle sender defer: 0
2024-12-13 14:49:38,312 INFO    SenderThread:788 [sender.py:transition_state():626] send defer: 1
2024-12-13 14:49:38,312 DEBUG   HandlerThread:788 [handler.py:handle_request():144] handle_request: defer
2024-12-13 14:49:38,312 INFO    HandlerThread:788 [handler.py:handle_request_defer():170] handle defer: 1
2024-12-13 14:49:38,312 DEBUG   SenderThread:788 [sender.py:send_request():402] send_request: defer
2024-12-13 14:49:38,312 INFO    SenderThread:788 [sender.py:send_request_defer():622] handle sender defer: 1
2024-12-13 14:49:38,312 INFO    SenderThread:788 [sender.py:transition_state():626] send defer: 2
2024-12-13 14:49:38,313 DEBUG   HandlerThread:788 [handler.py:handle_request():144] handle_request: defer
2024-12-13 14:49:38,313 INFO    HandlerThread:788 [handler.py:handle_request_defer():170] handle defer: 2
2024-12-13 14:49:38,313 INFO    HandlerThread:788 [system_monitor.py:finish():190] Stopping system monitor
2024-12-13 14:49:38,313 DEBUG   SystemMonitor:788 [system_monitor.py:_start():166] Finished system metrics aggregation loop
2024-12-13 14:49:38,313 INFO    HandlerThread:788 [interfaces.py:finish():202] Joined cpu monitor
2024-12-13 14:49:38,313 DEBUG   SystemMonitor:788 [system_monitor.py:_start():170] Publishing last batch of metrics
2024-12-13 14:49:38,313 INFO    HandlerThread:788 [interfaces.py:finish():202] Joined disk monitor
2024-12-13 14:49:38,313 INFO    HandlerThread:788 [interfaces.py:finish():202] Joined memory monitor
2024-12-13 14:49:38,313 INFO    HandlerThread:788 [interfaces.py:finish():202] Joined network monitor
2024-12-13 14:49:38,314 DEBUG   SenderThread:788 [sender.py:send_request():402] send_request: defer
2024-12-13 14:49:38,314 INFO    SenderThread:788 [sender.py:send_request_defer():622] handle sender defer: 2
2024-12-13 14:49:38,314 INFO    SenderThread:788 [sender.py:transition_state():626] send defer: 3
2024-12-13 14:49:38,314 DEBUG   SenderThread:788 [sender.py:send():375] send: stats
2024-12-13 14:49:38,314 DEBUG   HandlerThread:788 [handler.py:handle_request():144] handle_request: defer
2024-12-13 14:49:38,314 INFO    HandlerThread:788 [handler.py:handle_request_defer():170] handle defer: 3
2024-12-13 14:49:38,314 DEBUG   SenderThread:788 [sender.py:send_request():402] send_request: defer
2024-12-13 14:49:38,314 INFO    SenderThread:788 [sender.py:send_request_defer():622] handle sender defer: 3
2024-12-13 14:49:38,314 INFO    SenderThread:788 [sender.py:transition_state():626] send defer: 4
2024-12-13 14:49:38,314 DEBUG   HandlerThread:788 [handler.py:handle_request():144] handle_request: defer
2024-12-13 14:49:38,314 INFO    HandlerThread:788 [handler.py:handle_request_defer():170] handle defer: 4
2024-12-13 14:49:38,314 DEBUG   SenderThread:788 [sender.py:send_request():402] send_request: defer
2024-12-13 14:49:38,314 INFO    SenderThread:788 [sender.py:send_request_defer():622] handle sender defer: 4
2024-12-13 14:49:38,315 INFO    SenderThread:788 [sender.py:transition_state():626] send defer: 5
2024-12-13 14:49:38,315 DEBUG   HandlerThread:788 [handler.py:handle_request():144] handle_request: defer
2024-12-13 14:49:38,315 INFO    HandlerThread:788 [handler.py:handle_request_defer():170] handle defer: 5
2024-12-13 14:49:38,315 DEBUG   SenderThread:788 [sender.py:send():375] send: summary
2024-12-13 14:49:38,315 INFO    SenderThread:788 [sender.py:_save_file():1378] saving file wandb-summary.json with policy end
2024-12-13 14:49:38,315 DEBUG   SenderThread:788 [sender.py:send_request():402] send_request: defer
2024-12-13 14:49:38,315 INFO    SenderThread:788 [sender.py:send_request_defer():622] handle sender defer: 5
2024-12-13 14:49:38,315 INFO    SenderThread:788 [sender.py:transition_state():626] send defer: 6
2024-12-13 14:49:38,316 DEBUG   HandlerThread:788 [handler.py:handle_request():144] handle_request: defer
2024-12-13 14:49:38,316 INFO    HandlerThread:788 [handler.py:handle_request_defer():170] handle defer: 6
2024-12-13 14:49:38,316 DEBUG   SenderThread:788 [sender.py:send_request():402] send_request: defer
2024-12-13 14:49:38,316 INFO    SenderThread:788 [sender.py:send_request_defer():622] handle sender defer: 6
2024-12-13 14:49:38,316 INFO    SenderThread:788 [sender.py:transition_state():626] send defer: 7
2024-12-13 14:49:38,316 DEBUG   HandlerThread:788 [handler.py:handle_request():144] handle_request: status_report
2024-12-13 14:49:38,316 DEBUG   HandlerThread:788 [handler.py:handle_request():144] handle_request: defer
2024-12-13 14:49:38,316 INFO    HandlerThread:788 [handler.py:handle_request_defer():170] handle defer: 7
2024-12-13 14:49:38,316 DEBUG   SenderThread:788 [sender.py:send_request():402] send_request: defer
2024-12-13 14:49:38,316 INFO    SenderThread:788 [sender.py:send_request_defer():622] handle sender defer: 7
2024-12-13 14:49:39,081 INFO    Thread-12 :788 [dir_watcher.py:_on_file_modified():295] file/dir modified: /Users/aklywtx/Desktop/VLM_Bias_research/NN_pretrain/wandb/run-20241213_144636-g9ffhxqn/files/output.log
2024-12-13 14:49:39,082 INFO    Thread-12 :788 [dir_watcher.py:_on_file_modified():295] file/dir modified: /Users/aklywtx/Desktop/VLM_Bias_research/NN_pretrain/wandb/run-20241213_144636-g9ffhxqn/files/wandb-summary.json
2024-12-13 14:49:39,314 DEBUG   HandlerThread:788 [handler.py:handle_request():144] handle_request: poll_exit
2024-12-13 14:49:40,085 INFO    Thread-12 :788 [dir_watcher.py:_on_file_modified():295] file/dir modified: /Users/aklywtx/Desktop/VLM_Bias_research/NN_pretrain/wandb/run-20241213_144636-g9ffhxqn/files/output.log
2024-12-13 14:49:41,005 INFO    SenderThread:788 [sender.py:transition_state():626] send defer: 8
2024-12-13 14:49:41,006 DEBUG   SenderThread:788 [sender.py:send_request():402] send_request: poll_exit
2024-12-13 14:49:41,008 DEBUG   HandlerThread:788 [handler.py:handle_request():144] handle_request: defer
2024-12-13 14:49:41,008 INFO    HandlerThread:788 [handler.py:handle_request_defer():170] handle defer: 8
2024-12-13 14:49:41,008 DEBUG   SenderThread:788 [sender.py:send_request():402] send_request: defer
2024-12-13 14:49:41,008 INFO    SenderThread:788 [sender.py:send_request_defer():622] handle sender defer: 8
2024-12-13 14:49:41,019 INFO    SenderThread:788 [sender.py:transition_state():626] send defer: 9
2024-12-13 14:49:41,019 DEBUG   HandlerThread:788 [handler.py:handle_request():144] handle_request: defer
2024-12-13 14:49:41,019 DEBUG   SenderThread:788 [sender.py:send():375] send: artifact
2024-12-13 14:49:41,019 INFO    HandlerThread:788 [handler.py:handle_request_defer():170] handle defer: 9
2024-12-13 14:49:41,092 INFO    Thread-12 :788 [dir_watcher.py:_on_file_modified():295] file/dir modified: /Users/aklywtx/Desktop/VLM_Bias_research/NN_pretrain/wandb/run-20241213_144636-g9ffhxqn/files/output.log
2024-12-13 14:49:41,869 INFO    SenderThread:788 [sender.py:send_artifact():1474] sent artifact job-git_github.com_aklywtx_NN_pretrain.git_models_mlp_train.py - {'id': 'QXJ0aWZhY3Q6MTM2OTc3NDM3Nw==', 'digest': '2fb326c6e30cfb68f5c0624d5b1a2291', 'state': 'COMMITTED', 'aliases': [{'artifactCollectionName': 'job-git_github.com_aklywtx_NN_pretrain.git_models_mlp_train.py', 'alias': 'latest'}, {'artifactCollectionName': 'job-git_github.com_aklywtx_NN_pretrain.git_models_mlp_train.py', 'alias': 'v5'}], 'artifactSequence': {'id': 'QXJ0aWZhY3RDb2xsZWN0aW9uOjQ5NjYxOTk2OQ==', 'latestArtifact': {'id': 'QXJ0aWZhY3Q6MTM2OTc3NDM3Nw==', 'versionIndex': 5}}, 'version': 'v5'}
2024-12-13 14:49:41,869 DEBUG   SenderThread:788 [sender.py:send_request():402] send_request: defer
2024-12-13 14:49:41,869 INFO    SenderThread:788 [sender.py:send_request_defer():622] handle sender defer: 9
2024-12-13 14:49:41,869 INFO    SenderThread:788 [dir_watcher.py:finish():365] shutting down directory watcher
2024-12-13 14:49:42,097 INFO    SenderThread:788 [dir_watcher.py:finish():395] scan: /Users/aklywtx/Desktop/VLM_Bias_research/NN_pretrain/wandb/run-20241213_144636-g9ffhxqn/files
2024-12-13 14:49:42,097 INFO    SenderThread:788 [dir_watcher.py:finish():409] scan save: /Users/aklywtx/Desktop/VLM_Bias_research/NN_pretrain/wandb/run-20241213_144636-g9ffhxqn/files/requirements.txt requirements.txt
2024-12-13 14:49:42,097 INFO    SenderThread:788 [dir_watcher.py:finish():409] scan save: /Users/aklywtx/Desktop/VLM_Bias_research/NN_pretrain/wandb/run-20241213_144636-g9ffhxqn/files/output.log output.log
2024-12-13 14:49:42,099 INFO    SenderThread:788 [dir_watcher.py:finish():409] scan save: /Users/aklywtx/Desktop/VLM_Bias_research/NN_pretrain/wandb/run-20241213_144636-g9ffhxqn/files/config.yaml config.yaml
2024-12-13 14:49:42,099 INFO    SenderThread:788 [dir_watcher.py:finish():409] scan save: /Users/aklywtx/Desktop/VLM_Bias_research/NN_pretrain/wandb/run-20241213_144636-g9ffhxqn/files/wandb-summary.json wandb-summary.json
2024-12-13 14:49:42,100 INFO    SenderThread:788 [dir_watcher.py:finish():409] scan save: /Users/aklywtx/Desktop/VLM_Bias_research/NN_pretrain/wandb/run-20241213_144636-g9ffhxqn/files/conda-environment.yaml conda-environment.yaml
2024-12-13 14:49:42,100 INFO    SenderThread:788 [dir_watcher.py:finish():409] scan save: /Users/aklywtx/Desktop/VLM_Bias_research/NN_pretrain/wandb/run-20241213_144636-g9ffhxqn/files/wandb-metadata.json wandb-metadata.json
2024-12-13 14:49:42,102 INFO    SenderThread:788 [sender.py:transition_state():626] send defer: 10
2024-12-13 14:49:42,103 DEBUG   HandlerThread:788 [handler.py:handle_request():144] handle_request: defer
2024-12-13 14:49:42,103 INFO    HandlerThread:788 [handler.py:handle_request_defer():170] handle defer: 10
2024-12-13 14:49:42,105 DEBUG   SenderThread:788 [sender.py:send_request():402] send_request: defer
2024-12-13 14:49:42,105 INFO    SenderThread:788 [sender.py:send_request_defer():622] handle sender defer: 10
2024-12-13 14:49:42,105 INFO    SenderThread:788 [file_pusher.py:finish():167] shutting down file pusher
2024-12-13 14:49:42,607 INFO    wandb-upload_0:788 [upload_job.py:push():137] Uploaded file /Users/aklywtx/Desktop/VLM_Bias_research/NN_pretrain/wandb/run-20241213_144636-g9ffhxqn/files/requirements.txt
2024-12-13 14:49:42,640 INFO    wandb-upload_1:788 [upload_job.py:push():137] Uploaded file /Users/aklywtx/Desktop/VLM_Bias_research/NN_pretrain/wandb/run-20241213_144636-g9ffhxqn/files/output.log
2024-12-13 14:49:42,696 INFO    wandb-upload_3:788 [upload_job.py:push():137] Uploaded file /Users/aklywtx/Desktop/VLM_Bias_research/NN_pretrain/wandb/run-20241213_144636-g9ffhxqn/files/wandb-summary.json
2024-12-13 14:49:42,697 INFO    wandb-upload_2:788 [upload_job.py:push():137] Uploaded file /Users/aklywtx/Desktop/VLM_Bias_research/NN_pretrain/wandb/run-20241213_144636-g9ffhxqn/files/config.yaml
2024-12-13 14:49:42,699 INFO    wandb-upload_4:788 [upload_job.py:push():137] Uploaded file /Users/aklywtx/Desktop/VLM_Bias_research/NN_pretrain/wandb/run-20241213_144636-g9ffhxqn/files/conda-environment.yaml
2024-12-13 14:49:42,904 INFO    Thread-11 :788 [sender.py:transition_state():626] send defer: 11
2024-12-13 14:49:42,905 DEBUG   HandlerThread:788 [handler.py:handle_request():144] handle_request: defer
2024-12-13 14:49:42,905 INFO    HandlerThread:788 [handler.py:handle_request_defer():170] handle defer: 11
2024-12-13 14:49:42,906 DEBUG   SenderThread:788 [sender.py:send_request():402] send_request: defer
2024-12-13 14:49:42,906 INFO    SenderThread:788 [sender.py:send_request_defer():622] handle sender defer: 11
2024-12-13 14:49:42,906 INFO    SenderThread:788 [file_pusher.py:join():172] waiting for file pusher
2024-12-13 14:49:42,906 INFO    SenderThread:788 [sender.py:transition_state():626] send defer: 12
2024-12-13 14:49:42,907 DEBUG   HandlerThread:788 [handler.py:handle_request():144] handle_request: defer
2024-12-13 14:49:42,907 INFO    HandlerThread:788 [handler.py:handle_request_defer():170] handle defer: 12
2024-12-13 14:49:42,907 DEBUG   SenderThread:788 [sender.py:send_request():402] send_request: defer
2024-12-13 14:49:42,907 INFO    SenderThread:788 [sender.py:send_request_defer():622] handle sender defer: 12
2024-12-13 14:49:43,451 INFO    SenderThread:788 [sender.py:transition_state():626] send defer: 13
2024-12-13 14:49:43,451 DEBUG   HandlerThread:788 [handler.py:handle_request():144] handle_request: defer
2024-12-13 14:49:43,451 INFO    HandlerThread:788 [handler.py:handle_request_defer():170] handle defer: 13
2024-12-13 14:49:43,452 DEBUG   SenderThread:788 [sender.py:send_request():402] send_request: defer
2024-12-13 14:49:43,452 INFO    SenderThread:788 [sender.py:send_request_defer():622] handle sender defer: 13
2024-12-13 14:49:43,452 INFO    SenderThread:788 [sender.py:transition_state():626] send defer: 14
2024-12-13 14:49:43,452 DEBUG   HandlerThread:788 [handler.py:handle_request():144] handle_request: defer
2024-12-13 14:49:43,452 INFO    HandlerThread:788 [handler.py:handle_request_defer():170] handle defer: 14
2024-12-13 14:49:43,453 DEBUG   SenderThread:788 [sender.py:send():375] send: final
2024-12-13 14:49:43,453 DEBUG   SenderThread:788 [sender.py:send():375] send: footer
2024-12-13 14:49:43,453 DEBUG   SenderThread:788 [sender.py:send_request():402] send_request: defer
2024-12-13 14:49:43,453 INFO    SenderThread:788 [sender.py:send_request_defer():622] handle sender defer: 14
2024-12-13 14:49:43,453 DEBUG   HandlerThread:788 [handler.py:handle_request():144] handle_request: poll_exit
2024-12-13 14:49:43,453 DEBUG   HandlerThread:788 [handler.py:handle_request():144] handle_request: server_info
2024-12-13 14:49:43,454 DEBUG   SenderThread:788 [sender.py:send_request():402] send_request: poll_exit
2024-12-13 14:49:43,454 DEBUG   HandlerThread:788 [handler.py:handle_request():144] handle_request: get_summary
2024-12-13 14:49:43,454 DEBUG   HandlerThread:788 [handler.py:handle_request():144] handle_request: sampled_history
2024-12-13 14:49:43,455 DEBUG   SenderThread:788 [sender.py:send_request():402] send_request: server_info
2024-12-13 14:49:43,657 INFO    MainThread:788 [wandb_run.py:_footer_history_summary_info():3469] rendering history
2024-12-13 14:49:43,658 INFO    MainThread:788 [wandb_run.py:_footer_history_summary_info():3501] rendering summary
2024-12-13 14:49:43,658 INFO    MainThread:788 [wandb_run.py:_footer_sync_info():3428] logging synced files
2024-12-13 14:49:43,659 DEBUG   HandlerThread:788 [handler.py:handle_request():144] handle_request: shutdown
2024-12-13 14:49:43,659 INFO    HandlerThread:788 [handler.py:finish():842] shutting down handler
2024-12-13 14:49:44,460 INFO    WriterThread:788 [datastore.py:close():298] close: /Users/aklywtx/Desktop/VLM_Bias_research/NN_pretrain/wandb/run-20241213_144636-g9ffhxqn/run-g9ffhxqn.wandb
2024-12-13 14:49:44,662 INFO    SenderThread:788 [sender.py:finish():1550] shutting down sender
2024-12-13 14:49:44,663 INFO    SenderThread:788 [file_pusher.py:finish():167] shutting down file pusher
2024-12-13 14:49:44,663 INFO    SenderThread:788 [file_pusher.py:join():172] waiting for file pusher
