2024-12-13 14:22:34,082 INFO    StreamThr :88655 [internal.py:wandb_internal():86] W&B internal server running at pid: 88655, started at: 2024-12-13 14:22:34.082612
2024-12-13 14:22:34,083 DEBUG   HandlerThread:88655 [handler.py:handle_request():144] handle_request: status
2024-12-13 14:22:34,085 INFO    WriterThread:88655 [datastore.py:open_for_write():85] open: /Users/aklywtx/Desktop/VLM_Bias_research/NN_pretrain/wandb/run-20241213_142234-kndwzuct/run-kndwzuct.wandb
2024-12-13 14:22:34,085 DEBUG   SenderThread:88655 [sender.py:send():375] send: header
2024-12-13 14:22:34,109 DEBUG   SenderThread:88655 [sender.py:send():375] send: run
2024-12-13 14:22:34,569 INFO    SenderThread:88655 [dir_watcher.py:__init__():219] watching files in: /Users/aklywtx/Desktop/VLM_Bias_research/NN_pretrain/wandb/run-20241213_142234-kndwzuct/files
2024-12-13 14:22:34,569 INFO    SenderThread:88655 [sender.py:_start_run_threads():1124] run started: kndwzuct with start time 1734096154.081466
2024-12-13 14:22:34,569 DEBUG   SenderThread:88655 [sender.py:send_request():402] send_request: summary_record
2024-12-13 14:22:34,569 INFO    SenderThread:88655 [sender.py:_save_file():1378] saving file wandb-summary.json with policy end
2024-12-13 14:22:34,570 DEBUG   HandlerThread:88655 [handler.py:handle_request():144] handle_request: check_version
2024-12-13 14:22:34,570 DEBUG   SenderThread:88655 [sender.py:send_request():402] send_request: check_version
2024-12-13 14:22:34,789 DEBUG   HandlerThread:88655 [handler.py:handle_request():144] handle_request: run_start
2024-12-13 14:22:34,801 DEBUG   HandlerThread:88655 [system_info.py:__init__():31] System info init
2024-12-13 14:22:34,801 DEBUG   HandlerThread:88655 [system_info.py:__init__():46] System info init done
2024-12-13 14:22:34,801 INFO    HandlerThread:88655 [system_monitor.py:start():181] Starting system monitor
2024-12-13 14:22:34,802 INFO    SystemMonitor:88655 [system_monitor.py:_start():145] Starting system asset monitoring threads
2024-12-13 14:22:34,802 INFO    HandlerThread:88655 [system_monitor.py:probe():201] Collecting system info
2024-12-13 14:22:34,802 INFO    SystemMonitor:88655 [interfaces.py:start():190] Started cpu monitoring
2024-12-13 14:22:34,803 DEBUG   HandlerThread:88655 [system_info.py:probe():195] Probing system
2024-12-13 14:22:34,803 INFO    SystemMonitor:88655 [interfaces.py:start():190] Started disk monitoring
2024-12-13 14:22:34,803 INFO    SystemMonitor:88655 [interfaces.py:start():190] Started memory monitoring
2024-12-13 14:22:34,804 INFO    SystemMonitor:88655 [interfaces.py:start():190] Started network monitoring
2024-12-13 14:22:34,807 DEBUG   HandlerThread:88655 [system_info.py:_probe_git():180] Probing git
2024-12-13 14:22:34,836 DEBUG   HandlerThread:88655 [system_info.py:_probe_git():188] Probing git done
2024-12-13 14:22:34,837 DEBUG   HandlerThread:88655 [system_info.py:probe():240] Probing system done
2024-12-13 14:22:34,837 DEBUG   HandlerThread:88655 [system_monitor.py:probe():210] {'os': 'macOS-14.5-arm64-i386-64bit', 'python': '3.9.13', 'heartbeatAt': '2024-12-13T13:22:34.803153', 'startedAt': '2024-12-13T13:22:34.006932', 'docker': None, 'cuda': None, 'args': (), 'state': 'running', 'program': '/Users/aklywtx/Desktop/VLM_Bias_research/NN_pretrain/models/mlp_train.py', 'codePath': 'models/mlp_train.py', 'git': {'remote': 'git@github.com:aklywtx/NN_pretrain.git', 'commit': 'f82579b1c6a77dde14a500ddae843288b480b67c'}, 'email': 'aklywtx233@163.com', 'root': '/Users/aklywtx/Desktop/VLM_Bias_research/NN_pretrain', 'host': 'MACBOOK-PRO-341.local', 'username': 'aklywtx', 'executable': '/Users/aklywtx/opt/anaconda3/bin/python', 'cpu_count': 8, 'cpu_count_logical': 8, 'disk': {'total': 926.3517189025879, 'used': 893.2316284179688}, 'memory': {'total': 32.0}}
2024-12-13 14:22:34,837 INFO    HandlerThread:88655 [system_monitor.py:probe():211] Finished collecting system info
2024-12-13 14:22:34,837 INFO    HandlerThread:88655 [system_monitor.py:probe():214] Publishing system info
2024-12-13 14:22:34,837 DEBUG   HandlerThread:88655 [system_info.py:_save_pip():51] Saving list of pip packages installed into the current environment
2024-12-13 14:22:34,838 DEBUG   HandlerThread:88655 [system_info.py:_save_pip():67] Saving pip packages done
2024-12-13 14:22:34,838 DEBUG   HandlerThread:88655 [system_info.py:_save_conda():74] Saving list of conda packages installed into the current environment
2024-12-13 14:22:35,571 INFO    Thread-12 :88655 [dir_watcher.py:_on_file_created():278] file/dir created: /Users/aklywtx/Desktop/VLM_Bias_research/NN_pretrain/wandb/run-20241213_142234-kndwzuct/files/requirements.txt
2024-12-13 14:22:35,571 INFO    Thread-12 :88655 [dir_watcher.py:_on_file_created():278] file/dir created: /Users/aklywtx/Desktop/VLM_Bias_research/NN_pretrain/wandb/run-20241213_142234-kndwzuct/files/conda-environment.yaml
2024-12-13 14:22:35,571 INFO    Thread-12 :88655 [dir_watcher.py:_on_file_created():278] file/dir created: /Users/aklywtx/Desktop/VLM_Bias_research/NN_pretrain/wandb/run-20241213_142234-kndwzuct/files/wandb-summary.json
2024-12-13 14:22:52,122 DEBUG   HandlerThread:88655 [system_info.py:_save_conda():86] Saving conda packages done
2024-12-13 14:22:52,122 INFO    HandlerThread:88655 [system_monitor.py:probe():216] Finished publishing system info
2024-12-13 14:22:52,132 DEBUG   HandlerThread:88655 [handler.py:handle_request():144] handle_request: status_report
2024-12-13 14:22:52,132 DEBUG   HandlerThread:88655 [handler.py:handle_request():144] handle_request: keepalive
2024-12-13 14:22:52,132 DEBUG   HandlerThread:88655 [handler.py:handle_request():144] handle_request: status_report
2024-12-13 14:22:52,132 DEBUG   HandlerThread:88655 [handler.py:handle_request():144] handle_request: keepalive
2024-12-13 14:22:52,132 DEBUG   HandlerThread:88655 [handler.py:handle_request():144] handle_request: status_report
2024-12-13 14:22:52,133 DEBUG   HandlerThread:88655 [handler.py:handle_request():144] handle_request: keepalive
2024-12-13 14:22:52,133 DEBUG   SenderThread:88655 [sender.py:send():375] send: files
2024-12-13 14:22:52,133 INFO    SenderThread:88655 [sender.py:_save_file():1378] saving file wandb-metadata.json with policy now
2024-12-13 14:22:52,135 DEBUG   HandlerThread:88655 [handler.py:handle_request():144] handle_request: stop_status
2024-12-13 14:22:52,136 DEBUG   SenderThread:88655 [sender.py:send_request():402] send_request: stop_status
2024-12-13 14:22:52,362 DEBUG   SenderThread:88655 [sender.py:send():375] send: telemetry
2024-12-13 14:22:52,635 INFO    Thread-12 :88655 [dir_watcher.py:_on_file_modified():295] file/dir modified: /Users/aklywtx/Desktop/VLM_Bias_research/NN_pretrain/wandb/run-20241213_142234-kndwzuct/files/conda-environment.yaml
2024-12-13 14:22:52,636 INFO    Thread-12 :88655 [dir_watcher.py:_on_file_created():278] file/dir created: /Users/aklywtx/Desktop/VLM_Bias_research/NN_pretrain/wandb/run-20241213_142234-kndwzuct/files/wandb-metadata.json
2024-12-13 14:22:52,847 INFO    wandb-upload_0:88655 [upload_job.py:push():137] Uploaded file /var/folders/b8/j860yxxx1bb1pjgc34kr65dm0000gn/T/tmp8zsow6sdwandb/smtuqtxv-wandb-metadata.json
2024-12-13 14:22:53,635 INFO    Thread-12 :88655 [dir_watcher.py:_on_file_created():278] file/dir created: /Users/aklywtx/Desktop/VLM_Bias_research/NN_pretrain/wandb/run-20241213_142234-kndwzuct/files/output.log
2024-12-13 14:22:54,849 DEBUG   HandlerThread:88655 [handler.py:handle_request():144] handle_request: status_report
2024-12-13 14:22:55,646 INFO    Thread-12 :88655 [dir_watcher.py:_on_file_modified():295] file/dir modified: /Users/aklywtx/Desktop/VLM_Bias_research/NN_pretrain/wandb/run-20241213_142234-kndwzuct/files/output.log
2024-12-13 14:22:57,656 INFO    Thread-12 :88655 [dir_watcher.py:_on_file_modified():295] file/dir modified: /Users/aklywtx/Desktop/VLM_Bias_research/NN_pretrain/wandb/run-20241213_142234-kndwzuct/files/output.log
2024-12-13 14:22:59,667 INFO    Thread-12 :88655 [dir_watcher.py:_on_file_modified():295] file/dir modified: /Users/aklywtx/Desktop/VLM_Bias_research/NN_pretrain/wandb/run-20241213_142234-kndwzuct/files/output.log
2024-12-13 14:23:00,027 DEBUG   HandlerThread:88655 [handler.py:handle_request():144] handle_request: status_report
2024-12-13 14:23:01,673 INFO    Thread-12 :88655 [dir_watcher.py:_on_file_modified():295] file/dir modified: /Users/aklywtx/Desktop/VLM_Bias_research/NN_pretrain/wandb/run-20241213_142234-kndwzuct/files/output.log
2024-12-13 14:23:03,680 INFO    Thread-12 :88655 [dir_watcher.py:_on_file_modified():295] file/dir modified: /Users/aklywtx/Desktop/VLM_Bias_research/NN_pretrain/wandb/run-20241213_142234-kndwzuct/files/output.log
2024-12-13 14:23:05,120 DEBUG   HandlerThread:88655 [handler.py:handle_request():144] handle_request: status_report
2024-12-13 14:23:05,690 INFO    Thread-12 :88655 [dir_watcher.py:_on_file_modified():295] file/dir modified: /Users/aklywtx/Desktop/VLM_Bias_research/NN_pretrain/wandb/run-20241213_142234-kndwzuct/files/output.log
2024-12-13 14:23:05,690 INFO    Thread-12 :88655 [dir_watcher.py:_on_file_modified():295] file/dir modified: /Users/aklywtx/Desktop/VLM_Bias_research/NN_pretrain/wandb/run-20241213_142234-kndwzuct/files/config.yaml
2024-12-13 14:23:07,143 DEBUG   HandlerThread:88655 [handler.py:handle_request():144] handle_request: stop_status
2024-12-13 14:23:07,143 DEBUG   SenderThread:88655 [sender.py:send_request():402] send_request: stop_status
2024-12-13 14:23:07,697 INFO    Thread-12 :88655 [dir_watcher.py:_on_file_modified():295] file/dir modified: /Users/aklywtx/Desktop/VLM_Bias_research/NN_pretrain/wandb/run-20241213_142234-kndwzuct/files/output.log
2024-12-13 14:23:07,939 DEBUG   HandlerThread:88655 [handler.py:handle_request():144] handle_request: partial_history
2024-12-13 14:23:07,954 DEBUG   SenderThread:88655 [sender.py:send():375] send: history
2024-12-13 14:23:07,955 DEBUG   SenderThread:88655 [sender.py:send_request():402] send_request: summary_record
2024-12-13 14:23:07,956 INFO    SenderThread:88655 [sender.py:_save_file():1378] saving file wandb-summary.json with policy end
2024-12-13 14:23:08,701 INFO    Thread-12 :88655 [dir_watcher.py:_on_file_modified():295] file/dir modified: /Users/aklywtx/Desktop/VLM_Bias_research/NN_pretrain/wandb/run-20241213_142234-kndwzuct/files/wandb-summary.json
2024-12-13 14:23:09,707 INFO    Thread-12 :88655 [dir_watcher.py:_on_file_modified():295] file/dir modified: /Users/aklywtx/Desktop/VLM_Bias_research/NN_pretrain/wandb/run-20241213_142234-kndwzuct/files/output.log
2024-12-13 14:23:10,318 DEBUG   HandlerThread:88655 [handler.py:handle_request():144] handle_request: status_report
2024-12-13 14:23:11,714 INFO    Thread-12 :88655 [dir_watcher.py:_on_file_modified():295] file/dir modified: /Users/aklywtx/Desktop/VLM_Bias_research/NN_pretrain/wandb/run-20241213_142234-kndwzuct/files/output.log
2024-12-13 14:23:13,716 INFO    Thread-12 :88655 [dir_watcher.py:_on_file_modified():295] file/dir modified: /Users/aklywtx/Desktop/VLM_Bias_research/NN_pretrain/wandb/run-20241213_142234-kndwzuct/files/output.log
2024-12-13 14:23:15,365 DEBUG   HandlerThread:88655 [handler.py:handle_request():144] handle_request: status_report
2024-12-13 14:23:15,727 INFO    Thread-12 :88655 [dir_watcher.py:_on_file_modified():295] file/dir modified: /Users/aklywtx/Desktop/VLM_Bias_research/NN_pretrain/wandb/run-20241213_142234-kndwzuct/files/output.log
2024-12-13 14:23:17,738 INFO    Thread-12 :88655 [dir_watcher.py:_on_file_modified():295] file/dir modified: /Users/aklywtx/Desktop/VLM_Bias_research/NN_pretrain/wandb/run-20241213_142234-kndwzuct/files/output.log
2024-12-13 14:23:19,746 INFO    Thread-12 :88655 [dir_watcher.py:_on_file_modified():295] file/dir modified: /Users/aklywtx/Desktop/VLM_Bias_research/NN_pretrain/wandb/run-20241213_142234-kndwzuct/files/output.log
2024-12-13 14:23:20,547 DEBUG   HandlerThread:88655 [handler.py:handle_request():144] handle_request: status_report
2024-12-13 14:23:21,751 INFO    Thread-12 :88655 [dir_watcher.py:_on_file_modified():295] file/dir modified: /Users/aklywtx/Desktop/VLM_Bias_research/NN_pretrain/wandb/run-20241213_142234-kndwzuct/files/output.log
2024-12-13 14:23:22,144 DEBUG   HandlerThread:88655 [handler.py:handle_request():144] handle_request: stop_status
2024-12-13 14:23:22,144 DEBUG   SenderThread:88655 [sender.py:send_request():402] send_request: stop_status
2024-12-13 14:23:23,009 DEBUG   HandlerThread:88655 [handler.py:handle_request():144] handle_request: partial_history
2024-12-13 14:23:23,011 DEBUG   SenderThread:88655 [sender.py:send():375] send: history
2024-12-13 14:23:23,011 DEBUG   SenderThread:88655 [sender.py:send_request():402] send_request: summary_record
2024-12-13 14:23:23,013 INFO    SenderThread:88655 [sender.py:_save_file():1378] saving file wandb-summary.json with policy end
2024-12-13 14:23:23,757 INFO    Thread-12 :88655 [dir_watcher.py:_on_file_modified():295] file/dir modified: /Users/aklywtx/Desktop/VLM_Bias_research/NN_pretrain/wandb/run-20241213_142234-kndwzuct/files/output.log
2024-12-13 14:23:23,757 INFO    Thread-12 :88655 [dir_watcher.py:_on_file_modified():295] file/dir modified: /Users/aklywtx/Desktop/VLM_Bias_research/NN_pretrain/wandb/run-20241213_142234-kndwzuct/files/wandb-summary.json
2024-12-13 14:23:25,628 DEBUG   HandlerThread:88655 [handler.py:handle_request():144] handle_request: status_report
2024-12-13 14:23:25,767 INFO    Thread-12 :88655 [dir_watcher.py:_on_file_modified():295] file/dir modified: /Users/aklywtx/Desktop/VLM_Bias_research/NN_pretrain/wandb/run-20241213_142234-kndwzuct/files/output.log
2024-12-13 14:23:27,772 INFO    Thread-12 :88655 [dir_watcher.py:_on_file_modified():295] file/dir modified: /Users/aklywtx/Desktop/VLM_Bias_research/NN_pretrain/wandb/run-20241213_142234-kndwzuct/files/output.log
2024-12-13 14:23:29,775 INFO    Thread-12 :88655 [dir_watcher.py:_on_file_modified():295] file/dir modified: /Users/aklywtx/Desktop/VLM_Bias_research/NN_pretrain/wandb/run-20241213_142234-kndwzuct/files/output.log
2024-12-13 14:23:30,774 DEBUG   HandlerThread:88655 [handler.py:handle_request():144] handle_request: status_report
2024-12-13 14:23:31,779 INFO    Thread-12 :88655 [dir_watcher.py:_on_file_modified():295] file/dir modified: /Users/aklywtx/Desktop/VLM_Bias_research/NN_pretrain/wandb/run-20241213_142234-kndwzuct/files/output.log
2024-12-13 14:23:33,785 INFO    Thread-12 :88655 [dir_watcher.py:_on_file_modified():295] file/dir modified: /Users/aklywtx/Desktop/VLM_Bias_research/NN_pretrain/wandb/run-20241213_142234-kndwzuct/files/output.log
2024-12-13 14:23:34,808 DEBUG   SystemMonitor:88655 [system_monitor.py:_start():159] Starting system metrics aggregation loop
2024-12-13 14:23:34,809 DEBUG   SenderThread:88655 [sender.py:send():375] send: stats
2024-12-13 14:23:35,795 INFO    Thread-12 :88655 [dir_watcher.py:_on_file_modified():295] file/dir modified: /Users/aklywtx/Desktop/VLM_Bias_research/NN_pretrain/wandb/run-20241213_142234-kndwzuct/files/output.log
2024-12-13 14:23:35,872 DEBUG   HandlerThread:88655 [handler.py:handle_request():144] handle_request: status_report
2024-12-13 14:23:37,149 DEBUG   HandlerThread:88655 [handler.py:handle_request():144] handle_request: stop_status
2024-12-13 14:23:37,150 DEBUG   SenderThread:88655 [sender.py:send_request():402] send_request: stop_status
2024-12-13 14:23:37,762 DEBUG   HandlerThread:88655 [handler.py:handle_request():144] handle_request: partial_history
2024-12-13 14:23:37,763 DEBUG   SenderThread:88655 [sender.py:send():375] send: history
2024-12-13 14:23:37,763 DEBUG   SenderThread:88655 [sender.py:send_request():402] send_request: summary_record
2024-12-13 14:23:37,763 INFO    SenderThread:88655 [sender.py:_save_file():1378] saving file wandb-summary.json with policy end
2024-12-13 14:23:37,809 INFO    Thread-12 :88655 [dir_watcher.py:_on_file_modified():295] file/dir modified: /Users/aklywtx/Desktop/VLM_Bias_research/NN_pretrain/wandb/run-20241213_142234-kndwzuct/files/output.log
2024-12-13 14:23:37,810 INFO    Thread-12 :88655 [dir_watcher.py:_on_file_modified():295] file/dir modified: /Users/aklywtx/Desktop/VLM_Bias_research/NN_pretrain/wandb/run-20241213_142234-kndwzuct/files/wandb-summary.json
2024-12-13 14:23:39,819 INFO    Thread-12 :88655 [dir_watcher.py:_on_file_modified():295] file/dir modified: /Users/aklywtx/Desktop/VLM_Bias_research/NN_pretrain/wandb/run-20241213_142234-kndwzuct/files/output.log
2024-12-13 14:23:41,022 DEBUG   HandlerThread:88655 [handler.py:handle_request():144] handle_request: status_report
2024-12-13 14:23:41,826 INFO    Thread-12 :88655 [dir_watcher.py:_on_file_modified():295] file/dir modified: /Users/aklywtx/Desktop/VLM_Bias_research/NN_pretrain/wandb/run-20241213_142234-kndwzuct/files/output.log
2024-12-13 14:23:43,835 INFO    Thread-12 :88655 [dir_watcher.py:_on_file_modified():295] file/dir modified: /Users/aklywtx/Desktop/VLM_Bias_research/NN_pretrain/wandb/run-20241213_142234-kndwzuct/files/output.log
2024-12-13 14:23:45,843 INFO    Thread-12 :88655 [dir_watcher.py:_on_file_modified():295] file/dir modified: /Users/aklywtx/Desktop/VLM_Bias_research/NN_pretrain/wandb/run-20241213_142234-kndwzuct/files/output.log
2024-12-13 14:23:46,048 DEBUG   HandlerThread:88655 [handler.py:handle_request():144] handle_request: status_report
2024-12-13 14:23:47,848 INFO    Thread-12 :88655 [dir_watcher.py:_on_file_modified():295] file/dir modified: /Users/aklywtx/Desktop/VLM_Bias_research/NN_pretrain/wandb/run-20241213_142234-kndwzuct/files/output.log
2024-12-13 14:23:49,854 INFO    Thread-12 :88655 [dir_watcher.py:_on_file_modified():295] file/dir modified: /Users/aklywtx/Desktop/VLM_Bias_research/NN_pretrain/wandb/run-20241213_142234-kndwzuct/files/output.log
2024-12-13 14:23:51,089 DEBUG   HandlerThread:88655 [handler.py:handle_request():144] handle_request: status_report
2024-12-13 14:23:51,251 DEBUG   HandlerThread:88655 [handler.py:handle_request():144] handle_request: partial_history
2024-12-13 14:23:51,252 DEBUG   SenderThread:88655 [sender.py:send():375] send: history
2024-12-13 14:23:51,252 DEBUG   SenderThread:88655 [sender.py:send_request():402] send_request: summary_record
2024-12-13 14:23:51,252 INFO    SenderThread:88655 [sender.py:_save_file():1378] saving file wandb-summary.json with policy end
2024-12-13 14:23:51,862 INFO    Thread-12 :88655 [dir_watcher.py:_on_file_modified():295] file/dir modified: /Users/aklywtx/Desktop/VLM_Bias_research/NN_pretrain/wandb/run-20241213_142234-kndwzuct/files/output.log
2024-12-13 14:23:51,862 INFO    Thread-12 :88655 [dir_watcher.py:_on_file_modified():295] file/dir modified: /Users/aklywtx/Desktop/VLM_Bias_research/NN_pretrain/wandb/run-20241213_142234-kndwzuct/files/wandb-summary.json
2024-12-13 14:23:52,151 DEBUG   HandlerThread:88655 [handler.py:handle_request():144] handle_request: stop_status
2024-12-13 14:23:52,151 DEBUG   SenderThread:88655 [sender.py:send_request():402] send_request: stop_status
2024-12-13 14:23:53,869 INFO    Thread-12 :88655 [dir_watcher.py:_on_file_modified():295] file/dir modified: /Users/aklywtx/Desktop/VLM_Bias_research/NN_pretrain/wandb/run-20241213_142234-kndwzuct/files/output.log
2024-12-13 14:23:55,878 INFO    Thread-12 :88655 [dir_watcher.py:_on_file_modified():295] file/dir modified: /Users/aklywtx/Desktop/VLM_Bias_research/NN_pretrain/wandb/run-20241213_142234-kndwzuct/files/output.log
2024-12-13 14:23:56,132 DEBUG   HandlerThread:88655 [handler.py:handle_request():144] handle_request: status_report
2024-12-13 14:23:57,884 INFO    Thread-12 :88655 [dir_watcher.py:_on_file_modified():295] file/dir modified: /Users/aklywtx/Desktop/VLM_Bias_research/NN_pretrain/wandb/run-20241213_142234-kndwzuct/files/output.log
2024-12-13 14:23:59,891 INFO    Thread-12 :88655 [dir_watcher.py:_on_file_modified():295] file/dir modified: /Users/aklywtx/Desktop/VLM_Bias_research/NN_pretrain/wandb/run-20241213_142234-kndwzuct/files/output.log
2024-12-13 14:24:01,225 DEBUG   HandlerThread:88655 [handler.py:handle_request():144] handle_request: status_report
2024-12-13 14:24:01,898 INFO    Thread-12 :88655 [dir_watcher.py:_on_file_modified():295] file/dir modified: /Users/aklywtx/Desktop/VLM_Bias_research/NN_pretrain/wandb/run-20241213_142234-kndwzuct/files/output.log
2024-12-13 14:24:03,905 INFO    Thread-12 :88655 [dir_watcher.py:_on_file_modified():295] file/dir modified: /Users/aklywtx/Desktop/VLM_Bias_research/NN_pretrain/wandb/run-20241213_142234-kndwzuct/files/output.log
2024-12-13 14:24:04,815 DEBUG   SenderThread:88655 [sender.py:send():375] send: stats
2024-12-13 14:24:04,940 DEBUG   HandlerThread:88655 [handler.py:handle_request():144] handle_request: partial_history
2024-12-13 14:24:04,943 DEBUG   SenderThread:88655 [sender.py:send():375] send: history
2024-12-13 14:24:04,943 DEBUG   SenderThread:88655 [sender.py:send_request():402] send_request: summary_record
2024-12-13 14:24:04,943 INFO    SenderThread:88655 [sender.py:_save_file():1378] saving file wandb-summary.json with policy end
2024-12-13 14:24:05,915 INFO    Thread-12 :88655 [dir_watcher.py:_on_file_modified():295] file/dir modified: /Users/aklywtx/Desktop/VLM_Bias_research/NN_pretrain/wandb/run-20241213_142234-kndwzuct/files/output.log
2024-12-13 14:24:05,915 INFO    Thread-12 :88655 [dir_watcher.py:_on_file_modified():295] file/dir modified: /Users/aklywtx/Desktop/VLM_Bias_research/NN_pretrain/wandb/run-20241213_142234-kndwzuct/files/wandb-summary.json
2024-12-13 14:24:06,277 DEBUG   HandlerThread:88655 [handler.py:handle_request():144] handle_request: status_report
2024-12-13 14:24:07,157 DEBUG   HandlerThread:88655 [handler.py:handle_request():144] handle_request: stop_status
2024-12-13 14:24:07,157 DEBUG   SenderThread:88655 [sender.py:send_request():402] send_request: stop_status
2024-12-13 14:24:07,925 INFO    Thread-12 :88655 [dir_watcher.py:_on_file_modified():295] file/dir modified: /Users/aklywtx/Desktop/VLM_Bias_research/NN_pretrain/wandb/run-20241213_142234-kndwzuct/files/output.log
2024-12-13 14:24:09,931 INFO    Thread-12 :88655 [dir_watcher.py:_on_file_modified():295] file/dir modified: /Users/aklywtx/Desktop/VLM_Bias_research/NN_pretrain/wandb/run-20241213_142234-kndwzuct/files/output.log
2024-12-13 14:24:11,365 DEBUG   HandlerThread:88655 [handler.py:handle_request():144] handle_request: status_report
2024-12-13 14:24:11,935 INFO    Thread-12 :88655 [dir_watcher.py:_on_file_modified():295] file/dir modified: /Users/aklywtx/Desktop/VLM_Bias_research/NN_pretrain/wandb/run-20241213_142234-kndwzuct/files/output.log
2024-12-13 14:24:13,944 INFO    Thread-12 :88655 [dir_watcher.py:_on_file_modified():295] file/dir modified: /Users/aklywtx/Desktop/VLM_Bias_research/NN_pretrain/wandb/run-20241213_142234-kndwzuct/files/output.log
2024-12-13 14:24:15,948 INFO    Thread-12 :88655 [dir_watcher.py:_on_file_modified():295] file/dir modified: /Users/aklywtx/Desktop/VLM_Bias_research/NN_pretrain/wandb/run-20241213_142234-kndwzuct/files/output.log
2024-12-13 14:24:16,491 DEBUG   HandlerThread:88655 [handler.py:handle_request():144] handle_request: status_report
2024-12-13 14:24:17,952 INFO    Thread-12 :88655 [dir_watcher.py:_on_file_modified():295] file/dir modified: /Users/aklywtx/Desktop/VLM_Bias_research/NN_pretrain/wandb/run-20241213_142234-kndwzuct/files/output.log
2024-12-13 14:24:18,760 DEBUG   HandlerThread:88655 [handler.py:handle_request():144] handle_request: partial_history
2024-12-13 14:24:18,762 DEBUG   SenderThread:88655 [sender.py:send():375] send: history
2024-12-13 14:24:18,762 DEBUG   SenderThread:88655 [sender.py:send_request():402] send_request: summary_record
2024-12-13 14:24:18,762 INFO    SenderThread:88655 [sender.py:_save_file():1378] saving file wandb-summary.json with policy end
2024-12-13 14:24:18,958 INFO    Thread-12 :88655 [dir_watcher.py:_on_file_modified():295] file/dir modified: /Users/aklywtx/Desktop/VLM_Bias_research/NN_pretrain/wandb/run-20241213_142234-kndwzuct/files/wandb-summary.json
2024-12-13 14:24:19,963 INFO    Thread-12 :88655 [dir_watcher.py:_on_file_modified():295] file/dir modified: /Users/aklywtx/Desktop/VLM_Bias_research/NN_pretrain/wandb/run-20241213_142234-kndwzuct/files/output.log
2024-12-13 14:24:21,533 DEBUG   HandlerThread:88655 [handler.py:handle_request():144] handle_request: status_report
2024-12-13 14:24:21,973 INFO    Thread-12 :88655 [dir_watcher.py:_on_file_modified():295] file/dir modified: /Users/aklywtx/Desktop/VLM_Bias_research/NN_pretrain/wandb/run-20241213_142234-kndwzuct/files/output.log
2024-12-13 14:24:22,157 DEBUG   HandlerThread:88655 [handler.py:handle_request():144] handle_request: stop_status
2024-12-13 14:24:22,157 DEBUG   SenderThread:88655 [sender.py:send_request():402] send_request: stop_status
2024-12-13 14:24:23,975 INFO    Thread-12 :88655 [dir_watcher.py:_on_file_modified():295] file/dir modified: /Users/aklywtx/Desktop/VLM_Bias_research/NN_pretrain/wandb/run-20241213_142234-kndwzuct/files/output.log
2024-12-13 14:24:25,981 INFO    Thread-12 :88655 [dir_watcher.py:_on_file_modified():295] file/dir modified: /Users/aklywtx/Desktop/VLM_Bias_research/NN_pretrain/wandb/run-20241213_142234-kndwzuct/files/output.log
2024-12-13 14:24:26,610 DEBUG   HandlerThread:88655 [handler.py:handle_request():144] handle_request: status_report
2024-12-13 14:24:27,986 INFO    Thread-12 :88655 [dir_watcher.py:_on_file_modified():295] file/dir modified: /Users/aklywtx/Desktop/VLM_Bias_research/NN_pretrain/wandb/run-20241213_142234-kndwzuct/files/output.log
2024-12-13 14:24:29,995 INFO    Thread-12 :88655 [dir_watcher.py:_on_file_modified():295] file/dir modified: /Users/aklywtx/Desktop/VLM_Bias_research/NN_pretrain/wandb/run-20241213_142234-kndwzuct/files/output.log
2024-12-13 14:24:31,704 DEBUG   HandlerThread:88655 [handler.py:handle_request():144] handle_request: status_report
2024-12-13 14:24:32,004 INFO    Thread-12 :88655 [dir_watcher.py:_on_file_modified():295] file/dir modified: /Users/aklywtx/Desktop/VLM_Bias_research/NN_pretrain/wandb/run-20241213_142234-kndwzuct/files/output.log
2024-12-13 14:24:34,015 INFO    Thread-12 :88655 [dir_watcher.py:_on_file_modified():295] file/dir modified: /Users/aklywtx/Desktop/VLM_Bias_research/NN_pretrain/wandb/run-20241213_142234-kndwzuct/files/output.log
2024-12-13 14:24:34,801 DEBUG   HandlerThread:88655 [handler.py:handle_request():144] handle_request: partial_history
2024-12-13 14:24:34,803 DEBUG   SenderThread:88655 [sender.py:send():375] send: history
2024-12-13 14:24:34,803 DEBUG   SenderThread:88655 [sender.py:send_request():402] send_request: summary_record
2024-12-13 14:24:34,803 INFO    SenderThread:88655 [sender.py:_save_file():1378] saving file wandb-summary.json with policy end
2024-12-13 14:24:34,819 DEBUG   SenderThread:88655 [sender.py:send():375] send: stats
2024-12-13 14:24:35,019 INFO    Thread-12 :88655 [dir_watcher.py:_on_file_modified():295] file/dir modified: /Users/aklywtx/Desktop/VLM_Bias_research/NN_pretrain/wandb/run-20241213_142234-kndwzuct/files/wandb-summary.json
2024-12-13 14:24:36,024 INFO    Thread-12 :88655 [dir_watcher.py:_on_file_modified():295] file/dir modified: /Users/aklywtx/Desktop/VLM_Bias_research/NN_pretrain/wandb/run-20241213_142234-kndwzuct/files/output.log
2024-12-13 14:24:36,713 DEBUG   HandlerThread:88655 [handler.py:handle_request():144] handle_request: status_report
2024-12-13 14:24:37,162 DEBUG   HandlerThread:88655 [handler.py:handle_request():144] handle_request: stop_status
2024-12-13 14:24:37,163 DEBUG   SenderThread:88655 [sender.py:send_request():402] send_request: stop_status
2024-12-13 14:24:38,035 INFO    Thread-12 :88655 [dir_watcher.py:_on_file_modified():295] file/dir modified: /Users/aklywtx/Desktop/VLM_Bias_research/NN_pretrain/wandb/run-20241213_142234-kndwzuct/files/output.log
2024-12-13 14:24:40,046 INFO    Thread-12 :88655 [dir_watcher.py:_on_file_modified():295] file/dir modified: /Users/aklywtx/Desktop/VLM_Bias_research/NN_pretrain/wandb/run-20241213_142234-kndwzuct/files/output.log
2024-12-13 14:24:41,739 DEBUG   HandlerThread:88655 [handler.py:handle_request():144] handle_request: status_report
2024-12-13 14:24:42,051 INFO    Thread-12 :88655 [dir_watcher.py:_on_file_modified():295] file/dir modified: /Users/aklywtx/Desktop/VLM_Bias_research/NN_pretrain/wandb/run-20241213_142234-kndwzuct/files/output.log
2024-12-13 14:24:44,057 INFO    Thread-12 :88655 [dir_watcher.py:_on_file_modified():295] file/dir modified: /Users/aklywtx/Desktop/VLM_Bias_research/NN_pretrain/wandb/run-20241213_142234-kndwzuct/files/output.log
2024-12-13 14:24:46,061 INFO    Thread-12 :88655 [dir_watcher.py:_on_file_modified():295] file/dir modified: /Users/aklywtx/Desktop/VLM_Bias_research/NN_pretrain/wandb/run-20241213_142234-kndwzuct/files/output.log
2024-12-13 14:24:46,864 DEBUG   HandlerThread:88655 [handler.py:handle_request():144] handle_request: status_report
2024-12-13 14:24:48,072 INFO    Thread-12 :88655 [dir_watcher.py:_on_file_modified():295] file/dir modified: /Users/aklywtx/Desktop/VLM_Bias_research/NN_pretrain/wandb/run-20241213_142234-kndwzuct/files/output.log
2024-12-13 14:24:48,813 DEBUG   HandlerThread:88655 [handler.py:handle_request():144] handle_request: partial_history
2024-12-13 14:24:48,814 DEBUG   SenderThread:88655 [sender.py:send():375] send: history
2024-12-13 14:24:48,814 DEBUG   SenderThread:88655 [sender.py:send_request():402] send_request: summary_record
2024-12-13 14:24:48,815 INFO    SenderThread:88655 [sender.py:_save_file():1378] saving file wandb-summary.json with policy end
2024-12-13 14:24:49,076 INFO    Thread-12 :88655 [dir_watcher.py:_on_file_modified():295] file/dir modified: /Users/aklywtx/Desktop/VLM_Bias_research/NN_pretrain/wandb/run-20241213_142234-kndwzuct/files/wandb-summary.json
2024-12-13 14:24:50,077 INFO    Thread-12 :88655 [dir_watcher.py:_on_file_modified():295] file/dir modified: /Users/aklywtx/Desktop/VLM_Bias_research/NN_pretrain/wandb/run-20241213_142234-kndwzuct/files/output.log
2024-12-13 14:24:51,944 DEBUG   HandlerThread:88655 [handler.py:handle_request():144] handle_request: status_report
2024-12-13 14:24:52,083 INFO    Thread-12 :88655 [dir_watcher.py:_on_file_modified():295] file/dir modified: /Users/aklywtx/Desktop/VLM_Bias_research/NN_pretrain/wandb/run-20241213_142234-kndwzuct/files/output.log
2024-12-13 14:24:52,167 DEBUG   HandlerThread:88655 [handler.py:handle_request():144] handle_request: stop_status
2024-12-13 14:24:52,168 DEBUG   SenderThread:88655 [sender.py:send_request():402] send_request: stop_status
2024-12-13 14:24:54,089 INFO    Thread-12 :88655 [dir_watcher.py:_on_file_modified():295] file/dir modified: /Users/aklywtx/Desktop/VLM_Bias_research/NN_pretrain/wandb/run-20241213_142234-kndwzuct/files/output.log
2024-12-13 14:24:56,097 INFO    Thread-12 :88655 [dir_watcher.py:_on_file_modified():295] file/dir modified: /Users/aklywtx/Desktop/VLM_Bias_research/NN_pretrain/wandb/run-20241213_142234-kndwzuct/files/output.log
2024-12-13 14:24:57,080 DEBUG   HandlerThread:88655 [handler.py:handle_request():144] handle_request: status_report
2024-12-13 14:24:58,105 INFO    Thread-12 :88655 [dir_watcher.py:_on_file_modified():295] file/dir modified: /Users/aklywtx/Desktop/VLM_Bias_research/NN_pretrain/wandb/run-20241213_142234-kndwzuct/files/output.log
2024-12-13 14:25:00,106 INFO    Thread-12 :88655 [dir_watcher.py:_on_file_modified():295] file/dir modified: /Users/aklywtx/Desktop/VLM_Bias_research/NN_pretrain/wandb/run-20241213_142234-kndwzuct/files/output.log
2024-12-13 14:25:02,107 INFO    Thread-12 :88655 [dir_watcher.py:_on_file_modified():295] file/dir modified: /Users/aklywtx/Desktop/VLM_Bias_research/NN_pretrain/wandb/run-20241213_142234-kndwzuct/files/output.log
2024-12-13 14:25:02,291 DEBUG   HandlerThread:88655 [handler.py:handle_request():144] handle_request: partial_history
2024-12-13 14:25:02,293 DEBUG   SenderThread:88655 [sender.py:send():375] send: history
2024-12-13 14:25:02,293 DEBUG   SenderThread:88655 [sender.py:send_request():402] send_request: summary_record
2024-12-13 14:25:02,294 DEBUG   HandlerThread:88655 [handler.py:handle_request():144] handle_request: status_report
2024-12-13 14:25:02,294 INFO    SenderThread:88655 [sender.py:_save_file():1378] saving file wandb-summary.json with policy end
2024-12-13 14:25:03,112 INFO    Thread-12 :88655 [dir_watcher.py:_on_file_modified():295] file/dir modified: /Users/aklywtx/Desktop/VLM_Bias_research/NN_pretrain/wandb/run-20241213_142234-kndwzuct/files/wandb-summary.json
2024-12-13 14:25:04,113 INFO    Thread-12 :88655 [dir_watcher.py:_on_file_modified():295] file/dir modified: /Users/aklywtx/Desktop/VLM_Bias_research/NN_pretrain/wandb/run-20241213_142234-kndwzuct/files/output.log
2024-12-13 14:25:04,829 DEBUG   SenderThread:88655 [sender.py:send():375] send: stats
2024-12-13 14:25:06,124 INFO    Thread-12 :88655 [dir_watcher.py:_on_file_modified():295] file/dir modified: /Users/aklywtx/Desktop/VLM_Bias_research/NN_pretrain/wandb/run-20241213_142234-kndwzuct/files/output.log
2024-12-13 14:25:07,168 DEBUG   HandlerThread:88655 [handler.py:handle_request():144] handle_request: stop_status
2024-12-13 14:25:07,169 DEBUG   SenderThread:88655 [sender.py:send_request():402] send_request: stop_status
2024-12-13 14:25:07,402 DEBUG   HandlerThread:88655 [handler.py:handle_request():144] handle_request: status_report
2024-12-13 14:25:08,133 INFO    Thread-12 :88655 [dir_watcher.py:_on_file_modified():295] file/dir modified: /Users/aklywtx/Desktop/VLM_Bias_research/NN_pretrain/wandb/run-20241213_142234-kndwzuct/files/output.log
2024-12-13 14:25:10,139 INFO    Thread-12 :88655 [dir_watcher.py:_on_file_modified():295] file/dir modified: /Users/aklywtx/Desktop/VLM_Bias_research/NN_pretrain/wandb/run-20241213_142234-kndwzuct/files/output.log
2024-12-13 14:25:12,148 INFO    Thread-12 :88655 [dir_watcher.py:_on_file_modified():295] file/dir modified: /Users/aklywtx/Desktop/VLM_Bias_research/NN_pretrain/wandb/run-20241213_142234-kndwzuct/files/output.log
2024-12-13 14:25:12,498 DEBUG   HandlerThread:88655 [handler.py:handle_request():144] handle_request: status_report
2024-12-13 14:25:14,163 INFO    Thread-12 :88655 [dir_watcher.py:_on_file_modified():295] file/dir modified: /Users/aklywtx/Desktop/VLM_Bias_research/NN_pretrain/wandb/run-20241213_142234-kndwzuct/files/output.log
2024-12-13 14:25:16,172 INFO    Thread-12 :88655 [dir_watcher.py:_on_file_modified():295] file/dir modified: /Users/aklywtx/Desktop/VLM_Bias_research/NN_pretrain/wandb/run-20241213_142234-kndwzuct/files/output.log
2024-12-13 14:25:17,662 DEBUG   HandlerThread:88655 [handler.py:handle_request():144] handle_request: status_report
2024-12-13 14:25:17,799 DEBUG   HandlerThread:88655 [handler.py:handle_request():144] handle_request: partial_history
2024-12-13 14:25:17,800 DEBUG   SenderThread:88655 [sender.py:send():375] send: history
2024-12-13 14:25:17,800 DEBUG   SenderThread:88655 [sender.py:send_request():402] send_request: summary_record
2024-12-13 14:25:17,801 INFO    SenderThread:88655 [sender.py:_save_file():1378] saving file wandb-summary.json with policy end
2024-12-13 14:25:18,178 INFO    Thread-12 :88655 [dir_watcher.py:_on_file_modified():295] file/dir modified: /Users/aklywtx/Desktop/VLM_Bias_research/NN_pretrain/wandb/run-20241213_142234-kndwzuct/files/output.log
2024-12-13 14:25:18,178 INFO    Thread-12 :88655 [dir_watcher.py:_on_file_modified():295] file/dir modified: /Users/aklywtx/Desktop/VLM_Bias_research/NN_pretrain/wandb/run-20241213_142234-kndwzuct/files/wandb-summary.json
2024-12-13 14:25:20,186 INFO    Thread-12 :88655 [dir_watcher.py:_on_file_modified():295] file/dir modified: /Users/aklywtx/Desktop/VLM_Bias_research/NN_pretrain/wandb/run-20241213_142234-kndwzuct/files/output.log
2024-12-13 14:25:22,173 DEBUG   HandlerThread:88655 [handler.py:handle_request():144] handle_request: stop_status
2024-12-13 14:25:22,173 DEBUG   SenderThread:88655 [sender.py:send_request():402] send_request: stop_status
2024-12-13 14:25:22,195 INFO    Thread-12 :88655 [dir_watcher.py:_on_file_modified():295] file/dir modified: /Users/aklywtx/Desktop/VLM_Bias_research/NN_pretrain/wandb/run-20241213_142234-kndwzuct/files/output.log
2024-12-13 14:25:22,727 DEBUG   HandlerThread:88655 [handler.py:handle_request():144] handle_request: status_report
2024-12-13 14:25:24,226 INFO    Thread-12 :88655 [dir_watcher.py:_on_file_modified():295] file/dir modified: /Users/aklywtx/Desktop/VLM_Bias_research/NN_pretrain/wandb/run-20241213_142234-kndwzuct/files/output.log
2024-12-13 14:25:26,230 INFO    Thread-12 :88655 [dir_watcher.py:_on_file_modified():295] file/dir modified: /Users/aklywtx/Desktop/VLM_Bias_research/NN_pretrain/wandb/run-20241213_142234-kndwzuct/files/output.log
2024-12-13 14:25:27,732 DEBUG   HandlerThread:88655 [handler.py:handle_request():144] handle_request: status_report
2024-12-13 14:25:28,233 INFO    Thread-12 :88655 [dir_watcher.py:_on_file_modified():295] file/dir modified: /Users/aklywtx/Desktop/VLM_Bias_research/NN_pretrain/wandb/run-20241213_142234-kndwzuct/files/output.log
2024-12-13 14:25:30,240 INFO    Thread-12 :88655 [dir_watcher.py:_on_file_modified():295] file/dir modified: /Users/aklywtx/Desktop/VLM_Bias_research/NN_pretrain/wandb/run-20241213_142234-kndwzuct/files/output.log
2024-12-13 14:25:32,246 INFO    Thread-12 :88655 [dir_watcher.py:_on_file_modified():295] file/dir modified: /Users/aklywtx/Desktop/VLM_Bias_research/NN_pretrain/wandb/run-20241213_142234-kndwzuct/files/output.log
2024-12-13 14:25:32,809 DEBUG   HandlerThread:88655 [handler.py:handle_request():144] handle_request: status_report
2024-12-13 14:25:34,207 DEBUG   HandlerThread:88655 [handler.py:handle_request():144] handle_request: partial_history
2024-12-13 14:25:34,208 DEBUG   SenderThread:88655 [sender.py:send():375] send: history
2024-12-13 14:25:34,209 DEBUG   SenderThread:88655 [sender.py:send_request():402] send_request: summary_record
2024-12-13 14:25:34,209 INFO    SenderThread:88655 [sender.py:_save_file():1378] saving file wandb-summary.json with policy end
2024-12-13 14:25:34,250 INFO    Thread-12 :88655 [dir_watcher.py:_on_file_modified():295] file/dir modified: /Users/aklywtx/Desktop/VLM_Bias_research/NN_pretrain/wandb/run-20241213_142234-kndwzuct/files/output.log
2024-12-13 14:25:34,250 INFO    Thread-12 :88655 [dir_watcher.py:_on_file_modified():295] file/dir modified: /Users/aklywtx/Desktop/VLM_Bias_research/NN_pretrain/wandb/run-20241213_142234-kndwzuct/files/wandb-summary.json
2024-12-13 14:25:34,830 DEBUG   SenderThread:88655 [sender.py:send():375] send: stats
2024-12-13 14:25:36,261 INFO    Thread-12 :88655 [dir_watcher.py:_on_file_modified():295] file/dir modified: /Users/aklywtx/Desktop/VLM_Bias_research/NN_pretrain/wandb/run-20241213_142234-kndwzuct/files/output.log
2024-12-13 14:25:37,179 DEBUG   HandlerThread:88655 [handler.py:handle_request():144] handle_request: stop_status
2024-12-13 14:25:37,179 DEBUG   SenderThread:88655 [sender.py:send_request():402] send_request: stop_status
2024-12-13 14:25:37,957 DEBUG   HandlerThread:88655 [handler.py:handle_request():144] handle_request: status_report
2024-12-13 14:25:38,270 INFO    Thread-12 :88655 [dir_watcher.py:_on_file_modified():295] file/dir modified: /Users/aklywtx/Desktop/VLM_Bias_research/NN_pretrain/wandb/run-20241213_142234-kndwzuct/files/output.log
2024-12-13 14:25:40,280 INFO    Thread-12 :88655 [dir_watcher.py:_on_file_modified():295] file/dir modified: /Users/aklywtx/Desktop/VLM_Bias_research/NN_pretrain/wandb/run-20241213_142234-kndwzuct/files/output.log
2024-12-13 14:25:42,288 INFO    Thread-12 :88655 [dir_watcher.py:_on_file_modified():295] file/dir modified: /Users/aklywtx/Desktop/VLM_Bias_research/NN_pretrain/wandb/run-20241213_142234-kndwzuct/files/output.log
2024-12-13 14:25:43,016 DEBUG   HandlerThread:88655 [handler.py:handle_request():144] handle_request: status_report
2024-12-13 14:25:44,294 INFO    Thread-12 :88655 [dir_watcher.py:_on_file_modified():295] file/dir modified: /Users/aklywtx/Desktop/VLM_Bias_research/NN_pretrain/wandb/run-20241213_142234-kndwzuct/files/output.log
2024-12-13 14:25:46,296 INFO    Thread-12 :88655 [dir_watcher.py:_on_file_modified():295] file/dir modified: /Users/aklywtx/Desktop/VLM_Bias_research/NN_pretrain/wandb/run-20241213_142234-kndwzuct/files/output.log
2024-12-13 14:25:47,606 DEBUG   HandlerThread:88655 [handler.py:handle_request():144] handle_request: partial_history
2024-12-13 14:25:47,607 DEBUG   SenderThread:88655 [sender.py:send():375] send: history
2024-12-13 14:25:47,607 DEBUG   SenderThread:88655 [sender.py:send_request():402] send_request: summary_record
2024-12-13 14:25:47,607 INFO    SenderThread:88655 [sender.py:_save_file():1378] saving file wandb-summary.json with policy end
2024-12-13 14:25:48,035 DEBUG   HandlerThread:88655 [handler.py:handle_request():144] handle_request: status_report
2024-12-13 14:25:48,299 INFO    Thread-12 :88655 [dir_watcher.py:_on_file_modified():295] file/dir modified: /Users/aklywtx/Desktop/VLM_Bias_research/NN_pretrain/wandb/run-20241213_142234-kndwzuct/files/output.log
2024-12-13 14:25:48,299 INFO    Thread-12 :88655 [dir_watcher.py:_on_file_modified():295] file/dir modified: /Users/aklywtx/Desktop/VLM_Bias_research/NN_pretrain/wandb/run-20241213_142234-kndwzuct/files/wandb-summary.json
2024-12-13 14:25:48,969 DEBUG   SenderThread:88655 [sender.py:send():375] send: exit
2024-12-13 14:25:48,969 INFO    SenderThread:88655 [sender.py:send_exit():598] handling exit code: 1
2024-12-13 14:25:48,969 INFO    SenderThread:88655 [sender.py:send_exit():600] handling runtime: 194
2024-12-13 14:25:48,969 INFO    SenderThread:88655 [sender.py:_save_file():1378] saving file wandb-summary.json with policy end
2024-12-13 14:25:48,969 INFO    SenderThread:88655 [sender.py:send_exit():606] send defer
2024-12-13 14:25:48,970 DEBUG   HandlerThread:88655 [handler.py:handle_request():144] handle_request: defer
2024-12-13 14:25:48,970 INFO    HandlerThread:88655 [handler.py:handle_request_defer():170] handle defer: 0
2024-12-13 14:25:48,970 DEBUG   SenderThread:88655 [sender.py:send_request():402] send_request: defer
2024-12-13 14:25:48,970 INFO    SenderThread:88655 [sender.py:send_request_defer():622] handle sender defer: 0
2024-12-13 14:25:48,970 INFO    SenderThread:88655 [sender.py:transition_state():626] send defer: 1
2024-12-13 14:25:48,970 DEBUG   HandlerThread:88655 [handler.py:handle_request():144] handle_request: defer
2024-12-13 14:25:48,970 INFO    HandlerThread:88655 [handler.py:handle_request_defer():170] handle defer: 1
2024-12-13 14:25:48,970 DEBUG   SenderThread:88655 [sender.py:send_request():402] send_request: defer
2024-12-13 14:25:48,970 INFO    SenderThread:88655 [sender.py:send_request_defer():622] handle sender defer: 1
2024-12-13 14:25:48,970 INFO    SenderThread:88655 [sender.py:transition_state():626] send defer: 2
2024-12-13 14:25:48,970 DEBUG   HandlerThread:88655 [handler.py:handle_request():144] handle_request: defer
2024-12-13 14:25:48,970 INFO    HandlerThread:88655 [handler.py:handle_request_defer():170] handle defer: 2
2024-12-13 14:25:48,970 INFO    HandlerThread:88655 [system_monitor.py:finish():190] Stopping system monitor
2024-12-13 14:25:48,970 DEBUG   SystemMonitor:88655 [system_monitor.py:_start():166] Finished system metrics aggregation loop
2024-12-13 14:25:48,970 INFO    HandlerThread:88655 [interfaces.py:finish():202] Joined cpu monitor
2024-12-13 14:25:48,970 DEBUG   SystemMonitor:88655 [system_monitor.py:_start():170] Publishing last batch of metrics
2024-12-13 14:25:48,971 INFO    HandlerThread:88655 [interfaces.py:finish():202] Joined disk monitor
2024-12-13 14:25:48,971 INFO    HandlerThread:88655 [interfaces.py:finish():202] Joined memory monitor
2024-12-13 14:25:48,971 INFO    HandlerThread:88655 [interfaces.py:finish():202] Joined network monitor
2024-12-13 14:25:48,971 DEBUG   SenderThread:88655 [sender.py:send_request():402] send_request: defer
2024-12-13 14:25:48,971 INFO    SenderThread:88655 [sender.py:send_request_defer():622] handle sender defer: 2
2024-12-13 14:25:48,971 INFO    SenderThread:88655 [sender.py:transition_state():626] send defer: 3
2024-12-13 14:25:48,971 DEBUG   SenderThread:88655 [sender.py:send():375] send: stats
2024-12-13 14:25:48,971 DEBUG   HandlerThread:88655 [handler.py:handle_request():144] handle_request: defer
2024-12-13 14:25:48,972 INFO    HandlerThread:88655 [handler.py:handle_request_defer():170] handle defer: 3
2024-12-13 14:25:48,972 DEBUG   SenderThread:88655 [sender.py:send_request():402] send_request: defer
2024-12-13 14:25:48,972 INFO    SenderThread:88655 [sender.py:send_request_defer():622] handle sender defer: 3
2024-12-13 14:25:48,972 INFO    SenderThread:88655 [sender.py:transition_state():626] send defer: 4
2024-12-13 14:25:48,972 DEBUG   HandlerThread:88655 [handler.py:handle_request():144] handle_request: defer
2024-12-13 14:25:48,972 INFO    HandlerThread:88655 [handler.py:handle_request_defer():170] handle defer: 4
2024-12-13 14:25:48,972 DEBUG   SenderThread:88655 [sender.py:send_request():402] send_request: defer
2024-12-13 14:25:48,972 INFO    SenderThread:88655 [sender.py:send_request_defer():622] handle sender defer: 4
2024-12-13 14:25:48,972 INFO    SenderThread:88655 [sender.py:transition_state():626] send defer: 5
2024-12-13 14:25:48,972 DEBUG   HandlerThread:88655 [handler.py:handle_request():144] handle_request: defer
2024-12-13 14:25:48,972 INFO    HandlerThread:88655 [handler.py:handle_request_defer():170] handle defer: 5
2024-12-13 14:25:48,972 DEBUG   SenderThread:88655 [sender.py:send():375] send: summary
2024-12-13 14:25:48,972 INFO    SenderThread:88655 [sender.py:_save_file():1378] saving file wandb-summary.json with policy end
2024-12-13 14:25:48,972 DEBUG   SenderThread:88655 [sender.py:send_request():402] send_request: defer
2024-12-13 14:25:48,973 INFO    SenderThread:88655 [sender.py:send_request_defer():622] handle sender defer: 5
2024-12-13 14:25:48,973 INFO    SenderThread:88655 [sender.py:transition_state():626] send defer: 6
2024-12-13 14:25:48,973 DEBUG   HandlerThread:88655 [handler.py:handle_request():144] handle_request: defer
2024-12-13 14:25:48,973 INFO    HandlerThread:88655 [handler.py:handle_request_defer():170] handle defer: 6
2024-12-13 14:25:48,973 DEBUG   SenderThread:88655 [sender.py:send_request():402] send_request: defer
2024-12-13 14:25:48,973 INFO    SenderThread:88655 [sender.py:send_request_defer():622] handle sender defer: 6
2024-12-13 14:25:48,973 INFO    SenderThread:88655 [sender.py:transition_state():626] send defer: 7
2024-12-13 14:25:48,973 DEBUG   HandlerThread:88655 [handler.py:handle_request():144] handle_request: status_report
2024-12-13 14:25:48,973 DEBUG   HandlerThread:88655 [handler.py:handle_request():144] handle_request: defer
2024-12-13 14:25:48,973 INFO    HandlerThread:88655 [handler.py:handle_request_defer():170] handle defer: 7
2024-12-13 14:25:48,973 DEBUG   SenderThread:88655 [sender.py:send_request():402] send_request: defer
2024-12-13 14:25:48,973 INFO    SenderThread:88655 [sender.py:send_request_defer():622] handle sender defer: 7
2024-12-13 14:25:49,308 INFO    Thread-12 :88655 [dir_watcher.py:_on_file_modified():295] file/dir modified: /Users/aklywtx/Desktop/VLM_Bias_research/NN_pretrain/wandb/run-20241213_142234-kndwzuct/files/wandb-summary.json
2024-12-13 14:25:49,974 DEBUG   HandlerThread:88655 [handler.py:handle_request():144] handle_request: poll_exit
2024-12-13 14:25:50,315 INFO    Thread-12 :88655 [dir_watcher.py:_on_file_modified():295] file/dir modified: /Users/aklywtx/Desktop/VLM_Bias_research/NN_pretrain/wandb/run-20241213_142234-kndwzuct/files/output.log
2024-12-13 14:25:51,624 INFO    SenderThread:88655 [sender.py:transition_state():626] send defer: 8
2024-12-13 14:25:51,625 DEBUG   SenderThread:88655 [sender.py:send_request():402] send_request: poll_exit
2024-12-13 14:25:51,625 DEBUG   HandlerThread:88655 [handler.py:handle_request():144] handle_request: defer
2024-12-13 14:25:51,626 INFO    HandlerThread:88655 [handler.py:handle_request_defer():170] handle defer: 8
2024-12-13 14:25:51,627 DEBUG   SenderThread:88655 [sender.py:send_request():402] send_request: defer
2024-12-13 14:25:51,627 INFO    SenderThread:88655 [sender.py:send_request_defer():622] handle sender defer: 8
2024-12-13 14:25:51,636 INFO    SenderThread:88655 [sender.py:transition_state():626] send defer: 9
2024-12-13 14:25:51,637 DEBUG   HandlerThread:88655 [handler.py:handle_request():144] handle_request: defer
2024-12-13 14:25:51,637 DEBUG   SenderThread:88655 [sender.py:send():375] send: artifact
2024-12-13 14:25:51,637 INFO    HandlerThread:88655 [handler.py:handle_request_defer():170] handle defer: 9
2024-12-13 14:25:52,318 INFO    Thread-12 :88655 [dir_watcher.py:_on_file_modified():295] file/dir modified: /Users/aklywtx/Desktop/VLM_Bias_research/NN_pretrain/wandb/run-20241213_142234-kndwzuct/files/output.log
2024-12-13 14:25:52,646 INFO    wandb-upload_1:88655 [upload_job.py:push():92] Skipped uploading /Users/aklywtx/Library/Application Support/wandb/artifacts/staging/tmpbt7ng0bp
2024-12-13 14:25:52,996 INFO    wandb-upload_0:88655 [upload_job.py:push():95] Uploaded file /Users/aklywtx/Library/Application Support/wandb/artifacts/staging/tmppnoisofe
2024-12-13 14:25:54,099 INFO    SenderThread:88655 [sender.py:send_artifact():1474] sent artifact job-git_github.com_aklywtx_NN_pretrain.git_models_mlp_train.py - {'id': 'QXJ0aWZhY3Q6MTM2OTc3NDM3Nw==', 'digest': '2fb326c6e30cfb68f5c0624d5b1a2291', 'state': 'PENDING', 'aliases': [], 'artifactSequence': {'id': 'QXJ0aWZhY3RDb2xsZWN0aW9uOjQ5NjYxOTk2OQ==', 'latestArtifact': {'id': 'QXJ0aWZhY3Q6MTM2OTczMjQxNA==', 'versionIndex': 4}}, 'version': 'latest'}
2024-12-13 14:25:54,099 DEBUG   SenderThread:88655 [sender.py:send_request():402] send_request: defer
2024-12-13 14:25:54,099 DEBUG   HandlerThread:88655 [handler.py:handle_request():144] handle_request: status_report
2024-12-13 14:25:54,099 INFO    SenderThread:88655 [sender.py:send_request_defer():622] handle sender defer: 9
2024-12-13 14:25:54,100 INFO    SenderThread:88655 [dir_watcher.py:finish():365] shutting down directory watcher
2024-12-13 14:25:54,325 INFO    SenderThread:88655 [dir_watcher.py:finish():395] scan: /Users/aklywtx/Desktop/VLM_Bias_research/NN_pretrain/wandb/run-20241213_142234-kndwzuct/files
2024-12-13 14:25:54,325 INFO    SenderThread:88655 [dir_watcher.py:finish():409] scan save: /Users/aklywtx/Desktop/VLM_Bias_research/NN_pretrain/wandb/run-20241213_142234-kndwzuct/files/requirements.txt requirements.txt
2024-12-13 14:25:54,325 INFO    SenderThread:88655 [dir_watcher.py:finish():409] scan save: /Users/aklywtx/Desktop/VLM_Bias_research/NN_pretrain/wandb/run-20241213_142234-kndwzuct/files/output.log output.log
2024-12-13 14:25:54,329 INFO    SenderThread:88655 [dir_watcher.py:finish():409] scan save: /Users/aklywtx/Desktop/VLM_Bias_research/NN_pretrain/wandb/run-20241213_142234-kndwzuct/files/config.yaml config.yaml
2024-12-13 14:25:54,329 INFO    SenderThread:88655 [dir_watcher.py:finish():409] scan save: /Users/aklywtx/Desktop/VLM_Bias_research/NN_pretrain/wandb/run-20241213_142234-kndwzuct/files/wandb-summary.json wandb-summary.json
2024-12-13 14:25:54,331 INFO    SenderThread:88655 [dir_watcher.py:finish():409] scan save: /Users/aklywtx/Desktop/VLM_Bias_research/NN_pretrain/wandb/run-20241213_142234-kndwzuct/files/conda-environment.yaml conda-environment.yaml
2024-12-13 14:25:54,336 INFO    SenderThread:88655 [dir_watcher.py:finish():409] scan save: /Users/aklywtx/Desktop/VLM_Bias_research/NN_pretrain/wandb/run-20241213_142234-kndwzuct/files/wandb-metadata.json wandb-metadata.json
2024-12-13 14:25:54,339 INFO    SenderThread:88655 [sender.py:transition_state():626] send defer: 10
2024-12-13 14:25:54,339 DEBUG   HandlerThread:88655 [handler.py:handle_request():144] handle_request: defer
2024-12-13 14:25:54,340 INFO    HandlerThread:88655 [handler.py:handle_request_defer():170] handle defer: 10
2024-12-13 14:25:54,340 DEBUG   SenderThread:88655 [sender.py:send_request():402] send_request: defer
2024-12-13 14:25:54,341 INFO    SenderThread:88655 [sender.py:send_request_defer():622] handle sender defer: 10
2024-12-13 14:25:54,341 INFO    SenderThread:88655 [file_pusher.py:finish():167] shutting down file pusher
2024-12-13 14:25:54,828 INFO    wandb-upload_1:88655 [upload_job.py:push():137] Uploaded file /Users/aklywtx/Desktop/VLM_Bias_research/NN_pretrain/wandb/run-20241213_142234-kndwzuct/files/requirements.txt
2024-12-13 14:25:54,961 INFO    wandb-upload_0:88655 [upload_job.py:push():137] Uploaded file /Users/aklywtx/Desktop/VLM_Bias_research/NN_pretrain/wandb/run-20241213_142234-kndwzuct/files/output.log
2024-12-13 14:25:54,962 INFO    wandb-upload_3:88655 [upload_job.py:push():137] Uploaded file /Users/aklywtx/Desktop/VLM_Bias_research/NN_pretrain/wandb/run-20241213_142234-kndwzuct/files/wandb-summary.json
2024-12-13 14:25:54,969 INFO    wandb-upload_2:88655 [upload_job.py:push():137] Uploaded file /Users/aklywtx/Desktop/VLM_Bias_research/NN_pretrain/wandb/run-20241213_142234-kndwzuct/files/config.yaml
2024-12-13 14:25:54,993 DEBUG   HandlerThread:88655 [handler.py:handle_request():144] handle_request: keepalive
2024-12-13 14:25:55,102 INFO    wandb-upload_4:88655 [upload_job.py:push():137] Uploaded file /Users/aklywtx/Desktop/VLM_Bias_research/NN_pretrain/wandb/run-20241213_142234-kndwzuct/files/conda-environment.yaml
2024-12-13 14:25:55,305 INFO    Thread-11 :88655 [sender.py:transition_state():626] send defer: 11
2024-12-13 14:25:55,307 DEBUG   HandlerThread:88655 [handler.py:handle_request():144] handle_request: defer
2024-12-13 14:25:55,307 INFO    HandlerThread:88655 [handler.py:handle_request_defer():170] handle defer: 11
2024-12-13 14:25:55,311 DEBUG   SenderThread:88655 [sender.py:send_request():402] send_request: defer
2024-12-13 14:25:55,311 INFO    SenderThread:88655 [sender.py:send_request_defer():622] handle sender defer: 11
2024-12-13 14:25:55,311 INFO    SenderThread:88655 [file_pusher.py:join():172] waiting for file pusher
2024-12-13 14:25:55,311 INFO    SenderThread:88655 [sender.py:transition_state():626] send defer: 12
2024-12-13 14:25:55,314 DEBUG   HandlerThread:88655 [handler.py:handle_request():144] handle_request: defer
2024-12-13 14:25:55,314 INFO    HandlerThread:88655 [handler.py:handle_request_defer():170] handle defer: 12
2024-12-13 14:25:55,315 DEBUG   SenderThread:88655 [sender.py:send_request():402] send_request: defer
2024-12-13 14:25:55,315 INFO    SenderThread:88655 [sender.py:send_request_defer():622] handle sender defer: 12
2024-12-13 14:25:55,487 INFO    SenderThread:88655 [sender.py:transition_state():626] send defer: 13
2024-12-13 14:25:55,488 DEBUG   HandlerThread:88655 [handler.py:handle_request():144] handle_request: defer
2024-12-13 14:25:55,488 INFO    HandlerThread:88655 [handler.py:handle_request_defer():170] handle defer: 13
2024-12-13 14:25:55,489 DEBUG   SenderThread:88655 [sender.py:send_request():402] send_request: defer
2024-12-13 14:25:55,489 INFO    SenderThread:88655 [sender.py:send_request_defer():622] handle sender defer: 13
2024-12-13 14:25:55,489 INFO    SenderThread:88655 [sender.py:transition_state():626] send defer: 14
2024-12-13 14:25:55,490 DEBUG   HandlerThread:88655 [handler.py:handle_request():144] handle_request: defer
2024-12-13 14:25:55,491 INFO    HandlerThread:88655 [handler.py:handle_request_defer():170] handle defer: 14
2024-12-13 14:25:55,491 DEBUG   SenderThread:88655 [sender.py:send():375] send: final
2024-12-13 14:25:55,491 DEBUG   SenderThread:88655 [sender.py:send():375] send: footer
2024-12-13 14:25:55,491 DEBUG   SenderThread:88655 [sender.py:send_request():402] send_request: defer
2024-12-13 14:25:55,491 INFO    SenderThread:88655 [sender.py:send_request_defer():622] handle sender defer: 14
2024-12-13 14:25:55,492 DEBUG   HandlerThread:88655 [handler.py:handle_request():144] handle_request: poll_exit
2024-12-13 14:25:55,492 DEBUG   SenderThread:88655 [sender.py:send_request():402] send_request: poll_exit
2024-12-13 14:25:55,493 DEBUG   HandlerThread:88655 [handler.py:handle_request():144] handle_request: server_info
2024-12-13 14:25:55,493 DEBUG   SenderThread:88655 [sender.py:send_request():402] send_request: server_info
2024-12-13 14:25:55,496 DEBUG   HandlerThread:88655 [handler.py:handle_request():144] handle_request: get_summary
2024-12-13 14:25:55,496 DEBUG   HandlerThread:88655 [handler.py:handle_request():144] handle_request: sampled_history
2024-12-13 14:25:55,641 INFO    MainThread:88655 [wandb_run.py:_footer_history_summary_info():3469] rendering history
2024-12-13 14:25:55,641 INFO    MainThread:88655 [wandb_run.py:_footer_history_summary_info():3501] rendering summary
2024-12-13 14:25:55,642 INFO    MainThread:88655 [wandb_run.py:_footer_sync_info():3428] logging synced files
2024-12-13 14:25:55,642 DEBUG   HandlerThread:88655 [handler.py:handle_request():144] handle_request: shutdown
2024-12-13 14:25:55,643 INFO    HandlerThread:88655 [handler.py:finish():842] shutting down handler
2024-12-13 14:25:56,497 INFO    WriterThread:88655 [datastore.py:close():298] close: /Users/aklywtx/Desktop/VLM_Bias_research/NN_pretrain/wandb/run-20241213_142234-kndwzuct/run-kndwzuct.wandb
2024-12-13 14:25:56,641 INFO    SenderThread:88655 [sender.py:finish():1550] shutting down sender
2024-12-13 14:25:56,641 INFO    SenderThread:88655 [file_pusher.py:finish():167] shutting down file pusher
2024-12-13 14:25:56,642 INFO    SenderThread:88655 [file_pusher.py:join():172] waiting for file pusher
