2024-12-14 12:25:00,519 INFO    StreamThr :59920 [internal.py:wandb_internal():86] W&B internal server running at pid: 59920, started at: 2024-12-14 12:25:00.519131
2024-12-14 12:25:00,520 DEBUG   HandlerThread:59920 [handler.py:handle_request():144] handle_request: status
2024-12-14 12:25:00,520 INFO    WriterThread:59920 [datastore.py:open_for_write():85] open: /Users/aklywtx/Desktop/VLM_Bias_research/NN_pretrain/wandb/run-20241214_122500-u5m95rwj/run-u5m95rwj.wandb
2024-12-14 12:25:00,521 DEBUG   SenderThread:59920 [sender.py:send():375] send: header
2024-12-14 12:25:00,545 DEBUG   SenderThread:59920 [sender.py:send():375] send: run
2024-12-14 12:25:00,980 INFO    SenderThread:59920 [dir_watcher.py:__init__():219] watching files in: /Users/aklywtx/Desktop/VLM_Bias_research/NN_pretrain/wandb/run-20241214_122500-u5m95rwj/files
2024-12-14 12:25:00,980 INFO    SenderThread:59920 [sender.py:_start_run_threads():1124] run started: u5m95rwj with start time 1734175500.517731
2024-12-14 12:25:00,980 DEBUG   SenderThread:59920 [sender.py:send_request():402] send_request: summary_record
2024-12-14 12:25:00,981 INFO    SenderThread:59920 [sender.py:_save_file():1378] saving file wandb-summary.json with policy end
2024-12-14 12:25:00,984 DEBUG   HandlerThread:59920 [handler.py:handle_request():144] handle_request: check_version
2024-12-14 12:25:00,984 DEBUG   SenderThread:59920 [sender.py:send_request():402] send_request: check_version
2024-12-14 12:25:01,159 DEBUG   HandlerThread:59920 [handler.py:handle_request():144] handle_request: run_start
2024-12-14 12:25:01,170 DEBUG   HandlerThread:59920 [system_info.py:__init__():31] System info init
2024-12-14 12:25:01,170 DEBUG   HandlerThread:59920 [system_info.py:__init__():46] System info init done
2024-12-14 12:25:01,170 INFO    HandlerThread:59920 [system_monitor.py:start():181] Starting system monitor
2024-12-14 12:25:01,170 INFO    SystemMonitor:59920 [system_monitor.py:_start():145] Starting system asset monitoring threads
2024-12-14 12:25:01,170 INFO    HandlerThread:59920 [system_monitor.py:probe():201] Collecting system info
2024-12-14 12:25:01,171 DEBUG   HandlerThread:59920 [system_info.py:probe():195] Probing system
2024-12-14 12:25:01,171 INFO    SystemMonitor:59920 [interfaces.py:start():190] Started cpu monitoring
2024-12-14 12:25:01,171 INFO    SystemMonitor:59920 [interfaces.py:start():190] Started disk monitoring
2024-12-14 12:25:01,172 INFO    SystemMonitor:59920 [interfaces.py:start():190] Started memory monitoring
2024-12-14 12:25:01,172 INFO    SystemMonitor:59920 [interfaces.py:start():190] Started network monitoring
2024-12-14 12:25:01,176 DEBUG   HandlerThread:59920 [system_info.py:_probe_git():180] Probing git
2024-12-14 12:25:01,209 DEBUG   HandlerThread:59920 [system_info.py:_probe_git():188] Probing git done
2024-12-14 12:25:01,209 DEBUG   HandlerThread:59920 [system_info.py:probe():240] Probing system done
2024-12-14 12:25:01,210 DEBUG   HandlerThread:59920 [system_monitor.py:probe():210] {'os': 'macOS-14.5-arm64-i386-64bit', 'python': '3.9.13', 'heartbeatAt': '2024-12-14T11:25:01.171495', 'startedAt': '2024-12-14T11:25:00.431299', 'docker': None, 'cuda': None, 'args': (), 'state': 'running', 'program': '/Users/aklywtx/Desktop/VLM_Bias_research/NN_pretrain/models/mlp_train.py', 'codePath': 'models/mlp_train.py', 'git': {'remote': 'git@github.com:aklywtx/NN_pretrain.git', 'commit': 'f82579b1c6a77dde14a500ddae843288b480b67c'}, 'email': 'aklywtx233@163.com', 'root': '/Users/aklywtx/Desktop/VLM_Bias_research/NN_pretrain', 'host': 'MACBOOK-PRO-341.local', 'username': 'aklywtx', 'executable': '/Users/aklywtx/opt/anaconda3/bin/python', 'cpu_count': 8, 'cpu_count_logical': 8, 'disk': {'total': 926.3517189025879, 'used': 896.7956390380859}, 'memory': {'total': 32.0}}
2024-12-14 12:25:01,210 INFO    HandlerThread:59920 [system_monitor.py:probe():211] Finished collecting system info
2024-12-14 12:25:01,210 INFO    HandlerThread:59920 [system_monitor.py:probe():214] Publishing system info
2024-12-14 12:25:01,210 DEBUG   HandlerThread:59920 [system_info.py:_save_pip():51] Saving list of pip packages installed into the current environment
2024-12-14 12:25:01,211 DEBUG   HandlerThread:59920 [system_info.py:_save_pip():67] Saving pip packages done
2024-12-14 12:25:01,211 DEBUG   HandlerThread:59920 [system_info.py:_save_conda():74] Saving list of conda packages installed into the current environment
2024-12-14 12:25:01,987 INFO    Thread-12 :59920 [dir_watcher.py:_on_file_created():278] file/dir created: /Users/aklywtx/Desktop/VLM_Bias_research/NN_pretrain/wandb/run-20241214_122500-u5m95rwj/files/wandb-summary.json
2024-12-14 12:25:01,987 INFO    Thread-12 :59920 [dir_watcher.py:_on_file_created():278] file/dir created: /Users/aklywtx/Desktop/VLM_Bias_research/NN_pretrain/wandb/run-20241214_122500-u5m95rwj/files/requirements.txt
2024-12-14 12:25:01,987 INFO    Thread-12 :59920 [dir_watcher.py:_on_file_created():278] file/dir created: /Users/aklywtx/Desktop/VLM_Bias_research/NN_pretrain/wandb/run-20241214_122500-u5m95rwj/files/conda-environment.yaml
2024-12-14 12:25:23,500 DEBUG   HandlerThread:59920 [system_info.py:_save_conda():86] Saving conda packages done
2024-12-14 12:25:23,501 INFO    HandlerThread:59920 [system_monitor.py:probe():216] Finished publishing system info
2024-12-14 12:25:23,513 DEBUG   HandlerThread:59920 [handler.py:handle_request():144] handle_request: status_report
2024-12-14 12:25:23,513 DEBUG   HandlerThread:59920 [handler.py:handle_request():144] handle_request: keepalive
2024-12-14 12:25:23,513 DEBUG   HandlerThread:59920 [handler.py:handle_request():144] handle_request: status_report
2024-12-14 12:25:23,513 DEBUG   HandlerThread:59920 [handler.py:handle_request():144] handle_request: keepalive
2024-12-14 12:25:23,513 DEBUG   HandlerThread:59920 [handler.py:handle_request():144] handle_request: status_report
2024-12-14 12:25:23,513 DEBUG   HandlerThread:59920 [handler.py:handle_request():144] handle_request: keepalive
2024-12-14 12:25:23,513 DEBUG   HandlerThread:59920 [handler.py:handle_request():144] handle_request: status_report
2024-12-14 12:25:23,513 DEBUG   HandlerThread:59920 [handler.py:handle_request():144] handle_request: keepalive
2024-12-14 12:25:23,513 DEBUG   SenderThread:59920 [sender.py:send():375] send: files
2024-12-14 12:25:23,514 INFO    SenderThread:59920 [sender.py:_save_file():1378] saving file wandb-metadata.json with policy now
2024-12-14 12:25:23,518 DEBUG   HandlerThread:59920 [handler.py:handle_request():144] handle_request: stop_status
2024-12-14 12:25:23,518 DEBUG   SenderThread:59920 [sender.py:send_request():402] send_request: stop_status
2024-12-14 12:25:23,789 DEBUG   SenderThread:59920 [sender.py:send():375] send: telemetry
2024-12-14 12:25:24,091 INFO    Thread-12 :59920 [dir_watcher.py:_on_file_modified():295] file/dir modified: /Users/aklywtx/Desktop/VLM_Bias_research/NN_pretrain/wandb/run-20241214_122500-u5m95rwj/files/conda-environment.yaml
2024-12-14 12:25:24,091 INFO    Thread-12 :59920 [dir_watcher.py:_on_file_created():278] file/dir created: /Users/aklywtx/Desktop/VLM_Bias_research/NN_pretrain/wandb/run-20241214_122500-u5m95rwj/files/wandb-metadata.json
2024-12-14 12:25:24,167 INFO    wandb-upload_0:59920 [upload_job.py:push():137] Uploaded file /var/folders/b8/j860yxxx1bb1pjgc34kr65dm0000gn/T/tmphc9ynaypwandb/lydiwl2d-wandb-metadata.json
2024-12-14 12:25:25,096 INFO    Thread-12 :59920 [dir_watcher.py:_on_file_created():278] file/dir created: /Users/aklywtx/Desktop/VLM_Bias_research/NN_pretrain/wandb/run-20241214_122500-u5m95rwj/files/output.log
2024-12-14 12:25:26,448 DEBUG   HandlerThread:59920 [handler.py:handle_request():144] handle_request: status_report
2024-12-14 12:25:27,103 INFO    Thread-12 :59920 [dir_watcher.py:_on_file_modified():295] file/dir modified: /Users/aklywtx/Desktop/VLM_Bias_research/NN_pretrain/wandb/run-20241214_122500-u5m95rwj/files/output.log
2024-12-14 12:25:29,114 INFO    Thread-12 :59920 [dir_watcher.py:_on_file_modified():295] file/dir modified: /Users/aklywtx/Desktop/VLM_Bias_research/NN_pretrain/wandb/run-20241214_122500-u5m95rwj/files/output.log
2024-12-14 12:25:31,121 INFO    Thread-12 :59920 [dir_watcher.py:_on_file_modified():295] file/dir modified: /Users/aklywtx/Desktop/VLM_Bias_research/NN_pretrain/wandb/run-20241214_122500-u5m95rwj/files/output.log
2024-12-14 12:25:31,636 DEBUG   HandlerThread:59920 [handler.py:handle_request():144] handle_request: status_report
2024-12-14 12:25:32,126 INFO    Thread-12 :59920 [dir_watcher.py:_on_file_modified():295] file/dir modified: /Users/aklywtx/Desktop/VLM_Bias_research/NN_pretrain/wandb/run-20241214_122500-u5m95rwj/files/config.yaml
2024-12-14 12:25:33,131 INFO    Thread-12 :59920 [dir_watcher.py:_on_file_modified():295] file/dir modified: /Users/aklywtx/Desktop/VLM_Bias_research/NN_pretrain/wandb/run-20241214_122500-u5m95rwj/files/output.log
2024-12-14 12:25:35,137 INFO    Thread-12 :59920 [dir_watcher.py:_on_file_modified():295] file/dir modified: /Users/aklywtx/Desktop/VLM_Bias_research/NN_pretrain/wandb/run-20241214_122500-u5m95rwj/files/output.log
2024-12-14 12:25:36,970 DEBUG   HandlerThread:59920 [handler.py:handle_request():144] handle_request: status_report
2024-12-14 12:25:37,147 INFO    Thread-12 :59920 [dir_watcher.py:_on_file_modified():295] file/dir modified: /Users/aklywtx/Desktop/VLM_Bias_research/NN_pretrain/wandb/run-20241214_122500-u5m95rwj/files/output.log
2024-12-14 12:25:38,522 DEBUG   HandlerThread:59920 [handler.py:handle_request():144] handle_request: stop_status
2024-12-14 12:25:38,522 DEBUG   SenderThread:59920 [sender.py:send_request():402] send_request: stop_status
2024-12-14 12:25:39,153 INFO    Thread-12 :59920 [dir_watcher.py:_on_file_modified():295] file/dir modified: /Users/aklywtx/Desktop/VLM_Bias_research/NN_pretrain/wandb/run-20241214_122500-u5m95rwj/files/output.log
2024-12-14 12:25:41,164 INFO    Thread-12 :59920 [dir_watcher.py:_on_file_modified():295] file/dir modified: /Users/aklywtx/Desktop/VLM_Bias_research/NN_pretrain/wandb/run-20241214_122500-u5m95rwj/files/output.log
2024-12-14 12:25:42,000 DEBUG   HandlerThread:59920 [handler.py:handle_request():144] handle_request: status_report
2024-12-14 12:25:42,277 DEBUG   HandlerThread:59920 [handler.py:handle_request():144] handle_request: partial_history
2024-12-14 12:25:42,278 DEBUG   SenderThread:59920 [sender.py:send():375] send: history
2024-12-14 12:25:42,278 DEBUG   SenderThread:59920 [sender.py:send_request():402] send_request: summary_record
2024-12-14 12:25:42,279 INFO    SenderThread:59920 [sender.py:_save_file():1378] saving file wandb-summary.json with policy end
2024-12-14 12:25:43,169 INFO    Thread-12 :59920 [dir_watcher.py:_on_file_modified():295] file/dir modified: /Users/aklywtx/Desktop/VLM_Bias_research/NN_pretrain/wandb/run-20241214_122500-u5m95rwj/files/wandb-summary.json
2024-12-14 12:25:43,169 INFO    Thread-12 :59920 [dir_watcher.py:_on_file_modified():295] file/dir modified: /Users/aklywtx/Desktop/VLM_Bias_research/NN_pretrain/wandb/run-20241214_122500-u5m95rwj/files/output.log
2024-12-14 12:25:45,180 INFO    Thread-12 :59920 [dir_watcher.py:_on_file_modified():295] file/dir modified: /Users/aklywtx/Desktop/VLM_Bias_research/NN_pretrain/wandb/run-20241214_122500-u5m95rwj/files/output.log
2024-12-14 12:25:47,084 DEBUG   HandlerThread:59920 [handler.py:handle_request():144] handle_request: status_report
2024-12-14 12:25:47,186 INFO    Thread-12 :59920 [dir_watcher.py:_on_file_modified():295] file/dir modified: /Users/aklywtx/Desktop/VLM_Bias_research/NN_pretrain/wandb/run-20241214_122500-u5m95rwj/files/output.log
2024-12-14 12:25:49,196 INFO    Thread-12 :59920 [dir_watcher.py:_on_file_modified():295] file/dir modified: /Users/aklywtx/Desktop/VLM_Bias_research/NN_pretrain/wandb/run-20241214_122500-u5m95rwj/files/output.log
2024-12-14 12:25:51,202 INFO    Thread-12 :59920 [dir_watcher.py:_on_file_modified():295] file/dir modified: /Users/aklywtx/Desktop/VLM_Bias_research/NN_pretrain/wandb/run-20241214_122500-u5m95rwj/files/output.log
2024-12-14 12:25:52,238 DEBUG   HandlerThread:59920 [handler.py:handle_request():144] handle_request: status_report
2024-12-14 12:25:53,213 INFO    Thread-12 :59920 [dir_watcher.py:_on_file_modified():295] file/dir modified: /Users/aklywtx/Desktop/VLM_Bias_research/NN_pretrain/wandb/run-20241214_122500-u5m95rwj/files/output.log
2024-12-14 12:25:53,527 DEBUG   HandlerThread:59920 [handler.py:handle_request():144] handle_request: stop_status
2024-12-14 12:25:53,527 DEBUG   SenderThread:59920 [sender.py:send_request():402] send_request: stop_status
2024-12-14 12:25:55,218 INFO    Thread-12 :59920 [dir_watcher.py:_on_file_modified():295] file/dir modified: /Users/aklywtx/Desktop/VLM_Bias_research/NN_pretrain/wandb/run-20241214_122500-u5m95rwj/files/output.log
2024-12-14 12:25:57,229 INFO    Thread-12 :59920 [dir_watcher.py:_on_file_modified():295] file/dir modified: /Users/aklywtx/Desktop/VLM_Bias_research/NN_pretrain/wandb/run-20241214_122500-u5m95rwj/files/output.log
2024-12-14 12:25:57,388 DEBUG   HandlerThread:59920 [handler.py:handle_request():144] handle_request: status_report
2024-12-14 12:25:58,794 DEBUG   HandlerThread:59920 [handler.py:handle_request():144] handle_request: partial_history
2024-12-14 12:25:58,795 DEBUG   SenderThread:59920 [sender.py:send():375] send: history
2024-12-14 12:25:58,795 DEBUG   SenderThread:59920 [sender.py:send_request():402] send_request: summary_record
2024-12-14 12:25:58,796 INFO    SenderThread:59920 [sender.py:_save_file():1378] saving file wandb-summary.json with policy end
2024-12-14 12:25:59,318 INFO    Thread-12 :59920 [dir_watcher.py:_on_file_modified():295] file/dir modified: /Users/aklywtx/Desktop/VLM_Bias_research/NN_pretrain/wandb/run-20241214_122500-u5m95rwj/files/wandb-summary.json
2024-12-14 12:25:59,318 INFO    Thread-12 :59920 [dir_watcher.py:_on_file_modified():295] file/dir modified: /Users/aklywtx/Desktop/VLM_Bias_research/NN_pretrain/wandb/run-20241214_122500-u5m95rwj/files/output.log
2024-12-14 12:26:01,178 DEBUG   SystemMonitor:59920 [system_monitor.py:_start():159] Starting system metrics aggregation loop
2024-12-14 12:26:01,179 DEBUG   SenderThread:59920 [sender.py:send():375] send: stats
2024-12-14 12:26:01,311 INFO    Thread-12 :59920 [dir_watcher.py:_on_file_modified():295] file/dir modified: /Users/aklywtx/Desktop/VLM_Bias_research/NN_pretrain/wandb/run-20241214_122500-u5m95rwj/files/output.log
2024-12-14 12:26:02,577 DEBUG   HandlerThread:59920 [handler.py:handle_request():144] handle_request: status_report
2024-12-14 12:26:03,321 INFO    Thread-12 :59920 [dir_watcher.py:_on_file_modified():295] file/dir modified: /Users/aklywtx/Desktop/VLM_Bias_research/NN_pretrain/wandb/run-20241214_122500-u5m95rwj/files/output.log
2024-12-14 12:26:05,328 INFO    Thread-12 :59920 [dir_watcher.py:_on_file_modified():295] file/dir modified: /Users/aklywtx/Desktop/VLM_Bias_research/NN_pretrain/wandb/run-20241214_122500-u5m95rwj/files/output.log
2024-12-14 12:26:07,336 INFO    Thread-12 :59920 [dir_watcher.py:_on_file_modified():295] file/dir modified: /Users/aklywtx/Desktop/VLM_Bias_research/NN_pretrain/wandb/run-20241214_122500-u5m95rwj/files/output.log
2024-12-14 12:26:07,716 DEBUG   HandlerThread:59920 [handler.py:handle_request():144] handle_request: status_report
2024-12-14 12:26:08,531 DEBUG   HandlerThread:59920 [handler.py:handle_request():144] handle_request: stop_status
2024-12-14 12:26:08,531 DEBUG   SenderThread:59920 [sender.py:send_request():402] send_request: stop_status
2024-12-14 12:26:09,344 INFO    Thread-12 :59920 [dir_watcher.py:_on_file_modified():295] file/dir modified: /Users/aklywtx/Desktop/VLM_Bias_research/NN_pretrain/wandb/run-20241214_122500-u5m95rwj/files/output.log
2024-12-14 12:26:11,354 INFO    Thread-12 :59920 [dir_watcher.py:_on_file_modified():295] file/dir modified: /Users/aklywtx/Desktop/VLM_Bias_research/NN_pretrain/wandb/run-20241214_122500-u5m95rwj/files/output.log
2024-12-14 12:26:13,037 DEBUG   HandlerThread:59920 [handler.py:handle_request():144] handle_request: status_report
2024-12-14 12:26:13,365 INFO    Thread-12 :59920 [dir_watcher.py:_on_file_modified():295] file/dir modified: /Users/aklywtx/Desktop/VLM_Bias_research/NN_pretrain/wandb/run-20241214_122500-u5m95rwj/files/output.log
2024-12-14 12:26:15,374 INFO    Thread-12 :59920 [dir_watcher.py:_on_file_modified():295] file/dir modified: /Users/aklywtx/Desktop/VLM_Bias_research/NN_pretrain/wandb/run-20241214_122500-u5m95rwj/files/output.log
2024-12-14 12:26:17,384 INFO    Thread-12 :59920 [dir_watcher.py:_on_file_modified():295] file/dir modified: /Users/aklywtx/Desktop/VLM_Bias_research/NN_pretrain/wandb/run-20241214_122500-u5m95rwj/files/output.log
2024-12-14 12:26:18,094 DEBUG   HandlerThread:59920 [handler.py:handle_request():144] handle_request: status_report
2024-12-14 12:26:18,544 DEBUG   HandlerThread:59920 [handler.py:handle_request():144] handle_request: partial_history
2024-12-14 12:26:18,545 DEBUG   SenderThread:59920 [sender.py:send():375] send: history
2024-12-14 12:26:18,545 DEBUG   SenderThread:59920 [sender.py:send_request():402] send_request: summary_record
2024-12-14 12:26:18,546 INFO    SenderThread:59920 [sender.py:_save_file():1378] saving file wandb-summary.json with policy end
2024-12-14 12:26:19,394 INFO    Thread-12 :59920 [dir_watcher.py:_on_file_modified():295] file/dir modified: /Users/aklywtx/Desktop/VLM_Bias_research/NN_pretrain/wandb/run-20241214_122500-u5m95rwj/files/wandb-summary.json
2024-12-14 12:26:19,394 INFO    Thread-12 :59920 [dir_watcher.py:_on_file_modified():295] file/dir modified: /Users/aklywtx/Desktop/VLM_Bias_research/NN_pretrain/wandb/run-20241214_122500-u5m95rwj/files/output.log
2024-12-14 12:26:21,400 INFO    Thread-12 :59920 [dir_watcher.py:_on_file_modified():295] file/dir modified: /Users/aklywtx/Desktop/VLM_Bias_research/NN_pretrain/wandb/run-20241214_122500-u5m95rwj/files/output.log
2024-12-14 12:26:23,119 DEBUG   HandlerThread:59920 [handler.py:handle_request():144] handle_request: status_report
2024-12-14 12:26:23,410 INFO    Thread-12 :59920 [dir_watcher.py:_on_file_modified():295] file/dir modified: /Users/aklywtx/Desktop/VLM_Bias_research/NN_pretrain/wandb/run-20241214_122500-u5m95rwj/files/output.log
2024-12-14 12:26:23,537 DEBUG   HandlerThread:59920 [handler.py:handle_request():144] handle_request: stop_status
2024-12-14 12:26:23,537 DEBUG   SenderThread:59920 [sender.py:send_request():402] send_request: stop_status
2024-12-14 12:26:25,416 INFO    Thread-12 :59920 [dir_watcher.py:_on_file_modified():295] file/dir modified: /Users/aklywtx/Desktop/VLM_Bias_research/NN_pretrain/wandb/run-20241214_122500-u5m95rwj/files/output.log
2024-12-14 12:26:27,426 INFO    Thread-12 :59920 [dir_watcher.py:_on_file_modified():295] file/dir modified: /Users/aklywtx/Desktop/VLM_Bias_research/NN_pretrain/wandb/run-20241214_122500-u5m95rwj/files/output.log
2024-12-14 12:26:28,174 DEBUG   HandlerThread:59920 [handler.py:handle_request():144] handle_request: status_report
2024-12-14 12:26:29,437 INFO    Thread-12 :59920 [dir_watcher.py:_on_file_modified():295] file/dir modified: /Users/aklywtx/Desktop/VLM_Bias_research/NN_pretrain/wandb/run-20241214_122500-u5m95rwj/files/output.log
2024-12-14 12:26:31,181 DEBUG   SenderThread:59920 [sender.py:send():375] send: stats
2024-12-14 12:26:31,444 INFO    Thread-12 :59920 [dir_watcher.py:_on_file_modified():295] file/dir modified: /Users/aklywtx/Desktop/VLM_Bias_research/NN_pretrain/wandb/run-20241214_122500-u5m95rwj/files/output.log
2024-12-14 12:26:33,204 DEBUG   HandlerThread:59920 [handler.py:handle_request():144] handle_request: status_report
2024-12-14 12:26:33,448 INFO    Thread-12 :59920 [dir_watcher.py:_on_file_modified():295] file/dir modified: /Users/aklywtx/Desktop/VLM_Bias_research/NN_pretrain/wandb/run-20241214_122500-u5m95rwj/files/output.log
2024-12-14 12:26:35,425 DEBUG   HandlerThread:59920 [handler.py:handle_request():144] handle_request: partial_history
2024-12-14 12:26:35,427 DEBUG   SenderThread:59920 [sender.py:send():375] send: history
2024-12-14 12:26:35,427 DEBUG   SenderThread:59920 [sender.py:send_request():402] send_request: summary_record
2024-12-14 12:26:35,427 INFO    SenderThread:59920 [sender.py:_save_file():1378] saving file wandb-summary.json with policy end
2024-12-14 12:26:35,459 INFO    Thread-12 :59920 [dir_watcher.py:_on_file_modified():295] file/dir modified: /Users/aklywtx/Desktop/VLM_Bias_research/NN_pretrain/wandb/run-20241214_122500-u5m95rwj/files/wandb-summary.json
2024-12-14 12:26:35,459 INFO    Thread-12 :59920 [dir_watcher.py:_on_file_modified():295] file/dir modified: /Users/aklywtx/Desktop/VLM_Bias_research/NN_pretrain/wandb/run-20241214_122500-u5m95rwj/files/output.log
2024-12-14 12:26:37,469 INFO    Thread-12 :59920 [dir_watcher.py:_on_file_modified():295] file/dir modified: /Users/aklywtx/Desktop/VLM_Bias_research/NN_pretrain/wandb/run-20241214_122500-u5m95rwj/files/output.log
2024-12-14 12:26:38,288 DEBUG   HandlerThread:59920 [handler.py:handle_request():144] handle_request: status_report
2024-12-14 12:26:38,541 DEBUG   HandlerThread:59920 [handler.py:handle_request():144] handle_request: stop_status
2024-12-14 12:26:38,542 DEBUG   SenderThread:59920 [sender.py:send_request():402] send_request: stop_status
2024-12-14 12:26:39,477 INFO    Thread-12 :59920 [dir_watcher.py:_on_file_modified():295] file/dir modified: /Users/aklywtx/Desktop/VLM_Bias_research/NN_pretrain/wandb/run-20241214_122500-u5m95rwj/files/output.log
2024-12-14 12:26:41,487 INFO    Thread-12 :59920 [dir_watcher.py:_on_file_modified():295] file/dir modified: /Users/aklywtx/Desktop/VLM_Bias_research/NN_pretrain/wandb/run-20241214_122500-u5m95rwj/files/output.log
2024-12-14 12:26:43,471 DEBUG   HandlerThread:59920 [handler.py:handle_request():144] handle_request: status_report
2024-12-14 12:26:43,498 INFO    Thread-12 :59920 [dir_watcher.py:_on_file_modified():295] file/dir modified: /Users/aklywtx/Desktop/VLM_Bias_research/NN_pretrain/wandb/run-20241214_122500-u5m95rwj/files/output.log
2024-12-14 12:26:45,508 INFO    Thread-12 :59920 [dir_watcher.py:_on_file_modified():295] file/dir modified: /Users/aklywtx/Desktop/VLM_Bias_research/NN_pretrain/wandb/run-20241214_122500-u5m95rwj/files/output.log
2024-12-14 12:26:47,518 INFO    Thread-12 :59920 [dir_watcher.py:_on_file_modified():295] file/dir modified: /Users/aklywtx/Desktop/VLM_Bias_research/NN_pretrain/wandb/run-20241214_122500-u5m95rwj/files/output.log
2024-12-14 12:26:48,474 DEBUG   HandlerThread:59920 [handler.py:handle_request():144] handle_request: status_report
2024-12-14 12:26:49,527 INFO    Thread-12 :59920 [dir_watcher.py:_on_file_modified():295] file/dir modified: /Users/aklywtx/Desktop/VLM_Bias_research/NN_pretrain/wandb/run-20241214_122500-u5m95rwj/files/output.log
2024-12-14 12:26:51,535 INFO    Thread-12 :59920 [dir_watcher.py:_on_file_modified():295] file/dir modified: /Users/aklywtx/Desktop/VLM_Bias_research/NN_pretrain/wandb/run-20241214_122500-u5m95rwj/files/output.log
2024-12-14 12:26:51,998 DEBUG   HandlerThread:59920 [handler.py:handle_request():144] handle_request: partial_history
2024-12-14 12:26:52,000 DEBUG   SenderThread:59920 [sender.py:send():375] send: history
2024-12-14 12:26:52,000 DEBUG   SenderThread:59920 [sender.py:send_request():402] send_request: summary_record
2024-12-14 12:26:52,000 INFO    SenderThread:59920 [sender.py:_save_file():1378] saving file wandb-summary.json with policy end
2024-12-14 12:26:52,540 INFO    Thread-12 :59920 [dir_watcher.py:_on_file_modified():295] file/dir modified: /Users/aklywtx/Desktop/VLM_Bias_research/NN_pretrain/wandb/run-20241214_122500-u5m95rwj/files/wandb-summary.json
2024-12-14 12:26:53,521 DEBUG   HandlerThread:59920 [handler.py:handle_request():144] handle_request: status_report
2024-12-14 12:26:53,545 INFO    Thread-12 :59920 [dir_watcher.py:_on_file_modified():295] file/dir modified: /Users/aklywtx/Desktop/VLM_Bias_research/NN_pretrain/wandb/run-20241214_122500-u5m95rwj/files/output.log
2024-12-14 12:26:53,546 DEBUG   HandlerThread:59920 [handler.py:handle_request():144] handle_request: stop_status
2024-12-14 12:26:53,546 DEBUG   SenderThread:59920 [sender.py:send_request():402] send_request: stop_status
2024-12-14 12:26:55,553 INFO    Thread-12 :59920 [dir_watcher.py:_on_file_modified():295] file/dir modified: /Users/aklywtx/Desktop/VLM_Bias_research/NN_pretrain/wandb/run-20241214_122500-u5m95rwj/files/output.log
2024-12-14 12:26:57,564 INFO    Thread-12 :59920 [dir_watcher.py:_on_file_modified():295] file/dir modified: /Users/aklywtx/Desktop/VLM_Bias_research/NN_pretrain/wandb/run-20241214_122500-u5m95rwj/files/output.log
2024-12-14 12:26:58,705 DEBUG   HandlerThread:59920 [handler.py:handle_request():144] handle_request: status_report
2024-12-14 12:26:59,572 INFO    Thread-12 :59920 [dir_watcher.py:_on_file_modified():295] file/dir modified: /Users/aklywtx/Desktop/VLM_Bias_research/NN_pretrain/wandb/run-20241214_122500-u5m95rwj/files/output.log
2024-12-14 12:27:01,186 DEBUG   SenderThread:59920 [sender.py:send():375] send: stats
2024-12-14 12:27:01,593 INFO    Thread-12 :59920 [dir_watcher.py:_on_file_modified():295] file/dir modified: /Users/aklywtx/Desktop/VLM_Bias_research/NN_pretrain/wandb/run-20241214_122500-u5m95rwj/files/output.log
2024-12-14 12:27:03,603 INFO    Thread-12 :59920 [dir_watcher.py:_on_file_modified():295] file/dir modified: /Users/aklywtx/Desktop/VLM_Bias_research/NN_pretrain/wandb/run-20241214_122500-u5m95rwj/files/output.log
2024-12-14 12:27:03,889 DEBUG   HandlerThread:59920 [handler.py:handle_request():144] handle_request: status_report
2024-12-14 12:27:05,610 INFO    Thread-12 :59920 [dir_watcher.py:_on_file_modified():295] file/dir modified: /Users/aklywtx/Desktop/VLM_Bias_research/NN_pretrain/wandb/run-20241214_122500-u5m95rwj/files/output.log
2024-12-14 12:27:07,615 INFO    Thread-12 :59920 [dir_watcher.py:_on_file_modified():295] file/dir modified: /Users/aklywtx/Desktop/VLM_Bias_research/NN_pretrain/wandb/run-20241214_122500-u5m95rwj/files/output.log
2024-12-14 12:27:08,548 DEBUG   HandlerThread:59920 [handler.py:handle_request():144] handle_request: stop_status
2024-12-14 12:27:08,548 DEBUG   SenderThread:59920 [sender.py:send_request():402] send_request: stop_status
2024-12-14 12:27:08,719 DEBUG   HandlerThread:59920 [handler.py:handle_request():144] handle_request: partial_history
2024-12-14 12:27:08,898 DEBUG   SenderThread:59920 [sender.py:send():375] send: history
2024-12-14 12:27:08,898 DEBUG   HandlerThread:59920 [handler.py:handle_request():144] handle_request: status_report
2024-12-14 12:27:08,898 DEBUG   SenderThread:59920 [sender.py:send_request():402] send_request: summary_record
2024-12-14 12:27:08,898 INFO    SenderThread:59920 [sender.py:_save_file():1378] saving file wandb-summary.json with policy end
2024-12-14 12:27:09,625 INFO    Thread-12 :59920 [dir_watcher.py:_on_file_modified():295] file/dir modified: /Users/aklywtx/Desktop/VLM_Bias_research/NN_pretrain/wandb/run-20241214_122500-u5m95rwj/files/wandb-summary.json
2024-12-14 12:27:09,625 INFO    Thread-12 :59920 [dir_watcher.py:_on_file_modified():295] file/dir modified: /Users/aklywtx/Desktop/VLM_Bias_research/NN_pretrain/wandb/run-20241214_122500-u5m95rwj/files/output.log
2024-12-14 12:27:11,635 INFO    Thread-12 :59920 [dir_watcher.py:_on_file_modified():295] file/dir modified: /Users/aklywtx/Desktop/VLM_Bias_research/NN_pretrain/wandb/run-20241214_122500-u5m95rwj/files/output.log
2024-12-14 12:27:13,642 INFO    Thread-12 :59920 [dir_watcher.py:_on_file_modified():295] file/dir modified: /Users/aklywtx/Desktop/VLM_Bias_research/NN_pretrain/wandb/run-20241214_122500-u5m95rwj/files/output.log
2024-12-14 12:27:13,955 DEBUG   HandlerThread:59920 [handler.py:handle_request():144] handle_request: status_report
2024-12-14 12:27:15,653 INFO    Thread-12 :59920 [dir_watcher.py:_on_file_modified():295] file/dir modified: /Users/aklywtx/Desktop/VLM_Bias_research/NN_pretrain/wandb/run-20241214_122500-u5m95rwj/files/output.log
2024-12-14 12:27:17,663 INFO    Thread-12 :59920 [dir_watcher.py:_on_file_modified():295] file/dir modified: /Users/aklywtx/Desktop/VLM_Bias_research/NN_pretrain/wandb/run-20241214_122500-u5m95rwj/files/output.log
2024-12-14 12:27:19,140 DEBUG   HandlerThread:59920 [handler.py:handle_request():144] handle_request: status_report
2024-12-14 12:27:19,673 INFO    Thread-12 :59920 [dir_watcher.py:_on_file_modified():295] file/dir modified: /Users/aklywtx/Desktop/VLM_Bias_research/NN_pretrain/wandb/run-20241214_122500-u5m95rwj/files/output.log
2024-12-14 12:27:21,682 INFO    Thread-12 :59920 [dir_watcher.py:_on_file_modified():295] file/dir modified: /Users/aklywtx/Desktop/VLM_Bias_research/NN_pretrain/wandb/run-20241214_122500-u5m95rwj/files/output.log
2024-12-14 12:27:23,550 DEBUG   HandlerThread:59920 [handler.py:handle_request():144] handle_request: stop_status
2024-12-14 12:27:23,550 DEBUG   SenderThread:59920 [sender.py:send_request():402] send_request: stop_status
2024-12-14 12:27:23,692 INFO    Thread-12 :59920 [dir_watcher.py:_on_file_modified():295] file/dir modified: /Users/aklywtx/Desktop/VLM_Bias_research/NN_pretrain/wandb/run-20241214_122500-u5m95rwj/files/output.log
2024-12-14 12:27:24,904 DEBUG   HandlerThread:59920 [handler.py:handle_request():144] handle_request: status_report
2024-12-14 12:27:25,307 DEBUG   HandlerThread:59920 [handler.py:handle_request():144] handle_request: partial_history
2024-12-14 12:27:25,309 DEBUG   SenderThread:59920 [sender.py:send():375] send: history
2024-12-14 12:27:25,309 DEBUG   SenderThread:59920 [sender.py:send_request():402] send_request: summary_record
2024-12-14 12:27:25,309 INFO    SenderThread:59920 [sender.py:_save_file():1378] saving file wandb-summary.json with policy end
2024-12-14 12:27:25,702 INFO    Thread-12 :59920 [dir_watcher.py:_on_file_modified():295] file/dir modified: /Users/aklywtx/Desktop/VLM_Bias_research/NN_pretrain/wandb/run-20241214_122500-u5m95rwj/files/wandb-summary.json
2024-12-14 12:27:25,702 INFO    Thread-12 :59920 [dir_watcher.py:_on_file_modified():295] file/dir modified: /Users/aklywtx/Desktop/VLM_Bias_research/NN_pretrain/wandb/run-20241214_122500-u5m95rwj/files/output.log
2024-12-14 12:27:27,712 INFO    Thread-12 :59920 [dir_watcher.py:_on_file_modified():295] file/dir modified: /Users/aklywtx/Desktop/VLM_Bias_research/NN_pretrain/wandb/run-20241214_122500-u5m95rwj/files/output.log
2024-12-14 12:27:29,723 INFO    Thread-12 :59920 [dir_watcher.py:_on_file_modified():295] file/dir modified: /Users/aklywtx/Desktop/VLM_Bias_research/NN_pretrain/wandb/run-20241214_122500-u5m95rwj/files/output.log
2024-12-14 12:27:29,937 DEBUG   HandlerThread:59920 [handler.py:handle_request():144] handle_request: status_report
2024-12-14 12:27:31,192 DEBUG   SenderThread:59920 [sender.py:send():375] send: stats
2024-12-14 12:27:31,733 INFO    Thread-12 :59920 [dir_watcher.py:_on_file_modified():295] file/dir modified: /Users/aklywtx/Desktop/VLM_Bias_research/NN_pretrain/wandb/run-20241214_122500-u5m95rwj/files/output.log
2024-12-14 12:27:33,740 INFO    Thread-12 :59920 [dir_watcher.py:_on_file_modified():295] file/dir modified: /Users/aklywtx/Desktop/VLM_Bias_research/NN_pretrain/wandb/run-20241214_122500-u5m95rwj/files/output.log
2024-12-14 12:27:35,074 DEBUG   HandlerThread:59920 [handler.py:handle_request():144] handle_request: status_report
2024-12-14 12:27:35,750 INFO    Thread-12 :59920 [dir_watcher.py:_on_file_modified():295] file/dir modified: /Users/aklywtx/Desktop/VLM_Bias_research/NN_pretrain/wandb/run-20241214_122500-u5m95rwj/files/output.log
2024-12-14 12:27:37,757 INFO    Thread-12 :59920 [dir_watcher.py:_on_file_modified():295] file/dir modified: /Users/aklywtx/Desktop/VLM_Bias_research/NN_pretrain/wandb/run-20241214_122500-u5m95rwj/files/output.log
2024-12-14 12:27:38,556 DEBUG   HandlerThread:59920 [handler.py:handle_request():144] handle_request: stop_status
2024-12-14 12:27:38,556 DEBUG   SenderThread:59920 [sender.py:send_request():402] send_request: stop_status
2024-12-14 12:27:39,767 INFO    Thread-12 :59920 [dir_watcher.py:_on_file_modified():295] file/dir modified: /Users/aklywtx/Desktop/VLM_Bias_research/NN_pretrain/wandb/run-20241214_122500-u5m95rwj/files/output.log
2024-12-14 12:27:40,080 DEBUG   HandlerThread:59920 [handler.py:handle_request():144] handle_request: status_report
2024-12-14 12:27:41,777 DEBUG   HandlerThread:59920 [handler.py:handle_request():144] handle_request: partial_history
2024-12-14 12:27:41,779 DEBUG   SenderThread:59920 [sender.py:send():375] send: history
2024-12-14 12:27:41,779 DEBUG   SenderThread:59920 [sender.py:send_request():402] send_request: summary_record
2024-12-14 12:27:41,779 INFO    Thread-12 :59920 [dir_watcher.py:_on_file_modified():295] file/dir modified: /Users/aklywtx/Desktop/VLM_Bias_research/NN_pretrain/wandb/run-20241214_122500-u5m95rwj/files/wandb-summary.json
2024-12-14 12:27:41,779 INFO    Thread-12 :59920 [dir_watcher.py:_on_file_modified():295] file/dir modified: /Users/aklywtx/Desktop/VLM_Bias_research/NN_pretrain/wandb/run-20241214_122500-u5m95rwj/files/output.log
2024-12-14 12:27:41,780 INFO    SenderThread:59920 [sender.py:_save_file():1378] saving file wandb-summary.json with policy end
2024-12-14 12:27:42,783 INFO    Thread-12 :59920 [dir_watcher.py:_on_file_modified():295] file/dir modified: /Users/aklywtx/Desktop/VLM_Bias_research/NN_pretrain/wandb/run-20241214_122500-u5m95rwj/files/wandb-summary.json
2024-12-14 12:27:43,788 INFO    Thread-12 :59920 [dir_watcher.py:_on_file_modified():295] file/dir modified: /Users/aklywtx/Desktop/VLM_Bias_research/NN_pretrain/wandb/run-20241214_122500-u5m95rwj/files/output.log
2024-12-14 12:27:45,173 DEBUG   HandlerThread:59920 [handler.py:handle_request():144] handle_request: status_report
2024-12-14 12:27:45,799 INFO    Thread-12 :59920 [dir_watcher.py:_on_file_modified():295] file/dir modified: /Users/aklywtx/Desktop/VLM_Bias_research/NN_pretrain/wandb/run-20241214_122500-u5m95rwj/files/output.log
2024-12-14 12:27:47,809 INFO    Thread-12 :59920 [dir_watcher.py:_on_file_modified():295] file/dir modified: /Users/aklywtx/Desktop/VLM_Bias_research/NN_pretrain/wandb/run-20241214_122500-u5m95rwj/files/output.log
2024-12-14 12:27:49,814 INFO    Thread-12 :59920 [dir_watcher.py:_on_file_modified():295] file/dir modified: /Users/aklywtx/Desktop/VLM_Bias_research/NN_pretrain/wandb/run-20241214_122500-u5m95rwj/files/output.log
2024-12-14 12:27:50,222 DEBUG   HandlerThread:59920 [handler.py:handle_request():144] handle_request: status_report
2024-12-14 12:27:51,821 INFO    Thread-12 :59920 [dir_watcher.py:_on_file_modified():295] file/dir modified: /Users/aklywtx/Desktop/VLM_Bias_research/NN_pretrain/wandb/run-20241214_122500-u5m95rwj/files/output.log
2024-12-14 12:27:53,560 DEBUG   HandlerThread:59920 [handler.py:handle_request():144] handle_request: stop_status
2024-12-14 12:27:53,560 DEBUG   SenderThread:59920 [sender.py:send_request():402] send_request: stop_status
2024-12-14 12:27:53,838 INFO    Thread-12 :59920 [dir_watcher.py:_on_file_modified():295] file/dir modified: /Users/aklywtx/Desktop/VLM_Bias_research/NN_pretrain/wandb/run-20241214_122500-u5m95rwj/files/output.log
2024-12-14 12:27:55,401 DEBUG   HandlerThread:59920 [handler.py:handle_request():144] handle_request: status_report
2024-12-14 12:27:55,846 INFO    Thread-12 :59920 [dir_watcher.py:_on_file_modified():295] file/dir modified: /Users/aklywtx/Desktop/VLM_Bias_research/NN_pretrain/wandb/run-20241214_122500-u5m95rwj/files/output.log
2024-12-14 12:27:57,856 INFO    Thread-12 :59920 [dir_watcher.py:_on_file_modified():295] file/dir modified: /Users/aklywtx/Desktop/VLM_Bias_research/NN_pretrain/wandb/run-20241214_122500-u5m95rwj/files/output.log
2024-12-14 12:27:59,861 INFO    Thread-12 :59920 [dir_watcher.py:_on_file_modified():295] file/dir modified: /Users/aklywtx/Desktop/VLM_Bias_research/NN_pretrain/wandb/run-20241214_122500-u5m95rwj/files/output.log
2024-12-14 12:28:00,078 DEBUG   HandlerThread:59920 [handler.py:handle_request():144] handle_request: partial_history
2024-12-14 12:28:00,079 DEBUG   SenderThread:59920 [sender.py:send():375] send: history
2024-12-14 12:28:00,079 DEBUG   SenderThread:59920 [sender.py:send_request():402] send_request: summary_record
2024-12-14 12:28:00,080 INFO    SenderThread:59920 [sender.py:_save_file():1378] saving file wandb-summary.json with policy end
2024-12-14 12:28:00,525 DEBUG   HandlerThread:59920 [handler.py:handle_request():144] handle_request: status_report
2024-12-14 12:28:00,866 INFO    Thread-12 :59920 [dir_watcher.py:_on_file_modified():295] file/dir modified: /Users/aklywtx/Desktop/VLM_Bias_research/NN_pretrain/wandb/run-20241214_122500-u5m95rwj/files/wandb-summary.json
2024-12-14 12:28:01,197 DEBUG   SenderThread:59920 [sender.py:send():375] send: stats
2024-12-14 12:28:01,870 INFO    Thread-12 :59920 [dir_watcher.py:_on_file_modified():295] file/dir modified: /Users/aklywtx/Desktop/VLM_Bias_research/NN_pretrain/wandb/run-20241214_122500-u5m95rwj/files/output.log
2024-12-14 12:28:03,881 INFO    Thread-12 :59920 [dir_watcher.py:_on_file_modified():295] file/dir modified: /Users/aklywtx/Desktop/VLM_Bias_research/NN_pretrain/wandb/run-20241214_122500-u5m95rwj/files/output.log
2024-12-14 12:28:05,532 DEBUG   HandlerThread:59920 [handler.py:handle_request():144] handle_request: status_report
2024-12-14 12:28:06,005 INFO    Thread-12 :59920 [dir_watcher.py:_on_file_modified():295] file/dir modified: /Users/aklywtx/Desktop/VLM_Bias_research/NN_pretrain/wandb/run-20241214_122500-u5m95rwj/files/output.log
2024-12-14 12:28:08,014 INFO    Thread-12 :59920 [dir_watcher.py:_on_file_modified():295] file/dir modified: /Users/aklywtx/Desktop/VLM_Bias_research/NN_pretrain/wandb/run-20241214_122500-u5m95rwj/files/output.log
2024-12-14 12:28:08,565 DEBUG   HandlerThread:59920 [handler.py:handle_request():144] handle_request: stop_status
2024-12-14 12:28:08,565 DEBUG   SenderThread:59920 [sender.py:send_request():402] send_request: stop_status
2024-12-14 12:28:10,022 INFO    Thread-12 :59920 [dir_watcher.py:_on_file_modified():295] file/dir modified: /Users/aklywtx/Desktop/VLM_Bias_research/NN_pretrain/wandb/run-20241214_122500-u5m95rwj/files/output.log
2024-12-14 12:28:10,567 DEBUG   HandlerThread:59920 [handler.py:handle_request():144] handle_request: status_report
2024-12-14 12:28:12,031 INFO    Thread-12 :59920 [dir_watcher.py:_on_file_modified():295] file/dir modified: /Users/aklywtx/Desktop/VLM_Bias_research/NN_pretrain/wandb/run-20241214_122500-u5m95rwj/files/output.log
2024-12-14 12:28:14,041 INFO    Thread-12 :59920 [dir_watcher.py:_on_file_modified():295] file/dir modified: /Users/aklywtx/Desktop/VLM_Bias_research/NN_pretrain/wandb/run-20241214_122500-u5m95rwj/files/output.log
2024-12-14 12:28:15,754 DEBUG   HandlerThread:59920 [handler.py:handle_request():144] handle_request: status_report
2024-12-14 12:28:16,045 INFO    Thread-12 :59920 [dir_watcher.py:_on_file_modified():295] file/dir modified: /Users/aklywtx/Desktop/VLM_Bias_research/NN_pretrain/wandb/run-20241214_122500-u5m95rwj/files/output.log
2024-12-14 12:28:18,053 INFO    Thread-12 :59920 [dir_watcher.py:_on_file_modified():295] file/dir modified: /Users/aklywtx/Desktop/VLM_Bias_research/NN_pretrain/wandb/run-20241214_122500-u5m95rwj/files/output.log
2024-12-14 12:28:18,767 DEBUG   HandlerThread:59920 [handler.py:handle_request():144] handle_request: partial_history
2024-12-14 12:28:18,769 DEBUG   SenderThread:59920 [sender.py:send():375] send: history
2024-12-14 12:28:18,769 DEBUG   SenderThread:59920 [sender.py:send_request():402] send_request: summary_record
2024-12-14 12:28:18,769 INFO    SenderThread:59920 [sender.py:_save_file():1378] saving file wandb-summary.json with policy end
2024-12-14 12:28:19,058 INFO    Thread-12 :59920 [dir_watcher.py:_on_file_modified():295] file/dir modified: /Users/aklywtx/Desktop/VLM_Bias_research/NN_pretrain/wandb/run-20241214_122500-u5m95rwj/files/wandb-summary.json
2024-12-14 12:28:20,059 INFO    Thread-12 :59920 [dir_watcher.py:_on_file_modified():295] file/dir modified: /Users/aklywtx/Desktop/VLM_Bias_research/NN_pretrain/wandb/run-20241214_122500-u5m95rwj/files/output.log
2024-12-14 12:28:20,851 DEBUG   HandlerThread:59920 [handler.py:handle_request():144] handle_request: status_report
2024-12-14 12:28:22,071 INFO    Thread-12 :59920 [dir_watcher.py:_on_file_modified():295] file/dir modified: /Users/aklywtx/Desktop/VLM_Bias_research/NN_pretrain/wandb/run-20241214_122500-u5m95rwj/files/output.log
2024-12-14 12:28:23,570 DEBUG   HandlerThread:59920 [handler.py:handle_request():144] handle_request: stop_status
2024-12-14 12:28:23,570 DEBUG   SenderThread:59920 [sender.py:send_request():402] send_request: stop_status
2024-12-14 12:28:24,094 INFO    Thread-12 :59920 [dir_watcher.py:_on_file_modified():295] file/dir modified: /Users/aklywtx/Desktop/VLM_Bias_research/NN_pretrain/wandb/run-20241214_122500-u5m95rwj/files/output.log
2024-12-14 12:28:25,914 DEBUG   HandlerThread:59920 [handler.py:handle_request():144] handle_request: status_report
2024-12-14 12:28:26,105 INFO    Thread-12 :59920 [dir_watcher.py:_on_file_modified():295] file/dir modified: /Users/aklywtx/Desktop/VLM_Bias_research/NN_pretrain/wandb/run-20241214_122500-u5m95rwj/files/output.log
2024-12-14 12:28:28,113 INFO    Thread-12 :59920 [dir_watcher.py:_on_file_modified():295] file/dir modified: /Users/aklywtx/Desktop/VLM_Bias_research/NN_pretrain/wandb/run-20241214_122500-u5m95rwj/files/output.log
2024-12-14 12:28:30,122 INFO    Thread-12 :59920 [dir_watcher.py:_on_file_modified():295] file/dir modified: /Users/aklywtx/Desktop/VLM_Bias_research/NN_pretrain/wandb/run-20241214_122500-u5m95rwj/files/output.log
2024-12-14 12:28:30,947 DEBUG   HandlerThread:59920 [handler.py:handle_request():144] handle_request: status_report
2024-12-14 12:28:31,203 DEBUG   SenderThread:59920 [sender.py:send():375] send: stats
2024-12-14 12:28:32,129 INFO    Thread-12 :59920 [dir_watcher.py:_on_file_modified():295] file/dir modified: /Users/aklywtx/Desktop/VLM_Bias_research/NN_pretrain/wandb/run-20241214_122500-u5m95rwj/files/output.log
2024-12-14 12:28:34,144 INFO    Thread-12 :59920 [dir_watcher.py:_on_file_modified():295] file/dir modified: /Users/aklywtx/Desktop/VLM_Bias_research/NN_pretrain/wandb/run-20241214_122500-u5m95rwj/files/output.log
2024-12-14 12:28:36,067 DEBUG   HandlerThread:59920 [handler.py:handle_request():144] handle_request: status_report
2024-12-14 12:28:36,155 INFO    Thread-12 :59920 [dir_watcher.py:_on_file_modified():295] file/dir modified: /Users/aklywtx/Desktop/VLM_Bias_research/NN_pretrain/wandb/run-20241214_122500-u5m95rwj/files/output.log
2024-12-14 12:28:37,554 DEBUG   HandlerThread:59920 [handler.py:handle_request():144] handle_request: partial_history
2024-12-14 12:28:37,556 DEBUG   SenderThread:59920 [sender.py:send():375] send: history
2024-12-14 12:28:37,556 DEBUG   SenderThread:59920 [sender.py:send_request():402] send_request: summary_record
2024-12-14 12:28:37,556 INFO    SenderThread:59920 [sender.py:_save_file():1378] saving file wandb-summary.json with policy end
2024-12-14 12:28:38,161 INFO    Thread-12 :59920 [dir_watcher.py:_on_file_modified():295] file/dir modified: /Users/aklywtx/Desktop/VLM_Bias_research/NN_pretrain/wandb/run-20241214_122500-u5m95rwj/files/wandb-summary.json
2024-12-14 12:28:38,161 INFO    Thread-12 :59920 [dir_watcher.py:_on_file_modified():295] file/dir modified: /Users/aklywtx/Desktop/VLM_Bias_research/NN_pretrain/wandb/run-20241214_122500-u5m95rwj/files/output.log
2024-12-14 12:28:38,575 DEBUG   HandlerThread:59920 [handler.py:handle_request():144] handle_request: stop_status
2024-12-14 12:28:38,575 DEBUG   SenderThread:59920 [sender.py:send_request():402] send_request: stop_status
2024-12-14 12:28:39,127 DEBUG   SenderThread:59920 [sender.py:send():375] send: exit
2024-12-14 12:28:39,127 INFO    SenderThread:59920 [sender.py:send_exit():598] handling exit code: 255
2024-12-14 12:28:39,128 INFO    SenderThread:59920 [sender.py:send_exit():600] handling runtime: 217
2024-12-14 12:28:39,128 INFO    SenderThread:59920 [sender.py:_save_file():1378] saving file wandb-summary.json with policy end
2024-12-14 12:28:39,128 INFO    SenderThread:59920 [sender.py:send_exit():606] send defer
2024-12-14 12:28:39,128 DEBUG   HandlerThread:59920 [handler.py:handle_request():144] handle_request: defer
2024-12-14 12:28:39,129 INFO    HandlerThread:59920 [handler.py:handle_request_defer():170] handle defer: 0
2024-12-14 12:28:39,129 DEBUG   SenderThread:59920 [sender.py:send_request():402] send_request: defer
2024-12-14 12:28:39,129 INFO    SenderThread:59920 [sender.py:send_request_defer():622] handle sender defer: 0
2024-12-14 12:28:39,129 INFO    SenderThread:59920 [sender.py:transition_state():626] send defer: 1
2024-12-14 12:28:39,129 DEBUG   HandlerThread:59920 [handler.py:handle_request():144] handle_request: defer
2024-12-14 12:28:39,129 INFO    HandlerThread:59920 [handler.py:handle_request_defer():170] handle defer: 1
2024-12-14 12:28:39,129 DEBUG   SenderThread:59920 [sender.py:send_request():402] send_request: defer
2024-12-14 12:28:39,129 INFO    SenderThread:59920 [sender.py:send_request_defer():622] handle sender defer: 1
2024-12-14 12:28:39,129 INFO    SenderThread:59920 [sender.py:transition_state():626] send defer: 2
2024-12-14 12:28:39,129 DEBUG   HandlerThread:59920 [handler.py:handle_request():144] handle_request: defer
2024-12-14 12:28:39,129 INFO    HandlerThread:59920 [handler.py:handle_request_defer():170] handle defer: 2
2024-12-14 12:28:39,129 INFO    HandlerThread:59920 [system_monitor.py:finish():190] Stopping system monitor
2024-12-14 12:28:39,129 DEBUG   SystemMonitor:59920 [system_monitor.py:_start():166] Finished system metrics aggregation loop
2024-12-14 12:28:39,130 DEBUG   SystemMonitor:59920 [system_monitor.py:_start():170] Publishing last batch of metrics
2024-12-14 12:28:39,130 INFO    HandlerThread:59920 [interfaces.py:finish():202] Joined cpu monitor
2024-12-14 12:28:39,130 INFO    HandlerThread:59920 [interfaces.py:finish():202] Joined disk monitor
2024-12-14 12:28:39,130 INFO    HandlerThread:59920 [interfaces.py:finish():202] Joined memory monitor
2024-12-14 12:28:39,130 INFO    HandlerThread:59920 [interfaces.py:finish():202] Joined network monitor
2024-12-14 12:28:39,131 DEBUG   SenderThread:59920 [sender.py:send_request():402] send_request: defer
2024-12-14 12:28:39,131 INFO    SenderThread:59920 [sender.py:send_request_defer():622] handle sender defer: 2
2024-12-14 12:28:39,131 INFO    SenderThread:59920 [sender.py:transition_state():626] send defer: 3
2024-12-14 12:28:39,131 DEBUG   SenderThread:59920 [sender.py:send():375] send: stats
2024-12-14 12:28:39,131 DEBUG   HandlerThread:59920 [handler.py:handle_request():144] handle_request: defer
2024-12-14 12:28:39,131 INFO    HandlerThread:59920 [handler.py:handle_request_defer():170] handle defer: 3
2024-12-14 12:28:39,131 DEBUG   SenderThread:59920 [sender.py:send_request():402] send_request: defer
2024-12-14 12:28:39,131 INFO    SenderThread:59920 [sender.py:send_request_defer():622] handle sender defer: 3
2024-12-14 12:28:39,131 INFO    SenderThread:59920 [sender.py:transition_state():626] send defer: 4
2024-12-14 12:28:39,131 DEBUG   HandlerThread:59920 [handler.py:handle_request():144] handle_request: defer
2024-12-14 12:28:39,131 INFO    HandlerThread:59920 [handler.py:handle_request_defer():170] handle defer: 4
2024-12-14 12:28:39,132 DEBUG   SenderThread:59920 [sender.py:send_request():402] send_request: defer
2024-12-14 12:28:39,132 INFO    SenderThread:59920 [sender.py:send_request_defer():622] handle sender defer: 4
2024-12-14 12:28:39,132 INFO    SenderThread:59920 [sender.py:transition_state():626] send defer: 5
2024-12-14 12:28:39,132 DEBUG   HandlerThread:59920 [handler.py:handle_request():144] handle_request: defer
2024-12-14 12:28:39,132 INFO    HandlerThread:59920 [handler.py:handle_request_defer():170] handle defer: 5
2024-12-14 12:28:39,132 DEBUG   SenderThread:59920 [sender.py:send():375] send: summary
2024-12-14 12:28:39,133 INFO    SenderThread:59920 [sender.py:_save_file():1378] saving file wandb-summary.json with policy end
2024-12-14 12:28:39,133 DEBUG   SenderThread:59920 [sender.py:send_request():402] send_request: defer
2024-12-14 12:28:39,133 INFO    SenderThread:59920 [sender.py:send_request_defer():622] handle sender defer: 5
2024-12-14 12:28:39,133 INFO    SenderThread:59920 [sender.py:transition_state():626] send defer: 6
2024-12-14 12:28:39,134 DEBUG   HandlerThread:59920 [handler.py:handle_request():144] handle_request: defer
2024-12-14 12:28:39,134 INFO    HandlerThread:59920 [handler.py:handle_request_defer():170] handle defer: 6
2024-12-14 12:28:39,134 DEBUG   SenderThread:59920 [sender.py:send_request():402] send_request: defer
2024-12-14 12:28:39,134 INFO    SenderThread:59920 [sender.py:send_request_defer():622] handle sender defer: 6
2024-12-14 12:28:39,134 INFO    SenderThread:59920 [sender.py:transition_state():626] send defer: 7
2024-12-14 12:28:39,134 DEBUG   HandlerThread:59920 [handler.py:handle_request():144] handle_request: status_report
2024-12-14 12:28:39,134 DEBUG   HandlerThread:59920 [handler.py:handle_request():144] handle_request: defer
2024-12-14 12:28:39,134 INFO    HandlerThread:59920 [handler.py:handle_request_defer():170] handle defer: 7
2024-12-14 12:28:39,134 DEBUG   SenderThread:59920 [sender.py:send_request():402] send_request: defer
2024-12-14 12:28:39,134 INFO    SenderThread:59920 [sender.py:send_request_defer():622] handle sender defer: 7
2024-12-14 12:28:39,166 INFO    Thread-12 :59920 [dir_watcher.py:_on_file_modified():295] file/dir modified: /Users/aklywtx/Desktop/VLM_Bias_research/NN_pretrain/wandb/run-20241214_122500-u5m95rwj/files/wandb-summary.json
2024-12-14 12:28:39,510 INFO    SenderThread:59920 [sender.py:transition_state():626] send defer: 8
2024-12-14 12:28:39,510 DEBUG   HandlerThread:59920 [handler.py:handle_request():144] handle_request: defer
2024-12-14 12:28:39,511 INFO    HandlerThread:59920 [handler.py:handle_request_defer():170] handle defer: 8
2024-12-14 12:28:39,511 DEBUG   SenderThread:59920 [sender.py:send_request():402] send_request: defer
2024-12-14 12:28:39,511 INFO    SenderThread:59920 [sender.py:send_request_defer():622] handle sender defer: 8
2024-12-14 12:28:39,519 INFO    SenderThread:59920 [sender.py:transition_state():626] send defer: 9
2024-12-14 12:28:39,520 DEBUG   HandlerThread:59920 [handler.py:handle_request():144] handle_request: defer
2024-12-14 12:28:39,520 INFO    HandlerThread:59920 [handler.py:handle_request_defer():170] handle defer: 9
2024-12-14 12:28:39,520 DEBUG   SenderThread:59920 [sender.py:send():375] send: artifact
2024-12-14 12:28:40,136 DEBUG   HandlerThread:59920 [handler.py:handle_request():144] handle_request: poll_exit
2024-12-14 12:28:40,172 INFO    Thread-12 :59920 [dir_watcher.py:_on_file_modified():295] file/dir modified: /Users/aklywtx/Desktop/VLM_Bias_research/NN_pretrain/wandb/run-20241214_122500-u5m95rwj/files/output.log
2024-12-14 12:28:40,453 INFO    SenderThread:59920 [sender.py:send_artifact():1474] sent artifact job-git_github.com_aklywtx_NN_pretrain.git_models_mlp_train.py - {'id': 'QXJ0aWZhY3Q6MTM2OTc3NDM3Nw==', 'digest': '2fb326c6e30cfb68f5c0624d5b1a2291', 'state': 'COMMITTED', 'aliases': [{'artifactCollectionName': 'job-git_github.com_aklywtx_NN_pretrain.git_models_mlp_train.py', 'alias': 'latest'}, {'artifactCollectionName': 'job-git_github.com_aklywtx_NN_pretrain.git_models_mlp_train.py', 'alias': 'v5'}], 'artifactSequence': {'id': 'QXJ0aWZhY3RDb2xsZWN0aW9uOjQ5NjYxOTk2OQ==', 'latestArtifact': {'id': 'QXJ0aWZhY3Q6MTM2OTc3NDM3Nw==', 'versionIndex': 5}}, 'version': 'v5'}
2024-12-14 12:28:40,453 DEBUG   SenderThread:59920 [sender.py:send_request():402] send_request: defer
2024-12-14 12:28:40,453 INFO    SenderThread:59920 [sender.py:send_request_defer():622] handle sender defer: 9
2024-12-14 12:28:40,453 INFO    SenderThread:59920 [dir_watcher.py:finish():365] shutting down directory watcher
2024-12-14 12:28:41,177 INFO    SenderThread:59920 [dir_watcher.py:finish():395] scan: /Users/aklywtx/Desktop/VLM_Bias_research/NN_pretrain/wandb/run-20241214_122500-u5m95rwj/files
2024-12-14 12:28:41,178 INFO    SenderThread:59920 [dir_watcher.py:finish():409] scan save: /Users/aklywtx/Desktop/VLM_Bias_research/NN_pretrain/wandb/run-20241214_122500-u5m95rwj/files/requirements.txt requirements.txt
2024-12-14 12:28:41,178 INFO    SenderThread:59920 [dir_watcher.py:finish():409] scan save: /Users/aklywtx/Desktop/VLM_Bias_research/NN_pretrain/wandb/run-20241214_122500-u5m95rwj/files/output.log output.log
2024-12-14 12:28:41,178 INFO    SenderThread:59920 [dir_watcher.py:finish():409] scan save: /Users/aklywtx/Desktop/VLM_Bias_research/NN_pretrain/wandb/run-20241214_122500-u5m95rwj/files/config.yaml config.yaml
2024-12-14 12:28:41,181 INFO    SenderThread:59920 [dir_watcher.py:finish():409] scan save: /Users/aklywtx/Desktop/VLM_Bias_research/NN_pretrain/wandb/run-20241214_122500-u5m95rwj/files/wandb-summary.json wandb-summary.json
2024-12-14 12:28:41,182 INFO    SenderThread:59920 [dir_watcher.py:finish():409] scan save: /Users/aklywtx/Desktop/VLM_Bias_research/NN_pretrain/wandb/run-20241214_122500-u5m95rwj/files/conda-environment.yaml conda-environment.yaml
2024-12-14 12:28:41,183 INFO    SenderThread:59920 [dir_watcher.py:finish():409] scan save: /Users/aklywtx/Desktop/VLM_Bias_research/NN_pretrain/wandb/run-20241214_122500-u5m95rwj/files/wandb-metadata.json wandb-metadata.json
2024-12-14 12:28:41,184 INFO    SenderThread:59920 [sender.py:transition_state():626] send defer: 10
2024-12-14 12:28:41,184 DEBUG   SenderThread:59920 [sender.py:send_request():402] send_request: poll_exit
2024-12-14 12:28:41,185 DEBUG   HandlerThread:59920 [handler.py:handle_request():144] handle_request: defer
2024-12-14 12:28:41,186 INFO    HandlerThread:59920 [handler.py:handle_request_defer():170] handle defer: 10
2024-12-14 12:28:41,187 DEBUG   SenderThread:59920 [sender.py:send_request():402] send_request: defer
2024-12-14 12:28:41,188 INFO    SenderThread:59920 [sender.py:send_request_defer():622] handle sender defer: 10
2024-12-14 12:28:41,188 INFO    SenderThread:59920 [file_pusher.py:finish():167] shutting down file pusher
2024-12-14 12:28:41,672 INFO    wandb-upload_0:59920 [upload_job.py:push():137] Uploaded file /Users/aklywtx/Desktop/VLM_Bias_research/NN_pretrain/wandb/run-20241214_122500-u5m95rwj/files/requirements.txt
2024-12-14 12:28:41,673 INFO    wandb-upload_1:59920 [upload_job.py:push():137] Uploaded file /Users/aklywtx/Desktop/VLM_Bias_research/NN_pretrain/wandb/run-20241214_122500-u5m95rwj/files/output.log
2024-12-14 12:28:41,734 INFO    wandb-upload_3:59920 [upload_job.py:push():137] Uploaded file /Users/aklywtx/Desktop/VLM_Bias_research/NN_pretrain/wandb/run-20241214_122500-u5m95rwj/files/wandb-summary.json
2024-12-14 12:28:41,748 INFO    wandb-upload_2:59920 [upload_job.py:push():137] Uploaded file /Users/aklywtx/Desktop/VLM_Bias_research/NN_pretrain/wandb/run-20241214_122500-u5m95rwj/files/config.yaml
2024-12-14 12:28:41,828 INFO    wandb-upload_4:59920 [upload_job.py:push():137] Uploaded file /Users/aklywtx/Desktop/VLM_Bias_research/NN_pretrain/wandb/run-20241214_122500-u5m95rwj/files/conda-environment.yaml
2024-12-14 12:28:42,033 INFO    Thread-11 :59920 [sender.py:transition_state():626] send defer: 11
2024-12-14 12:28:42,034 DEBUG   HandlerThread:59920 [handler.py:handle_request():144] handle_request: defer
2024-12-14 12:28:42,034 INFO    HandlerThread:59920 [handler.py:handle_request_defer():170] handle defer: 11
2024-12-14 12:28:42,034 DEBUG   SenderThread:59920 [sender.py:send_request():402] send_request: defer
2024-12-14 12:28:42,034 INFO    SenderThread:59920 [sender.py:send_request_defer():622] handle sender defer: 11
2024-12-14 12:28:42,034 INFO    SenderThread:59920 [file_pusher.py:join():172] waiting for file pusher
2024-12-14 12:28:42,034 INFO    SenderThread:59920 [sender.py:transition_state():626] send defer: 12
2024-12-14 12:28:42,034 DEBUG   HandlerThread:59920 [handler.py:handle_request():144] handle_request: defer
2024-12-14 12:28:42,035 INFO    HandlerThread:59920 [handler.py:handle_request_defer():170] handle defer: 12
2024-12-14 12:28:42,035 DEBUG   SenderThread:59920 [sender.py:send_request():402] send_request: defer
2024-12-14 12:28:42,035 INFO    SenderThread:59920 [sender.py:send_request_defer():622] handle sender defer: 12
2024-12-14 12:28:42,196 INFO    SenderThread:59920 [sender.py:transition_state():626] send defer: 13
2024-12-14 12:28:42,197 DEBUG   HandlerThread:59920 [handler.py:handle_request():144] handle_request: defer
2024-12-14 12:28:42,197 INFO    HandlerThread:59920 [handler.py:handle_request_defer():170] handle defer: 13
2024-12-14 12:28:42,197 DEBUG   SenderThread:59920 [sender.py:send_request():402] send_request: defer
2024-12-14 12:28:42,197 INFO    SenderThread:59920 [sender.py:send_request_defer():622] handle sender defer: 13
2024-12-14 12:28:42,197 INFO    SenderThread:59920 [sender.py:transition_state():626] send defer: 14
2024-12-14 12:28:42,197 DEBUG   HandlerThread:59920 [handler.py:handle_request():144] handle_request: defer
2024-12-14 12:28:42,197 INFO    HandlerThread:59920 [handler.py:handle_request_defer():170] handle defer: 14
2024-12-14 12:28:42,198 DEBUG   SenderThread:59920 [sender.py:send():375] send: final
2024-12-14 12:28:42,198 DEBUG   SenderThread:59920 [sender.py:send():375] send: footer
2024-12-14 12:28:42,198 DEBUG   SenderThread:59920 [sender.py:send_request():402] send_request: defer
2024-12-14 12:28:42,198 INFO    SenderThread:59920 [sender.py:send_request_defer():622] handle sender defer: 14
2024-12-14 12:28:42,198 DEBUG   HandlerThread:59920 [handler.py:handle_request():144] handle_request: poll_exit
2024-12-14 12:28:42,198 DEBUG   HandlerThread:59920 [handler.py:handle_request():144] handle_request: server_info
2024-12-14 12:28:42,198 DEBUG   SenderThread:59920 [sender.py:send_request():402] send_request: poll_exit
2024-12-14 12:28:42,199 DEBUG   SenderThread:59920 [sender.py:send_request():402] send_request: server_info
2024-12-14 12:28:42,200 DEBUG   HandlerThread:59920 [handler.py:handle_request():144] handle_request: get_summary
2024-12-14 12:28:42,200 DEBUG   HandlerThread:59920 [handler.py:handle_request():144] handle_request: sampled_history
2024-12-14 12:28:42,337 INFO    MainThread:59920 [wandb_run.py:_footer_history_summary_info():3469] rendering history
2024-12-14 12:28:42,338 INFO    MainThread:59920 [wandb_run.py:_footer_history_summary_info():3501] rendering summary
2024-12-14 12:28:42,338 INFO    MainThread:59920 [wandb_run.py:_footer_sync_info():3428] logging synced files
2024-12-14 12:28:42,338 DEBUG   HandlerThread:59920 [handler.py:handle_request():144] handle_request: shutdown
2024-12-14 12:28:42,338 INFO    HandlerThread:59920 [handler.py:finish():842] shutting down handler
2024-12-14 12:28:43,203 INFO    WriterThread:59920 [datastore.py:close():298] close: /Users/aklywtx/Desktop/VLM_Bias_research/NN_pretrain/wandb/run-20241214_122500-u5m95rwj/run-u5m95rwj.wandb
2024-12-14 12:28:43,342 INFO    SenderThread:59920 [sender.py:finish():1550] shutting down sender
2024-12-14 12:28:43,343 INFO    SenderThread:59920 [file_pusher.py:finish():167] shutting down file pusher
2024-12-14 12:28:43,343 INFO    SenderThread:59920 [file_pusher.py:join():172] waiting for file pusher
