2024-11-17 14:45:09,916 INFO    StreamThr :20485 [internal.py:wandb_internal():86] W&B internal server running at pid: 20485, started at: 2024-11-17 14:45:09.916335
2024-11-17 14:45:09,917 DEBUG   HandlerThread:20485 [handler.py:handle_request():144] handle_request: status
2024-11-17 14:45:09,917 INFO    WriterThread:20485 [datastore.py:open_for_write():85] open: /Users/aklywtx/Desktop/VLM_Bias_research/NN_pretrain/wandb/run-20241117_144509-2ftwk6vs/run-2ftwk6vs.wandb
2024-11-17 14:45:09,918 DEBUG   SenderThread:20485 [sender.py:send():375] send: header
2024-11-17 14:45:09,940 DEBUG   SenderThread:20485 [sender.py:send():375] send: run
2024-11-17 14:45:10,364 INFO    SenderThread:20485 [dir_watcher.py:__init__():219] watching files in: /Users/aklywtx/Desktop/VLM_Bias_research/NN_pretrain/wandb/run-20241117_144509-2ftwk6vs/files
2024-11-17 14:45:10,364 INFO    SenderThread:20485 [sender.py:_start_run_threads():1124] run started: 2ftwk6vs with start time 1731851109.916082
2024-11-17 14:45:10,364 DEBUG   SenderThread:20485 [sender.py:send_request():402] send_request: summary_record
2024-11-17 14:45:10,365 INFO    SenderThread:20485 [sender.py:_save_file():1378] saving file wandb-summary.json with policy end
2024-11-17 14:45:10,367 DEBUG   HandlerThread:20485 [handler.py:handle_request():144] handle_request: check_version
2024-11-17 14:45:10,367 DEBUG   SenderThread:20485 [sender.py:send_request():402] send_request: check_version
2024-11-17 14:45:10,688 DEBUG   HandlerThread:20485 [handler.py:handle_request():144] handle_request: run_start
2024-11-17 14:45:10,698 DEBUG   HandlerThread:20485 [system_info.py:__init__():31] System info init
2024-11-17 14:45:10,698 DEBUG   HandlerThread:20485 [system_info.py:__init__():46] System info init done
2024-11-17 14:45:10,698 INFO    HandlerThread:20485 [system_monitor.py:start():181] Starting system monitor
2024-11-17 14:45:10,698 INFO    SystemMonitor:20485 [system_monitor.py:_start():145] Starting system asset monitoring threads
2024-11-17 14:45:10,698 INFO    HandlerThread:20485 [system_monitor.py:probe():201] Collecting system info
2024-11-17 14:45:10,699 INFO    SystemMonitor:20485 [interfaces.py:start():190] Started cpu monitoring
2024-11-17 14:45:10,699 DEBUG   HandlerThread:20485 [system_info.py:probe():195] Probing system
2024-11-17 14:45:10,699 INFO    SystemMonitor:20485 [interfaces.py:start():190] Started disk monitoring
2024-11-17 14:45:10,699 INFO    SystemMonitor:20485 [interfaces.py:start():190] Started memory monitoring
2024-11-17 14:45:10,700 INFO    SystemMonitor:20485 [interfaces.py:start():190] Started network monitoring
2024-11-17 14:45:10,703 DEBUG   HandlerThread:20485 [system_info.py:_probe_git():180] Probing git
2024-11-17 14:45:10,729 DEBUG   HandlerThread:20485 [system_info.py:_probe_git():188] Probing git done
2024-11-17 14:45:10,729 DEBUG   HandlerThread:20485 [system_info.py:probe():240] Probing system done
2024-11-17 14:45:10,729 DEBUG   HandlerThread:20485 [system_monitor.py:probe():210] {'os': 'macOS-14.5-arm64-i386-64bit', 'python': '3.9.13', 'heartbeatAt': '2024-11-17T13:45:10.699528', 'startedAt': '2024-11-17T13:45:09.847518', 'docker': None, 'cuda': None, 'args': (), 'state': 'running', 'program': '/Users/aklywtx/Desktop/VLM_Bias_research/NN_pretrain/models/mlp_train.py', 'codePath': 'models/mlp_train.py', 'git': {'remote': 'git@github.com:aklywtx/NN_pretrain.git', 'commit': '79fb9213d8f97bc1c37c0dd0a2a01a0ea0927308'}, 'email': 'aklywtx233@163.com', 'root': '/Users/aklywtx/Desktop/VLM_Bias_research/NN_pretrain', 'host': 'MACBOOK-PRO-341.local', 'username': 'aklywtx', 'executable': '/Users/aklywtx/opt/anaconda3/bin/python', 'cpu_count': 8, 'cpu_count_logical': 8, 'disk': {'total': 926.3517189025879, 'used': 811.8839569091797}, 'memory': {'total': 32.0}}
2024-11-17 14:45:10,729 INFO    HandlerThread:20485 [system_monitor.py:probe():211] Finished collecting system info
2024-11-17 14:45:10,729 INFO    HandlerThread:20485 [system_monitor.py:probe():214] Publishing system info
2024-11-17 14:45:10,729 DEBUG   HandlerThread:20485 [system_info.py:_save_pip():51] Saving list of pip packages installed into the current environment
2024-11-17 14:45:10,730 DEBUG   HandlerThread:20485 [system_info.py:_save_pip():67] Saving pip packages done
2024-11-17 14:45:10,730 DEBUG   HandlerThread:20485 [system_info.py:_save_conda():74] Saving list of conda packages installed into the current environment
2024-11-17 14:45:11,371 INFO    Thread-12 :20485 [dir_watcher.py:_on_file_created():278] file/dir created: /Users/aklywtx/Desktop/VLM_Bias_research/NN_pretrain/wandb/run-20241117_144509-2ftwk6vs/files/requirements.txt
2024-11-17 14:45:11,371 INFO    Thread-12 :20485 [dir_watcher.py:_on_file_created():278] file/dir created: /Users/aklywtx/Desktop/VLM_Bias_research/NN_pretrain/wandb/run-20241117_144509-2ftwk6vs/files/wandb-summary.json
2024-11-17 14:45:11,371 INFO    Thread-12 :20485 [dir_watcher.py:_on_file_created():278] file/dir created: /Users/aklywtx/Desktop/VLM_Bias_research/NN_pretrain/wandb/run-20241117_144509-2ftwk6vs/files/conda-environment.yaml
2024-11-17 14:45:28,178 DEBUG   HandlerThread:20485 [system_info.py:_save_conda():86] Saving conda packages done
2024-11-17 14:45:28,178 INFO    HandlerThread:20485 [system_monitor.py:probe():216] Finished publishing system info
2024-11-17 14:45:28,189 DEBUG   HandlerThread:20485 [handler.py:handle_request():144] handle_request: status_report
2024-11-17 14:45:28,189 DEBUG   HandlerThread:20485 [handler.py:handle_request():144] handle_request: keepalive
2024-11-17 14:45:28,189 DEBUG   HandlerThread:20485 [handler.py:handle_request():144] handle_request: status_report
2024-11-17 14:45:28,189 DEBUG   HandlerThread:20485 [handler.py:handle_request():144] handle_request: keepalive
2024-11-17 14:45:28,189 DEBUG   HandlerThread:20485 [handler.py:handle_request():144] handle_request: status_report
2024-11-17 14:45:28,189 DEBUG   HandlerThread:20485 [handler.py:handle_request():144] handle_request: keepalive
2024-11-17 14:45:28,189 DEBUG   SenderThread:20485 [sender.py:send():375] send: files
2024-11-17 14:45:28,189 INFO    SenderThread:20485 [sender.py:_save_file():1378] saving file wandb-metadata.json with policy now
2024-11-17 14:45:28,193 DEBUG   HandlerThread:20485 [handler.py:handle_request():144] handle_request: stop_status
2024-11-17 14:45:28,193 DEBUG   SenderThread:20485 [sender.py:send_request():402] send_request: stop_status
2024-11-17 14:45:28,446 INFO    Thread-12 :20485 [dir_watcher.py:_on_file_modified():295] file/dir modified: /Users/aklywtx/Desktop/VLM_Bias_research/NN_pretrain/wandb/run-20241117_144509-2ftwk6vs/files/conda-environment.yaml
2024-11-17 14:45:28,446 INFO    Thread-12 :20485 [dir_watcher.py:_on_file_created():278] file/dir created: /Users/aklywtx/Desktop/VLM_Bias_research/NN_pretrain/wandb/run-20241117_144509-2ftwk6vs/files/wandb-metadata.json
2024-11-17 14:45:28,486 DEBUG   SenderThread:20485 [sender.py:send():375] send: telemetry
2024-11-17 14:45:28,825 INFO    wandb-upload_0:20485 [upload_job.py:push():137] Uploaded file /var/folders/b8/j860yxxx1bb1pjgc34kr65dm0000gn/T/tmp4hx2rkf_wandb/v0f1jz5t-wandb-metadata.json
2024-11-17 14:45:31,494 DEBUG   HandlerThread:20485 [handler.py:handle_request():144] handle_request: status_report
2024-11-17 14:45:36,510 DEBUG   HandlerThread:20485 [handler.py:handle_request():144] handle_request: status_report
2024-11-17 14:45:41,529 DEBUG   HandlerThread:20485 [handler.py:handle_request():144] handle_request: status_report
2024-11-17 14:45:42,504 INFO    Thread-12 :20485 [dir_watcher.py:_on_file_modified():295] file/dir modified: /Users/aklywtx/Desktop/VLM_Bias_research/NN_pretrain/wandb/run-20241117_144509-2ftwk6vs/files/config.yaml
2024-11-17 14:45:43,199 DEBUG   HandlerThread:20485 [handler.py:handle_request():144] handle_request: stop_status
2024-11-17 14:45:43,200 DEBUG   SenderThread:20485 [sender.py:send_request():402] send_request: stop_status
2024-11-17 14:45:44,515 INFO    Thread-12 :20485 [dir_watcher.py:_on_file_created():278] file/dir created: /Users/aklywtx/Desktop/VLM_Bias_research/NN_pretrain/wandb/run-20241117_144509-2ftwk6vs/files/output.log
2024-11-17 14:45:46,524 INFO    Thread-12 :20485 [dir_watcher.py:_on_file_modified():295] file/dir modified: /Users/aklywtx/Desktop/VLM_Bias_research/NN_pretrain/wandb/run-20241117_144509-2ftwk6vs/files/output.log
2024-11-17 14:45:46,685 DEBUG   HandlerThread:20485 [handler.py:handle_request():144] handle_request: partial_history
2024-11-17 14:45:46,686 DEBUG   SenderThread:20485 [sender.py:send():375] send: history
2024-11-17 14:45:46,686 DEBUG   SenderThread:20485 [sender.py:send_request():402] send_request: summary_record
2024-11-17 14:45:46,687 INFO    SenderThread:20485 [sender.py:_save_file():1378] saving file wandb-summary.json with policy end
2024-11-17 14:45:46,787 DEBUG   HandlerThread:20485 [handler.py:handle_request():144] handle_request: status_report
2024-11-17 14:45:47,528 INFO    Thread-12 :20485 [dir_watcher.py:_on_file_modified():295] file/dir modified: /Users/aklywtx/Desktop/VLM_Bias_research/NN_pretrain/wandb/run-20241117_144509-2ftwk6vs/files/wandb-summary.json
2024-11-17 14:45:48,533 INFO    Thread-12 :20485 [dir_watcher.py:_on_file_modified():295] file/dir modified: /Users/aklywtx/Desktop/VLM_Bias_research/NN_pretrain/wandb/run-20241117_144509-2ftwk6vs/files/output.log
2024-11-17 14:45:49,404 DEBUG   HandlerThread:20485 [handler.py:handle_request():144] handle_request: partial_history
2024-11-17 14:45:49,405 DEBUG   SenderThread:20485 [sender.py:send():375] send: history
2024-11-17 14:45:49,405 DEBUG   SenderThread:20485 [sender.py:send_request():402] send_request: summary_record
2024-11-17 14:45:49,405 INFO    SenderThread:20485 [sender.py:_save_file():1378] saving file wandb-summary.json with policy end
2024-11-17 14:45:49,538 INFO    Thread-12 :20485 [dir_watcher.py:_on_file_modified():295] file/dir modified: /Users/aklywtx/Desktop/VLM_Bias_research/NN_pretrain/wandb/run-20241117_144509-2ftwk6vs/files/wandb-summary.json
2024-11-17 14:45:50,540 INFO    Thread-12 :20485 [dir_watcher.py:_on_file_modified():295] file/dir modified: /Users/aklywtx/Desktop/VLM_Bias_research/NN_pretrain/wandb/run-20241117_144509-2ftwk6vs/files/output.log
2024-11-17 14:45:51,922 DEBUG   HandlerThread:20485 [handler.py:handle_request():144] handle_request: status_report
2024-11-17 14:45:52,135 DEBUG   HandlerThread:20485 [handler.py:handle_request():144] handle_request: partial_history
2024-11-17 14:45:52,136 DEBUG   SenderThread:20485 [sender.py:send():375] send: history
2024-11-17 14:45:52,136 DEBUG   SenderThread:20485 [sender.py:send_request():402] send_request: summary_record
2024-11-17 14:45:52,136 INFO    SenderThread:20485 [sender.py:_save_file():1378] saving file wandb-summary.json with policy end
2024-11-17 14:45:52,551 INFO    Thread-12 :20485 [dir_watcher.py:_on_file_modified():295] file/dir modified: /Users/aklywtx/Desktop/VLM_Bias_research/NN_pretrain/wandb/run-20241117_144509-2ftwk6vs/files/output.log
2024-11-17 14:45:52,552 INFO    Thread-12 :20485 [dir_watcher.py:_on_file_modified():295] file/dir modified: /Users/aklywtx/Desktop/VLM_Bias_research/NN_pretrain/wandb/run-20241117_144509-2ftwk6vs/files/wandb-summary.json
2024-11-17 14:45:54,561 INFO    Thread-12 :20485 [dir_watcher.py:_on_file_modified():295] file/dir modified: /Users/aklywtx/Desktop/VLM_Bias_research/NN_pretrain/wandb/run-20241117_144509-2ftwk6vs/files/output.log
2024-11-17 14:45:55,150 DEBUG   HandlerThread:20485 [handler.py:handle_request():144] handle_request: partial_history
2024-11-17 14:45:55,151 DEBUG   SenderThread:20485 [sender.py:send():375] send: history
2024-11-17 14:45:55,152 DEBUG   SenderThread:20485 [sender.py:send_request():402] send_request: summary_record
2024-11-17 14:45:55,152 INFO    SenderThread:20485 [sender.py:_save_file():1378] saving file wandb-summary.json with policy end
2024-11-17 14:45:55,566 INFO    Thread-12 :20485 [dir_watcher.py:_on_file_modified():295] file/dir modified: /Users/aklywtx/Desktop/VLM_Bias_research/NN_pretrain/wandb/run-20241117_144509-2ftwk6vs/files/wandb-summary.json
2024-11-17 14:45:56,569 INFO    Thread-12 :20485 [dir_watcher.py:_on_file_modified():295] file/dir modified: /Users/aklywtx/Desktop/VLM_Bias_research/NN_pretrain/wandb/run-20241117_144509-2ftwk6vs/files/output.log
2024-11-17 14:45:56,939 DEBUG   HandlerThread:20485 [handler.py:handle_request():144] handle_request: status_report
2024-11-17 14:45:57,788 DEBUG   HandlerThread:20485 [handler.py:handle_request():144] handle_request: partial_history
2024-11-17 14:45:57,789 DEBUG   SenderThread:20485 [sender.py:send():375] send: history
2024-11-17 14:45:57,789 DEBUG   SenderThread:20485 [sender.py:send_request():402] send_request: summary_record
2024-11-17 14:45:57,789 INFO    SenderThread:20485 [sender.py:_save_file():1378] saving file wandb-summary.json with policy end
2024-11-17 14:45:58,200 DEBUG   HandlerThread:20485 [handler.py:handle_request():144] handle_request: stop_status
2024-11-17 14:45:58,201 DEBUG   SenderThread:20485 [sender.py:send_request():402] send_request: stop_status
2024-11-17 14:45:58,577 INFO    Thread-12 :20485 [dir_watcher.py:_on_file_modified():295] file/dir modified: /Users/aklywtx/Desktop/VLM_Bias_research/NN_pretrain/wandb/run-20241117_144509-2ftwk6vs/files/output.log
2024-11-17 14:45:58,577 INFO    Thread-12 :20485 [dir_watcher.py:_on_file_modified():295] file/dir modified: /Users/aklywtx/Desktop/VLM_Bias_research/NN_pretrain/wandb/run-20241117_144509-2ftwk6vs/files/wandb-summary.json
2024-11-17 14:46:00,550 DEBUG   HandlerThread:20485 [handler.py:handle_request():144] handle_request: partial_history
2024-11-17 14:46:00,551 DEBUG   SenderThread:20485 [sender.py:send():375] send: history
2024-11-17 14:46:00,551 DEBUG   SenderThread:20485 [sender.py:send_request():402] send_request: summary_record
2024-11-17 14:46:00,552 INFO    SenderThread:20485 [sender.py:_save_file():1378] saving file wandb-summary.json with policy end
2024-11-17 14:46:00,556 DEBUG   SenderThread:20485 [sender.py:send():375] send: exit
2024-11-17 14:46:00,556 INFO    SenderThread:20485 [sender.py:send_exit():598] handling exit code: 1
2024-11-17 14:46:00,556 INFO    SenderThread:20485 [sender.py:send_exit():600] handling runtime: 49
2024-11-17 14:46:00,556 INFO    SenderThread:20485 [sender.py:_save_file():1378] saving file wandb-summary.json with policy end
2024-11-17 14:46:00,556 INFO    SenderThread:20485 [sender.py:send_exit():606] send defer
2024-11-17 14:46:00,557 DEBUG   HandlerThread:20485 [handler.py:handle_request():144] handle_request: defer
2024-11-17 14:46:00,557 INFO    HandlerThread:20485 [handler.py:handle_request_defer():170] handle defer: 0
2024-11-17 14:46:00,557 DEBUG   SenderThread:20485 [sender.py:send_request():402] send_request: defer
2024-11-17 14:46:00,557 INFO    SenderThread:20485 [sender.py:send_request_defer():622] handle sender defer: 0
2024-11-17 14:46:00,557 INFO    SenderThread:20485 [sender.py:transition_state():626] send defer: 1
2024-11-17 14:46:00,557 DEBUG   HandlerThread:20485 [handler.py:handle_request():144] handle_request: defer
2024-11-17 14:46:00,557 INFO    HandlerThread:20485 [handler.py:handle_request_defer():170] handle defer: 1
2024-11-17 14:46:00,557 DEBUG   SenderThread:20485 [sender.py:send_request():402] send_request: defer
2024-11-17 14:46:00,557 INFO    SenderThread:20485 [sender.py:send_request_defer():622] handle sender defer: 1
2024-11-17 14:46:00,557 INFO    SenderThread:20485 [sender.py:transition_state():626] send defer: 2
2024-11-17 14:46:00,557 DEBUG   HandlerThread:20485 [handler.py:handle_request():144] handle_request: defer
2024-11-17 14:46:00,557 INFO    HandlerThread:20485 [handler.py:handle_request_defer():170] handle defer: 2
2024-11-17 14:46:00,557 INFO    HandlerThread:20485 [system_monitor.py:finish():190] Stopping system monitor
2024-11-17 14:46:00,557 DEBUG   SystemMonitor:20485 [system_monitor.py:_start():159] Starting system metrics aggregation loop
2024-11-17 14:46:00,557 INFO    HandlerThread:20485 [interfaces.py:finish():202] Joined cpu monitor
2024-11-17 14:46:00,557 DEBUG   SystemMonitor:20485 [system_monitor.py:_start():166] Finished system metrics aggregation loop
2024-11-17 14:46:00,557 INFO    HandlerThread:20485 [interfaces.py:finish():202] Joined disk monitor
2024-11-17 14:46:00,557 DEBUG   SystemMonitor:20485 [system_monitor.py:_start():170] Publishing last batch of metrics
2024-11-17 14:46:00,557 INFO    HandlerThread:20485 [interfaces.py:finish():202] Joined memory monitor
2024-11-17 14:46:00,558 INFO    HandlerThread:20485 [interfaces.py:finish():202] Joined network monitor
2024-11-17 14:46:00,558 DEBUG   SenderThread:20485 [sender.py:send_request():402] send_request: defer
2024-11-17 14:46:00,558 INFO    SenderThread:20485 [sender.py:send_request_defer():622] handle sender defer: 2
2024-11-17 14:46:00,558 INFO    SenderThread:20485 [sender.py:transition_state():626] send defer: 3
2024-11-17 14:46:00,558 DEBUG   SenderThread:20485 [sender.py:send():375] send: stats
2024-11-17 14:46:00,558 DEBUG   HandlerThread:20485 [handler.py:handle_request():144] handle_request: defer
2024-11-17 14:46:00,558 INFO    HandlerThread:20485 [handler.py:handle_request_defer():170] handle defer: 3
2024-11-17 14:46:00,558 DEBUG   SenderThread:20485 [sender.py:send_request():402] send_request: defer
2024-11-17 14:46:00,558 INFO    SenderThread:20485 [sender.py:send_request_defer():622] handle sender defer: 3
2024-11-17 14:46:00,558 INFO    SenderThread:20485 [sender.py:transition_state():626] send defer: 4
2024-11-17 14:46:00,558 DEBUG   HandlerThread:20485 [handler.py:handle_request():144] handle_request: defer
2024-11-17 14:46:00,558 INFO    HandlerThread:20485 [handler.py:handle_request_defer():170] handle defer: 4
2024-11-17 14:46:00,558 DEBUG   SenderThread:20485 [sender.py:send_request():402] send_request: defer
2024-11-17 14:46:00,559 INFO    SenderThread:20485 [sender.py:send_request_defer():622] handle sender defer: 4
2024-11-17 14:46:00,559 INFO    SenderThread:20485 [sender.py:transition_state():626] send defer: 5
2024-11-17 14:46:00,559 DEBUG   HandlerThread:20485 [handler.py:handle_request():144] handle_request: defer
2024-11-17 14:46:00,559 INFO    HandlerThread:20485 [handler.py:handle_request_defer():170] handle defer: 5
2024-11-17 14:46:00,559 DEBUG   SenderThread:20485 [sender.py:send():375] send: summary
2024-11-17 14:46:00,559 INFO    SenderThread:20485 [sender.py:_save_file():1378] saving file wandb-summary.json with policy end
2024-11-17 14:46:00,559 DEBUG   SenderThread:20485 [sender.py:send_request():402] send_request: defer
2024-11-17 14:46:00,559 INFO    SenderThread:20485 [sender.py:send_request_defer():622] handle sender defer: 5
2024-11-17 14:46:00,559 INFO    SenderThread:20485 [sender.py:transition_state():626] send defer: 6
2024-11-17 14:46:00,559 DEBUG   HandlerThread:20485 [handler.py:handle_request():144] handle_request: defer
2024-11-17 14:46:00,559 INFO    HandlerThread:20485 [handler.py:handle_request_defer():170] handle defer: 6
2024-11-17 14:46:00,559 DEBUG   SenderThread:20485 [sender.py:send_request():402] send_request: defer
2024-11-17 14:46:00,559 INFO    SenderThread:20485 [sender.py:send_request_defer():622] handle sender defer: 6
2024-11-17 14:46:00,559 INFO    SenderThread:20485 [sender.py:transition_state():626] send defer: 7
2024-11-17 14:46:00,559 DEBUG   HandlerThread:20485 [handler.py:handle_request():144] handle_request: status_report
2024-11-17 14:46:00,559 DEBUG   HandlerThread:20485 [handler.py:handle_request():144] handle_request: defer
2024-11-17 14:46:00,559 INFO    HandlerThread:20485 [handler.py:handle_request_defer():170] handle defer: 7
2024-11-17 14:46:00,559 DEBUG   SenderThread:20485 [sender.py:send_request():402] send_request: defer
2024-11-17 14:46:00,559 INFO    SenderThread:20485 [sender.py:send_request_defer():622] handle sender defer: 7
2024-11-17 14:46:00,585 INFO    Thread-12 :20485 [dir_watcher.py:_on_file_modified():295] file/dir modified: /Users/aklywtx/Desktop/VLM_Bias_research/NN_pretrain/wandb/run-20241117_144509-2ftwk6vs/files/output.log
2024-11-17 14:46:00,585 INFO    Thread-12 :20485 [dir_watcher.py:_on_file_modified():295] file/dir modified: /Users/aklywtx/Desktop/VLM_Bias_research/NN_pretrain/wandb/run-20241117_144509-2ftwk6vs/files/wandb-summary.json
2024-11-17 14:46:01,566 DEBUG   HandlerThread:20485 [handler.py:handle_request():144] handle_request: poll_exit
2024-11-17 14:46:01,741 INFO    SenderThread:20485 [sender.py:transition_state():626] send defer: 8
2024-11-17 14:46:01,742 DEBUG   SenderThread:20485 [sender.py:send_request():402] send_request: poll_exit
2024-11-17 14:46:01,742 DEBUG   HandlerThread:20485 [handler.py:handle_request():144] handle_request: defer
2024-11-17 14:46:01,742 INFO    HandlerThread:20485 [handler.py:handle_request_defer():170] handle defer: 8
2024-11-17 14:46:01,742 DEBUG   SenderThread:20485 [sender.py:send_request():402] send_request: defer
2024-11-17 14:46:01,742 INFO    SenderThread:20485 [sender.py:send_request_defer():622] handle sender defer: 8
2024-11-17 14:46:01,747 INFO    SenderThread:20485 [sender.py:transition_state():626] send defer: 9
2024-11-17 14:46:01,748 DEBUG   HandlerThread:20485 [handler.py:handle_request():144] handle_request: defer
2024-11-17 14:46:01,748 INFO    HandlerThread:20485 [handler.py:handle_request_defer():170] handle defer: 9
2024-11-17 14:46:01,748 DEBUG   SenderThread:20485 [sender.py:send():375] send: artifact
2024-11-17 14:46:02,573 DEBUG   HandlerThread:20485 [handler.py:handle_request():144] handle_request: poll_exit
2024-11-17 14:46:02,596 INFO    Thread-12 :20485 [dir_watcher.py:_on_file_modified():295] file/dir modified: /Users/aklywtx/Desktop/VLM_Bias_research/NN_pretrain/wandb/run-20241117_144509-2ftwk6vs/files/output.log
2024-11-17 14:46:03,459 INFO    wandb-upload_0:20485 [upload_job.py:push():95] Uploaded file /Users/aklywtx/Library/Application Support/wandb/artifacts/staging/tmprj80kjje
2024-11-17 14:46:03,459 INFO    wandb-upload_1:20485 [upload_job.py:push():95] Uploaded file /Users/aklywtx/Library/Application Support/wandb/artifacts/staging/tmps4a9kgf2
2024-11-17 14:46:04,723 INFO    SenderThread:20485 [sender.py:send_artifact():1474] sent artifact job-git_github.com_aklywtx_NN_pretrain.git_models_mlp_train.py - {'id': 'QXJ0aWZhY3Q6MTMzODc5MTA0Nw==', 'digest': 'f0447280fc252b8c40712c59613e8987', 'state': 'PENDING', 'aliases': [], 'artifactSequence': {'id': 'QXJ0aWZhY3RDb2xsZWN0aW9uOjQ5NjYxOTk2OQ==', 'latestArtifact': None}, 'version': 'latest'}
2024-11-17 14:46:04,723 DEBUG   SenderThread:20485 [sender.py:send_request():402] send_request: defer
2024-11-17 14:46:04,723 INFO    SenderThread:20485 [sender.py:send_request_defer():622] handle sender defer: 9
2024-11-17 14:46:04,723 INFO    SenderThread:20485 [dir_watcher.py:finish():365] shutting down directory watcher
2024-11-17 14:46:05,616 INFO    SenderThread:20485 [dir_watcher.py:finish():395] scan: /Users/aklywtx/Desktop/VLM_Bias_research/NN_pretrain/wandb/run-20241117_144509-2ftwk6vs/files
2024-11-17 14:46:05,617 INFO    SenderThread:20485 [dir_watcher.py:finish():409] scan save: /Users/aklywtx/Desktop/VLM_Bias_research/NN_pretrain/wandb/run-20241117_144509-2ftwk6vs/files/requirements.txt requirements.txt
2024-11-17 14:46:05,617 INFO    SenderThread:20485 [dir_watcher.py:finish():409] scan save: /Users/aklywtx/Desktop/VLM_Bias_research/NN_pretrain/wandb/run-20241117_144509-2ftwk6vs/files/output.log output.log
2024-11-17 14:46:05,617 INFO    SenderThread:20485 [dir_watcher.py:finish():409] scan save: /Users/aklywtx/Desktop/VLM_Bias_research/NN_pretrain/wandb/run-20241117_144509-2ftwk6vs/files/config.yaml config.yaml
2024-11-17 14:46:05,618 INFO    SenderThread:20485 [dir_watcher.py:finish():409] scan save: /Users/aklywtx/Desktop/VLM_Bias_research/NN_pretrain/wandb/run-20241117_144509-2ftwk6vs/files/wandb-summary.json wandb-summary.json
2024-11-17 14:46:05,622 INFO    SenderThread:20485 [dir_watcher.py:finish():409] scan save: /Users/aklywtx/Desktop/VLM_Bias_research/NN_pretrain/wandb/run-20241117_144509-2ftwk6vs/files/conda-environment.yaml conda-environment.yaml
2024-11-17 14:46:05,622 INFO    SenderThread:20485 [dir_watcher.py:finish():409] scan save: /Users/aklywtx/Desktop/VLM_Bias_research/NN_pretrain/wandb/run-20241117_144509-2ftwk6vs/files/wandb-metadata.json wandb-metadata.json
2024-11-17 14:46:05,622 INFO    SenderThread:20485 [sender.py:transition_state():626] send defer: 10
2024-11-17 14:46:05,623 DEBUG   SenderThread:20485 [sender.py:send_request():402] send_request: poll_exit
2024-11-17 14:46:05,625 DEBUG   HandlerThread:20485 [handler.py:handle_request():144] handle_request: defer
2024-11-17 14:46:05,626 INFO    HandlerThread:20485 [handler.py:handle_request_defer():170] handle defer: 10
2024-11-17 14:46:05,627 DEBUG   SenderThread:20485 [sender.py:send_request():402] send_request: defer
2024-11-17 14:46:05,627 INFO    SenderThread:20485 [sender.py:send_request_defer():622] handle sender defer: 10
2024-11-17 14:46:05,627 INFO    SenderThread:20485 [file_pusher.py:finish():167] shutting down file pusher
2024-11-17 14:46:06,138 INFO    wandb-upload_3:20485 [upload_job.py:push():137] Uploaded file /Users/aklywtx/Desktop/VLM_Bias_research/NN_pretrain/wandb/run-20241117_144509-2ftwk6vs/files/wandb-summary.json
2024-11-17 14:46:06,139 INFO    wandb-upload_1:20485 [upload_job.py:push():137] Uploaded file /Users/aklywtx/Desktop/VLM_Bias_research/NN_pretrain/wandb/run-20241117_144509-2ftwk6vs/files/config.yaml
2024-11-17 14:46:06,166 INFO    wandb-upload_4:20485 [upload_job.py:push():137] Uploaded file /Users/aklywtx/Desktop/VLM_Bias_research/NN_pretrain/wandb/run-20241117_144509-2ftwk6vs/files/conda-environment.yaml
2024-11-17 14:46:06,170 INFO    wandb-upload_2:20485 [upload_job.py:push():137] Uploaded file /Users/aklywtx/Desktop/VLM_Bias_research/NN_pretrain/wandb/run-20241117_144509-2ftwk6vs/files/output.log
2024-11-17 14:46:06,185 INFO    wandb-upload_0:20485 [upload_job.py:push():137] Uploaded file /Users/aklywtx/Desktop/VLM_Bias_research/NN_pretrain/wandb/run-20241117_144509-2ftwk6vs/files/requirements.txt
2024-11-17 14:46:06,387 INFO    Thread-11 :20485 [sender.py:transition_state():626] send defer: 11
2024-11-17 14:46:06,388 DEBUG   HandlerThread:20485 [handler.py:handle_request():144] handle_request: defer
2024-11-17 14:46:06,388 INFO    HandlerThread:20485 [handler.py:handle_request_defer():170] handle defer: 11
2024-11-17 14:46:06,388 DEBUG   SenderThread:20485 [sender.py:send_request():402] send_request: defer
2024-11-17 14:46:06,389 INFO    SenderThread:20485 [sender.py:send_request_defer():622] handle sender defer: 11
2024-11-17 14:46:06,389 INFO    SenderThread:20485 [file_pusher.py:join():172] waiting for file pusher
2024-11-17 14:46:06,389 INFO    SenderThread:20485 [sender.py:transition_state():626] send defer: 12
2024-11-17 14:46:06,389 DEBUG   HandlerThread:20485 [handler.py:handle_request():144] handle_request: defer
2024-11-17 14:46:06,389 INFO    HandlerThread:20485 [handler.py:handle_request_defer():170] handle defer: 12
2024-11-17 14:46:06,389 DEBUG   SenderThread:20485 [sender.py:send_request():402] send_request: defer
2024-11-17 14:46:06,389 INFO    SenderThread:20485 [sender.py:send_request_defer():622] handle sender defer: 12
2024-11-17 14:46:06,609 INFO    SenderThread:20485 [sender.py:transition_state():626] send defer: 13
2024-11-17 14:46:06,611 DEBUG   HandlerThread:20485 [handler.py:handle_request():144] handle_request: defer
2024-11-17 14:46:06,611 INFO    HandlerThread:20485 [handler.py:handle_request_defer():170] handle defer: 13
2024-11-17 14:46:06,611 DEBUG   SenderThread:20485 [sender.py:send_request():402] send_request: defer
2024-11-17 14:46:06,612 INFO    SenderThread:20485 [sender.py:send_request_defer():622] handle sender defer: 13
2024-11-17 14:46:06,612 INFO    SenderThread:20485 [sender.py:transition_state():626] send defer: 14
2024-11-17 14:46:06,612 DEBUG   HandlerThread:20485 [handler.py:handle_request():144] handle_request: defer
2024-11-17 14:46:06,612 INFO    HandlerThread:20485 [handler.py:handle_request_defer():170] handle defer: 14
2024-11-17 14:46:06,613 DEBUG   SenderThread:20485 [sender.py:send():375] send: final
2024-11-17 14:46:06,613 DEBUG   SenderThread:20485 [sender.py:send():375] send: footer
2024-11-17 14:46:06,613 DEBUG   SenderThread:20485 [sender.py:send_request():402] send_request: defer
2024-11-17 14:46:06,613 INFO    SenderThread:20485 [sender.py:send_request_defer():622] handle sender defer: 14
2024-11-17 14:46:06,614 DEBUG   HandlerThread:20485 [handler.py:handle_request():144] handle_request: poll_exit
2024-11-17 14:46:06,615 DEBUG   HandlerThread:20485 [handler.py:handle_request():144] handle_request: server_info
2024-11-17 14:46:06,615 DEBUG   HandlerThread:20485 [handler.py:handle_request():144] handle_request: get_summary
2024-11-17 14:46:06,616 DEBUG   SenderThread:20485 [sender.py:send_request():402] send_request: poll_exit
2024-11-17 14:46:06,616 DEBUG   SenderThread:20485 [sender.py:send_request():402] send_request: server_info
2024-11-17 14:46:06,618 DEBUG   HandlerThread:20485 [handler.py:handle_request():144] handle_request: sampled_history
2024-11-17 14:46:06,760 INFO    MainThread:20485 [wandb_run.py:_footer_history_summary_info():3469] rendering history
2024-11-17 14:46:06,761 INFO    MainThread:20485 [wandb_run.py:_footer_history_summary_info():3501] rendering summary
2024-11-17 14:46:06,761 INFO    MainThread:20485 [wandb_run.py:_footer_sync_info():3428] logging synced files
2024-11-17 14:46:06,762 DEBUG   HandlerThread:20485 [handler.py:handle_request():144] handle_request: shutdown
2024-11-17 14:46:06,762 INFO    HandlerThread:20485 [handler.py:finish():842] shutting down handler
2024-11-17 14:46:07,621 INFO    WriterThread:20485 [datastore.py:close():298] close: /Users/aklywtx/Desktop/VLM_Bias_research/NN_pretrain/wandb/run-20241117_144509-2ftwk6vs/run-2ftwk6vs.wandb
2024-11-17 14:46:07,765 INFO    SenderThread:20485 [sender.py:finish():1550] shutting down sender
2024-11-17 14:46:07,766 INFO    SenderThread:20485 [file_pusher.py:finish():167] shutting down file pusher
2024-11-17 14:46:07,766 INFO    SenderThread:20485 [file_pusher.py:join():172] waiting for file pusher
