2024-11-17 13:34:54,350 INFO    StreamThr :813 [internal.py:wandb_internal():86] W&B internal server running at pid: 813, started at: 2024-11-17 13:34:54.350596
2024-11-17 13:34:54,351 DEBUG   HandlerThread:813 [handler.py:handle_request():144] handle_request: status
2024-11-17 13:34:54,352 INFO    WriterThread:813 [datastore.py:open_for_write():85] open: /Users/aklywtx/Desktop/VLM_Bias_research/NN_pretrain/wandb/run-20241117_133454-s4gr2v8p/run-s4gr2v8p.wandb
2024-11-17 13:34:54,353 DEBUG   SenderThread:813 [sender.py:send():375] send: header
2024-11-17 13:34:54,378 DEBUG   SenderThread:813 [sender.py:send():375] send: run
2024-11-17 13:34:54,902 INFO    SenderThread:813 [dir_watcher.py:__init__():219] watching files in: /Users/aklywtx/Desktop/VLM_Bias_research/NN_pretrain/wandb/run-20241117_133454-s4gr2v8p/files
2024-11-17 13:34:54,903 INFO    SenderThread:813 [sender.py:_start_run_threads():1124] run started: s4gr2v8p with start time 1731846894.349496
2024-11-17 13:34:54,903 DEBUG   SenderThread:813 [sender.py:send_request():402] send_request: summary_record
2024-11-17 13:34:54,903 INFO    SenderThread:813 [sender.py:_save_file():1378] saving file wandb-summary.json with policy end
2024-11-17 13:34:54,905 DEBUG   HandlerThread:813 [handler.py:handle_request():144] handle_request: check_version
2024-11-17 13:34:54,905 DEBUG   SenderThread:813 [sender.py:send_request():402] send_request: check_version
2024-11-17 13:34:55,163 DEBUG   HandlerThread:813 [handler.py:handle_request():144] handle_request: run_start
2024-11-17 13:34:55,171 DEBUG   HandlerThread:813 [system_info.py:__init__():31] System info init
2024-11-17 13:34:55,171 DEBUG   HandlerThread:813 [system_info.py:__init__():46] System info init done
2024-11-17 13:34:55,171 INFO    HandlerThread:813 [system_monitor.py:start():181] Starting system monitor
2024-11-17 13:34:55,171 INFO    SystemMonitor:813 [system_monitor.py:_start():145] Starting system asset monitoring threads
2024-11-17 13:34:55,172 INFO    HandlerThread:813 [system_monitor.py:probe():201] Collecting system info
2024-11-17 13:34:55,172 DEBUG   HandlerThread:813 [system_info.py:probe():195] Probing system
2024-11-17 13:34:55,172 INFO    SystemMonitor:813 [interfaces.py:start():190] Started cpu monitoring
2024-11-17 13:34:55,172 INFO    SystemMonitor:813 [interfaces.py:start():190] Started disk monitoring
2024-11-17 13:34:55,174 INFO    SystemMonitor:813 [interfaces.py:start():190] Started gpuapple monitoring
2024-11-17 13:34:55,175 INFO    SystemMonitor:813 [interfaces.py:start():190] Started memory monitoring
2024-11-17 13:34:55,176 INFO    SystemMonitor:813 [interfaces.py:start():190] Started network monitoring
2024-11-17 13:34:55,180 DEBUG   HandlerThread:813 [system_info.py:_probe_git():180] Probing git
2024-11-17 13:34:55,212 DEBUG   HandlerThread:813 [system_info.py:_probe_git():188] Probing git done
2024-11-17 13:34:55,213 DEBUG   HandlerThread:813 [system_info.py:probe():240] Probing system done
2024-11-17 13:34:55,213 DEBUG   HandlerThread:813 [system_monitor.py:probe():210] {'os': 'macOS-14.5-arm64-arm-64bit', 'python': '3.9.13', 'heartbeatAt': '2024-11-17T12:34:55.172414', 'startedAt': '2024-11-17T12:34:54.337514', 'docker': None, 'cuda': None, 'args': (), 'state': 'running', 'program': '/Users/aklywtx/Desktop/VLM_Bias_research/NN_pretrain/MLP/MLP_1layer_mps_only100dots_sigmoid.py', 'codePath': 'MLP/MLP_1layer_mps_only100dots_sigmoid.py', 'git': {'remote': 'git@github.com:aklywtx/NN_pretrain.git', 'commit': '79fb9213d8f97bc1c37c0dd0a2a01a0ea0927308'}, 'email': 'aklywtx233@163.com', 'root': '/Users/aklywtx/Desktop/VLM_Bias_research/NN_pretrain', 'host': 'MACBOOK-PRO-341.local', 'username': 'aklywtx', 'executable': '/Users/aklywtx/opt/anaconda3/bin/python', 'cpu_count': 8, 'cpu_count_logical': 8, 'disk': {'total': 926.3517189025879, 'used': 811.6288871765137}, 'gpuapple': {'type': 'arm', 'vendor': 'Apple'}, 'memory': {'total': 32.0}}
2024-11-17 13:34:55,213 INFO    HandlerThread:813 [system_monitor.py:probe():211] Finished collecting system info
2024-11-17 13:34:55,213 INFO    HandlerThread:813 [system_monitor.py:probe():214] Publishing system info
2024-11-17 13:34:55,213 DEBUG   HandlerThread:813 [system_info.py:_save_pip():51] Saving list of pip packages installed into the current environment
2024-11-17 13:34:55,214 DEBUG   HandlerThread:813 [system_info.py:_save_pip():67] Saving pip packages done
2024-11-17 13:34:55,214 DEBUG   HandlerThread:813 [system_info.py:_save_conda():74] Saving list of conda packages installed into the current environment
2024-11-17 13:34:55,909 INFO    Thread-12 :813 [dir_watcher.py:_on_file_created():278] file/dir created: /Users/aklywtx/Desktop/VLM_Bias_research/NN_pretrain/wandb/run-20241117_133454-s4gr2v8p/files/conda-environment.yaml
2024-11-17 13:34:55,909 INFO    Thread-12 :813 [dir_watcher.py:_on_file_created():278] file/dir created: /Users/aklywtx/Desktop/VLM_Bias_research/NN_pretrain/wandb/run-20241117_133454-s4gr2v8p/files/requirements.txt
2024-11-17 13:34:55,909 INFO    Thread-12 :813 [dir_watcher.py:_on_file_created():278] file/dir created: /Users/aklywtx/Desktop/VLM_Bias_research/NN_pretrain/wandb/run-20241117_133454-s4gr2v8p/files/wandb-summary.json
2024-11-17 13:35:12,690 DEBUG   HandlerThread:813 [system_info.py:_save_conda():86] Saving conda packages done
2024-11-17 13:35:12,691 INFO    HandlerThread:813 [system_monitor.py:probe():216] Finished publishing system info
2024-11-17 13:35:12,703 DEBUG   HandlerThread:813 [handler.py:handle_request():144] handle_request: status_report
2024-11-17 13:35:12,703 DEBUG   HandlerThread:813 [handler.py:handle_request():144] handle_request: keepalive
2024-11-17 13:35:12,703 DEBUG   HandlerThread:813 [handler.py:handle_request():144] handle_request: status_report
2024-11-17 13:35:12,703 DEBUG   HandlerThread:813 [handler.py:handle_request():144] handle_request: keepalive
2024-11-17 13:35:12,703 DEBUG   HandlerThread:813 [handler.py:handle_request():144] handle_request: status_report
2024-11-17 13:35:12,703 DEBUG   HandlerThread:813 [handler.py:handle_request():144] handle_request: keepalive
2024-11-17 13:35:12,703 DEBUG   SenderThread:813 [sender.py:send():375] send: files
2024-11-17 13:35:12,703 INFO    SenderThread:813 [sender.py:_save_file():1378] saving file wandb-metadata.json with policy now
2024-11-17 13:35:12,708 DEBUG   SenderThread:813 [sender.py:send():375] send: telemetry
2024-11-17 13:35:12,708 DEBUG   HandlerThread:813 [handler.py:handle_request():144] handle_request: stop_status
2024-11-17 13:35:12,708 DEBUG   SenderThread:813 [sender.py:send_request():402] send_request: stop_status
2024-11-17 13:35:12,982 INFO    Thread-12 :813 [dir_watcher.py:_on_file_modified():295] file/dir modified: /Users/aklywtx/Desktop/VLM_Bias_research/NN_pretrain/wandb/run-20241117_133454-s4gr2v8p/files/conda-environment.yaml
2024-11-17 13:35:12,982 INFO    Thread-12 :813 [dir_watcher.py:_on_file_created():278] file/dir created: /Users/aklywtx/Desktop/VLM_Bias_research/NN_pretrain/wandb/run-20241117_133454-s4gr2v8p/files/wandb-metadata.json
2024-11-17 13:35:13,513 INFO    wandb-upload_0:813 [upload_job.py:push():137] Uploaded file /var/folders/b8/j860yxxx1bb1pjgc34kr65dm0000gn/T/tmp3n81cd1cwandb/6bivh5dx-wandb-metadata.json
2024-11-17 13:35:16,018 DEBUG   HandlerThread:813 [handler.py:handle_request():144] handle_request: status_report
2024-11-17 13:35:21,044 DEBUG   HandlerThread:813 [handler.py:handle_request():144] handle_request: status_report
2024-11-17 13:35:23,039 INFO    Thread-12 :813 [dir_watcher.py:_on_file_created():278] file/dir created: /Users/aklywtx/Desktop/VLM_Bias_research/NN_pretrain/wandb/run-20241117_133454-s4gr2v8p/files/output.log
2024-11-17 13:35:25,047 INFO    Thread-12 :813 [dir_watcher.py:_on_file_modified():295] file/dir modified: /Users/aklywtx/Desktop/VLM_Bias_research/NN_pretrain/wandb/run-20241117_133454-s4gr2v8p/files/output.log
2024-11-17 13:35:25,496 DEBUG   HandlerThread:813 [handler.py:handle_request():144] handle_request: partial_history
2024-11-17 13:35:25,497 DEBUG   SenderThread:813 [sender.py:send():375] send: history
2024-11-17 13:35:25,497 DEBUG   SenderThread:813 [sender.py:send_request():402] send_request: summary_record
2024-11-17 13:35:25,498 INFO    SenderThread:813 [sender.py:_save_file():1378] saving file wandb-summary.json with policy end
2024-11-17 13:35:26,050 INFO    Thread-12 :813 [dir_watcher.py:_on_file_modified():295] file/dir modified: /Users/aklywtx/Desktop/VLM_Bias_research/NN_pretrain/wandb/run-20241117_133454-s4gr2v8p/files/wandb-summary.json
2024-11-17 13:35:26,082 DEBUG   HandlerThread:813 [handler.py:handle_request():144] handle_request: status_report
2024-11-17 13:35:27,055 INFO    Thread-12 :813 [dir_watcher.py:_on_file_modified():295] file/dir modified: /Users/aklywtx/Desktop/VLM_Bias_research/NN_pretrain/wandb/run-20241117_133454-s4gr2v8p/files/config.yaml
2024-11-17 13:35:27,056 INFO    Thread-12 :813 [dir_watcher.py:_on_file_modified():295] file/dir modified: /Users/aklywtx/Desktop/VLM_Bias_research/NN_pretrain/wandb/run-20241117_133454-s4gr2v8p/files/output.log
2024-11-17 13:35:27,693 DEBUG   HandlerThread:813 [handler.py:handle_request():144] handle_request: partial_history
2024-11-17 13:35:27,694 DEBUG   SenderThread:813 [sender.py:send():375] send: history
2024-11-17 13:35:27,694 DEBUG   SenderThread:813 [sender.py:send_request():402] send_request: summary_record
2024-11-17 13:35:27,695 INFO    SenderThread:813 [sender.py:_save_file():1378] saving file wandb-summary.json with policy end
2024-11-17 13:35:27,712 DEBUG   HandlerThread:813 [handler.py:handle_request():144] handle_request: stop_status
2024-11-17 13:35:27,712 DEBUG   SenderThread:813 [sender.py:send_request():402] send_request: stop_status
2024-11-17 13:35:28,057 INFO    Thread-12 :813 [dir_watcher.py:_on_file_modified():295] file/dir modified: /Users/aklywtx/Desktop/VLM_Bias_research/NN_pretrain/wandb/run-20241117_133454-s4gr2v8p/files/wandb-summary.json
2024-11-17 13:35:29,062 INFO    Thread-12 :813 [dir_watcher.py:_on_file_modified():295] file/dir modified: /Users/aklywtx/Desktop/VLM_Bias_research/NN_pretrain/wandb/run-20241117_133454-s4gr2v8p/files/output.log
2024-11-17 13:35:29,895 DEBUG   HandlerThread:813 [handler.py:handle_request():144] handle_request: partial_history
2024-11-17 13:35:29,896 DEBUG   SenderThread:813 [sender.py:send():375] send: history
2024-11-17 13:35:29,897 DEBUG   SenderThread:813 [sender.py:send_request():402] send_request: summary_record
2024-11-17 13:35:29,897 INFO    SenderThread:813 [sender.py:_save_file():1378] saving file wandb-summary.json with policy end
2024-11-17 13:35:30,067 INFO    Thread-12 :813 [dir_watcher.py:_on_file_modified():295] file/dir modified: /Users/aklywtx/Desktop/VLM_Bias_research/NN_pretrain/wandb/run-20241117_133454-s4gr2v8p/files/wandb-summary.json
2024-11-17 13:35:31,068 INFO    Thread-12 :813 [dir_watcher.py:_on_file_modified():295] file/dir modified: /Users/aklywtx/Desktop/VLM_Bias_research/NN_pretrain/wandb/run-20241117_133454-s4gr2v8p/files/output.log
2024-11-17 13:35:31,932 DEBUG   HandlerThread:813 [handler.py:handle_request():144] handle_request: status_report
2024-11-17 13:35:32,232 DEBUG   HandlerThread:813 [handler.py:handle_request():144] handle_request: partial_history
2024-11-17 13:35:32,233 DEBUG   SenderThread:813 [sender.py:send():375] send: history
2024-11-17 13:35:32,234 DEBUG   SenderThread:813 [sender.py:send_request():402] send_request: summary_record
2024-11-17 13:35:32,234 INFO    SenderThread:813 [sender.py:_save_file():1378] saving file wandb-summary.json with policy end
2024-11-17 13:35:33,070 INFO    Thread-12 :813 [dir_watcher.py:_on_file_modified():295] file/dir modified: /Users/aklywtx/Desktop/VLM_Bias_research/NN_pretrain/wandb/run-20241117_133454-s4gr2v8p/files/output.log
2024-11-17 13:35:33,070 INFO    Thread-12 :813 [dir_watcher.py:_on_file_modified():295] file/dir modified: /Users/aklywtx/Desktop/VLM_Bias_research/NN_pretrain/wandb/run-20241117_133454-s4gr2v8p/files/wandb-summary.json
2024-11-17 13:35:34,455 DEBUG   HandlerThread:813 [handler.py:handle_request():144] handle_request: partial_history
2024-11-17 13:35:34,456 DEBUG   SenderThread:813 [sender.py:send():375] send: history
2024-11-17 13:35:34,456 DEBUG   SenderThread:813 [sender.py:send_request():402] send_request: summary_record
2024-11-17 13:35:34,456 INFO    SenderThread:813 [sender.py:_save_file():1378] saving file wandb-summary.json with policy end
2024-11-17 13:35:35,080 INFO    Thread-12 :813 [dir_watcher.py:_on_file_modified():295] file/dir modified: /Users/aklywtx/Desktop/VLM_Bias_research/NN_pretrain/wandb/run-20241117_133454-s4gr2v8p/files/output.log
2024-11-17 13:35:35,080 INFO    Thread-12 :813 [dir_watcher.py:_on_file_modified():295] file/dir modified: /Users/aklywtx/Desktop/VLM_Bias_research/NN_pretrain/wandb/run-20241117_133454-s4gr2v8p/files/wandb-summary.json
2024-11-17 13:35:36,948 DEBUG   HandlerThread:813 [handler.py:handle_request():144] handle_request: status_report
2024-11-17 13:35:37,089 INFO    Thread-12 :813 [dir_watcher.py:_on_file_modified():295] file/dir modified: /Users/aklywtx/Desktop/VLM_Bias_research/NN_pretrain/wandb/run-20241117_133454-s4gr2v8p/files/output.log
2024-11-17 13:35:37,092 DEBUG   HandlerThread:813 [handler.py:handle_request():144] handle_request: partial_history
2024-11-17 13:35:37,093 DEBUG   SenderThread:813 [sender.py:send():375] send: history
2024-11-17 13:35:37,093 DEBUG   SenderThread:813 [sender.py:send_request():402] send_request: summary_record
2024-11-17 13:35:37,093 INFO    SenderThread:813 [sender.py:_save_file():1378] saving file wandb-summary.json with policy end
2024-11-17 13:35:38,092 INFO    Thread-12 :813 [dir_watcher.py:_on_file_modified():295] file/dir modified: /Users/aklywtx/Desktop/VLM_Bias_research/NN_pretrain/wandb/run-20241117_133454-s4gr2v8p/files/wandb-summary.json
2024-11-17 13:35:39,097 INFO    Thread-12 :813 [dir_watcher.py:_on_file_modified():295] file/dir modified: /Users/aklywtx/Desktop/VLM_Bias_research/NN_pretrain/wandb/run-20241117_133454-s4gr2v8p/files/output.log
2024-11-17 13:35:39,341 DEBUG   HandlerThread:813 [handler.py:handle_request():144] handle_request: partial_history
2024-11-17 13:35:39,342 DEBUG   SenderThread:813 [sender.py:send():375] send: history
2024-11-17 13:35:39,342 DEBUG   SenderThread:813 [sender.py:send_request():402] send_request: summary_record
2024-11-17 13:35:39,343 INFO    SenderThread:813 [sender.py:_save_file():1378] saving file wandb-summary.json with policy end
2024-11-17 13:35:40,101 INFO    Thread-12 :813 [dir_watcher.py:_on_file_modified():295] file/dir modified: /Users/aklywtx/Desktop/VLM_Bias_research/NN_pretrain/wandb/run-20241117_133454-s4gr2v8p/files/wandb-summary.json
2024-11-17 13:35:41,107 INFO    Thread-12 :813 [dir_watcher.py:_on_file_modified():295] file/dir modified: /Users/aklywtx/Desktop/VLM_Bias_research/NN_pretrain/wandb/run-20241117_133454-s4gr2v8p/files/output.log
2024-11-17 13:35:41,435 DEBUG   HandlerThread:813 [handler.py:handle_request():144] handle_request: partial_history
2024-11-17 13:35:41,436 DEBUG   SenderThread:813 [sender.py:send():375] send: history
2024-11-17 13:35:41,436 DEBUG   SenderThread:813 [sender.py:send_request():402] send_request: summary_record
2024-11-17 13:35:41,437 INFO    SenderThread:813 [sender.py:_save_file():1378] saving file wandb-summary.json with policy end
2024-11-17 13:35:42,044 DEBUG   HandlerThread:813 [handler.py:handle_request():144] handle_request: status_report
2024-11-17 13:35:42,112 INFO    Thread-12 :813 [dir_watcher.py:_on_file_modified():295] file/dir modified: /Users/aklywtx/Desktop/VLM_Bias_research/NN_pretrain/wandb/run-20241117_133454-s4gr2v8p/files/wandb-summary.json
2024-11-17 13:35:42,713 DEBUG   HandlerThread:813 [handler.py:handle_request():144] handle_request: stop_status
2024-11-17 13:35:42,713 DEBUG   SenderThread:813 [sender.py:send_request():402] send_request: stop_status
2024-11-17 13:35:43,117 INFO    Thread-12 :813 [dir_watcher.py:_on_file_modified():295] file/dir modified: /Users/aklywtx/Desktop/VLM_Bias_research/NN_pretrain/wandb/run-20241117_133454-s4gr2v8p/files/output.log
2024-11-17 13:35:43,314 DEBUG   HandlerThread:813 [handler.py:handle_request():144] handle_request: partial_history
2024-11-17 13:35:43,315 DEBUG   SenderThread:813 [sender.py:send():375] send: history
2024-11-17 13:35:43,315 DEBUG   SenderThread:813 [sender.py:send_request():402] send_request: summary_record
2024-11-17 13:35:43,316 INFO    SenderThread:813 [sender.py:_save_file():1378] saving file wandb-summary.json with policy end
2024-11-17 13:35:44,122 INFO    Thread-12 :813 [dir_watcher.py:_on_file_modified():295] file/dir modified: /Users/aklywtx/Desktop/VLM_Bias_research/NN_pretrain/wandb/run-20241117_133454-s4gr2v8p/files/wandb-summary.json
2024-11-17 13:35:45,125 INFO    Thread-12 :813 [dir_watcher.py:_on_file_modified():295] file/dir modified: /Users/aklywtx/Desktop/VLM_Bias_research/NN_pretrain/wandb/run-20241117_133454-s4gr2v8p/files/output.log
2024-11-17 13:35:45,254 DEBUG   HandlerThread:813 [handler.py:handle_request():144] handle_request: partial_history
2024-11-17 13:35:45,255 DEBUG   SenderThread:813 [sender.py:send():375] send: history
2024-11-17 13:35:45,255 DEBUG   SenderThread:813 [sender.py:send_request():402] send_request: summary_record
2024-11-17 13:35:45,256 INFO    SenderThread:813 [sender.py:_save_file():1378] saving file wandb-summary.json with policy end
2024-11-17 13:35:46,131 INFO    Thread-12 :813 [dir_watcher.py:_on_file_modified():295] file/dir modified: /Users/aklywtx/Desktop/VLM_Bias_research/NN_pretrain/wandb/run-20241117_133454-s4gr2v8p/files/wandb-summary.json
2024-11-17 13:35:46,697 DEBUG   SenderThread:813 [sender.py:send():375] send: telemetry
2024-11-17 13:35:46,698 DEBUG   SenderThread:813 [sender.py:send():375] send: exit
2024-11-17 13:35:46,698 INFO    SenderThread:813 [sender.py:send_exit():598] handling exit code: 0
2024-11-17 13:35:46,699 INFO    SenderThread:813 [sender.py:send_exit():600] handling runtime: 51
2024-11-17 13:35:46,700 INFO    SenderThread:813 [sender.py:_save_file():1378] saving file wandb-summary.json with policy end
2024-11-17 13:35:46,700 INFO    SenderThread:813 [sender.py:send_exit():606] send defer
2024-11-17 13:35:46,701 DEBUG   HandlerThread:813 [handler.py:handle_request():144] handle_request: defer
2024-11-17 13:35:46,701 INFO    HandlerThread:813 [handler.py:handle_request_defer():170] handle defer: 0
2024-11-17 13:35:46,704 DEBUG   SenderThread:813 [sender.py:send_request():402] send_request: defer
2024-11-17 13:35:46,704 INFO    SenderThread:813 [sender.py:send_request_defer():622] handle sender defer: 0
2024-11-17 13:35:46,704 INFO    SenderThread:813 [sender.py:transition_state():626] send defer: 1
2024-11-17 13:35:46,705 DEBUG   HandlerThread:813 [handler.py:handle_request():144] handle_request: defer
2024-11-17 13:35:46,706 INFO    HandlerThread:813 [handler.py:handle_request_defer():170] handle defer: 1
2024-11-17 13:35:46,706 DEBUG   SenderThread:813 [sender.py:send_request():402] send_request: defer
2024-11-17 13:35:46,706 INFO    SenderThread:813 [sender.py:send_request_defer():622] handle sender defer: 1
2024-11-17 13:35:46,706 INFO    SenderThread:813 [sender.py:transition_state():626] send defer: 2
2024-11-17 13:35:46,706 DEBUG   HandlerThread:813 [handler.py:handle_request():144] handle_request: defer
2024-11-17 13:35:46,706 INFO    HandlerThread:813 [handler.py:handle_request_defer():170] handle defer: 2
2024-11-17 13:35:46,706 INFO    HandlerThread:813 [system_monitor.py:finish():190] Stopping system monitor
2024-11-17 13:35:46,707 DEBUG   SystemMonitor:813 [system_monitor.py:_start():159] Starting system metrics aggregation loop
2024-11-17 13:35:46,707 DEBUG   SystemMonitor:813 [system_monitor.py:_start():166] Finished system metrics aggregation loop
2024-11-17 13:35:46,707 DEBUG   SystemMonitor:813 [system_monitor.py:_start():170] Publishing last batch of metrics
2024-11-17 13:35:46,710 INFO    HandlerThread:813 [interfaces.py:finish():202] Joined cpu monitor
2024-11-17 13:35:46,710 INFO    HandlerThread:813 [interfaces.py:finish():202] Joined disk monitor
2024-11-17 13:35:46,970 INFO    HandlerThread:813 [interfaces.py:finish():202] Joined gpuapple monitor
2024-11-17 13:35:46,970 INFO    HandlerThread:813 [interfaces.py:finish():202] Joined memory monitor
2024-11-17 13:35:46,970 INFO    HandlerThread:813 [interfaces.py:finish():202] Joined network monitor
2024-11-17 13:35:46,970 DEBUG   SenderThread:813 [sender.py:send_request():402] send_request: defer
2024-11-17 13:35:46,970 INFO    SenderThread:813 [sender.py:send_request_defer():622] handle sender defer: 2
2024-11-17 13:35:46,970 INFO    SenderThread:813 [sender.py:transition_state():626] send defer: 3
2024-11-17 13:35:46,970 DEBUG   SenderThread:813 [sender.py:send():375] send: telemetry
2024-11-17 13:35:46,970 DEBUG   SenderThread:813 [sender.py:send():375] send: stats
2024-11-17 13:35:46,971 DEBUG   HandlerThread:813 [handler.py:handle_request():144] handle_request: defer
2024-11-17 13:35:46,971 INFO    HandlerThread:813 [handler.py:handle_request_defer():170] handle defer: 3
2024-11-17 13:35:46,971 DEBUG   SenderThread:813 [sender.py:send_request():402] send_request: defer
2024-11-17 13:35:46,971 INFO    SenderThread:813 [sender.py:send_request_defer():622] handle sender defer: 3
2024-11-17 13:35:46,971 INFO    SenderThread:813 [sender.py:transition_state():626] send defer: 4
2024-11-17 13:35:46,971 DEBUG   HandlerThread:813 [handler.py:handle_request():144] handle_request: defer
2024-11-17 13:35:46,971 INFO    HandlerThread:813 [handler.py:handle_request_defer():170] handle defer: 4
2024-11-17 13:35:46,971 DEBUG   SenderThread:813 [sender.py:send_request():402] send_request: defer
2024-11-17 13:35:46,971 INFO    SenderThread:813 [sender.py:send_request_defer():622] handle sender defer: 4
2024-11-17 13:35:46,971 INFO    SenderThread:813 [sender.py:transition_state():626] send defer: 5
2024-11-17 13:35:46,971 DEBUG   HandlerThread:813 [handler.py:handle_request():144] handle_request: defer
2024-11-17 13:35:46,971 INFO    HandlerThread:813 [handler.py:handle_request_defer():170] handle defer: 5
2024-11-17 13:35:46,971 DEBUG   SenderThread:813 [sender.py:send():375] send: summary
2024-11-17 13:35:46,972 INFO    SenderThread:813 [sender.py:_save_file():1378] saving file wandb-summary.json with policy end
2024-11-17 13:35:46,972 DEBUG   SenderThread:813 [sender.py:send_request():402] send_request: defer
2024-11-17 13:35:46,972 INFO    SenderThread:813 [sender.py:send_request_defer():622] handle sender defer: 5
2024-11-17 13:35:46,972 INFO    SenderThread:813 [sender.py:transition_state():626] send defer: 6
2024-11-17 13:35:46,972 DEBUG   HandlerThread:813 [handler.py:handle_request():144] handle_request: defer
2024-11-17 13:35:46,972 INFO    HandlerThread:813 [handler.py:handle_request_defer():170] handle defer: 6
2024-11-17 13:35:46,972 DEBUG   SenderThread:813 [sender.py:send_request():402] send_request: defer
2024-11-17 13:35:46,972 INFO    SenderThread:813 [sender.py:send_request_defer():622] handle sender defer: 6
2024-11-17 13:35:46,974 DEBUG   HandlerThread:813 [handler.py:handle_request():144] handle_request: status_report
2024-11-17 13:35:47,136 INFO    Thread-12 :813 [dir_watcher.py:_on_file_modified():295] file/dir modified: /Users/aklywtx/Desktop/VLM_Bias_research/NN_pretrain/wandb/run-20241117_133454-s4gr2v8p/files/output.log
2024-11-17 13:35:47,136 INFO    Thread-12 :813 [dir_watcher.py:_on_file_modified():295] file/dir modified: /Users/aklywtx/Desktop/VLM_Bias_research/NN_pretrain/wandb/run-20241117_133454-s4gr2v8p/files/wandb-summary.json
2024-11-17 13:35:47,142 INFO    SenderThread:813 [sender.py:transition_state():626] send defer: 7
2024-11-17 13:35:47,142 DEBUG   HandlerThread:813 [handler.py:handle_request():144] handle_request: defer
2024-11-17 13:35:47,142 INFO    HandlerThread:813 [handler.py:handle_request_defer():170] handle defer: 7
2024-11-17 13:35:47,142 DEBUG   SenderThread:813 [sender.py:send_request():402] send_request: defer
2024-11-17 13:35:47,142 INFO    SenderThread:813 [sender.py:send_request_defer():622] handle sender defer: 7
2024-11-17 13:35:47,697 DEBUG   HandlerThread:813 [handler.py:handle_request():144] handle_request: poll_exit
2024-11-17 13:35:48,142 INFO    Thread-12 :813 [dir_watcher.py:_on_file_modified():295] file/dir modified: /Users/aklywtx/Desktop/VLM_Bias_research/NN_pretrain/wandb/run-20241117_133454-s4gr2v8p/files/config.yaml
2024-11-17 13:35:49,144 INFO    Thread-12 :813 [dir_watcher.py:_on_file_modified():295] file/dir modified: /Users/aklywtx/Desktop/VLM_Bias_research/NN_pretrain/wandb/run-20241117_133454-s4gr2v8p/files/output.log
2024-11-17 13:35:50,378 INFO    SenderThread:813 [sender.py:transition_state():626] send defer: 8
2024-11-17 13:35:50,378 DEBUG   SenderThread:813 [sender.py:send_request():402] send_request: poll_exit
2024-11-17 13:35:50,379 DEBUG   HandlerThread:813 [handler.py:handle_request():144] handle_request: defer
2024-11-17 13:35:50,379 INFO    HandlerThread:813 [handler.py:handle_request_defer():170] handle defer: 8
2024-11-17 13:35:50,379 DEBUG   SenderThread:813 [sender.py:send_request():402] send_request: defer
2024-11-17 13:35:50,379 INFO    SenderThread:813 [sender.py:send_request_defer():622] handle sender defer: 8
2024-11-17 13:35:50,387 INFO    SenderThread:813 [sender.py:transition_state():626] send defer: 9
2024-11-17 13:35:50,388 DEBUG   HandlerThread:813 [handler.py:handle_request():144] handle_request: defer
2024-11-17 13:35:50,388 DEBUG   SenderThread:813 [sender.py:send():375] send: artifact
2024-11-17 13:35:50,388 INFO    HandlerThread:813 [handler.py:handle_request_defer():170] handle defer: 9
2024-11-17 13:35:51,149 INFO    Thread-12 :813 [dir_watcher.py:_on_file_modified():295] file/dir modified: /Users/aklywtx/Desktop/VLM_Bias_research/NN_pretrain/wandb/run-20241117_133454-s4gr2v8p/files/output.log
2024-11-17 13:35:51,257 INFO    SenderThread:813 [sender.py:send_artifact():1474] sent artifact job-git_github.com_aklywtx_NN_pretrain.git_MLP_MLP_1layer_mps_only100dots_sigmoid.py - {'id': 'QXJ0aWZhY3Q6MTMzODA0ODgyMw==', 'digest': 'dd785603b2c698c9c462944a6d72d286', 'state': 'COMMITTED', 'aliases': [{'artifactCollectionName': 'job-git_github.com_aklywtx_NN_pretrain.git_MLP_MLP_1layer_mps_only100dots_sigmoid.py', 'alias': 'latest'}, {'artifactCollectionName': 'job-git_github.com_aklywtx_NN_pretrain.git_MLP_MLP_1layer_mps_only100dots_sigmoid.py', 'alias': 'v2'}], 'artifactSequence': {'id': 'QXJ0aWZhY3RDb2xsZWN0aW9uOjQ5NjQ0OTcxMw==', 'latestArtifact': {'id': 'QXJ0aWZhY3Q6MTMzODA0ODgyMw==', 'versionIndex': 2}}, 'version': 'v2'}
2024-11-17 13:35:51,258 DEBUG   SenderThread:813 [sender.py:send_request():402] send_request: defer
2024-11-17 13:35:51,258 INFO    SenderThread:813 [sender.py:send_request_defer():622] handle sender defer: 9
2024-11-17 13:35:51,258 INFO    SenderThread:813 [dir_watcher.py:finish():365] shutting down directory watcher
2024-11-17 13:35:52,155 INFO    SenderThread:813 [dir_watcher.py:finish():395] scan: /Users/aklywtx/Desktop/VLM_Bias_research/NN_pretrain/wandb/run-20241117_133454-s4gr2v8p/files
2024-11-17 13:35:52,157 INFO    SenderThread:813 [dir_watcher.py:finish():409] scan save: /Users/aklywtx/Desktop/VLM_Bias_research/NN_pretrain/wandb/run-20241117_133454-s4gr2v8p/files/requirements.txt requirements.txt
2024-11-17 13:35:52,157 INFO    SenderThread:813 [dir_watcher.py:finish():409] scan save: /Users/aklywtx/Desktop/VLM_Bias_research/NN_pretrain/wandb/run-20241117_133454-s4gr2v8p/files/output.log output.log
2024-11-17 13:35:52,160 INFO    SenderThread:813 [dir_watcher.py:finish():409] scan save: /Users/aklywtx/Desktop/VLM_Bias_research/NN_pretrain/wandb/run-20241117_133454-s4gr2v8p/files/config.yaml config.yaml
2024-11-17 13:35:52,162 INFO    SenderThread:813 [dir_watcher.py:finish():409] scan save: /Users/aklywtx/Desktop/VLM_Bias_research/NN_pretrain/wandb/run-20241117_133454-s4gr2v8p/files/wandb-summary.json wandb-summary.json
2024-11-17 13:35:52,162 INFO    SenderThread:813 [dir_watcher.py:finish():409] scan save: /Users/aklywtx/Desktop/VLM_Bias_research/NN_pretrain/wandb/run-20241117_133454-s4gr2v8p/files/conda-environment.yaml conda-environment.yaml
2024-11-17 13:35:52,167 INFO    SenderThread:813 [dir_watcher.py:finish():409] scan save: /Users/aklywtx/Desktop/VLM_Bias_research/NN_pretrain/wandb/run-20241117_133454-s4gr2v8p/files/wandb-metadata.json wandb-metadata.json
2024-11-17 13:35:52,168 INFO    SenderThread:813 [sender.py:transition_state():626] send defer: 10
2024-11-17 13:35:52,168 DEBUG   HandlerThread:813 [handler.py:handle_request():144] handle_request: defer
2024-11-17 13:35:52,170 INFO    HandlerThread:813 [handler.py:handle_request_defer():170] handle defer: 10
2024-11-17 13:35:52,171 DEBUG   HandlerThread:813 [handler.py:handle_request():144] handle_request: status_report
2024-11-17 13:35:52,171 DEBUG   SenderThread:813 [sender.py:send_request():402] send_request: defer
2024-11-17 13:35:52,171 INFO    SenderThread:813 [sender.py:send_request_defer():622] handle sender defer: 10
2024-11-17 13:35:52,171 INFO    SenderThread:813 [file_pusher.py:finish():167] shutting down file pusher
2024-11-17 13:35:52,658 INFO    wandb-upload_0:813 [upload_job.py:push():137] Uploaded file /Users/aklywtx/Desktop/VLM_Bias_research/NN_pretrain/wandb/run-20241117_133454-s4gr2v8p/files/requirements.txt
2024-11-17 13:35:52,659 INFO    wandb-upload_1:813 [upload_job.py:push():137] Uploaded file /Users/aklywtx/Desktop/VLM_Bias_research/NN_pretrain/wandb/run-20241117_133454-s4gr2v8p/files/output.log
2024-11-17 13:35:52,702 DEBUG   HandlerThread:813 [handler.py:handle_request():144] handle_request: keepalive
2024-11-17 13:35:52,748 INFO    wandb-upload_3:813 [upload_job.py:push():137] Uploaded file /Users/aklywtx/Desktop/VLM_Bias_research/NN_pretrain/wandb/run-20241117_133454-s4gr2v8p/files/wandb-summary.json
2024-11-17 13:35:52,834 INFO    wandb-upload_4:813 [upload_job.py:push():137] Uploaded file /Users/aklywtx/Desktop/VLM_Bias_research/NN_pretrain/wandb/run-20241117_133454-s4gr2v8p/files/conda-environment.yaml
2024-11-17 13:35:52,837 INFO    wandb-upload_2:813 [upload_job.py:push():137] Uploaded file /Users/aklywtx/Desktop/VLM_Bias_research/NN_pretrain/wandb/run-20241117_133454-s4gr2v8p/files/config.yaml
2024-11-17 13:35:53,043 INFO    Thread-11 :813 [sender.py:transition_state():626] send defer: 11
2024-11-17 13:35:53,048 DEBUG   HandlerThread:813 [handler.py:handle_request():144] handle_request: defer
2024-11-17 13:35:53,049 INFO    HandlerThread:813 [handler.py:handle_request_defer():170] handle defer: 11
2024-11-17 13:35:53,050 DEBUG   SenderThread:813 [sender.py:send_request():402] send_request: defer
2024-11-17 13:35:53,050 INFO    SenderThread:813 [sender.py:send_request_defer():622] handle sender defer: 11
2024-11-17 13:35:53,050 INFO    SenderThread:813 [file_pusher.py:join():172] waiting for file pusher
2024-11-17 13:35:53,050 INFO    SenderThread:813 [sender.py:transition_state():626] send defer: 12
2024-11-17 13:35:53,051 DEBUG   HandlerThread:813 [handler.py:handle_request():144] handle_request: defer
2024-11-17 13:35:53,051 INFO    HandlerThread:813 [handler.py:handle_request_defer():170] handle defer: 12
2024-11-17 13:35:53,052 DEBUG   SenderThread:813 [sender.py:send_request():402] send_request: defer
2024-11-17 13:35:53,052 INFO    SenderThread:813 [sender.py:send_request_defer():622] handle sender defer: 12
2024-11-17 13:35:53,215 INFO    SenderThread:813 [sender.py:transition_state():626] send defer: 13
2024-11-17 13:35:53,216 DEBUG   HandlerThread:813 [handler.py:handle_request():144] handle_request: defer
2024-11-17 13:35:53,217 INFO    HandlerThread:813 [handler.py:handle_request_defer():170] handle defer: 13
2024-11-17 13:35:53,217 DEBUG   SenderThread:813 [sender.py:send_request():402] send_request: defer
2024-11-17 13:35:53,217 INFO    SenderThread:813 [sender.py:send_request_defer():622] handle sender defer: 13
2024-11-17 13:35:53,217 INFO    SenderThread:813 [sender.py:transition_state():626] send defer: 14
2024-11-17 13:35:53,218 DEBUG   HandlerThread:813 [handler.py:handle_request():144] handle_request: defer
2024-11-17 13:35:53,218 INFO    HandlerThread:813 [handler.py:handle_request_defer():170] handle defer: 14
2024-11-17 13:35:53,219 DEBUG   SenderThread:813 [sender.py:send():375] send: final
2024-11-17 13:35:53,219 DEBUG   SenderThread:813 [sender.py:send():375] send: footer
2024-11-17 13:35:53,219 DEBUG   SenderThread:813 [sender.py:send_request():402] send_request: defer
2024-11-17 13:35:53,219 INFO    SenderThread:813 [sender.py:send_request_defer():622] handle sender defer: 14
2024-11-17 13:35:53,221 DEBUG   HandlerThread:813 [handler.py:handle_request():144] handle_request: poll_exit
2024-11-17 13:35:53,221 DEBUG   HandlerThread:813 [handler.py:handle_request():144] handle_request: server_info
2024-11-17 13:35:53,222 DEBUG   HandlerThread:813 [handler.py:handle_request():144] handle_request: get_summary
2024-11-17 13:35:53,222 DEBUG   SenderThread:813 [sender.py:send_request():402] send_request: poll_exit
2024-11-17 13:35:53,222 DEBUG   HandlerThread:813 [handler.py:handle_request():144] handle_request: sampled_history
2024-11-17 13:35:53,222 DEBUG   SenderThread:813 [sender.py:send_request():402] send_request: server_info
2024-11-17 13:35:53,376 DEBUG   HandlerThread:813 [handler.py:handle_request():144] handle_request: shutdown
2024-11-17 13:35:53,376 INFO    HandlerThread:813 [handler.py:finish():842] shutting down handler
2024-11-17 13:35:54,227 INFO    WriterThread:813 [datastore.py:close():298] close: /Users/aklywtx/Desktop/VLM_Bias_research/NN_pretrain/wandb/run-20241117_133454-s4gr2v8p/run-s4gr2v8p.wandb
2024-11-17 13:35:54,375 INFO    SenderThread:813 [sender.py:finish():1550] shutting down sender
2024-11-17 13:35:54,376 INFO    SenderThread:813 [file_pusher.py:finish():167] shutting down file pusher
2024-11-17 13:35:54,376 INFO    SenderThread:813 [file_pusher.py:join():172] waiting for file pusher
