2024-11-17 23:09:57,938 INFO    MainThread:66048 [wandb_setup.py:_flush():76] Current SDK version is 0.15.3
2024-11-17 23:09:57,938 INFO    MainThread:66048 [wandb_setup.py:_flush():76] Configure stats pid to 66048
2024-11-17 23:09:57,938 INFO    MainThread:66048 [wandb_setup.py:_flush():76] Loading settings from /Users/aklywtx/.config/wandb/settings
2024-11-17 23:09:57,938 INFO    MainThread:66048 [wandb_setup.py:_flush():76] Loading settings from /Users/aklywtx/Desktop/VLM_Bias_research/NN_pretrain/wandb/settings
2024-11-17 23:09:57,938 INFO    MainThread:66048 [wandb_setup.py:_flush():76] Loading settings from environment variables: {}
2024-11-17 23:09:57,938 INFO    MainThread:66048 [wandb_setup.py:_flush():76] Applying setup settings: {'_disable_service': False}
2024-11-17 23:09:57,938 INFO    MainThread:66048 [wandb_setup.py:_flush():76] Inferring run settings from compute environment: {'program_relpath': 'models/vit_train.py', 'program': '/Users/aklywtx/Desktop/VLM_Bias_research/NN_pretrain/models/vit_train.py'}
2024-11-17 23:09:57,938 INFO    MainThread:66048 [wandb_init.py:_log_setup():507] Logging user logs to /Users/aklywtx/Desktop/VLM_Bias_research/NN_pretrain/wandb/run-20241117_230957-cy3lfl0c/logs/debug.log
2024-11-17 23:09:57,938 INFO    MainThread:66048 [wandb_init.py:_log_setup():508] Logging internal logs to /Users/aklywtx/Desktop/VLM_Bias_research/NN_pretrain/wandb/run-20241117_230957-cy3lfl0c/logs/debug-internal.log
2024-11-17 23:09:57,938 INFO    MainThread:66048 [wandb_init.py:init():547] calling init triggers
2024-11-17 23:09:57,938 INFO    MainThread:66048 [wandb_init.py:init():554] wandb.init called with sweep_config: {}
config: {'learning_rate': 0.0001, 'epochs': 50, 'batch_size': 64, 'input_size': 256}
2024-11-17 23:09:57,938 INFO    MainThread:66048 [wandb_init.py:init():596] starting backend
2024-11-17 23:09:57,938 INFO    MainThread:66048 [wandb_init.py:init():600] setting up manager
2024-11-17 23:09:57,944 INFO    MainThread:66048 [backend.py:_multiprocessing_setup():106] multiprocessing start_methods=spawn,fork,forkserver, using: spawn
2024-11-17 23:09:57,945 INFO    MainThread:66048 [wandb_init.py:init():606] backend started and connected
2024-11-17 23:09:57,948 INFO    MainThread:66048 [wandb_init.py:init():700] updated telemetry
2024-11-17 23:09:57,982 INFO    MainThread:66048 [wandb_init.py:init():737] communicating run to backend with 60.0 second timeout
2024-11-17 23:09:58,373 INFO    MainThread:66048 [wandb_run.py:_on_init():2177] communicating current version
2024-11-17 23:09:58,601 INFO    MainThread:66048 [wandb_run.py:_on_init():2186] got version response upgrade_message: "wandb version 0.18.7 is available!  To upgrade, please run:\n $ pip install wandb --upgrade"

2024-11-17 23:09:58,601 INFO    MainThread:66048 [wandb_init.py:init():787] starting run threads in backend
2024-11-17 23:10:22,070 INFO    MainThread:66048 [wandb_run.py:_console_start():2158] atexit reg
2024-11-17 23:10:22,072 INFO    MainThread:66048 [wandb_run.py:_redirect():2013] redirect: SettingsConsole.WRAP_RAW
2024-11-17 23:10:22,076 INFO    MainThread:66048 [wandb_run.py:_redirect():2078] Wrapping output streams.
2024-11-17 23:10:22,076 INFO    MainThread:66048 [wandb_run.py:_redirect():2103] Redirects installed.
2024-11-17 23:10:22,078 INFO    MainThread:66048 [wandb_init.py:init():829] run started, returning control to user process
2024-11-17 23:10:51,109 WARNING MsgRouterThr:66048 [router.py:message_loop():77] message_loop has been closed
