Epochs:   0%|                                                                                                        | 0/100 [00:00<?, ?it/s]










Epochs:   5%|████▊                                                                                           | 5/100 [00:21<06:53,  4.36s/it]




Epochs:   7%|██████▋                                                                                         | 7/100 [00:32<07:16,  4.69s/it]















Epochs:  14%|█████████████▎                                                                                 | 14/100 [01:03<06:38,  4.64s/it]































Epochs:  29%|███████████████████████████▌                                                                   | 29/100 [02:08<05:32,  4.69s/it]



Epochs:  31%|█████████████████████████████▍                                                                 | 31/100 [02:16<05:01,  4.38s/it]

Epochs:  32%|██████████████████████████████▍                                                                | 32/100 [02:20<04:51,  4.28s/it]

Epochs:  33%|███████████████████████████████▎                                                               | 33/100 [02:24<04:42,  4.22s/it]

Epochs:  34%|████████████████████████████████▎                                                              | 34/100 [02:28<04:35,  4.18s/it]

Epochs:  35%|█████████████████████████████████▎                                                             | 35/100 [02:32<04:28,  4.12s/it]

Epochs:  36%|██████████████████████████████████▏                                                            | 36/100 [02:36<04:23,  4.11s/it]

Epochs:  37%|███████████████████████████████████▏                                                           | 37/100 [02:40<04:19,  4.11s/it]














Epochs:  44%|█████████████████████████████████████████▊                                                     | 44/100 [03:10<03:52,  4.16s/it]

Epochs:  45%|██████████████████████████████████████████▊                                                    | 45/100 [03:14<03:46,  4.11s/it]

Epochs:  46%|███████████████████████████████████████████▋                                                   | 46/100 [03:18<03:44,  4.16s/it]

Epochs:  47%|████████████████████████████████████████████▋                                                  | 47/100 [03:22<03:39,  4.14s/it]



Epochs:  49%|██████████████████████████████████████████████▌                                                | 49/100 [03:30<03:26,  4.05s/it]






















Epochs:  60%|█████████████████████████████████████████████████████████                                      | 60/100 [04:16<02:48,  4.22s/it]

Epochs:  61%|█████████████████████████████████████████████████████████▉                                     | 61/100 [04:20<02:43,  4.18s/it]







Epochs:  65%|█████████████████████████████████████████████████████████████▊                                 | 65/100 [04:36<02:24,  4.12s/it]





Epoch 68/100:  58%|████████████████████████████████████████████████████▍                                     | 46/79 [00:02<00:01, 18.98it/s]
Early stopping triggered after 68 epochs
Test Results:
Average Loss: 0.0391
MSE: 0.0022
Epochs:  67%|███████████████████████████████████████████████████████████████▋                               | 67/100 [04:48<02:22,  4.31s/it]
Testing: 100%|█████████████████████████████████████████████████████████████████████████████████████████████████| 8/8 [00:00<00:00, 25.93it/s]