2024-11-17 13:37:00,102 INFO    StreamThr :1587 [internal.py:wandb_internal():86] W&B internal server running at pid: 1587, started at: 2024-11-17 13:37:00.102013
2024-11-17 13:37:00,103 DEBUG   HandlerThread:1587 [handler.py:handle_request():144] handle_request: status
2024-11-17 13:37:00,103 INFO    WriterThread:1587 [datastore.py:open_for_write():85] open: /Users/aklywtx/Desktop/VLM_Bias_research/NN_pretrain/wandb/run-20241117_133700-yyzwbn9v/run-yyzwbn9v.wandb
2024-11-17 13:37:00,104 DEBUG   SenderThread:1587 [sender.py:send():375] send: header
2024-11-17 13:37:00,127 DEBUG   SenderThread:1587 [sender.py:send():375] send: run
2024-11-17 13:37:00,610 INFO    SenderThread:1587 [dir_watcher.py:__init__():219] watching files in: /Users/aklywtx/Desktop/VLM_Bias_research/NN_pretrain/wandb/run-20241117_133700-yyzwbn9v/files
2024-11-17 13:37:00,610 INFO    SenderThread:1587 [sender.py:_start_run_threads():1124] run started: yyzwbn9v with start time 1731847020.100474
2024-11-17 13:37:00,610 DEBUG   SenderThread:1587 [sender.py:send_request():402] send_request: summary_record
2024-11-17 13:37:00,610 INFO    SenderThread:1587 [sender.py:_save_file():1378] saving file wandb-summary.json with policy end
2024-11-17 13:37:00,611 DEBUG   HandlerThread:1587 [handler.py:handle_request():144] handle_request: check_version
2024-11-17 13:37:00,612 DEBUG   SenderThread:1587 [sender.py:send_request():402] send_request: check_version
2024-11-17 13:37:00,831 DEBUG   HandlerThread:1587 [handler.py:handle_request():144] handle_request: run_start
2024-11-17 13:37:00,837 DEBUG   HandlerThread:1587 [system_info.py:__init__():31] System info init
2024-11-17 13:37:00,837 DEBUG   HandlerThread:1587 [system_info.py:__init__():46] System info init done
2024-11-17 13:37:00,838 INFO    HandlerThread:1587 [system_monitor.py:start():181] Starting system monitor
2024-11-17 13:37:00,838 INFO    SystemMonitor:1587 [system_monitor.py:_start():145] Starting system asset monitoring threads
2024-11-17 13:37:00,838 INFO    HandlerThread:1587 [system_monitor.py:probe():201] Collecting system info
2024-11-17 13:37:00,838 DEBUG   HandlerThread:1587 [system_info.py:probe():195] Probing system
2024-11-17 13:37:00,838 INFO    SystemMonitor:1587 [interfaces.py:start():190] Started cpu monitoring
2024-11-17 13:37:00,839 INFO    SystemMonitor:1587 [interfaces.py:start():190] Started disk monitoring
2024-11-17 13:37:00,841 INFO    SystemMonitor:1587 [interfaces.py:start():190] Started gpuapple monitoring
2024-11-17 13:37:00,842 INFO    SystemMonitor:1587 [interfaces.py:start():190] Started memory monitoring
2024-11-17 13:37:00,842 INFO    SystemMonitor:1587 [interfaces.py:start():190] Started network monitoring
2024-11-17 13:37:00,846 DEBUG   HandlerThread:1587 [system_info.py:_probe_git():180] Probing git
2024-11-17 13:37:00,873 DEBUG   HandlerThread:1587 [system_info.py:_probe_git():188] Probing git done
2024-11-17 13:37:00,873 DEBUG   HandlerThread:1587 [system_info.py:probe():240] Probing system done
2024-11-17 13:37:00,873 DEBUG   HandlerThread:1587 [system_monitor.py:probe():210] {'os': 'macOS-14.5-arm64-arm-64bit', 'python': '3.9.13', 'heartbeatAt': '2024-11-17T12:37:00.838995', 'startedAt': '2024-11-17T12:37:00.089023', 'docker': None, 'cuda': None, 'args': (), 'state': 'running', 'program': '/Users/aklywtx/Desktop/VLM_Bias_research/NN_pretrain/MLP/MLP_1layer_mps_only100dots_sigmoid.py', 'codePath': 'MLP/MLP_1layer_mps_only100dots_sigmoid.py', 'git': {'remote': 'git@github.com:aklywtx/NN_pretrain.git', 'commit': '79fb9213d8f97bc1c37c0dd0a2a01a0ea0927308'}, 'email': 'aklywtx233@163.com', 'root': '/Users/aklywtx/Desktop/VLM_Bias_research/NN_pretrain', 'host': 'MACBOOK-PRO-341.local', 'username': 'aklywtx', 'executable': '/Users/aklywtx/opt/anaconda3/bin/python', 'cpu_count': 8, 'cpu_count_logical': 8, 'disk': {'total': 926.3517189025879, 'used': 811.6881904602051}, 'gpuapple': {'type': 'arm', 'vendor': 'Apple'}, 'memory': {'total': 32.0}}
2024-11-17 13:37:00,873 INFO    HandlerThread:1587 [system_monitor.py:probe():211] Finished collecting system info
2024-11-17 13:37:00,873 INFO    HandlerThread:1587 [system_monitor.py:probe():214] Publishing system info
2024-11-17 13:37:00,873 DEBUG   HandlerThread:1587 [system_info.py:_save_pip():51] Saving list of pip packages installed into the current environment
2024-11-17 13:37:00,874 DEBUG   HandlerThread:1587 [system_info.py:_save_pip():67] Saving pip packages done
2024-11-17 13:37:00,874 DEBUG   HandlerThread:1587 [system_info.py:_save_conda():74] Saving list of conda packages installed into the current environment
2024-11-17 13:37:01,616 INFO    Thread-12 :1587 [dir_watcher.py:_on_file_created():278] file/dir created: /Users/aklywtx/Desktop/VLM_Bias_research/NN_pretrain/wandb/run-20241117_133700-yyzwbn9v/files/conda-environment.yaml
2024-11-17 13:37:01,617 INFO    Thread-12 :1587 [dir_watcher.py:_on_file_created():278] file/dir created: /Users/aklywtx/Desktop/VLM_Bias_research/NN_pretrain/wandb/run-20241117_133700-yyzwbn9v/files/wandb-summary.json
2024-11-17 13:37:01,617 INFO    Thread-12 :1587 [dir_watcher.py:_on_file_created():278] file/dir created: /Users/aklywtx/Desktop/VLM_Bias_research/NN_pretrain/wandb/run-20241117_133700-yyzwbn9v/files/requirements.txt
2024-11-17 13:37:18,436 DEBUG   HandlerThread:1587 [system_info.py:_save_conda():86] Saving conda packages done
2024-11-17 13:37:18,437 INFO    HandlerThread:1587 [system_monitor.py:probe():216] Finished publishing system info
2024-11-17 13:37:18,447 DEBUG   HandlerThread:1587 [handler.py:handle_request():144] handle_request: status_report
2024-11-17 13:37:18,448 DEBUG   HandlerThread:1587 [handler.py:handle_request():144] handle_request: keepalive
2024-11-17 13:37:18,448 DEBUG   HandlerThread:1587 [handler.py:handle_request():144] handle_request: status_report
2024-11-17 13:37:18,448 DEBUG   HandlerThread:1587 [handler.py:handle_request():144] handle_request: keepalive
2024-11-17 13:37:18,448 DEBUG   HandlerThread:1587 [handler.py:handle_request():144] handle_request: status_report
2024-11-17 13:37:18,448 DEBUG   HandlerThread:1587 [handler.py:handle_request():144] handle_request: keepalive
2024-11-17 13:37:18,448 DEBUG   SenderThread:1587 [sender.py:send():375] send: files
2024-11-17 13:37:18,448 INFO    SenderThread:1587 [sender.py:_save_file():1378] saving file wandb-metadata.json with policy now
2024-11-17 13:37:18,451 DEBUG   HandlerThread:1587 [handler.py:handle_request():144] handle_request: stop_status
2024-11-17 13:37:18,451 DEBUG   SenderThread:1587 [sender.py:send_request():402] send_request: stop_status
2024-11-17 13:37:18,686 INFO    Thread-12 :1587 [dir_watcher.py:_on_file_modified():295] file/dir modified: /Users/aklywtx/Desktop/VLM_Bias_research/NN_pretrain/wandb/run-20241117_133700-yyzwbn9v/files/conda-environment.yaml
2024-11-17 13:37:18,687 INFO    Thread-12 :1587 [dir_watcher.py:_on_file_created():278] file/dir created: /Users/aklywtx/Desktop/VLM_Bias_research/NN_pretrain/wandb/run-20241117_133700-yyzwbn9v/files/wandb-metadata.json
2024-11-17 13:37:18,708 DEBUG   SenderThread:1587 [sender.py:send():375] send: telemetry
2024-11-17 13:37:18,998 INFO    wandb-upload_0:1587 [upload_job.py:push():137] Uploaded file /var/folders/b8/j860yxxx1bb1pjgc34kr65dm0000gn/T/tmpa92v2k16wandb/8oa6drsu-wandb-metadata.json
2024-11-17 13:37:21,722 DEBUG   HandlerThread:1587 [handler.py:handle_request():144] handle_request: status_report
2024-11-17 13:37:26,717 INFO    Thread-12 :1587 [dir_watcher.py:_on_file_created():278] file/dir created: /Users/aklywtx/Desktop/VLM_Bias_research/NN_pretrain/wandb/run-20241117_133700-yyzwbn9v/files/output.log
2024-11-17 13:37:26,842 DEBUG   HandlerThread:1587 [handler.py:handle_request():144] handle_request: status_report
2024-11-17 13:37:28,722 INFO    Thread-12 :1587 [dir_watcher.py:_on_file_modified():295] file/dir modified: /Users/aklywtx/Desktop/VLM_Bias_research/NN_pretrain/wandb/run-20241117_133700-yyzwbn9v/files/output.log
2024-11-17 13:37:29,126 DEBUG   HandlerThread:1587 [handler.py:handle_request():144] handle_request: partial_history
2024-11-17 13:37:29,127 DEBUG   SenderThread:1587 [sender.py:send():375] send: history
2024-11-17 13:37:29,127 DEBUG   SenderThread:1587 [sender.py:send_request():402] send_request: summary_record
2024-11-17 13:37:29,128 INFO    SenderThread:1587 [sender.py:_save_file():1378] saving file wandb-summary.json with policy end
2024-11-17 13:37:29,727 INFO    Thread-12 :1587 [dir_watcher.py:_on_file_modified():295] file/dir modified: /Users/aklywtx/Desktop/VLM_Bias_research/NN_pretrain/wandb/run-20241117_133700-yyzwbn9v/files/wandb-summary.json
2024-11-17 13:37:30,733 INFO    Thread-12 :1587 [dir_watcher.py:_on_file_modified():295] file/dir modified: /Users/aklywtx/Desktop/VLM_Bias_research/NN_pretrain/wandb/run-20241117_133700-yyzwbn9v/files/output.log
2024-11-17 13:37:31,201 DEBUG   HandlerThread:1587 [handler.py:handle_request():144] handle_request: partial_history
2024-11-17 13:37:31,202 DEBUG   SenderThread:1587 [sender.py:send():375] send: history
2024-11-17 13:37:31,202 DEBUG   SenderThread:1587 [sender.py:send_request():402] send_request: summary_record
2024-11-17 13:37:31,203 INFO    SenderThread:1587 [sender.py:_save_file():1378] saving file wandb-summary.json with policy end
2024-11-17 13:37:31,738 INFO    Thread-12 :1587 [dir_watcher.py:_on_file_modified():295] file/dir modified: /Users/aklywtx/Desktop/VLM_Bias_research/NN_pretrain/wandb/run-20241117_133700-yyzwbn9v/files/wandb-summary.json
2024-11-17 13:37:31,922 DEBUG   HandlerThread:1587 [handler.py:handle_request():144] handle_request: status_report
2024-11-17 13:37:32,743 INFO    Thread-12 :1587 [dir_watcher.py:_on_file_modified():295] file/dir modified: /Users/aklywtx/Desktop/VLM_Bias_research/NN_pretrain/wandb/run-20241117_133700-yyzwbn9v/files/output.log
2024-11-17 13:37:32,743 INFO    Thread-12 :1587 [dir_watcher.py:_on_file_modified():295] file/dir modified: /Users/aklywtx/Desktop/VLM_Bias_research/NN_pretrain/wandb/run-20241117_133700-yyzwbn9v/files/config.yaml
2024-11-17 13:37:33,136 DEBUG   HandlerThread:1587 [handler.py:handle_request():144] handle_request: partial_history
2024-11-17 13:37:33,138 DEBUG   SenderThread:1587 [sender.py:send():375] send: history
2024-11-17 13:37:33,138 DEBUG   SenderThread:1587 [sender.py:send_request():402] send_request: summary_record
2024-11-17 13:37:33,139 INFO    SenderThread:1587 [sender.py:_save_file():1378] saving file wandb-summary.json with policy end
2024-11-17 13:37:33,456 DEBUG   HandlerThread:1587 [handler.py:handle_request():144] handle_request: stop_status
2024-11-17 13:37:33,457 DEBUG   SenderThread:1587 [sender.py:send_request():402] send_request: stop_status
2024-11-17 13:37:33,745 INFO    Thread-12 :1587 [dir_watcher.py:_on_file_modified():295] file/dir modified: /Users/aklywtx/Desktop/VLM_Bias_research/NN_pretrain/wandb/run-20241117_133700-yyzwbn9v/files/wandb-summary.json
2024-11-17 13:37:34,751 INFO    Thread-12 :1587 [dir_watcher.py:_on_file_modified():295] file/dir modified: /Users/aklywtx/Desktop/VLM_Bias_research/NN_pretrain/wandb/run-20241117_133700-yyzwbn9v/files/output.log
2024-11-17 13:37:35,270 DEBUG   HandlerThread:1587 [handler.py:handle_request():144] handle_request: partial_history
2024-11-17 13:37:35,270 DEBUG   SenderThread:1587 [sender.py:send():375] send: history
2024-11-17 13:37:35,271 DEBUG   SenderThread:1587 [sender.py:send_request():402] send_request: summary_record
2024-11-17 13:37:35,271 INFO    SenderThread:1587 [sender.py:_save_file():1378] saving file wandb-summary.json with policy end
2024-11-17 13:37:35,752 INFO    Thread-12 :1587 [dir_watcher.py:_on_file_modified():295] file/dir modified: /Users/aklywtx/Desktop/VLM_Bias_research/NN_pretrain/wandb/run-20241117_133700-yyzwbn9v/files/wandb-summary.json
2024-11-17 13:37:36,753 INFO    Thread-12 :1587 [dir_watcher.py:_on_file_modified():295] file/dir modified: /Users/aklywtx/Desktop/VLM_Bias_research/NN_pretrain/wandb/run-20241117_133700-yyzwbn9v/files/output.log
2024-11-17 13:37:37,128 DEBUG   HandlerThread:1587 [handler.py:handle_request():144] handle_request: status_report
2024-11-17 13:37:37,535 DEBUG   HandlerThread:1587 [handler.py:handle_request():144] handle_request: partial_history
2024-11-17 13:37:37,535 DEBUG   SenderThread:1587 [sender.py:send():375] send: history
2024-11-17 13:37:37,535 DEBUG   SenderThread:1587 [sender.py:send_request():402] send_request: summary_record
2024-11-17 13:37:37,536 INFO    SenderThread:1587 [sender.py:_save_file():1378] saving file wandb-summary.json with policy end
2024-11-17 13:37:37,755 INFO    Thread-12 :1587 [dir_watcher.py:_on_file_modified():295] file/dir modified: /Users/aklywtx/Desktop/VLM_Bias_research/NN_pretrain/wandb/run-20241117_133700-yyzwbn9v/files/wandb-summary.json
2024-11-17 13:37:38,765 INFO    Thread-12 :1587 [dir_watcher.py:_on_file_modified():295] file/dir modified: /Users/aklywtx/Desktop/VLM_Bias_research/NN_pretrain/wandb/run-20241117_133700-yyzwbn9v/files/output.log
2024-11-17 13:37:40,775 INFO    Thread-12 :1587 [dir_watcher.py:_on_file_modified():295] file/dir modified: /Users/aklywtx/Desktop/VLM_Bias_research/NN_pretrain/wandb/run-20241117_133700-yyzwbn9v/files/output.log
2024-11-17 13:37:40,825 DEBUG   HandlerThread:1587 [handler.py:handle_request():144] handle_request: partial_history
2024-11-17 13:37:40,827 DEBUG   SenderThread:1587 [sender.py:send():375] send: history
2024-11-17 13:37:40,827 DEBUG   SenderThread:1587 [sender.py:send_request():402] send_request: summary_record
2024-11-17 13:37:40,828 INFO    SenderThread:1587 [sender.py:_save_file():1378] saving file wandb-summary.json with policy end
2024-11-17 13:37:41,781 INFO    Thread-12 :1587 [dir_watcher.py:_on_file_modified():295] file/dir modified: /Users/aklywtx/Desktop/VLM_Bias_research/NN_pretrain/wandb/run-20241117_133700-yyzwbn9v/files/wandb-summary.json
2024-11-17 13:37:42,191 DEBUG   HandlerThread:1587 [handler.py:handle_request():144] handle_request: status_report
2024-11-17 13:37:42,786 INFO    Thread-12 :1587 [dir_watcher.py:_on_file_modified():295] file/dir modified: /Users/aklywtx/Desktop/VLM_Bias_research/NN_pretrain/wandb/run-20241117_133700-yyzwbn9v/files/output.log
2024-11-17 13:37:43,080 DEBUG   HandlerThread:1587 [handler.py:handle_request():144] handle_request: partial_history
2024-11-17 13:37:43,082 DEBUG   SenderThread:1587 [sender.py:send():375] send: history
2024-11-17 13:37:43,082 DEBUG   SenderThread:1587 [sender.py:send_request():402] send_request: summary_record
2024-11-17 13:37:43,082 INFO    SenderThread:1587 [sender.py:_save_file():1378] saving file wandb-summary.json with policy end
2024-11-17 13:37:43,790 INFO    Thread-12 :1587 [dir_watcher.py:_on_file_modified():295] file/dir modified: /Users/aklywtx/Desktop/VLM_Bias_research/NN_pretrain/wandb/run-20241117_133700-yyzwbn9v/files/wandb-summary.json
2024-11-17 13:37:44,795 INFO    Thread-12 :1587 [dir_watcher.py:_on_file_modified():295] file/dir modified: /Users/aklywtx/Desktop/VLM_Bias_research/NN_pretrain/wandb/run-20241117_133700-yyzwbn9v/files/output.log
2024-11-17 13:37:45,241 DEBUG   HandlerThread:1587 [handler.py:handle_request():144] handle_request: partial_history
2024-11-17 13:37:45,242 DEBUG   SenderThread:1587 [sender.py:send():375] send: history
2024-11-17 13:37:45,242 DEBUG   SenderThread:1587 [sender.py:send_request():402] send_request: summary_record
2024-11-17 13:37:45,243 INFO    SenderThread:1587 [sender.py:_save_file():1378] saving file wandb-summary.json with policy end
2024-11-17 13:37:45,801 INFO    Thread-12 :1587 [dir_watcher.py:_on_file_modified():295] file/dir modified: /Users/aklywtx/Desktop/VLM_Bias_research/NN_pretrain/wandb/run-20241117_133700-yyzwbn9v/files/wandb-summary.json
2024-11-17 13:37:46,801 INFO    Thread-12 :1587 [dir_watcher.py:_on_file_modified():295] file/dir modified: /Users/aklywtx/Desktop/VLM_Bias_research/NN_pretrain/wandb/run-20241117_133700-yyzwbn9v/files/output.log
2024-11-17 13:37:47,236 DEBUG   HandlerThread:1587 [handler.py:handle_request():144] handle_request: status_report
2024-11-17 13:37:47,388 DEBUG   HandlerThread:1587 [handler.py:handle_request():144] handle_request: partial_history
2024-11-17 13:37:47,389 DEBUG   SenderThread:1587 [sender.py:send():375] send: history
2024-11-17 13:37:47,389 DEBUG   SenderThread:1587 [sender.py:send_request():402] send_request: summary_record
2024-11-17 13:37:47,390 INFO    SenderThread:1587 [sender.py:_save_file():1378] saving file wandb-summary.json with policy end
2024-11-17 13:37:47,805 INFO    Thread-12 :1587 [dir_watcher.py:_on_file_modified():295] file/dir modified: /Users/aklywtx/Desktop/VLM_Bias_research/NN_pretrain/wandb/run-20241117_133700-yyzwbn9v/files/wandb-summary.json
2024-11-17 13:37:48,461 DEBUG   HandlerThread:1587 [handler.py:handle_request():144] handle_request: stop_status
2024-11-17 13:37:48,462 DEBUG   SenderThread:1587 [sender.py:send_request():402] send_request: stop_status
2024-11-17 13:37:48,812 INFO    Thread-12 :1587 [dir_watcher.py:_on_file_modified():295] file/dir modified: /Users/aklywtx/Desktop/VLM_Bias_research/NN_pretrain/wandb/run-20241117_133700-yyzwbn9v/files/output.log
2024-11-17 13:37:49,607 DEBUG   HandlerThread:1587 [handler.py:handle_request():144] handle_request: partial_history
2024-11-17 13:37:49,608 DEBUG   SenderThread:1587 [sender.py:send():375] send: history
2024-11-17 13:37:49,608 DEBUG   SenderThread:1587 [sender.py:send_request():402] send_request: summary_record
2024-11-17 13:37:49,609 INFO    SenderThread:1587 [sender.py:_save_file():1378] saving file wandb-summary.json with policy end
2024-11-17 13:37:49,817 INFO    Thread-12 :1587 [dir_watcher.py:_on_file_modified():295] file/dir modified: /Users/aklywtx/Desktop/VLM_Bias_research/NN_pretrain/wandb/run-20241117_133700-yyzwbn9v/files/wandb-summary.json
2024-11-17 13:37:50,833 INFO    Thread-12 :1587 [dir_watcher.py:_on_file_modified():295] file/dir modified: /Users/aklywtx/Desktop/VLM_Bias_research/NN_pretrain/wandb/run-20241117_133700-yyzwbn9v/files/output.log
2024-11-17 13:37:50,981 DEBUG   SenderThread:1587 [sender.py:send():375] send: telemetry
2024-11-17 13:37:50,981 DEBUG   SenderThread:1587 [sender.py:send():375] send: exit
2024-11-17 13:37:50,981 INFO    SenderThread:1587 [sender.py:send_exit():598] handling exit code: 0
2024-11-17 13:37:50,982 INFO    SenderThread:1587 [sender.py:send_exit():600] handling runtime: 50
2024-11-17 13:37:50,982 INFO    SenderThread:1587 [sender.py:_save_file():1378] saving file wandb-summary.json with policy end
2024-11-17 13:37:50,983 INFO    SenderThread:1587 [sender.py:send_exit():606] send defer
2024-11-17 13:37:50,984 DEBUG   HandlerThread:1587 [handler.py:handle_request():144] handle_request: defer
2024-11-17 13:37:50,984 INFO    HandlerThread:1587 [handler.py:handle_request_defer():170] handle defer: 0
2024-11-17 13:37:50,984 DEBUG   SenderThread:1587 [sender.py:send_request():402] send_request: defer
2024-11-17 13:37:50,984 INFO    SenderThread:1587 [sender.py:send_request_defer():622] handle sender defer: 0
2024-11-17 13:37:50,984 INFO    SenderThread:1587 [sender.py:transition_state():626] send defer: 1
2024-11-17 13:37:50,985 DEBUG   HandlerThread:1587 [handler.py:handle_request():144] handle_request: defer
2024-11-17 13:37:50,986 INFO    HandlerThread:1587 [handler.py:handle_request_defer():170] handle defer: 1
2024-11-17 13:37:50,992 DEBUG   SenderThread:1587 [sender.py:send_request():402] send_request: defer
2024-11-17 13:37:50,992 INFO    SenderThread:1587 [sender.py:send_request_defer():622] handle sender defer: 1
2024-11-17 13:37:50,992 INFO    SenderThread:1587 [sender.py:transition_state():626] send defer: 2
2024-11-17 13:37:50,997 DEBUG   HandlerThread:1587 [handler.py:handle_request():144] handle_request: defer
2024-11-17 13:37:50,997 INFO    HandlerThread:1587 [handler.py:handle_request_defer():170] handle defer: 2
2024-11-17 13:37:50,997 INFO    HandlerThread:1587 [system_monitor.py:finish():190] Stopping system monitor
2024-11-17 13:37:50,998 DEBUG   SystemMonitor:1587 [system_monitor.py:_start():159] Starting system metrics aggregation loop
2024-11-17 13:37:50,999 DEBUG   SystemMonitor:1587 [system_monitor.py:_start():166] Finished system metrics aggregation loop
2024-11-17 13:37:50,999 DEBUG   SystemMonitor:1587 [system_monitor.py:_start():170] Publishing last batch of metrics
2024-11-17 13:37:51,002 INFO    HandlerThread:1587 [interfaces.py:finish():202] Joined cpu monitor
2024-11-17 13:37:51,006 INFO    HandlerThread:1587 [interfaces.py:finish():202] Joined disk monitor
2024-11-17 13:37:51,835 INFO    Thread-12 :1587 [dir_watcher.py:_on_file_modified():295] file/dir modified: /Users/aklywtx/Desktop/VLM_Bias_research/NN_pretrain/wandb/run-20241117_133700-yyzwbn9v/files/wandb-summary.json
2024-11-17 13:37:51,860 INFO    HandlerThread:1587 [interfaces.py:finish():202] Joined gpuapple monitor
2024-11-17 13:37:51,861 INFO    HandlerThread:1587 [interfaces.py:finish():202] Joined memory monitor
2024-11-17 13:37:51,861 INFO    HandlerThread:1587 [interfaces.py:finish():202] Joined network monitor
2024-11-17 13:37:51,861 DEBUG   SenderThread:1587 [sender.py:send_request():402] send_request: defer
2024-11-17 13:37:51,861 INFO    SenderThread:1587 [sender.py:send_request_defer():622] handle sender defer: 2
2024-11-17 13:37:51,861 INFO    SenderThread:1587 [sender.py:transition_state():626] send defer: 3
2024-11-17 13:37:51,861 DEBUG   SenderThread:1587 [sender.py:send():375] send: telemetry
2024-11-17 13:37:51,861 DEBUG   HandlerThread:1587 [handler.py:handle_request():144] handle_request: defer
2024-11-17 13:37:51,861 INFO    HandlerThread:1587 [handler.py:handle_request_defer():170] handle defer: 3
2024-11-17 13:37:51,861 DEBUG   SenderThread:1587 [sender.py:send():375] send: stats
2024-11-17 13:37:51,862 DEBUG   SenderThread:1587 [sender.py:send_request():402] send_request: defer
2024-11-17 13:37:51,862 INFO    SenderThread:1587 [sender.py:send_request_defer():622] handle sender defer: 3
2024-11-17 13:37:51,862 INFO    SenderThread:1587 [sender.py:transition_state():626] send defer: 4
2024-11-17 13:37:51,862 DEBUG   HandlerThread:1587 [handler.py:handle_request():144] handle_request: defer
2024-11-17 13:37:51,862 INFO    HandlerThread:1587 [handler.py:handle_request_defer():170] handle defer: 4
2024-11-17 13:37:51,862 DEBUG   SenderThread:1587 [sender.py:send_request():402] send_request: defer
2024-11-17 13:37:51,862 INFO    SenderThread:1587 [sender.py:send_request_defer():622] handle sender defer: 4
2024-11-17 13:37:51,862 INFO    SenderThread:1587 [sender.py:transition_state():626] send defer: 5
2024-11-17 13:37:51,862 DEBUG   HandlerThread:1587 [handler.py:handle_request():144] handle_request: defer
2024-11-17 13:37:51,862 INFO    HandlerThread:1587 [handler.py:handle_request_defer():170] handle defer: 5
2024-11-17 13:37:51,862 DEBUG   SenderThread:1587 [sender.py:send():375] send: summary
2024-11-17 13:37:51,863 INFO    SenderThread:1587 [sender.py:_save_file():1378] saving file wandb-summary.json with policy end
2024-11-17 13:37:51,863 DEBUG   SenderThread:1587 [sender.py:send_request():402] send_request: defer
2024-11-17 13:37:51,863 INFO    SenderThread:1587 [sender.py:send_request_defer():622] handle sender defer: 5
2024-11-17 13:37:51,863 INFO    SenderThread:1587 [sender.py:transition_state():626] send defer: 6
2024-11-17 13:37:51,863 DEBUG   HandlerThread:1587 [handler.py:handle_request():144] handle_request: defer
2024-11-17 13:37:51,863 INFO    HandlerThread:1587 [handler.py:handle_request_defer():170] handle defer: 6
2024-11-17 13:37:51,863 DEBUG   SenderThread:1587 [sender.py:send_request():402] send_request: defer
2024-11-17 13:37:51,863 INFO    SenderThread:1587 [sender.py:send_request_defer():622] handle sender defer: 6
2024-11-17 13:37:51,866 DEBUG   HandlerThread:1587 [handler.py:handle_request():144] handle_request: status_report
2024-11-17 13:37:51,980 DEBUG   HandlerThread:1587 [handler.py:handle_request():144] handle_request: poll_exit
2024-11-17 13:37:52,018 INFO    SenderThread:1587 [sender.py:transition_state():626] send defer: 7
2024-11-17 13:37:52,018 DEBUG   SenderThread:1587 [sender.py:send_request():402] send_request: poll_exit
2024-11-17 13:37:52,019 DEBUG   HandlerThread:1587 [handler.py:handle_request():144] handle_request: defer
2024-11-17 13:37:52,019 INFO    HandlerThread:1587 [handler.py:handle_request_defer():170] handle defer: 7
2024-11-17 13:37:52,019 DEBUG   SenderThread:1587 [sender.py:send_request():402] send_request: defer
2024-11-17 13:37:52,019 INFO    SenderThread:1587 [sender.py:send_request_defer():622] handle sender defer: 7
2024-11-17 13:37:52,701 INFO    SenderThread:1587 [sender.py:transition_state():626] send defer: 8
2024-11-17 13:37:52,702 DEBUG   HandlerThread:1587 [handler.py:handle_request():144] handle_request: defer
2024-11-17 13:37:52,702 INFO    HandlerThread:1587 [handler.py:handle_request_defer():170] handle defer: 8
2024-11-17 13:37:52,702 DEBUG   SenderThread:1587 [sender.py:send_request():402] send_request: defer
2024-11-17 13:37:52,703 INFO    SenderThread:1587 [sender.py:send_request_defer():622] handle sender defer: 8
2024-11-17 13:37:52,712 INFO    SenderThread:1587 [sender.py:transition_state():626] send defer: 9
2024-11-17 13:37:52,712 DEBUG   HandlerThread:1587 [handler.py:handle_request():144] handle_request: defer
2024-11-17 13:37:52,712 DEBUG   SenderThread:1587 [sender.py:send():375] send: artifact
2024-11-17 13:37:52,712 INFO    HandlerThread:1587 [handler.py:handle_request_defer():170] handle defer: 9
2024-11-17 13:37:52,844 INFO    Thread-12 :1587 [dir_watcher.py:_on_file_modified():295] file/dir modified: /Users/aklywtx/Desktop/VLM_Bias_research/NN_pretrain/wandb/run-20241117_133700-yyzwbn9v/files/wandb-summary.json
2024-11-17 13:37:52,845 INFO    Thread-12 :1587 [dir_watcher.py:_on_file_modified():295] file/dir modified: /Users/aklywtx/Desktop/VLM_Bias_research/NN_pretrain/wandb/run-20241117_133700-yyzwbn9v/files/output.log
2024-11-17 13:37:52,845 INFO    Thread-12 :1587 [dir_watcher.py:_on_file_modified():295] file/dir modified: /Users/aklywtx/Desktop/VLM_Bias_research/NN_pretrain/wandb/run-20241117_133700-yyzwbn9v/files/config.yaml
2024-11-17 13:37:52,993 DEBUG   HandlerThread:1587 [handler.py:handle_request():144] handle_request: poll_exit
2024-11-17 13:37:53,577 INFO    SenderThread:1587 [sender.py:send_artifact():1474] sent artifact job-git_github.com_aklywtx_NN_pretrain.git_MLP_MLP_1layer_mps_only100dots_sigmoid.py - {'id': 'QXJ0aWZhY3Q6MTMzODA0ODgyMw==', 'digest': 'dd785603b2c698c9c462944a6d72d286', 'state': 'COMMITTED', 'aliases': [{'artifactCollectionName': 'job-git_github.com_aklywtx_NN_pretrain.git_MLP_MLP_1layer_mps_only100dots_sigmoid.py', 'alias': 'latest'}, {'artifactCollectionName': 'job-git_github.com_aklywtx_NN_pretrain.git_MLP_MLP_1layer_mps_only100dots_sigmoid.py', 'alias': 'v2'}], 'artifactSequence': {'id': 'QXJ0aWZhY3RDb2xsZWN0aW9uOjQ5NjQ0OTcxMw==', 'latestArtifact': {'id': 'QXJ0aWZhY3Q6MTMzODA0ODgyMw==', 'versionIndex': 2}}, 'version': 'v2'}
2024-11-17 13:37:53,578 DEBUG   SenderThread:1587 [sender.py:send_request():402] send_request: defer
2024-11-17 13:37:53,578 INFO    SenderThread:1587 [sender.py:send_request_defer():622] handle sender defer: 9
2024-11-17 13:37:53,578 INFO    SenderThread:1587 [dir_watcher.py:finish():365] shutting down directory watcher
2024-11-17 13:37:53,851 INFO    SenderThread:1587 [dir_watcher.py:finish():395] scan: /Users/aklywtx/Desktop/VLM_Bias_research/NN_pretrain/wandb/run-20241117_133700-yyzwbn9v/files
2024-11-17 13:37:53,851 INFO    SenderThread:1587 [dir_watcher.py:finish():409] scan save: /Users/aklywtx/Desktop/VLM_Bias_research/NN_pretrain/wandb/run-20241117_133700-yyzwbn9v/files/requirements.txt requirements.txt
2024-11-17 13:37:53,851 INFO    SenderThread:1587 [dir_watcher.py:finish():409] scan save: /Users/aklywtx/Desktop/VLM_Bias_research/NN_pretrain/wandb/run-20241117_133700-yyzwbn9v/files/output.log output.log
2024-11-17 13:37:53,852 INFO    SenderThread:1587 [dir_watcher.py:finish():409] scan save: /Users/aklywtx/Desktop/VLM_Bias_research/NN_pretrain/wandb/run-20241117_133700-yyzwbn9v/files/config.yaml config.yaml
2024-11-17 13:37:53,852 INFO    SenderThread:1587 [dir_watcher.py:finish():409] scan save: /Users/aklywtx/Desktop/VLM_Bias_research/NN_pretrain/wandb/run-20241117_133700-yyzwbn9v/files/wandb-summary.json wandb-summary.json
2024-11-17 13:37:53,853 INFO    SenderThread:1587 [dir_watcher.py:finish():409] scan save: /Users/aklywtx/Desktop/VLM_Bias_research/NN_pretrain/wandb/run-20241117_133700-yyzwbn9v/files/conda-environment.yaml conda-environment.yaml
2024-11-17 13:37:53,853 INFO    SenderThread:1587 [dir_watcher.py:finish():409] scan save: /Users/aklywtx/Desktop/VLM_Bias_research/NN_pretrain/wandb/run-20241117_133700-yyzwbn9v/files/wandb-metadata.json wandb-metadata.json
2024-11-17 13:37:53,853 INFO    SenderThread:1587 [sender.py:transition_state():626] send defer: 10
2024-11-17 13:37:53,854 DEBUG   SenderThread:1587 [sender.py:send_request():402] send_request: poll_exit
2024-11-17 13:37:53,861 DEBUG   HandlerThread:1587 [handler.py:handle_request():144] handle_request: defer
2024-11-17 13:37:53,864 INFO    HandlerThread:1587 [handler.py:handle_request_defer():170] handle defer: 10
2024-11-17 13:37:53,869 DEBUG   SenderThread:1587 [sender.py:send_request():402] send_request: defer
2024-11-17 13:37:53,869 INFO    SenderThread:1587 [sender.py:send_request_defer():622] handle sender defer: 10
2024-11-17 13:37:53,869 INFO    SenderThread:1587 [file_pusher.py:finish():167] shutting down file pusher
2024-11-17 13:37:53,986 DEBUG   HandlerThread:1587 [handler.py:handle_request():144] handle_request: poll_exit
2024-11-17 13:37:53,988 DEBUG   SenderThread:1587 [sender.py:send_request():402] send_request: poll_exit
2024-11-17 13:37:54,332 INFO    wandb-upload_0:1587 [upload_job.py:push():137] Uploaded file /Users/aklywtx/Desktop/VLM_Bias_research/NN_pretrain/wandb/run-20241117_133700-yyzwbn9v/files/requirements.txt
2024-11-17 13:37:54,338 INFO    wandb-upload_1:1587 [upload_job.py:push():137] Uploaded file /Users/aklywtx/Desktop/VLM_Bias_research/NN_pretrain/wandb/run-20241117_133700-yyzwbn9v/files/output.log
2024-11-17 13:37:54,361 INFO    wandb-upload_3:1587 [upload_job.py:push():137] Uploaded file /Users/aklywtx/Desktop/VLM_Bias_research/NN_pretrain/wandb/run-20241117_133700-yyzwbn9v/files/wandb-summary.json
2024-11-17 13:37:54,415 INFO    wandb-upload_2:1587 [upload_job.py:push():137] Uploaded file /Users/aklywtx/Desktop/VLM_Bias_research/NN_pretrain/wandb/run-20241117_133700-yyzwbn9v/files/config.yaml
2024-11-17 13:37:54,535 INFO    wandb-upload_4:1587 [upload_job.py:push():137] Uploaded file /Users/aklywtx/Desktop/VLM_Bias_research/NN_pretrain/wandb/run-20241117_133700-yyzwbn9v/files/conda-environment.yaml
2024-11-17 13:37:54,740 INFO    Thread-11 :1587 [sender.py:transition_state():626] send defer: 11
2024-11-17 13:37:54,742 DEBUG   HandlerThread:1587 [handler.py:handle_request():144] handle_request: defer
2024-11-17 13:37:54,742 INFO    HandlerThread:1587 [handler.py:handle_request_defer():170] handle defer: 11
2024-11-17 13:37:54,743 DEBUG   SenderThread:1587 [sender.py:send_request():402] send_request: defer
2024-11-17 13:37:54,743 INFO    SenderThread:1587 [sender.py:send_request_defer():622] handle sender defer: 11
2024-11-17 13:37:54,744 INFO    SenderThread:1587 [file_pusher.py:join():172] waiting for file pusher
2024-11-17 13:37:54,744 INFO    SenderThread:1587 [sender.py:transition_state():626] send defer: 12
2024-11-17 13:37:54,744 DEBUG   HandlerThread:1587 [handler.py:handle_request():144] handle_request: defer
2024-11-17 13:37:54,744 INFO    HandlerThread:1587 [handler.py:handle_request_defer():170] handle defer: 12
2024-11-17 13:37:54,745 DEBUG   SenderThread:1587 [sender.py:send_request():402] send_request: defer
2024-11-17 13:37:54,745 INFO    SenderThread:1587 [sender.py:send_request_defer():622] handle sender defer: 12
2024-11-17 13:37:54,991 DEBUG   HandlerThread:1587 [handler.py:handle_request():144] handle_request: poll_exit
2024-11-17 13:37:55,340 INFO    SenderThread:1587 [sender.py:transition_state():626] send defer: 13
2024-11-17 13:37:55,343 DEBUG   SenderThread:1587 [sender.py:send_request():402] send_request: poll_exit
2024-11-17 13:37:55,344 DEBUG   HandlerThread:1587 [handler.py:handle_request():144] handle_request: defer
2024-11-17 13:37:55,345 INFO    HandlerThread:1587 [handler.py:handle_request_defer():170] handle defer: 13
2024-11-17 13:37:55,346 DEBUG   SenderThread:1587 [sender.py:send_request():402] send_request: defer
2024-11-17 13:37:55,346 INFO    SenderThread:1587 [sender.py:send_request_defer():622] handle sender defer: 13
2024-11-17 13:37:55,346 INFO    SenderThread:1587 [sender.py:transition_state():626] send defer: 14
2024-11-17 13:37:55,347 DEBUG   HandlerThread:1587 [handler.py:handle_request():144] handle_request: defer
2024-11-17 13:37:55,347 DEBUG   SenderThread:1587 [sender.py:send():375] send: final
2024-11-17 13:37:55,347 INFO    HandlerThread:1587 [handler.py:handle_request_defer():170] handle defer: 14
2024-11-17 13:37:55,347 DEBUG   SenderThread:1587 [sender.py:send():375] send: footer
2024-11-17 13:37:55,348 DEBUG   SenderThread:1587 [sender.py:send_request():402] send_request: defer
2024-11-17 13:37:55,348 INFO    SenderThread:1587 [sender.py:send_request_defer():622] handle sender defer: 14
2024-11-17 13:37:55,350 DEBUG   HandlerThread:1587 [handler.py:handle_request():144] handle_request: poll_exit
2024-11-17 13:37:55,350 DEBUG   HandlerThread:1587 [handler.py:handle_request():144] handle_request: server_info
2024-11-17 13:37:55,351 DEBUG   HandlerThread:1587 [handler.py:handle_request():144] handle_request: get_summary
2024-11-17 13:37:55,351 DEBUG   SenderThread:1587 [sender.py:send_request():402] send_request: poll_exit
2024-11-17 13:37:55,351 DEBUG   HandlerThread:1587 [handler.py:handle_request():144] handle_request: sampled_history
2024-11-17 13:37:55,352 DEBUG   SenderThread:1587 [sender.py:send_request():402] send_request: server_info
2024-11-17 13:37:55,510 DEBUG   HandlerThread:1587 [handler.py:handle_request():144] handle_request: shutdown
2024-11-17 13:37:55,510 INFO    HandlerThread:1587 [handler.py:finish():842] shutting down handler
2024-11-17 13:37:56,356 INFO    WriterThread:1587 [datastore.py:close():298] close: /Users/aklywtx/Desktop/VLM_Bias_research/NN_pretrain/wandb/run-20241117_133700-yyzwbn9v/run-yyzwbn9v.wandb
2024-11-17 13:37:56,508 INFO    SenderThread:1587 [sender.py:finish():1550] shutting down sender
2024-11-17 13:37:56,509 INFO    SenderThread:1587 [file_pusher.py:finish():167] shutting down file pusher
2024-11-17 13:37:56,509 INFO    SenderThread:1587 [file_pusher.py:join():172] waiting for file pusher
