2024-11-16 21:52:33,558 INFO    StreamThr :89436 [internal.py:wandb_internal():86] W&B internal server running at pid: 89436, started at: 2024-11-16 21:52:33.557767
2024-11-16 21:52:33,559 DEBUG   HandlerThread:89436 [handler.py:handle_request():144] handle_request: status
2024-11-16 21:52:33,560 INFO    WriterThread:89436 [datastore.py:open_for_write():85] open: /Users/aklywtx/Desktop/VLM_Bias_research/NN_pretrain/wandb/run-20241116_215233-bc3lpx3w/run-bc3lpx3w.wandb
2024-11-16 21:52:33,561 DEBUG   SenderThread:89436 [sender.py:send():375] send: header
2024-11-16 21:52:33,586 DEBUG   SenderThread:89436 [sender.py:send():375] send: run
2024-11-16 21:52:34,004 INFO    SenderThread:89436 [dir_watcher.py:__init__():219] watching files in: /Users/aklywtx/Desktop/VLM_Bias_research/NN_pretrain/wandb/run-20241116_215233-bc3lpx3w/files
2024-11-16 21:52:34,004 INFO    SenderThread:89436 [sender.py:_start_run_threads():1124] run started: bc3lpx3w with start time 1731790353.555972
2024-11-16 21:52:34,004 DEBUG   SenderThread:89436 [sender.py:send_request():402] send_request: summary_record
2024-11-16 21:52:34,005 INFO    SenderThread:89436 [sender.py:_save_file():1378] saving file wandb-summary.json with policy end
2024-11-16 21:52:34,007 DEBUG   HandlerThread:89436 [handler.py:handle_request():144] handle_request: check_version
2024-11-16 21:52:34,007 DEBUG   SenderThread:89436 [sender.py:send_request():402] send_request: check_version
2024-11-16 21:52:34,137 DEBUG   HandlerThread:89436 [handler.py:handle_request():144] handle_request: run_start
2024-11-16 21:52:34,147 DEBUG   HandlerThread:89436 [system_info.py:__init__():31] System info init
2024-11-16 21:52:34,147 DEBUG   HandlerThread:89436 [system_info.py:__init__():46] System info init done
2024-11-16 21:52:34,147 INFO    HandlerThread:89436 [system_monitor.py:start():181] Starting system monitor
2024-11-16 21:52:34,147 INFO    SystemMonitor:89436 [system_monitor.py:_start():145] Starting system asset monitoring threads
2024-11-16 21:52:34,148 INFO    HandlerThread:89436 [system_monitor.py:probe():201] Collecting system info
2024-11-16 21:52:34,148 DEBUG   HandlerThread:89436 [system_info.py:probe():195] Probing system
2024-11-16 21:52:34,148 INFO    SystemMonitor:89436 [interfaces.py:start():190] Started cpu monitoring
2024-11-16 21:52:34,148 INFO    SystemMonitor:89436 [interfaces.py:start():190] Started disk monitoring
2024-11-16 21:52:34,148 INFO    SystemMonitor:89436 [interfaces.py:start():190] Started memory monitoring
2024-11-16 21:52:34,149 INFO    SystemMonitor:89436 [interfaces.py:start():190] Started network monitoring
2024-11-16 21:52:34,153 DEBUG   HandlerThread:89436 [system_info.py:_probe_git():180] Probing git
2024-11-16 21:52:34,179 DEBUG   HandlerThread:89436 [system_info.py:_probe_git():188] Probing git done
2024-11-16 21:52:34,179 DEBUG   HandlerThread:89436 [system_info.py:probe():240] Probing system done
2024-11-16 21:52:34,179 DEBUG   HandlerThread:89436 [system_monitor.py:probe():210] {'os': 'macOS-14.5-arm64-i386-64bit', 'python': '3.9.13', 'heartbeatAt': '2024-11-16T20:52:34.148301', 'startedAt': '2024-11-16T20:52:33.536391', 'docker': None, 'cuda': None, 'args': (), 'state': 'running', 'program': '/Users/aklywtx/Desktop/VLM_Bias_research/NN_pretrain/MLP/MLP_1layer_mps_only100dots_intpercentage.py', 'codePath': 'MLP/MLP_1layer_mps_only100dots_intpercentage.py', 'git': {'remote': 'git@github.com:aklywtx/NN_pretrain.git', 'commit': '79fb9213d8f97bc1c37c0dd0a2a01a0ea0927308'}, 'email': 'aklywtx233@163.com', 'root': '/Users/aklywtx/Desktop/VLM_Bias_research/NN_pretrain', 'host': 'MACBOOK-PRO-341.local', 'username': 'aklywtx', 'executable': '/Users/aklywtx/opt/anaconda3/bin/python', 'cpu_count': 8, 'cpu_count_logical': 8, 'disk': {'total': 926.3517189025879, 'used': 813.6383285522461}, 'memory': {'total': 32.0}}
2024-11-16 21:52:34,179 INFO    HandlerThread:89436 [system_monitor.py:probe():211] Finished collecting system info
2024-11-16 21:52:34,179 INFO    HandlerThread:89436 [system_monitor.py:probe():214] Publishing system info
2024-11-16 21:52:34,179 DEBUG   HandlerThread:89436 [system_info.py:_save_pip():51] Saving list of pip packages installed into the current environment
2024-11-16 21:52:34,180 DEBUG   HandlerThread:89436 [system_info.py:_save_pip():67] Saving pip packages done
2024-11-16 21:52:34,180 DEBUG   HandlerThread:89436 [system_info.py:_save_conda():74] Saving list of conda packages installed into the current environment
2024-11-16 21:52:35,008 INFO    Thread-12 :89436 [dir_watcher.py:_on_file_created():278] file/dir created: /Users/aklywtx/Desktop/VLM_Bias_research/NN_pretrain/wandb/run-20241116_215233-bc3lpx3w/files/wandb-summary.json
2024-11-16 21:52:35,008 INFO    Thread-12 :89436 [dir_watcher.py:_on_file_created():278] file/dir created: /Users/aklywtx/Desktop/VLM_Bias_research/NN_pretrain/wandb/run-20241116_215233-bc3lpx3w/files/requirements.txt
2024-11-16 21:52:35,008 INFO    Thread-12 :89436 [dir_watcher.py:_on_file_created():278] file/dir created: /Users/aklywtx/Desktop/VLM_Bias_research/NN_pretrain/wandb/run-20241116_215233-bc3lpx3w/files/conda-environment.yaml
2024-11-16 21:52:52,072 DEBUG   HandlerThread:89436 [system_info.py:_save_conda():86] Saving conda packages done
2024-11-16 21:52:52,073 INFO    HandlerThread:89436 [system_monitor.py:probe():216] Finished publishing system info
2024-11-16 21:52:52,086 DEBUG   HandlerThread:89436 [handler.py:handle_request():144] handle_request: status_report
2024-11-16 21:52:52,086 DEBUG   HandlerThread:89436 [handler.py:handle_request():144] handle_request: keepalive
2024-11-16 21:52:52,086 DEBUG   HandlerThread:89436 [handler.py:handle_request():144] handle_request: status_report
2024-11-16 21:52:52,086 DEBUG   HandlerThread:89436 [handler.py:handle_request():144] handle_request: keepalive
2024-11-16 21:52:52,087 DEBUG   HandlerThread:89436 [handler.py:handle_request():144] handle_request: status_report
2024-11-16 21:52:52,087 DEBUG   HandlerThread:89436 [handler.py:handle_request():144] handle_request: keepalive
2024-11-16 21:52:52,087 DEBUG   SenderThread:89436 [sender.py:send():375] send: files
2024-11-16 21:52:52,087 INFO    SenderThread:89436 [sender.py:_save_file():1378] saving file wandb-metadata.json with policy now
2024-11-16 21:52:52,092 DEBUG   HandlerThread:89436 [handler.py:handle_request():144] handle_request: stop_status
2024-11-16 21:52:52,093 DEBUG   SenderThread:89436 [sender.py:send_request():402] send_request: stop_status
2024-11-16 21:52:52,153 INFO    Thread-12 :89436 [dir_watcher.py:_on_file_modified():295] file/dir modified: /Users/aklywtx/Desktop/VLM_Bias_research/NN_pretrain/wandb/run-20241116_215233-bc3lpx3w/files/conda-environment.yaml
2024-11-16 21:52:52,154 INFO    Thread-12 :89436 [dir_watcher.py:_on_file_created():278] file/dir created: /Users/aklywtx/Desktop/VLM_Bias_research/NN_pretrain/wandb/run-20241116_215233-bc3lpx3w/files/wandb-metadata.json
2024-11-16 21:52:52,358 DEBUG   SenderThread:89436 [sender.py:send():375] send: telemetry
2024-11-16 21:52:52,658 INFO    wandb-upload_0:89436 [upload_job.py:push():137] Uploaded file /var/folders/b8/j860yxxx1bb1pjgc34kr65dm0000gn/T/tmpq4dw97k4wandb/gc39lqwk-wandb-metadata.json
2024-11-16 21:52:54,370 DEBUG   HandlerThread:89436 [handler.py:handle_request():144] handle_request: status_report
2024-11-16 21:52:59,390 DEBUG   HandlerThread:89436 [handler.py:handle_request():144] handle_request: status_report
2024-11-16 21:53:00,192 INFO    Thread-12 :89436 [dir_watcher.py:_on_file_created():278] file/dir created: /Users/aklywtx/Desktop/VLM_Bias_research/NN_pretrain/wandb/run-20241116_215233-bc3lpx3w/files/output.log
2024-11-16 21:53:02,201 INFO    Thread-12 :89436 [dir_watcher.py:_on_file_modified():295] file/dir modified: /Users/aklywtx/Desktop/VLM_Bias_research/NN_pretrain/wandb/run-20241116_215233-bc3lpx3w/files/output.log
2024-11-16 21:53:02,856 DEBUG   HandlerThread:89436 [handler.py:handle_request():144] handle_request: partial_history
2024-11-16 21:53:02,857 DEBUG   SenderThread:89436 [sender.py:send():375] send: history
2024-11-16 21:53:02,857 DEBUG   SenderThread:89436 [sender.py:send_request():402] send_request: summary_record
2024-11-16 21:53:02,857 INFO    SenderThread:89436 [sender.py:_save_file():1378] saving file wandb-summary.json with policy end
2024-11-16 21:53:03,202 INFO    Thread-12 :89436 [dir_watcher.py:_on_file_modified():295] file/dir modified: /Users/aklywtx/Desktop/VLM_Bias_research/NN_pretrain/wandb/run-20241116_215233-bc3lpx3w/files/wandb-summary.json
2024-11-16 21:53:04,207 INFO    Thread-12 :89436 [dir_watcher.py:_on_file_modified():295] file/dir modified: /Users/aklywtx/Desktop/VLM_Bias_research/NN_pretrain/wandb/run-20241116_215233-bc3lpx3w/files/output.log
2024-11-16 21:53:04,504 DEBUG   HandlerThread:89436 [handler.py:handle_request():144] handle_request: status_report
2024-11-16 21:53:04,944 DEBUG   HandlerThread:89436 [handler.py:handle_request():144] handle_request: partial_history
2024-11-16 21:53:04,946 DEBUG   SenderThread:89436 [sender.py:send():375] send: history
2024-11-16 21:53:04,946 DEBUG   SenderThread:89436 [sender.py:send_request():402] send_request: summary_record
2024-11-16 21:53:04,947 INFO    SenderThread:89436 [sender.py:_save_file():1378] saving file wandb-summary.json with policy end
2024-11-16 21:53:05,212 INFO    Thread-12 :89436 [dir_watcher.py:_on_file_modified():295] file/dir modified: /Users/aklywtx/Desktop/VLM_Bias_research/NN_pretrain/wandb/run-20241116_215233-bc3lpx3w/files/wandb-summary.json
2024-11-16 21:53:05,212 INFO    Thread-12 :89436 [dir_watcher.py:_on_file_modified():295] file/dir modified: /Users/aklywtx/Desktop/VLM_Bias_research/NN_pretrain/wandb/run-20241116_215233-bc3lpx3w/files/config.yaml
2024-11-16 21:53:06,217 INFO    Thread-12 :89436 [dir_watcher.py:_on_file_modified():295] file/dir modified: /Users/aklywtx/Desktop/VLM_Bias_research/NN_pretrain/wandb/run-20241116_215233-bc3lpx3w/files/output.log
2024-11-16 21:53:07,097 DEBUG   HandlerThread:89436 [handler.py:handle_request():144] handle_request: stop_status
2024-11-16 21:53:07,097 DEBUG   SenderThread:89436 [sender.py:send_request():402] send_request: stop_status
2024-11-16 21:53:07,225 DEBUG   HandlerThread:89436 [handler.py:handle_request():144] handle_request: partial_history
2024-11-16 21:53:07,534 DEBUG   SenderThread:89436 [sender.py:send():375] send: history
2024-11-16 21:53:07,535 DEBUG   SenderThread:89436 [sender.py:send_request():402] send_request: summary_record
2024-11-16 21:53:07,535 INFO    SenderThread:89436 [sender.py:_save_file():1378] saving file wandb-summary.json with policy end
2024-11-16 21:53:08,228 INFO    Thread-12 :89436 [dir_watcher.py:_on_file_modified():295] file/dir modified: /Users/aklywtx/Desktop/VLM_Bias_research/NN_pretrain/wandb/run-20241116_215233-bc3lpx3w/files/wandb-summary.json
2024-11-16 21:53:08,228 INFO    Thread-12 :89436 [dir_watcher.py:_on_file_modified():295] file/dir modified: /Users/aklywtx/Desktop/VLM_Bias_research/NN_pretrain/wandb/run-20241116_215233-bc3lpx3w/files/output.log
2024-11-16 21:53:09,391 DEBUG   HandlerThread:89436 [handler.py:handle_request():144] handle_request: partial_history
2024-11-16 21:53:09,392 DEBUG   SenderThread:89436 [sender.py:send():375] send: history
2024-11-16 21:53:09,392 DEBUG   SenderThread:89436 [sender.py:send_request():402] send_request: summary_record
2024-11-16 21:53:09,392 INFO    SenderThread:89436 [sender.py:_save_file():1378] saving file wandb-summary.json with policy end
2024-11-16 21:53:09,747 DEBUG   HandlerThread:89436 [handler.py:handle_request():144] handle_request: status_report
2024-11-16 21:53:10,235 INFO    Thread-12 :89436 [dir_watcher.py:_on_file_modified():295] file/dir modified: /Users/aklywtx/Desktop/VLM_Bias_research/NN_pretrain/wandb/run-20241116_215233-bc3lpx3w/files/wandb-summary.json
2024-11-16 21:53:10,235 INFO    Thread-12 :89436 [dir_watcher.py:_on_file_modified():295] file/dir modified: /Users/aklywtx/Desktop/VLM_Bias_research/NN_pretrain/wandb/run-20241116_215233-bc3lpx3w/files/output.log
2024-11-16 21:53:11,430 DEBUG   HandlerThread:89436 [handler.py:handle_request():144] handle_request: partial_history
2024-11-16 21:53:11,432 DEBUG   SenderThread:89436 [sender.py:send():375] send: history
2024-11-16 21:53:11,432 DEBUG   SenderThread:89436 [sender.py:send_request():402] send_request: summary_record
2024-11-16 21:53:11,432 INFO    SenderThread:89436 [sender.py:_save_file():1378] saving file wandb-summary.json with policy end
2024-11-16 21:53:12,242 INFO    Thread-12 :89436 [dir_watcher.py:_on_file_modified():295] file/dir modified: /Users/aklywtx/Desktop/VLM_Bias_research/NN_pretrain/wandb/run-20241116_215233-bc3lpx3w/files/wandb-summary.json
2024-11-16 21:53:12,242 INFO    Thread-12 :89436 [dir_watcher.py:_on_file_modified():295] file/dir modified: /Users/aklywtx/Desktop/VLM_Bias_research/NN_pretrain/wandb/run-20241116_215233-bc3lpx3w/files/output.log
2024-11-16 21:53:13,346 DEBUG   HandlerThread:89436 [handler.py:handle_request():144] handle_request: partial_history
2024-11-16 21:53:13,347 DEBUG   SenderThread:89436 [sender.py:send():375] send: history
2024-11-16 21:53:13,347 DEBUG   SenderThread:89436 [sender.py:send_request():402] send_request: summary_record
2024-11-16 21:53:13,347 INFO    SenderThread:89436 [sender.py:_save_file():1378] saving file wandb-summary.json with policy end
2024-11-16 21:53:14,254 INFO    Thread-12 :89436 [dir_watcher.py:_on_file_modified():295] file/dir modified: /Users/aklywtx/Desktop/VLM_Bias_research/NN_pretrain/wandb/run-20241116_215233-bc3lpx3w/files/wandb-summary.json
2024-11-16 21:53:14,254 INFO    Thread-12 :89436 [dir_watcher.py:_on_file_modified():295] file/dir modified: /Users/aklywtx/Desktop/VLM_Bias_research/NN_pretrain/wandb/run-20241116_215233-bc3lpx3w/files/output.log
2024-11-16 21:53:14,851 DEBUG   HandlerThread:89436 [handler.py:handle_request():144] handle_request: status_report
2024-11-16 21:53:15,195 DEBUG   HandlerThread:89436 [handler.py:handle_request():144] handle_request: partial_history
2024-11-16 21:53:15,196 DEBUG   SenderThread:89436 [sender.py:send():375] send: history
2024-11-16 21:53:15,196 DEBUG   SenderThread:89436 [sender.py:send_request():402] send_request: summary_record
2024-11-16 21:53:15,197 INFO    SenderThread:89436 [sender.py:_save_file():1378] saving file wandb-summary.json with policy end
2024-11-16 21:53:15,259 INFO    Thread-12 :89436 [dir_watcher.py:_on_file_modified():295] file/dir modified: /Users/aklywtx/Desktop/VLM_Bias_research/NN_pretrain/wandb/run-20241116_215233-bc3lpx3w/files/wandb-summary.json
2024-11-16 21:53:16,261 INFO    Thread-12 :89436 [dir_watcher.py:_on_file_modified():295] file/dir modified: /Users/aklywtx/Desktop/VLM_Bias_research/NN_pretrain/wandb/run-20241116_215233-bc3lpx3w/files/output.log
2024-11-16 21:53:17,031 DEBUG   HandlerThread:89436 [handler.py:handle_request():144] handle_request: partial_history
2024-11-16 21:53:17,032 DEBUG   SenderThread:89436 [sender.py:send():375] send: history
2024-11-16 21:53:17,032 DEBUG   SenderThread:89436 [sender.py:send_request():402] send_request: summary_record
2024-11-16 21:53:17,033 INFO    SenderThread:89436 [sender.py:_save_file():1378] saving file wandb-summary.json with policy end
2024-11-16 21:53:17,262 INFO    Thread-12 :89436 [dir_watcher.py:_on_file_modified():295] file/dir modified: /Users/aklywtx/Desktop/VLM_Bias_research/NN_pretrain/wandb/run-20241116_215233-bc3lpx3w/files/wandb-summary.json
2024-11-16 21:53:18,267 INFO    Thread-12 :89436 [dir_watcher.py:_on_file_modified():295] file/dir modified: /Users/aklywtx/Desktop/VLM_Bias_research/NN_pretrain/wandb/run-20241116_215233-bc3lpx3w/files/output.log
2024-11-16 21:53:18,942 DEBUG   HandlerThread:89436 [handler.py:handle_request():144] handle_request: partial_history
2024-11-16 21:53:18,943 DEBUG   SenderThread:89436 [sender.py:send():375] send: history
2024-11-16 21:53:18,943 DEBUG   SenderThread:89436 [sender.py:send_request():402] send_request: summary_record
2024-11-16 21:53:18,943 INFO    SenderThread:89436 [sender.py:_save_file():1378] saving file wandb-summary.json with policy end
2024-11-16 21:53:19,272 INFO    Thread-12 :89436 [dir_watcher.py:_on_file_modified():295] file/dir modified: /Users/aklywtx/Desktop/VLM_Bias_research/NN_pretrain/wandb/run-20241116_215233-bc3lpx3w/files/wandb-summary.json
2024-11-16 21:53:19,893 DEBUG   HandlerThread:89436 [handler.py:handle_request():144] handle_request: status_report
2024-11-16 21:53:20,277 INFO    Thread-12 :89436 [dir_watcher.py:_on_file_modified():295] file/dir modified: /Users/aklywtx/Desktop/VLM_Bias_research/NN_pretrain/wandb/run-20241116_215233-bc3lpx3w/files/output.log
2024-11-16 21:53:20,792 DEBUG   HandlerThread:89436 [handler.py:handle_request():144] handle_request: partial_history
2024-11-16 21:53:20,793 DEBUG   SenderThread:89436 [sender.py:send():375] send: history
2024-11-16 21:53:20,793 DEBUG   SenderThread:89436 [sender.py:send_request():402] send_request: summary_record
2024-11-16 21:53:20,793 INFO    SenderThread:89436 [sender.py:_save_file():1378] saving file wandb-summary.json with policy end
2024-11-16 21:53:21,282 INFO    Thread-12 :89436 [dir_watcher.py:_on_file_modified():295] file/dir modified: /Users/aklywtx/Desktop/VLM_Bias_research/NN_pretrain/wandb/run-20241116_215233-bc3lpx3w/files/wandb-summary.json
2024-11-16 21:53:22,102 DEBUG   HandlerThread:89436 [handler.py:handle_request():144] handle_request: stop_status
2024-11-16 21:53:22,102 DEBUG   SenderThread:89436 [sender.py:send_request():402] send_request: stop_status
2024-11-16 21:53:22,287 INFO    Thread-12 :89436 [dir_watcher.py:_on_file_modified():295] file/dir modified: /Users/aklywtx/Desktop/VLM_Bias_research/NN_pretrain/wandb/run-20241116_215233-bc3lpx3w/files/output.log
2024-11-16 21:53:22,701 DEBUG   HandlerThread:89436 [handler.py:handle_request():144] handle_request: partial_history
2024-11-16 21:53:22,702 DEBUG   SenderThread:89436 [sender.py:send():375] send: history
2024-11-16 21:53:22,702 DEBUG   SenderThread:89436 [sender.py:send_request():402] send_request: summary_record
2024-11-16 21:53:22,703 INFO    SenderThread:89436 [sender.py:_save_file():1378] saving file wandb-summary.json with policy end
2024-11-16 21:53:23,292 INFO    Thread-12 :89436 [dir_watcher.py:_on_file_modified():295] file/dir modified: /Users/aklywtx/Desktop/VLM_Bias_research/NN_pretrain/wandb/run-20241116_215233-bc3lpx3w/files/wandb-summary.json
2024-11-16 21:53:24,297 INFO    Thread-12 :89436 [dir_watcher.py:_on_file_modified():295] file/dir modified: /Users/aklywtx/Desktop/VLM_Bias_research/NN_pretrain/wandb/run-20241116_215233-bc3lpx3w/files/output.log
2024-11-16 21:53:24,564 DEBUG   HandlerThread:89436 [handler.py:handle_request():144] handle_request: partial_history
2024-11-16 21:53:24,564 DEBUG   SenderThread:89436 [sender.py:send():375] send: history
2024-11-16 21:53:24,564 DEBUG   SenderThread:89436 [sender.py:send_request():402] send_request: summary_record
2024-11-16 21:53:24,565 INFO    SenderThread:89436 [sender.py:_save_file():1378] saving file wandb-summary.json with policy end
2024-11-16 21:53:24,908 DEBUG   HandlerThread:89436 [handler.py:handle_request():144] handle_request: status_report
2024-11-16 21:53:25,302 INFO    Thread-12 :89436 [dir_watcher.py:_on_file_modified():295] file/dir modified: /Users/aklywtx/Desktop/VLM_Bias_research/NN_pretrain/wandb/run-20241116_215233-bc3lpx3w/files/wandb-summary.json
2024-11-16 21:53:26,307 INFO    Thread-12 :89436 [dir_watcher.py:_on_file_modified():295] file/dir modified: /Users/aklywtx/Desktop/VLM_Bias_research/NN_pretrain/wandb/run-20241116_215233-bc3lpx3w/files/output.log
2024-11-16 21:53:26,423 DEBUG   HandlerThread:89436 [handler.py:handle_request():144] handle_request: partial_history
2024-11-16 21:53:26,424 DEBUG   SenderThread:89436 [sender.py:send():375] send: history
2024-11-16 21:53:26,424 DEBUG   SenderThread:89436 [sender.py:send_request():402] send_request: summary_record
2024-11-16 21:53:26,424 INFO    SenderThread:89436 [sender.py:_save_file():1378] saving file wandb-summary.json with policy end
2024-11-16 21:53:27,310 INFO    Thread-12 :89436 [dir_watcher.py:_on_file_modified():295] file/dir modified: /Users/aklywtx/Desktop/VLM_Bias_research/NN_pretrain/wandb/run-20241116_215233-bc3lpx3w/files/wandb-summary.json
2024-11-16 21:53:28,290 DEBUG   HandlerThread:89436 [handler.py:handle_request():144] handle_request: partial_history
2024-11-16 21:53:28,291 DEBUG   SenderThread:89436 [sender.py:send():375] send: history
2024-11-16 21:53:28,291 DEBUG   SenderThread:89436 [sender.py:send_request():402] send_request: summary_record
2024-11-16 21:53:28,291 INFO    SenderThread:89436 [sender.py:_save_file():1378] saving file wandb-summary.json with policy end
2024-11-16 21:53:28,315 INFO    Thread-12 :89436 [dir_watcher.py:_on_file_modified():295] file/dir modified: /Users/aklywtx/Desktop/VLM_Bias_research/NN_pretrain/wandb/run-20241116_215233-bc3lpx3w/files/wandb-summary.json
2024-11-16 21:53:28,316 INFO    Thread-12 :89436 [dir_watcher.py:_on_file_modified():295] file/dir modified: /Users/aklywtx/Desktop/VLM_Bias_research/NN_pretrain/wandb/run-20241116_215233-bc3lpx3w/files/output.log
2024-11-16 21:53:29,952 DEBUG   HandlerThread:89436 [handler.py:handle_request():144] handle_request: status_report
2024-11-16 21:53:30,156 DEBUG   HandlerThread:89436 [handler.py:handle_request():144] handle_request: partial_history
2024-11-16 21:53:30,156 DEBUG   SenderThread:89436 [sender.py:send():375] send: history
2024-11-16 21:53:30,156 DEBUG   SenderThread:89436 [sender.py:send_request():402] send_request: summary_record
2024-11-16 21:53:30,157 INFO    SenderThread:89436 [sender.py:_save_file():1378] saving file wandb-summary.json with policy end
2024-11-16 21:53:30,326 INFO    Thread-12 :89436 [dir_watcher.py:_on_file_modified():295] file/dir modified: /Users/aklywtx/Desktop/VLM_Bias_research/NN_pretrain/wandb/run-20241116_215233-bc3lpx3w/files/wandb-summary.json
2024-11-16 21:53:30,326 INFO    Thread-12 :89436 [dir_watcher.py:_on_file_modified():295] file/dir modified: /Users/aklywtx/Desktop/VLM_Bias_research/NN_pretrain/wandb/run-20241116_215233-bc3lpx3w/files/output.log
2024-11-16 21:53:32,027 DEBUG   HandlerThread:89436 [handler.py:handle_request():144] handle_request: partial_history
2024-11-16 21:53:32,028 DEBUG   SenderThread:89436 [sender.py:send():375] send: history
2024-11-16 21:53:32,028 DEBUG   SenderThread:89436 [sender.py:send_request():402] send_request: summary_record
2024-11-16 21:53:32,028 INFO    SenderThread:89436 [sender.py:_save_file():1378] saving file wandb-summary.json with policy end
2024-11-16 21:53:32,336 INFO    Thread-12 :89436 [dir_watcher.py:_on_file_modified():295] file/dir modified: /Users/aklywtx/Desktop/VLM_Bias_research/NN_pretrain/wandb/run-20241116_215233-bc3lpx3w/files/wandb-summary.json
2024-11-16 21:53:32,337 INFO    Thread-12 :89436 [dir_watcher.py:_on_file_modified():295] file/dir modified: /Users/aklywtx/Desktop/VLM_Bias_research/NN_pretrain/wandb/run-20241116_215233-bc3lpx3w/files/output.log
2024-11-16 21:53:33,912 DEBUG   HandlerThread:89436 [handler.py:handle_request():144] handle_request: partial_history
2024-11-16 21:53:33,913 DEBUG   SenderThread:89436 [sender.py:send():375] send: history
2024-11-16 21:53:33,913 DEBUG   SenderThread:89436 [sender.py:send_request():402] send_request: summary_record
2024-11-16 21:53:33,914 INFO    SenderThread:89436 [sender.py:_save_file():1378] saving file wandb-summary.json with policy end
2024-11-16 21:53:34,153 DEBUG   SystemMonitor:89436 [system_monitor.py:_start():159] Starting system metrics aggregation loop
2024-11-16 21:53:34,153 DEBUG   SenderThread:89436 [sender.py:send():375] send: stats
2024-11-16 21:53:34,342 INFO    Thread-12 :89436 [dir_watcher.py:_on_file_modified():295] file/dir modified: /Users/aklywtx/Desktop/VLM_Bias_research/NN_pretrain/wandb/run-20241116_215233-bc3lpx3w/files/wandb-summary.json
2024-11-16 21:53:34,342 INFO    Thread-12 :89436 [dir_watcher.py:_on_file_modified():295] file/dir modified: /Users/aklywtx/Desktop/VLM_Bias_research/NN_pretrain/wandb/run-20241116_215233-bc3lpx3w/files/output.log
2024-11-16 21:53:35,098 DEBUG   HandlerThread:89436 [handler.py:handle_request():144] handle_request: status_report
2024-11-16 21:53:35,994 DEBUG   HandlerThread:89436 [handler.py:handle_request():144] handle_request: partial_history
2024-11-16 21:53:35,995 DEBUG   SenderThread:89436 [sender.py:send():375] send: history
2024-11-16 21:53:35,995 DEBUG   SenderThread:89436 [sender.py:send_request():402] send_request: summary_record
2024-11-16 21:53:35,995 INFO    SenderThread:89436 [sender.py:_save_file():1378] saving file wandb-summary.json with policy end
2024-11-16 21:53:36,347 INFO    Thread-12 :89436 [dir_watcher.py:_on_file_modified():295] file/dir modified: /Users/aklywtx/Desktop/VLM_Bias_research/NN_pretrain/wandb/run-20241116_215233-bc3lpx3w/files/wandb-summary.json
2024-11-16 21:53:36,347 INFO    Thread-12 :89436 [dir_watcher.py:_on_file_modified():295] file/dir modified: /Users/aklywtx/Desktop/VLM_Bias_research/NN_pretrain/wandb/run-20241116_215233-bc3lpx3w/files/output.log
2024-11-16 21:53:37,107 DEBUG   HandlerThread:89436 [handler.py:handle_request():144] handle_request: stop_status
2024-11-16 21:53:37,107 DEBUG   SenderThread:89436 [sender.py:send_request():402] send_request: stop_status
2024-11-16 21:53:37,938 DEBUG   HandlerThread:89436 [handler.py:handle_request():144] handle_request: partial_history
2024-11-16 21:53:37,939 DEBUG   SenderThread:89436 [sender.py:send():375] send: history
2024-11-16 21:53:37,939 DEBUG   SenderThread:89436 [sender.py:send_request():402] send_request: summary_record
2024-11-16 21:53:37,939 INFO    SenderThread:89436 [sender.py:_save_file():1378] saving file wandb-summary.json with policy end
2024-11-16 21:53:38,350 INFO    Thread-12 :89436 [dir_watcher.py:_on_file_modified():295] file/dir modified: /Users/aklywtx/Desktop/VLM_Bias_research/NN_pretrain/wandb/run-20241116_215233-bc3lpx3w/files/wandb-summary.json
2024-11-16 21:53:38,350 INFO    Thread-12 :89436 [dir_watcher.py:_on_file_modified():295] file/dir modified: /Users/aklywtx/Desktop/VLM_Bias_research/NN_pretrain/wandb/run-20241116_215233-bc3lpx3w/files/output.log
2024-11-16 21:53:39,798 DEBUG   HandlerThread:89436 [handler.py:handle_request():144] handle_request: partial_history
2024-11-16 21:53:39,799 DEBUG   SenderThread:89436 [sender.py:send():375] send: history
2024-11-16 21:53:39,799 DEBUG   SenderThread:89436 [sender.py:send_request():402] send_request: summary_record
2024-11-16 21:53:39,799 INFO    SenderThread:89436 [sender.py:_save_file():1378] saving file wandb-summary.json with policy end
2024-11-16 21:53:40,165 DEBUG   HandlerThread:89436 [handler.py:handle_request():144] handle_request: status_report
2024-11-16 21:53:40,357 INFO    Thread-12 :89436 [dir_watcher.py:_on_file_modified():295] file/dir modified: /Users/aklywtx/Desktop/VLM_Bias_research/NN_pretrain/wandb/run-20241116_215233-bc3lpx3w/files/wandb-summary.json
2024-11-16 21:53:40,357 INFO    Thread-12 :89436 [dir_watcher.py:_on_file_modified():295] file/dir modified: /Users/aklywtx/Desktop/VLM_Bias_research/NN_pretrain/wandb/run-20241116_215233-bc3lpx3w/files/output.log
2024-11-16 21:53:41,635 DEBUG   HandlerThread:89436 [handler.py:handle_request():144] handle_request: partial_history
2024-11-16 21:53:41,636 DEBUG   SenderThread:89436 [sender.py:send():375] send: history
2024-11-16 21:53:41,636 DEBUG   SenderThread:89436 [sender.py:send_request():402] send_request: summary_record
2024-11-16 21:53:41,636 INFO    SenderThread:89436 [sender.py:_save_file():1378] saving file wandb-summary.json with policy end
2024-11-16 21:53:42,367 INFO    Thread-12 :89436 [dir_watcher.py:_on_file_modified():295] file/dir modified: /Users/aklywtx/Desktop/VLM_Bias_research/NN_pretrain/wandb/run-20241116_215233-bc3lpx3w/files/wandb-summary.json
2024-11-16 21:53:42,367 INFO    Thread-12 :89436 [dir_watcher.py:_on_file_modified():295] file/dir modified: /Users/aklywtx/Desktop/VLM_Bias_research/NN_pretrain/wandb/run-20241116_215233-bc3lpx3w/files/output.log
2024-11-16 21:53:43,510 DEBUG   HandlerThread:89436 [handler.py:handle_request():144] handle_request: partial_history
2024-11-16 21:53:43,511 DEBUG   SenderThread:89436 [sender.py:send():375] send: history
2024-11-16 21:53:43,511 DEBUG   SenderThread:89436 [sender.py:send_request():402] send_request: summary_record
2024-11-16 21:53:43,512 INFO    SenderThread:89436 [sender.py:_save_file():1378] saving file wandb-summary.json with policy end
2024-11-16 21:53:44,373 INFO    Thread-12 :89436 [dir_watcher.py:_on_file_modified():295] file/dir modified: /Users/aklywtx/Desktop/VLM_Bias_research/NN_pretrain/wandb/run-20241116_215233-bc3lpx3w/files/wandb-summary.json
2024-11-16 21:53:44,373 INFO    Thread-12 :89436 [dir_watcher.py:_on_file_modified():295] file/dir modified: /Users/aklywtx/Desktop/VLM_Bias_research/NN_pretrain/wandb/run-20241116_215233-bc3lpx3w/files/output.log
2024-11-16 21:53:45,186 DEBUG   HandlerThread:89436 [handler.py:handle_request():144] handle_request: status_report
2024-11-16 21:53:45,514 DEBUG   HandlerThread:89436 [handler.py:handle_request():144] handle_request: partial_history
2024-11-16 21:53:45,515 DEBUG   SenderThread:89436 [sender.py:send():375] send: history
2024-11-16 21:53:45,515 DEBUG   SenderThread:89436 [sender.py:send_request():402] send_request: summary_record
2024-11-16 21:53:45,515 INFO    SenderThread:89436 [sender.py:_save_file():1378] saving file wandb-summary.json with policy end
2024-11-16 21:53:46,383 INFO    Thread-12 :89436 [dir_watcher.py:_on_file_modified():295] file/dir modified: /Users/aklywtx/Desktop/VLM_Bias_research/NN_pretrain/wandb/run-20241116_215233-bc3lpx3w/files/wandb-summary.json
2024-11-16 21:53:46,383 INFO    Thread-12 :89436 [dir_watcher.py:_on_file_modified():295] file/dir modified: /Users/aklywtx/Desktop/VLM_Bias_research/NN_pretrain/wandb/run-20241116_215233-bc3lpx3w/files/output.log
2024-11-16 21:53:47,366 DEBUG   HandlerThread:89436 [handler.py:handle_request():144] handle_request: partial_history
2024-11-16 21:53:47,367 DEBUG   SenderThread:89436 [sender.py:send():375] send: history
2024-11-16 21:53:47,367 DEBUG   SenderThread:89436 [sender.py:send_request():402] send_request: summary_record
2024-11-16 21:53:47,367 INFO    SenderThread:89436 [sender.py:_save_file():1378] saving file wandb-summary.json with policy end
2024-11-16 21:53:47,388 INFO    Thread-12 :89436 [dir_watcher.py:_on_file_modified():295] file/dir modified: /Users/aklywtx/Desktop/VLM_Bias_research/NN_pretrain/wandb/run-20241116_215233-bc3lpx3w/files/wandb-summary.json
2024-11-16 21:53:48,394 INFO    Thread-12 :89436 [dir_watcher.py:_on_file_modified():295] file/dir modified: /Users/aklywtx/Desktop/VLM_Bias_research/NN_pretrain/wandb/run-20241116_215233-bc3lpx3w/files/output.log
2024-11-16 21:53:49,398 DEBUG   HandlerThread:89436 [handler.py:handle_request():144] handle_request: partial_history
2024-11-16 21:53:49,399 DEBUG   SenderThread:89436 [sender.py:send():375] send: history
2024-11-16 21:53:49,399 DEBUG   SenderThread:89436 [sender.py:send_request():402] send_request: summary_record
2024-11-16 21:53:49,399 INFO    Thread-12 :89436 [dir_watcher.py:_on_file_modified():295] file/dir modified: /Users/aklywtx/Desktop/VLM_Bias_research/NN_pretrain/wandb/run-20241116_215233-bc3lpx3w/files/wandb-summary.json
2024-11-16 21:53:49,399 INFO    SenderThread:89436 [sender.py:_save_file():1378] saving file wandb-summary.json with policy end
2024-11-16 21:53:50,233 DEBUG   HandlerThread:89436 [handler.py:handle_request():144] handle_request: status_report
2024-11-16 21:53:50,404 INFO    Thread-12 :89436 [dir_watcher.py:_on_file_modified():295] file/dir modified: /Users/aklywtx/Desktop/VLM_Bias_research/NN_pretrain/wandb/run-20241116_215233-bc3lpx3w/files/wandb-summary.json
2024-11-16 21:53:50,405 INFO    Thread-12 :89436 [dir_watcher.py:_on_file_modified():295] file/dir modified: /Users/aklywtx/Desktop/VLM_Bias_research/NN_pretrain/wandb/run-20241116_215233-bc3lpx3w/files/output.log
2024-11-16 21:53:51,387 DEBUG   HandlerThread:89436 [handler.py:handle_request():144] handle_request: partial_history
2024-11-16 21:53:51,388 DEBUG   SenderThread:89436 [sender.py:send():375] send: history
2024-11-16 21:53:51,388 DEBUG   SenderThread:89436 [sender.py:send_request():402] send_request: summary_record
2024-11-16 21:53:51,388 INFO    SenderThread:89436 [sender.py:_save_file():1378] saving file wandb-summary.json with policy end
2024-11-16 21:53:51,410 INFO    Thread-12 :89436 [dir_watcher.py:_on_file_modified():295] file/dir modified: /Users/aklywtx/Desktop/VLM_Bias_research/NN_pretrain/wandb/run-20241116_215233-bc3lpx3w/files/wandb-summary.json
2024-11-16 21:53:52,110 DEBUG   HandlerThread:89436 [handler.py:handle_request():144] handle_request: stop_status
2024-11-16 21:53:52,110 DEBUG   SenderThread:89436 [sender.py:send_request():402] send_request: stop_status
2024-11-16 21:53:52,415 INFO    Thread-12 :89436 [dir_watcher.py:_on_file_modified():295] file/dir modified: /Users/aklywtx/Desktop/VLM_Bias_research/NN_pretrain/wandb/run-20241116_215233-bc3lpx3w/files/output.log
2024-11-16 21:53:53,399 DEBUG   HandlerThread:89436 [handler.py:handle_request():144] handle_request: partial_history
2024-11-16 21:53:53,400 DEBUG   SenderThread:89436 [sender.py:send():375] send: history
2024-11-16 21:53:53,400 DEBUG   SenderThread:89436 [sender.py:send_request():402] send_request: summary_record
2024-11-16 21:53:53,400 INFO    SenderThread:89436 [sender.py:_save_file():1378] saving file wandb-summary.json with policy end
2024-11-16 21:53:53,420 INFO    Thread-12 :89436 [dir_watcher.py:_on_file_modified():295] file/dir modified: /Users/aklywtx/Desktop/VLM_Bias_research/NN_pretrain/wandb/run-20241116_215233-bc3lpx3w/files/wandb-summary.json
2024-11-16 21:53:54,425 INFO    Thread-12 :89436 [dir_watcher.py:_on_file_modified():295] file/dir modified: /Users/aklywtx/Desktop/VLM_Bias_research/NN_pretrain/wandb/run-20241116_215233-bc3lpx3w/files/output.log
2024-11-16 21:53:55,263 DEBUG   HandlerThread:89436 [handler.py:handle_request():144] handle_request: status_report
2024-11-16 21:53:55,386 DEBUG   HandlerThread:89436 [handler.py:handle_request():144] handle_request: partial_history
2024-11-16 21:53:55,388 DEBUG   SenderThread:89436 [sender.py:send():375] send: history
2024-11-16 21:53:55,388 DEBUG   SenderThread:89436 [sender.py:send_request():402] send_request: summary_record
2024-11-16 21:53:55,388 INFO    SenderThread:89436 [sender.py:_save_file():1378] saving file wandb-summary.json with policy end
2024-11-16 21:53:55,431 INFO    Thread-12 :89436 [dir_watcher.py:_on_file_modified():295] file/dir modified: /Users/aklywtx/Desktop/VLM_Bias_research/NN_pretrain/wandb/run-20241116_215233-bc3lpx3w/files/wandb-summary.json
2024-11-16 21:53:56,433 INFO    Thread-12 :89436 [dir_watcher.py:_on_file_modified():295] file/dir modified: /Users/aklywtx/Desktop/VLM_Bias_research/NN_pretrain/wandb/run-20241116_215233-bc3lpx3w/files/output.log
2024-11-16 21:53:57,373 DEBUG   HandlerThread:89436 [handler.py:handle_request():144] handle_request: partial_history
2024-11-16 21:53:57,374 DEBUG   SenderThread:89436 [sender.py:send():375] send: history
2024-11-16 21:53:57,374 DEBUG   SenderThread:89436 [sender.py:send_request():402] send_request: summary_record
2024-11-16 21:53:57,374 INFO    SenderThread:89436 [sender.py:_save_file():1378] saving file wandb-summary.json with policy end
2024-11-16 21:53:57,438 INFO    Thread-12 :89436 [dir_watcher.py:_on_file_modified():295] file/dir modified: /Users/aklywtx/Desktop/VLM_Bias_research/NN_pretrain/wandb/run-20241116_215233-bc3lpx3w/files/wandb-summary.json
2024-11-16 21:53:58,441 INFO    Thread-12 :89436 [dir_watcher.py:_on_file_modified():295] file/dir modified: /Users/aklywtx/Desktop/VLM_Bias_research/NN_pretrain/wandb/run-20241116_215233-bc3lpx3w/files/output.log
2024-11-16 21:53:59,392 DEBUG   HandlerThread:89436 [handler.py:handle_request():144] handle_request: partial_history
2024-11-16 21:53:59,393 DEBUG   SenderThread:89436 [sender.py:send():375] send: history
2024-11-16 21:53:59,393 DEBUG   SenderThread:89436 [sender.py:send_request():402] send_request: summary_record
2024-11-16 21:53:59,394 INFO    SenderThread:89436 [sender.py:_save_file():1378] saving file wandb-summary.json with policy end
2024-11-16 21:53:59,446 INFO    Thread-12 :89436 [dir_watcher.py:_on_file_modified():295] file/dir modified: /Users/aklywtx/Desktop/VLM_Bias_research/NN_pretrain/wandb/run-20241116_215233-bc3lpx3w/files/wandb-summary.json
2024-11-16 21:54:00,357 DEBUG   HandlerThread:89436 [handler.py:handle_request():144] handle_request: status_report
2024-11-16 21:54:00,448 INFO    Thread-12 :89436 [dir_watcher.py:_on_file_modified():295] file/dir modified: /Users/aklywtx/Desktop/VLM_Bias_research/NN_pretrain/wandb/run-20241116_215233-bc3lpx3w/files/output.log
2024-11-16 21:54:01,389 DEBUG   HandlerThread:89436 [handler.py:handle_request():144] handle_request: partial_history
2024-11-16 21:54:01,390 DEBUG   SenderThread:89436 [sender.py:send():375] send: history
2024-11-16 21:54:01,390 DEBUG   SenderThread:89436 [sender.py:send_request():402] send_request: summary_record
2024-11-16 21:54:01,391 INFO    SenderThread:89436 [sender.py:_save_file():1378] saving file wandb-summary.json with policy end
2024-11-16 21:54:01,453 INFO    Thread-12 :89436 [dir_watcher.py:_on_file_modified():295] file/dir modified: /Users/aklywtx/Desktop/VLM_Bias_research/NN_pretrain/wandb/run-20241116_215233-bc3lpx3w/files/wandb-summary.json
2024-11-16 21:54:02,457 INFO    Thread-12 :89436 [dir_watcher.py:_on_file_modified():295] file/dir modified: /Users/aklywtx/Desktop/VLM_Bias_research/NN_pretrain/wandb/run-20241116_215233-bc3lpx3w/files/output.log
2024-11-16 21:54:03,388 DEBUG   HandlerThread:89436 [handler.py:handle_request():144] handle_request: partial_history
2024-11-16 21:54:03,389 DEBUG   SenderThread:89436 [sender.py:send():375] send: history
2024-11-16 21:54:03,389 DEBUG   SenderThread:89436 [sender.py:send_request():402] send_request: summary_record
2024-11-16 21:54:03,389 INFO    SenderThread:89436 [sender.py:_save_file():1378] saving file wandb-summary.json with policy end
2024-11-16 21:54:03,459 INFO    Thread-12 :89436 [dir_watcher.py:_on_file_modified():295] file/dir modified: /Users/aklywtx/Desktop/VLM_Bias_research/NN_pretrain/wandb/run-20241116_215233-bc3lpx3w/files/wandb-summary.json
2024-11-16 21:54:04,159 DEBUG   SenderThread:89436 [sender.py:send():375] send: stats
2024-11-16 21:54:04,464 INFO    Thread-12 :89436 [dir_watcher.py:_on_file_modified():295] file/dir modified: /Users/aklywtx/Desktop/VLM_Bias_research/NN_pretrain/wandb/run-20241116_215233-bc3lpx3w/files/output.log
2024-11-16 21:54:05,395 DEBUG   HandlerThread:89436 [handler.py:handle_request():144] handle_request: status_report
2024-11-16 21:54:05,396 DEBUG   HandlerThread:89436 [handler.py:handle_request():144] handle_request: partial_history
2024-11-16 21:54:05,397 DEBUG   SenderThread:89436 [sender.py:send():375] send: history
2024-11-16 21:54:05,397 DEBUG   SenderThread:89436 [sender.py:send_request():402] send_request: summary_record
2024-11-16 21:54:05,397 INFO    SenderThread:89436 [sender.py:_save_file():1378] saving file wandb-summary.json with policy end
2024-11-16 21:54:05,469 INFO    Thread-12 :89436 [dir_watcher.py:_on_file_modified():295] file/dir modified: /Users/aklywtx/Desktop/VLM_Bias_research/NN_pretrain/wandb/run-20241116_215233-bc3lpx3w/files/wandb-summary.json
2024-11-16 21:54:06,474 INFO    Thread-12 :89436 [dir_watcher.py:_on_file_modified():295] file/dir modified: /Users/aklywtx/Desktop/VLM_Bias_research/NN_pretrain/wandb/run-20241116_215233-bc3lpx3w/files/output.log
2024-11-16 21:54:07,114 DEBUG   HandlerThread:89436 [handler.py:handle_request():144] handle_request: stop_status
2024-11-16 21:54:07,115 DEBUG   SenderThread:89436 [sender.py:send_request():402] send_request: stop_status
2024-11-16 21:54:07,491 DEBUG   HandlerThread:89436 [handler.py:handle_request():144] handle_request: partial_history
2024-11-16 21:54:07,491 DEBUG   SenderThread:89436 [sender.py:send():375] send: history
2024-11-16 21:54:07,492 DEBUG   SenderThread:89436 [sender.py:send_request():402] send_request: summary_record
2024-11-16 21:54:07,492 INFO    SenderThread:89436 [sender.py:_save_file():1378] saving file wandb-summary.json with policy end
2024-11-16 21:54:08,484 INFO    Thread-12 :89436 [dir_watcher.py:_on_file_modified():295] file/dir modified: /Users/aklywtx/Desktop/VLM_Bias_research/NN_pretrain/wandb/run-20241116_215233-bc3lpx3w/files/wandb-summary.json
2024-11-16 21:54:08,484 INFO    Thread-12 :89436 [dir_watcher.py:_on_file_modified():295] file/dir modified: /Users/aklywtx/Desktop/VLM_Bias_research/NN_pretrain/wandb/run-20241116_215233-bc3lpx3w/files/output.log
2024-11-16 21:54:09,512 DEBUG   HandlerThread:89436 [handler.py:handle_request():144] handle_request: partial_history
2024-11-16 21:54:09,513 DEBUG   SenderThread:89436 [sender.py:send():375] send: history
2024-11-16 21:54:09,513 DEBUG   SenderThread:89436 [sender.py:send_request():402] send_request: summary_record
2024-11-16 21:54:09,513 INFO    SenderThread:89436 [sender.py:_save_file():1378] saving file wandb-summary.json with policy end
2024-11-16 21:54:10,476 DEBUG   HandlerThread:89436 [handler.py:handle_request():144] handle_request: status_report
2024-11-16 21:54:10,490 INFO    Thread-12 :89436 [dir_watcher.py:_on_file_modified():295] file/dir modified: /Users/aklywtx/Desktop/VLM_Bias_research/NN_pretrain/wandb/run-20241116_215233-bc3lpx3w/files/wandb-summary.json
2024-11-16 21:54:10,490 INFO    Thread-12 :89436 [dir_watcher.py:_on_file_modified():295] file/dir modified: /Users/aklywtx/Desktop/VLM_Bias_research/NN_pretrain/wandb/run-20241116_215233-bc3lpx3w/files/output.log
2024-11-16 21:54:11,517 DEBUG   HandlerThread:89436 [handler.py:handle_request():144] handle_request: partial_history
2024-11-16 21:54:11,518 DEBUG   SenderThread:89436 [sender.py:send():375] send: history
2024-11-16 21:54:11,518 DEBUG   SenderThread:89436 [sender.py:send_request():402] send_request: summary_record
2024-11-16 21:54:11,518 INFO    SenderThread:89436 [sender.py:_save_file():1378] saving file wandb-summary.json with policy end
2024-11-16 21:54:12,500 INFO    Thread-12 :89436 [dir_watcher.py:_on_file_modified():295] file/dir modified: /Users/aklywtx/Desktop/VLM_Bias_research/NN_pretrain/wandb/run-20241116_215233-bc3lpx3w/files/wandb-summary.json
2024-11-16 21:54:12,501 INFO    Thread-12 :89436 [dir_watcher.py:_on_file_modified():295] file/dir modified: /Users/aklywtx/Desktop/VLM_Bias_research/NN_pretrain/wandb/run-20241116_215233-bc3lpx3w/files/output.log
2024-11-16 21:54:13,469 DEBUG   HandlerThread:89436 [handler.py:handle_request():144] handle_request: partial_history
2024-11-16 21:54:13,470 DEBUG   SenderThread:89436 [sender.py:send():375] send: history
2024-11-16 21:54:13,470 DEBUG   SenderThread:89436 [sender.py:send_request():402] send_request: summary_record
2024-11-16 21:54:13,470 INFO    SenderThread:89436 [sender.py:_save_file():1378] saving file wandb-summary.json with policy end
2024-11-16 21:54:13,506 INFO    Thread-12 :89436 [dir_watcher.py:_on_file_modified():295] file/dir modified: /Users/aklywtx/Desktop/VLM_Bias_research/NN_pretrain/wandb/run-20241116_215233-bc3lpx3w/files/wandb-summary.json
2024-11-16 21:54:14,511 INFO    Thread-12 :89436 [dir_watcher.py:_on_file_modified():295] file/dir modified: /Users/aklywtx/Desktop/VLM_Bias_research/NN_pretrain/wandb/run-20241116_215233-bc3lpx3w/files/output.log
2024-11-16 21:54:15,422 DEBUG   HandlerThread:89436 [handler.py:handle_request():144] handle_request: partial_history
2024-11-16 21:54:15,423 DEBUG   SenderThread:89436 [sender.py:send():375] send: history
2024-11-16 21:54:15,423 DEBUG   SenderThread:89436 [sender.py:send_request():402] send_request: summary_record
2024-11-16 21:54:15,424 INFO    SenderThread:89436 [sender.py:_save_file():1378] saving file wandb-summary.json with policy end
2024-11-16 21:54:15,517 INFO    Thread-12 :89436 [dir_watcher.py:_on_file_modified():295] file/dir modified: /Users/aklywtx/Desktop/VLM_Bias_research/NN_pretrain/wandb/run-20241116_215233-bc3lpx3w/files/wandb-summary.json
2024-11-16 21:54:15,540 DEBUG   HandlerThread:89436 [handler.py:handle_request():144] handle_request: status_report
2024-11-16 21:54:16,522 INFO    Thread-12 :89436 [dir_watcher.py:_on_file_modified():295] file/dir modified: /Users/aklywtx/Desktop/VLM_Bias_research/NN_pretrain/wandb/run-20241116_215233-bc3lpx3w/files/output.log
2024-11-16 21:54:17,327 DEBUG   HandlerThread:89436 [handler.py:handle_request():144] handle_request: partial_history
2024-11-16 21:54:17,328 DEBUG   SenderThread:89436 [sender.py:send():375] send: history
2024-11-16 21:54:17,328 DEBUG   SenderThread:89436 [sender.py:send_request():402] send_request: summary_record
2024-11-16 21:54:17,328 INFO    SenderThread:89436 [sender.py:_save_file():1378] saving file wandb-summary.json with policy end
2024-11-16 21:54:17,527 INFO    Thread-12 :89436 [dir_watcher.py:_on_file_modified():295] file/dir modified: /Users/aklywtx/Desktop/VLM_Bias_research/NN_pretrain/wandb/run-20241116_215233-bc3lpx3w/files/wandb-summary.json
2024-11-16 21:54:18,532 INFO    Thread-12 :89436 [dir_watcher.py:_on_file_modified():295] file/dir modified: /Users/aklywtx/Desktop/VLM_Bias_research/NN_pretrain/wandb/run-20241116_215233-bc3lpx3w/files/output.log
2024-11-16 21:54:19,258 DEBUG   HandlerThread:89436 [handler.py:handle_request():144] handle_request: partial_history
2024-11-16 21:54:19,258 DEBUG   SenderThread:89436 [sender.py:send():375] send: history
2024-11-16 21:54:19,258 DEBUG   SenderThread:89436 [sender.py:send_request():402] send_request: summary_record
2024-11-16 21:54:19,259 INFO    SenderThread:89436 [sender.py:_save_file():1378] saving file wandb-summary.json with policy end
2024-11-16 21:54:19,536 INFO    Thread-12 :89436 [dir_watcher.py:_on_file_modified():295] file/dir modified: /Users/aklywtx/Desktop/VLM_Bias_research/NN_pretrain/wandb/run-20241116_215233-bc3lpx3w/files/wandb-summary.json
2024-11-16 21:54:20,542 INFO    Thread-12 :89436 [dir_watcher.py:_on_file_modified():295] file/dir modified: /Users/aklywtx/Desktop/VLM_Bias_research/NN_pretrain/wandb/run-20241116_215233-bc3lpx3w/files/output.log
2024-11-16 21:54:20,581 DEBUG   HandlerThread:89436 [handler.py:handle_request():144] handle_request: status_report
2024-11-16 21:54:21,284 DEBUG   HandlerThread:89436 [handler.py:handle_request():144] handle_request: partial_history
2024-11-16 21:54:21,285 DEBUG   SenderThread:89436 [sender.py:send():375] send: history
2024-11-16 21:54:21,285 DEBUG   SenderThread:89436 [sender.py:send_request():402] send_request: summary_record
2024-11-16 21:54:21,286 INFO    SenderThread:89436 [sender.py:_save_file():1378] saving file wandb-summary.json with policy end
2024-11-16 21:54:21,545 INFO    Thread-12 :89436 [dir_watcher.py:_on_file_modified():295] file/dir modified: /Users/aklywtx/Desktop/VLM_Bias_research/NN_pretrain/wandb/run-20241116_215233-bc3lpx3w/files/wandb-summary.json
2024-11-16 21:54:22,115 DEBUG   HandlerThread:89436 [handler.py:handle_request():144] handle_request: stop_status
2024-11-16 21:54:22,115 DEBUG   SenderThread:89436 [sender.py:send_request():402] send_request: stop_status
2024-11-16 21:54:22,550 INFO    Thread-12 :89436 [dir_watcher.py:_on_file_modified():295] file/dir modified: /Users/aklywtx/Desktop/VLM_Bias_research/NN_pretrain/wandb/run-20241116_215233-bc3lpx3w/files/output.log
2024-11-16 21:54:23,250 DEBUG   HandlerThread:89436 [handler.py:handle_request():144] handle_request: partial_history
2024-11-16 21:54:23,251 DEBUG   SenderThread:89436 [sender.py:send():375] send: history
2024-11-16 21:54:23,251 DEBUG   SenderThread:89436 [sender.py:send_request():402] send_request: summary_record
2024-11-16 21:54:23,251 INFO    SenderThread:89436 [sender.py:_save_file():1378] saving file wandb-summary.json with policy end
2024-11-16 21:54:23,555 INFO    Thread-12 :89436 [dir_watcher.py:_on_file_modified():295] file/dir modified: /Users/aklywtx/Desktop/VLM_Bias_research/NN_pretrain/wandb/run-20241116_215233-bc3lpx3w/files/wandb-summary.json
2024-11-16 21:54:24,558 INFO    Thread-12 :89436 [dir_watcher.py:_on_file_modified():295] file/dir modified: /Users/aklywtx/Desktop/VLM_Bias_research/NN_pretrain/wandb/run-20241116_215233-bc3lpx3w/files/output.log
2024-11-16 21:54:25,134 DEBUG   HandlerThread:89436 [handler.py:handle_request():144] handle_request: partial_history
2024-11-16 21:54:25,135 DEBUG   SenderThread:89436 [sender.py:send():375] send: history
2024-11-16 21:54:25,135 DEBUG   SenderThread:89436 [sender.py:send_request():402] send_request: summary_record
2024-11-16 21:54:25,136 INFO    SenderThread:89436 [sender.py:_save_file():1378] saving file wandb-summary.json with policy end
2024-11-16 21:54:25,559 INFO    Thread-12 :89436 [dir_watcher.py:_on_file_modified():295] file/dir modified: /Users/aklywtx/Desktop/VLM_Bias_research/NN_pretrain/wandb/run-20241116_215233-bc3lpx3w/files/wandb-summary.json
2024-11-16 21:54:25,601 DEBUG   HandlerThread:89436 [handler.py:handle_request():144] handle_request: status_report
2024-11-16 21:54:26,560 INFO    Thread-12 :89436 [dir_watcher.py:_on_file_modified():295] file/dir modified: /Users/aklywtx/Desktop/VLM_Bias_research/NN_pretrain/wandb/run-20241116_215233-bc3lpx3w/files/output.log
2024-11-16 21:54:26,967 DEBUG   HandlerThread:89436 [handler.py:handle_request():144] handle_request: partial_history
2024-11-16 21:54:26,968 DEBUG   SenderThread:89436 [sender.py:send():375] send: history
2024-11-16 21:54:26,969 DEBUG   SenderThread:89436 [sender.py:send_request():402] send_request: summary_record
2024-11-16 21:54:26,969 INFO    SenderThread:89436 [sender.py:_save_file():1378] saving file wandb-summary.json with policy end
2024-11-16 21:54:27,565 INFO    Thread-12 :89436 [dir_watcher.py:_on_file_modified():295] file/dir modified: /Users/aklywtx/Desktop/VLM_Bias_research/NN_pretrain/wandb/run-20241116_215233-bc3lpx3w/files/wandb-summary.json
2024-11-16 21:54:28,570 INFO    Thread-12 :89436 [dir_watcher.py:_on_file_modified():295] file/dir modified: /Users/aklywtx/Desktop/VLM_Bias_research/NN_pretrain/wandb/run-20241116_215233-bc3lpx3w/files/output.log
2024-11-16 21:54:28,835 DEBUG   HandlerThread:89436 [handler.py:handle_request():144] handle_request: partial_history
2024-11-16 21:54:28,836 DEBUG   SenderThread:89436 [sender.py:send():375] send: history
2024-11-16 21:54:28,836 DEBUG   SenderThread:89436 [sender.py:send_request():402] send_request: summary_record
2024-11-16 21:54:28,836 INFO    SenderThread:89436 [sender.py:_save_file():1378] saving file wandb-summary.json with policy end
2024-11-16 21:54:29,576 INFO    Thread-12 :89436 [dir_watcher.py:_on_file_modified():295] file/dir modified: /Users/aklywtx/Desktop/VLM_Bias_research/NN_pretrain/wandb/run-20241116_215233-bc3lpx3w/files/wandb-summary.json
2024-11-16 21:54:30,577 INFO    Thread-12 :89436 [dir_watcher.py:_on_file_modified():295] file/dir modified: /Users/aklywtx/Desktop/VLM_Bias_research/NN_pretrain/wandb/run-20241116_215233-bc3lpx3w/files/output.log
2024-11-16 21:54:30,661 DEBUG   HandlerThread:89436 [handler.py:handle_request():144] handle_request: partial_history
2024-11-16 21:54:30,662 DEBUG   HandlerThread:89436 [handler.py:handle_request():144] handle_request: status_report
2024-11-16 21:54:30,662 DEBUG   SenderThread:89436 [sender.py:send():375] send: history
2024-11-16 21:54:30,663 DEBUG   SenderThread:89436 [sender.py:send_request():402] send_request: summary_record
2024-11-16 21:54:30,663 INFO    SenderThread:89436 [sender.py:_save_file():1378] saving file wandb-summary.json with policy end
2024-11-16 21:54:31,582 INFO    Thread-12 :89436 [dir_watcher.py:_on_file_modified():295] file/dir modified: /Users/aklywtx/Desktop/VLM_Bias_research/NN_pretrain/wandb/run-20241116_215233-bc3lpx3w/files/wandb-summary.json
2024-11-16 21:54:32,498 DEBUG   HandlerThread:89436 [handler.py:handle_request():144] handle_request: partial_history
2024-11-16 21:54:32,498 DEBUG   SenderThread:89436 [sender.py:send():375] send: history
2024-11-16 21:54:32,499 DEBUG   SenderThread:89436 [sender.py:send_request():402] send_request: summary_record
2024-11-16 21:54:32,499 INFO    SenderThread:89436 [sender.py:_save_file():1378] saving file wandb-summary.json with policy end
2024-11-16 21:54:32,587 INFO    Thread-12 :89436 [dir_watcher.py:_on_file_modified():295] file/dir modified: /Users/aklywtx/Desktop/VLM_Bias_research/NN_pretrain/wandb/run-20241116_215233-bc3lpx3w/files/wandb-summary.json
2024-11-16 21:54:32,587 INFO    Thread-12 :89436 [dir_watcher.py:_on_file_modified():295] file/dir modified: /Users/aklywtx/Desktop/VLM_Bias_research/NN_pretrain/wandb/run-20241116_215233-bc3lpx3w/files/output.log
2024-11-16 21:54:34,164 DEBUG   SenderThread:89436 [sender.py:send():375] send: stats
2024-11-16 21:54:34,354 DEBUG   HandlerThread:89436 [handler.py:handle_request():144] handle_request: partial_history
2024-11-16 21:54:34,355 DEBUG   SenderThread:89436 [sender.py:send():375] send: history
2024-11-16 21:54:34,355 DEBUG   SenderThread:89436 [sender.py:send_request():402] send_request: summary_record
2024-11-16 21:54:34,356 INFO    SenderThread:89436 [sender.py:_save_file():1378] saving file wandb-summary.json with policy end
2024-11-16 21:54:34,595 INFO    Thread-12 :89436 [dir_watcher.py:_on_file_modified():295] file/dir modified: /Users/aklywtx/Desktop/VLM_Bias_research/NN_pretrain/wandb/run-20241116_215233-bc3lpx3w/files/wandb-summary.json
2024-11-16 21:54:34,595 INFO    Thread-12 :89436 [dir_watcher.py:_on_file_modified():295] file/dir modified: /Users/aklywtx/Desktop/VLM_Bias_research/NN_pretrain/wandb/run-20241116_215233-bc3lpx3w/files/output.log
2024-11-16 21:54:35,671 DEBUG   HandlerThread:89436 [handler.py:handle_request():144] handle_request: status_report
2024-11-16 21:54:36,424 DEBUG   HandlerThread:89436 [handler.py:handle_request():144] handle_request: partial_history
2024-11-16 21:54:36,425 DEBUG   SenderThread:89436 [sender.py:send():375] send: history
2024-11-16 21:54:36,425 DEBUG   SenderThread:89436 [sender.py:send_request():402] send_request: summary_record
2024-11-16 21:54:36,426 INFO    SenderThread:89436 [sender.py:_save_file():1378] saving file wandb-summary.json with policy end
2024-11-16 21:54:36,599 INFO    Thread-12 :89436 [dir_watcher.py:_on_file_modified():295] file/dir modified: /Users/aklywtx/Desktop/VLM_Bias_research/NN_pretrain/wandb/run-20241116_215233-bc3lpx3w/files/wandb-summary.json
2024-11-16 21:54:36,599 INFO    Thread-12 :89436 [dir_watcher.py:_on_file_modified():295] file/dir modified: /Users/aklywtx/Desktop/VLM_Bias_research/NN_pretrain/wandb/run-20241116_215233-bc3lpx3w/files/output.log
2024-11-16 21:54:37,120 DEBUG   HandlerThread:89436 [handler.py:handle_request():144] handle_request: stop_status
2024-11-16 21:54:37,121 DEBUG   SenderThread:89436 [sender.py:send_request():402] send_request: stop_status
2024-11-16 21:54:38,416 DEBUG   HandlerThread:89436 [handler.py:handle_request():144] handle_request: partial_history
2024-11-16 21:54:38,417 DEBUG   SenderThread:89436 [sender.py:send():375] send: history
2024-11-16 21:54:38,417 DEBUG   SenderThread:89436 [sender.py:send_request():402] send_request: summary_record
2024-11-16 21:54:38,418 INFO    SenderThread:89436 [sender.py:_save_file():1378] saving file wandb-summary.json with policy end
2024-11-16 21:54:38,609 INFO    Thread-12 :89436 [dir_watcher.py:_on_file_modified():295] file/dir modified: /Users/aklywtx/Desktop/VLM_Bias_research/NN_pretrain/wandb/run-20241116_215233-bc3lpx3w/files/wandb-summary.json
2024-11-16 21:54:38,609 INFO    Thread-12 :89436 [dir_watcher.py:_on_file_modified():295] file/dir modified: /Users/aklywtx/Desktop/VLM_Bias_research/NN_pretrain/wandb/run-20241116_215233-bc3lpx3w/files/output.log
2024-11-16 21:54:39,672 DEBUG   SenderThread:89436 [sender.py:send():375] send: telemetry
2024-11-16 21:54:39,673 DEBUG   SenderThread:89436 [sender.py:send():375] send: exit
2024-11-16 21:54:39,673 INFO    SenderThread:89436 [sender.py:send_exit():598] handling exit code: 0
2024-11-16 21:54:39,673 INFO    SenderThread:89436 [sender.py:send_exit():600] handling runtime: 125
2024-11-16 21:54:39,673 INFO    SenderThread:89436 [sender.py:_save_file():1378] saving file wandb-summary.json with policy end
2024-11-16 21:54:39,673 INFO    SenderThread:89436 [sender.py:send_exit():606] send defer
2024-11-16 21:54:39,673 DEBUG   HandlerThread:89436 [handler.py:handle_request():144] handle_request: defer
2024-11-16 21:54:39,673 INFO    HandlerThread:89436 [handler.py:handle_request_defer():170] handle defer: 0
2024-11-16 21:54:39,674 DEBUG   SenderThread:89436 [sender.py:send_request():402] send_request: defer
2024-11-16 21:54:39,674 INFO    SenderThread:89436 [sender.py:send_request_defer():622] handle sender defer: 0
2024-11-16 21:54:39,674 INFO    SenderThread:89436 [sender.py:transition_state():626] send defer: 1
2024-11-16 21:54:39,674 DEBUG   HandlerThread:89436 [handler.py:handle_request():144] handle_request: defer
2024-11-16 21:54:39,674 INFO    HandlerThread:89436 [handler.py:handle_request_defer():170] handle defer: 1
2024-11-16 21:54:39,674 DEBUG   SenderThread:89436 [sender.py:send_request():402] send_request: defer
2024-11-16 21:54:39,674 INFO    SenderThread:89436 [sender.py:send_request_defer():622] handle sender defer: 1
2024-11-16 21:54:39,674 INFO    SenderThread:89436 [sender.py:transition_state():626] send defer: 2
2024-11-16 21:54:39,674 DEBUG   HandlerThread:89436 [handler.py:handle_request():144] handle_request: defer
2024-11-16 21:54:39,674 INFO    HandlerThread:89436 [handler.py:handle_request_defer():170] handle defer: 2
2024-11-16 21:54:39,674 INFO    HandlerThread:89436 [system_monitor.py:finish():190] Stopping system monitor
2024-11-16 21:54:39,674 DEBUG   SystemMonitor:89436 [system_monitor.py:_start():166] Finished system metrics aggregation loop
2024-11-16 21:54:39,674 DEBUG   SystemMonitor:89436 [system_monitor.py:_start():170] Publishing last batch of metrics
2024-11-16 21:54:39,676 INFO    HandlerThread:89436 [interfaces.py:finish():202] Joined cpu monitor
2024-11-16 21:54:39,676 INFO    HandlerThread:89436 [interfaces.py:finish():202] Joined disk monitor
2024-11-16 21:54:39,676 INFO    HandlerThread:89436 [interfaces.py:finish():202] Joined memory monitor
2024-11-16 21:54:39,676 INFO    HandlerThread:89436 [interfaces.py:finish():202] Joined network monitor
2024-11-16 21:54:39,677 DEBUG   SenderThread:89436 [sender.py:send_request():402] send_request: defer
2024-11-16 21:54:39,677 INFO    SenderThread:89436 [sender.py:send_request_defer():622] handle sender defer: 2
2024-11-16 21:54:39,677 INFO    SenderThread:89436 [sender.py:transition_state():626] send defer: 3
2024-11-16 21:54:39,677 DEBUG   SenderThread:89436 [sender.py:send():375] send: stats
2024-11-16 21:54:39,677 DEBUG   HandlerThread:89436 [handler.py:handle_request():144] handle_request: defer
2024-11-16 21:54:39,678 INFO    HandlerThread:89436 [handler.py:handle_request_defer():170] handle defer: 3
2024-11-16 21:54:39,678 DEBUG   SenderThread:89436 [sender.py:send_request():402] send_request: defer
2024-11-16 21:54:39,678 INFO    SenderThread:89436 [sender.py:send_request_defer():622] handle sender defer: 3
2024-11-16 21:54:39,678 INFO    SenderThread:89436 [sender.py:transition_state():626] send defer: 4
2024-11-16 21:54:39,678 DEBUG   HandlerThread:89436 [handler.py:handle_request():144] handle_request: defer
2024-11-16 21:54:39,678 INFO    HandlerThread:89436 [handler.py:handle_request_defer():170] handle defer: 4
2024-11-16 21:54:39,679 DEBUG   SenderThread:89436 [sender.py:send_request():402] send_request: defer
2024-11-16 21:54:39,679 INFO    SenderThread:89436 [sender.py:send_request_defer():622] handle sender defer: 4
2024-11-16 21:54:39,679 INFO    SenderThread:89436 [sender.py:transition_state():626] send defer: 5
2024-11-16 21:54:39,679 DEBUG   HandlerThread:89436 [handler.py:handle_request():144] handle_request: defer
2024-11-16 21:54:39,679 INFO    HandlerThread:89436 [handler.py:handle_request_defer():170] handle defer: 5
2024-11-16 21:54:39,682 DEBUG   SenderThread:89436 [sender.py:send():375] send: summary
2024-11-16 21:54:39,682 INFO    SenderThread:89436 [sender.py:_save_file():1378] saving file wandb-summary.json with policy end
2024-11-16 21:54:39,682 DEBUG   SenderThread:89436 [sender.py:send_request():402] send_request: defer
2024-11-16 21:54:39,682 INFO    SenderThread:89436 [sender.py:send_request_defer():622] handle sender defer: 5
2024-11-16 21:54:39,682 INFO    SenderThread:89436 [sender.py:transition_state():626] send defer: 6
2024-11-16 21:54:39,682 DEBUG   HandlerThread:89436 [handler.py:handle_request():144] handle_request: defer
2024-11-16 21:54:39,682 INFO    HandlerThread:89436 [handler.py:handle_request_defer():170] handle defer: 6
2024-11-16 21:54:39,683 DEBUG   SenderThread:89436 [sender.py:send_request():402] send_request: defer
2024-11-16 21:54:39,683 INFO    SenderThread:89436 [sender.py:send_request_defer():622] handle sender defer: 6
2024-11-16 21:54:39,689 DEBUG   HandlerThread:89436 [handler.py:handle_request():144] handle_request: status_report
2024-11-16 21:54:39,888 INFO    SenderThread:89436 [sender.py:transition_state():626] send defer: 7
2024-11-16 21:54:39,888 DEBUG   HandlerThread:89436 [handler.py:handle_request():144] handle_request: defer
2024-11-16 21:54:39,888 INFO    HandlerThread:89436 [handler.py:handle_request_defer():170] handle defer: 7
2024-11-16 21:54:39,888 DEBUG   SenderThread:89436 [sender.py:send_request():402] send_request: defer
2024-11-16 21:54:39,888 INFO    SenderThread:89436 [sender.py:send_request_defer():622] handle sender defer: 7
2024-11-16 21:54:40,618 INFO    Thread-12 :89436 [dir_watcher.py:_on_file_modified():295] file/dir modified: /Users/aklywtx/Desktop/VLM_Bias_research/NN_pretrain/wandb/run-20241116_215233-bc3lpx3w/files/wandb-summary.json
2024-11-16 21:54:40,619 INFO    Thread-12 :89436 [dir_watcher.py:_on_file_modified():295] file/dir modified: /Users/aklywtx/Desktop/VLM_Bias_research/NN_pretrain/wandb/run-20241116_215233-bc3lpx3w/files/config.yaml
2024-11-16 21:54:40,619 INFO    Thread-12 :89436 [dir_watcher.py:_on_file_modified():295] file/dir modified: /Users/aklywtx/Desktop/VLM_Bias_research/NN_pretrain/wandb/run-20241116_215233-bc3lpx3w/files/output.log
2024-11-16 21:54:40,675 DEBUG   HandlerThread:89436 [handler.py:handle_request():144] handle_request: poll_exit
2024-11-16 21:54:41,383 INFO    SenderThread:89436 [sender.py:transition_state():626] send defer: 8
2024-11-16 21:54:41,384 DEBUG   SenderThread:89436 [sender.py:send_request():402] send_request: poll_exit
2024-11-16 21:54:41,384 DEBUG   HandlerThread:89436 [handler.py:handle_request():144] handle_request: defer
2024-11-16 21:54:41,385 INFO    HandlerThread:89436 [handler.py:handle_request_defer():170] handle defer: 8
2024-11-16 21:54:41,385 DEBUG   SenderThread:89436 [sender.py:send_request():402] send_request: defer
2024-11-16 21:54:41,386 INFO    SenderThread:89436 [sender.py:send_request_defer():622] handle sender defer: 8
2024-11-16 21:54:41,392 INFO    SenderThread:89436 [sender.py:transition_state():626] send defer: 9
2024-11-16 21:54:41,393 DEBUG   HandlerThread:89436 [handler.py:handle_request():144] handle_request: defer
2024-11-16 21:54:41,393 INFO    HandlerThread:89436 [handler.py:handle_request_defer():170] handle defer: 9
2024-11-16 21:54:41,393 DEBUG   SenderThread:89436 [sender.py:send():375] send: artifact
2024-11-16 21:54:41,623 INFO    Thread-12 :89436 [dir_watcher.py:_on_file_modified():295] file/dir modified: /Users/aklywtx/Desktop/VLM_Bias_research/NN_pretrain/wandb/run-20241116_215233-bc3lpx3w/files/output.log
2024-11-16 21:54:41,678 DEBUG   HandlerThread:89436 [handler.py:handle_request():144] handle_request: poll_exit
2024-11-16 21:54:42,567 INFO    SenderThread:89436 [sender.py:send_artifact():1474] sent artifact job-git_github.com_aklywtx_NN_pretrain.git_MLP_MLP_1layer_mps_only100dots_intpercentage.py - {'id': 'QXJ0aWZhY3Q6MTMzODA1NzczNA==', 'digest': '233a8e76532f76bf5df503676ade6c45', 'state': 'COMMITTED', 'aliases': [{'artifactCollectionName': 'job-git_github.com_aklywtx_NN_pretrain.git_MLP_MLP_1layer_mps_only100dots_intpercentage.py', 'alias': 'latest'}, {'artifactCollectionName': 'job-git_github.com_aklywtx_NN_pretrain.git_MLP_MLP_1layer_mps_only100dots_intpercentage.py', 'alias': 'v0'}], 'artifactSequence': {'id': 'QXJ0aWZhY3RDb2xsZWN0aW9uOjQ5NjQ1NDMzMQ==', 'latestArtifact': {'id': 'QXJ0aWZhY3Q6MTMzODA1NzczNA==', 'versionIndex': 0}}, 'version': 'v0'}
2024-11-16 21:54:42,568 DEBUG   SenderThread:89436 [sender.py:send_request():402] send_request: defer
2024-11-16 21:54:42,568 INFO    SenderThread:89436 [sender.py:send_request_defer():622] handle sender defer: 9
2024-11-16 21:54:42,568 INFO    SenderThread:89436 [dir_watcher.py:finish():365] shutting down directory watcher
2024-11-16 21:54:42,630 INFO    SenderThread:89436 [dir_watcher.py:finish():395] scan: /Users/aklywtx/Desktop/VLM_Bias_research/NN_pretrain/wandb/run-20241116_215233-bc3lpx3w/files
2024-11-16 21:54:42,631 INFO    SenderThread:89436 [dir_watcher.py:finish():409] scan save: /Users/aklywtx/Desktop/VLM_Bias_research/NN_pretrain/wandb/run-20241116_215233-bc3lpx3w/files/requirements.txt requirements.txt
2024-11-16 21:54:42,631 INFO    SenderThread:89436 [dir_watcher.py:finish():409] scan save: /Users/aklywtx/Desktop/VLM_Bias_research/NN_pretrain/wandb/run-20241116_215233-bc3lpx3w/files/output.log output.log
2024-11-16 21:54:42,636 INFO    SenderThread:89436 [dir_watcher.py:finish():409] scan save: /Users/aklywtx/Desktop/VLM_Bias_research/NN_pretrain/wandb/run-20241116_215233-bc3lpx3w/files/config.yaml config.yaml
2024-11-16 21:54:42,639 INFO    SenderThread:89436 [dir_watcher.py:finish():409] scan save: /Users/aklywtx/Desktop/VLM_Bias_research/NN_pretrain/wandb/run-20241116_215233-bc3lpx3w/files/wandb-summary.json wandb-summary.json
2024-11-16 21:54:42,643 INFO    SenderThread:89436 [dir_watcher.py:finish():409] scan save: /Users/aklywtx/Desktop/VLM_Bias_research/NN_pretrain/wandb/run-20241116_215233-bc3lpx3w/files/conda-environment.yaml conda-environment.yaml
2024-11-16 21:54:42,643 INFO    SenderThread:89436 [dir_watcher.py:finish():409] scan save: /Users/aklywtx/Desktop/VLM_Bias_research/NN_pretrain/wandb/run-20241116_215233-bc3lpx3w/files/wandb-metadata.json wandb-metadata.json
2024-11-16 21:54:42,644 INFO    SenderThread:89436 [sender.py:transition_state():626] send defer: 10
2024-11-16 21:54:42,644 DEBUG   SenderThread:89436 [sender.py:send_request():402] send_request: poll_exit
2024-11-16 21:54:42,644 DEBUG   HandlerThread:89436 [handler.py:handle_request():144] handle_request: defer
2024-11-16 21:54:42,644 INFO    HandlerThread:89436 [handler.py:handle_request_defer():170] handle defer: 10
2024-11-16 21:54:42,645 DEBUG   SenderThread:89436 [sender.py:send_request():402] send_request: defer
2024-11-16 21:54:42,645 INFO    SenderThread:89436 [sender.py:send_request_defer():622] handle sender defer: 10
2024-11-16 21:54:42,645 INFO    SenderThread:89436 [file_pusher.py:finish():167] shutting down file pusher
2024-11-16 21:54:42,678 DEBUG   HandlerThread:89436 [handler.py:handle_request():144] handle_request: poll_exit
2024-11-16 21:54:42,679 DEBUG   SenderThread:89436 [sender.py:send_request():402] send_request: poll_exit
2024-11-16 21:54:43,233 INFO    wandb-upload_2:89436 [upload_job.py:push():137] Uploaded file /Users/aklywtx/Desktop/VLM_Bias_research/NN_pretrain/wandb/run-20241116_215233-bc3lpx3w/files/config.yaml
2024-11-16 21:54:43,257 INFO    wandb-upload_3:89436 [upload_job.py:push():137] Uploaded file /Users/aklywtx/Desktop/VLM_Bias_research/NN_pretrain/wandb/run-20241116_215233-bc3lpx3w/files/wandb-summary.json
2024-11-16 21:54:43,272 INFO    wandb-upload_1:89436 [upload_job.py:push():137] Uploaded file /Users/aklywtx/Desktop/VLM_Bias_research/NN_pretrain/wandb/run-20241116_215233-bc3lpx3w/files/output.log
2024-11-16 21:54:43,302 INFO    wandb-upload_0:89436 [upload_job.py:push():137] Uploaded file /Users/aklywtx/Desktop/VLM_Bias_research/NN_pretrain/wandb/run-20241116_215233-bc3lpx3w/files/requirements.txt
2024-11-16 21:54:43,342 INFO    wandb-upload_4:89436 [upload_job.py:push():137] Uploaded file /Users/aklywtx/Desktop/VLM_Bias_research/NN_pretrain/wandb/run-20241116_215233-bc3lpx3w/files/conda-environment.yaml
2024-11-16 21:54:43,546 INFO    Thread-11 :89436 [sender.py:transition_state():626] send defer: 11
2024-11-16 21:54:43,547 DEBUG   HandlerThread:89436 [handler.py:handle_request():144] handle_request: defer
2024-11-16 21:54:43,547 INFO    HandlerThread:89436 [handler.py:handle_request_defer():170] handle defer: 11
2024-11-16 21:54:43,547 DEBUG   SenderThread:89436 [sender.py:send_request():402] send_request: defer
2024-11-16 21:54:43,547 INFO    SenderThread:89436 [sender.py:send_request_defer():622] handle sender defer: 11
2024-11-16 21:54:43,547 INFO    SenderThread:89436 [file_pusher.py:join():172] waiting for file pusher
2024-11-16 21:54:43,547 INFO    SenderThread:89436 [sender.py:transition_state():626] send defer: 12
2024-11-16 21:54:43,548 DEBUG   HandlerThread:89436 [handler.py:handle_request():144] handle_request: defer
2024-11-16 21:54:43,548 INFO    HandlerThread:89436 [handler.py:handle_request_defer():170] handle defer: 12
2024-11-16 21:54:43,548 DEBUG   SenderThread:89436 [sender.py:send_request():402] send_request: defer
2024-11-16 21:54:43,548 INFO    SenderThread:89436 [sender.py:send_request_defer():622] handle sender defer: 12
2024-11-16 21:54:43,680 DEBUG   HandlerThread:89436 [handler.py:handle_request():144] handle_request: poll_exit
2024-11-16 21:54:43,758 INFO    SenderThread:89436 [sender.py:transition_state():626] send defer: 13
2024-11-16 21:54:43,758 DEBUG   SenderThread:89436 [sender.py:send_request():402] send_request: poll_exit
2024-11-16 21:54:43,758 DEBUG   HandlerThread:89436 [handler.py:handle_request():144] handle_request: defer
2024-11-16 21:54:43,759 INFO    HandlerThread:89436 [handler.py:handle_request_defer():170] handle defer: 13
2024-11-16 21:54:43,759 DEBUG   SenderThread:89436 [sender.py:send_request():402] send_request: defer
2024-11-16 21:54:43,759 INFO    SenderThread:89436 [sender.py:send_request_defer():622] handle sender defer: 13
2024-11-16 21:54:43,760 INFO    SenderThread:89436 [sender.py:transition_state():626] send defer: 14
2024-11-16 21:54:43,760 DEBUG   HandlerThread:89436 [handler.py:handle_request():144] handle_request: defer
2024-11-16 21:54:43,760 INFO    HandlerThread:89436 [handler.py:handle_request_defer():170] handle defer: 14
2024-11-16 21:54:43,761 DEBUG   SenderThread:89436 [sender.py:send():375] send: final
2024-11-16 21:54:43,761 DEBUG   SenderThread:89436 [sender.py:send():375] send: footer
2024-11-16 21:54:43,761 DEBUG   SenderThread:89436 [sender.py:send_request():402] send_request: defer
2024-11-16 21:54:43,761 INFO    SenderThread:89436 [sender.py:send_request_defer():622] handle sender defer: 14
2024-11-16 21:54:43,763 DEBUG   HandlerThread:89436 [handler.py:handle_request():144] handle_request: poll_exit
2024-11-16 21:54:43,763 DEBUG   HandlerThread:89436 [handler.py:handle_request():144] handle_request: server_info
2024-11-16 21:54:43,764 DEBUG   HandlerThread:89436 [handler.py:handle_request():144] handle_request: get_summary
2024-11-16 21:54:43,764 DEBUG   HandlerThread:89436 [handler.py:handle_request():144] handle_request: sampled_history
2024-11-16 21:54:43,765 DEBUG   SenderThread:89436 [sender.py:send_request():402] send_request: poll_exit
2024-11-16 21:54:43,765 DEBUG   SenderThread:89436 [sender.py:send_request():402] send_request: server_info
2024-11-16 21:54:43,911 DEBUG   HandlerThread:89436 [handler.py:handle_request():144] handle_request: shutdown
2024-11-16 21:54:43,911 INFO    HandlerThread:89436 [handler.py:finish():842] shutting down handler
2024-11-16 21:54:44,769 INFO    WriterThread:89436 [datastore.py:close():298] close: /Users/aklywtx/Desktop/VLM_Bias_research/NN_pretrain/wandb/run-20241116_215233-bc3lpx3w/run-bc3lpx3w.wandb
2024-11-16 21:54:44,913 INFO    SenderThread:89436 [sender.py:finish():1550] shutting down sender
2024-11-16 21:54:44,913 INFO    SenderThread:89436 [file_pusher.py:finish():167] shutting down file pusher
2024-11-16 21:54:44,913 INFO    SenderThread:89436 [file_pusher.py:join():172] waiting for file pusher
