Epochs:   0%|                                                                                                         | 0/50 [00:00<?, ?it/s]
Traceback (most recent call last):
  File "/Users/aklywtx/Desktop/VLM_Bias_research/NN_pretrain/models/vit_train.py", line 81, in <module>
    main()
  File "/Users/aklywtx/Desktop/VLM_Bias_research/NN_pretrain/models/vit_train.py", line 75, in main
    trainer.train(train_loader, val_loader, num_epochs)
  File "/Users/aklywtx/Desktop/VLM_Bias_research/NN_pretrain/models/utils.py", line 97, in train
    outputs = self.model(images)
  File "/Users/aklywtx/opt/anaconda3/lib/python3.9/site-packages/torch/nn/modules/module.py", line 1532, in _wrapped_call_impl
    return self._call_impl(*args, **kwargs)
  File "/Users/aklywtx/opt/anaconda3/lib/python3.9/site-packages/torch/nn/modules/module.py", line 1541, in _call_impl
    return forward_call(*args, **kwargs)
  File "/Users/aklywtx/Desktop/VLM_Bias_research/NN_pretrain/models/vit.py", line 141, in forward
    x = self.to_patch_embedding(img)
  File "/Users/aklywtx/opt/anaconda3/lib/python3.9/site-packages/torch/nn/modules/module.py", line 1532, in _wrapped_call_impl
    return self._call_impl(*args, **kwargs)
  File "/Users/aklywtx/opt/anaconda3/lib/python3.9/site-packages/torch/nn/modules/module.py", line 1541, in _call_impl
    return forward_call(*args, **kwargs)
  File "/Users/aklywtx/opt/anaconda3/lib/python3.9/site-packages/torch/nn/modules/container.py", line 217, in forward
    input = module(input)
  File "/Users/aklywtx/opt/anaconda3/lib/python3.9/site-packages/torch/nn/modules/module.py", line 1532, in _wrapped_call_impl
    return self._call_impl(*args, **kwargs)
  File "/Users/aklywtx/opt/anaconda3/lib/python3.9/site-packages/torch/nn/modules/module.py", line 1541, in _call_impl
    return forward_call(*args, **kwargs)
  File "/Users/aklywtx/opt/anaconda3/lib/python3.9/site-packages/einops/layers/torch.py", line 14, in forward
    recipe = self._multirecipe[input.ndim]
KeyError: 2