2024-11-16 19:58:38,934 INFO    StreamThr :57139 [internal.py:wandb_internal():86] W&B internal server running at pid: 57139, started at: 2024-11-16 19:58:38.934263
2024-11-16 19:58:38,935 DEBUG   HandlerThread:57139 [handler.py:handle_request():144] handle_request: status
2024-11-16 19:58:38,936 INFO    WriterThread:57139 [datastore.py:open_for_write():85] open: /Users/aklywtx/Desktop/VLM_Bias_research/NN_pretrain/wandb/run-20241116_195838-asakg6wz/run-asakg6wz.wandb
2024-11-16 19:58:38,937 DEBUG   SenderThread:57139 [sender.py:send():375] send: header
2024-11-16 19:58:38,962 DEBUG   SenderThread:57139 [sender.py:send():375] send: run
2024-11-16 19:58:39,378 INFO    SenderThread:57139 [dir_watcher.py:__init__():219] watching files in: /Users/aklywtx/Desktop/VLM_Bias_research/NN_pretrain/wandb/run-20241116_195838-asakg6wz/files
2024-11-16 19:58:39,378 INFO    SenderThread:57139 [sender.py:_start_run_threads():1124] run started: asakg6wz with start time 1731783518.9327
2024-11-16 19:58:39,378 DEBUG   SenderThread:57139 [sender.py:send_request():402] send_request: summary_record
2024-11-16 19:58:39,378 INFO    SenderThread:57139 [sender.py:_save_file():1378] saving file wandb-summary.json with policy end
2024-11-16 19:58:39,380 DEBUG   HandlerThread:57139 [handler.py:handle_request():144] handle_request: check_version
2024-11-16 19:58:39,380 DEBUG   SenderThread:57139 [sender.py:send_request():402] send_request: check_version
2024-11-16 19:58:39,553 DEBUG   HandlerThread:57139 [handler.py:handle_request():144] handle_request: run_start
2024-11-16 19:58:39,570 DEBUG   HandlerThread:57139 [system_info.py:__init__():31] System info init
2024-11-16 19:58:39,570 DEBUG   HandlerThread:57139 [system_info.py:__init__():46] System info init done
2024-11-16 19:58:39,570 INFO    HandlerThread:57139 [system_monitor.py:start():181] Starting system monitor
2024-11-16 19:58:39,570 INFO    SystemMonitor:57139 [system_monitor.py:_start():145] Starting system asset monitoring threads
2024-11-16 19:58:39,570 INFO    HandlerThread:57139 [system_monitor.py:probe():201] Collecting system info
2024-11-16 19:58:39,571 INFO    SystemMonitor:57139 [interfaces.py:start():190] Started cpu monitoring
2024-11-16 19:58:39,571 DEBUG   HandlerThread:57139 [system_info.py:probe():195] Probing system
2024-11-16 19:58:39,571 INFO    SystemMonitor:57139 [interfaces.py:start():190] Started disk monitoring
2024-11-16 19:58:39,572 INFO    SystemMonitor:57139 [interfaces.py:start():190] Started memory monitoring
2024-11-16 19:58:39,572 INFO    SystemMonitor:57139 [interfaces.py:start():190] Started network monitoring
2024-11-16 19:58:39,577 DEBUG   HandlerThread:57139 [system_info.py:_probe_git():180] Probing git
2024-11-16 19:58:39,608 DEBUG   HandlerThread:57139 [system_info.py:_probe_git():188] Probing git done
2024-11-16 19:58:39,608 DEBUG   HandlerThread:57139 [system_info.py:probe():240] Probing system done
2024-11-16 19:58:39,608 DEBUG   HandlerThread:57139 [system_monitor.py:probe():210] {'os': 'macOS-14.5-arm64-i386-64bit', 'python': '3.9.13', 'heartbeatAt': '2024-11-16T18:58:39.571658', 'startedAt': '2024-11-16T18:58:38.918323', 'docker': None, 'cuda': None, 'args': (), 'state': 'running', 'program': '/Users/aklywtx/Desktop/VLM_Bias_research/NN_pretrain/MLP/MLP_1layer_mps_only100dots.py', 'codePath': 'MLP/MLP_1layer_mps_only100dots.py', 'git': {'remote': 'git@github.com:aklywtx/NN_pretrain.git', 'commit': '79fb9213d8f97bc1c37c0dd0a2a01a0ea0927308'}, 'email': 'aklywtx233@163.com', 'root': '/Users/aklywtx/Desktop/VLM_Bias_research/NN_pretrain', 'host': 'MACBOOK-PRO-341.local', 'username': 'aklywtx', 'executable': '/Users/aklywtx/opt/anaconda3/bin/python', 'cpu_count': 8, 'cpu_count_logical': 8, 'disk': {'total': 926.3517189025879, 'used': 812.485294342041}, 'memory': {'total': 32.0}}
2024-11-16 19:58:39,608 INFO    HandlerThread:57139 [system_monitor.py:probe():211] Finished collecting system info
2024-11-16 19:58:39,608 INFO    HandlerThread:57139 [system_monitor.py:probe():214] Publishing system info
2024-11-16 19:58:39,608 DEBUG   HandlerThread:57139 [system_info.py:_save_pip():51] Saving list of pip packages installed into the current environment
2024-11-16 19:58:39,609 DEBUG   HandlerThread:57139 [system_info.py:_save_pip():67] Saving pip packages done
2024-11-16 19:58:39,609 DEBUG   HandlerThread:57139 [system_info.py:_save_conda():74] Saving list of conda packages installed into the current environment
2024-11-16 19:58:40,384 INFO    Thread-12 :57139 [dir_watcher.py:_on_file_created():278] file/dir created: /Users/aklywtx/Desktop/VLM_Bias_research/NN_pretrain/wandb/run-20241116_195838-asakg6wz/files/wandb-summary.json
2024-11-16 19:58:40,385 INFO    Thread-12 :57139 [dir_watcher.py:_on_file_created():278] file/dir created: /Users/aklywtx/Desktop/VLM_Bias_research/NN_pretrain/wandb/run-20241116_195838-asakg6wz/files/requirements.txt
2024-11-16 19:58:40,385 INFO    Thread-12 :57139 [dir_watcher.py:_on_file_created():278] file/dir created: /Users/aklywtx/Desktop/VLM_Bias_research/NN_pretrain/wandb/run-20241116_195838-asakg6wz/files/conda-environment.yaml
2024-11-16 19:59:01,270 DEBUG   HandlerThread:57139 [system_info.py:_save_conda():86] Saving conda packages done
2024-11-16 19:59:01,271 INFO    HandlerThread:57139 [system_monitor.py:probe():216] Finished publishing system info
2024-11-16 19:59:01,283 DEBUG   HandlerThread:57139 [handler.py:handle_request():144] handle_request: status_report
2024-11-16 19:59:01,283 DEBUG   HandlerThread:57139 [handler.py:handle_request():144] handle_request: keepalive
2024-11-16 19:59:01,284 DEBUG   HandlerThread:57139 [handler.py:handle_request():144] handle_request: status_report
2024-11-16 19:59:01,284 DEBUG   HandlerThread:57139 [handler.py:handle_request():144] handle_request: keepalive
2024-11-16 19:59:01,284 DEBUG   HandlerThread:57139 [handler.py:handle_request():144] handle_request: status_report
2024-11-16 19:59:01,284 DEBUG   HandlerThread:57139 [handler.py:handle_request():144] handle_request: keepalive
2024-11-16 19:59:01,284 DEBUG   HandlerThread:57139 [handler.py:handle_request():144] handle_request: status_report
2024-11-16 19:59:01,284 DEBUG   HandlerThread:57139 [handler.py:handle_request():144] handle_request: keepalive
2024-11-16 19:59:01,284 DEBUG   SenderThread:57139 [sender.py:send():375] send: files
2024-11-16 19:59:01,284 INFO    SenderThread:57139 [sender.py:_save_file():1378] saving file wandb-metadata.json with policy now
2024-11-16 19:59:01,288 DEBUG   HandlerThread:57139 [handler.py:handle_request():144] handle_request: stop_status
2024-11-16 19:59:01,288 DEBUG   SenderThread:57139 [sender.py:send_request():402] send_request: stop_status
2024-11-16 19:59:01,487 INFO    Thread-12 :57139 [dir_watcher.py:_on_file_modified():295] file/dir modified: /Users/aklywtx/Desktop/VLM_Bias_research/NN_pretrain/wandb/run-20241116_195838-asakg6wz/files/conda-environment.yaml
2024-11-16 19:59:01,487 INFO    Thread-12 :57139 [dir_watcher.py:_on_file_created():278] file/dir created: /Users/aklywtx/Desktop/VLM_Bias_research/NN_pretrain/wandb/run-20241116_195838-asakg6wz/files/wandb-metadata.json
2024-11-16 19:59:01,558 DEBUG   SenderThread:57139 [sender.py:send():375] send: telemetry
2024-11-16 19:59:01,844 INFO    wandb-upload_0:57139 [upload_job.py:push():137] Uploaded file /var/folders/b8/j860yxxx1bb1pjgc34kr65dm0000gn/T/tmpm3wsyt8jwandb/fgod8rpz-wandb-metadata.json
2024-11-16 19:59:05,571 DEBUG   HandlerThread:57139 [handler.py:handle_request():144] handle_request: status_report
2024-11-16 19:59:10,598 DEBUG   HandlerThread:57139 [handler.py:handle_request():144] handle_request: status_report
2024-11-16 19:59:11,535 INFO    Thread-12 :57139 [dir_watcher.py:_on_file_modified():295] file/dir modified: /Users/aklywtx/Desktop/VLM_Bias_research/NN_pretrain/wandb/run-20241116_195838-asakg6wz/files/config.yaml
2024-11-16 19:59:11,535 INFO    Thread-12 :57139 [dir_watcher.py:_on_file_created():278] file/dir created: /Users/aklywtx/Desktop/VLM_Bias_research/NN_pretrain/wandb/run-20241116_195838-asakg6wz/files/output.log
2024-11-16 19:59:13,546 INFO    Thread-12 :57139 [dir_watcher.py:_on_file_modified():295] file/dir modified: /Users/aklywtx/Desktop/VLM_Bias_research/NN_pretrain/wandb/run-20241116_195838-asakg6wz/files/output.log
2024-11-16 19:59:14,609 DEBUG   HandlerThread:57139 [handler.py:handle_request():144] handle_request: partial_history
2024-11-16 19:59:14,610 DEBUG   SenderThread:57139 [sender.py:send():375] send: history
2024-11-16 19:59:14,610 DEBUG   SenderThread:57139 [sender.py:send_request():402] send_request: summary_record
2024-11-16 19:59:14,611 INFO    SenderThread:57139 [sender.py:_save_file():1378] saving file wandb-summary.json with policy end
2024-11-16 19:59:15,556 INFO    Thread-12 :57139 [dir_watcher.py:_on_file_modified():295] file/dir modified: /Users/aklywtx/Desktop/VLM_Bias_research/NN_pretrain/wandb/run-20241116_195838-asakg6wz/files/wandb-summary.json
2024-11-16 19:59:15,556 INFO    Thread-12 :57139 [dir_watcher.py:_on_file_modified():295] file/dir modified: /Users/aklywtx/Desktop/VLM_Bias_research/NN_pretrain/wandb/run-20241116_195838-asakg6wz/files/output.log
2024-11-16 19:59:15,817 DEBUG   HandlerThread:57139 [handler.py:handle_request():144] handle_request: status_report
2024-11-16 19:59:16,292 DEBUG   HandlerThread:57139 [handler.py:handle_request():144] handle_request: stop_status
2024-11-16 19:59:16,292 DEBUG   SenderThread:57139 [sender.py:send_request():402] send_request: stop_status
2024-11-16 19:59:16,933 DEBUG   HandlerThread:57139 [handler.py:handle_request():144] handle_request: partial_history
2024-11-16 19:59:17,082 DEBUG   SenderThread:57139 [sender.py:send():375] send: history
2024-11-16 19:59:17,083 DEBUG   SenderThread:57139 [sender.py:send_request():402] send_request: summary_record
2024-11-16 19:59:17,083 INFO    SenderThread:57139 [sender.py:_save_file():1378] saving file wandb-summary.json with policy end
2024-11-16 19:59:17,567 INFO    Thread-12 :57139 [dir_watcher.py:_on_file_modified():295] file/dir modified: /Users/aklywtx/Desktop/VLM_Bias_research/NN_pretrain/wandb/run-20241116_195838-asakg6wz/files/wandb-summary.json
2024-11-16 19:59:17,567 INFO    Thread-12 :57139 [dir_watcher.py:_on_file_modified():295] file/dir modified: /Users/aklywtx/Desktop/VLM_Bias_research/NN_pretrain/wandb/run-20241116_195838-asakg6wz/files/output.log
2024-11-16 19:59:19,276 DEBUG   HandlerThread:57139 [handler.py:handle_request():144] handle_request: partial_history
2024-11-16 19:59:19,277 DEBUG   SenderThread:57139 [sender.py:send():375] send: history
2024-11-16 19:59:19,278 DEBUG   SenderThread:57139 [sender.py:send_request():402] send_request: summary_record
2024-11-16 19:59:19,278 INFO    SenderThread:57139 [sender.py:_save_file():1378] saving file wandb-summary.json with policy end
2024-11-16 19:59:19,573 INFO    Thread-12 :57139 [dir_watcher.py:_on_file_modified():295] file/dir modified: /Users/aklywtx/Desktop/VLM_Bias_research/NN_pretrain/wandb/run-20241116_195838-asakg6wz/files/wandb-summary.json
2024-11-16 19:59:19,573 INFO    Thread-12 :57139 [dir_watcher.py:_on_file_modified():295] file/dir modified: /Users/aklywtx/Desktop/VLM_Bias_research/NN_pretrain/wandb/run-20241116_195838-asakg6wz/files/output.log
2024-11-16 19:59:20,841 DEBUG   HandlerThread:57139 [handler.py:handle_request():144] handle_request: status_report
2024-11-16 19:59:21,579 INFO    Thread-12 :57139 [dir_watcher.py:_on_file_modified():295] file/dir modified: /Users/aklywtx/Desktop/VLM_Bias_research/NN_pretrain/wandb/run-20241116_195838-asakg6wz/files/output.log
2024-11-16 19:59:21,715 DEBUG   HandlerThread:57139 [handler.py:handle_request():144] handle_request: partial_history
2024-11-16 19:59:21,716 DEBUG   SenderThread:57139 [sender.py:send():375] send: history
2024-11-16 19:59:21,717 DEBUG   SenderThread:57139 [sender.py:send_request():402] send_request: summary_record
2024-11-16 19:59:21,717 INFO    SenderThread:57139 [sender.py:_save_file():1378] saving file wandb-summary.json with policy end
2024-11-16 19:59:22,585 INFO    Thread-12 :57139 [dir_watcher.py:_on_file_modified():295] file/dir modified: /Users/aklywtx/Desktop/VLM_Bias_research/NN_pretrain/wandb/run-20241116_195838-asakg6wz/files/wandb-summary.json
2024-11-16 19:59:23,590 INFO    Thread-12 :57139 [dir_watcher.py:_on_file_modified():295] file/dir modified: /Users/aklywtx/Desktop/VLM_Bias_research/NN_pretrain/wandb/run-20241116_195838-asakg6wz/files/output.log
2024-11-16 19:59:23,996 DEBUG   HandlerThread:57139 [handler.py:handle_request():144] handle_request: partial_history
2024-11-16 19:59:23,997 DEBUG   SenderThread:57139 [sender.py:send():375] send: history
2024-11-16 19:59:23,997 DEBUG   SenderThread:57139 [sender.py:send_request():402] send_request: summary_record
2024-11-16 19:59:23,997 INFO    SenderThread:57139 [sender.py:_save_file():1378] saving file wandb-summary.json with policy end
2024-11-16 19:59:24,595 INFO    Thread-12 :57139 [dir_watcher.py:_on_file_modified():295] file/dir modified: /Users/aklywtx/Desktop/VLM_Bias_research/NN_pretrain/wandb/run-20241116_195838-asakg6wz/files/wandb-summary.json
2024-11-16 19:59:25,596 INFO    Thread-12 :57139 [dir_watcher.py:_on_file_modified():295] file/dir modified: /Users/aklywtx/Desktop/VLM_Bias_research/NN_pretrain/wandb/run-20241116_195838-asakg6wz/files/output.log
2024-11-16 19:59:25,979 DEBUG   HandlerThread:57139 [handler.py:handle_request():144] handle_request: status_report
2024-11-16 19:59:26,506 DEBUG   HandlerThread:57139 [handler.py:handle_request():144] handle_request: partial_history
2024-11-16 19:59:26,508 DEBUG   SenderThread:57139 [sender.py:send():375] send: history
2024-11-16 19:59:26,508 DEBUG   SenderThread:57139 [sender.py:send_request():402] send_request: summary_record
2024-11-16 19:59:26,508 INFO    SenderThread:57139 [sender.py:_save_file():1378] saving file wandb-summary.json with policy end
2024-11-16 19:59:26,601 INFO    Thread-12 :57139 [dir_watcher.py:_on_file_modified():295] file/dir modified: /Users/aklywtx/Desktop/VLM_Bias_research/NN_pretrain/wandb/run-20241116_195838-asakg6wz/files/wandb-summary.json
2024-11-16 19:59:27,601 INFO    Thread-12 :57139 [dir_watcher.py:_on_file_modified():295] file/dir modified: /Users/aklywtx/Desktop/VLM_Bias_research/NN_pretrain/wandb/run-20241116_195838-asakg6wz/files/output.log
2024-11-16 19:59:28,007 DEBUG   SenderThread:57139 [sender.py:send():375] send: telemetry
2024-11-16 19:59:28,008 DEBUG   SenderThread:57139 [sender.py:send():375] send: exit
2024-11-16 19:59:28,008 INFO    SenderThread:57139 [sender.py:send_exit():598] handling exit code: 0
2024-11-16 19:59:28,008 INFO    SenderThread:57139 [sender.py:send_exit():600] handling runtime: 48
2024-11-16 19:59:28,009 INFO    SenderThread:57139 [sender.py:_save_file():1378] saving file wandb-summary.json with policy end
2024-11-16 19:59:28,009 INFO    SenderThread:57139 [sender.py:send_exit():606] send defer
2024-11-16 19:59:28,009 DEBUG   HandlerThread:57139 [handler.py:handle_request():144] handle_request: defer
2024-11-16 19:59:28,009 INFO    HandlerThread:57139 [handler.py:handle_request_defer():170] handle defer: 0
2024-11-16 19:59:28,013 DEBUG   SenderThread:57139 [sender.py:send_request():402] send_request: defer
2024-11-16 19:59:28,013 INFO    SenderThread:57139 [sender.py:send_request_defer():622] handle sender defer: 0
2024-11-16 19:59:28,013 INFO    SenderThread:57139 [sender.py:transition_state():626] send defer: 1
2024-11-16 19:59:28,030 DEBUG   HandlerThread:57139 [handler.py:handle_request():144] handle_request: defer
2024-11-16 19:59:28,039 INFO    HandlerThread:57139 [handler.py:handle_request_defer():170] handle defer: 1
2024-11-16 19:59:28,043 DEBUG   SenderThread:57139 [sender.py:send_request():402] send_request: defer
2024-11-16 19:59:28,045 INFO    SenderThread:57139 [sender.py:send_request_defer():622] handle sender defer: 1
2024-11-16 19:59:28,045 INFO    SenderThread:57139 [sender.py:transition_state():626] send defer: 2
2024-11-16 19:59:28,046 DEBUG   HandlerThread:57139 [handler.py:handle_request():144] handle_request: defer
2024-11-16 19:59:28,046 INFO    HandlerThread:57139 [handler.py:handle_request_defer():170] handle defer: 2
2024-11-16 19:59:28,046 INFO    HandlerThread:57139 [system_monitor.py:finish():190] Stopping system monitor
2024-11-16 19:59:28,051 INFO    HandlerThread:57139 [interfaces.py:finish():202] Joined cpu monitor
2024-11-16 19:59:28,052 DEBUG   SystemMonitor:57139 [system_monitor.py:_start():159] Starting system metrics aggregation loop
2024-11-16 19:59:28,052 DEBUG   SystemMonitor:57139 [system_monitor.py:_start():166] Finished system metrics aggregation loop
2024-11-16 19:59:28,052 INFO    HandlerThread:57139 [interfaces.py:finish():202] Joined disk monitor
2024-11-16 19:59:28,052 DEBUG   SystemMonitor:57139 [system_monitor.py:_start():170] Publishing last batch of metrics
2024-11-16 19:59:28,052 INFO    HandlerThread:57139 [interfaces.py:finish():202] Joined memory monitor
2024-11-16 19:59:28,057 INFO    HandlerThread:57139 [interfaces.py:finish():202] Joined network monitor
2024-11-16 19:59:28,062 DEBUG   SenderThread:57139 [sender.py:send_request():402] send_request: defer
2024-11-16 19:59:28,062 INFO    SenderThread:57139 [sender.py:send_request_defer():622] handle sender defer: 2
2024-11-16 19:59:28,062 INFO    SenderThread:57139 [sender.py:transition_state():626] send defer: 3
2024-11-16 19:59:28,063 DEBUG   SenderThread:57139 [sender.py:send():375] send: stats
2024-11-16 19:59:28,063 DEBUG   HandlerThread:57139 [handler.py:handle_request():144] handle_request: defer
2024-11-16 19:59:28,064 INFO    HandlerThread:57139 [handler.py:handle_request_defer():170] handle defer: 3
2024-11-16 19:59:28,064 DEBUG   SenderThread:57139 [sender.py:send_request():402] send_request: defer
2024-11-16 19:59:28,064 INFO    SenderThread:57139 [sender.py:send_request_defer():622] handle sender defer: 3
2024-11-16 19:59:28,064 INFO    SenderThread:57139 [sender.py:transition_state():626] send defer: 4
2024-11-16 19:59:28,065 DEBUG   HandlerThread:57139 [handler.py:handle_request():144] handle_request: defer
2024-11-16 19:59:28,065 INFO    HandlerThread:57139 [handler.py:handle_request_defer():170] handle defer: 4
2024-11-16 19:59:28,069 DEBUG   SenderThread:57139 [sender.py:send_request():402] send_request: defer
2024-11-16 19:59:28,069 INFO    SenderThread:57139 [sender.py:send_request_defer():622] handle sender defer: 4
2024-11-16 19:59:28,070 INFO    SenderThread:57139 [sender.py:transition_state():626] send defer: 5
2024-11-16 19:59:28,070 DEBUG   HandlerThread:57139 [handler.py:handle_request():144] handle_request: defer
2024-11-16 19:59:28,070 INFO    HandlerThread:57139 [handler.py:handle_request_defer():170] handle defer: 5
2024-11-16 19:59:28,074 DEBUG   SenderThread:57139 [sender.py:send():375] send: summary
2024-11-16 19:59:28,075 INFO    SenderThread:57139 [sender.py:_save_file():1378] saving file wandb-summary.json with policy end
2024-11-16 19:59:28,076 DEBUG   SenderThread:57139 [sender.py:send_request():402] send_request: defer
2024-11-16 19:59:28,077 INFO    SenderThread:57139 [sender.py:send_request_defer():622] handle sender defer: 5
2024-11-16 19:59:28,077 INFO    SenderThread:57139 [sender.py:transition_state():626] send defer: 6
2024-11-16 19:59:28,080 DEBUG   HandlerThread:57139 [handler.py:handle_request():144] handle_request: defer
2024-11-16 19:59:28,080 INFO    HandlerThread:57139 [handler.py:handle_request_defer():170] handle defer: 6
2024-11-16 19:59:28,087 DEBUG   SenderThread:57139 [sender.py:send_request():402] send_request: defer
2024-11-16 19:59:28,087 INFO    SenderThread:57139 [sender.py:send_request_defer():622] handle sender defer: 6
2024-11-16 19:59:28,091 DEBUG   HandlerThread:57139 [handler.py:handle_request():144] handle_request: status_report
2024-11-16 19:59:28,276 INFO    SenderThread:57139 [sender.py:transition_state():626] send defer: 7
2024-11-16 19:59:28,276 DEBUG   HandlerThread:57139 [handler.py:handle_request():144] handle_request: defer
2024-11-16 19:59:28,276 INFO    HandlerThread:57139 [handler.py:handle_request_defer():170] handle defer: 7
2024-11-16 19:59:28,276 DEBUG   SenderThread:57139 [sender.py:send_request():402] send_request: defer
2024-11-16 19:59:28,276 INFO    SenderThread:57139 [sender.py:send_request_defer():622] handle sender defer: 7
2024-11-16 19:59:28,607 INFO    Thread-12 :57139 [dir_watcher.py:_on_file_modified():295] file/dir modified: /Users/aklywtx/Desktop/VLM_Bias_research/NN_pretrain/wandb/run-20241116_195838-asakg6wz/files/wandb-summary.json
2024-11-16 19:59:28,608 INFO    Thread-12 :57139 [dir_watcher.py:_on_file_modified():295] file/dir modified: /Users/aklywtx/Desktop/VLM_Bias_research/NN_pretrain/wandb/run-20241116_195838-asakg6wz/files/config.yaml
2024-11-16 19:59:29,009 DEBUG   HandlerThread:57139 [handler.py:handle_request():144] handle_request: poll_exit
2024-11-16 19:59:29,614 INFO    Thread-12 :57139 [dir_watcher.py:_on_file_modified():295] file/dir modified: /Users/aklywtx/Desktop/VLM_Bias_research/NN_pretrain/wandb/run-20241116_195838-asakg6wz/files/output.log
2024-11-16 19:59:29,795 INFO    SenderThread:57139 [sender.py:transition_state():626] send defer: 8
2024-11-16 19:59:29,795 DEBUG   SenderThread:57139 [sender.py:send_request():402] send_request: poll_exit
2024-11-16 19:59:29,796 DEBUG   HandlerThread:57139 [handler.py:handle_request():144] handle_request: defer
2024-11-16 19:59:29,796 INFO    HandlerThread:57139 [handler.py:handle_request_defer():170] handle defer: 8
2024-11-16 19:59:29,797 DEBUG   SenderThread:57139 [sender.py:send_request():402] send_request: defer
2024-11-16 19:59:29,797 INFO    SenderThread:57139 [sender.py:send_request_defer():622] handle sender defer: 8
2024-11-16 19:59:29,801 INFO    SenderThread:57139 [sender.py:transition_state():626] send defer: 9
2024-11-16 19:59:29,801 DEBUG   HandlerThread:57139 [handler.py:handle_request():144] handle_request: defer
2024-11-16 19:59:29,801 INFO    HandlerThread:57139 [handler.py:handle_request_defer():170] handle defer: 9
2024-11-16 19:59:29,801 DEBUG   SenderThread:57139 [sender.py:send():375] send: artifact
2024-11-16 19:59:30,012 DEBUG   HandlerThread:57139 [handler.py:handle_request():144] handle_request: poll_exit
2024-11-16 19:59:30,617 INFO    Thread-12 :57139 [dir_watcher.py:_on_file_modified():295] file/dir modified: /Users/aklywtx/Desktop/VLM_Bias_research/NN_pretrain/wandb/run-20241116_195838-asakg6wz/files/output.log
2024-11-16 19:59:31,212 INFO    wandb-upload_0:57139 [upload_job.py:push():95] Uploaded file /Users/aklywtx/Library/Application Support/wandb/artifacts/staging/tmp1jgma6xo
2024-11-16 19:59:31,214 INFO    wandb-upload_1:57139 [upload_job.py:push():95] Uploaded file /Users/aklywtx/Library/Application Support/wandb/artifacts/staging/tmp0o__zj1m
2024-11-16 19:59:32,258 INFO    SenderThread:57139 [sender.py:send_artifact():1474] sent artifact job-git_github.com_aklywtx_NN_pretrain.git_MLP_MLP_1layer_mps_only100dots.py - {'id': 'QXJ0aWZhY3Q6MTMzNzk4MTQzNw==', 'digest': '42471de25ae499031c45182cf37ad51a', 'state': 'PENDING', 'aliases': [], 'artifactSequence': {'id': 'QXJ0aWZhY3RDb2xsZWN0aW9uOjQ5NjQzMTk0Mg==', 'latestArtifact': None}, 'version': 'latest'}
2024-11-16 19:59:32,258 DEBUG   SenderThread:57139 [sender.py:send_request():402] send_request: defer
2024-11-16 19:59:32,258 INFO    SenderThread:57139 [sender.py:send_request_defer():622] handle sender defer: 9
2024-11-16 19:59:32,258 INFO    SenderThread:57139 [dir_watcher.py:finish():365] shutting down directory watcher
2024-11-16 19:59:32,623 INFO    SenderThread:57139 [dir_watcher.py:finish():395] scan: /Users/aklywtx/Desktop/VLM_Bias_research/NN_pretrain/wandb/run-20241116_195838-asakg6wz/files
2024-11-16 19:59:32,624 INFO    SenderThread:57139 [dir_watcher.py:finish():409] scan save: /Users/aklywtx/Desktop/VLM_Bias_research/NN_pretrain/wandb/run-20241116_195838-asakg6wz/files/requirements.txt requirements.txt
2024-11-16 19:59:32,624 INFO    SenderThread:57139 [dir_watcher.py:finish():409] scan save: /Users/aklywtx/Desktop/VLM_Bias_research/NN_pretrain/wandb/run-20241116_195838-asakg6wz/files/output.log output.log
2024-11-16 19:59:32,627 INFO    SenderThread:57139 [dir_watcher.py:finish():409] scan save: /Users/aklywtx/Desktop/VLM_Bias_research/NN_pretrain/wandb/run-20241116_195838-asakg6wz/files/config.yaml config.yaml
2024-11-16 19:59:32,627 INFO    SenderThread:57139 [dir_watcher.py:finish():409] scan save: /Users/aklywtx/Desktop/VLM_Bias_research/NN_pretrain/wandb/run-20241116_195838-asakg6wz/files/wandb-summary.json wandb-summary.json
2024-11-16 19:59:32,632 INFO    SenderThread:57139 [dir_watcher.py:finish():409] scan save: /Users/aklywtx/Desktop/VLM_Bias_research/NN_pretrain/wandb/run-20241116_195838-asakg6wz/files/conda-environment.yaml conda-environment.yaml
2024-11-16 19:59:32,632 INFO    SenderThread:57139 [dir_watcher.py:finish():409] scan save: /Users/aklywtx/Desktop/VLM_Bias_research/NN_pretrain/wandb/run-20241116_195838-asakg6wz/files/wandb-metadata.json wandb-metadata.json
2024-11-16 19:59:32,632 INFO    SenderThread:57139 [sender.py:transition_state():626] send defer: 10
2024-11-16 19:59:32,632 DEBUG   SenderThread:57139 [sender.py:send_request():402] send_request: poll_exit
2024-11-16 19:59:32,633 DEBUG   HandlerThread:57139 [handler.py:handle_request():144] handle_request: defer
2024-11-16 19:59:32,633 INFO    HandlerThread:57139 [handler.py:handle_request_defer():170] handle defer: 10
2024-11-16 19:59:32,635 DEBUG   SenderThread:57139 [sender.py:send_request():402] send_request: defer
2024-11-16 19:59:32,637 INFO    SenderThread:57139 [sender.py:send_request_defer():622] handle sender defer: 10
2024-11-16 19:59:32,637 INFO    SenderThread:57139 [file_pusher.py:finish():167] shutting down file pusher
2024-11-16 19:59:33,072 INFO    wandb-upload_2:57139 [upload_job.py:push():137] Uploaded file /Users/aklywtx/Desktop/VLM_Bias_research/NN_pretrain/wandb/run-20241116_195838-asakg6wz/files/config.yaml
2024-11-16 19:59:33,207 INFO    wandb-upload_1:57139 [upload_job.py:push():137] Uploaded file /Users/aklywtx/Desktop/VLM_Bias_research/NN_pretrain/wandb/run-20241116_195838-asakg6wz/files/output.log
2024-11-16 19:59:33,305 INFO    wandb-upload_0:57139 [upload_job.py:push():137] Uploaded file /Users/aklywtx/Desktop/VLM_Bias_research/NN_pretrain/wandb/run-20241116_195838-asakg6wz/files/requirements.txt
2024-11-16 19:59:33,306 INFO    wandb-upload_3:57139 [upload_job.py:push():137] Uploaded file /Users/aklywtx/Desktop/VLM_Bias_research/NN_pretrain/wandb/run-20241116_195838-asakg6wz/files/wandb-summary.json
2024-11-16 19:59:33,380 INFO    wandb-upload_4:57139 [upload_job.py:push():137] Uploaded file /Users/aklywtx/Desktop/VLM_Bias_research/NN_pretrain/wandb/run-20241116_195838-asakg6wz/files/conda-environment.yaml
2024-11-16 19:59:33,583 INFO    Thread-11 :57139 [sender.py:transition_state():626] send defer: 11
2024-11-16 19:59:33,586 DEBUG   HandlerThread:57139 [handler.py:handle_request():144] handle_request: defer
2024-11-16 19:59:33,586 INFO    HandlerThread:57139 [handler.py:handle_request_defer():170] handle defer: 11
2024-11-16 19:59:33,588 DEBUG   SenderThread:57139 [sender.py:send_request():402] send_request: defer
2024-11-16 19:59:33,588 INFO    SenderThread:57139 [sender.py:send_request_defer():622] handle sender defer: 11
2024-11-16 19:59:33,588 INFO    SenderThread:57139 [file_pusher.py:join():172] waiting for file pusher
2024-11-16 19:59:33,588 INFO    SenderThread:57139 [sender.py:transition_state():626] send defer: 12
2024-11-16 19:59:33,589 DEBUG   HandlerThread:57139 [handler.py:handle_request():144] handle_request: defer
2024-11-16 19:59:33,589 INFO    HandlerThread:57139 [handler.py:handle_request_defer():170] handle defer: 12
2024-11-16 19:59:33,589 DEBUG   SenderThread:57139 [sender.py:send_request():402] send_request: defer
2024-11-16 19:59:33,589 INFO    SenderThread:57139 [sender.py:send_request_defer():622] handle sender defer: 12
2024-11-16 19:59:33,830 INFO    SenderThread:57139 [sender.py:transition_state():626] send defer: 13
2024-11-16 19:59:33,831 DEBUG   HandlerThread:57139 [handler.py:handle_request():144] handle_request: defer
2024-11-16 19:59:33,831 INFO    HandlerThread:57139 [handler.py:handle_request_defer():170] handle defer: 13
2024-11-16 19:59:33,831 DEBUG   SenderThread:57139 [sender.py:send_request():402] send_request: defer
2024-11-16 19:59:33,831 INFO    SenderThread:57139 [sender.py:send_request_defer():622] handle sender defer: 13
2024-11-16 19:59:33,832 INFO    SenderThread:57139 [sender.py:transition_state():626] send defer: 14
2024-11-16 19:59:33,833 DEBUG   SenderThread:57139 [sender.py:send():375] send: final
2024-11-16 19:59:33,833 DEBUG   HandlerThread:57139 [handler.py:handle_request():144] handle_request: defer
2024-11-16 19:59:33,833 DEBUG   SenderThread:57139 [sender.py:send():375] send: footer
2024-11-16 19:59:33,833 INFO    HandlerThread:57139 [handler.py:handle_request_defer():170] handle defer: 14
2024-11-16 19:59:33,833 DEBUG   SenderThread:57139 [sender.py:send_request():402] send_request: defer
2024-11-16 19:59:33,834 INFO    SenderThread:57139 [sender.py:send_request_defer():622] handle sender defer: 14
2024-11-16 19:59:33,836 DEBUG   HandlerThread:57139 [handler.py:handle_request():144] handle_request: poll_exit
2024-11-16 19:59:33,836 DEBUG   HandlerThread:57139 [handler.py:handle_request():144] handle_request: server_info
2024-11-16 19:59:33,837 DEBUG   SenderThread:57139 [sender.py:send_request():402] send_request: poll_exit
2024-11-16 19:59:33,837 DEBUG   HandlerThread:57139 [handler.py:handle_request():144] handle_request: get_summary
2024-11-16 19:59:33,837 DEBUG   SenderThread:57139 [sender.py:send_request():402] send_request: server_info
2024-11-16 19:59:33,837 DEBUG   HandlerThread:57139 [handler.py:handle_request():144] handle_request: sampled_history
2024-11-16 19:59:34,035 DEBUG   HandlerThread:57139 [handler.py:handle_request():144] handle_request: shutdown
2024-11-16 19:59:34,036 INFO    HandlerThread:57139 [handler.py:finish():842] shutting down handler
2024-11-16 19:59:34,842 INFO    WriterThread:57139 [datastore.py:close():298] close: /Users/aklywtx/Desktop/VLM_Bias_research/NN_pretrain/wandb/run-20241116_195838-asakg6wz/run-asakg6wz.wandb
2024-11-16 19:59:35,032 INFO    SenderThread:57139 [sender.py:finish():1550] shutting down sender
2024-11-16 19:59:35,032 INFO    SenderThread:57139 [file_pusher.py:finish():167] shutting down file pusher
2024-11-16 19:59:35,032 INFO    SenderThread:57139 [file_pusher.py:join():172] waiting for file pusher
