2024-11-16 21:45:35,282 INFO    StreamThr :87370 [internal.py:wandb_internal():86] W&B internal server running at pid: 87370, started at: 2024-11-16 21:45:35.281722
2024-11-16 21:45:35,282 DEBUG   HandlerThread:87370 [handler.py:handle_request():144] handle_request: status
2024-11-16 21:45:35,284 INFO    WriterThread:87370 [datastore.py:open_for_write():85] open: /Users/aklywtx/Desktop/VLM_Bias_research/NN_pretrain/wandb/run-20241116_214535-6e59weyy/run-6e59weyy.wandb
2024-11-16 21:45:35,285 DEBUG   SenderThread:87370 [sender.py:send():375] send: header
2024-11-16 21:45:35,309 DEBUG   SenderThread:87370 [sender.py:send():375] send: run
2024-11-16 21:45:35,755 INFO    SenderThread:87370 [dir_watcher.py:__init__():219] watching files in: /Users/aklywtx/Desktop/VLM_Bias_research/NN_pretrain/wandb/run-20241116_214535-6e59weyy/files
2024-11-16 21:45:35,755 INFO    SenderThread:87370 [sender.py:_start_run_threads():1124] run started: 6e59weyy with start time 1731789935.280934
2024-11-16 21:45:35,755 DEBUG   SenderThread:87370 [sender.py:send_request():402] send_request: summary_record
2024-11-16 21:45:35,755 INFO    SenderThread:87370 [sender.py:_save_file():1378] saving file wandb-summary.json with policy end
2024-11-16 21:45:35,757 DEBUG   HandlerThread:87370 [handler.py:handle_request():144] handle_request: check_version
2024-11-16 21:45:35,757 DEBUG   SenderThread:87370 [sender.py:send_request():402] send_request: check_version
2024-11-16 21:45:35,969 DEBUG   HandlerThread:87370 [handler.py:handle_request():144] handle_request: run_start
2024-11-16 21:45:35,981 DEBUG   HandlerThread:87370 [system_info.py:__init__():31] System info init
2024-11-16 21:45:35,981 DEBUG   HandlerThread:87370 [system_info.py:__init__():46] System info init done
2024-11-16 21:45:35,981 INFO    HandlerThread:87370 [system_monitor.py:start():181] Starting system monitor
2024-11-16 21:45:35,981 INFO    SystemMonitor:87370 [system_monitor.py:_start():145] Starting system asset monitoring threads
2024-11-16 21:45:35,982 INFO    SystemMonitor:87370 [interfaces.py:start():190] Started cpu monitoring
2024-11-16 21:45:35,982 INFO    HandlerThread:87370 [system_monitor.py:probe():201] Collecting system info
2024-11-16 21:45:35,982 INFO    SystemMonitor:87370 [interfaces.py:start():190] Started disk monitoring
2024-11-16 21:45:35,982 INFO    SystemMonitor:87370 [interfaces.py:start():190] Started memory monitoring
2024-11-16 21:45:35,982 DEBUG   HandlerThread:87370 [system_info.py:probe():195] Probing system
2024-11-16 21:45:35,983 INFO    SystemMonitor:87370 [interfaces.py:start():190] Started network monitoring
2024-11-16 21:45:35,989 DEBUG   HandlerThread:87370 [system_info.py:_probe_git():180] Probing git
2024-11-16 21:45:36,023 DEBUG   HandlerThread:87370 [system_info.py:_probe_git():188] Probing git done
2024-11-16 21:45:36,023 DEBUG   HandlerThread:87370 [system_info.py:probe():240] Probing system done
2024-11-16 21:45:36,023 DEBUG   HandlerThread:87370 [system_monitor.py:probe():210] {'os': 'macOS-14.5-arm64-i386-64bit', 'python': '3.9.13', 'heartbeatAt': '2024-11-16T20:45:35.983510', 'startedAt': '2024-11-16T20:45:35.270406', 'docker': None, 'cuda': None, 'args': (), 'state': 'running', 'program': '/Users/aklywtx/Desktop/VLM_Bias_research/NN_pretrain/MLP/MLP_1layer_mps_only100dots_intpercentage.py', 'codePath': 'MLP/MLP_1layer_mps_only100dots_intpercentage.py', 'git': {'remote': 'git@github.com:aklywtx/NN_pretrain.git', 'commit': '79fb9213d8f97bc1c37c0dd0a2a01a0ea0927308'}, 'email': 'aklywtx233@163.com', 'root': '/Users/aklywtx/Desktop/VLM_Bias_research/NN_pretrain', 'host': 'MACBOOK-PRO-341.local', 'username': 'aklywtx', 'executable': '/Users/aklywtx/opt/anaconda3/bin/python', 'cpu_count': 8, 'cpu_count_logical': 8, 'disk': {'total': 926.3517189025879, 'used': 813.5167121887207}, 'memory': {'total': 32.0}}
2024-11-16 21:45:36,023 INFO    HandlerThread:87370 [system_monitor.py:probe():211] Finished collecting system info
2024-11-16 21:45:36,023 INFO    HandlerThread:87370 [system_monitor.py:probe():214] Publishing system info
2024-11-16 21:45:36,023 DEBUG   HandlerThread:87370 [system_info.py:_save_pip():51] Saving list of pip packages installed into the current environment
2024-11-16 21:45:36,024 DEBUG   HandlerThread:87370 [system_info.py:_save_pip():67] Saving pip packages done
2024-11-16 21:45:36,024 DEBUG   HandlerThread:87370 [system_info.py:_save_conda():74] Saving list of conda packages installed into the current environment
2024-11-16 21:45:36,761 INFO    Thread-12 :87370 [dir_watcher.py:_on_file_created():278] file/dir created: /Users/aklywtx/Desktop/VLM_Bias_research/NN_pretrain/wandb/run-20241116_214535-6e59weyy/files/conda-environment.yaml
2024-11-16 21:45:36,762 INFO    Thread-12 :87370 [dir_watcher.py:_on_file_created():278] file/dir created: /Users/aklywtx/Desktop/VLM_Bias_research/NN_pretrain/wandb/run-20241116_214535-6e59weyy/files/wandb-summary.json
2024-11-16 21:45:36,762 INFO    Thread-12 :87370 [dir_watcher.py:_on_file_created():278] file/dir created: /Users/aklywtx/Desktop/VLM_Bias_research/NN_pretrain/wandb/run-20241116_214535-6e59weyy/files/requirements.txt
2024-11-16 21:45:52,835 INFO    Thread-12 :87370 [dir_watcher.py:_on_file_modified():295] file/dir modified: /Users/aklywtx/Desktop/VLM_Bias_research/NN_pretrain/wandb/run-20241116_214535-6e59weyy/files/conda-environment.yaml
2024-11-16 21:45:52,863 DEBUG   HandlerThread:87370 [system_info.py:_save_conda():86] Saving conda packages done
2024-11-16 21:45:52,863 INFO    HandlerThread:87370 [system_monitor.py:probe():216] Finished publishing system info
2024-11-16 21:45:52,872 DEBUG   HandlerThread:87370 [handler.py:handle_request():144] handle_request: status_report
2024-11-16 21:45:52,872 DEBUG   HandlerThread:87370 [handler.py:handle_request():144] handle_request: keepalive
2024-11-16 21:45:52,872 DEBUG   HandlerThread:87370 [handler.py:handle_request():144] handle_request: status_report
2024-11-16 21:45:52,872 DEBUG   HandlerThread:87370 [handler.py:handle_request():144] handle_request: keepalive
2024-11-16 21:45:52,872 DEBUG   HandlerThread:87370 [handler.py:handle_request():144] handle_request: status_report
2024-11-16 21:45:52,872 DEBUG   HandlerThread:87370 [handler.py:handle_request():144] handle_request: keepalive
2024-11-16 21:45:52,872 DEBUG   SenderThread:87370 [sender.py:send():375] send: files
2024-11-16 21:45:52,872 INFO    SenderThread:87370 [sender.py:_save_file():1378] saving file wandb-metadata.json with policy now
2024-11-16 21:45:52,875 DEBUG   HandlerThread:87370 [handler.py:handle_request():144] handle_request: stop_status
2024-11-16 21:45:52,876 DEBUG   SenderThread:87370 [sender.py:send_request():402] send_request: stop_status
2024-11-16 21:45:53,191 DEBUG   SenderThread:87370 [sender.py:send():375] send: telemetry
2024-11-16 21:45:53,326 INFO    wandb-upload_0:87370 [upload_job.py:push():137] Uploaded file /var/folders/b8/j860yxxx1bb1pjgc34kr65dm0000gn/T/tmpyqxi_swgwandb/y1hs2rlb-wandb-metadata.json
2024-11-16 21:45:53,840 INFO    Thread-12 :87370 [dir_watcher.py:_on_file_created():278] file/dir created: /Users/aklywtx/Desktop/VLM_Bias_research/NN_pretrain/wandb/run-20241116_214535-6e59weyy/files/wandb-metadata.json
2024-11-16 21:45:56,203 DEBUG   HandlerThread:87370 [handler.py:handle_request():144] handle_request: status_report
2024-11-16 21:46:01,284 DEBUG   HandlerThread:87370 [handler.py:handle_request():144] handle_request: status_report
2024-11-16 21:46:01,871 INFO    Thread-12 :87370 [dir_watcher.py:_on_file_created():278] file/dir created: /Users/aklywtx/Desktop/VLM_Bias_research/NN_pretrain/wandb/run-20241116_214535-6e59weyy/files/output.log
2024-11-16 21:46:03,640 DEBUG   HandlerThread:87370 [handler.py:handle_request():144] handle_request: partial_history
2024-11-16 21:46:03,641 DEBUG   SenderThread:87370 [sender.py:send():375] send: history
2024-11-16 21:46:03,641 DEBUG   SenderThread:87370 [sender.py:send_request():402] send_request: summary_record
2024-11-16 21:46:03,641 INFO    SenderThread:87370 [sender.py:_save_file():1378] saving file wandb-summary.json with policy end
2024-11-16 21:46:03,874 INFO    Thread-12 :87370 [dir_watcher.py:_on_file_modified():295] file/dir modified: /Users/aklywtx/Desktop/VLM_Bias_research/NN_pretrain/wandb/run-20241116_214535-6e59weyy/files/output.log
2024-11-16 21:46:03,874 INFO    Thread-12 :87370 [dir_watcher.py:_on_file_modified():295] file/dir modified: /Users/aklywtx/Desktop/VLM_Bias_research/NN_pretrain/wandb/run-20241116_214535-6e59weyy/files/wandb-summary.json
2024-11-16 21:46:05,699 DEBUG   HandlerThread:87370 [handler.py:handle_request():144] handle_request: partial_history
2024-11-16 21:46:05,700 DEBUG   SenderThread:87370 [sender.py:send():375] send: history
2024-11-16 21:46:05,700 DEBUG   SenderThread:87370 [sender.py:send_request():402] send_request: summary_record
2024-11-16 21:46:05,701 INFO    SenderThread:87370 [sender.py:_save_file():1378] saving file wandb-summary.json with policy end
2024-11-16 21:46:05,877 INFO    Thread-12 :87370 [dir_watcher.py:_on_file_modified():295] file/dir modified: /Users/aklywtx/Desktop/VLM_Bias_research/NN_pretrain/wandb/run-20241116_214535-6e59weyy/files/output.log
2024-11-16 21:46:05,877 INFO    Thread-12 :87370 [dir_watcher.py:_on_file_modified():295] file/dir modified: /Users/aklywtx/Desktop/VLM_Bias_research/NN_pretrain/wandb/run-20241116_214535-6e59weyy/files/wandb-summary.json
2024-11-16 21:46:06,339 DEBUG   HandlerThread:87370 [handler.py:handle_request():144] handle_request: status_report
2024-11-16 21:46:06,882 INFO    Thread-12 :87370 [dir_watcher.py:_on_file_modified():295] file/dir modified: /Users/aklywtx/Desktop/VLM_Bias_research/NN_pretrain/wandb/run-20241116_214535-6e59weyy/files/config.yaml
2024-11-16 21:46:07,745 DEBUG   HandlerThread:87370 [handler.py:handle_request():144] handle_request: partial_history
2024-11-16 21:46:07,746 DEBUG   SenderThread:87370 [sender.py:send():375] send: history
2024-11-16 21:46:07,746 DEBUG   SenderThread:87370 [sender.py:send_request():402] send_request: summary_record
2024-11-16 21:46:07,746 INFO    SenderThread:87370 [sender.py:_save_file():1378] saving file wandb-summary.json with policy end
2024-11-16 21:46:07,880 DEBUG   HandlerThread:87370 [handler.py:handle_request():144] handle_request: stop_status
2024-11-16 21:46:07,880 DEBUG   SenderThread:87370 [sender.py:send_request():402] send_request: stop_status
2024-11-16 21:46:07,887 INFO    Thread-12 :87370 [dir_watcher.py:_on_file_modified():295] file/dir modified: /Users/aklywtx/Desktop/VLM_Bias_research/NN_pretrain/wandb/run-20241116_214535-6e59weyy/files/output.log
2024-11-16 21:46:07,887 INFO    Thread-12 :87370 [dir_watcher.py:_on_file_modified():295] file/dir modified: /Users/aklywtx/Desktop/VLM_Bias_research/NN_pretrain/wandb/run-20241116_214535-6e59weyy/files/wandb-summary.json
2024-11-16 21:46:09,786 DEBUG   HandlerThread:87370 [handler.py:handle_request():144] handle_request: partial_history
2024-11-16 21:46:09,787 DEBUG   SenderThread:87370 [sender.py:send():375] send: history
2024-11-16 21:46:09,787 DEBUG   SenderThread:87370 [sender.py:send_request():402] send_request: summary_record
2024-11-16 21:46:09,788 INFO    SenderThread:87370 [sender.py:_save_file():1378] saving file wandb-summary.json with policy end
2024-11-16 21:46:09,897 INFO    Thread-12 :87370 [dir_watcher.py:_on_file_modified():295] file/dir modified: /Users/aklywtx/Desktop/VLM_Bias_research/NN_pretrain/wandb/run-20241116_214535-6e59weyy/files/output.log
2024-11-16 21:46:09,897 INFO    Thread-12 :87370 [dir_watcher.py:_on_file_modified():295] file/dir modified: /Users/aklywtx/Desktop/VLM_Bias_research/NN_pretrain/wandb/run-20241116_214535-6e59weyy/files/wandb-summary.json
2024-11-16 21:46:11,602 DEBUG   HandlerThread:87370 [handler.py:handle_request():144] handle_request: status_report
2024-11-16 21:46:11,884 DEBUG   HandlerThread:87370 [handler.py:handle_request():144] handle_request: partial_history
2024-11-16 21:46:11,885 DEBUG   SenderThread:87370 [sender.py:send():375] send: history
2024-11-16 21:46:11,885 DEBUG   SenderThread:87370 [sender.py:send_request():402] send_request: summary_record
2024-11-16 21:46:11,885 INFO    SenderThread:87370 [sender.py:_save_file():1378] saving file wandb-summary.json with policy end
2024-11-16 21:46:11,907 INFO    Thread-12 :87370 [dir_watcher.py:_on_file_modified():295] file/dir modified: /Users/aklywtx/Desktop/VLM_Bias_research/NN_pretrain/wandb/run-20241116_214535-6e59weyy/files/output.log
2024-11-16 21:46:11,907 INFO    Thread-12 :87370 [dir_watcher.py:_on_file_modified():295] file/dir modified: /Users/aklywtx/Desktop/VLM_Bias_research/NN_pretrain/wandb/run-20241116_214535-6e59weyy/files/wandb-summary.json
2024-11-16 21:46:12,910 INFO    Thread-12 :87370 [dir_watcher.py:_on_file_modified():295] file/dir modified: /Users/aklywtx/Desktop/VLM_Bias_research/NN_pretrain/wandb/run-20241116_214535-6e59weyy/files/output.log
2024-11-16 21:46:13,918 DEBUG   HandlerThread:87370 [handler.py:handle_request():144] handle_request: partial_history
2024-11-16 21:46:13,919 DEBUG   SenderThread:87370 [sender.py:send():375] send: history
2024-11-16 21:46:13,919 DEBUG   SenderThread:87370 [sender.py:send_request():402] send_request: summary_record
2024-11-16 21:46:13,919 INFO    SenderThread:87370 [sender.py:_save_file():1378] saving file wandb-summary.json with policy end
2024-11-16 21:46:14,920 INFO    Thread-12 :87370 [dir_watcher.py:_on_file_modified():295] file/dir modified: /Users/aklywtx/Desktop/VLM_Bias_research/NN_pretrain/wandb/run-20241116_214535-6e59weyy/files/output.log
2024-11-16 21:46:14,920 INFO    Thread-12 :87370 [dir_watcher.py:_on_file_modified():295] file/dir modified: /Users/aklywtx/Desktop/VLM_Bias_research/NN_pretrain/wandb/run-20241116_214535-6e59weyy/files/wandb-summary.json
2024-11-16 21:46:15,940 DEBUG   HandlerThread:87370 [handler.py:handle_request():144] handle_request: partial_history
2024-11-16 21:46:15,941 DEBUG   SenderThread:87370 [sender.py:send():375] send: history
2024-11-16 21:46:15,941 DEBUG   SenderThread:87370 [sender.py:send_request():402] send_request: summary_record
2024-11-16 21:46:15,941 INFO    SenderThread:87370 [sender.py:_save_file():1378] saving file wandb-summary.json with policy end
2024-11-16 21:46:16,678 DEBUG   HandlerThread:87370 [handler.py:handle_request():144] handle_request: status_report
2024-11-16 21:46:16,931 INFO    Thread-12 :87370 [dir_watcher.py:_on_file_modified():295] file/dir modified: /Users/aklywtx/Desktop/VLM_Bias_research/NN_pretrain/wandb/run-20241116_214535-6e59weyy/files/output.log
2024-11-16 21:46:16,931 INFO    Thread-12 :87370 [dir_watcher.py:_on_file_modified():295] file/dir modified: /Users/aklywtx/Desktop/VLM_Bias_research/NN_pretrain/wandb/run-20241116_214535-6e59weyy/files/wandb-summary.json
2024-11-16 21:46:17,963 DEBUG   HandlerThread:87370 [handler.py:handle_request():144] handle_request: partial_history
2024-11-16 21:46:17,965 DEBUG   SenderThread:87370 [sender.py:send():375] send: history
2024-11-16 21:46:17,965 DEBUG   SenderThread:87370 [sender.py:send_request():402] send_request: summary_record
2024-11-16 21:46:17,965 INFO    SenderThread:87370 [sender.py:_save_file():1378] saving file wandb-summary.json with policy end
2024-11-16 21:46:18,940 INFO    Thread-12 :87370 [dir_watcher.py:_on_file_modified():295] file/dir modified: /Users/aklywtx/Desktop/VLM_Bias_research/NN_pretrain/wandb/run-20241116_214535-6e59weyy/files/output.log
2024-11-16 21:46:18,940 INFO    Thread-12 :87370 [dir_watcher.py:_on_file_modified():295] file/dir modified: /Users/aklywtx/Desktop/VLM_Bias_research/NN_pretrain/wandb/run-20241116_214535-6e59weyy/files/wandb-summary.json
2024-11-16 21:46:20,018 DEBUG   HandlerThread:87370 [handler.py:handle_request():144] handle_request: partial_history
2024-11-16 21:46:20,019 DEBUG   SenderThread:87370 [sender.py:send():375] send: history
2024-11-16 21:46:20,019 DEBUG   SenderThread:87370 [sender.py:send_request():402] send_request: summary_record
2024-11-16 21:46:20,020 INFO    SenderThread:87370 [sender.py:_save_file():1378] saving file wandb-summary.json with policy end
2024-11-16 21:46:20,948 INFO    Thread-12 :87370 [dir_watcher.py:_on_file_modified():295] file/dir modified: /Users/aklywtx/Desktop/VLM_Bias_research/NN_pretrain/wandb/run-20241116_214535-6e59weyy/files/output.log
2024-11-16 21:46:20,948 INFO    Thread-12 :87370 [dir_watcher.py:_on_file_modified():295] file/dir modified: /Users/aklywtx/Desktop/VLM_Bias_research/NN_pretrain/wandb/run-20241116_214535-6e59weyy/files/wandb-summary.json
2024-11-16 21:46:21,712 DEBUG   HandlerThread:87370 [handler.py:handle_request():144] handle_request: status_report
2024-11-16 21:46:22,102 DEBUG   HandlerThread:87370 [handler.py:handle_request():144] handle_request: partial_history
2024-11-16 21:46:22,102 DEBUG   SenderThread:87370 [sender.py:send():375] send: history
2024-11-16 21:46:22,102 DEBUG   SenderThread:87370 [sender.py:send_request():402] send_request: summary_record
2024-11-16 21:46:22,102 INFO    SenderThread:87370 [sender.py:_save_file():1378] saving file wandb-summary.json with policy end
2024-11-16 21:46:22,885 DEBUG   HandlerThread:87370 [handler.py:handle_request():144] handle_request: stop_status
2024-11-16 21:46:22,885 DEBUG   SenderThread:87370 [sender.py:send_request():402] send_request: stop_status
2024-11-16 21:46:22,955 INFO    Thread-12 :87370 [dir_watcher.py:_on_file_modified():295] file/dir modified: /Users/aklywtx/Desktop/VLM_Bias_research/NN_pretrain/wandb/run-20241116_214535-6e59weyy/files/output.log
2024-11-16 21:46:22,955 INFO    Thread-12 :87370 [dir_watcher.py:_on_file_modified():295] file/dir modified: /Users/aklywtx/Desktop/VLM_Bias_research/NN_pretrain/wandb/run-20241116_214535-6e59weyy/files/wandb-summary.json
2024-11-16 21:46:24,254 DEBUG   HandlerThread:87370 [handler.py:handle_request():144] handle_request: partial_history
2024-11-16 21:46:24,255 DEBUG   SenderThread:87370 [sender.py:send():375] send: history
2024-11-16 21:46:24,255 DEBUG   SenderThread:87370 [sender.py:send_request():402] send_request: summary_record
2024-11-16 21:46:24,256 INFO    SenderThread:87370 [sender.py:_save_file():1378] saving file wandb-summary.json with policy end
2024-11-16 21:46:24,963 INFO    Thread-12 :87370 [dir_watcher.py:_on_file_modified():295] file/dir modified: /Users/aklywtx/Desktop/VLM_Bias_research/NN_pretrain/wandb/run-20241116_214535-6e59weyy/files/output.log
2024-11-16 21:46:24,963 INFO    Thread-12 :87370 [dir_watcher.py:_on_file_modified():295] file/dir modified: /Users/aklywtx/Desktop/VLM_Bias_research/NN_pretrain/wandb/run-20241116_214535-6e59weyy/files/wandb-summary.json
2024-11-16 21:46:26,298 DEBUG   HandlerThread:87370 [handler.py:handle_request():144] handle_request: partial_history
2024-11-16 21:46:26,299 DEBUG   SenderThread:87370 [sender.py:send():375] send: history
2024-11-16 21:46:26,299 DEBUG   SenderThread:87370 [sender.py:send_request():402] send_request: summary_record
2024-11-16 21:46:26,299 INFO    SenderThread:87370 [sender.py:_save_file():1378] saving file wandb-summary.json with policy end
2024-11-16 21:46:26,812 DEBUG   HandlerThread:87370 [handler.py:handle_request():144] handle_request: status_report
2024-11-16 21:46:26,967 INFO    Thread-12 :87370 [dir_watcher.py:_on_file_modified():295] file/dir modified: /Users/aklywtx/Desktop/VLM_Bias_research/NN_pretrain/wandb/run-20241116_214535-6e59weyy/files/output.log
2024-11-16 21:46:26,967 INFO    Thread-12 :87370 [dir_watcher.py:_on_file_modified():295] file/dir modified: /Users/aklywtx/Desktop/VLM_Bias_research/NN_pretrain/wandb/run-20241116_214535-6e59weyy/files/wandb-summary.json
2024-11-16 21:46:28,821 DEBUG   HandlerThread:87370 [handler.py:handle_request():144] handle_request: partial_history
2024-11-16 21:46:28,822 DEBUG   SenderThread:87370 [sender.py:send():375] send: history
2024-11-16 21:46:28,822 DEBUG   SenderThread:87370 [sender.py:send_request():402] send_request: summary_record
2024-11-16 21:46:28,823 INFO    SenderThread:87370 [sender.py:_save_file():1378] saving file wandb-summary.json with policy end
2024-11-16 21:46:28,971 INFO    Thread-12 :87370 [dir_watcher.py:_on_file_modified():295] file/dir modified: /Users/aklywtx/Desktop/VLM_Bias_research/NN_pretrain/wandb/run-20241116_214535-6e59weyy/files/output.log
2024-11-16 21:46:28,971 INFO    Thread-12 :87370 [dir_watcher.py:_on_file_modified():295] file/dir modified: /Users/aklywtx/Desktop/VLM_Bias_research/NN_pretrain/wandb/run-20241116_214535-6e59weyy/files/wandb-summary.json
2024-11-16 21:46:30,977 INFO    Thread-12 :87370 [dir_watcher.py:_on_file_modified():295] file/dir modified: /Users/aklywtx/Desktop/VLM_Bias_research/NN_pretrain/wandb/run-20241116_214535-6e59weyy/files/output.log
2024-11-16 21:46:31,650 DEBUG   HandlerThread:87370 [handler.py:handle_request():144] handle_request: partial_history
2024-11-16 21:46:31,651 DEBUG   SenderThread:87370 [sender.py:send():375] send: history
2024-11-16 21:46:31,651 DEBUG   SenderThread:87370 [sender.py:send_request():402] send_request: summary_record
2024-11-16 21:46:31,652 INFO    SenderThread:87370 [sender.py:_save_file():1378] saving file wandb-summary.json with policy end
2024-11-16 21:46:31,874 DEBUG   HandlerThread:87370 [handler.py:handle_request():144] handle_request: status_report
2024-11-16 21:46:31,978 INFO    Thread-12 :87370 [dir_watcher.py:_on_file_modified():295] file/dir modified: /Users/aklywtx/Desktop/VLM_Bias_research/NN_pretrain/wandb/run-20241116_214535-6e59weyy/files/wandb-summary.json
2024-11-16 21:46:32,980 INFO    Thread-12 :87370 [dir_watcher.py:_on_file_modified():295] file/dir modified: /Users/aklywtx/Desktop/VLM_Bias_research/NN_pretrain/wandb/run-20241116_214535-6e59weyy/files/output.log
2024-11-16 21:46:34,231 DEBUG   HandlerThread:87370 [handler.py:handle_request():144] handle_request: partial_history
2024-11-16 21:46:34,231 DEBUG   SenderThread:87370 [sender.py:send():375] send: history
2024-11-16 21:46:34,231 DEBUG   SenderThread:87370 [sender.py:send_request():402] send_request: summary_record
2024-11-16 21:46:34,232 INFO    SenderThread:87370 [sender.py:_save_file():1378] saving file wandb-summary.json with policy end
2024-11-16 21:46:34,990 INFO    Thread-12 :87370 [dir_watcher.py:_on_file_modified():295] file/dir modified: /Users/aklywtx/Desktop/VLM_Bias_research/NN_pretrain/wandb/run-20241116_214535-6e59weyy/files/output.log
2024-11-16 21:46:34,990 INFO    Thread-12 :87370 [dir_watcher.py:_on_file_modified():295] file/dir modified: /Users/aklywtx/Desktop/VLM_Bias_research/NN_pretrain/wandb/run-20241116_214535-6e59weyy/files/wandb-summary.json
2024-11-16 21:46:35,989 DEBUG   SystemMonitor:87370 [system_monitor.py:_start():159] Starting system metrics aggregation loop
2024-11-16 21:46:35,990 DEBUG   SenderThread:87370 [sender.py:send():375] send: stats
2024-11-16 21:46:36,481 DEBUG   HandlerThread:87370 [handler.py:handle_request():144] handle_request: partial_history
2024-11-16 21:46:36,482 DEBUG   SenderThread:87370 [sender.py:send():375] send: history
2024-11-16 21:46:36,482 DEBUG   SenderThread:87370 [sender.py:send_request():402] send_request: summary_record
2024-11-16 21:46:36,483 INFO    SenderThread:87370 [sender.py:_save_file():1378] saving file wandb-summary.json with policy end
2024-11-16 21:46:36,949 DEBUG   HandlerThread:87370 [handler.py:handle_request():144] handle_request: status_report
2024-11-16 21:46:36,996 INFO    Thread-12 :87370 [dir_watcher.py:_on_file_modified():295] file/dir modified: /Users/aklywtx/Desktop/VLM_Bias_research/NN_pretrain/wandb/run-20241116_214535-6e59weyy/files/output.log
2024-11-16 21:46:36,996 INFO    Thread-12 :87370 [dir_watcher.py:_on_file_modified():295] file/dir modified: /Users/aklywtx/Desktop/VLM_Bias_research/NN_pretrain/wandb/run-20241116_214535-6e59weyy/files/wandb-summary.json
2024-11-16 21:46:37,888 DEBUG   HandlerThread:87370 [handler.py:handle_request():144] handle_request: stop_status
2024-11-16 21:46:37,889 DEBUG   SenderThread:87370 [sender.py:send_request():402] send_request: stop_status
2024-11-16 21:46:38,382 DEBUG   HandlerThread:87370 [handler.py:handle_request():144] handle_request: partial_history
2024-11-16 21:46:38,383 DEBUG   SenderThread:87370 [sender.py:send():375] send: history
2024-11-16 21:46:38,383 DEBUG   SenderThread:87370 [sender.py:send_request():402] send_request: summary_record
2024-11-16 21:46:38,384 INFO    SenderThread:87370 [sender.py:_save_file():1378] saving file wandb-summary.json with policy end
2024-11-16 21:46:39,002 INFO    Thread-12 :87370 [dir_watcher.py:_on_file_modified():295] file/dir modified: /Users/aklywtx/Desktop/VLM_Bias_research/NN_pretrain/wandb/run-20241116_214535-6e59weyy/files/output.log
2024-11-16 21:46:39,002 INFO    Thread-12 :87370 [dir_watcher.py:_on_file_modified():295] file/dir modified: /Users/aklywtx/Desktop/VLM_Bias_research/NN_pretrain/wandb/run-20241116_214535-6e59weyy/files/wandb-summary.json
2024-11-16 21:46:40,421 DEBUG   HandlerThread:87370 [handler.py:handle_request():144] handle_request: partial_history
2024-11-16 21:46:40,422 DEBUG   SenderThread:87370 [sender.py:send():375] send: history
2024-11-16 21:46:40,422 DEBUG   SenderThread:87370 [sender.py:send_request():402] send_request: summary_record
2024-11-16 21:46:40,422 INFO    SenderThread:87370 [sender.py:_save_file():1378] saving file wandb-summary.json with policy end
2024-11-16 21:46:41,009 INFO    Thread-12 :87370 [dir_watcher.py:_on_file_modified():295] file/dir modified: /Users/aklywtx/Desktop/VLM_Bias_research/NN_pretrain/wandb/run-20241116_214535-6e59weyy/files/output.log
2024-11-16 21:46:41,009 INFO    Thread-12 :87370 [dir_watcher.py:_on_file_modified():295] file/dir modified: /Users/aklywtx/Desktop/VLM_Bias_research/NN_pretrain/wandb/run-20241116_214535-6e59weyy/files/wandb-summary.json
2024-11-16 21:46:41,966 DEBUG   HandlerThread:87370 [handler.py:handle_request():144] handle_request: status_report
2024-11-16 21:46:42,942 DEBUG   HandlerThread:87370 [handler.py:handle_request():144] handle_request: partial_history
2024-11-16 21:46:42,945 DEBUG   SenderThread:87370 [sender.py:send():375] send: history
2024-11-16 21:46:42,946 DEBUG   SenderThread:87370 [sender.py:send_request():402] send_request: summary_record
2024-11-16 21:46:42,947 INFO    SenderThread:87370 [sender.py:_save_file():1378] saving file wandb-summary.json with policy end
2024-11-16 21:46:43,015 INFO    Thread-12 :87370 [dir_watcher.py:_on_file_modified():295] file/dir modified: /Users/aklywtx/Desktop/VLM_Bias_research/NN_pretrain/wandb/run-20241116_214535-6e59weyy/files/output.log
2024-11-16 21:46:43,015 INFO    Thread-12 :87370 [dir_watcher.py:_on_file_modified():295] file/dir modified: /Users/aklywtx/Desktop/VLM_Bias_research/NN_pretrain/wandb/run-20241116_214535-6e59weyy/files/wandb-summary.json
2024-11-16 21:46:45,025 INFO    Thread-12 :87370 [dir_watcher.py:_on_file_modified():295] file/dir modified: /Users/aklywtx/Desktop/VLM_Bias_research/NN_pretrain/wandb/run-20241116_214535-6e59weyy/files/output.log
2024-11-16 21:46:45,712 DEBUG   HandlerThread:87370 [handler.py:handle_request():144] handle_request: partial_history
2024-11-16 21:46:45,712 DEBUG   SenderThread:87370 [sender.py:send():375] send: history
2024-11-16 21:46:45,712 DEBUG   SenderThread:87370 [sender.py:send_request():402] send_request: summary_record
2024-11-16 21:46:45,713 INFO    SenderThread:87370 [sender.py:_save_file():1378] saving file wandb-summary.json with policy end
2024-11-16 21:46:46,027 INFO    Thread-12 :87370 [dir_watcher.py:_on_file_modified():295] file/dir modified: /Users/aklywtx/Desktop/VLM_Bias_research/NN_pretrain/wandb/run-20241116_214535-6e59weyy/files/wandb-summary.json
2024-11-16 21:46:47,022 DEBUG   SenderThread:87370 [sender.py:send():375] send: telemetry
2024-11-16 21:46:47,022 DEBUG   SenderThread:87370 [sender.py:send():375] send: exit
2024-11-16 21:46:47,023 INFO    SenderThread:87370 [sender.py:send_exit():598] handling exit code: 0
2024-11-16 21:46:47,023 INFO    SenderThread:87370 [sender.py:send_exit():600] handling runtime: 71
2024-11-16 21:46:47,023 DEBUG   HandlerThread:87370 [handler.py:handle_request():144] handle_request: status_report
2024-11-16 21:46:47,023 INFO    SenderThread:87370 [sender.py:_save_file():1378] saving file wandb-summary.json with policy end
2024-11-16 21:46:47,023 INFO    SenderThread:87370 [sender.py:send_exit():606] send defer
2024-11-16 21:46:47,024 DEBUG   HandlerThread:87370 [handler.py:handle_request():144] handle_request: defer
2024-11-16 21:46:47,024 INFO    HandlerThread:87370 [handler.py:handle_request_defer():170] handle defer: 0
2024-11-16 21:46:47,024 DEBUG   SenderThread:87370 [sender.py:send_request():402] send_request: defer
2024-11-16 21:46:47,024 INFO    SenderThread:87370 [sender.py:send_request_defer():622] handle sender defer: 0
2024-11-16 21:46:47,024 INFO    SenderThread:87370 [sender.py:transition_state():626] send defer: 1
2024-11-16 21:46:47,026 DEBUG   HandlerThread:87370 [handler.py:handle_request():144] handle_request: defer
2024-11-16 21:46:47,026 INFO    HandlerThread:87370 [handler.py:handle_request_defer():170] handle defer: 1
2024-11-16 21:46:47,032 INFO    Thread-12 :87370 [dir_watcher.py:_on_file_modified():295] file/dir modified: /Users/aklywtx/Desktop/VLM_Bias_research/NN_pretrain/wandb/run-20241116_214535-6e59weyy/files/output.log
2024-11-16 21:46:47,032 INFO    Thread-12 :87370 [dir_watcher.py:_on_file_modified():295] file/dir modified: /Users/aklywtx/Desktop/VLM_Bias_research/NN_pretrain/wandb/run-20241116_214535-6e59weyy/files/wandb-summary.json
2024-11-16 21:46:47,035 DEBUG   SenderThread:87370 [sender.py:send_request():402] send_request: defer
2024-11-16 21:46:47,035 INFO    SenderThread:87370 [sender.py:send_request_defer():622] handle sender defer: 1
2024-11-16 21:46:47,035 INFO    SenderThread:87370 [sender.py:transition_state():626] send defer: 2
2024-11-16 21:46:47,036 DEBUG   HandlerThread:87370 [handler.py:handle_request():144] handle_request: defer
2024-11-16 21:46:47,036 INFO    HandlerThread:87370 [handler.py:handle_request_defer():170] handle defer: 2
2024-11-16 21:46:47,036 INFO    HandlerThread:87370 [system_monitor.py:finish():190] Stopping system monitor
2024-11-16 21:46:47,040 DEBUG   SystemMonitor:87370 [system_monitor.py:_start():166] Finished system metrics aggregation loop
2024-11-16 21:46:47,040 DEBUG   SystemMonitor:87370 [system_monitor.py:_start():170] Publishing last batch of metrics
2024-11-16 21:46:47,042 INFO    HandlerThread:87370 [interfaces.py:finish():202] Joined cpu monitor
2024-11-16 21:46:47,043 INFO    HandlerThread:87370 [interfaces.py:finish():202] Joined disk monitor
2024-11-16 21:46:47,043 INFO    HandlerThread:87370 [interfaces.py:finish():202] Joined memory monitor
2024-11-16 21:46:47,043 INFO    HandlerThread:87370 [interfaces.py:finish():202] Joined network monitor
2024-11-16 21:46:47,043 DEBUG   SenderThread:87370 [sender.py:send_request():402] send_request: defer
2024-11-16 21:46:47,043 INFO    SenderThread:87370 [sender.py:send_request_defer():622] handle sender defer: 2
2024-11-16 21:46:47,043 INFO    SenderThread:87370 [sender.py:transition_state():626] send defer: 3
2024-11-16 21:46:47,043 DEBUG   SenderThread:87370 [sender.py:send():375] send: stats
2024-11-16 21:46:47,047 DEBUG   HandlerThread:87370 [handler.py:handle_request():144] handle_request: defer
2024-11-16 21:46:47,047 INFO    HandlerThread:87370 [handler.py:handle_request_defer():170] handle defer: 3
2024-11-16 21:46:47,050 DEBUG   SenderThread:87370 [sender.py:send_request():402] send_request: defer
2024-11-16 21:46:47,050 INFO    SenderThread:87370 [sender.py:send_request_defer():622] handle sender defer: 3
2024-11-16 21:46:47,050 INFO    SenderThread:87370 [sender.py:transition_state():626] send defer: 4
2024-11-16 21:46:47,050 DEBUG   HandlerThread:87370 [handler.py:handle_request():144] handle_request: defer
2024-11-16 21:46:47,050 INFO    HandlerThread:87370 [handler.py:handle_request_defer():170] handle defer: 4
2024-11-16 21:46:47,050 DEBUG   SenderThread:87370 [sender.py:send_request():402] send_request: defer
2024-11-16 21:46:47,050 INFO    SenderThread:87370 [sender.py:send_request_defer():622] handle sender defer: 4
2024-11-16 21:46:47,050 INFO    SenderThread:87370 [sender.py:transition_state():626] send defer: 5
2024-11-16 21:46:47,050 DEBUG   HandlerThread:87370 [handler.py:handle_request():144] handle_request: defer
2024-11-16 21:46:47,050 INFO    HandlerThread:87370 [handler.py:handle_request_defer():170] handle defer: 5
2024-11-16 21:46:47,050 DEBUG   SenderThread:87370 [sender.py:send():375] send: summary
2024-11-16 21:46:47,051 INFO    SenderThread:87370 [sender.py:_save_file():1378] saving file wandb-summary.json with policy end
2024-11-16 21:46:47,051 DEBUG   SenderThread:87370 [sender.py:send_request():402] send_request: defer
2024-11-16 21:46:47,051 INFO    SenderThread:87370 [sender.py:send_request_defer():622] handle sender defer: 5
2024-11-16 21:46:47,051 INFO    SenderThread:87370 [sender.py:transition_state():626] send defer: 6
2024-11-16 21:46:47,051 DEBUG   HandlerThread:87370 [handler.py:handle_request():144] handle_request: defer
2024-11-16 21:46:47,051 INFO    HandlerThread:87370 [handler.py:handle_request_defer():170] handle defer: 6
2024-11-16 21:46:47,051 DEBUG   SenderThread:87370 [sender.py:send_request():402] send_request: defer
2024-11-16 21:46:47,051 INFO    SenderThread:87370 [sender.py:send_request_defer():622] handle sender defer: 6
2024-11-16 21:46:47,055 DEBUG   HandlerThread:87370 [handler.py:handle_request():144] handle_request: status_report
2024-11-16 21:46:47,219 INFO    SenderThread:87370 [sender.py:transition_state():626] send defer: 7
2024-11-16 21:46:47,220 DEBUG   HandlerThread:87370 [handler.py:handle_request():144] handle_request: defer
2024-11-16 21:46:47,220 INFO    HandlerThread:87370 [handler.py:handle_request_defer():170] handle defer: 7
2024-11-16 21:46:47,220 DEBUG   SenderThread:87370 [sender.py:send_request():402] send_request: defer
2024-11-16 21:46:47,220 INFO    SenderThread:87370 [sender.py:send_request_defer():622] handle sender defer: 7
2024-11-16 21:46:48,023 DEBUG   HandlerThread:87370 [handler.py:handle_request():144] handle_request: poll_exit
2024-11-16 21:46:48,034 INFO    Thread-12 :87370 [dir_watcher.py:_on_file_modified():295] file/dir modified: /Users/aklywtx/Desktop/VLM_Bias_research/NN_pretrain/wandb/run-20241116_214535-6e59weyy/files/config.yaml
2024-11-16 21:46:48,034 INFO    Thread-12 :87370 [dir_watcher.py:_on_file_modified():295] file/dir modified: /Users/aklywtx/Desktop/VLM_Bias_research/NN_pretrain/wandb/run-20241116_214535-6e59weyy/files/wandb-summary.json
2024-11-16 21:46:49,035 INFO    Thread-12 :87370 [dir_watcher.py:_on_file_modified():295] file/dir modified: /Users/aklywtx/Desktop/VLM_Bias_research/NN_pretrain/wandb/run-20241116_214535-6e59weyy/files/output.log
2024-11-16 21:46:50,847 INFO    SenderThread:87370 [sender.py:transition_state():626] send defer: 8
2024-11-16 21:46:50,848 DEBUG   SenderThread:87370 [sender.py:send_request():402] send_request: poll_exit
2024-11-16 21:46:50,848 DEBUG   HandlerThread:87370 [handler.py:handle_request():144] handle_request: defer
2024-11-16 21:46:50,849 INFO    HandlerThread:87370 [handler.py:handle_request_defer():170] handle defer: 8
2024-11-16 21:46:50,849 DEBUG   SenderThread:87370 [sender.py:send_request():402] send_request: defer
2024-11-16 21:46:50,849 INFO    SenderThread:87370 [sender.py:send_request_defer():622] handle sender defer: 8
2024-11-16 21:46:50,856 INFO    SenderThread:87370 [sender.py:transition_state():626] send defer: 9
2024-11-16 21:46:50,856 DEBUG   HandlerThread:87370 [handler.py:handle_request():144] handle_request: defer
2024-11-16 21:46:50,856 DEBUG   SenderThread:87370 [sender.py:send():375] send: artifact
2024-11-16 21:46:50,856 INFO    HandlerThread:87370 [handler.py:handle_request_defer():170] handle defer: 9
2024-11-16 21:46:51,045 INFO    Thread-12 :87370 [dir_watcher.py:_on_file_modified():295] file/dir modified: /Users/aklywtx/Desktop/VLM_Bias_research/NN_pretrain/wandb/run-20241116_214535-6e59weyy/files/output.log
2024-11-16 21:46:51,700 INFO    SenderThread:87370 [sender.py:send_artifact():1474] sent artifact job-git_github.com_aklywtx_NN_pretrain.git_MLP_MLP_1layer_mps_only100dots_intpercentage.py - {'id': 'QXJ0aWZhY3Q6MTMzODA1NzczNA==', 'digest': '233a8e76532f76bf5df503676ade6c45', 'state': 'COMMITTED', 'aliases': [{'artifactCollectionName': 'job-git_github.com_aklywtx_NN_pretrain.git_MLP_MLP_1layer_mps_only100dots_intpercentage.py', 'alias': 'latest'}, {'artifactCollectionName': 'job-git_github.com_aklywtx_NN_pretrain.git_MLP_MLP_1layer_mps_only100dots_intpercentage.py', 'alias': 'v0'}], 'artifactSequence': {'id': 'QXJ0aWZhY3RDb2xsZWN0aW9uOjQ5NjQ1NDMzMQ==', 'latestArtifact': {'id': 'QXJ0aWZhY3Q6MTMzODA1NzczNA==', 'versionIndex': 0}}, 'version': 'v0'}
2024-11-16 21:46:51,701 DEBUG   SenderThread:87370 [sender.py:send_request():402] send_request: defer
2024-11-16 21:46:51,702 INFO    SenderThread:87370 [sender.py:send_request_defer():622] handle sender defer: 9
2024-11-16 21:46:51,703 INFO    SenderThread:87370 [dir_watcher.py:finish():365] shutting down directory watcher
2024-11-16 21:46:52,050 INFO    SenderThread:87370 [dir_watcher.py:finish():395] scan: /Users/aklywtx/Desktop/VLM_Bias_research/NN_pretrain/wandb/run-20241116_214535-6e59weyy/files
2024-11-16 21:46:52,051 INFO    SenderThread:87370 [dir_watcher.py:finish():409] scan save: /Users/aklywtx/Desktop/VLM_Bias_research/NN_pretrain/wandb/run-20241116_214535-6e59weyy/files/requirements.txt requirements.txt
2024-11-16 21:46:52,051 INFO    SenderThread:87370 [dir_watcher.py:finish():409] scan save: /Users/aklywtx/Desktop/VLM_Bias_research/NN_pretrain/wandb/run-20241116_214535-6e59weyy/files/output.log output.log
2024-11-16 21:46:52,051 INFO    SenderThread:87370 [dir_watcher.py:finish():409] scan save: /Users/aklywtx/Desktop/VLM_Bias_research/NN_pretrain/wandb/run-20241116_214535-6e59weyy/files/config.yaml config.yaml
2024-11-16 21:46:52,056 INFO    SenderThread:87370 [dir_watcher.py:finish():409] scan save: /Users/aklywtx/Desktop/VLM_Bias_research/NN_pretrain/wandb/run-20241116_214535-6e59weyy/files/wandb-summary.json wandb-summary.json
2024-11-16 21:46:52,059 INFO    SenderThread:87370 [dir_watcher.py:finish():409] scan save: /Users/aklywtx/Desktop/VLM_Bias_research/NN_pretrain/wandb/run-20241116_214535-6e59weyy/files/conda-environment.yaml conda-environment.yaml
2024-11-16 21:46:52,060 INFO    SenderThread:87370 [dir_watcher.py:finish():409] scan save: /Users/aklywtx/Desktop/VLM_Bias_research/NN_pretrain/wandb/run-20241116_214535-6e59weyy/files/wandb-metadata.json wandb-metadata.json
2024-11-16 21:46:52,060 INFO    SenderThread:87370 [sender.py:transition_state():626] send defer: 10
2024-11-16 21:46:52,062 DEBUG   HandlerThread:87370 [handler.py:handle_request():144] handle_request: defer
2024-11-16 21:46:52,065 INFO    HandlerThread:87370 [handler.py:handle_request_defer():170] handle defer: 10
2024-11-16 21:46:52,065 DEBUG   HandlerThread:87370 [handler.py:handle_request():144] handle_request: status_report
2024-11-16 21:46:52,065 DEBUG   SenderThread:87370 [sender.py:send_request():402] send_request: defer
2024-11-16 21:46:52,065 INFO    SenderThread:87370 [sender.py:send_request_defer():622] handle sender defer: 10
2024-11-16 21:46:52,065 INFO    SenderThread:87370 [file_pusher.py:finish():167] shutting down file pusher
2024-11-16 21:46:52,500 INFO    wandb-upload_0:87370 [upload_job.py:push():137] Uploaded file /Users/aklywtx/Desktop/VLM_Bias_research/NN_pretrain/wandb/run-20241116_214535-6e59weyy/files/requirements.txt
2024-11-16 21:46:52,561 INFO    wandb-upload_3:87370 [upload_job.py:push():137] Uploaded file /Users/aklywtx/Desktop/VLM_Bias_research/NN_pretrain/wandb/run-20241116_214535-6e59weyy/files/wandb-summary.json
2024-11-16 21:46:52,682 INFO    wandb-upload_1:87370 [upload_job.py:push():137] Uploaded file /Users/aklywtx/Desktop/VLM_Bias_research/NN_pretrain/wandb/run-20241116_214535-6e59weyy/files/output.log
2024-11-16 21:46:52,699 INFO    wandb-upload_2:87370 [upload_job.py:push():137] Uploaded file /Users/aklywtx/Desktop/VLM_Bias_research/NN_pretrain/wandb/run-20241116_214535-6e59weyy/files/config.yaml
2024-11-16 21:46:52,814 INFO    wandb-upload_4:87370 [upload_job.py:push():137] Uploaded file /Users/aklywtx/Desktop/VLM_Bias_research/NN_pretrain/wandb/run-20241116_214535-6e59weyy/files/conda-environment.yaml
2024-11-16 21:46:53,016 INFO    Thread-11 :87370 [sender.py:transition_state():626] send defer: 11
2024-11-16 21:46:53,017 DEBUG   HandlerThread:87370 [handler.py:handle_request():144] handle_request: defer
2024-11-16 21:46:53,017 INFO    HandlerThread:87370 [handler.py:handle_request_defer():170] handle defer: 11
2024-11-16 21:46:53,017 DEBUG   SenderThread:87370 [sender.py:send_request():402] send_request: defer
2024-11-16 21:46:53,018 INFO    SenderThread:87370 [sender.py:send_request_defer():622] handle sender defer: 11
2024-11-16 21:46:53,018 INFO    SenderThread:87370 [file_pusher.py:join():172] waiting for file pusher
2024-11-16 21:46:53,018 INFO    SenderThread:87370 [sender.py:transition_state():626] send defer: 12
2024-11-16 21:46:53,018 DEBUG   HandlerThread:87370 [handler.py:handle_request():144] handle_request: defer
2024-11-16 21:46:53,018 INFO    HandlerThread:87370 [handler.py:handle_request_defer():170] handle defer: 12
2024-11-16 21:46:53,018 DEBUG   SenderThread:87370 [sender.py:send_request():402] send_request: defer
2024-11-16 21:46:53,018 INFO    SenderThread:87370 [sender.py:send_request_defer():622] handle sender defer: 12
2024-11-16 21:46:53,029 DEBUG   HandlerThread:87370 [handler.py:handle_request():144] handle_request: keepalive
2024-11-16 21:46:53,522 INFO    SenderThread:87370 [sender.py:transition_state():626] send defer: 13
2024-11-16 21:46:53,523 DEBUG   HandlerThread:87370 [handler.py:handle_request():144] handle_request: defer
2024-11-16 21:46:53,523 INFO    HandlerThread:87370 [handler.py:handle_request_defer():170] handle defer: 13
2024-11-16 21:46:53,523 DEBUG   SenderThread:87370 [sender.py:send_request():402] send_request: defer
2024-11-16 21:46:53,524 INFO    SenderThread:87370 [sender.py:send_request_defer():622] handle sender defer: 13
2024-11-16 21:46:53,524 INFO    SenderThread:87370 [sender.py:transition_state():626] send defer: 14
2024-11-16 21:46:53,524 DEBUG   HandlerThread:87370 [handler.py:handle_request():144] handle_request: defer
2024-11-16 21:46:53,524 INFO    HandlerThread:87370 [handler.py:handle_request_defer():170] handle defer: 14
2024-11-16 21:46:53,525 DEBUG   SenderThread:87370 [sender.py:send():375] send: final
2024-11-16 21:46:53,525 DEBUG   SenderThread:87370 [sender.py:send():375] send: footer
2024-11-16 21:46:53,525 DEBUG   SenderThread:87370 [sender.py:send_request():402] send_request: defer
2024-11-16 21:46:53,525 INFO    SenderThread:87370 [sender.py:send_request_defer():622] handle sender defer: 14
2024-11-16 21:46:53,527 DEBUG   HandlerThread:87370 [handler.py:handle_request():144] handle_request: poll_exit
2024-11-16 21:46:53,527 DEBUG   HandlerThread:87370 [handler.py:handle_request():144] handle_request: server_info
2024-11-16 21:46:53,527 DEBUG   SenderThread:87370 [sender.py:send_request():402] send_request: poll_exit
2024-11-16 21:46:53,528 DEBUG   HandlerThread:87370 [handler.py:handle_request():144] handle_request: get_summary
2024-11-16 21:46:53,528 DEBUG   SenderThread:87370 [sender.py:send_request():402] send_request: server_info
2024-11-16 21:46:53,529 DEBUG   HandlerThread:87370 [handler.py:handle_request():144] handle_request: sampled_history
2024-11-16 21:46:53,680 DEBUG   HandlerThread:87370 [handler.py:handle_request():144] handle_request: shutdown
2024-11-16 21:46:53,680 INFO    HandlerThread:87370 [handler.py:finish():842] shutting down handler
2024-11-16 21:46:54,529 INFO    WriterThread:87370 [datastore.py:close():298] close: /Users/aklywtx/Desktop/VLM_Bias_research/NN_pretrain/wandb/run-20241116_214535-6e59weyy/run-6e59weyy.wandb
2024-11-16 21:46:54,681 INFO    SenderThread:87370 [sender.py:finish():1550] shutting down sender
2024-11-16 21:46:54,681 INFO    SenderThread:87370 [file_pusher.py:finish():167] shutting down file pusher
2024-11-16 21:46:54,681 INFO    SenderThread:87370 [file_pusher.py:join():172] waiting for file pusher
