2024-11-16 20:28:49,803 INFO    StreamThr :65752 [internal.py:wandb_internal():86] W&B internal server running at pid: 65752, started at: 2024-11-16 20:28:49.803475
2024-11-16 20:28:49,804 DEBUG   HandlerThread:65752 [handler.py:handle_request():144] handle_request: status
2024-11-16 20:28:49,805 INFO    WriterThread:65752 [datastore.py:open_for_write():85] open: /Users/aklywtx/Desktop/VLM_Bias_research/NN_pretrain/wandb/run-20241116_202849-it5orncu/run-it5orncu.wandb
2024-11-16 20:28:49,806 DEBUG   SenderThread:65752 [sender.py:send():375] send: header
2024-11-16 20:28:49,838 DEBUG   SenderThread:65752 [sender.py:send():375] send: run
2024-11-16 20:28:50,258 INFO    SenderThread:65752 [dir_watcher.py:__init__():219] watching files in: /Users/aklywtx/Desktop/VLM_Bias_research/NN_pretrain/wandb/run-20241116_202849-it5orncu/files
2024-11-16 20:28:50,258 INFO    SenderThread:65752 [sender.py:_start_run_threads():1124] run started: it5orncu with start time 1731785329.801659
2024-11-16 20:28:50,258 DEBUG   SenderThread:65752 [sender.py:send_request():402] send_request: summary_record
2024-11-16 20:28:50,259 INFO    SenderThread:65752 [sender.py:_save_file():1378] saving file wandb-summary.json with policy end
2024-11-16 20:28:50,260 DEBUG   HandlerThread:65752 [handler.py:handle_request():144] handle_request: check_version
2024-11-16 20:28:50,260 DEBUG   SenderThread:65752 [sender.py:send_request():402] send_request: check_version
2024-11-16 20:28:50,390 DEBUG   HandlerThread:65752 [handler.py:handle_request():144] handle_request: run_start
2024-11-16 20:28:50,401 DEBUG   HandlerThread:65752 [system_info.py:__init__():31] System info init
2024-11-16 20:28:50,401 DEBUG   HandlerThread:65752 [system_info.py:__init__():46] System info init done
2024-11-16 20:28:50,401 INFO    HandlerThread:65752 [system_monitor.py:start():181] Starting system monitor
2024-11-16 20:28:50,401 INFO    SystemMonitor:65752 [system_monitor.py:_start():145] Starting system asset monitoring threads
2024-11-16 20:28:50,402 INFO    SystemMonitor:65752 [interfaces.py:start():190] Started cpu monitoring
2024-11-16 20:28:50,402 INFO    SystemMonitor:65752 [interfaces.py:start():190] Started disk monitoring
2024-11-16 20:28:50,402 INFO    SystemMonitor:65752 [interfaces.py:start():190] Started memory monitoring
2024-11-16 20:28:50,402 INFO    HandlerThread:65752 [system_monitor.py:probe():201] Collecting system info
2024-11-16 20:28:50,402 INFO    SystemMonitor:65752 [interfaces.py:start():190] Started network monitoring
2024-11-16 20:28:50,403 DEBUG   HandlerThread:65752 [system_info.py:probe():195] Probing system
2024-11-16 20:28:50,406 DEBUG   HandlerThread:65752 [system_info.py:_probe_git():180] Probing git
2024-11-16 20:28:50,433 DEBUG   HandlerThread:65752 [system_info.py:_probe_git():188] Probing git done
2024-11-16 20:28:50,434 DEBUG   HandlerThread:65752 [system_info.py:probe():240] Probing system done
2024-11-16 20:28:50,434 DEBUG   HandlerThread:65752 [system_monitor.py:probe():210] {'os': 'macOS-14.5-arm64-i386-64bit', 'python': '3.9.13', 'heartbeatAt': '2024-11-16T19:28:50.403094', 'startedAt': '2024-11-16T19:28:49.781875', 'docker': None, 'cuda': None, 'args': (), 'state': 'running', 'program': '/Users/aklywtx/Desktop/VLM_Bias_research/NN_pretrain/MLP/MLP_1layer_mps_only100dots_white.py', 'codePath': 'MLP/MLP_1layer_mps_only100dots_white.py', 'git': {'remote': 'git@github.com:aklywtx/NN_pretrain.git', 'commit': '79fb9213d8f97bc1c37c0dd0a2a01a0ea0927308'}, 'email': 'aklywtx233@163.com', 'root': '/Users/aklywtx/Desktop/VLM_Bias_research/NN_pretrain', 'host': 'MACBOOK-PRO-341.local', 'username': 'aklywtx', 'executable': '/Users/aklywtx/opt/anaconda3/bin/python', 'cpu_count': 8, 'cpu_count_logical': 8, 'disk': {'total': 926.3517189025879, 'used': 812.7125396728516}, 'memory': {'total': 32.0}}
2024-11-16 20:28:50,434 INFO    HandlerThread:65752 [system_monitor.py:probe():211] Finished collecting system info
2024-11-16 20:28:50,434 INFO    HandlerThread:65752 [system_monitor.py:probe():214] Publishing system info
2024-11-16 20:28:50,434 DEBUG   HandlerThread:65752 [system_info.py:_save_pip():51] Saving list of pip packages installed into the current environment
2024-11-16 20:28:50,434 DEBUG   HandlerThread:65752 [system_info.py:_save_pip():67] Saving pip packages done
2024-11-16 20:28:50,435 DEBUG   HandlerThread:65752 [system_info.py:_save_conda():74] Saving list of conda packages installed into the current environment
2024-11-16 20:28:51,265 INFO    Thread-12 :65752 [dir_watcher.py:_on_file_created():278] file/dir created: /Users/aklywtx/Desktop/VLM_Bias_research/NN_pretrain/wandb/run-20241116_202849-it5orncu/files/wandb-summary.json
2024-11-16 20:28:51,265 INFO    Thread-12 :65752 [dir_watcher.py:_on_file_created():278] file/dir created: /Users/aklywtx/Desktop/VLM_Bias_research/NN_pretrain/wandb/run-20241116_202849-it5orncu/files/requirements.txt
2024-11-16 20:28:51,265 INFO    Thread-12 :65752 [dir_watcher.py:_on_file_created():278] file/dir created: /Users/aklywtx/Desktop/VLM_Bias_research/NN_pretrain/wandb/run-20241116_202849-it5orncu/files/conda-environment.yaml
2024-11-16 20:29:07,609 DEBUG   HandlerThread:65752 [system_info.py:_save_conda():86] Saving conda packages done
2024-11-16 20:29:07,610 INFO    HandlerThread:65752 [system_monitor.py:probe():216] Finished publishing system info
2024-11-16 20:29:07,619 DEBUG   HandlerThread:65752 [handler.py:handle_request():144] handle_request: status_report
2024-11-16 20:29:07,619 DEBUG   HandlerThread:65752 [handler.py:handle_request():144] handle_request: keepalive
2024-11-16 20:29:07,619 DEBUG   HandlerThread:65752 [handler.py:handle_request():144] handle_request: status_report
2024-11-16 20:29:07,619 DEBUG   HandlerThread:65752 [handler.py:handle_request():144] handle_request: keepalive
2024-11-16 20:29:07,619 DEBUG   HandlerThread:65752 [handler.py:handle_request():144] handle_request: status_report
2024-11-16 20:29:07,619 DEBUG   HandlerThread:65752 [handler.py:handle_request():144] handle_request: keepalive
2024-11-16 20:29:07,620 DEBUG   SenderThread:65752 [sender.py:send():375] send: files
2024-11-16 20:29:07,620 INFO    SenderThread:65752 [sender.py:_save_file():1378] saving file wandb-metadata.json with policy now
2024-11-16 20:29:07,623 DEBUG   HandlerThread:65752 [handler.py:handle_request():144] handle_request: stop_status
2024-11-16 20:29:07,623 DEBUG   SenderThread:65752 [sender.py:send_request():402] send_request: stop_status
2024-11-16 20:29:07,867 DEBUG   SenderThread:65752 [sender.py:send():375] send: telemetry
2024-11-16 20:29:08,220 INFO    wandb-upload_0:65752 [upload_job.py:push():137] Uploaded file /var/folders/b8/j860yxxx1bb1pjgc34kr65dm0000gn/T/tmpk65nqc74wandb/vpxfyq8y-wandb-metadata.json
2024-11-16 20:29:08,348 INFO    Thread-12 :65752 [dir_watcher.py:_on_file_modified():295] file/dir modified: /Users/aklywtx/Desktop/VLM_Bias_research/NN_pretrain/wandb/run-20241116_202849-it5orncu/files/conda-environment.yaml
2024-11-16 20:29:08,348 INFO    Thread-12 :65752 [dir_watcher.py:_on_file_created():278] file/dir created: /Users/aklywtx/Desktop/VLM_Bias_research/NN_pretrain/wandb/run-20241116_202849-it5orncu/files/wandb-metadata.json
2024-11-16 20:29:10,881 DEBUG   HandlerThread:65752 [handler.py:handle_request():144] handle_request: status_report
2024-11-16 20:29:15,382 INFO    Thread-12 :65752 [dir_watcher.py:_on_file_created():278] file/dir created: /Users/aklywtx/Desktop/VLM_Bias_research/NN_pretrain/wandb/run-20241116_202849-it5orncu/files/output.log
2024-11-16 20:29:15,950 DEBUG   HandlerThread:65752 [handler.py:handle_request():144] handle_request: status_report
2024-11-16 20:29:17,392 INFO    Thread-12 :65752 [dir_watcher.py:_on_file_modified():295] file/dir modified: /Users/aklywtx/Desktop/VLM_Bias_research/NN_pretrain/wandb/run-20241116_202849-it5orncu/files/output.log
2024-11-16 20:29:17,924 DEBUG   HandlerThread:65752 [handler.py:handle_request():144] handle_request: partial_history
2024-11-16 20:29:17,925 DEBUG   SenderThread:65752 [sender.py:send():375] send: history
2024-11-16 20:29:17,925 DEBUG   SenderThread:65752 [sender.py:send_request():402] send_request: summary_record
2024-11-16 20:29:17,925 INFO    SenderThread:65752 [sender.py:_save_file():1378] saving file wandb-summary.json with policy end
2024-11-16 20:29:18,396 INFO    Thread-12 :65752 [dir_watcher.py:_on_file_modified():295] file/dir modified: /Users/aklywtx/Desktop/VLM_Bias_research/NN_pretrain/wandb/run-20241116_202849-it5orncu/files/wandb-summary.json
2024-11-16 20:29:19,398 INFO    Thread-12 :65752 [dir_watcher.py:_on_file_modified():295] file/dir modified: /Users/aklywtx/Desktop/VLM_Bias_research/NN_pretrain/wandb/run-20241116_202849-it5orncu/files/output.log
2024-11-16 20:29:20,027 DEBUG   HandlerThread:65752 [handler.py:handle_request():144] handle_request: partial_history
2024-11-16 20:29:20,028 DEBUG   SenderThread:65752 [sender.py:send():375] send: history
2024-11-16 20:29:20,028 DEBUG   SenderThread:65752 [sender.py:send_request():402] send_request: summary_record
2024-11-16 20:29:20,029 INFO    SenderThread:65752 [sender.py:_save_file():1378] saving file wandb-summary.json with policy end
2024-11-16 20:29:20,399 INFO    Thread-12 :65752 [dir_watcher.py:_on_file_modified():295] file/dir modified: /Users/aklywtx/Desktop/VLM_Bias_research/NN_pretrain/wandb/run-20241116_202849-it5orncu/files/wandb-summary.json
2024-11-16 20:29:20,960 DEBUG   HandlerThread:65752 [handler.py:handle_request():144] handle_request: status_report
2024-11-16 20:29:21,402 INFO    Thread-12 :65752 [dir_watcher.py:_on_file_modified():295] file/dir modified: /Users/aklywtx/Desktop/VLM_Bias_research/NN_pretrain/wandb/run-20241116_202849-it5orncu/files/output.log
2024-11-16 20:29:21,402 INFO    Thread-12 :65752 [dir_watcher.py:_on_file_modified():295] file/dir modified: /Users/aklywtx/Desktop/VLM_Bias_research/NN_pretrain/wandb/run-20241116_202849-it5orncu/files/config.yaml
2024-11-16 20:29:22,037 DEBUG   HandlerThread:65752 [handler.py:handle_request():144] handle_request: partial_history
2024-11-16 20:29:22,038 DEBUG   SenderThread:65752 [sender.py:send():375] send: history
2024-11-16 20:29:22,038 DEBUG   SenderThread:65752 [sender.py:send_request():402] send_request: summary_record
2024-11-16 20:29:22,038 INFO    SenderThread:65752 [sender.py:_save_file():1378] saving file wandb-summary.json with policy end
2024-11-16 20:29:22,407 INFO    Thread-12 :65752 [dir_watcher.py:_on_file_modified():295] file/dir modified: /Users/aklywtx/Desktop/VLM_Bias_research/NN_pretrain/wandb/run-20241116_202849-it5orncu/files/wandb-summary.json
2024-11-16 20:29:22,628 DEBUG   HandlerThread:65752 [handler.py:handle_request():144] handle_request: stop_status
2024-11-16 20:29:22,629 DEBUG   SenderThread:65752 [sender.py:send_request():402] send_request: stop_status
2024-11-16 20:29:23,411 INFO    Thread-12 :65752 [dir_watcher.py:_on_file_modified():295] file/dir modified: /Users/aklywtx/Desktop/VLM_Bias_research/NN_pretrain/wandb/run-20241116_202849-it5orncu/files/output.log
2024-11-16 20:29:24,119 DEBUG   HandlerThread:65752 [handler.py:handle_request():144] handle_request: partial_history
2024-11-16 20:29:24,120 DEBUG   SenderThread:65752 [sender.py:send():375] send: history
2024-11-16 20:29:24,120 DEBUG   SenderThread:65752 [sender.py:send_request():402] send_request: summary_record
2024-11-16 20:29:24,121 INFO    SenderThread:65752 [sender.py:_save_file():1378] saving file wandb-summary.json with policy end
2024-11-16 20:29:24,416 INFO    Thread-12 :65752 [dir_watcher.py:_on_file_modified():295] file/dir modified: /Users/aklywtx/Desktop/VLM_Bias_research/NN_pretrain/wandb/run-20241116_202849-it5orncu/files/wandb-summary.json
2024-11-16 20:29:25,418 INFO    Thread-12 :65752 [dir_watcher.py:_on_file_modified():295] file/dir modified: /Users/aklywtx/Desktop/VLM_Bias_research/NN_pretrain/wandb/run-20241116_202849-it5orncu/files/output.log
2024-11-16 20:29:26,102 DEBUG   HandlerThread:65752 [handler.py:handle_request():144] handle_request: partial_history
2024-11-16 20:29:26,103 DEBUG   SenderThread:65752 [sender.py:send():375] send: history
2024-11-16 20:29:26,103 DEBUG   SenderThread:65752 [sender.py:send_request():402] send_request: summary_record
2024-11-16 20:29:26,103 INFO    SenderThread:65752 [sender.py:_save_file():1378] saving file wandb-summary.json with policy end
2024-11-16 20:29:26,415 DEBUG   HandlerThread:65752 [handler.py:handle_request():144] handle_request: status_report
2024-11-16 20:29:26,420 INFO    Thread-12 :65752 [dir_watcher.py:_on_file_modified():295] file/dir modified: /Users/aklywtx/Desktop/VLM_Bias_research/NN_pretrain/wandb/run-20241116_202849-it5orncu/files/wandb-summary.json
2024-11-16 20:29:27,425 INFO    Thread-12 :65752 [dir_watcher.py:_on_file_modified():295] file/dir modified: /Users/aklywtx/Desktop/VLM_Bias_research/NN_pretrain/wandb/run-20241116_202849-it5orncu/files/output.log
2024-11-16 20:29:28,118 DEBUG   HandlerThread:65752 [handler.py:handle_request():144] handle_request: partial_history
2024-11-16 20:29:28,119 DEBUG   SenderThread:65752 [sender.py:send():375] send: history
2024-11-16 20:29:28,119 DEBUG   SenderThread:65752 [sender.py:send_request():402] send_request: summary_record
2024-11-16 20:29:28,119 INFO    SenderThread:65752 [sender.py:_save_file():1378] saving file wandb-summary.json with policy end
2024-11-16 20:29:28,431 INFO    Thread-12 :65752 [dir_watcher.py:_on_file_modified():295] file/dir modified: /Users/aklywtx/Desktop/VLM_Bias_research/NN_pretrain/wandb/run-20241116_202849-it5orncu/files/wandb-summary.json
2024-11-16 20:29:29,264 DEBUG   SenderThread:65752 [sender.py:send():375] send: exit
2024-11-16 20:29:29,264 INFO    SenderThread:65752 [sender.py:send_exit():598] handling exit code: 1
2024-11-16 20:29:29,264 INFO    SenderThread:65752 [sender.py:send_exit():600] handling runtime: 38
2024-11-16 20:29:29,265 INFO    SenderThread:65752 [sender.py:_save_file():1378] saving file wandb-summary.json with policy end
2024-11-16 20:29:29,265 INFO    SenderThread:65752 [sender.py:send_exit():606] send defer
2024-11-16 20:29:29,265 DEBUG   HandlerThread:65752 [handler.py:handle_request():144] handle_request: defer
2024-11-16 20:29:29,265 INFO    HandlerThread:65752 [handler.py:handle_request_defer():170] handle defer: 0
2024-11-16 20:29:29,267 DEBUG   SenderThread:65752 [sender.py:send_request():402] send_request: defer
2024-11-16 20:29:29,268 INFO    SenderThread:65752 [sender.py:send_request_defer():622] handle sender defer: 0
2024-11-16 20:29:29,268 INFO    SenderThread:65752 [sender.py:transition_state():626] send defer: 1
2024-11-16 20:29:29,268 DEBUG   HandlerThread:65752 [handler.py:handle_request():144] handle_request: defer
2024-11-16 20:29:29,268 INFO    HandlerThread:65752 [handler.py:handle_request_defer():170] handle defer: 1
2024-11-16 20:29:29,268 DEBUG   SenderThread:65752 [sender.py:send_request():402] send_request: defer
2024-11-16 20:29:29,268 INFO    SenderThread:65752 [sender.py:send_request_defer():622] handle sender defer: 1
2024-11-16 20:29:29,268 INFO    SenderThread:65752 [sender.py:transition_state():626] send defer: 2
2024-11-16 20:29:29,268 DEBUG   HandlerThread:65752 [handler.py:handle_request():144] handle_request: defer
2024-11-16 20:29:29,269 INFO    HandlerThread:65752 [handler.py:handle_request_defer():170] handle defer: 2
2024-11-16 20:29:29,269 INFO    HandlerThread:65752 [system_monitor.py:finish():190] Stopping system monitor
2024-11-16 20:29:29,269 DEBUG   SystemMonitor:65752 [system_monitor.py:_start():159] Starting system metrics aggregation loop
2024-11-16 20:29:29,269 DEBUG   SystemMonitor:65752 [system_monitor.py:_start():166] Finished system metrics aggregation loop
2024-11-16 20:29:29,269 DEBUG   SystemMonitor:65752 [system_monitor.py:_start():170] Publishing last batch of metrics
2024-11-16 20:29:29,270 INFO    HandlerThread:65752 [interfaces.py:finish():202] Joined cpu monitor
2024-11-16 20:29:29,270 INFO    HandlerThread:65752 [interfaces.py:finish():202] Joined disk monitor
2024-11-16 20:29:29,272 INFO    HandlerThread:65752 [interfaces.py:finish():202] Joined memory monitor
2024-11-16 20:29:29,273 INFO    HandlerThread:65752 [interfaces.py:finish():202] Joined network monitor
2024-11-16 20:29:29,274 DEBUG   SenderThread:65752 [sender.py:send_request():402] send_request: defer
2024-11-16 20:29:29,274 INFO    SenderThread:65752 [sender.py:send_request_defer():622] handle sender defer: 2
2024-11-16 20:29:29,274 INFO    SenderThread:65752 [sender.py:transition_state():626] send defer: 3
2024-11-16 20:29:29,274 DEBUG   SenderThread:65752 [sender.py:send():375] send: stats
2024-11-16 20:29:29,275 DEBUG   HandlerThread:65752 [handler.py:handle_request():144] handle_request: defer
2024-11-16 20:29:29,275 INFO    HandlerThread:65752 [handler.py:handle_request_defer():170] handle defer: 3
2024-11-16 20:29:29,279 DEBUG   SenderThread:65752 [sender.py:send_request():402] send_request: defer
2024-11-16 20:29:29,279 INFO    SenderThread:65752 [sender.py:send_request_defer():622] handle sender defer: 3
2024-11-16 20:29:29,279 INFO    SenderThread:65752 [sender.py:transition_state():626] send defer: 4
2024-11-16 20:29:29,281 DEBUG   HandlerThread:65752 [handler.py:handle_request():144] handle_request: defer
2024-11-16 20:29:29,281 INFO    HandlerThread:65752 [handler.py:handle_request_defer():170] handle defer: 4
2024-11-16 20:29:29,282 DEBUG   SenderThread:65752 [sender.py:send_request():402] send_request: defer
2024-11-16 20:29:29,282 INFO    SenderThread:65752 [sender.py:send_request_defer():622] handle sender defer: 4
2024-11-16 20:29:29,282 INFO    SenderThread:65752 [sender.py:transition_state():626] send defer: 5
2024-11-16 20:29:29,282 DEBUG   HandlerThread:65752 [handler.py:handle_request():144] handle_request: defer
2024-11-16 20:29:29,282 INFO    HandlerThread:65752 [handler.py:handle_request_defer():170] handle defer: 5
2024-11-16 20:29:29,283 DEBUG   SenderThread:65752 [sender.py:send():375] send: summary
2024-11-16 20:29:29,284 INFO    SenderThread:65752 [sender.py:_save_file():1378] saving file wandb-summary.json with policy end
2024-11-16 20:29:29,284 DEBUG   SenderThread:65752 [sender.py:send_request():402] send_request: defer
2024-11-16 20:29:29,284 INFO    SenderThread:65752 [sender.py:send_request_defer():622] handle sender defer: 5
2024-11-16 20:29:29,284 INFO    SenderThread:65752 [sender.py:transition_state():626] send defer: 6
2024-11-16 20:29:29,284 DEBUG   HandlerThread:65752 [handler.py:handle_request():144] handle_request: defer
2024-11-16 20:29:29,284 INFO    HandlerThread:65752 [handler.py:handle_request_defer():170] handle defer: 6
2024-11-16 20:29:29,284 DEBUG   SenderThread:65752 [sender.py:send_request():402] send_request: defer
2024-11-16 20:29:29,284 INFO    SenderThread:65752 [sender.py:send_request_defer():622] handle sender defer: 6
2024-11-16 20:29:29,285 INFO    SenderThread:65752 [sender.py:transition_state():626] send defer: 7
2024-11-16 20:29:29,285 DEBUG   HandlerThread:65752 [handler.py:handle_request():144] handle_request: status_report
2024-11-16 20:29:29,285 DEBUG   HandlerThread:65752 [handler.py:handle_request():144] handle_request: defer
2024-11-16 20:29:29,285 INFO    HandlerThread:65752 [handler.py:handle_request_defer():170] handle defer: 7
2024-11-16 20:29:29,285 DEBUG   SenderThread:65752 [sender.py:send_request():402] send_request: defer
2024-11-16 20:29:29,285 INFO    SenderThread:65752 [sender.py:send_request_defer():622] handle sender defer: 7
2024-11-16 20:29:29,436 INFO    Thread-12 :65752 [dir_watcher.py:_on_file_modified():295] file/dir modified: /Users/aklywtx/Desktop/VLM_Bias_research/NN_pretrain/wandb/run-20241116_202849-it5orncu/files/wandb-summary.json
2024-11-16 20:29:29,436 INFO    Thread-12 :65752 [dir_watcher.py:_on_file_modified():295] file/dir modified: /Users/aklywtx/Desktop/VLM_Bias_research/NN_pretrain/wandb/run-20241116_202849-it5orncu/files/output.log
2024-11-16 20:29:30,262 DEBUG   HandlerThread:65752 [handler.py:handle_request():144] handle_request: poll_exit
2024-11-16 20:29:31,447 INFO    Thread-12 :65752 [dir_watcher.py:_on_file_modified():295] file/dir modified: /Users/aklywtx/Desktop/VLM_Bias_research/NN_pretrain/wandb/run-20241116_202849-it5orncu/files/output.log
2024-11-16 20:29:33,100 INFO    SenderThread:65752 [sender.py:transition_state():626] send defer: 8
2024-11-16 20:29:33,100 DEBUG   SenderThread:65752 [sender.py:send_request():402] send_request: poll_exit
2024-11-16 20:29:33,100 DEBUG   HandlerThread:65752 [handler.py:handle_request():144] handle_request: defer
2024-11-16 20:29:33,100 INFO    HandlerThread:65752 [handler.py:handle_request_defer():170] handle defer: 8
2024-11-16 20:29:33,100 DEBUG   SenderThread:65752 [sender.py:send_request():402] send_request: defer
2024-11-16 20:29:33,100 INFO    SenderThread:65752 [sender.py:send_request_defer():622] handle sender defer: 8
2024-11-16 20:29:33,104 INFO    SenderThread:65752 [sender.py:transition_state():626] send defer: 9
2024-11-16 20:29:33,105 DEBUG   HandlerThread:65752 [handler.py:handle_request():144] handle_request: defer
2024-11-16 20:29:33,105 DEBUG   SenderThread:65752 [sender.py:send():375] send: artifact
2024-11-16 20:29:33,105 INFO    HandlerThread:65752 [handler.py:handle_request_defer():170] handle defer: 9
2024-11-16 20:29:33,455 INFO    Thread-12 :65752 [dir_watcher.py:_on_file_modified():295] file/dir modified: /Users/aklywtx/Desktop/VLM_Bias_research/NN_pretrain/wandb/run-20241116_202849-it5orncu/files/output.log
2024-11-16 20:29:34,417 INFO    wandb-upload_0:65752 [upload_job.py:push():95] Uploaded file /Users/aklywtx/Library/Application Support/wandb/artifacts/staging/tmp4ojjo685
2024-11-16 20:29:34,438 INFO    wandb-upload_1:65752 [upload_job.py:push():95] Uploaded file /Users/aklywtx/Library/Application Support/wandb/artifacts/staging/tmpocnimt_p
2024-11-16 20:29:35,284 DEBUG   HandlerThread:65752 [handler.py:handle_request():144] handle_request: keepalive
2024-11-16 20:29:35,595 INFO    SenderThread:65752 [sender.py:send_artifact():1474] sent artifact job-git_github.com_aklywtx_NN_pretrain.git_MLP_MLP_1layer_mps_only100dots_white.py - {'id': 'QXJ0aWZhY3Q6MTMzODAwMzc2NQ==', 'digest': '7f2b7362ccadc641fe40ebcebce09783', 'state': 'PENDING', 'aliases': [], 'artifactSequence': {'id': 'QXJ0aWZhY3RDb2xsZWN0aW9uOjQ5NjQzODk4Nw==', 'latestArtifact': None}, 'version': 'latest'}
2024-11-16 20:29:35,596 DEBUG   SenderThread:65752 [sender.py:send_request():402] send_request: defer
2024-11-16 20:29:35,596 INFO    SenderThread:65752 [sender.py:send_request_defer():622] handle sender defer: 9
2024-11-16 20:29:35,596 INFO    SenderThread:65752 [dir_watcher.py:finish():365] shutting down directory watcher
2024-11-16 20:29:36,472 INFO    SenderThread:65752 [dir_watcher.py:finish():395] scan: /Users/aklywtx/Desktop/VLM_Bias_research/NN_pretrain/wandb/run-20241116_202849-it5orncu/files
2024-11-16 20:29:36,473 INFO    SenderThread:65752 [dir_watcher.py:finish():409] scan save: /Users/aklywtx/Desktop/VLM_Bias_research/NN_pretrain/wandb/run-20241116_202849-it5orncu/files/requirements.txt requirements.txt
2024-11-16 20:29:36,473 INFO    SenderThread:65752 [dir_watcher.py:finish():409] scan save: /Users/aklywtx/Desktop/VLM_Bias_research/NN_pretrain/wandb/run-20241116_202849-it5orncu/files/output.log output.log
2024-11-16 20:29:36,476 INFO    SenderThread:65752 [dir_watcher.py:finish():409] scan save: /Users/aklywtx/Desktop/VLM_Bias_research/NN_pretrain/wandb/run-20241116_202849-it5orncu/files/config.yaml config.yaml
2024-11-16 20:29:36,476 INFO    SenderThread:65752 [dir_watcher.py:finish():409] scan save: /Users/aklywtx/Desktop/VLM_Bias_research/NN_pretrain/wandb/run-20241116_202849-it5orncu/files/wandb-summary.json wandb-summary.json
2024-11-16 20:29:36,479 INFO    SenderThread:65752 [dir_watcher.py:finish():409] scan save: /Users/aklywtx/Desktop/VLM_Bias_research/NN_pretrain/wandb/run-20241116_202849-it5orncu/files/conda-environment.yaml conda-environment.yaml
2024-11-16 20:29:36,482 INFO    SenderThread:65752 [dir_watcher.py:finish():409] scan save: /Users/aklywtx/Desktop/VLM_Bias_research/NN_pretrain/wandb/run-20241116_202849-it5orncu/files/wandb-metadata.json wandb-metadata.json
2024-11-16 20:29:36,483 INFO    SenderThread:65752 [sender.py:transition_state():626] send defer: 10
2024-11-16 20:29:36,487 DEBUG   HandlerThread:65752 [handler.py:handle_request():144] handle_request: defer
2024-11-16 20:29:36,487 INFO    HandlerThread:65752 [handler.py:handle_request_defer():170] handle defer: 10
2024-11-16 20:29:36,487 DEBUG   SenderThread:65752 [sender.py:send_request():402] send_request: defer
2024-11-16 20:29:36,488 INFO    SenderThread:65752 [sender.py:send_request_defer():622] handle sender defer: 10
2024-11-16 20:29:36,488 INFO    SenderThread:65752 [file_pusher.py:finish():167] shutting down file pusher
2024-11-16 20:29:36,891 INFO    wandb-upload_1:65752 [upload_job.py:push():137] Uploaded file /Users/aklywtx/Desktop/VLM_Bias_research/NN_pretrain/wandb/run-20241116_202849-it5orncu/files/output.log
2024-11-16 20:29:37,095 INFO    wandb-upload_4:65752 [upload_job.py:push():137] Uploaded file /Users/aklywtx/Desktop/VLM_Bias_research/NN_pretrain/wandb/run-20241116_202849-it5orncu/files/conda-environment.yaml
2024-11-16 20:29:37,112 INFO    wandb-upload_2:65752 [upload_job.py:push():137] Uploaded file /Users/aklywtx/Desktop/VLM_Bias_research/NN_pretrain/wandb/run-20241116_202849-it5orncu/files/config.yaml
2024-11-16 20:29:37,117 INFO    wandb-upload_3:65752 [upload_job.py:push():137] Uploaded file /Users/aklywtx/Desktop/VLM_Bias_research/NN_pretrain/wandb/run-20241116_202849-it5orncu/files/wandb-summary.json
2024-11-16 20:29:37,118 INFO    wandb-upload_0:65752 [upload_job.py:push():137] Uploaded file /Users/aklywtx/Desktop/VLM_Bias_research/NN_pretrain/wandb/run-20241116_202849-it5orncu/files/requirements.txt
2024-11-16 20:29:37,324 INFO    Thread-11 :65752 [sender.py:transition_state():626] send defer: 11
2024-11-16 20:29:37,325 DEBUG   HandlerThread:65752 [handler.py:handle_request():144] handle_request: defer
2024-11-16 20:29:37,325 INFO    HandlerThread:65752 [handler.py:handle_request_defer():170] handle defer: 11
2024-11-16 20:29:37,326 DEBUG   SenderThread:65752 [sender.py:send_request():402] send_request: defer
2024-11-16 20:29:37,326 INFO    SenderThread:65752 [sender.py:send_request_defer():622] handle sender defer: 11
2024-11-16 20:29:37,326 INFO    SenderThread:65752 [file_pusher.py:join():172] waiting for file pusher
2024-11-16 20:29:37,326 INFO    SenderThread:65752 [sender.py:transition_state():626] send defer: 12
2024-11-16 20:29:37,327 DEBUG   HandlerThread:65752 [handler.py:handle_request():144] handle_request: defer
2024-11-16 20:29:37,327 INFO    HandlerThread:65752 [handler.py:handle_request_defer():170] handle defer: 12
2024-11-16 20:29:37,327 DEBUG   SenderThread:65752 [sender.py:send_request():402] send_request: defer
2024-11-16 20:29:37,327 INFO    SenderThread:65752 [sender.py:send_request_defer():622] handle sender defer: 12
2024-11-16 20:29:37,491 INFO    SenderThread:65752 [sender.py:transition_state():626] send defer: 13
2024-11-16 20:29:37,491 DEBUG   HandlerThread:65752 [handler.py:handle_request():144] handle_request: defer
2024-11-16 20:29:37,491 INFO    HandlerThread:65752 [handler.py:handle_request_defer():170] handle defer: 13
2024-11-16 20:29:37,491 DEBUG   SenderThread:65752 [sender.py:send_request():402] send_request: defer
2024-11-16 20:29:37,491 INFO    SenderThread:65752 [sender.py:send_request_defer():622] handle sender defer: 13
2024-11-16 20:29:37,492 INFO    SenderThread:65752 [sender.py:transition_state():626] send defer: 14
2024-11-16 20:29:37,492 DEBUG   HandlerThread:65752 [handler.py:handle_request():144] handle_request: defer
2024-11-16 20:29:37,492 INFO    HandlerThread:65752 [handler.py:handle_request_defer():170] handle defer: 14
2024-11-16 20:29:37,492 DEBUG   SenderThread:65752 [sender.py:send():375] send: final
2024-11-16 20:29:37,492 DEBUG   SenderThread:65752 [sender.py:send():375] send: footer
2024-11-16 20:29:37,492 DEBUG   SenderThread:65752 [sender.py:send_request():402] send_request: defer
2024-11-16 20:29:37,492 INFO    SenderThread:65752 [sender.py:send_request_defer():622] handle sender defer: 14
2024-11-16 20:29:37,492 DEBUG   HandlerThread:65752 [handler.py:handle_request():144] handle_request: poll_exit
2024-11-16 20:29:37,492 DEBUG   HandlerThread:65752 [handler.py:handle_request():144] handle_request: server_info
2024-11-16 20:29:37,492 DEBUG   HandlerThread:65752 [handler.py:handle_request():144] handle_request: get_summary
2024-11-16 20:29:37,492 DEBUG   HandlerThread:65752 [handler.py:handle_request():144] handle_request: sampled_history
2024-11-16 20:29:37,493 DEBUG   SenderThread:65752 [sender.py:send_request():402] send_request: poll_exit
2024-11-16 20:29:37,493 DEBUG   SenderThread:65752 [sender.py:send_request():402] send_request: server_info
2024-11-16 20:29:37,632 INFO    MainThread:65752 [wandb_run.py:_footer_history_summary_info():3469] rendering history
2024-11-16 20:29:37,634 INFO    MainThread:65752 [wandb_run.py:_footer_history_summary_info():3501] rendering summary
2024-11-16 20:29:37,635 INFO    MainThread:65752 [wandb_run.py:_footer_sync_info():3428] logging synced files
2024-11-16 20:29:37,636 DEBUG   HandlerThread:65752 [handler.py:handle_request():144] handle_request: shutdown
2024-11-16 20:29:37,636 INFO    HandlerThread:65752 [handler.py:finish():842] shutting down handler
2024-11-16 20:29:38,498 INFO    WriterThread:65752 [datastore.py:close():298] close: /Users/aklywtx/Desktop/VLM_Bias_research/NN_pretrain/wandb/run-20241116_202849-it5orncu/run-it5orncu.wandb
2024-11-16 20:29:38,634 INFO    SenderThread:65752 [sender.py:finish():1550] shutting down sender
2024-11-16 20:29:38,634 INFO    SenderThread:65752 [file_pusher.py:finish():167] shutting down file pusher
2024-11-16 20:29:38,634 INFO    SenderThread:65752 [file_pusher.py:join():172] waiting for file pusher
