2024-11-16 20:35:27,056 INFO    StreamThr :67631 [internal.py:wandb_internal():86] W&B internal server running at pid: 67631, started at: 2024-11-16 20:35:27.055624
2024-11-16 20:35:27,056 DEBUG   HandlerThread:67631 [handler.py:handle_request():144] handle_request: status
2024-11-16 20:35:27,058 INFO    WriterThread:67631 [datastore.py:open_for_write():85] open: /Users/aklywtx/Desktop/VLM_Bias_research/NN_pretrain/wandb/run-20241116_203527-4qu0pmk7/run-4qu0pmk7.wandb
2024-11-16 20:35:27,058 DEBUG   SenderThread:67631 [sender.py:send():375] send: header
2024-11-16 20:35:27,084 DEBUG   SenderThread:67631 [sender.py:send():375] send: run
2024-11-16 20:35:27,613 INFO    SenderThread:67631 [dir_watcher.py:__init__():219] watching files in: /Users/aklywtx/Desktop/VLM_Bias_research/NN_pretrain/wandb/run-20241116_203527-4qu0pmk7/files
2024-11-16 20:35:27,613 INFO    SenderThread:67631 [sender.py:_start_run_threads():1124] run started: 4qu0pmk7 with start time 1731785727.054757
2024-11-16 20:35:27,613 DEBUG   SenderThread:67631 [sender.py:send_request():402] send_request: summary_record
2024-11-16 20:35:27,614 INFO    SenderThread:67631 [sender.py:_save_file():1378] saving file wandb-summary.json with policy end
2024-11-16 20:35:27,615 DEBUG   HandlerThread:67631 [handler.py:handle_request():144] handle_request: check_version
2024-11-16 20:35:27,615 DEBUG   SenderThread:67631 [sender.py:send_request():402] send_request: check_version
2024-11-16 20:35:27,991 DEBUG   HandlerThread:67631 [handler.py:handle_request():144] handle_request: run_start
2024-11-16 20:35:27,999 DEBUG   HandlerThread:67631 [system_info.py:__init__():31] System info init
2024-11-16 20:35:28,000 DEBUG   HandlerThread:67631 [system_info.py:__init__():46] System info init done
2024-11-16 20:35:28,000 INFO    HandlerThread:67631 [system_monitor.py:start():181] Starting system monitor
2024-11-16 20:35:28,000 INFO    SystemMonitor:67631 [system_monitor.py:_start():145] Starting system asset monitoring threads
2024-11-16 20:35:28,001 INFO    HandlerThread:67631 [system_monitor.py:probe():201] Collecting system info
2024-11-16 20:35:28,001 DEBUG   HandlerThread:67631 [system_info.py:probe():195] Probing system
2024-11-16 20:35:28,001 INFO    SystemMonitor:67631 [interfaces.py:start():190] Started cpu monitoring
2024-11-16 20:35:28,001 INFO    SystemMonitor:67631 [interfaces.py:start():190] Started disk monitoring
2024-11-16 20:35:28,001 INFO    SystemMonitor:67631 [interfaces.py:start():190] Started memory monitoring
2024-11-16 20:35:28,002 INFO    SystemMonitor:67631 [interfaces.py:start():190] Started network monitoring
2024-11-16 20:35:28,005 DEBUG   HandlerThread:67631 [system_info.py:_probe_git():180] Probing git
2024-11-16 20:35:28,032 DEBUG   HandlerThread:67631 [system_info.py:_probe_git():188] Probing git done
2024-11-16 20:35:28,032 DEBUG   HandlerThread:67631 [system_info.py:probe():240] Probing system done
2024-11-16 20:35:28,032 DEBUG   HandlerThread:67631 [system_monitor.py:probe():210] {'os': 'macOS-14.5-arm64-i386-64bit', 'python': '3.9.13', 'heartbeatAt': '2024-11-16T19:35:28.001242', 'startedAt': '2024-11-16T19:35:27.042733', 'docker': None, 'cuda': None, 'args': (), 'state': 'running', 'program': '/Users/aklywtx/Desktop/VLM_Bias_research/NN_pretrain/MLP/MLP_1layer_mps_only100dots_white.py', 'codePath': 'MLP/MLP_1layer_mps_only100dots_white.py', 'git': {'remote': 'git@github.com:aklywtx/NN_pretrain.git', 'commit': '79fb9213d8f97bc1c37c0dd0a2a01a0ea0927308'}, 'email': 'aklywtx233@163.com', 'root': '/Users/aklywtx/Desktop/VLM_Bias_research/NN_pretrain', 'host': 'MACBOOK-PRO-341.local', 'username': 'aklywtx', 'executable': '/Users/aklywtx/opt/anaconda3/bin/python', 'cpu_count': 8, 'cpu_count_logical': 8, 'disk': {'total': 926.3517189025879, 'used': 812.7646560668945}, 'memory': {'total': 32.0}}
2024-11-16 20:35:28,032 INFO    HandlerThread:67631 [system_monitor.py:probe():211] Finished collecting system info
2024-11-16 20:35:28,033 INFO    HandlerThread:67631 [system_monitor.py:probe():214] Publishing system info
2024-11-16 20:35:28,033 DEBUG   HandlerThread:67631 [system_info.py:_save_pip():51] Saving list of pip packages installed into the current environment
2024-11-16 20:35:28,034 DEBUG   HandlerThread:67631 [system_info.py:_save_pip():67] Saving pip packages done
2024-11-16 20:35:28,034 DEBUG   HandlerThread:67631 [system_info.py:_save_conda():74] Saving list of conda packages installed into the current environment
2024-11-16 20:35:28,618 INFO    Thread-12 :67631 [dir_watcher.py:_on_file_created():278] file/dir created: /Users/aklywtx/Desktop/VLM_Bias_research/NN_pretrain/wandb/run-20241116_203527-4qu0pmk7/files/wandb-summary.json
2024-11-16 20:35:28,618 INFO    Thread-12 :67631 [dir_watcher.py:_on_file_created():278] file/dir created: /Users/aklywtx/Desktop/VLM_Bias_research/NN_pretrain/wandb/run-20241116_203527-4qu0pmk7/files/requirements.txt
2024-11-16 20:35:28,618 INFO    Thread-12 :67631 [dir_watcher.py:_on_file_created():278] file/dir created: /Users/aklywtx/Desktop/VLM_Bias_research/NN_pretrain/wandb/run-20241116_203527-4qu0pmk7/files/conda-environment.yaml
2024-11-16 20:35:47,470 DEBUG   HandlerThread:67631 [system_info.py:_save_conda():86] Saving conda packages done
2024-11-16 20:35:47,471 INFO    HandlerThread:67631 [system_monitor.py:probe():216] Finished publishing system info
2024-11-16 20:35:47,482 DEBUG   HandlerThread:67631 [handler.py:handle_request():144] handle_request: keepalive
2024-11-16 20:35:47,482 DEBUG   HandlerThread:67631 [handler.py:handle_request():144] handle_request: status_report
2024-11-16 20:35:47,482 DEBUG   HandlerThread:67631 [handler.py:handle_request():144] handle_request: keepalive
2024-11-16 20:35:47,482 DEBUG   HandlerThread:67631 [handler.py:handle_request():144] handle_request: status_report
2024-11-16 20:35:47,482 DEBUG   HandlerThread:67631 [handler.py:handle_request():144] handle_request: keepalive
2024-11-16 20:35:47,482 DEBUG   HandlerThread:67631 [handler.py:handle_request():144] handle_request: status_report
2024-11-16 20:35:47,482 DEBUG   SenderThread:67631 [sender.py:send():375] send: files
2024-11-16 20:35:47,482 INFO    SenderThread:67631 [sender.py:_save_file():1378] saving file wandb-metadata.json with policy now
2024-11-16 20:35:47,485 DEBUG   HandlerThread:67631 [handler.py:handle_request():144] handle_request: stop_status
2024-11-16 20:35:47,486 DEBUG   SenderThread:67631 [sender.py:send_request():402] send_request: stop_status
2024-11-16 20:35:47,692 INFO    Thread-12 :67631 [dir_watcher.py:_on_file_modified():295] file/dir modified: /Users/aklywtx/Desktop/VLM_Bias_research/NN_pretrain/wandb/run-20241116_203527-4qu0pmk7/files/conda-environment.yaml
2024-11-16 20:35:47,693 INFO    Thread-12 :67631 [dir_watcher.py:_on_file_created():278] file/dir created: /Users/aklywtx/Desktop/VLM_Bias_research/NN_pretrain/wandb/run-20241116_203527-4qu0pmk7/files/wandb-metadata.json
2024-11-16 20:35:47,753 DEBUG   SenderThread:67631 [sender.py:send():375] send: telemetry
2024-11-16 20:35:48,013 INFO    wandb-upload_0:67631 [upload_job.py:push():137] Uploaded file /var/folders/b8/j860yxxx1bb1pjgc34kr65dm0000gn/T/tmpbjhdgi_swandb/zxzrt33h-wandb-metadata.json
2024-11-16 20:35:48,757 DEBUG   HandlerThread:67631 [handler.py:handle_request():144] handle_request: status_report
2024-11-16 20:35:53,770 DEBUG   HandlerThread:67631 [handler.py:handle_request():144] handle_request: status_report
2024-11-16 20:35:55,722 INFO    Thread-12 :67631 [dir_watcher.py:_on_file_created():278] file/dir created: /Users/aklywtx/Desktop/VLM_Bias_research/NN_pretrain/wandb/run-20241116_203527-4qu0pmk7/files/output.log
2024-11-16 20:35:57,728 DEBUG   HandlerThread:67631 [handler.py:handle_request():144] handle_request: partial_history
2024-11-16 20:35:57,729 DEBUG   SenderThread:67631 [sender.py:send():375] send: history
2024-11-16 20:35:57,730 DEBUG   SenderThread:67631 [sender.py:send_request():402] send_request: summary_record
2024-11-16 20:35:57,730 INFO    SenderThread:67631 [sender.py:_save_file():1378] saving file wandb-summary.json with policy end
2024-11-16 20:35:57,732 INFO    Thread-12 :67631 [dir_watcher.py:_on_file_modified():295] file/dir modified: /Users/aklywtx/Desktop/VLM_Bias_research/NN_pretrain/wandb/run-20241116_203527-4qu0pmk7/files/wandb-summary.json
2024-11-16 20:35:57,732 INFO    Thread-12 :67631 [dir_watcher.py:_on_file_modified():295] file/dir modified: /Users/aklywtx/Desktop/VLM_Bias_research/NN_pretrain/wandb/run-20241116_203527-4qu0pmk7/files/output.log
2024-11-16 20:35:58,890 DEBUG   HandlerThread:67631 [handler.py:handle_request():144] handle_request: status_report
2024-11-16 20:35:59,742 INFO    Thread-12 :67631 [dir_watcher.py:_on_file_modified():295] file/dir modified: /Users/aklywtx/Desktop/VLM_Bias_research/NN_pretrain/wandb/run-20241116_203527-4qu0pmk7/files/config.yaml
2024-11-16 20:35:59,743 INFO    Thread-12 :67631 [dir_watcher.py:_on_file_modified():295] file/dir modified: /Users/aklywtx/Desktop/VLM_Bias_research/NN_pretrain/wandb/run-20241116_203527-4qu0pmk7/files/output.log
2024-11-16 20:35:59,955 DEBUG   HandlerThread:67631 [handler.py:handle_request():144] handle_request: partial_history
2024-11-16 20:35:59,956 DEBUG   SenderThread:67631 [sender.py:send():375] send: history
2024-11-16 20:35:59,957 DEBUG   SenderThread:67631 [sender.py:send_request():402] send_request: summary_record
2024-11-16 20:35:59,957 INFO    SenderThread:67631 [sender.py:_save_file():1378] saving file wandb-summary.json with policy end
2024-11-16 20:36:00,748 INFO    Thread-12 :67631 [dir_watcher.py:_on_file_modified():295] file/dir modified: /Users/aklywtx/Desktop/VLM_Bias_research/NN_pretrain/wandb/run-20241116_203527-4qu0pmk7/files/wandb-summary.json
2024-11-16 20:36:01,753 INFO    Thread-12 :67631 [dir_watcher.py:_on_file_modified():295] file/dir modified: /Users/aklywtx/Desktop/VLM_Bias_research/NN_pretrain/wandb/run-20241116_203527-4qu0pmk7/files/output.log
2024-11-16 20:36:02,119 DEBUG   HandlerThread:67631 [handler.py:handle_request():144] handle_request: partial_history
2024-11-16 20:36:02,120 DEBUG   SenderThread:67631 [sender.py:send():375] send: history
2024-11-16 20:36:02,120 DEBUG   SenderThread:67631 [sender.py:send_request():402] send_request: summary_record
2024-11-16 20:36:02,120 INFO    SenderThread:67631 [sender.py:_save_file():1378] saving file wandb-summary.json with policy end
2024-11-16 20:36:02,491 DEBUG   HandlerThread:67631 [handler.py:handle_request():144] handle_request: stop_status
2024-11-16 20:36:02,491 DEBUG   SenderThread:67631 [sender.py:send_request():402] send_request: stop_status
2024-11-16 20:36:02,758 INFO    Thread-12 :67631 [dir_watcher.py:_on_file_modified():295] file/dir modified: /Users/aklywtx/Desktop/VLM_Bias_research/NN_pretrain/wandb/run-20241116_203527-4qu0pmk7/files/wandb-summary.json
2024-11-16 20:36:03,761 INFO    Thread-12 :67631 [dir_watcher.py:_on_file_modified():295] file/dir modified: /Users/aklywtx/Desktop/VLM_Bias_research/NN_pretrain/wandb/run-20241116_203527-4qu0pmk7/files/output.log
2024-11-16 20:36:04,282 DEBUG   HandlerThread:67631 [handler.py:handle_request():144] handle_request: status_report
2024-11-16 20:36:04,481 DEBUG   HandlerThread:67631 [handler.py:handle_request():144] handle_request: partial_history
2024-11-16 20:36:04,482 DEBUG   SenderThread:67631 [sender.py:send():375] send: history
2024-11-16 20:36:04,483 DEBUG   SenderThread:67631 [sender.py:send_request():402] send_request: summary_record
2024-11-16 20:36:04,483 INFO    SenderThread:67631 [sender.py:_save_file():1378] saving file wandb-summary.json with policy end
2024-11-16 20:36:04,767 INFO    Thread-12 :67631 [dir_watcher.py:_on_file_modified():295] file/dir modified: /Users/aklywtx/Desktop/VLM_Bias_research/NN_pretrain/wandb/run-20241116_203527-4qu0pmk7/files/wandb-summary.json
2024-11-16 20:36:05,772 INFO    Thread-12 :67631 [dir_watcher.py:_on_file_modified():295] file/dir modified: /Users/aklywtx/Desktop/VLM_Bias_research/NN_pretrain/wandb/run-20241116_203527-4qu0pmk7/files/output.log
2024-11-16 20:36:06,626 DEBUG   HandlerThread:67631 [handler.py:handle_request():144] handle_request: partial_history
2024-11-16 20:36:06,627 DEBUG   SenderThread:67631 [sender.py:send():375] send: history
2024-11-16 20:36:06,627 DEBUG   SenderThread:67631 [sender.py:send_request():402] send_request: summary_record
2024-11-16 20:36:06,627 INFO    SenderThread:67631 [sender.py:_save_file():1378] saving file wandb-summary.json with policy end
2024-11-16 20:36:06,774 INFO    Thread-12 :67631 [dir_watcher.py:_on_file_modified():295] file/dir modified: /Users/aklywtx/Desktop/VLM_Bias_research/NN_pretrain/wandb/run-20241116_203527-4qu0pmk7/files/wandb-summary.json
2024-11-16 20:36:07,780 INFO    Thread-12 :67631 [dir_watcher.py:_on_file_modified():295] file/dir modified: /Users/aklywtx/Desktop/VLM_Bias_research/NN_pretrain/wandb/run-20241116_203527-4qu0pmk7/files/output.log
2024-11-16 20:36:08,736 DEBUG   HandlerThread:67631 [handler.py:handle_request():144] handle_request: partial_history
2024-11-16 20:36:08,736 DEBUG   SenderThread:67631 [sender.py:send():375] send: history
2024-11-16 20:36:08,736 DEBUG   SenderThread:67631 [sender.py:send_request():402] send_request: summary_record
2024-11-16 20:36:08,736 INFO    SenderThread:67631 [sender.py:_save_file():1378] saving file wandb-summary.json with policy end
2024-11-16 20:36:08,782 INFO    Thread-12 :67631 [dir_watcher.py:_on_file_modified():295] file/dir modified: /Users/aklywtx/Desktop/VLM_Bias_research/NN_pretrain/wandb/run-20241116_203527-4qu0pmk7/files/wandb-summary.json
2024-11-16 20:36:09,538 DEBUG   HandlerThread:67631 [handler.py:handle_request():144] handle_request: status_report
2024-11-16 20:36:09,785 INFO    Thread-12 :67631 [dir_watcher.py:_on_file_modified():295] file/dir modified: /Users/aklywtx/Desktop/VLM_Bias_research/NN_pretrain/wandb/run-20241116_203527-4qu0pmk7/files/output.log
2024-11-16 20:36:09,999 DEBUG   SenderThread:67631 [sender.py:send():375] send: telemetry
2024-11-16 20:36:09,999 DEBUG   SenderThread:67631 [sender.py:send():375] send: exit
2024-11-16 20:36:09,999 INFO    SenderThread:67631 [sender.py:send_exit():598] handling exit code: 0
2024-11-16 20:36:09,999 INFO    SenderThread:67631 [sender.py:send_exit():600] handling runtime: 41
2024-11-16 20:36:09,999 INFO    SenderThread:67631 [sender.py:_save_file():1378] saving file wandb-summary.json with policy end
2024-11-16 20:36:10,003 INFO    SenderThread:67631 [sender.py:send_exit():606] send defer
2024-11-16 20:36:10,015 DEBUG   HandlerThread:67631 [handler.py:handle_request():144] handle_request: defer
2024-11-16 20:36:10,015 INFO    HandlerThread:67631 [handler.py:handle_request_defer():170] handle defer: 0
2024-11-16 20:36:10,022 DEBUG   SenderThread:67631 [sender.py:send_request():402] send_request: defer
2024-11-16 20:36:10,022 INFO    SenderThread:67631 [sender.py:send_request_defer():622] handle sender defer: 0
2024-11-16 20:36:10,022 INFO    SenderThread:67631 [sender.py:transition_state():626] send defer: 1
2024-11-16 20:36:10,026 DEBUG   HandlerThread:67631 [handler.py:handle_request():144] handle_request: defer
2024-11-16 20:36:10,026 INFO    HandlerThread:67631 [handler.py:handle_request_defer():170] handle defer: 1
2024-11-16 20:36:10,030 DEBUG   SenderThread:67631 [sender.py:send_request():402] send_request: defer
2024-11-16 20:36:10,030 INFO    SenderThread:67631 [sender.py:send_request_defer():622] handle sender defer: 1
2024-11-16 20:36:10,030 INFO    SenderThread:67631 [sender.py:transition_state():626] send defer: 2
2024-11-16 20:36:10,031 DEBUG   HandlerThread:67631 [handler.py:handle_request():144] handle_request: defer
2024-11-16 20:36:10,031 INFO    HandlerThread:67631 [handler.py:handle_request_defer():170] handle defer: 2
2024-11-16 20:36:10,031 INFO    HandlerThread:67631 [system_monitor.py:finish():190] Stopping system monitor
2024-11-16 20:36:10,035 DEBUG   SystemMonitor:67631 [system_monitor.py:_start():159] Starting system metrics aggregation loop
2024-11-16 20:36:10,035 DEBUG   SystemMonitor:67631 [system_monitor.py:_start():166] Finished system metrics aggregation loop
2024-11-16 20:36:10,035 DEBUG   SystemMonitor:67631 [system_monitor.py:_start():170] Publishing last batch of metrics
2024-11-16 20:36:10,043 INFO    HandlerThread:67631 [interfaces.py:finish():202] Joined cpu monitor
2024-11-16 20:36:10,044 INFO    HandlerThread:67631 [interfaces.py:finish():202] Joined disk monitor
2024-11-16 20:36:10,044 INFO    HandlerThread:67631 [interfaces.py:finish():202] Joined memory monitor
2024-11-16 20:36:10,044 INFO    HandlerThread:67631 [interfaces.py:finish():202] Joined network monitor
2024-11-16 20:36:10,050 DEBUG   SenderThread:67631 [sender.py:send_request():402] send_request: defer
2024-11-16 20:36:10,050 INFO    SenderThread:67631 [sender.py:send_request_defer():622] handle sender defer: 2
2024-11-16 20:36:10,050 INFO    SenderThread:67631 [sender.py:transition_state():626] send defer: 3
2024-11-16 20:36:10,050 DEBUG   SenderThread:67631 [sender.py:send():375] send: stats
2024-11-16 20:36:10,055 DEBUG   HandlerThread:67631 [handler.py:handle_request():144] handle_request: defer
2024-11-16 20:36:10,055 INFO    HandlerThread:67631 [handler.py:handle_request_defer():170] handle defer: 3
2024-11-16 20:36:10,062 DEBUG   SenderThread:67631 [sender.py:send_request():402] send_request: defer
2024-11-16 20:36:10,062 INFO    SenderThread:67631 [sender.py:send_request_defer():622] handle sender defer: 3
2024-11-16 20:36:10,062 INFO    SenderThread:67631 [sender.py:transition_state():626] send defer: 4
2024-11-16 20:36:10,062 DEBUG   HandlerThread:67631 [handler.py:handle_request():144] handle_request: defer
2024-11-16 20:36:10,062 INFO    HandlerThread:67631 [handler.py:handle_request_defer():170] handle defer: 4
2024-11-16 20:36:10,062 DEBUG   SenderThread:67631 [sender.py:send_request():402] send_request: defer
2024-11-16 20:36:10,062 INFO    SenderThread:67631 [sender.py:send_request_defer():622] handle sender defer: 4
2024-11-16 20:36:10,063 INFO    SenderThread:67631 [sender.py:transition_state():626] send defer: 5
2024-11-16 20:36:10,063 DEBUG   HandlerThread:67631 [handler.py:handle_request():144] handle_request: defer
2024-11-16 20:36:10,068 INFO    HandlerThread:67631 [handler.py:handle_request_defer():170] handle defer: 5
2024-11-16 20:36:10,069 DEBUG   SenderThread:67631 [sender.py:send():375] send: summary
2024-11-16 20:36:10,071 INFO    SenderThread:67631 [sender.py:_save_file():1378] saving file wandb-summary.json with policy end
2024-11-16 20:36:10,071 DEBUG   SenderThread:67631 [sender.py:send_request():402] send_request: defer
2024-11-16 20:36:10,071 INFO    SenderThread:67631 [sender.py:send_request_defer():622] handle sender defer: 5
2024-11-16 20:36:10,071 INFO    SenderThread:67631 [sender.py:transition_state():626] send defer: 6
2024-11-16 20:36:10,078 DEBUG   HandlerThread:67631 [handler.py:handle_request():144] handle_request: defer
2024-11-16 20:36:10,078 INFO    HandlerThread:67631 [handler.py:handle_request_defer():170] handle defer: 6
2024-11-16 20:36:10,090 DEBUG   SenderThread:67631 [sender.py:send_request():402] send_request: defer
2024-11-16 20:36:10,090 INFO    SenderThread:67631 [sender.py:send_request_defer():622] handle sender defer: 6
2024-11-16 20:36:10,094 DEBUG   HandlerThread:67631 [handler.py:handle_request():144] handle_request: status_report
2024-11-16 20:36:10,282 INFO    SenderThread:67631 [sender.py:transition_state():626] send defer: 7
2024-11-16 20:36:10,283 DEBUG   HandlerThread:67631 [handler.py:handle_request():144] handle_request: defer
2024-11-16 20:36:10,283 INFO    HandlerThread:67631 [handler.py:handle_request_defer():170] handle defer: 7
2024-11-16 20:36:10,283 DEBUG   SenderThread:67631 [sender.py:send_request():402] send_request: defer
2024-11-16 20:36:10,283 INFO    SenderThread:67631 [sender.py:send_request_defer():622] handle sender defer: 7
2024-11-16 20:36:10,791 INFO    Thread-12 :67631 [dir_watcher.py:_on_file_modified():295] file/dir modified: /Users/aklywtx/Desktop/VLM_Bias_research/NN_pretrain/wandb/run-20241116_203527-4qu0pmk7/files/wandb-summary.json
2024-11-16 20:36:10,792 INFO    Thread-12 :67631 [dir_watcher.py:_on_file_modified():295] file/dir modified: /Users/aklywtx/Desktop/VLM_Bias_research/NN_pretrain/wandb/run-20241116_203527-4qu0pmk7/files/config.yaml
2024-11-16 20:36:10,976 DEBUG   HandlerThread:67631 [handler.py:handle_request():144] handle_request: poll_exit
2024-11-16 20:36:11,776 INFO    SenderThread:67631 [sender.py:transition_state():626] send defer: 8
2024-11-16 20:36:11,777 DEBUG   SenderThread:67631 [sender.py:send_request():402] send_request: poll_exit
2024-11-16 20:36:11,778 DEBUG   HandlerThread:67631 [handler.py:handle_request():144] handle_request: defer
2024-11-16 20:36:11,778 INFO    HandlerThread:67631 [handler.py:handle_request_defer():170] handle defer: 8
2024-11-16 20:36:11,778 DEBUG   SenderThread:67631 [sender.py:send_request():402] send_request: defer
2024-11-16 20:36:11,778 INFO    SenderThread:67631 [sender.py:send_request_defer():622] handle sender defer: 8
2024-11-16 20:36:11,783 INFO    SenderThread:67631 [sender.py:transition_state():626] send defer: 9
2024-11-16 20:36:11,783 DEBUG   HandlerThread:67631 [handler.py:handle_request():144] handle_request: defer
2024-11-16 20:36:11,783 DEBUG   SenderThread:67631 [sender.py:send():375] send: artifact
2024-11-16 20:36:11,783 INFO    HandlerThread:67631 [handler.py:handle_request_defer():170] handle defer: 9
2024-11-16 20:36:11,796 INFO    Thread-12 :67631 [dir_watcher.py:_on_file_modified():295] file/dir modified: /Users/aklywtx/Desktop/VLM_Bias_research/NN_pretrain/wandb/run-20241116_203527-4qu0pmk7/files/output.log
2024-11-16 20:36:11,978 DEBUG   HandlerThread:67631 [handler.py:handle_request():144] handle_request: poll_exit
2024-11-16 20:36:12,660 INFO    SenderThread:67631 [sender.py:send_artifact():1474] sent artifact job-git_github.com_aklywtx_NN_pretrain.git_MLP_MLP_1layer_mps_only100dots_white.py - {'id': 'QXJ0aWZhY3Q6MTMzODAwMzc2NQ==', 'digest': '7f2b7362ccadc641fe40ebcebce09783', 'state': 'COMMITTED', 'aliases': [{'artifactCollectionName': 'job-git_github.com_aklywtx_NN_pretrain.git_MLP_MLP_1layer_mps_only100dots_white.py', 'alias': 'latest'}, {'artifactCollectionName': 'job-git_github.com_aklywtx_NN_pretrain.git_MLP_MLP_1layer_mps_only100dots_white.py', 'alias': 'v0'}], 'artifactSequence': {'id': 'QXJ0aWZhY3RDb2xsZWN0aW9uOjQ5NjQzODk4Nw==', 'latestArtifact': {'id': 'QXJ0aWZhY3Q6MTMzODAwMzc2NQ==', 'versionIndex': 0}}, 'version': 'v0'}
2024-11-16 20:36:12,660 DEBUG   SenderThread:67631 [sender.py:send_request():402] send_request: defer
2024-11-16 20:36:12,660 INFO    SenderThread:67631 [sender.py:send_request_defer():622] handle sender defer: 9
2024-11-16 20:36:12,660 INFO    SenderThread:67631 [dir_watcher.py:finish():365] shutting down directory watcher
2024-11-16 20:36:12,797 INFO    SenderThread:67631 [dir_watcher.py:finish():395] scan: /Users/aklywtx/Desktop/VLM_Bias_research/NN_pretrain/wandb/run-20241116_203527-4qu0pmk7/files
2024-11-16 20:36:12,798 INFO    SenderThread:67631 [dir_watcher.py:finish():409] scan save: /Users/aklywtx/Desktop/VLM_Bias_research/NN_pretrain/wandb/run-20241116_203527-4qu0pmk7/files/requirements.txt requirements.txt
2024-11-16 20:36:12,798 INFO    SenderThread:67631 [dir_watcher.py:finish():409] scan save: /Users/aklywtx/Desktop/VLM_Bias_research/NN_pretrain/wandb/run-20241116_203527-4qu0pmk7/files/output.log output.log
2024-11-16 20:36:12,798 INFO    SenderThread:67631 [dir_watcher.py:finish():409] scan save: /Users/aklywtx/Desktop/VLM_Bias_research/NN_pretrain/wandb/run-20241116_203527-4qu0pmk7/files/config.yaml config.yaml
2024-11-16 20:36:12,802 INFO    SenderThread:67631 [dir_watcher.py:finish():409] scan save: /Users/aklywtx/Desktop/VLM_Bias_research/NN_pretrain/wandb/run-20241116_203527-4qu0pmk7/files/wandb-summary.json wandb-summary.json
2024-11-16 20:36:12,804 INFO    SenderThread:67631 [dir_watcher.py:finish():409] scan save: /Users/aklywtx/Desktop/VLM_Bias_research/NN_pretrain/wandb/run-20241116_203527-4qu0pmk7/files/conda-environment.yaml conda-environment.yaml
2024-11-16 20:36:12,804 INFO    SenderThread:67631 [dir_watcher.py:finish():409] scan save: /Users/aklywtx/Desktop/VLM_Bias_research/NN_pretrain/wandb/run-20241116_203527-4qu0pmk7/files/wandb-metadata.json wandb-metadata.json
2024-11-16 20:36:12,804 INFO    SenderThread:67631 [sender.py:transition_state():626] send defer: 10
2024-11-16 20:36:12,804 DEBUG   SenderThread:67631 [sender.py:send_request():402] send_request: poll_exit
2024-11-16 20:36:12,804 DEBUG   HandlerThread:67631 [handler.py:handle_request():144] handle_request: defer
2024-11-16 20:36:12,804 INFO    HandlerThread:67631 [handler.py:handle_request_defer():170] handle defer: 10
2024-11-16 20:36:12,811 DEBUG   SenderThread:67631 [sender.py:send_request():402] send_request: defer
2024-11-16 20:36:12,811 INFO    SenderThread:67631 [sender.py:send_request_defer():622] handle sender defer: 10
2024-11-16 20:36:12,811 INFO    SenderThread:67631 [file_pusher.py:finish():167] shutting down file pusher
2024-11-16 20:36:12,986 DEBUG   HandlerThread:67631 [handler.py:handle_request():144] handle_request: poll_exit
2024-11-16 20:36:12,986 DEBUG   SenderThread:67631 [sender.py:send_request():402] send_request: poll_exit
2024-11-16 20:36:13,281 INFO    wandb-upload_0:67631 [upload_job.py:push():137] Uploaded file /Users/aklywtx/Desktop/VLM_Bias_research/NN_pretrain/wandb/run-20241116_203527-4qu0pmk7/files/requirements.txt
2024-11-16 20:36:13,328 INFO    wandb-upload_1:67631 [upload_job.py:push():137] Uploaded file /Users/aklywtx/Desktop/VLM_Bias_research/NN_pretrain/wandb/run-20241116_203527-4qu0pmk7/files/output.log
2024-11-16 20:36:13,451 INFO    wandb-upload_2:67631 [upload_job.py:push():137] Uploaded file /Users/aklywtx/Desktop/VLM_Bias_research/NN_pretrain/wandb/run-20241116_203527-4qu0pmk7/files/config.yaml
2024-11-16 20:36:13,469 INFO    wandb-upload_3:67631 [upload_job.py:push():137] Uploaded file /Users/aklywtx/Desktop/VLM_Bias_research/NN_pretrain/wandb/run-20241116_203527-4qu0pmk7/files/wandb-summary.json
2024-11-16 20:36:13,562 INFO    wandb-upload_4:67631 [upload_job.py:push():137] Uploaded file /Users/aklywtx/Desktop/VLM_Bias_research/NN_pretrain/wandb/run-20241116_203527-4qu0pmk7/files/conda-environment.yaml
2024-11-16 20:36:13,767 INFO    Thread-11 :67631 [sender.py:transition_state():626] send defer: 11
2024-11-16 20:36:13,767 DEBUG   HandlerThread:67631 [handler.py:handle_request():144] handle_request: defer
2024-11-16 20:36:13,767 INFO    HandlerThread:67631 [handler.py:handle_request_defer():170] handle defer: 11
2024-11-16 20:36:13,767 DEBUG   SenderThread:67631 [sender.py:send_request():402] send_request: defer
2024-11-16 20:36:13,767 INFO    SenderThread:67631 [sender.py:send_request_defer():622] handle sender defer: 11
2024-11-16 20:36:13,767 INFO    SenderThread:67631 [file_pusher.py:join():172] waiting for file pusher
2024-11-16 20:36:13,767 INFO    SenderThread:67631 [sender.py:transition_state():626] send defer: 12
2024-11-16 20:36:13,768 DEBUG   HandlerThread:67631 [handler.py:handle_request():144] handle_request: defer
2024-11-16 20:36:13,768 INFO    HandlerThread:67631 [handler.py:handle_request_defer():170] handle defer: 12
2024-11-16 20:36:13,768 DEBUG   SenderThread:67631 [sender.py:send_request():402] send_request: defer
2024-11-16 20:36:13,768 INFO    SenderThread:67631 [sender.py:send_request_defer():622] handle sender defer: 12
2024-11-16 20:36:13,937 INFO    SenderThread:67631 [sender.py:transition_state():626] send defer: 13
2024-11-16 20:36:13,938 DEBUG   HandlerThread:67631 [handler.py:handle_request():144] handle_request: defer
2024-11-16 20:36:13,938 INFO    HandlerThread:67631 [handler.py:handle_request_defer():170] handle defer: 13
2024-11-16 20:36:13,938 DEBUG   SenderThread:67631 [sender.py:send_request():402] send_request: defer
2024-11-16 20:36:13,938 INFO    SenderThread:67631 [sender.py:send_request_defer():622] handle sender defer: 13
2024-11-16 20:36:13,938 INFO    SenderThread:67631 [sender.py:transition_state():626] send defer: 14
2024-11-16 20:36:13,938 DEBUG   HandlerThread:67631 [handler.py:handle_request():144] handle_request: defer
2024-11-16 20:36:13,938 INFO    HandlerThread:67631 [handler.py:handle_request_defer():170] handle defer: 14
2024-11-16 20:36:13,938 DEBUG   SenderThread:67631 [sender.py:send():375] send: final
2024-11-16 20:36:13,938 DEBUG   SenderThread:67631 [sender.py:send():375] send: footer
2024-11-16 20:36:13,938 DEBUG   SenderThread:67631 [sender.py:send_request():402] send_request: defer
2024-11-16 20:36:13,938 INFO    SenderThread:67631 [sender.py:send_request_defer():622] handle sender defer: 14
2024-11-16 20:36:13,939 DEBUG   HandlerThread:67631 [handler.py:handle_request():144] handle_request: poll_exit
2024-11-16 20:36:13,939 DEBUG   HandlerThread:67631 [handler.py:handle_request():144] handle_request: server_info
2024-11-16 20:36:13,939 DEBUG   HandlerThread:67631 [handler.py:handle_request():144] handle_request: get_summary
2024-11-16 20:36:13,939 DEBUG   HandlerThread:67631 [handler.py:handle_request():144] handle_request: sampled_history
2024-11-16 20:36:13,940 DEBUG   SenderThread:67631 [sender.py:send_request():402] send_request: poll_exit
2024-11-16 20:36:13,940 DEBUG   SenderThread:67631 [sender.py:send_request():402] send_request: server_info
2024-11-16 20:36:14,078 DEBUG   HandlerThread:67631 [handler.py:handle_request():144] handle_request: shutdown
2024-11-16 20:36:14,078 INFO    HandlerThread:67631 [handler.py:finish():842] shutting down handler
2024-11-16 20:36:14,944 INFO    WriterThread:67631 [datastore.py:close():298] close: /Users/aklywtx/Desktop/VLM_Bias_research/NN_pretrain/wandb/run-20241116_203527-4qu0pmk7/run-4qu0pmk7.wandb
2024-11-16 20:36:15,080 INFO    SenderThread:67631 [sender.py:finish():1550] shutting down sender
2024-11-16 20:36:15,080 INFO    SenderThread:67631 [file_pusher.py:finish():167] shutting down file pusher
2024-11-16 20:36:15,080 INFO    SenderThread:67631 [file_pusher.py:join():172] waiting for file pusher
