2024-11-17 20:32:17,841 INFO    StreamThr :20768 [internal.py:wandb_internal():86] W&B internal server running at pid: 20768, started at: 2024-11-17 20:32:17.840756
2024-11-17 20:32:17,841 DEBUG   HandlerThread:20768 [handler.py:handle_request():144] handle_request: status
2024-11-17 20:32:17,842 INFO    WriterThread:20768 [datastore.py:open_for_write():85] open: /Users/aklywtx/Desktop/VLM_Bias_research/NN_pretrain/wandb/run-20241117_203217-skkv74sb/run-skkv74sb.wandb
2024-11-17 20:32:17,843 DEBUG   SenderThread:20768 [sender.py:send():375] send: header
2024-11-17 20:32:17,867 DEBUG   SenderThread:20768 [sender.py:send():375] send: run
2024-11-17 20:32:18,327 INFO    SenderThread:20768 [dir_watcher.py:__init__():219] watching files in: /Users/aklywtx/Desktop/VLM_Bias_research/NN_pretrain/wandb/run-20241117_203217-skkv74sb/files
2024-11-17 20:32:18,327 INFO    SenderThread:20768 [sender.py:_start_run_threads():1124] run started: skkv74sb with start time 1731871937.840912
2024-11-17 20:32:18,327 DEBUG   SenderThread:20768 [sender.py:send_request():402] send_request: summary_record
2024-11-17 20:32:18,327 INFO    SenderThread:20768 [sender.py:_save_file():1378] saving file wandb-summary.json with policy end
2024-11-17 20:32:18,329 DEBUG   HandlerThread:20768 [handler.py:handle_request():144] handle_request: check_version
2024-11-17 20:32:18,329 DEBUG   SenderThread:20768 [sender.py:send_request():402] send_request: check_version
2024-11-17 20:32:18,444 DEBUG   HandlerThread:20768 [handler.py:handle_request():144] handle_request: run_start
2024-11-17 20:32:18,451 DEBUG   HandlerThread:20768 [system_info.py:__init__():31] System info init
2024-11-17 20:32:18,451 DEBUG   HandlerThread:20768 [system_info.py:__init__():46] System info init done
2024-11-17 20:32:18,451 INFO    HandlerThread:20768 [system_monitor.py:start():181] Starting system monitor
2024-11-17 20:32:18,451 INFO    SystemMonitor:20768 [system_monitor.py:_start():145] Starting system asset monitoring threads
2024-11-17 20:32:18,452 INFO    HandlerThread:20768 [system_monitor.py:probe():201] Collecting system info
2024-11-17 20:32:18,452 DEBUG   HandlerThread:20768 [system_info.py:probe():195] Probing system
2024-11-17 20:32:18,452 INFO    SystemMonitor:20768 [interfaces.py:start():190] Started cpu monitoring
2024-11-17 20:32:18,452 INFO    SystemMonitor:20768 [interfaces.py:start():190] Started disk monitoring
2024-11-17 20:32:18,454 INFO    SystemMonitor:20768 [interfaces.py:start():190] Started gpuapple monitoring
2024-11-17 20:32:18,458 INFO    SystemMonitor:20768 [interfaces.py:start():190] Started memory monitoring
2024-11-17 20:32:18,459 INFO    SystemMonitor:20768 [interfaces.py:start():190] Started network monitoring
2024-11-17 20:32:18,460 DEBUG   HandlerThread:20768 [system_info.py:_probe_git():180] Probing git
2024-11-17 20:32:18,486 DEBUG   HandlerThread:20768 [system_info.py:_probe_git():188] Probing git done
2024-11-17 20:32:18,486 DEBUG   HandlerThread:20768 [system_info.py:probe():240] Probing system done
2024-11-17 20:32:18,486 DEBUG   HandlerThread:20768 [system_monitor.py:probe():210] {'os': 'macOS-14.5-arm64-arm-64bit', 'python': '3.9.13', 'heartbeatAt': '2024-11-17T19:32:18.452227', 'startedAt': '2024-11-17T19:32:17.760964', 'docker': None, 'cuda': None, 'args': (), 'state': 'running', 'program': '/Users/aklywtx/Desktop/VLM_Bias_research/NN_pretrain/models/mlp_train.py', 'codePath': 'models/mlp_train.py', 'git': {'remote': 'git@github.com:aklywtx/NN_pretrain.git', 'commit': '79fb9213d8f97bc1c37c0dd0a2a01a0ea0927308'}, 'email': 'aklywtx233@163.com', 'root': '/Users/aklywtx/Desktop/VLM_Bias_research/NN_pretrain', 'host': 'MACBOOK-PRO-341.local', 'username': 'aklywtx', 'executable': '/Users/aklywtx/opt/anaconda3/bin/python', 'cpu_count': 8, 'cpu_count_logical': 8, 'disk': {'total': 926.3517189025879, 'used': 826.3609275817871}, 'gpuapple': {'type': 'arm', 'vendor': 'Apple'}, 'memory': {'total': 32.0}}
2024-11-17 20:32:18,486 INFO    HandlerThread:20768 [system_monitor.py:probe():211] Finished collecting system info
2024-11-17 20:32:18,486 INFO    HandlerThread:20768 [system_monitor.py:probe():214] Publishing system info
2024-11-17 20:32:18,486 DEBUG   HandlerThread:20768 [system_info.py:_save_pip():51] Saving list of pip packages installed into the current environment
2024-11-17 20:32:18,487 DEBUG   HandlerThread:20768 [system_info.py:_save_pip():67] Saving pip packages done
2024-11-17 20:32:18,487 DEBUG   HandlerThread:20768 [system_info.py:_save_conda():74] Saving list of conda packages installed into the current environment
2024-11-17 20:32:19,334 INFO    Thread-12 :20768 [dir_watcher.py:_on_file_created():278] file/dir created: /Users/aklywtx/Desktop/VLM_Bias_research/NN_pretrain/wandb/run-20241117_203217-skkv74sb/files/conda-environment.yaml
2024-11-17 20:32:19,334 INFO    Thread-12 :20768 [dir_watcher.py:_on_file_created():278] file/dir created: /Users/aklywtx/Desktop/VLM_Bias_research/NN_pretrain/wandb/run-20241117_203217-skkv74sb/files/wandb-summary.json
2024-11-17 20:32:19,334 INFO    Thread-12 :20768 [dir_watcher.py:_on_file_created():278] file/dir created: /Users/aklywtx/Desktop/VLM_Bias_research/NN_pretrain/wandb/run-20241117_203217-skkv74sb/files/requirements.txt
2024-11-17 20:32:36,939 DEBUG   HandlerThread:20768 [system_info.py:_save_conda():86] Saving conda packages done
2024-11-17 20:32:36,940 INFO    HandlerThread:20768 [system_monitor.py:probe():216] Finished publishing system info
2024-11-17 20:32:36,954 DEBUG   HandlerThread:20768 [handler.py:handle_request():144] handle_request: status_report
2024-11-17 20:32:36,954 DEBUG   HandlerThread:20768 [handler.py:handle_request():144] handle_request: keepalive
2024-11-17 20:32:36,954 DEBUG   HandlerThread:20768 [handler.py:handle_request():144] handle_request: status_report
2024-11-17 20:32:36,954 DEBUG   HandlerThread:20768 [handler.py:handle_request():144] handle_request: keepalive
2024-11-17 20:32:36,954 DEBUG   HandlerThread:20768 [handler.py:handle_request():144] handle_request: status_report
2024-11-17 20:32:36,954 DEBUG   HandlerThread:20768 [handler.py:handle_request():144] handle_request: keepalive
2024-11-17 20:32:36,955 DEBUG   SenderThread:20768 [sender.py:send():375] send: files
2024-11-17 20:32:36,955 INFO    SenderThread:20768 [sender.py:_save_file():1378] saving file wandb-metadata.json with policy now
2024-11-17 20:32:36,962 DEBUG   HandlerThread:20768 [handler.py:handle_request():144] handle_request: stop_status
2024-11-17 20:32:36,962 DEBUG   SenderThread:20768 [sender.py:send_request():402] send_request: stop_status
2024-11-17 20:32:37,241 DEBUG   SenderThread:20768 [sender.py:send():375] send: telemetry
2024-11-17 20:32:37,420 INFO    Thread-12 :20768 [dir_watcher.py:_on_file_modified():295] file/dir modified: /Users/aklywtx/Desktop/VLM_Bias_research/NN_pretrain/wandb/run-20241117_203217-skkv74sb/files/conda-environment.yaml
2024-11-17 20:32:37,420 INFO    Thread-12 :20768 [dir_watcher.py:_on_file_created():278] file/dir created: /Users/aklywtx/Desktop/VLM_Bias_research/NN_pretrain/wandb/run-20241117_203217-skkv74sb/files/wandb-metadata.json
2024-11-17 20:32:37,523 INFO    wandb-upload_0:20768 [upload_job.py:push():137] Uploaded file /var/folders/b8/j860yxxx1bb1pjgc34kr65dm0000gn/T/tmp3e5o6arvwandb/gk6o2y3g-wandb-metadata.json
2024-11-17 20:32:39,248 DEBUG   HandlerThread:20768 [handler.py:handle_request():144] handle_request: status_report
2024-11-17 20:32:44,272 DEBUG   HandlerThread:20768 [handler.py:handle_request():144] handle_request: status_report
2024-11-17 20:32:49,297 DEBUG   HandlerThread:20768 [handler.py:handle_request():144] handle_request: status_report
2024-11-17 20:32:50,487 INFO    Thread-12 :20768 [dir_watcher.py:_on_file_modified():295] file/dir modified: /Users/aklywtx/Desktop/VLM_Bias_research/NN_pretrain/wandb/run-20241117_203217-skkv74sb/files/config.yaml
2024-11-17 20:32:51,497 INFO    Thread-12 :20768 [dir_watcher.py:_on_file_created():278] file/dir created: /Users/aklywtx/Desktop/VLM_Bias_research/NN_pretrain/wandb/run-20241117_203217-skkv74sb/files/output.log
2024-11-17 20:32:51,963 DEBUG   HandlerThread:20768 [handler.py:handle_request():144] handle_request: stop_status
2024-11-17 20:32:51,964 DEBUG   SenderThread:20768 [sender.py:send_request():402] send_request: stop_status
2024-11-17 20:32:53,507 INFO    Thread-12 :20768 [dir_watcher.py:_on_file_modified():295] file/dir modified: /Users/aklywtx/Desktop/VLM_Bias_research/NN_pretrain/wandb/run-20241117_203217-skkv74sb/files/output.log
2024-11-17 20:32:54,114 DEBUG   HandlerThread:20768 [handler.py:handle_request():144] handle_request: partial_history
2024-11-17 20:32:54,115 DEBUG   SenderThread:20768 [sender.py:send():375] send: history
2024-11-17 20:32:54,116 DEBUG   SenderThread:20768 [sender.py:send_request():402] send_request: summary_record
2024-11-17 20:32:54,116 INFO    SenderThread:20768 [sender.py:_save_file():1378] saving file wandb-summary.json with policy end
2024-11-17 20:32:54,512 INFO    Thread-12 :20768 [dir_watcher.py:_on_file_modified():295] file/dir modified: /Users/aklywtx/Desktop/VLM_Bias_research/NN_pretrain/wandb/run-20241117_203217-skkv74sb/files/wandb-summary.json
2024-11-17 20:32:54,594 DEBUG   HandlerThread:20768 [handler.py:handle_request():144] handle_request: status_report
2024-11-17 20:32:55,519 INFO    Thread-12 :20768 [dir_watcher.py:_on_file_modified():295] file/dir modified: /Users/aklywtx/Desktop/VLM_Bias_research/NN_pretrain/wandb/run-20241117_203217-skkv74sb/files/output.log
2024-11-17 20:32:57,451 DEBUG   HandlerThread:20768 [handler.py:handle_request():144] handle_request: partial_history
2024-11-17 20:32:57,453 DEBUG   SenderThread:20768 [sender.py:send():375] send: history
2024-11-17 20:32:57,453 DEBUG   SenderThread:20768 [sender.py:send_request():402] send_request: summary_record
2024-11-17 20:32:57,453 INFO    SenderThread:20768 [sender.py:_save_file():1378] saving file wandb-summary.json with policy end
2024-11-17 20:32:57,528 INFO    Thread-12 :20768 [dir_watcher.py:_on_file_modified():295] file/dir modified: /Users/aklywtx/Desktop/VLM_Bias_research/NN_pretrain/wandb/run-20241117_203217-skkv74sb/files/output.log
2024-11-17 20:32:57,528 INFO    Thread-12 :20768 [dir_watcher.py:_on_file_modified():295] file/dir modified: /Users/aklywtx/Desktop/VLM_Bias_research/NN_pretrain/wandb/run-20241117_203217-skkv74sb/files/wandb-summary.json
2024-11-17 20:32:59,535 INFO    Thread-12 :20768 [dir_watcher.py:_on_file_modified():295] file/dir modified: /Users/aklywtx/Desktop/VLM_Bias_research/NN_pretrain/wandb/run-20241117_203217-skkv74sb/files/output.log
2024-11-17 20:32:59,625 DEBUG   HandlerThread:20768 [handler.py:handle_request():144] handle_request: status_report
2024-11-17 20:33:00,471 DEBUG   HandlerThread:20768 [handler.py:handle_request():144] handle_request: partial_history
2024-11-17 20:33:00,472 DEBUG   SenderThread:20768 [sender.py:send():375] send: history
2024-11-17 20:33:00,472 DEBUG   SenderThread:20768 [sender.py:send_request():402] send_request: summary_record
2024-11-17 20:33:00,473 INFO    SenderThread:20768 [sender.py:_save_file():1378] saving file wandb-summary.json with policy end
2024-11-17 20:33:00,537 INFO    Thread-12 :20768 [dir_watcher.py:_on_file_modified():295] file/dir modified: /Users/aklywtx/Desktop/VLM_Bias_research/NN_pretrain/wandb/run-20241117_203217-skkv74sb/files/wandb-summary.json
2024-11-17 20:33:01,546 INFO    Thread-12 :20768 [dir_watcher.py:_on_file_modified():295] file/dir modified: /Users/aklywtx/Desktop/VLM_Bias_research/NN_pretrain/wandb/run-20241117_203217-skkv74sb/files/output.log
2024-11-17 20:33:03,475 DEBUG   HandlerThread:20768 [handler.py:handle_request():144] handle_request: partial_history
2024-11-17 20:33:03,477 DEBUG   SenderThread:20768 [sender.py:send():375] send: history
2024-11-17 20:33:03,477 DEBUG   SenderThread:20768 [sender.py:send_request():402] send_request: summary_record
2024-11-17 20:33:03,477 INFO    SenderThread:20768 [sender.py:_save_file():1378] saving file wandb-summary.json with policy end
2024-11-17 20:33:03,557 INFO    Thread-12 :20768 [dir_watcher.py:_on_file_modified():295] file/dir modified: /Users/aklywtx/Desktop/VLM_Bias_research/NN_pretrain/wandb/run-20241117_203217-skkv74sb/files/output.log
2024-11-17 20:33:03,557 INFO    Thread-12 :20768 [dir_watcher.py:_on_file_modified():295] file/dir modified: /Users/aklywtx/Desktop/VLM_Bias_research/NN_pretrain/wandb/run-20241117_203217-skkv74sb/files/wandb-summary.json
2024-11-17 20:33:04,742 DEBUG   HandlerThread:20768 [handler.py:handle_request():144] handle_request: status_report
2024-11-17 20:33:05,565 INFO    Thread-12 :20768 [dir_watcher.py:_on_file_modified():295] file/dir modified: /Users/aklywtx/Desktop/VLM_Bias_research/NN_pretrain/wandb/run-20241117_203217-skkv74sb/files/output.log
2024-11-17 20:33:06,295 DEBUG   HandlerThread:20768 [handler.py:handle_request():144] handle_request: partial_history
2024-11-17 20:33:06,296 DEBUG   SenderThread:20768 [sender.py:send():375] send: history
2024-11-17 20:33:06,296 DEBUG   SenderThread:20768 [sender.py:send_request():402] send_request: summary_record
2024-11-17 20:33:06,297 INFO    SenderThread:20768 [sender.py:_save_file():1378] saving file wandb-summary.json with policy end
2024-11-17 20:33:06,570 INFO    Thread-12 :20768 [dir_watcher.py:_on_file_modified():295] file/dir modified: /Users/aklywtx/Desktop/VLM_Bias_research/NN_pretrain/wandb/run-20241117_203217-skkv74sb/files/wandb-summary.json
2024-11-17 20:33:06,965 DEBUG   HandlerThread:20768 [handler.py:handle_request():144] handle_request: stop_status
2024-11-17 20:33:06,966 DEBUG   SenderThread:20768 [sender.py:send_request():402] send_request: stop_status
2024-11-17 20:33:07,575 INFO    Thread-12 :20768 [dir_watcher.py:_on_file_modified():295] file/dir modified: /Users/aklywtx/Desktop/VLM_Bias_research/NN_pretrain/wandb/run-20241117_203217-skkv74sb/files/output.log
2024-11-17 20:33:09,134 DEBUG   HandlerThread:20768 [handler.py:handle_request():144] handle_request: partial_history
2024-11-17 20:33:09,136 DEBUG   SenderThread:20768 [sender.py:send():375] send: history
2024-11-17 20:33:09,136 DEBUG   SenderThread:20768 [sender.py:send_request():402] send_request: summary_record
2024-11-17 20:33:09,136 INFO    SenderThread:20768 [sender.py:_save_file():1378] saving file wandb-summary.json with policy end
2024-11-17 20:33:09,586 INFO    Thread-12 :20768 [dir_watcher.py:_on_file_modified():295] file/dir modified: /Users/aklywtx/Desktop/VLM_Bias_research/NN_pretrain/wandb/run-20241117_203217-skkv74sb/files/output.log
2024-11-17 20:33:09,586 INFO    Thread-12 :20768 [dir_watcher.py:_on_file_modified():295] file/dir modified: /Users/aklywtx/Desktop/VLM_Bias_research/NN_pretrain/wandb/run-20241117_203217-skkv74sb/files/wandb-summary.json
2024-11-17 20:33:09,832 DEBUG   HandlerThread:20768 [handler.py:handle_request():144] handle_request: status_report
2024-11-17 20:33:11,597 INFO    Thread-12 :20768 [dir_watcher.py:_on_file_modified():295] file/dir modified: /Users/aklywtx/Desktop/VLM_Bias_research/NN_pretrain/wandb/run-20241117_203217-skkv74sb/files/output.log
2024-11-17 20:33:11,878 DEBUG   HandlerThread:20768 [handler.py:handle_request():144] handle_request: partial_history
2024-11-17 20:33:11,879 DEBUG   SenderThread:20768 [sender.py:send():375] send: history
2024-11-17 20:33:11,879 DEBUG   SenderThread:20768 [sender.py:send_request():402] send_request: summary_record
2024-11-17 20:33:11,880 INFO    SenderThread:20768 [sender.py:_save_file():1378] saving file wandb-summary.json with policy end
2024-11-17 20:33:12,602 INFO    Thread-12 :20768 [dir_watcher.py:_on_file_modified():295] file/dir modified: /Users/aklywtx/Desktop/VLM_Bias_research/NN_pretrain/wandb/run-20241117_203217-skkv74sb/files/wandb-summary.json
2024-11-17 20:33:13,609 INFO    Thread-12 :20768 [dir_watcher.py:_on_file_modified():295] file/dir modified: /Users/aklywtx/Desktop/VLM_Bias_research/NN_pretrain/wandb/run-20241117_203217-skkv74sb/files/output.log
2024-11-17 20:33:14,850 DEBUG   HandlerThread:20768 [handler.py:handle_request():144] handle_request: status_report
2024-11-17 20:33:15,298 DEBUG   HandlerThread:20768 [handler.py:handle_request():144] handle_request: partial_history
2024-11-17 20:33:15,299 DEBUG   SenderThread:20768 [sender.py:send():375] send: history
2024-11-17 20:33:15,300 DEBUG   SenderThread:20768 [sender.py:send_request():402] send_request: summary_record
2024-11-17 20:33:15,301 INFO    SenderThread:20768 [sender.py:_save_file():1378] saving file wandb-summary.json with policy end
2024-11-17 20:33:15,617 INFO    Thread-12 :20768 [dir_watcher.py:_on_file_modified():295] file/dir modified: /Users/aklywtx/Desktop/VLM_Bias_research/NN_pretrain/wandb/run-20241117_203217-skkv74sb/files/output.log
2024-11-17 20:33:15,618 INFO    Thread-12 :20768 [dir_watcher.py:_on_file_modified():295] file/dir modified: /Users/aklywtx/Desktop/VLM_Bias_research/NN_pretrain/wandb/run-20241117_203217-skkv74sb/files/wandb-summary.json
2024-11-17 20:33:17,628 INFO    Thread-12 :20768 [dir_watcher.py:_on_file_modified():295] file/dir modified: /Users/aklywtx/Desktop/VLM_Bias_research/NN_pretrain/wandb/run-20241117_203217-skkv74sb/files/output.log
2024-11-17 20:33:18,311 DEBUG   HandlerThread:20768 [handler.py:handle_request():144] handle_request: partial_history
2024-11-17 20:33:18,312 DEBUG   SenderThread:20768 [sender.py:send():375] send: history
2024-11-17 20:33:18,312 DEBUG   SenderThread:20768 [sender.py:send_request():402] send_request: summary_record
2024-11-17 20:33:18,313 INFO    SenderThread:20768 [sender.py:_save_file():1378] saving file wandb-summary.json with policy end
2024-11-17 20:33:18,465 DEBUG   SystemMonitor:20768 [system_monitor.py:_start():159] Starting system metrics aggregation loop
2024-11-17 20:33:18,466 DEBUG   SenderThread:20768 [sender.py:send():375] send: telemetry
2024-11-17 20:33:18,466 DEBUG   SenderThread:20768 [sender.py:send():375] send: stats
2024-11-17 20:33:18,631 INFO    Thread-12 :20768 [dir_watcher.py:_on_file_modified():295] file/dir modified: /Users/aklywtx/Desktop/VLM_Bias_research/NN_pretrain/wandb/run-20241117_203217-skkv74sb/files/wandb-summary.json
2024-11-17 20:33:19,634 INFO    Thread-12 :20768 [dir_watcher.py:_on_file_modified():295] file/dir modified: /Users/aklywtx/Desktop/VLM_Bias_research/NN_pretrain/wandb/run-20241117_203217-skkv74sb/files/output.log
2024-11-17 20:33:19,931 DEBUG   HandlerThread:20768 [handler.py:handle_request():144] handle_request: status_report
2024-11-17 20:33:20,640 INFO    Thread-12 :20768 [dir_watcher.py:_on_file_modified():295] file/dir modified: /Users/aklywtx/Desktop/VLM_Bias_research/NN_pretrain/wandb/run-20241117_203217-skkv74sb/files/config.yaml
2024-11-17 20:33:21,182 DEBUG   HandlerThread:20768 [handler.py:handle_request():144] handle_request: partial_history
2024-11-17 20:33:21,183 DEBUG   SenderThread:20768 [sender.py:send():375] send: history
2024-11-17 20:33:21,183 DEBUG   SenderThread:20768 [sender.py:send_request():402] send_request: summary_record
2024-11-17 20:33:21,184 INFO    SenderThread:20768 [sender.py:_save_file():1378] saving file wandb-summary.json with policy end
2024-11-17 20:33:21,645 INFO    Thread-12 :20768 [dir_watcher.py:_on_file_modified():295] file/dir modified: /Users/aklywtx/Desktop/VLM_Bias_research/NN_pretrain/wandb/run-20241117_203217-skkv74sb/files/output.log
2024-11-17 20:33:21,645 INFO    Thread-12 :20768 [dir_watcher.py:_on_file_modified():295] file/dir modified: /Users/aklywtx/Desktop/VLM_Bias_research/NN_pretrain/wandb/run-20241117_203217-skkv74sb/files/wandb-summary.json
2024-11-17 20:33:21,968 DEBUG   HandlerThread:20768 [handler.py:handle_request():144] handle_request: stop_status
2024-11-17 20:33:21,969 DEBUG   SenderThread:20768 [sender.py:send_request():402] send_request: stop_status
2024-11-17 20:33:23,653 INFO    Thread-12 :20768 [dir_watcher.py:_on_file_modified():295] file/dir modified: /Users/aklywtx/Desktop/VLM_Bias_research/NN_pretrain/wandb/run-20241117_203217-skkv74sb/files/output.log
2024-11-17 20:33:24,393 DEBUG   HandlerThread:20768 [handler.py:handle_request():144] handle_request: partial_history
2024-11-17 20:33:24,395 DEBUG   SenderThread:20768 [sender.py:send():375] send: history
2024-11-17 20:33:24,395 DEBUG   SenderThread:20768 [sender.py:send_request():402] send_request: summary_record
2024-11-17 20:33:24,395 INFO    SenderThread:20768 [sender.py:_save_file():1378] saving file wandb-summary.json with policy end
2024-11-17 20:33:24,659 INFO    Thread-12 :20768 [dir_watcher.py:_on_file_modified():295] file/dir modified: /Users/aklywtx/Desktop/VLM_Bias_research/NN_pretrain/wandb/run-20241117_203217-skkv74sb/files/wandb-summary.json
2024-11-17 20:33:25,354 DEBUG   HandlerThread:20768 [handler.py:handle_request():144] handle_request: status_report
2024-11-17 20:33:25,664 INFO    Thread-12 :20768 [dir_watcher.py:_on_file_modified():295] file/dir modified: /Users/aklywtx/Desktop/VLM_Bias_research/NN_pretrain/wandb/run-20241117_203217-skkv74sb/files/output.log
2024-11-17 20:33:27,669 INFO    Thread-12 :20768 [dir_watcher.py:_on_file_modified():295] file/dir modified: /Users/aklywtx/Desktop/VLM_Bias_research/NN_pretrain/wandb/run-20241117_203217-skkv74sb/files/output.log
2024-11-17 20:33:28,343 DEBUG   HandlerThread:20768 [handler.py:handle_request():144] handle_request: partial_history
2024-11-17 20:33:28,345 DEBUG   SenderThread:20768 [sender.py:send():375] send: history
2024-11-17 20:33:28,345 DEBUG   SenderThread:20768 [sender.py:send_request():402] send_request: summary_record
2024-11-17 20:33:28,346 INFO    SenderThread:20768 [sender.py:_save_file():1378] saving file wandb-summary.json with policy end
2024-11-17 20:33:28,672 INFO    Thread-12 :20768 [dir_watcher.py:_on_file_modified():295] file/dir modified: /Users/aklywtx/Desktop/VLM_Bias_research/NN_pretrain/wandb/run-20241117_203217-skkv74sb/files/wandb-summary.json
2024-11-17 20:33:29,675 INFO    Thread-12 :20768 [dir_watcher.py:_on_file_modified():295] file/dir modified: /Users/aklywtx/Desktop/VLM_Bias_research/NN_pretrain/wandb/run-20241117_203217-skkv74sb/files/output.log
2024-11-17 20:33:30,380 DEBUG   HandlerThread:20768 [handler.py:handle_request():144] handle_request: status_report
2024-11-17 20:33:31,681 INFO    Thread-12 :20768 [dir_watcher.py:_on_file_modified():295] file/dir modified: /Users/aklywtx/Desktop/VLM_Bias_research/NN_pretrain/wandb/run-20241117_203217-skkv74sb/files/output.log
2024-11-17 20:33:31,755 DEBUG   HandlerThread:20768 [handler.py:handle_request():144] handle_request: partial_history
2024-11-17 20:33:31,757 DEBUG   SenderThread:20768 [sender.py:send():375] send: history
2024-11-17 20:33:31,757 DEBUG   SenderThread:20768 [sender.py:send_request():402] send_request: summary_record
2024-11-17 20:33:31,758 INFO    SenderThread:20768 [sender.py:_save_file():1378] saving file wandb-summary.json with policy end
2024-11-17 20:33:32,687 INFO    Thread-12 :20768 [dir_watcher.py:_on_file_modified():295] file/dir modified: /Users/aklywtx/Desktop/VLM_Bias_research/NN_pretrain/wandb/run-20241117_203217-skkv74sb/files/wandb-summary.json
2024-11-17 20:33:33,690 INFO    Thread-12 :20768 [dir_watcher.py:_on_file_modified():295] file/dir modified: /Users/aklywtx/Desktop/VLM_Bias_research/NN_pretrain/wandb/run-20241117_203217-skkv74sb/files/output.log
2024-11-17 20:33:34,864 DEBUG   HandlerThread:20768 [handler.py:handle_request():144] handle_request: partial_history
2024-11-17 20:33:34,865 DEBUG   SenderThread:20768 [sender.py:send():375] send: history
2024-11-17 20:33:34,865 DEBUG   SenderThread:20768 [sender.py:send_request():402] send_request: summary_record
2024-11-17 20:33:34,866 INFO    SenderThread:20768 [sender.py:_save_file():1378] saving file wandb-summary.json with policy end
2024-11-17 20:33:35,484 DEBUG   HandlerThread:20768 [handler.py:handle_request():144] handle_request: status_report
2024-11-17 20:33:35,699 INFO    Thread-12 :20768 [dir_watcher.py:_on_file_modified():295] file/dir modified: /Users/aklywtx/Desktop/VLM_Bias_research/NN_pretrain/wandb/run-20241117_203217-skkv74sb/files/output.log
2024-11-17 20:33:35,699 INFO    Thread-12 :20768 [dir_watcher.py:_on_file_modified():295] file/dir modified: /Users/aklywtx/Desktop/VLM_Bias_research/NN_pretrain/wandb/run-20241117_203217-skkv74sb/files/wandb-summary.json
2024-11-17 20:33:36,974 DEBUG   HandlerThread:20768 [handler.py:handle_request():144] handle_request: stop_status
2024-11-17 20:33:36,974 DEBUG   SenderThread:20768 [sender.py:send_request():402] send_request: stop_status
2024-11-17 20:33:37,716 INFO    Thread-12 :20768 [dir_watcher.py:_on_file_modified():295] file/dir modified: /Users/aklywtx/Desktop/VLM_Bias_research/NN_pretrain/wandb/run-20241117_203217-skkv74sb/files/output.log
2024-11-17 20:33:38,413 DEBUG   HandlerThread:20768 [handler.py:handle_request():144] handle_request: partial_history
2024-11-17 20:33:38,420 DEBUG   SenderThread:20768 [sender.py:send():375] send: history
2024-11-17 20:33:38,421 DEBUG   SenderThread:20768 [sender.py:send_request():402] send_request: summary_record
2024-11-17 20:33:38,422 INFO    SenderThread:20768 [sender.py:_save_file():1378] saving file wandb-summary.json with policy end
2024-11-17 20:33:38,727 INFO    Thread-12 :20768 [dir_watcher.py:_on_file_modified():295] file/dir modified: /Users/aklywtx/Desktop/VLM_Bias_research/NN_pretrain/wandb/run-20241117_203217-skkv74sb/files/wandb-summary.json
2024-11-17 20:33:39,727 INFO    Thread-12 :20768 [dir_watcher.py:_on_file_modified():295] file/dir modified: /Users/aklywtx/Desktop/VLM_Bias_research/NN_pretrain/wandb/run-20241117_203217-skkv74sb/files/output.log
2024-11-17 20:33:40,552 DEBUG   HandlerThread:20768 [handler.py:handle_request():144] handle_request: status_report
2024-11-17 20:33:41,733 INFO    Thread-12 :20768 [dir_watcher.py:_on_file_modified():295] file/dir modified: /Users/aklywtx/Desktop/VLM_Bias_research/NN_pretrain/wandb/run-20241117_203217-skkv74sb/files/output.log
2024-11-17 20:33:42,479 DEBUG   HandlerThread:20768 [handler.py:handle_request():144] handle_request: partial_history
2024-11-17 20:33:42,481 DEBUG   SenderThread:20768 [sender.py:send():375] send: history
2024-11-17 20:33:42,481 DEBUG   SenderThread:20768 [sender.py:send_request():402] send_request: summary_record
2024-11-17 20:33:42,482 INFO    SenderThread:20768 [sender.py:_save_file():1378] saving file wandb-summary.json with policy end
2024-11-17 20:33:42,733 INFO    Thread-12 :20768 [dir_watcher.py:_on_file_modified():295] file/dir modified: /Users/aklywtx/Desktop/VLM_Bias_research/NN_pretrain/wandb/run-20241117_203217-skkv74sb/files/wandb-summary.json
2024-11-17 20:33:43,739 INFO    Thread-12 :20768 [dir_watcher.py:_on_file_modified():295] file/dir modified: /Users/aklywtx/Desktop/VLM_Bias_research/NN_pretrain/wandb/run-20241117_203217-skkv74sb/files/output.log
2024-11-17 20:33:45,568 DEBUG   HandlerThread:20768 [handler.py:handle_request():144] handle_request: status_report
2024-11-17 20:33:45,765 INFO    Thread-12 :20768 [dir_watcher.py:_on_file_modified():295] file/dir modified: /Users/aklywtx/Desktop/VLM_Bias_research/NN_pretrain/wandb/run-20241117_203217-skkv74sb/files/output.log
2024-11-17 20:33:46,192 DEBUG   HandlerThread:20768 [handler.py:handle_request():144] handle_request: partial_history
2024-11-17 20:33:46,193 DEBUG   SenderThread:20768 [sender.py:send():375] send: history
2024-11-17 20:33:46,194 DEBUG   SenderThread:20768 [sender.py:send_request():402] send_request: summary_record
2024-11-17 20:33:46,194 INFO    SenderThread:20768 [sender.py:_save_file():1378] saving file wandb-summary.json with policy end
2024-11-17 20:33:46,766 INFO    Thread-12 :20768 [dir_watcher.py:_on_file_modified():295] file/dir modified: /Users/aklywtx/Desktop/VLM_Bias_research/NN_pretrain/wandb/run-20241117_203217-skkv74sb/files/wandb-summary.json
2024-11-17 20:33:47,772 INFO    Thread-12 :20768 [dir_watcher.py:_on_file_modified():295] file/dir modified: /Users/aklywtx/Desktop/VLM_Bias_research/NN_pretrain/wandb/run-20241117_203217-skkv74sb/files/output.log
2024-11-17 20:33:48,470 DEBUG   SenderThread:20768 [sender.py:send():375] send: stats
2024-11-17 20:33:49,781 INFO    Thread-12 :20768 [dir_watcher.py:_on_file_modified():295] file/dir modified: /Users/aklywtx/Desktop/VLM_Bias_research/NN_pretrain/wandb/run-20241117_203217-skkv74sb/files/output.log
2024-11-17 20:33:49,815 DEBUG   HandlerThread:20768 [handler.py:handle_request():144] handle_request: partial_history
2024-11-17 20:33:49,817 DEBUG   SenderThread:20768 [sender.py:send():375] send: history
2024-11-17 20:33:49,817 DEBUG   SenderThread:20768 [sender.py:send_request():402] send_request: summary_record
2024-11-17 20:33:49,817 INFO    SenderThread:20768 [sender.py:_save_file():1378] saving file wandb-summary.json with policy end
2024-11-17 20:33:50,492 DEBUG   SenderThread:20768 [sender.py:send():375] send: telemetry
2024-11-17 20:33:50,492 DEBUG   SenderThread:20768 [sender.py:send():375] send: exit
2024-11-17 20:33:50,492 INFO    SenderThread:20768 [sender.py:send_exit():598] handling exit code: 0
2024-11-17 20:33:50,492 INFO    SenderThread:20768 [sender.py:send_exit():600] handling runtime: 92
2024-11-17 20:33:50,493 INFO    SenderThread:20768 [sender.py:_save_file():1378] saving file wandb-summary.json with policy end
2024-11-17 20:33:50,493 INFO    SenderThread:20768 [sender.py:send_exit():606] send defer
2024-11-17 20:33:50,501 DEBUG   HandlerThread:20768 [handler.py:handle_request():144] handle_request: defer
2024-11-17 20:33:50,501 INFO    HandlerThread:20768 [handler.py:handle_request_defer():170] handle defer: 0
2024-11-17 20:33:50,510 DEBUG   SenderThread:20768 [sender.py:send_request():402] send_request: defer
2024-11-17 20:33:50,510 INFO    SenderThread:20768 [sender.py:send_request_defer():622] handle sender defer: 0
2024-11-17 20:33:50,511 INFO    SenderThread:20768 [sender.py:transition_state():626] send defer: 1
2024-11-17 20:33:50,516 DEBUG   HandlerThread:20768 [handler.py:handle_request():144] handle_request: defer
2024-11-17 20:33:50,516 INFO    HandlerThread:20768 [handler.py:handle_request_defer():170] handle defer: 1
2024-11-17 20:33:50,517 DEBUG   SenderThread:20768 [sender.py:send_request():402] send_request: defer
2024-11-17 20:33:50,520 INFO    SenderThread:20768 [sender.py:send_request_defer():622] handle sender defer: 1
2024-11-17 20:33:50,520 INFO    SenderThread:20768 [sender.py:transition_state():626] send defer: 2
2024-11-17 20:33:50,520 DEBUG   HandlerThread:20768 [handler.py:handle_request():144] handle_request: defer
2024-11-17 20:33:50,520 INFO    HandlerThread:20768 [handler.py:handle_request_defer():170] handle defer: 2
2024-11-17 20:33:50,520 INFO    HandlerThread:20768 [system_monitor.py:finish():190] Stopping system monitor
2024-11-17 20:33:50,520 DEBUG   SystemMonitor:20768 [system_monitor.py:_start():166] Finished system metrics aggregation loop
2024-11-17 20:33:50,520 INFO    HandlerThread:20768 [interfaces.py:finish():202] Joined cpu monitor
2024-11-17 20:33:50,521 DEBUG   SystemMonitor:20768 [system_monitor.py:_start():170] Publishing last batch of metrics
2024-11-17 20:33:50,521 INFO    HandlerThread:20768 [interfaces.py:finish():202] Joined disk monitor
2024-11-17 20:33:50,782 INFO    Thread-12 :20768 [dir_watcher.py:_on_file_modified():295] file/dir modified: /Users/aklywtx/Desktop/VLM_Bias_research/NN_pretrain/wandb/run-20241117_203217-skkv74sb/files/wandb-summary.json
2024-11-17 20:33:51,502 INFO    HandlerThread:20768 [interfaces.py:finish():202] Joined gpuapple monitor
2024-11-17 20:33:51,503 INFO    HandlerThread:20768 [interfaces.py:finish():202] Joined memory monitor
2024-11-17 20:33:51,503 INFO    HandlerThread:20768 [interfaces.py:finish():202] Joined network monitor
2024-11-17 20:33:51,503 DEBUG   HandlerThread:20768 [handler.py:handle_request():144] handle_request: poll_exit
2024-11-17 20:33:51,503 DEBUG   SenderThread:20768 [sender.py:send_request():402] send_request: defer
2024-11-17 20:33:51,504 INFO    SenderThread:20768 [sender.py:send_request_defer():622] handle sender defer: 2
2024-11-17 20:33:51,504 INFO    SenderThread:20768 [sender.py:transition_state():626] send defer: 3
2024-11-17 20:33:51,507 DEBUG   HandlerThread:20768 [handler.py:handle_request():144] handle_request: defer
2024-11-17 20:33:51,507 INFO    HandlerThread:20768 [handler.py:handle_request_defer():170] handle defer: 3
2024-11-17 20:33:51,508 DEBUG   HandlerThread:20768 [handler.py:handle_request():144] handle_request: status_report
2024-11-17 20:33:51,677 DEBUG   SenderThread:20768 [sender.py:send():375] send: stats
2024-11-17 20:33:51,677 DEBUG   SenderThread:20768 [sender.py:send_request():402] send_request: poll_exit
2024-11-17 20:33:51,677 DEBUG   SenderThread:20768 [sender.py:send_request():402] send_request: defer
2024-11-17 20:33:51,677 INFO    SenderThread:20768 [sender.py:send_request_defer():622] handle sender defer: 3
2024-11-17 20:33:51,677 INFO    SenderThread:20768 [sender.py:transition_state():626] send defer: 4
2024-11-17 20:33:51,677 DEBUG   HandlerThread:20768 [handler.py:handle_request():144] handle_request: defer
2024-11-17 20:33:51,678 INFO    HandlerThread:20768 [handler.py:handle_request_defer():170] handle defer: 4
2024-11-17 20:33:51,678 DEBUG   SenderThread:20768 [sender.py:send_request():402] send_request: defer
2024-11-17 20:33:51,678 INFO    SenderThread:20768 [sender.py:send_request_defer():622] handle sender defer: 4
2024-11-17 20:33:51,678 INFO    SenderThread:20768 [sender.py:transition_state():626] send defer: 5
2024-11-17 20:33:51,678 DEBUG   HandlerThread:20768 [handler.py:handle_request():144] handle_request: defer
2024-11-17 20:33:51,678 INFO    HandlerThread:20768 [handler.py:handle_request_defer():170] handle defer: 5
2024-11-17 20:33:51,678 DEBUG   SenderThread:20768 [sender.py:send():375] send: summary
2024-11-17 20:33:51,678 INFO    SenderThread:20768 [sender.py:_save_file():1378] saving file wandb-summary.json with policy end
2024-11-17 20:33:51,678 DEBUG   SenderThread:20768 [sender.py:send_request():402] send_request: defer
2024-11-17 20:33:51,678 INFO    SenderThread:20768 [sender.py:send_request_defer():622] handle sender defer: 5
2024-11-17 20:33:51,678 INFO    SenderThread:20768 [sender.py:transition_state():626] send defer: 6
2024-11-17 20:33:51,679 DEBUG   HandlerThread:20768 [handler.py:handle_request():144] handle_request: defer
2024-11-17 20:33:51,679 INFO    HandlerThread:20768 [handler.py:handle_request_defer():170] handle defer: 6
2024-11-17 20:33:51,679 DEBUG   SenderThread:20768 [sender.py:send_request():402] send_request: defer
2024-11-17 20:33:51,679 INFO    SenderThread:20768 [sender.py:send_request_defer():622] handle sender defer: 6
2024-11-17 20:33:51,679 INFO    SenderThread:20768 [sender.py:transition_state():626] send defer: 7
2024-11-17 20:33:51,679 DEBUG   HandlerThread:20768 [handler.py:handle_request():144] handle_request: status_report
2024-11-17 20:33:51,679 DEBUG   HandlerThread:20768 [handler.py:handle_request():144] handle_request: defer
2024-11-17 20:33:51,679 INFO    HandlerThread:20768 [handler.py:handle_request_defer():170] handle defer: 7
2024-11-17 20:33:51,679 DEBUG   SenderThread:20768 [sender.py:send_request():402] send_request: defer
2024-11-17 20:33:51,679 INFO    SenderThread:20768 [sender.py:send_request_defer():622] handle sender defer: 7
2024-11-17 20:33:51,787 INFO    Thread-12 :20768 [dir_watcher.py:_on_file_modified():295] file/dir modified: /Users/aklywtx/Desktop/VLM_Bias_research/NN_pretrain/wandb/run-20241117_203217-skkv74sb/files/output.log
2024-11-17 20:33:51,787 INFO    Thread-12 :20768 [dir_watcher.py:_on_file_modified():295] file/dir modified: /Users/aklywtx/Desktop/VLM_Bias_research/NN_pretrain/wandb/run-20241117_203217-skkv74sb/files/config.yaml
2024-11-17 20:33:51,787 INFO    Thread-12 :20768 [dir_watcher.py:_on_file_modified():295] file/dir modified: /Users/aklywtx/Desktop/VLM_Bias_research/NN_pretrain/wandb/run-20241117_203217-skkv74sb/files/wandb-summary.json
2024-11-17 20:33:52,489 DEBUG   HandlerThread:20768 [handler.py:handle_request():144] handle_request: poll_exit
2024-11-17 20:33:52,793 INFO    Thread-12 :20768 [dir_watcher.py:_on_file_modified():295] file/dir modified: /Users/aklywtx/Desktop/VLM_Bias_research/NN_pretrain/wandb/run-20241117_203217-skkv74sb/files/output.log
2024-11-17 20:33:53,829 INFO    SenderThread:20768 [sender.py:transition_state():626] send defer: 8
2024-11-17 20:33:53,829 DEBUG   SenderThread:20768 [sender.py:send_request():402] send_request: poll_exit
2024-11-17 20:33:53,829 DEBUG   HandlerThread:20768 [handler.py:handle_request():144] handle_request: defer
2024-11-17 20:33:53,830 INFO    HandlerThread:20768 [handler.py:handle_request_defer():170] handle defer: 8
2024-11-17 20:33:53,830 DEBUG   SenderThread:20768 [sender.py:send_request():402] send_request: defer
2024-11-17 20:33:53,831 INFO    SenderThread:20768 [sender.py:send_request_defer():622] handle sender defer: 8
2024-11-17 20:33:53,835 INFO    SenderThread:20768 [sender.py:transition_state():626] send defer: 9
2024-11-17 20:33:53,835 DEBUG   HandlerThread:20768 [handler.py:handle_request():144] handle_request: defer
2024-11-17 20:33:53,835 DEBUG   SenderThread:20768 [sender.py:send():375] send: artifact
2024-11-17 20:33:53,835 INFO    HandlerThread:20768 [handler.py:handle_request_defer():170] handle defer: 9
2024-11-17 20:33:54,798 INFO    Thread-12 :20768 [dir_watcher.py:_on_file_modified():295] file/dir modified: /Users/aklywtx/Desktop/VLM_Bias_research/NN_pretrain/wandb/run-20241117_203217-skkv74sb/files/output.log
2024-11-17 20:33:54,903 INFO    wandb-upload_1:20768 [upload_job.py:push():92] Skipped uploading /Users/aklywtx/Library/Application Support/wandb/artifacts/staging/tmpw6720xac
2024-11-17 20:33:55,143 INFO    wandb-upload_0:20768 [upload_job.py:push():95] Uploaded file /Users/aklywtx/Library/Application Support/wandb/artifacts/staging/tmpl42jfkbj
2024-11-17 20:33:56,394 INFO    SenderThread:20768 [sender.py:send_artifact():1474] sent artifact job-git_github.com_aklywtx_NN_pretrain.git_models_mlp_train.py - {'id': 'QXJ0aWZhY3Q6MTMzOTA1NjY5Mg==', 'digest': '7afd9b34f432d7aa831a7c9371e1d0a9', 'state': 'PENDING', 'aliases': [], 'artifactSequence': {'id': 'QXJ0aWZhY3RDb2xsZWN0aW9uOjQ5NjYxOTk2OQ==', 'latestArtifact': {'id': 'QXJ0aWZhY3Q6MTMzODc5NTg0Nw==', 'versionIndex': 1}}, 'version': 'latest'}
2024-11-17 20:33:56,394 DEBUG   SenderThread:20768 [sender.py:send_request():402] send_request: defer
2024-11-17 20:33:56,394 INFO    SenderThread:20768 [sender.py:send_request_defer():622] handle sender defer: 9
2024-11-17 20:33:56,394 INFO    SenderThread:20768 [dir_watcher.py:finish():365] shutting down directory watcher
2024-11-17 20:33:56,807 INFO    SenderThread:20768 [dir_watcher.py:finish():395] scan: /Users/aklywtx/Desktop/VLM_Bias_research/NN_pretrain/wandb/run-20241117_203217-skkv74sb/files
2024-11-17 20:33:56,808 INFO    SenderThread:20768 [dir_watcher.py:finish():409] scan save: /Users/aklywtx/Desktop/VLM_Bias_research/NN_pretrain/wandb/run-20241117_203217-skkv74sb/files/requirements.txt requirements.txt
2024-11-17 20:33:56,808 INFO    SenderThread:20768 [dir_watcher.py:finish():409] scan save: /Users/aklywtx/Desktop/VLM_Bias_research/NN_pretrain/wandb/run-20241117_203217-skkv74sb/files/output.log output.log
2024-11-17 20:33:56,808 INFO    SenderThread:20768 [dir_watcher.py:finish():409] scan save: /Users/aklywtx/Desktop/VLM_Bias_research/NN_pretrain/wandb/run-20241117_203217-skkv74sb/files/config.yaml config.yaml
2024-11-17 20:33:56,808 INFO    SenderThread:20768 [dir_watcher.py:finish():409] scan save: /Users/aklywtx/Desktop/VLM_Bias_research/NN_pretrain/wandb/run-20241117_203217-skkv74sb/files/wandb-summary.json wandb-summary.json
2024-11-17 20:33:56,811 INFO    SenderThread:20768 [dir_watcher.py:finish():409] scan save: /Users/aklywtx/Desktop/VLM_Bias_research/NN_pretrain/wandb/run-20241117_203217-skkv74sb/files/conda-environment.yaml conda-environment.yaml
2024-11-17 20:33:56,812 INFO    SenderThread:20768 [dir_watcher.py:finish():409] scan save: /Users/aklywtx/Desktop/VLM_Bias_research/NN_pretrain/wandb/run-20241117_203217-skkv74sb/files/wandb-metadata.json wandb-metadata.json
2024-11-17 20:33:56,812 INFO    SenderThread:20768 [sender.py:transition_state():626] send defer: 10
2024-11-17 20:33:56,813 DEBUG   HandlerThread:20768 [handler.py:handle_request():144] handle_request: defer
2024-11-17 20:33:56,815 INFO    HandlerThread:20768 [handler.py:handle_request_defer():170] handle defer: 10
2024-11-17 20:33:56,815 DEBUG   HandlerThread:20768 [handler.py:handle_request():144] handle_request: status_report
2024-11-17 20:33:56,815 DEBUG   SenderThread:20768 [sender.py:send_request():402] send_request: defer
2024-11-17 20:33:56,815 INFO    SenderThread:20768 [sender.py:send_request_defer():622] handle sender defer: 10
2024-11-17 20:33:56,815 INFO    SenderThread:20768 [file_pusher.py:finish():167] shutting down file pusher
2024-11-17 20:33:57,235 INFO    wandb-upload_0:20768 [upload_job.py:push():137] Uploaded file /Users/aklywtx/Desktop/VLM_Bias_research/NN_pretrain/wandb/run-20241117_203217-skkv74sb/files/output.log
2024-11-17 20:33:57,319 INFO    wandb-upload_3:20768 [upload_job.py:push():137] Uploaded file /Users/aklywtx/Desktop/VLM_Bias_research/NN_pretrain/wandb/run-20241117_203217-skkv74sb/files/wandb-summary.json
2024-11-17 20:33:57,321 INFO    wandb-upload_2:20768 [upload_job.py:push():137] Uploaded file /Users/aklywtx/Desktop/VLM_Bias_research/NN_pretrain/wandb/run-20241117_203217-skkv74sb/files/config.yaml
2024-11-17 20:33:57,494 DEBUG   HandlerThread:20768 [handler.py:handle_request():144] handle_request: keepalive
2024-11-17 20:33:57,503 INFO    wandb-upload_1:20768 [upload_job.py:push():137] Uploaded file /Users/aklywtx/Desktop/VLM_Bias_research/NN_pretrain/wandb/run-20241117_203217-skkv74sb/files/requirements.txt
2024-11-17 20:33:57,547 INFO    wandb-upload_4:20768 [upload_job.py:push():137] Uploaded file /Users/aklywtx/Desktop/VLM_Bias_research/NN_pretrain/wandb/run-20241117_203217-skkv74sb/files/conda-environment.yaml
2024-11-17 20:33:57,753 INFO    Thread-11 :20768 [sender.py:transition_state():626] send defer: 11
2024-11-17 20:33:57,753 DEBUG   HandlerThread:20768 [handler.py:handle_request():144] handle_request: defer
2024-11-17 20:33:57,754 INFO    HandlerThread:20768 [handler.py:handle_request_defer():170] handle defer: 11
2024-11-17 20:33:57,754 DEBUG   SenderThread:20768 [sender.py:send_request():402] send_request: defer
2024-11-17 20:33:57,754 INFO    SenderThread:20768 [sender.py:send_request_defer():622] handle sender defer: 11
2024-11-17 20:33:57,754 INFO    SenderThread:20768 [file_pusher.py:join():172] waiting for file pusher
2024-11-17 20:33:57,754 INFO    SenderThread:20768 [sender.py:transition_state():626] send defer: 12
2024-11-17 20:33:57,754 DEBUG   HandlerThread:20768 [handler.py:handle_request():144] handle_request: defer
2024-11-17 20:33:57,754 INFO    HandlerThread:20768 [handler.py:handle_request_defer():170] handle defer: 12
2024-11-17 20:33:57,755 DEBUG   SenderThread:20768 [sender.py:send_request():402] send_request: defer
2024-11-17 20:33:57,755 INFO    SenderThread:20768 [sender.py:send_request_defer():622] handle sender defer: 12
2024-11-17 20:33:57,944 INFO    SenderThread:20768 [sender.py:transition_state():626] send defer: 13
2024-11-17 20:33:57,947 DEBUG   HandlerThread:20768 [handler.py:handle_request():144] handle_request: defer
2024-11-17 20:33:57,948 INFO    HandlerThread:20768 [handler.py:handle_request_defer():170] handle defer: 13
2024-11-17 20:33:57,948 DEBUG   SenderThread:20768 [sender.py:send_request():402] send_request: defer
2024-11-17 20:33:57,948 INFO    SenderThread:20768 [sender.py:send_request_defer():622] handle sender defer: 13
2024-11-17 20:33:57,974 INFO    SenderThread:20768 [sender.py:transition_state():626] send defer: 14
2024-11-17 20:33:57,974 DEBUG   HandlerThread:20768 [handler.py:handle_request():144] handle_request: defer
2024-11-17 20:33:57,974 INFO    HandlerThread:20768 [handler.py:handle_request_defer():170] handle defer: 14
2024-11-17 20:33:57,976 DEBUG   SenderThread:20768 [sender.py:send():375] send: final
2024-11-17 20:33:57,976 DEBUG   SenderThread:20768 [sender.py:send():375] send: footer
2024-11-17 20:33:57,976 DEBUG   SenderThread:20768 [sender.py:send_request():402] send_request: defer
2024-11-17 20:33:57,976 INFO    SenderThread:20768 [sender.py:send_request_defer():622] handle sender defer: 14
2024-11-17 20:33:58,006 DEBUG   HandlerThread:20768 [handler.py:handle_request():144] handle_request: poll_exit
2024-11-17 20:33:58,009 DEBUG   HandlerThread:20768 [handler.py:handle_request():144] handle_request: server_info
2024-11-17 20:33:58,009 DEBUG   SenderThread:20768 [sender.py:send_request():402] send_request: poll_exit
2024-11-17 20:33:58,009 DEBUG   HandlerThread:20768 [handler.py:handle_request():144] handle_request: get_summary
2024-11-17 20:33:58,032 DEBUG   HandlerThread:20768 [handler.py:handle_request():144] handle_request: sampled_history
2024-11-17 20:33:58,030 DEBUG   SenderThread:20768 [sender.py:send_request():402] send_request: server_info
2024-11-17 20:33:58,268 DEBUG   HandlerThread:20768 [handler.py:handle_request():144] handle_request: shutdown
2024-11-17 20:33:58,268 INFO    HandlerThread:20768 [handler.py:finish():842] shutting down handler
2024-11-17 20:33:59,015 INFO    WriterThread:20768 [datastore.py:close():298] close: /Users/aklywtx/Desktop/VLM_Bias_research/NN_pretrain/wandb/run-20241117_203217-skkv74sb/run-skkv74sb.wandb
2024-11-17 20:33:59,269 INFO    SenderThread:20768 [sender.py:finish():1550] shutting down sender
2024-11-17 20:33:59,270 INFO    SenderThread:20768 [file_pusher.py:finish():167] shutting down file pusher
2024-11-17 20:33:59,270 INFO    SenderThread:20768 [file_pusher.py:join():172] waiting for file pusher
