2024-11-17 14:55:27,783 INFO    StreamThr :23448 [internal.py:wandb_internal():86] W&B internal server running at pid: 23448, started at: 2024-11-17 14:55:27.782917
2024-11-17 14:55:27,783 DEBUG   HandlerThread:23448 [handler.py:handle_request():144] handle_request: status
2024-11-17 14:55:27,784 INFO    WriterThread:23448 [datastore.py:open_for_write():85] open: /Users/aklywtx/Desktop/VLM_Bias_research/NN_pretrain/wandb/run-20241117_145527-h135soaq/run-h135soaq.wandb
2024-11-17 14:55:27,785 DEBUG   SenderThread:23448 [sender.py:send():375] send: header
2024-11-17 14:55:27,805 DEBUG   SenderThread:23448 [sender.py:send():375] send: run
2024-11-17 14:55:28,300 INFO    SenderThread:23448 [dir_watcher.py:__init__():219] watching files in: /Users/aklywtx/Desktop/VLM_Bias_research/NN_pretrain/wandb/run-20241117_145527-h135soaq/files
2024-11-17 14:55:28,300 INFO    SenderThread:23448 [sender.py:_start_run_threads():1124] run started: h135soaq with start time 1731851727.782544
2024-11-17 14:55:28,300 DEBUG   SenderThread:23448 [sender.py:send_request():402] send_request: summary_record
2024-11-17 14:55:28,301 INFO    SenderThread:23448 [sender.py:_save_file():1378] saving file wandb-summary.json with policy end
2024-11-17 14:55:28,303 DEBUG   HandlerThread:23448 [handler.py:handle_request():144] handle_request: check_version
2024-11-17 14:55:28,303 DEBUG   SenderThread:23448 [sender.py:send_request():402] send_request: check_version
2024-11-17 14:55:28,444 DEBUG   HandlerThread:23448 [handler.py:handle_request():144] handle_request: run_start
2024-11-17 14:55:28,453 DEBUG   HandlerThread:23448 [system_info.py:__init__():31] System info init
2024-11-17 14:55:28,453 DEBUG   HandlerThread:23448 [system_info.py:__init__():46] System info init done
2024-11-17 14:55:28,453 INFO    HandlerThread:23448 [system_monitor.py:start():181] Starting system monitor
2024-11-17 14:55:28,453 INFO    SystemMonitor:23448 [system_monitor.py:_start():145] Starting system asset monitoring threads
2024-11-17 14:55:28,454 INFO    HandlerThread:23448 [system_monitor.py:probe():201] Collecting system info
2024-11-17 14:55:28,454 INFO    SystemMonitor:23448 [interfaces.py:start():190] Started cpu monitoring
2024-11-17 14:55:28,454 DEBUG   HandlerThread:23448 [system_info.py:probe():195] Probing system
2024-11-17 14:55:28,454 INFO    SystemMonitor:23448 [interfaces.py:start():190] Started disk monitoring
2024-11-17 14:55:28,455 INFO    SystemMonitor:23448 [interfaces.py:start():190] Started memory monitoring
2024-11-17 14:55:28,455 INFO    SystemMonitor:23448 [interfaces.py:start():190] Started network monitoring
2024-11-17 14:55:28,458 DEBUG   HandlerThread:23448 [system_info.py:_probe_git():180] Probing git
2024-11-17 14:55:28,484 DEBUG   HandlerThread:23448 [system_info.py:_probe_git():188] Probing git done
2024-11-17 14:55:28,484 DEBUG   HandlerThread:23448 [system_info.py:probe():240] Probing system done
2024-11-17 14:55:28,484 DEBUG   HandlerThread:23448 [system_monitor.py:probe():210] {'os': 'macOS-14.5-arm64-i386-64bit', 'python': '3.9.13', 'heartbeatAt': '2024-11-17T13:55:28.454626', 'startedAt': '2024-11-17T13:55:27.703600', 'docker': None, 'cuda': None, 'args': (), 'state': 'running', 'program': '/Users/aklywtx/Desktop/VLM_Bias_research/NN_pretrain/models/mlp_train.py', 'codePath': 'models/mlp_train.py', 'git': {'remote': 'git@github.com:aklywtx/NN_pretrain.git', 'commit': '79fb9213d8f97bc1c37c0dd0a2a01a0ea0927308'}, 'email': 'aklywtx233@163.com', 'root': '/Users/aklywtx/Desktop/VLM_Bias_research/NN_pretrain', 'host': 'MACBOOK-PRO-341.local', 'username': 'aklywtx', 'executable': '/Users/aklywtx/opt/anaconda3/bin/python', 'cpu_count': 8, 'cpu_count_logical': 8, 'disk': {'total': 926.3517189025879, 'used': 812.961124420166}, 'memory': {'total': 32.0}}
2024-11-17 14:55:28,484 INFO    HandlerThread:23448 [system_monitor.py:probe():211] Finished collecting system info
2024-11-17 14:55:28,484 INFO    HandlerThread:23448 [system_monitor.py:probe():214] Publishing system info
2024-11-17 14:55:28,484 DEBUG   HandlerThread:23448 [system_info.py:_save_pip():51] Saving list of pip packages installed into the current environment
2024-11-17 14:55:28,485 DEBUG   HandlerThread:23448 [system_info.py:_save_pip():67] Saving pip packages done
2024-11-17 14:55:28,485 DEBUG   HandlerThread:23448 [system_info.py:_save_conda():74] Saving list of conda packages installed into the current environment
2024-11-17 14:55:29,307 INFO    Thread-12 :23448 [dir_watcher.py:_on_file_created():278] file/dir created: /Users/aklywtx/Desktop/VLM_Bias_research/NN_pretrain/wandb/run-20241117_145527-h135soaq/files/requirements.txt
2024-11-17 14:55:29,307 INFO    Thread-12 :23448 [dir_watcher.py:_on_file_created():278] file/dir created: /Users/aklywtx/Desktop/VLM_Bias_research/NN_pretrain/wandb/run-20241117_145527-h135soaq/files/conda-environment.yaml
2024-11-17 14:55:29,307 INFO    Thread-12 :23448 [dir_watcher.py:_on_file_created():278] file/dir created: /Users/aklywtx/Desktop/VLM_Bias_research/NN_pretrain/wandb/run-20241117_145527-h135soaq/files/wandb-summary.json
2024-11-17 14:55:45,976 DEBUG   HandlerThread:23448 [system_info.py:_save_conda():86] Saving conda packages done
2024-11-17 14:55:45,977 INFO    HandlerThread:23448 [system_monitor.py:probe():216] Finished publishing system info
2024-11-17 14:55:45,987 DEBUG   HandlerThread:23448 [handler.py:handle_request():144] handle_request: status_report
2024-11-17 14:55:45,987 DEBUG   HandlerThread:23448 [handler.py:handle_request():144] handle_request: keepalive
2024-11-17 14:55:45,987 DEBUG   HandlerThread:23448 [handler.py:handle_request():144] handle_request: keepalive
2024-11-17 14:55:45,987 DEBUG   HandlerThread:23448 [handler.py:handle_request():144] handle_request: status_report
2024-11-17 14:55:45,987 DEBUG   HandlerThread:23448 [handler.py:handle_request():144] handle_request: keepalive
2024-11-17 14:55:45,987 DEBUG   HandlerThread:23448 [handler.py:handle_request():144] handle_request: status_report
2024-11-17 14:55:45,988 DEBUG   SenderThread:23448 [sender.py:send():375] send: files
2024-11-17 14:55:45,988 INFO    SenderThread:23448 [sender.py:_save_file():1378] saving file wandb-metadata.json with policy now
2024-11-17 14:55:45,991 DEBUG   HandlerThread:23448 [handler.py:handle_request():144] handle_request: stop_status
2024-11-17 14:55:45,991 DEBUG   SenderThread:23448 [sender.py:send_request():402] send_request: stop_status
2024-11-17 14:55:46,246 DEBUG   SenderThread:23448 [sender.py:send():375] send: telemetry
2024-11-17 14:55:46,381 INFO    Thread-12 :23448 [dir_watcher.py:_on_file_modified():295] file/dir modified: /Users/aklywtx/Desktop/VLM_Bias_research/NN_pretrain/wandb/run-20241117_145527-h135soaq/files/conda-environment.yaml
2024-11-17 14:55:46,381 INFO    Thread-12 :23448 [dir_watcher.py:_on_file_created():278] file/dir created: /Users/aklywtx/Desktop/VLM_Bias_research/NN_pretrain/wandb/run-20241117_145527-h135soaq/files/wandb-metadata.json
2024-11-17 14:55:46,525 INFO    wandb-upload_0:23448 [upload_job.py:push():137] Uploaded file /var/folders/b8/j860yxxx1bb1pjgc34kr65dm0000gn/T/tmpv_efv1hxwandb/o58hrugs-wandb-metadata.json
2024-11-17 14:55:49,258 DEBUG   HandlerThread:23448 [handler.py:handle_request():144] handle_request: status_report
2024-11-17 14:55:54,278 DEBUG   HandlerThread:23448 [handler.py:handle_request():144] handle_request: status_report
2024-11-17 14:55:59,296 DEBUG   HandlerThread:23448 [handler.py:handle_request():144] handle_request: status_report
2024-11-17 14:56:00,438 INFO    Thread-12 :23448 [dir_watcher.py:_on_file_modified():295] file/dir modified: /Users/aklywtx/Desktop/VLM_Bias_research/NN_pretrain/wandb/run-20241117_145527-h135soaq/files/config.yaml
2024-11-17 14:56:00,996 DEBUG   HandlerThread:23448 [handler.py:handle_request():144] handle_request: stop_status
2024-11-17 14:56:00,996 DEBUG   SenderThread:23448 [sender.py:send_request():402] send_request: stop_status
2024-11-17 14:56:04,449 INFO    Thread-12 :23448 [dir_watcher.py:_on_file_created():278] file/dir created: /Users/aklywtx/Desktop/VLM_Bias_research/NN_pretrain/wandb/run-20241117_145527-h135soaq/files/output.log
2024-11-17 14:56:04,612 DEBUG   HandlerThread:23448 [handler.py:handle_request():144] handle_request: status_report
2024-11-17 14:56:06,457 INFO    Thread-12 :23448 [dir_watcher.py:_on_file_modified():295] file/dir modified: /Users/aklywtx/Desktop/VLM_Bias_research/NN_pretrain/wandb/run-20241117_145527-h135soaq/files/output.log
2024-11-17 14:56:07,311 DEBUG   HandlerThread:23448 [handler.py:handle_request():144] handle_request: partial_history
2024-11-17 14:56:07,312 DEBUG   SenderThread:23448 [sender.py:send():375] send: history
2024-11-17 14:56:07,313 DEBUG   SenderThread:23448 [sender.py:send_request():402] send_request: summary_record
2024-11-17 14:56:07,313 INFO    SenderThread:23448 [sender.py:_save_file():1378] saving file wandb-summary.json with policy end
2024-11-17 14:56:07,463 INFO    Thread-12 :23448 [dir_watcher.py:_on_file_modified():295] file/dir modified: /Users/aklywtx/Desktop/VLM_Bias_research/NN_pretrain/wandb/run-20241117_145527-h135soaq/files/wandb-summary.json
2024-11-17 14:56:08,468 INFO    Thread-12 :23448 [dir_watcher.py:_on_file_modified():295] file/dir modified: /Users/aklywtx/Desktop/VLM_Bias_research/NN_pretrain/wandb/run-20241117_145527-h135soaq/files/output.log
2024-11-17 14:56:09,667 DEBUG   HandlerThread:23448 [handler.py:handle_request():144] handle_request: status_report
2024-11-17 14:56:09,767 DEBUG   HandlerThread:23448 [handler.py:handle_request():144] handle_request: partial_history
2024-11-17 14:56:09,769 DEBUG   SenderThread:23448 [sender.py:send():375] send: history
2024-11-17 14:56:09,769 DEBUG   SenderThread:23448 [sender.py:send_request():402] send_request: summary_record
2024-11-17 14:56:09,769 INFO    SenderThread:23448 [sender.py:_save_file():1378] saving file wandb-summary.json with policy end
2024-11-17 14:56:10,475 INFO    Thread-12 :23448 [dir_watcher.py:_on_file_modified():295] file/dir modified: /Users/aklywtx/Desktop/VLM_Bias_research/NN_pretrain/wandb/run-20241117_145527-h135soaq/files/output.log
2024-11-17 14:56:10,475 INFO    Thread-12 :23448 [dir_watcher.py:_on_file_modified():295] file/dir modified: /Users/aklywtx/Desktop/VLM_Bias_research/NN_pretrain/wandb/run-20241117_145527-h135soaq/files/wandb-summary.json
2024-11-17 14:56:12,267 DEBUG   HandlerThread:23448 [handler.py:handle_request():144] handle_request: partial_history
2024-11-17 14:56:12,268 DEBUG   SenderThread:23448 [sender.py:send():375] send: history
2024-11-17 14:56:12,268 DEBUG   SenderThread:23448 [sender.py:send_request():402] send_request: summary_record
2024-11-17 14:56:12,268 INFO    SenderThread:23448 [sender.py:_save_file():1378] saving file wandb-summary.json with policy end
2024-11-17 14:56:12,477 INFO    Thread-12 :23448 [dir_watcher.py:_on_file_modified():295] file/dir modified: /Users/aklywtx/Desktop/VLM_Bias_research/NN_pretrain/wandb/run-20241117_145527-h135soaq/files/output.log
2024-11-17 14:56:12,477 INFO    Thread-12 :23448 [dir_watcher.py:_on_file_modified():295] file/dir modified: /Users/aklywtx/Desktop/VLM_Bias_research/NN_pretrain/wandb/run-20241117_145527-h135soaq/files/wandb-summary.json
2024-11-17 14:56:14,485 INFO    Thread-12 :23448 [dir_watcher.py:_on_file_modified():295] file/dir modified: /Users/aklywtx/Desktop/VLM_Bias_research/NN_pretrain/wandb/run-20241117_145527-h135soaq/files/output.log
2024-11-17 14:56:14,731 DEBUG   HandlerThread:23448 [handler.py:handle_request():144] handle_request: status_report
2024-11-17 14:56:14,732 DEBUG   HandlerThread:23448 [handler.py:handle_request():144] handle_request: partial_history
2024-11-17 14:56:14,733 DEBUG   SenderThread:23448 [sender.py:send():375] send: history
2024-11-17 14:56:14,733 DEBUG   SenderThread:23448 [sender.py:send_request():402] send_request: summary_record
2024-11-17 14:56:14,734 INFO    SenderThread:23448 [sender.py:_save_file():1378] saving file wandb-summary.json with policy end
2024-11-17 14:56:15,488 INFO    Thread-12 :23448 [dir_watcher.py:_on_file_modified():295] file/dir modified: /Users/aklywtx/Desktop/VLM_Bias_research/NN_pretrain/wandb/run-20241117_145527-h135soaq/files/wandb-summary.json
2024-11-17 14:56:16,001 DEBUG   HandlerThread:23448 [handler.py:handle_request():144] handle_request: stop_status
2024-11-17 14:56:16,001 DEBUG   SenderThread:23448 [sender.py:send_request():402] send_request: stop_status
2024-11-17 14:56:16,493 INFO    Thread-12 :23448 [dir_watcher.py:_on_file_modified():295] file/dir modified: /Users/aklywtx/Desktop/VLM_Bias_research/NN_pretrain/wandb/run-20241117_145527-h135soaq/files/output.log
2024-11-17 14:56:17,234 DEBUG   HandlerThread:23448 [handler.py:handle_request():144] handle_request: partial_history
2024-11-17 14:56:17,235 DEBUG   SenderThread:23448 [sender.py:send():375] send: history
2024-11-17 14:56:17,235 DEBUG   SenderThread:23448 [sender.py:send_request():402] send_request: summary_record
2024-11-17 14:56:17,235 INFO    SenderThread:23448 [sender.py:_save_file():1378] saving file wandb-summary.json with policy end
2024-11-17 14:56:17,498 INFO    Thread-12 :23448 [dir_watcher.py:_on_file_modified():295] file/dir modified: /Users/aklywtx/Desktop/VLM_Bias_research/NN_pretrain/wandb/run-20241117_145527-h135soaq/files/wandb-summary.json
2024-11-17 14:56:18,503 INFO    Thread-12 :23448 [dir_watcher.py:_on_file_modified():295] file/dir modified: /Users/aklywtx/Desktop/VLM_Bias_research/NN_pretrain/wandb/run-20241117_145527-h135soaq/files/output.log
2024-11-17 14:56:19,753 DEBUG   HandlerThread:23448 [handler.py:handle_request():144] handle_request: partial_history
2024-11-17 14:56:19,754 DEBUG   HandlerThread:23448 [handler.py:handle_request():144] handle_request: status_report
2024-11-17 14:56:19,754 DEBUG   SenderThread:23448 [sender.py:send():375] send: history
2024-11-17 14:56:19,754 DEBUG   SenderThread:23448 [sender.py:send_request():402] send_request: summary_record
2024-11-17 14:56:19,754 INFO    SenderThread:23448 [sender.py:_save_file():1378] saving file wandb-summary.json with policy end
2024-11-17 14:56:20,514 INFO    Thread-12 :23448 [dir_watcher.py:_on_file_modified():295] file/dir modified: /Users/aklywtx/Desktop/VLM_Bias_research/NN_pretrain/wandb/run-20241117_145527-h135soaq/files/output.log
2024-11-17 14:56:20,514 INFO    Thread-12 :23448 [dir_watcher.py:_on_file_modified():295] file/dir modified: /Users/aklywtx/Desktop/VLM_Bias_research/NN_pretrain/wandb/run-20241117_145527-h135soaq/files/wandb-summary.json
2024-11-17 14:56:22,278 DEBUG   HandlerThread:23448 [handler.py:handle_request():144] handle_request: partial_history
2024-11-17 14:56:22,279 DEBUG   SenderThread:23448 [sender.py:send():375] send: history
2024-11-17 14:56:22,280 DEBUG   SenderThread:23448 [sender.py:send_request():402] send_request: summary_record
2024-11-17 14:56:22,280 INFO    SenderThread:23448 [sender.py:_save_file():1378] saving file wandb-summary.json with policy end
2024-11-17 14:56:22,524 INFO    Thread-12 :23448 [dir_watcher.py:_on_file_modified():295] file/dir modified: /Users/aklywtx/Desktop/VLM_Bias_research/NN_pretrain/wandb/run-20241117_145527-h135soaq/files/output.log
2024-11-17 14:56:22,524 INFO    Thread-12 :23448 [dir_watcher.py:_on_file_modified():295] file/dir modified: /Users/aklywtx/Desktop/VLM_Bias_research/NN_pretrain/wandb/run-20241117_145527-h135soaq/files/wandb-summary.json
2024-11-17 14:56:24,528 INFO    Thread-12 :23448 [dir_watcher.py:_on_file_modified():295] file/dir modified: /Users/aklywtx/Desktop/VLM_Bias_research/NN_pretrain/wandb/run-20241117_145527-h135soaq/files/output.log
2024-11-17 14:56:24,726 DEBUG   HandlerThread:23448 [handler.py:handle_request():144] handle_request: partial_history
2024-11-17 14:56:24,727 DEBUG   SenderThread:23448 [sender.py:send():375] send: history
2024-11-17 14:56:24,727 DEBUG   SenderThread:23448 [sender.py:send_request():402] send_request: summary_record
2024-11-17 14:56:24,727 INFO    SenderThread:23448 [sender.py:_save_file():1378] saving file wandb-summary.json with policy end
2024-11-17 14:56:24,844 DEBUG   HandlerThread:23448 [handler.py:handle_request():144] handle_request: status_report
2024-11-17 14:56:25,530 INFO    Thread-12 :23448 [dir_watcher.py:_on_file_modified():295] file/dir modified: /Users/aklywtx/Desktop/VLM_Bias_research/NN_pretrain/wandb/run-20241117_145527-h135soaq/files/wandb-summary.json
2024-11-17 14:56:26,536 INFO    Thread-12 :23448 [dir_watcher.py:_on_file_modified():295] file/dir modified: /Users/aklywtx/Desktop/VLM_Bias_research/NN_pretrain/wandb/run-20241117_145527-h135soaq/files/output.log
2024-11-17 14:56:27,211 DEBUG   HandlerThread:23448 [handler.py:handle_request():144] handle_request: partial_history
2024-11-17 14:56:27,212 DEBUG   SenderThread:23448 [sender.py:send():375] send: history
2024-11-17 14:56:27,213 DEBUG   SenderThread:23448 [sender.py:send_request():402] send_request: summary_record
2024-11-17 14:56:27,213 INFO    SenderThread:23448 [sender.py:_save_file():1378] saving file wandb-summary.json with policy end
2024-11-17 14:56:27,541 INFO    Thread-12 :23448 [dir_watcher.py:_on_file_modified():295] file/dir modified: /Users/aklywtx/Desktop/VLM_Bias_research/NN_pretrain/wandb/run-20241117_145527-h135soaq/files/wandb-summary.json
2024-11-17 14:56:28,460 DEBUG   SystemMonitor:23448 [system_monitor.py:_start():159] Starting system metrics aggregation loop
2024-11-17 14:56:28,461 DEBUG   SenderThread:23448 [sender.py:send():375] send: stats
2024-11-17 14:56:28,546 INFO    Thread-12 :23448 [dir_watcher.py:_on_file_modified():295] file/dir modified: /Users/aklywtx/Desktop/VLM_Bias_research/NN_pretrain/wandb/run-20241117_145527-h135soaq/files/output.log
2024-11-17 14:56:29,854 DEBUG   HandlerThread:23448 [handler.py:handle_request():144] handle_request: partial_history
2024-11-17 14:56:29,855 DEBUG   HandlerThread:23448 [handler.py:handle_request():144] handle_request: status_report
2024-11-17 14:56:29,856 DEBUG   SenderThread:23448 [sender.py:send():375] send: history
2024-11-17 14:56:29,856 DEBUG   SenderThread:23448 [sender.py:send_request():402] send_request: summary_record
2024-11-17 14:56:29,856 INFO    SenderThread:23448 [sender.py:_save_file():1378] saving file wandb-summary.json with policy end
2024-11-17 14:56:30,552 INFO    Thread-12 :23448 [dir_watcher.py:_on_file_modified():295] file/dir modified: /Users/aklywtx/Desktop/VLM_Bias_research/NN_pretrain/wandb/run-20241117_145527-h135soaq/files/output.log
2024-11-17 14:56:30,552 INFO    Thread-12 :23448 [dir_watcher.py:_on_file_modified():295] file/dir modified: /Users/aklywtx/Desktop/VLM_Bias_research/NN_pretrain/wandb/run-20241117_145527-h135soaq/files/wandb-summary.json
2024-11-17 14:56:31,004 DEBUG   HandlerThread:23448 [handler.py:handle_request():144] handle_request: stop_status
2024-11-17 14:56:31,004 DEBUG   SenderThread:23448 [sender.py:send_request():402] send_request: stop_status
2024-11-17 14:56:32,423 DEBUG   HandlerThread:23448 [handler.py:handle_request():144] handle_request: partial_history
2024-11-17 14:56:32,424 DEBUG   SenderThread:23448 [sender.py:send():375] send: history
2024-11-17 14:56:32,424 DEBUG   SenderThread:23448 [sender.py:send_request():402] send_request: summary_record
2024-11-17 14:56:32,425 INFO    SenderThread:23448 [sender.py:_save_file():1378] saving file wandb-summary.json with policy end
2024-11-17 14:56:32,555 INFO    Thread-12 :23448 [dir_watcher.py:_on_file_modified():295] file/dir modified: /Users/aklywtx/Desktop/VLM_Bias_research/NN_pretrain/wandb/run-20241117_145527-h135soaq/files/output.log
2024-11-17 14:56:32,555 INFO    Thread-12 :23448 [dir_watcher.py:_on_file_modified():295] file/dir modified: /Users/aklywtx/Desktop/VLM_Bias_research/NN_pretrain/wandb/run-20241117_145527-h135soaq/files/wandb-summary.json
2024-11-17 14:56:34,565 INFO    Thread-12 :23448 [dir_watcher.py:_on_file_modified():295] file/dir modified: /Users/aklywtx/Desktop/VLM_Bias_research/NN_pretrain/wandb/run-20241117_145527-h135soaq/files/output.log
2024-11-17 14:56:34,890 DEBUG   HandlerThread:23448 [handler.py:handle_request():144] handle_request: status_report
2024-11-17 14:56:34,891 DEBUG   HandlerThread:23448 [handler.py:handle_request():144] handle_request: partial_history
2024-11-17 14:56:34,892 DEBUG   SenderThread:23448 [sender.py:send():375] send: history
2024-11-17 14:56:34,892 DEBUG   SenderThread:23448 [sender.py:send_request():402] send_request: summary_record
2024-11-17 14:56:34,892 INFO    SenderThread:23448 [sender.py:_save_file():1378] saving file wandb-summary.json with policy end
2024-11-17 14:56:35,567 INFO    Thread-12 :23448 [dir_watcher.py:_on_file_modified():295] file/dir modified: /Users/aklywtx/Desktop/VLM_Bias_research/NN_pretrain/wandb/run-20241117_145527-h135soaq/files/wandb-summary.json
2024-11-17 14:56:36,570 INFO    Thread-12 :23448 [dir_watcher.py:_on_file_modified():295] file/dir modified: /Users/aklywtx/Desktop/VLM_Bias_research/NN_pretrain/wandb/run-20241117_145527-h135soaq/files/output.log
2024-11-17 14:56:37,363 DEBUG   HandlerThread:23448 [handler.py:handle_request():144] handle_request: partial_history
2024-11-17 14:56:37,364 DEBUG   SenderThread:23448 [sender.py:send():375] send: history
2024-11-17 14:56:37,364 DEBUG   SenderThread:23448 [sender.py:send_request():402] send_request: summary_record
2024-11-17 14:56:37,365 INFO    SenderThread:23448 [sender.py:_save_file():1378] saving file wandb-summary.json with policy end
2024-11-17 14:56:37,575 INFO    Thread-12 :23448 [dir_watcher.py:_on_file_modified():295] file/dir modified: /Users/aklywtx/Desktop/VLM_Bias_research/NN_pretrain/wandb/run-20241117_145527-h135soaq/files/wandb-summary.json
2024-11-17 14:56:38,576 INFO    Thread-12 :23448 [dir_watcher.py:_on_file_modified():295] file/dir modified: /Users/aklywtx/Desktop/VLM_Bias_research/NN_pretrain/wandb/run-20241117_145527-h135soaq/files/output.log
2024-11-17 14:56:39,923 DEBUG   HandlerThread:23448 [handler.py:handle_request():144] handle_request: status_report
2024-11-17 14:56:40,002 DEBUG   HandlerThread:23448 [handler.py:handle_request():144] handle_request: partial_history
2024-11-17 14:56:40,003 DEBUG   SenderThread:23448 [sender.py:send():375] send: history
2024-11-17 14:56:40,003 DEBUG   SenderThread:23448 [sender.py:send_request():402] send_request: summary_record
2024-11-17 14:56:40,003 INFO    SenderThread:23448 [sender.py:_save_file():1378] saving file wandb-summary.json with policy end
2024-11-17 14:56:40,583 INFO    Thread-12 :23448 [dir_watcher.py:_on_file_modified():295] file/dir modified: /Users/aklywtx/Desktop/VLM_Bias_research/NN_pretrain/wandb/run-20241117_145527-h135soaq/files/output.log
2024-11-17 14:56:40,583 INFO    Thread-12 :23448 [dir_watcher.py:_on_file_modified():295] file/dir modified: /Users/aklywtx/Desktop/VLM_Bias_research/NN_pretrain/wandb/run-20241117_145527-h135soaq/files/wandb-summary.json
2024-11-17 14:56:42,498 DEBUG   HandlerThread:23448 [handler.py:handle_request():144] handle_request: partial_history
2024-11-17 14:56:42,499 DEBUG   SenderThread:23448 [sender.py:send():375] send: history
2024-11-17 14:56:42,500 DEBUG   SenderThread:23448 [sender.py:send_request():402] send_request: summary_record
2024-11-17 14:56:42,500 INFO    SenderThread:23448 [sender.py:_save_file():1378] saving file wandb-summary.json with policy end
2024-11-17 14:56:42,590 INFO    Thread-12 :23448 [dir_watcher.py:_on_file_modified():295] file/dir modified: /Users/aklywtx/Desktop/VLM_Bias_research/NN_pretrain/wandb/run-20241117_145527-h135soaq/files/output.log
2024-11-17 14:56:42,590 INFO    Thread-12 :23448 [dir_watcher.py:_on_file_modified():295] file/dir modified: /Users/aklywtx/Desktop/VLM_Bias_research/NN_pretrain/wandb/run-20241117_145527-h135soaq/files/wandb-summary.json
2024-11-17 14:56:44,595 INFO    Thread-12 :23448 [dir_watcher.py:_on_file_modified():295] file/dir modified: /Users/aklywtx/Desktop/VLM_Bias_research/NN_pretrain/wandb/run-20241117_145527-h135soaq/files/output.log
2024-11-17 14:56:44,973 DEBUG   HandlerThread:23448 [handler.py:handle_request():144] handle_request: partial_history
2024-11-17 14:56:44,974 DEBUG   HandlerThread:23448 [handler.py:handle_request():144] handle_request: status_report
2024-11-17 14:56:44,975 DEBUG   SenderThread:23448 [sender.py:send():375] send: history
2024-11-17 14:56:44,975 DEBUG   SenderThread:23448 [sender.py:send_request():402] send_request: summary_record
2024-11-17 14:56:44,975 INFO    SenderThread:23448 [sender.py:_save_file():1378] saving file wandb-summary.json with policy end
2024-11-17 14:56:45,600 INFO    Thread-12 :23448 [dir_watcher.py:_on_file_modified():295] file/dir modified: /Users/aklywtx/Desktop/VLM_Bias_research/NN_pretrain/wandb/run-20241117_145527-h135soaq/files/wandb-summary.json
2024-11-17 14:56:46,009 DEBUG   HandlerThread:23448 [handler.py:handle_request():144] handle_request: stop_status
2024-11-17 14:56:46,009 DEBUG   SenderThread:23448 [sender.py:send_request():402] send_request: stop_status
2024-11-17 14:56:46,604 INFO    Thread-12 :23448 [dir_watcher.py:_on_file_modified():295] file/dir modified: /Users/aklywtx/Desktop/VLM_Bias_research/NN_pretrain/wandb/run-20241117_145527-h135soaq/files/output.log
2024-11-17 14:56:47,444 DEBUG   HandlerThread:23448 [handler.py:handle_request():144] handle_request: partial_history
2024-11-17 14:56:47,446 DEBUG   SenderThread:23448 [sender.py:send():375] send: history
2024-11-17 14:56:47,446 DEBUG   SenderThread:23448 [sender.py:send_request():402] send_request: summary_record
2024-11-17 14:56:47,446 INFO    SenderThread:23448 [sender.py:_save_file():1378] saving file wandb-summary.json with policy end
2024-11-17 14:56:47,609 INFO    Thread-12 :23448 [dir_watcher.py:_on_file_modified():295] file/dir modified: /Users/aklywtx/Desktop/VLM_Bias_research/NN_pretrain/wandb/run-20241117_145527-h135soaq/files/wandb-summary.json
2024-11-17 14:56:48,612 INFO    Thread-12 :23448 [dir_watcher.py:_on_file_modified():295] file/dir modified: /Users/aklywtx/Desktop/VLM_Bias_research/NN_pretrain/wandb/run-20241117_145527-h135soaq/files/output.log
2024-11-17 14:56:50,089 DEBUG   HandlerThread:23448 [handler.py:handle_request():144] handle_request: status_report
2024-11-17 14:56:50,195 DEBUG   HandlerThread:23448 [handler.py:handle_request():144] handle_request: partial_history
2024-11-17 14:56:50,196 DEBUG   SenderThread:23448 [sender.py:send():375] send: history
2024-11-17 14:56:50,196 DEBUG   SenderThread:23448 [sender.py:send_request():402] send_request: summary_record
2024-11-17 14:56:50,197 INFO    SenderThread:23448 [sender.py:_save_file():1378] saving file wandb-summary.json with policy end
2024-11-17 14:56:50,617 INFO    Thread-12 :23448 [dir_watcher.py:_on_file_modified():295] file/dir modified: /Users/aklywtx/Desktop/VLM_Bias_research/NN_pretrain/wandb/run-20241117_145527-h135soaq/files/output.log
2024-11-17 14:56:50,617 INFO    Thread-12 :23448 [dir_watcher.py:_on_file_modified():295] file/dir modified: /Users/aklywtx/Desktop/VLM_Bias_research/NN_pretrain/wandb/run-20241117_145527-h135soaq/files/wandb-summary.json
2024-11-17 14:56:52,623 INFO    Thread-12 :23448 [dir_watcher.py:_on_file_modified():295] file/dir modified: /Users/aklywtx/Desktop/VLM_Bias_research/NN_pretrain/wandb/run-20241117_145527-h135soaq/files/output.log
2024-11-17 14:56:52,901 DEBUG   HandlerThread:23448 [handler.py:handle_request():144] handle_request: partial_history
2024-11-17 14:56:52,902 DEBUG   SenderThread:23448 [sender.py:send():375] send: history
2024-11-17 14:56:52,902 DEBUG   SenderThread:23448 [sender.py:send_request():402] send_request: summary_record
2024-11-17 14:56:52,902 INFO    SenderThread:23448 [sender.py:_save_file():1378] saving file wandb-summary.json with policy end
2024-11-17 14:56:53,624 INFO    Thread-12 :23448 [dir_watcher.py:_on_file_modified():295] file/dir modified: /Users/aklywtx/Desktop/VLM_Bias_research/NN_pretrain/wandb/run-20241117_145527-h135soaq/files/wandb-summary.json
2024-11-17 14:56:54,629 INFO    Thread-12 :23448 [dir_watcher.py:_on_file_modified():295] file/dir modified: /Users/aklywtx/Desktop/VLM_Bias_research/NN_pretrain/wandb/run-20241117_145527-h135soaq/files/output.log
2024-11-17 14:56:55,123 DEBUG   HandlerThread:23448 [handler.py:handle_request():144] handle_request: status_report
2024-11-17 14:56:55,342 DEBUG   HandlerThread:23448 [handler.py:handle_request():144] handle_request: partial_history
2024-11-17 14:56:55,343 DEBUG   SenderThread:23448 [sender.py:send():375] send: history
2024-11-17 14:56:55,343 DEBUG   SenderThread:23448 [sender.py:send_request():402] send_request: summary_record
2024-11-17 14:56:55,344 INFO    SenderThread:23448 [sender.py:_save_file():1378] saving file wandb-summary.json with policy end
2024-11-17 14:56:55,630 INFO    Thread-12 :23448 [dir_watcher.py:_on_file_modified():295] file/dir modified: /Users/aklywtx/Desktop/VLM_Bias_research/NN_pretrain/wandb/run-20241117_145527-h135soaq/files/wandb-summary.json
2024-11-17 14:56:56,635 INFO    Thread-12 :23448 [dir_watcher.py:_on_file_modified():295] file/dir modified: /Users/aklywtx/Desktop/VLM_Bias_research/NN_pretrain/wandb/run-20241117_145527-h135soaq/files/output.log
2024-11-17 14:56:57,809 DEBUG   HandlerThread:23448 [handler.py:handle_request():144] handle_request: partial_history
2024-11-17 14:56:57,810 DEBUG   SenderThread:23448 [sender.py:send():375] send: history
2024-11-17 14:56:57,810 DEBUG   SenderThread:23448 [sender.py:send_request():402] send_request: summary_record
2024-11-17 14:56:57,810 INFO    SenderThread:23448 [sender.py:_save_file():1378] saving file wandb-summary.json with policy end
2024-11-17 14:56:58,466 DEBUG   SenderThread:23448 [sender.py:send():375] send: stats
2024-11-17 14:56:58,642 INFO    Thread-12 :23448 [dir_watcher.py:_on_file_modified():295] file/dir modified: /Users/aklywtx/Desktop/VLM_Bias_research/NN_pretrain/wandb/run-20241117_145527-h135soaq/files/output.log
2024-11-17 14:56:58,642 INFO    Thread-12 :23448 [dir_watcher.py:_on_file_modified():295] file/dir modified: /Users/aklywtx/Desktop/VLM_Bias_research/NN_pretrain/wandb/run-20241117_145527-h135soaq/files/wandb-summary.json
2024-11-17 14:57:00,160 DEBUG   HandlerThread:23448 [handler.py:handle_request():144] handle_request: status_report
2024-11-17 14:57:00,280 DEBUG   HandlerThread:23448 [handler.py:handle_request():144] handle_request: partial_history
2024-11-17 14:57:00,281 DEBUG   SenderThread:23448 [sender.py:send():375] send: history
2024-11-17 14:57:00,281 DEBUG   SenderThread:23448 [sender.py:send_request():402] send_request: summary_record
2024-11-17 14:57:00,282 INFO    SenderThread:23448 [sender.py:_save_file():1378] saving file wandb-summary.json with policy end
2024-11-17 14:57:00,648 INFO    Thread-12 :23448 [dir_watcher.py:_on_file_modified():295] file/dir modified: /Users/aklywtx/Desktop/VLM_Bias_research/NN_pretrain/wandb/run-20241117_145527-h135soaq/files/output.log
2024-11-17 14:57:00,648 INFO    Thread-12 :23448 [dir_watcher.py:_on_file_modified():295] file/dir modified: /Users/aklywtx/Desktop/VLM_Bias_research/NN_pretrain/wandb/run-20241117_145527-h135soaq/files/wandb-summary.json
2024-11-17 14:57:01,014 DEBUG   HandlerThread:23448 [handler.py:handle_request():144] handle_request: stop_status
2024-11-17 14:57:01,014 DEBUG   SenderThread:23448 [sender.py:send_request():402] send_request: stop_status
2024-11-17 14:57:02,658 INFO    Thread-12 :23448 [dir_watcher.py:_on_file_modified():295] file/dir modified: /Users/aklywtx/Desktop/VLM_Bias_research/NN_pretrain/wandb/run-20241117_145527-h135soaq/files/output.log
2024-11-17 14:57:02,735 DEBUG   HandlerThread:23448 [handler.py:handle_request():144] handle_request: partial_history
2024-11-17 14:57:02,736 DEBUG   SenderThread:23448 [sender.py:send():375] send: history
2024-11-17 14:57:02,736 DEBUG   SenderThread:23448 [sender.py:send_request():402] send_request: summary_record
2024-11-17 14:57:02,737 INFO    SenderThread:23448 [sender.py:_save_file():1378] saving file wandb-summary.json with policy end
2024-11-17 14:57:03,659 INFO    Thread-12 :23448 [dir_watcher.py:_on_file_modified():295] file/dir modified: /Users/aklywtx/Desktop/VLM_Bias_research/NN_pretrain/wandb/run-20241117_145527-h135soaq/files/wandb-summary.json
2024-11-17 14:57:04,664 INFO    Thread-12 :23448 [dir_watcher.py:_on_file_modified():295] file/dir modified: /Users/aklywtx/Desktop/VLM_Bias_research/NN_pretrain/wandb/run-20241117_145527-h135soaq/files/output.log
2024-11-17 14:57:05,241 DEBUG   HandlerThread:23448 [handler.py:handle_request():144] handle_request: partial_history
2024-11-17 14:57:05,242 DEBUG   SenderThread:23448 [sender.py:send():375] send: history
2024-11-17 14:57:05,243 DEBUG   SenderThread:23448 [sender.py:send_request():402] send_request: summary_record
2024-11-17 14:57:05,243 DEBUG   HandlerThread:23448 [handler.py:handle_request():144] handle_request: status_report
2024-11-17 14:57:05,243 INFO    SenderThread:23448 [sender.py:_save_file():1378] saving file wandb-summary.json with policy end
2024-11-17 14:57:05,665 INFO    Thread-12 :23448 [dir_watcher.py:_on_file_modified():295] file/dir modified: /Users/aklywtx/Desktop/VLM_Bias_research/NN_pretrain/wandb/run-20241117_145527-h135soaq/files/wandb-summary.json
2024-11-17 14:57:06,670 INFO    Thread-12 :23448 [dir_watcher.py:_on_file_modified():295] file/dir modified: /Users/aklywtx/Desktop/VLM_Bias_research/NN_pretrain/wandb/run-20241117_145527-h135soaq/files/output.log
2024-11-17 14:57:07,700 DEBUG   HandlerThread:23448 [handler.py:handle_request():144] handle_request: partial_history
2024-11-17 14:57:07,701 DEBUG   SenderThread:23448 [sender.py:send():375] send: history
2024-11-17 14:57:07,701 DEBUG   SenderThread:23448 [sender.py:send_request():402] send_request: summary_record
2024-11-17 14:57:07,701 INFO    SenderThread:23448 [sender.py:_save_file():1378] saving file wandb-summary.json with policy end
2024-11-17 14:57:08,680 INFO    Thread-12 :23448 [dir_watcher.py:_on_file_modified():295] file/dir modified: /Users/aklywtx/Desktop/VLM_Bias_research/NN_pretrain/wandb/run-20241117_145527-h135soaq/files/output.log
2024-11-17 14:57:08,680 INFO    Thread-12 :23448 [dir_watcher.py:_on_file_modified():295] file/dir modified: /Users/aklywtx/Desktop/VLM_Bias_research/NN_pretrain/wandb/run-20241117_145527-h135soaq/files/wandb-summary.json
2024-11-17 14:57:10,150 DEBUG   HandlerThread:23448 [handler.py:handle_request():144] handle_request: partial_history
2024-11-17 14:57:10,151 DEBUG   SenderThread:23448 [sender.py:send():375] send: history
2024-11-17 14:57:10,152 DEBUG   SenderThread:23448 [sender.py:send_request():402] send_request: summary_record
2024-11-17 14:57:10,152 INFO    SenderThread:23448 [sender.py:_save_file():1378] saving file wandb-summary.json with policy end
2024-11-17 14:57:10,261 DEBUG   HandlerThread:23448 [handler.py:handle_request():144] handle_request: status_report
2024-11-17 14:57:10,687 INFO    Thread-12 :23448 [dir_watcher.py:_on_file_modified():295] file/dir modified: /Users/aklywtx/Desktop/VLM_Bias_research/NN_pretrain/wandb/run-20241117_145527-h135soaq/files/output.log
2024-11-17 14:57:10,687 INFO    Thread-12 :23448 [dir_watcher.py:_on_file_modified():295] file/dir modified: /Users/aklywtx/Desktop/VLM_Bias_research/NN_pretrain/wandb/run-20241117_145527-h135soaq/files/wandb-summary.json
2024-11-17 14:57:12,634 DEBUG   HandlerThread:23448 [handler.py:handle_request():144] handle_request: partial_history
2024-11-17 14:57:12,635 DEBUG   SenderThread:23448 [sender.py:send():375] send: history
2024-11-17 14:57:12,635 DEBUG   SenderThread:23448 [sender.py:send_request():402] send_request: summary_record
2024-11-17 14:57:12,636 INFO    SenderThread:23448 [sender.py:_save_file():1378] saving file wandb-summary.json with policy end
2024-11-17 14:57:12,693 INFO    Thread-12 :23448 [dir_watcher.py:_on_file_modified():295] file/dir modified: /Users/aklywtx/Desktop/VLM_Bias_research/NN_pretrain/wandb/run-20241117_145527-h135soaq/files/output.log
2024-11-17 14:57:12,693 INFO    Thread-12 :23448 [dir_watcher.py:_on_file_modified():295] file/dir modified: /Users/aklywtx/Desktop/VLM_Bias_research/NN_pretrain/wandb/run-20241117_145527-h135soaq/files/wandb-summary.json
2024-11-17 14:57:14,703 INFO    Thread-12 :23448 [dir_watcher.py:_on_file_modified():295] file/dir modified: /Users/aklywtx/Desktop/VLM_Bias_research/NN_pretrain/wandb/run-20241117_145527-h135soaq/files/output.log
2024-11-17 14:57:15,092 DEBUG   HandlerThread:23448 [handler.py:handle_request():144] handle_request: partial_history
2024-11-17 14:57:15,093 DEBUG   SenderThread:23448 [sender.py:send():375] send: history
2024-11-17 14:57:15,094 DEBUG   SenderThread:23448 [sender.py:send_request():402] send_request: summary_record
2024-11-17 14:57:15,094 INFO    SenderThread:23448 [sender.py:_save_file():1378] saving file wandb-summary.json with policy end
2024-11-17 14:57:15,317 DEBUG   HandlerThread:23448 [handler.py:handle_request():144] handle_request: status_report
2024-11-17 14:57:15,709 INFO    Thread-12 :23448 [dir_watcher.py:_on_file_modified():295] file/dir modified: /Users/aklywtx/Desktop/VLM_Bias_research/NN_pretrain/wandb/run-20241117_145527-h135soaq/files/wandb-summary.json
2024-11-17 14:57:16,019 DEBUG   HandlerThread:23448 [handler.py:handle_request():144] handle_request: stop_status
2024-11-17 14:57:16,019 DEBUG   SenderThread:23448 [sender.py:send_request():402] send_request: stop_status
2024-11-17 14:57:16,714 INFO    Thread-12 :23448 [dir_watcher.py:_on_file_modified():295] file/dir modified: /Users/aklywtx/Desktop/VLM_Bias_research/NN_pretrain/wandb/run-20241117_145527-h135soaq/files/output.log
2024-11-17 14:57:17,599 DEBUG   HandlerThread:23448 [handler.py:handle_request():144] handle_request: partial_history
2024-11-17 14:57:17,600 DEBUG   SenderThread:23448 [sender.py:send():375] send: history
2024-11-17 14:57:17,600 DEBUG   SenderThread:23448 [sender.py:send_request():402] send_request: summary_record
2024-11-17 14:57:17,601 INFO    SenderThread:23448 [sender.py:_save_file():1378] saving file wandb-summary.json with policy end
2024-11-17 14:57:17,717 INFO    Thread-12 :23448 [dir_watcher.py:_on_file_modified():295] file/dir modified: /Users/aklywtx/Desktop/VLM_Bias_research/NN_pretrain/wandb/run-20241117_145527-h135soaq/files/wandb-summary.json
2024-11-17 14:57:18,723 INFO    Thread-12 :23448 [dir_watcher.py:_on_file_modified():295] file/dir modified: /Users/aklywtx/Desktop/VLM_Bias_research/NN_pretrain/wandb/run-20241117_145527-h135soaq/files/output.log
2024-11-17 14:57:20,382 DEBUG   HandlerThread:23448 [handler.py:handle_request():144] handle_request: status_report
2024-11-17 14:57:20,469 DEBUG   HandlerThread:23448 [handler.py:handle_request():144] handle_request: partial_history
2024-11-17 14:57:20,470 DEBUG   SenderThread:23448 [sender.py:send():375] send: history
2024-11-17 14:57:20,470 DEBUG   SenderThread:23448 [sender.py:send_request():402] send_request: summary_record
2024-11-17 14:57:20,470 INFO    SenderThread:23448 [sender.py:_save_file():1378] saving file wandb-summary.json with policy end
2024-11-17 14:57:20,731 INFO    Thread-12 :23448 [dir_watcher.py:_on_file_modified():295] file/dir modified: /Users/aklywtx/Desktop/VLM_Bias_research/NN_pretrain/wandb/run-20241117_145527-h135soaq/files/output.log
2024-11-17 14:57:20,731 INFO    Thread-12 :23448 [dir_watcher.py:_on_file_modified():295] file/dir modified: /Users/aklywtx/Desktop/VLM_Bias_research/NN_pretrain/wandb/run-20241117_145527-h135soaq/files/wandb-summary.json
2024-11-17 14:57:22,737 INFO    Thread-12 :23448 [dir_watcher.py:_on_file_modified():295] file/dir modified: /Users/aklywtx/Desktop/VLM_Bias_research/NN_pretrain/wandb/run-20241117_145527-h135soaq/files/output.log
2024-11-17 14:57:23,007 DEBUG   HandlerThread:23448 [handler.py:handle_request():144] handle_request: partial_history
2024-11-17 14:57:23,007 DEBUG   SenderThread:23448 [sender.py:send():375] send: history
2024-11-17 14:57:23,007 DEBUG   SenderThread:23448 [sender.py:send_request():402] send_request: summary_record
2024-11-17 14:57:23,008 INFO    SenderThread:23448 [sender.py:_save_file():1378] saving file wandb-summary.json with policy end
2024-11-17 14:57:23,742 INFO    Thread-12 :23448 [dir_watcher.py:_on_file_modified():295] file/dir modified: /Users/aklywtx/Desktop/VLM_Bias_research/NN_pretrain/wandb/run-20241117_145527-h135soaq/files/wandb-summary.json
2024-11-17 14:57:24,747 INFO    Thread-12 :23448 [dir_watcher.py:_on_file_modified():295] file/dir modified: /Users/aklywtx/Desktop/VLM_Bias_research/NN_pretrain/wandb/run-20241117_145527-h135soaq/files/output.log
2024-11-17 14:57:25,482 DEBUG   HandlerThread:23448 [handler.py:handle_request():144] handle_request: status_report
2024-11-17 14:57:25,483 DEBUG   HandlerThread:23448 [handler.py:handle_request():144] handle_request: partial_history
2024-11-17 14:57:25,484 DEBUG   SenderThread:23448 [sender.py:send():375] send: history
2024-11-17 14:57:25,484 DEBUG   SenderThread:23448 [sender.py:send_request():402] send_request: summary_record
2024-11-17 14:57:25,484 INFO    SenderThread:23448 [sender.py:_save_file():1378] saving file wandb-summary.json with policy end
2024-11-17 14:57:25,751 INFO    Thread-12 :23448 [dir_watcher.py:_on_file_modified():295] file/dir modified: /Users/aklywtx/Desktop/VLM_Bias_research/NN_pretrain/wandb/run-20241117_145527-h135soaq/files/wandb-summary.json
2024-11-17 14:57:26,756 INFO    Thread-12 :23448 [dir_watcher.py:_on_file_modified():295] file/dir modified: /Users/aklywtx/Desktop/VLM_Bias_research/NN_pretrain/wandb/run-20241117_145527-h135soaq/files/output.log
2024-11-17 14:57:27,997 DEBUG   HandlerThread:23448 [handler.py:handle_request():144] handle_request: partial_history
2024-11-17 14:57:27,998 DEBUG   SenderThread:23448 [sender.py:send():375] send: history
2024-11-17 14:57:27,998 DEBUG   SenderThread:23448 [sender.py:send_request():402] send_request: summary_record
2024-11-17 14:57:27,998 INFO    SenderThread:23448 [sender.py:_save_file():1378] saving file wandb-summary.json with policy end
2024-11-17 14:57:28,467 DEBUG   SenderThread:23448 [sender.py:send():375] send: stats
2024-11-17 14:57:28,760 INFO    Thread-12 :23448 [dir_watcher.py:_on_file_modified():295] file/dir modified: /Users/aklywtx/Desktop/VLM_Bias_research/NN_pretrain/wandb/run-20241117_145527-h135soaq/files/output.log
2024-11-17 14:57:28,760 INFO    Thread-12 :23448 [dir_watcher.py:_on_file_modified():295] file/dir modified: /Users/aklywtx/Desktop/VLM_Bias_research/NN_pretrain/wandb/run-20241117_145527-h135soaq/files/wandb-summary.json
2024-11-17 14:57:30,471 DEBUG   HandlerThread:23448 [handler.py:handle_request():144] handle_request: partial_history
2024-11-17 14:57:30,472 DEBUG   SenderThread:23448 [sender.py:send():375] send: history
2024-11-17 14:57:30,472 DEBUG   SenderThread:23448 [sender.py:send_request():402] send_request: summary_record
2024-11-17 14:57:30,473 INFO    SenderThread:23448 [sender.py:_save_file():1378] saving file wandb-summary.json with policy end
2024-11-17 14:57:30,575 DEBUG   HandlerThread:23448 [handler.py:handle_request():144] handle_request: status_report
2024-11-17 14:57:30,768 INFO    Thread-12 :23448 [dir_watcher.py:_on_file_modified():295] file/dir modified: /Users/aklywtx/Desktop/VLM_Bias_research/NN_pretrain/wandb/run-20241117_145527-h135soaq/files/output.log
2024-11-17 14:57:30,768 INFO    Thread-12 :23448 [dir_watcher.py:_on_file_modified():295] file/dir modified: /Users/aklywtx/Desktop/VLM_Bias_research/NN_pretrain/wandb/run-20241117_145527-h135soaq/files/wandb-summary.json
2024-11-17 14:57:31,024 DEBUG   HandlerThread:23448 [handler.py:handle_request():144] handle_request: stop_status
2024-11-17 14:57:31,024 DEBUG   SenderThread:23448 [sender.py:send_request():402] send_request: stop_status
2024-11-17 14:57:32,775 INFO    Thread-12 :23448 [dir_watcher.py:_on_file_modified():295] file/dir modified: /Users/aklywtx/Desktop/VLM_Bias_research/NN_pretrain/wandb/run-20241117_145527-h135soaq/files/output.log
2024-11-17 14:57:33,114 DEBUG   HandlerThread:23448 [handler.py:handle_request():144] handle_request: partial_history
2024-11-17 14:57:33,115 DEBUG   SenderThread:23448 [sender.py:send():375] send: history
2024-11-17 14:57:33,115 DEBUG   SenderThread:23448 [sender.py:send_request():402] send_request: summary_record
2024-11-17 14:57:33,116 INFO    SenderThread:23448 [sender.py:_save_file():1378] saving file wandb-summary.json with policy end
2024-11-17 14:57:33,780 INFO    Thread-12 :23448 [dir_watcher.py:_on_file_modified():295] file/dir modified: /Users/aklywtx/Desktop/VLM_Bias_research/NN_pretrain/wandb/run-20241117_145527-h135soaq/files/wandb-summary.json
2024-11-17 14:57:34,785 INFO    Thread-12 :23448 [dir_watcher.py:_on_file_modified():295] file/dir modified: /Users/aklywtx/Desktop/VLM_Bias_research/NN_pretrain/wandb/run-20241117_145527-h135soaq/files/output.log
2024-11-17 14:57:35,553 DEBUG   HandlerThread:23448 [handler.py:handle_request():144] handle_request: partial_history
2024-11-17 14:57:35,554 DEBUG   SenderThread:23448 [sender.py:send():375] send: history
2024-11-17 14:57:35,554 DEBUG   SenderThread:23448 [sender.py:send_request():402] send_request: summary_record
2024-11-17 14:57:35,555 INFO    SenderThread:23448 [sender.py:_save_file():1378] saving file wandb-summary.json with policy end
2024-11-17 14:57:35,678 DEBUG   HandlerThread:23448 [handler.py:handle_request():144] handle_request: status_report
2024-11-17 14:57:35,791 INFO    Thread-12 :23448 [dir_watcher.py:_on_file_modified():295] file/dir modified: /Users/aklywtx/Desktop/VLM_Bias_research/NN_pretrain/wandb/run-20241117_145527-h135soaq/files/wandb-summary.json
2024-11-17 14:57:36,793 INFO    Thread-12 :23448 [dir_watcher.py:_on_file_modified():295] file/dir modified: /Users/aklywtx/Desktop/VLM_Bias_research/NN_pretrain/wandb/run-20241117_145527-h135soaq/files/output.log
2024-11-17 14:57:38,111 DEBUG   HandlerThread:23448 [handler.py:handle_request():144] handle_request: partial_history
2024-11-17 14:57:38,112 DEBUG   SenderThread:23448 [sender.py:send():375] send: history
2024-11-17 14:57:38,112 DEBUG   SenderThread:23448 [sender.py:send_request():402] send_request: summary_record
2024-11-17 14:57:38,113 INFO    SenderThread:23448 [sender.py:_save_file():1378] saving file wandb-summary.json with policy end
2024-11-17 14:57:38,821 INFO    Thread-12 :23448 [dir_watcher.py:_on_file_modified():295] file/dir modified: /Users/aklywtx/Desktop/VLM_Bias_research/NN_pretrain/wandb/run-20241117_145527-h135soaq/files/output.log
2024-11-17 14:57:38,821 INFO    Thread-12 :23448 [dir_watcher.py:_on_file_modified():295] file/dir modified: /Users/aklywtx/Desktop/VLM_Bias_research/NN_pretrain/wandb/run-20241117_145527-h135soaq/files/wandb-summary.json
2024-11-17 14:57:40,752 DEBUG   HandlerThread:23448 [handler.py:handle_request():144] handle_request: status_report
2024-11-17 14:57:40,829 INFO    Thread-12 :23448 [dir_watcher.py:_on_file_modified():295] file/dir modified: /Users/aklywtx/Desktop/VLM_Bias_research/NN_pretrain/wandb/run-20241117_145527-h135soaq/files/output.log
2024-11-17 14:57:41,125 DEBUG   HandlerThread:23448 [handler.py:handle_request():144] handle_request: partial_history
2024-11-17 14:57:41,126 DEBUG   SenderThread:23448 [sender.py:send():375] send: history
2024-11-17 14:57:41,127 DEBUG   SenderThread:23448 [sender.py:send_request():402] send_request: summary_record
2024-11-17 14:57:41,127 INFO    SenderThread:23448 [sender.py:_save_file():1378] saving file wandb-summary.json with policy end
2024-11-17 14:57:41,829 INFO    Thread-12 :23448 [dir_watcher.py:_on_file_modified():295] file/dir modified: /Users/aklywtx/Desktop/VLM_Bias_research/NN_pretrain/wandb/run-20241117_145527-h135soaq/files/wandb-summary.json
2024-11-17 14:57:42,834 INFO    Thread-12 :23448 [dir_watcher.py:_on_file_modified():295] file/dir modified: /Users/aklywtx/Desktop/VLM_Bias_research/NN_pretrain/wandb/run-20241117_145527-h135soaq/files/output.log
2024-11-17 14:57:43,880 DEBUG   HandlerThread:23448 [handler.py:handle_request():144] handle_request: partial_history
2024-11-17 14:57:43,882 DEBUG   SenderThread:23448 [sender.py:send():375] send: history
2024-11-17 14:57:43,882 DEBUG   SenderThread:23448 [sender.py:send_request():402] send_request: summary_record
2024-11-17 14:57:43,882 INFO    SenderThread:23448 [sender.py:_save_file():1378] saving file wandb-summary.json with policy end
2024-11-17 14:57:44,838 INFO    Thread-12 :23448 [dir_watcher.py:_on_file_modified():295] file/dir modified: /Users/aklywtx/Desktop/VLM_Bias_research/NN_pretrain/wandb/run-20241117_145527-h135soaq/files/output.log
2024-11-17 14:57:44,839 INFO    Thread-12 :23448 [dir_watcher.py:_on_file_modified():295] file/dir modified: /Users/aklywtx/Desktop/VLM_Bias_research/NN_pretrain/wandb/run-20241117_145527-h135soaq/files/wandb-summary.json
2024-11-17 14:57:45,872 DEBUG   HandlerThread:23448 [handler.py:handle_request():144] handle_request: status_report
2024-11-17 14:57:46,028 DEBUG   HandlerThread:23448 [handler.py:handle_request():144] handle_request: stop_status
2024-11-17 14:57:46,029 DEBUG   SenderThread:23448 [sender.py:send_request():402] send_request: stop_status
2024-11-17 14:57:46,847 INFO    Thread-12 :23448 [dir_watcher.py:_on_file_modified():295] file/dir modified: /Users/aklywtx/Desktop/VLM_Bias_research/NN_pretrain/wandb/run-20241117_145527-h135soaq/files/output.log
2024-11-17 14:57:47,620 DEBUG   HandlerThread:23448 [handler.py:handle_request():144] handle_request: partial_history
2024-11-17 14:57:47,621 DEBUG   SenderThread:23448 [sender.py:send():375] send: history
2024-11-17 14:57:47,621 DEBUG   SenderThread:23448 [sender.py:send_request():402] send_request: summary_record
2024-11-17 14:57:47,622 INFO    SenderThread:23448 [sender.py:_save_file():1378] saving file wandb-summary.json with policy end
2024-11-17 14:57:47,847 INFO    Thread-12 :23448 [dir_watcher.py:_on_file_modified():295] file/dir modified: /Users/aklywtx/Desktop/VLM_Bias_research/NN_pretrain/wandb/run-20241117_145527-h135soaq/files/wandb-summary.json
2024-11-17 14:57:48,854 INFO    Thread-12 :23448 [dir_watcher.py:_on_file_modified():295] file/dir modified: /Users/aklywtx/Desktop/VLM_Bias_research/NN_pretrain/wandb/run-20241117_145527-h135soaq/files/output.log
2024-11-17 14:57:50,859 INFO    Thread-12 :23448 [dir_watcher.py:_on_file_modified():295] file/dir modified: /Users/aklywtx/Desktop/VLM_Bias_research/NN_pretrain/wandb/run-20241117_145527-h135soaq/files/output.log
2024-11-17 14:57:50,918 DEBUG   HandlerThread:23448 [handler.py:handle_request():144] handle_request: status_report
2024-11-17 14:57:50,918 DEBUG   HandlerThread:23448 [handler.py:handle_request():144] handle_request: partial_history
2024-11-17 14:57:50,919 DEBUG   SenderThread:23448 [sender.py:send():375] send: history
2024-11-17 14:57:50,919 DEBUG   SenderThread:23448 [sender.py:send_request():402] send_request: summary_record
2024-11-17 14:57:50,920 INFO    SenderThread:23448 [sender.py:_save_file():1378] saving file wandb-summary.json with policy end
2024-11-17 14:57:51,864 INFO    Thread-12 :23448 [dir_watcher.py:_on_file_modified():295] file/dir modified: /Users/aklywtx/Desktop/VLM_Bias_research/NN_pretrain/wandb/run-20241117_145527-h135soaq/files/wandb-summary.json
2024-11-17 14:57:52,865 INFO    Thread-12 :23448 [dir_watcher.py:_on_file_modified():295] file/dir modified: /Users/aklywtx/Desktop/VLM_Bias_research/NN_pretrain/wandb/run-20241117_145527-h135soaq/files/output.log
2024-11-17 14:57:54,241 DEBUG   HandlerThread:23448 [handler.py:handle_request():144] handle_request: partial_history
2024-11-17 14:57:54,242 DEBUG   SenderThread:23448 [sender.py:send():375] send: history
2024-11-17 14:57:54,242 DEBUG   SenderThread:23448 [sender.py:send_request():402] send_request: summary_record
2024-11-17 14:57:54,243 INFO    SenderThread:23448 [sender.py:_save_file():1378] saving file wandb-summary.json with policy end
2024-11-17 14:57:54,875 INFO    Thread-12 :23448 [dir_watcher.py:_on_file_modified():295] file/dir modified: /Users/aklywtx/Desktop/VLM_Bias_research/NN_pretrain/wandb/run-20241117_145527-h135soaq/files/output.log
2024-11-17 14:57:54,876 INFO    Thread-12 :23448 [dir_watcher.py:_on_file_modified():295] file/dir modified: /Users/aklywtx/Desktop/VLM_Bias_research/NN_pretrain/wandb/run-20241117_145527-h135soaq/files/wandb-summary.json
2024-11-17 14:57:56,037 DEBUG   HandlerThread:23448 [handler.py:handle_request():144] handle_request: status_report
2024-11-17 14:57:56,883 INFO    Thread-12 :23448 [dir_watcher.py:_on_file_modified():295] file/dir modified: /Users/aklywtx/Desktop/VLM_Bias_research/NN_pretrain/wandb/run-20241117_145527-h135soaq/files/output.log
2024-11-17 14:57:57,560 DEBUG   HandlerThread:23448 [handler.py:handle_request():144] handle_request: partial_history
2024-11-17 14:57:57,562 DEBUG   SenderThread:23448 [sender.py:send():375] send: history
2024-11-17 14:57:57,562 DEBUG   SenderThread:23448 [sender.py:send_request():402] send_request: summary_record
2024-11-17 14:57:57,562 INFO    SenderThread:23448 [sender.py:_save_file():1378] saving file wandb-summary.json with policy end
2024-11-17 14:57:57,889 INFO    Thread-12 :23448 [dir_watcher.py:_on_file_modified():295] file/dir modified: /Users/aklywtx/Desktop/VLM_Bias_research/NN_pretrain/wandb/run-20241117_145527-h135soaq/files/wandb-summary.json
2024-11-17 14:57:58,472 DEBUG   SenderThread:23448 [sender.py:send():375] send: stats
2024-11-17 14:57:58,891 INFO    Thread-12 :23448 [dir_watcher.py:_on_file_modified():295] file/dir modified: /Users/aklywtx/Desktop/VLM_Bias_research/NN_pretrain/wandb/run-20241117_145527-h135soaq/files/output.log
2024-11-17 14:58:00,571 DEBUG   HandlerThread:23448 [handler.py:handle_request():144] handle_request: partial_history
2024-11-17 14:58:00,572 DEBUG   SenderThread:23448 [sender.py:send():375] send: history
2024-11-17 14:58:00,572 DEBUG   SenderThread:23448 [sender.py:send_request():402] send_request: summary_record
2024-11-17 14:58:00,573 INFO    SenderThread:23448 [sender.py:_save_file():1378] saving file wandb-summary.json with policy end
2024-11-17 14:58:00,901 INFO    Thread-12 :23448 [dir_watcher.py:_on_file_modified():295] file/dir modified: /Users/aklywtx/Desktop/VLM_Bias_research/NN_pretrain/wandb/run-20241117_145527-h135soaq/files/output.log
2024-11-17 14:58:00,902 INFO    Thread-12 :23448 [dir_watcher.py:_on_file_modified():295] file/dir modified: /Users/aklywtx/Desktop/VLM_Bias_research/NN_pretrain/wandb/run-20241117_145527-h135soaq/files/wandb-summary.json
2024-11-17 14:58:01,033 DEBUG   HandlerThread:23448 [handler.py:handle_request():144] handle_request: stop_status
2024-11-17 14:58:01,033 DEBUG   SenderThread:23448 [sender.py:send_request():402] send_request: stop_status
2024-11-17 14:58:01,190 DEBUG   HandlerThread:23448 [handler.py:handle_request():144] handle_request: status_report
2024-11-17 14:58:02,907 INFO    Thread-12 :23448 [dir_watcher.py:_on_file_modified():295] file/dir modified: /Users/aklywtx/Desktop/VLM_Bias_research/NN_pretrain/wandb/run-20241117_145527-h135soaq/files/output.log
2024-11-17 14:58:03,545 DEBUG   HandlerThread:23448 [handler.py:handle_request():144] handle_request: partial_history
2024-11-17 14:58:03,546 DEBUG   SenderThread:23448 [sender.py:send():375] send: history
2024-11-17 14:58:03,546 DEBUG   SenderThread:23448 [sender.py:send_request():402] send_request: summary_record
2024-11-17 14:58:03,546 INFO    SenderThread:23448 [sender.py:_save_file():1378] saving file wandb-summary.json with policy end
2024-11-17 14:58:03,908 INFO    Thread-12 :23448 [dir_watcher.py:_on_file_modified():295] file/dir modified: /Users/aklywtx/Desktop/VLM_Bias_research/NN_pretrain/wandb/run-20241117_145527-h135soaq/files/wandb-summary.json
2024-11-17 14:58:04,913 INFO    Thread-12 :23448 [dir_watcher.py:_on_file_modified():295] file/dir modified: /Users/aklywtx/Desktop/VLM_Bias_research/NN_pretrain/wandb/run-20241117_145527-h135soaq/files/output.log
2024-11-17 14:58:06,287 DEBUG   HandlerThread:23448 [handler.py:handle_request():144] handle_request: status_report
2024-11-17 14:58:06,461 DEBUG   HandlerThread:23448 [handler.py:handle_request():144] handle_request: partial_history
2024-11-17 14:58:06,462 DEBUG   SenderThread:23448 [sender.py:send():375] send: history
2024-11-17 14:58:06,462 DEBUG   SenderThread:23448 [sender.py:send_request():402] send_request: summary_record
2024-11-17 14:58:06,462 INFO    SenderThread:23448 [sender.py:_save_file():1378] saving file wandb-summary.json with policy end
2024-11-17 14:58:06,919 INFO    Thread-12 :23448 [dir_watcher.py:_on_file_modified():295] file/dir modified: /Users/aklywtx/Desktop/VLM_Bias_research/NN_pretrain/wandb/run-20241117_145527-h135soaq/files/output.log
2024-11-17 14:58:06,919 INFO    Thread-12 :23448 [dir_watcher.py:_on_file_modified():295] file/dir modified: /Users/aklywtx/Desktop/VLM_Bias_research/NN_pretrain/wandb/run-20241117_145527-h135soaq/files/wandb-summary.json
2024-11-17 14:58:08,926 INFO    Thread-12 :23448 [dir_watcher.py:_on_file_modified():295] file/dir modified: /Users/aklywtx/Desktop/VLM_Bias_research/NN_pretrain/wandb/run-20241117_145527-h135soaq/files/output.log
2024-11-17 14:58:10,114 DEBUG   HandlerThread:23448 [handler.py:handle_request():144] handle_request: partial_history
2024-11-17 14:58:10,115 DEBUG   SenderThread:23448 [sender.py:send():375] send: history
2024-11-17 14:58:10,115 DEBUG   SenderThread:23448 [sender.py:send_request():402] send_request: summary_record
2024-11-17 14:58:10,115 INFO    SenderThread:23448 [sender.py:_save_file():1378] saving file wandb-summary.json with policy end
2024-11-17 14:58:10,934 INFO    Thread-12 :23448 [dir_watcher.py:_on_file_modified():295] file/dir modified: /Users/aklywtx/Desktop/VLM_Bias_research/NN_pretrain/wandb/run-20241117_145527-h135soaq/files/output.log
2024-11-17 14:58:10,935 INFO    Thread-12 :23448 [dir_watcher.py:_on_file_modified():295] file/dir modified: /Users/aklywtx/Desktop/VLM_Bias_research/NN_pretrain/wandb/run-20241117_145527-h135soaq/files/wandb-summary.json
2024-11-17 14:58:11,365 DEBUG   HandlerThread:23448 [handler.py:handle_request():144] handle_request: status_report
2024-11-17 14:58:12,937 INFO    Thread-12 :23448 [dir_watcher.py:_on_file_modified():295] file/dir modified: /Users/aklywtx/Desktop/VLM_Bias_research/NN_pretrain/wandb/run-20241117_145527-h135soaq/files/output.log
2024-11-17 14:58:13,388 DEBUG   HandlerThread:23448 [handler.py:handle_request():144] handle_request: partial_history
2024-11-17 14:58:13,389 DEBUG   SenderThread:23448 [sender.py:send():375] send: history
2024-11-17 14:58:13,389 DEBUG   SenderThread:23448 [sender.py:send_request():402] send_request: summary_record
2024-11-17 14:58:13,389 INFO    SenderThread:23448 [sender.py:_save_file():1378] saving file wandb-summary.json with policy end
2024-11-17 14:58:13,942 INFO    Thread-12 :23448 [dir_watcher.py:_on_file_modified():295] file/dir modified: /Users/aklywtx/Desktop/VLM_Bias_research/NN_pretrain/wandb/run-20241117_145527-h135soaq/files/wandb-summary.json
2024-11-17 14:58:14,948 INFO    Thread-12 :23448 [dir_watcher.py:_on_file_modified():295] file/dir modified: /Users/aklywtx/Desktop/VLM_Bias_research/NN_pretrain/wandb/run-20241117_145527-h135soaq/files/output.log
2024-11-17 14:58:15,988 DEBUG   HandlerThread:23448 [handler.py:handle_request():144] handle_request: partial_history
2024-11-17 14:58:15,990 DEBUG   SenderThread:23448 [sender.py:send():375] send: history
2024-11-17 14:58:15,990 DEBUG   SenderThread:23448 [sender.py:send_request():402] send_request: summary_record
2024-11-17 14:58:15,990 INFO    SenderThread:23448 [sender.py:_save_file():1378] saving file wandb-summary.json with policy end
2024-11-17 14:58:16,035 DEBUG   HandlerThread:23448 [handler.py:handle_request():144] handle_request: stop_status
2024-11-17 14:58:16,036 DEBUG   SenderThread:23448 [sender.py:send_request():402] send_request: stop_status
2024-11-17 14:58:16,524 DEBUG   HandlerThread:23448 [handler.py:handle_request():144] handle_request: status_report
2024-11-17 14:58:16,954 INFO    Thread-12 :23448 [dir_watcher.py:_on_file_modified():295] file/dir modified: /Users/aklywtx/Desktop/VLM_Bias_research/NN_pretrain/wandb/run-20241117_145527-h135soaq/files/output.log
2024-11-17 14:58:16,954 INFO    Thread-12 :23448 [dir_watcher.py:_on_file_modified():295] file/dir modified: /Users/aklywtx/Desktop/VLM_Bias_research/NN_pretrain/wandb/run-20241117_145527-h135soaq/files/wandb-summary.json
2024-11-17 14:58:18,963 INFO    Thread-12 :23448 [dir_watcher.py:_on_file_modified():295] file/dir modified: /Users/aklywtx/Desktop/VLM_Bias_research/NN_pretrain/wandb/run-20241117_145527-h135soaq/files/output.log
2024-11-17 14:58:19,129 DEBUG   HandlerThread:23448 [handler.py:handle_request():144] handle_request: partial_history
2024-11-17 14:58:19,130 DEBUG   SenderThread:23448 [sender.py:send():375] send: history
2024-11-17 14:58:19,130 DEBUG   SenderThread:23448 [sender.py:send_request():402] send_request: summary_record
2024-11-17 14:58:19,130 INFO    SenderThread:23448 [sender.py:_save_file():1378] saving file wandb-summary.json with policy end
2024-11-17 14:58:19,723 DEBUG   SenderThread:23448 [sender.py:send():375] send: telemetry
2024-11-17 14:58:19,723 DEBUG   SenderThread:23448 [sender.py:send():375] send: exit
2024-11-17 14:58:19,723 INFO    SenderThread:23448 [sender.py:send_exit():598] handling exit code: 0
2024-11-17 14:58:19,724 INFO    SenderThread:23448 [sender.py:send_exit():600] handling runtime: 171
2024-11-17 14:58:19,724 INFO    SenderThread:23448 [sender.py:_save_file():1378] saving file wandb-summary.json with policy end
2024-11-17 14:58:19,724 INFO    SenderThread:23448 [sender.py:send_exit():606] send defer
2024-11-17 14:58:19,724 DEBUG   HandlerThread:23448 [handler.py:handle_request():144] handle_request: defer
2024-11-17 14:58:19,724 INFO    HandlerThread:23448 [handler.py:handle_request_defer():170] handle defer: 0
2024-11-17 14:58:19,726 DEBUG   SenderThread:23448 [sender.py:send_request():402] send_request: defer
2024-11-17 14:58:19,726 INFO    SenderThread:23448 [sender.py:send_request_defer():622] handle sender defer: 0
2024-11-17 14:58:19,726 INFO    SenderThread:23448 [sender.py:transition_state():626] send defer: 1
2024-11-17 14:58:19,726 DEBUG   HandlerThread:23448 [handler.py:handle_request():144] handle_request: defer
2024-11-17 14:58:19,726 INFO    HandlerThread:23448 [handler.py:handle_request_defer():170] handle defer: 1
2024-11-17 14:58:19,727 DEBUG   SenderThread:23448 [sender.py:send_request():402] send_request: defer
2024-11-17 14:58:19,727 INFO    SenderThread:23448 [sender.py:send_request_defer():622] handle sender defer: 1
2024-11-17 14:58:19,727 INFO    SenderThread:23448 [sender.py:transition_state():626] send defer: 2
2024-11-17 14:58:19,727 DEBUG   HandlerThread:23448 [handler.py:handle_request():144] handle_request: defer
2024-11-17 14:58:19,727 INFO    HandlerThread:23448 [handler.py:handle_request_defer():170] handle defer: 2
2024-11-17 14:58:19,727 INFO    HandlerThread:23448 [system_monitor.py:finish():190] Stopping system monitor
2024-11-17 14:58:19,727 DEBUG   SystemMonitor:23448 [system_monitor.py:_start():166] Finished system metrics aggregation loop
2024-11-17 14:58:19,727 DEBUG   SystemMonitor:23448 [system_monitor.py:_start():170] Publishing last batch of metrics
2024-11-17 14:58:19,728 INFO    HandlerThread:23448 [interfaces.py:finish():202] Joined cpu monitor
2024-11-17 14:58:19,728 INFO    HandlerThread:23448 [interfaces.py:finish():202] Joined disk monitor
2024-11-17 14:58:19,728 INFO    HandlerThread:23448 [interfaces.py:finish():202] Joined memory monitor
2024-11-17 14:58:19,729 INFO    HandlerThread:23448 [interfaces.py:finish():202] Joined network monitor
2024-11-17 14:58:19,729 DEBUG   SenderThread:23448 [sender.py:send_request():402] send_request: defer
2024-11-17 14:58:19,729 INFO    SenderThread:23448 [sender.py:send_request_defer():622] handle sender defer: 2
2024-11-17 14:58:19,730 INFO    SenderThread:23448 [sender.py:transition_state():626] send defer: 3
2024-11-17 14:58:19,730 DEBUG   SenderThread:23448 [sender.py:send():375] send: stats
2024-11-17 14:58:19,731 DEBUG   HandlerThread:23448 [handler.py:handle_request():144] handle_request: defer
2024-11-17 14:58:19,731 INFO    HandlerThread:23448 [handler.py:handle_request_defer():170] handle defer: 3
2024-11-17 14:58:19,733 DEBUG   SenderThread:23448 [sender.py:send_request():402] send_request: defer
2024-11-17 14:58:19,733 INFO    SenderThread:23448 [sender.py:send_request_defer():622] handle sender defer: 3
2024-11-17 14:58:19,733 INFO    SenderThread:23448 [sender.py:transition_state():626] send defer: 4
2024-11-17 14:58:19,733 DEBUG   HandlerThread:23448 [handler.py:handle_request():144] handle_request: defer
2024-11-17 14:58:19,733 INFO    HandlerThread:23448 [handler.py:handle_request_defer():170] handle defer: 4
2024-11-17 14:58:19,735 DEBUG   SenderThread:23448 [sender.py:send_request():402] send_request: defer
2024-11-17 14:58:19,735 INFO    SenderThread:23448 [sender.py:send_request_defer():622] handle sender defer: 4
2024-11-17 14:58:19,735 INFO    SenderThread:23448 [sender.py:transition_state():626] send defer: 5
2024-11-17 14:58:19,735 DEBUG   HandlerThread:23448 [handler.py:handle_request():144] handle_request: defer
2024-11-17 14:58:19,735 INFO    HandlerThread:23448 [handler.py:handle_request_defer():170] handle defer: 5
2024-11-17 14:58:19,736 DEBUG   SenderThread:23448 [sender.py:send():375] send: summary
2024-11-17 14:58:19,737 INFO    SenderThread:23448 [sender.py:_save_file():1378] saving file wandb-summary.json with policy end
2024-11-17 14:58:19,737 DEBUG   SenderThread:23448 [sender.py:send_request():402] send_request: defer
2024-11-17 14:58:19,737 INFO    SenderThread:23448 [sender.py:send_request_defer():622] handle sender defer: 5
2024-11-17 14:58:19,737 INFO    SenderThread:23448 [sender.py:transition_state():626] send defer: 6
2024-11-17 14:58:19,738 DEBUG   HandlerThread:23448 [handler.py:handle_request():144] handle_request: defer
2024-11-17 14:58:19,738 INFO    HandlerThread:23448 [handler.py:handle_request_defer():170] handle defer: 6
2024-11-17 14:58:19,738 DEBUG   SenderThread:23448 [sender.py:send_request():402] send_request: defer
2024-11-17 14:58:19,738 INFO    SenderThread:23448 [sender.py:send_request_defer():622] handle sender defer: 6
2024-11-17 14:58:19,745 DEBUG   HandlerThread:23448 [handler.py:handle_request():144] handle_request: status_report
2024-11-17 14:58:19,912 INFO    SenderThread:23448 [sender.py:transition_state():626] send defer: 7
2024-11-17 14:58:19,912 DEBUG   HandlerThread:23448 [handler.py:handle_request():144] handle_request: defer
2024-11-17 14:58:19,912 INFO    HandlerThread:23448 [handler.py:handle_request_defer():170] handle defer: 7
2024-11-17 14:58:19,912 DEBUG   SenderThread:23448 [sender.py:send_request():402] send_request: defer
2024-11-17 14:58:19,912 INFO    SenderThread:23448 [sender.py:send_request_defer():622] handle sender defer: 7
2024-11-17 14:58:19,964 INFO    Thread-12 :23448 [dir_watcher.py:_on_file_modified():295] file/dir modified: /Users/aklywtx/Desktop/VLM_Bias_research/NN_pretrain/wandb/run-20241117_145527-h135soaq/files/config.yaml
2024-11-17 14:58:19,964 INFO    Thread-12 :23448 [dir_watcher.py:_on_file_modified():295] file/dir modified: /Users/aklywtx/Desktop/VLM_Bias_research/NN_pretrain/wandb/run-20241117_145527-h135soaq/files/wandb-summary.json
2024-11-17 14:58:20,725 DEBUG   HandlerThread:23448 [handler.py:handle_request():144] handle_request: poll_exit
2024-11-17 14:58:20,970 INFO    Thread-12 :23448 [dir_watcher.py:_on_file_modified():295] file/dir modified: /Users/aklywtx/Desktop/VLM_Bias_research/NN_pretrain/wandb/run-20241117_145527-h135soaq/files/output.log
2024-11-17 14:58:21,440 INFO    SenderThread:23448 [sender.py:transition_state():626] send defer: 8
2024-11-17 14:58:21,440 DEBUG   SenderThread:23448 [sender.py:send_request():402] send_request: poll_exit
2024-11-17 14:58:21,440 DEBUG   HandlerThread:23448 [handler.py:handle_request():144] handle_request: defer
2024-11-17 14:58:21,441 INFO    HandlerThread:23448 [handler.py:handle_request_defer():170] handle defer: 8
2024-11-17 14:58:21,442 DEBUG   SenderThread:23448 [sender.py:send_request():402] send_request: defer
2024-11-17 14:58:21,442 INFO    SenderThread:23448 [sender.py:send_request_defer():622] handle sender defer: 8
2024-11-17 14:58:21,446 INFO    SenderThread:23448 [sender.py:transition_state():626] send defer: 9
2024-11-17 14:58:21,446 DEBUG   HandlerThread:23448 [handler.py:handle_request():144] handle_request: defer
2024-11-17 14:58:21,446 DEBUG   SenderThread:23448 [sender.py:send():375] send: artifact
2024-11-17 14:58:21,446 INFO    HandlerThread:23448 [handler.py:handle_request_defer():170] handle defer: 9
2024-11-17 14:58:21,727 DEBUG   HandlerThread:23448 [handler.py:handle_request():144] handle_request: poll_exit
2024-11-17 14:58:21,975 INFO    Thread-12 :23448 [dir_watcher.py:_on_file_modified():295] file/dir modified: /Users/aklywtx/Desktop/VLM_Bias_research/NN_pretrain/wandb/run-20241117_145527-h135soaq/files/output.log
2024-11-17 14:58:22,295 INFO    SenderThread:23448 [sender.py:send_artifact():1474] sent artifact job-git_github.com_aklywtx_NN_pretrain.git_models_mlp_train.py - {'id': 'QXJ0aWZhY3Q6MTMzODc5MTA0Nw==', 'digest': 'f0447280fc252b8c40712c59613e8987', 'state': 'COMMITTED', 'aliases': [{'artifactCollectionName': 'job-git_github.com_aklywtx_NN_pretrain.git_models_mlp_train.py', 'alias': 'latest'}, {'artifactCollectionName': 'job-git_github.com_aklywtx_NN_pretrain.git_models_mlp_train.py', 'alias': 'v0'}], 'artifactSequence': {'id': 'QXJ0aWZhY3RDb2xsZWN0aW9uOjQ5NjYxOTk2OQ==', 'latestArtifact': {'id': 'QXJ0aWZhY3Q6MTMzODc5NTg0Nw==', 'versionIndex': 1}}, 'version': 'v0'}
2024-11-17 14:58:22,295 DEBUG   SenderThread:23448 [sender.py:send_request():402] send_request: defer
2024-11-17 14:58:22,295 INFO    SenderThread:23448 [sender.py:send_request_defer():622] handle sender defer: 9
2024-11-17 14:58:22,295 INFO    SenderThread:23448 [dir_watcher.py:finish():365] shutting down directory watcher
2024-11-17 14:58:22,991 INFO    SenderThread:23448 [dir_watcher.py:finish():395] scan: /Users/aklywtx/Desktop/VLM_Bias_research/NN_pretrain/wandb/run-20241117_145527-h135soaq/files
2024-11-17 14:58:22,992 INFO    SenderThread:23448 [dir_watcher.py:finish():409] scan save: /Users/aklywtx/Desktop/VLM_Bias_research/NN_pretrain/wandb/run-20241117_145527-h135soaq/files/requirements.txt requirements.txt
2024-11-17 14:58:22,992 INFO    SenderThread:23448 [dir_watcher.py:finish():409] scan save: /Users/aklywtx/Desktop/VLM_Bias_research/NN_pretrain/wandb/run-20241117_145527-h135soaq/files/output.log output.log
2024-11-17 14:58:22,992 INFO    SenderThread:23448 [dir_watcher.py:finish():409] scan save: /Users/aklywtx/Desktop/VLM_Bias_research/NN_pretrain/wandb/run-20241117_145527-h135soaq/files/config.yaml config.yaml
2024-11-17 14:58:22,996 INFO    SenderThread:23448 [dir_watcher.py:finish():409] scan save: /Users/aklywtx/Desktop/VLM_Bias_research/NN_pretrain/wandb/run-20241117_145527-h135soaq/files/wandb-summary.json wandb-summary.json
2024-11-17 14:58:22,999 INFO    SenderThread:23448 [dir_watcher.py:finish():409] scan save: /Users/aklywtx/Desktop/VLM_Bias_research/NN_pretrain/wandb/run-20241117_145527-h135soaq/files/conda-environment.yaml conda-environment.yaml
2024-11-17 14:58:22,999 INFO    SenderThread:23448 [dir_watcher.py:finish():409] scan save: /Users/aklywtx/Desktop/VLM_Bias_research/NN_pretrain/wandb/run-20241117_145527-h135soaq/files/wandb-metadata.json wandb-metadata.json
2024-11-17 14:58:22,999 INFO    SenderThread:23448 [sender.py:transition_state():626] send defer: 10
2024-11-17 14:58:23,000 DEBUG   SenderThread:23448 [sender.py:send_request():402] send_request: poll_exit
2024-11-17 14:58:23,002 DEBUG   HandlerThread:23448 [handler.py:handle_request():144] handle_request: defer
2024-11-17 14:58:23,003 INFO    HandlerThread:23448 [handler.py:handle_request_defer():170] handle defer: 10
2024-11-17 14:58:23,008 DEBUG   SenderThread:23448 [sender.py:send_request():402] send_request: defer
2024-11-17 14:58:23,008 INFO    SenderThread:23448 [sender.py:send_request_defer():622] handle sender defer: 10
2024-11-17 14:58:23,008 INFO    SenderThread:23448 [file_pusher.py:finish():167] shutting down file pusher
2024-11-17 14:58:23,540 INFO    wandb-upload_0:23448 [upload_job.py:push():137] Uploaded file /Users/aklywtx/Desktop/VLM_Bias_research/NN_pretrain/wandb/run-20241117_145527-h135soaq/files/output.log
2024-11-17 14:58:23,566 INFO    wandb-upload_1:23448 [upload_job.py:push():137] Uploaded file /Users/aklywtx/Desktop/VLM_Bias_research/NN_pretrain/wandb/run-20241117_145527-h135soaq/files/requirements.txt
2024-11-17 14:58:23,702 INFO    wandb-upload_3:23448 [upload_job.py:push():137] Uploaded file /Users/aklywtx/Desktop/VLM_Bias_research/NN_pretrain/wandb/run-20241117_145527-h135soaq/files/wandb-summary.json
2024-11-17 14:58:23,722 INFO    wandb-upload_2:23448 [upload_job.py:push():137] Uploaded file /Users/aklywtx/Desktop/VLM_Bias_research/NN_pretrain/wandb/run-20241117_145527-h135soaq/files/config.yaml
2024-11-17 14:58:23,725 INFO    wandb-upload_4:23448 [upload_job.py:push():137] Uploaded file /Users/aklywtx/Desktop/VLM_Bias_research/NN_pretrain/wandb/run-20241117_145527-h135soaq/files/conda-environment.yaml
2024-11-17 14:58:23,926 INFO    Thread-11 :23448 [sender.py:transition_state():626] send defer: 11
2024-11-17 14:58:23,927 DEBUG   HandlerThread:23448 [handler.py:handle_request():144] handle_request: defer
2024-11-17 14:58:23,927 INFO    HandlerThread:23448 [handler.py:handle_request_defer():170] handle defer: 11
2024-11-17 14:58:23,927 DEBUG   SenderThread:23448 [sender.py:send_request():402] send_request: defer
2024-11-17 14:58:23,927 INFO    SenderThread:23448 [sender.py:send_request_defer():622] handle sender defer: 11
2024-11-17 14:58:23,927 INFO    SenderThread:23448 [file_pusher.py:join():172] waiting for file pusher
2024-11-17 14:58:23,927 INFO    SenderThread:23448 [sender.py:transition_state():626] send defer: 12
2024-11-17 14:58:23,927 DEBUG   HandlerThread:23448 [handler.py:handle_request():144] handle_request: defer
2024-11-17 14:58:23,928 INFO    HandlerThread:23448 [handler.py:handle_request_defer():170] handle defer: 12
2024-11-17 14:58:23,928 DEBUG   SenderThread:23448 [sender.py:send_request():402] send_request: defer
2024-11-17 14:58:23,928 INFO    SenderThread:23448 [sender.py:send_request_defer():622] handle sender defer: 12
2024-11-17 14:58:24,750 INFO    SenderThread:23448 [sender.py:transition_state():626] send defer: 13
2024-11-17 14:58:24,751 DEBUG   HandlerThread:23448 [handler.py:handle_request():144] handle_request: defer
2024-11-17 14:58:24,751 INFO    HandlerThread:23448 [handler.py:handle_request_defer():170] handle defer: 13
2024-11-17 14:58:24,751 DEBUG   SenderThread:23448 [sender.py:send_request():402] send_request: defer
2024-11-17 14:58:24,751 INFO    SenderThread:23448 [sender.py:send_request_defer():622] handle sender defer: 13
2024-11-17 14:58:24,752 INFO    SenderThread:23448 [sender.py:transition_state():626] send defer: 14
2024-11-17 14:58:24,752 DEBUG   HandlerThread:23448 [handler.py:handle_request():144] handle_request: defer
2024-11-17 14:58:24,752 DEBUG   SenderThread:23448 [sender.py:send():375] send: final
2024-11-17 14:58:24,752 INFO    HandlerThread:23448 [handler.py:handle_request_defer():170] handle defer: 14
2024-11-17 14:58:24,752 DEBUG   SenderThread:23448 [sender.py:send():375] send: footer
2024-11-17 14:58:24,753 DEBUG   SenderThread:23448 [sender.py:send_request():402] send_request: defer
2024-11-17 14:58:24,753 INFO    SenderThread:23448 [sender.py:send_request_defer():622] handle sender defer: 14
2024-11-17 14:58:24,755 DEBUG   HandlerThread:23448 [handler.py:handle_request():144] handle_request: poll_exit
2024-11-17 14:58:24,756 DEBUG   HandlerThread:23448 [handler.py:handle_request():144] handle_request: server_info
2024-11-17 14:58:24,756 DEBUG   HandlerThread:23448 [handler.py:handle_request():144] handle_request: get_summary
2024-11-17 14:58:24,756 DEBUG   SenderThread:23448 [sender.py:send_request():402] send_request: poll_exit
2024-11-17 14:58:24,757 DEBUG   HandlerThread:23448 [handler.py:handle_request():144] handle_request: sampled_history
2024-11-17 14:58:24,757 DEBUG   SenderThread:23448 [sender.py:send_request():402] send_request: server_info
2024-11-17 14:58:24,907 DEBUG   HandlerThread:23448 [handler.py:handle_request():144] handle_request: shutdown
2024-11-17 14:58:24,907 INFO    HandlerThread:23448 [handler.py:finish():842] shutting down handler
2024-11-17 14:58:25,762 INFO    WriterThread:23448 [datastore.py:close():298] close: /Users/aklywtx/Desktop/VLM_Bias_research/NN_pretrain/wandb/run-20241117_145527-h135soaq/run-h135soaq.wandb
2024-11-17 14:58:25,907 INFO    SenderThread:23448 [sender.py:finish():1550] shutting down sender
2024-11-17 14:58:25,908 INFO    SenderThread:23448 [file_pusher.py:finish():167] shutting down file pusher
2024-11-17 14:58:25,908 INFO    SenderThread:23448 [file_pusher.py:join():172] waiting for file pusher
