2024-12-13 13:58:21,123 INFO    StreamThr :76121 [internal.py:wandb_internal():86] W&B internal server running at pid: 76121, started at: 2024-12-13 13:58:21.123249
2024-12-13 13:58:21,124 DEBUG   HandlerThread:76121 [handler.py:handle_request():144] handle_request: status
2024-12-13 13:58:21,125 INFO    WriterThread:76121 [datastore.py:open_for_write():85] open: /Users/aklywtx/Desktop/VLM_Bias_research/NN_pretrain/wandb/run-20241213_135821-fchy1sug/run-fchy1sug.wandb
2024-12-13 13:58:21,125 DEBUG   SenderThread:76121 [sender.py:send():375] send: header
2024-12-13 13:58:21,149 DEBUG   SenderThread:76121 [sender.py:send():375] send: run
2024-12-13 13:58:21,535 INFO    SenderThread:76121 [dir_watcher.py:__init__():219] watching files in: /Users/aklywtx/Desktop/VLM_Bias_research/NN_pretrain/wandb/run-20241213_135821-fchy1sug/files
2024-12-13 13:58:21,535 INFO    SenderThread:76121 [sender.py:_start_run_threads():1124] run started: fchy1sug with start time 1734094701.122588
2024-12-13 13:58:21,535 DEBUG   SenderThread:76121 [sender.py:send_request():402] send_request: summary_record
2024-12-13 13:58:21,536 INFO    SenderThread:76121 [sender.py:_save_file():1378] saving file wandb-summary.json with policy end
2024-12-13 13:58:21,537 DEBUG   HandlerThread:76121 [handler.py:handle_request():144] handle_request: check_version
2024-12-13 13:58:21,537 DEBUG   SenderThread:76121 [sender.py:send_request():402] send_request: check_version
2024-12-13 13:58:21,676 DEBUG   HandlerThread:76121 [handler.py:handle_request():144] handle_request: run_start
2024-12-13 13:58:21,689 DEBUG   HandlerThread:76121 [system_info.py:__init__():31] System info init
2024-12-13 13:58:21,689 DEBUG   HandlerThread:76121 [system_info.py:__init__():46] System info init done
2024-12-13 13:58:21,689 INFO    HandlerThread:76121 [system_monitor.py:start():181] Starting system monitor
2024-12-13 13:58:21,690 INFO    SystemMonitor:76121 [system_monitor.py:_start():145] Starting system asset monitoring threads
2024-12-13 13:58:21,690 INFO    HandlerThread:76121 [system_monitor.py:probe():201] Collecting system info
2024-12-13 13:58:21,690 INFO    SystemMonitor:76121 [interfaces.py:start():190] Started cpu monitoring
2024-12-13 13:58:21,691 DEBUG   HandlerThread:76121 [system_info.py:probe():195] Probing system
2024-12-13 13:58:21,691 INFO    SystemMonitor:76121 [interfaces.py:start():190] Started disk monitoring
2024-12-13 13:58:21,691 INFO    SystemMonitor:76121 [interfaces.py:start():190] Started memory monitoring
2024-12-13 13:58:21,692 INFO    SystemMonitor:76121 [interfaces.py:start():190] Started network monitoring
2024-12-13 13:58:21,695 DEBUG   HandlerThread:76121 [system_info.py:_probe_git():180] Probing git
2024-12-13 13:58:21,722 DEBUG   HandlerThread:76121 [system_info.py:_probe_git():188] Probing git done
2024-12-13 13:58:21,722 DEBUG   HandlerThread:76121 [system_info.py:probe():240] Probing system done
2024-12-13 13:58:21,722 DEBUG   HandlerThread:76121 [system_monitor.py:probe():210] {'os': 'macOS-14.5-arm64-i386-64bit', 'python': '3.9.13', 'heartbeatAt': '2024-12-13T12:58:21.691238', 'startedAt': '2024-12-13T12:58:21.051347', 'docker': None, 'cuda': None, 'args': (), 'state': 'running', 'program': '/Users/aklywtx/Desktop/VLM_Bias_research/NN_pretrain/models/mlp_train.py', 'codePath': 'models/mlp_train.py', 'git': {'remote': 'git@github.com:aklywtx/NN_pretrain.git', 'commit': 'f82579b1c6a77dde14a500ddae843288b480b67c'}, 'email': 'aklywtx233@163.com', 'root': '/Users/aklywtx/Desktop/VLM_Bias_research/NN_pretrain', 'host': 'MACBOOK-PRO-341.local', 'username': 'aklywtx', 'executable': '/Users/aklywtx/opt/anaconda3/bin/python', 'cpu_count': 8, 'cpu_count_logical': 8, 'disk': {'total': 926.3517189025879, 'used': 895.0464477539062}, 'memory': {'total': 32.0}}
2024-12-13 13:58:21,722 INFO    HandlerThread:76121 [system_monitor.py:probe():211] Finished collecting system info
2024-12-13 13:58:21,722 INFO    HandlerThread:76121 [system_monitor.py:probe():214] Publishing system info
2024-12-13 13:58:21,722 DEBUG   HandlerThread:76121 [system_info.py:_save_pip():51] Saving list of pip packages installed into the current environment
2024-12-13 13:58:21,723 DEBUG   HandlerThread:76121 [system_info.py:_save_pip():67] Saving pip packages done
2024-12-13 13:58:21,723 DEBUG   HandlerThread:76121 [system_info.py:_save_conda():74] Saving list of conda packages installed into the current environment
2024-12-13 13:58:22,542 INFO    Thread-12 :76121 [dir_watcher.py:_on_file_created():278] file/dir created: /Users/aklywtx/Desktop/VLM_Bias_research/NN_pretrain/wandb/run-20241213_135821-fchy1sug/files/conda-environment.yaml
2024-12-13 13:58:22,542 INFO    Thread-12 :76121 [dir_watcher.py:_on_file_created():278] file/dir created: /Users/aklywtx/Desktop/VLM_Bias_research/NN_pretrain/wandb/run-20241213_135821-fchy1sug/files/wandb-summary.json
2024-12-13 13:58:22,542 INFO    Thread-12 :76121 [dir_watcher.py:_on_file_created():278] file/dir created: /Users/aklywtx/Desktop/VLM_Bias_research/NN_pretrain/wandb/run-20241213_135821-fchy1sug/files/requirements.txt
2024-12-13 13:58:39,380 DEBUG   HandlerThread:76121 [system_info.py:_save_conda():86] Saving conda packages done
2024-12-13 13:58:39,381 INFO    HandlerThread:76121 [system_monitor.py:probe():216] Finished publishing system info
2024-12-13 13:58:39,391 DEBUG   HandlerThread:76121 [handler.py:handle_request():144] handle_request: status_report
2024-12-13 13:58:39,391 DEBUG   HandlerThread:76121 [handler.py:handle_request():144] handle_request: keepalive
2024-12-13 13:58:39,392 DEBUG   HandlerThread:76121 [handler.py:handle_request():144] handle_request: status_report
2024-12-13 13:58:39,392 DEBUG   HandlerThread:76121 [handler.py:handle_request():144] handle_request: keepalive
2024-12-13 13:58:39,392 DEBUG   HandlerThread:76121 [handler.py:handle_request():144] handle_request: status_report
2024-12-13 13:58:39,392 DEBUG   HandlerThread:76121 [handler.py:handle_request():144] handle_request: keepalive
2024-12-13 13:58:39,392 DEBUG   SenderThread:76121 [sender.py:send():375] send: files
2024-12-13 13:58:39,392 INFO    SenderThread:76121 [sender.py:_save_file():1378] saving file wandb-metadata.json with policy now
2024-12-13 13:58:39,395 DEBUG   HandlerThread:76121 [handler.py:handle_request():144] handle_request: stop_status
2024-12-13 13:58:39,395 DEBUG   SenderThread:76121 [sender.py:send_request():402] send_request: stop_status
2024-12-13 13:58:39,609 INFO    Thread-12 :76121 [dir_watcher.py:_on_file_modified():295] file/dir modified: /Users/aklywtx/Desktop/VLM_Bias_research/NN_pretrain/wandb/run-20241213_135821-fchy1sug/files/conda-environment.yaml
2024-12-13 13:58:39,610 INFO    Thread-12 :76121 [dir_watcher.py:_on_file_created():278] file/dir created: /Users/aklywtx/Desktop/VLM_Bias_research/NN_pretrain/wandb/run-20241213_135821-fchy1sug/files/wandb-metadata.json
2024-12-13 13:58:39,613 DEBUG   SenderThread:76121 [sender.py:send():375] send: telemetry
2024-12-13 13:58:39,873 INFO    wandb-upload_0:76121 [upload_job.py:push():137] Uploaded file /var/folders/b8/j860yxxx1bb1pjgc34kr65dm0000gn/T/tmp78vgw_gmwandb/kcqzs6lt-wandb-metadata.json
2024-12-13 13:58:40,603 DEBUG   SenderThread:76121 [sender.py:send():375] send: exit
2024-12-13 13:58:40,603 INFO    SenderThread:76121 [sender.py:send_exit():598] handling exit code: 1
2024-12-13 13:58:40,603 INFO    SenderThread:76121 [sender.py:send_exit():600] handling runtime: 18
2024-12-13 13:58:40,604 INFO    SenderThread:76121 [sender.py:_save_file():1378] saving file wandb-summary.json with policy end
2024-12-13 13:58:40,604 INFO    SenderThread:76121 [sender.py:send_exit():606] send defer
2024-12-13 13:58:40,604 DEBUG   HandlerThread:76121 [handler.py:handle_request():144] handle_request: defer
2024-12-13 13:58:40,604 INFO    HandlerThread:76121 [handler.py:handle_request_defer():170] handle defer: 0
2024-12-13 13:58:40,605 DEBUG   SenderThread:76121 [sender.py:send_request():402] send_request: defer
2024-12-13 13:58:40,605 INFO    SenderThread:76121 [sender.py:send_request_defer():622] handle sender defer: 0
2024-12-13 13:58:40,605 INFO    SenderThread:76121 [sender.py:transition_state():626] send defer: 1
2024-12-13 13:58:40,605 DEBUG   HandlerThread:76121 [handler.py:handle_request():144] handle_request: defer
2024-12-13 13:58:40,606 INFO    HandlerThread:76121 [handler.py:handle_request_defer():170] handle defer: 1
2024-12-13 13:58:40,606 DEBUG   SenderThread:76121 [sender.py:send_request():402] send_request: defer
2024-12-13 13:58:40,607 INFO    SenderThread:76121 [sender.py:send_request_defer():622] handle sender defer: 1
2024-12-13 13:58:40,607 INFO    SenderThread:76121 [sender.py:transition_state():626] send defer: 2
2024-12-13 13:58:40,607 DEBUG   HandlerThread:76121 [handler.py:handle_request():144] handle_request: defer
2024-12-13 13:58:40,607 INFO    HandlerThread:76121 [handler.py:handle_request_defer():170] handle defer: 2
2024-12-13 13:58:40,607 INFO    HandlerThread:76121 [system_monitor.py:finish():190] Stopping system monitor
2024-12-13 13:58:40,607 DEBUG   SystemMonitor:76121 [system_monitor.py:_start():159] Starting system metrics aggregation loop
2024-12-13 13:58:40,607 INFO    HandlerThread:76121 [interfaces.py:finish():202] Joined cpu monitor
2024-12-13 13:58:40,607 DEBUG   SystemMonitor:76121 [system_monitor.py:_start():166] Finished system metrics aggregation loop
2024-12-13 13:58:40,608 DEBUG   SystemMonitor:76121 [system_monitor.py:_start():170] Publishing last batch of metrics
2024-12-13 13:58:40,608 INFO    HandlerThread:76121 [interfaces.py:finish():202] Joined disk monitor
2024-12-13 13:58:40,608 INFO    HandlerThread:76121 [interfaces.py:finish():202] Joined memory monitor
2024-12-13 13:58:40,608 INFO    HandlerThread:76121 [interfaces.py:finish():202] Joined network monitor
2024-12-13 13:58:40,609 DEBUG   SenderThread:76121 [sender.py:send_request():402] send_request: defer
2024-12-13 13:58:40,609 INFO    SenderThread:76121 [sender.py:send_request_defer():622] handle sender defer: 2
2024-12-13 13:58:40,609 INFO    SenderThread:76121 [sender.py:transition_state():626] send defer: 3
2024-12-13 13:58:40,609 DEBUG   SenderThread:76121 [sender.py:send():375] send: stats
2024-12-13 13:58:40,609 DEBUG   HandlerThread:76121 [handler.py:handle_request():144] handle_request: defer
2024-12-13 13:58:40,609 INFO    HandlerThread:76121 [handler.py:handle_request_defer():170] handle defer: 3
2024-12-13 13:58:40,609 DEBUG   SenderThread:76121 [sender.py:send_request():402] send_request: defer
2024-12-13 13:58:40,609 INFO    SenderThread:76121 [sender.py:send_request_defer():622] handle sender defer: 3
2024-12-13 13:58:40,609 INFO    SenderThread:76121 [sender.py:transition_state():626] send defer: 4
2024-12-13 13:58:40,609 DEBUG   HandlerThread:76121 [handler.py:handle_request():144] handle_request: defer
2024-12-13 13:58:40,609 INFO    HandlerThread:76121 [handler.py:handle_request_defer():170] handle defer: 4
2024-12-13 13:58:40,610 DEBUG   SenderThread:76121 [sender.py:send_request():402] send_request: defer
2024-12-13 13:58:40,610 INFO    SenderThread:76121 [sender.py:send_request_defer():622] handle sender defer: 4
2024-12-13 13:58:40,610 INFO    SenderThread:76121 [sender.py:transition_state():626] send defer: 5
2024-12-13 13:58:40,610 DEBUG   HandlerThread:76121 [handler.py:handle_request():144] handle_request: defer
2024-12-13 13:58:40,610 INFO    HandlerThread:76121 [handler.py:handle_request_defer():170] handle defer: 5
2024-12-13 13:58:40,611 DEBUG   SenderThread:76121 [sender.py:send():375] send: summary
2024-12-13 13:58:40,611 INFO    SenderThread:76121 [sender.py:_save_file():1378] saving file wandb-summary.json with policy end
2024-12-13 13:58:40,611 DEBUG   SenderThread:76121 [sender.py:send_request():402] send_request: defer
2024-12-13 13:58:40,611 INFO    SenderThread:76121 [sender.py:send_request_defer():622] handle sender defer: 5
2024-12-13 13:58:40,611 INFO    SenderThread:76121 [sender.py:transition_state():626] send defer: 6
2024-12-13 13:58:40,612 DEBUG   HandlerThread:76121 [handler.py:handle_request():144] handle_request: defer
2024-12-13 13:58:40,612 INFO    HandlerThread:76121 [handler.py:handle_request_defer():170] handle defer: 6
2024-12-13 13:58:40,612 DEBUG   SenderThread:76121 [sender.py:send_request():402] send_request: defer
2024-12-13 13:58:40,612 INFO    SenderThread:76121 [sender.py:send_request_defer():622] handle sender defer: 6
2024-12-13 13:58:40,614 DEBUG   HandlerThread:76121 [handler.py:handle_request():144] handle_request: status_report
2024-12-13 13:58:40,615 INFO    Thread-12 :76121 [dir_watcher.py:_on_file_modified():295] file/dir modified: /Users/aklywtx/Desktop/VLM_Bias_research/NN_pretrain/wandb/run-20241213_135821-fchy1sug/files/wandb-summary.json
2024-12-13 13:58:40,615 INFO    Thread-12 :76121 [dir_watcher.py:_on_file_created():278] file/dir created: /Users/aklywtx/Desktop/VLM_Bias_research/NN_pretrain/wandb/run-20241213_135821-fchy1sug/files/output.log
2024-12-13 13:58:40,834 INFO    SenderThread:76121 [sender.py:transition_state():626] send defer: 7
2024-12-13 13:58:40,834 DEBUG   HandlerThread:76121 [handler.py:handle_request():144] handle_request: defer
2024-12-13 13:58:40,834 INFO    HandlerThread:76121 [handler.py:handle_request_defer():170] handle defer: 7
2024-12-13 13:58:40,835 DEBUG   SenderThread:76121 [sender.py:send_request():402] send_request: defer
2024-12-13 13:58:40,835 INFO    SenderThread:76121 [sender.py:send_request_defer():622] handle sender defer: 7
2024-12-13 13:58:41,608 DEBUG   HandlerThread:76121 [handler.py:handle_request():144] handle_request: poll_exit
2024-12-13 13:58:41,617 INFO    Thread-12 :76121 [dir_watcher.py:_on_file_modified():295] file/dir modified: /Users/aklywtx/Desktop/VLM_Bias_research/NN_pretrain/wandb/run-20241213_135821-fchy1sug/files/config.yaml
2024-12-13 13:58:42,588 INFO    SenderThread:76121 [sender.py:transition_state():626] send defer: 8
2024-12-13 13:58:42,588 DEBUG   SenderThread:76121 [sender.py:send_request():402] send_request: poll_exit
2024-12-13 13:58:42,588 DEBUG   HandlerThread:76121 [handler.py:handle_request():144] handle_request: defer
2024-12-13 13:58:42,588 INFO    HandlerThread:76121 [handler.py:handle_request_defer():170] handle defer: 8
2024-12-13 13:58:42,588 DEBUG   SenderThread:76121 [sender.py:send_request():402] send_request: defer
2024-12-13 13:58:42,588 INFO    SenderThread:76121 [sender.py:send_request_defer():622] handle sender defer: 8
2024-12-13 13:58:42,593 INFO    SenderThread:76121 [sender.py:transition_state():626] send defer: 9
2024-12-13 13:58:42,593 DEBUG   HandlerThread:76121 [handler.py:handle_request():144] handle_request: defer
2024-12-13 13:58:42,593 INFO    HandlerThread:76121 [handler.py:handle_request_defer():170] handle defer: 9
2024-12-13 13:58:42,593 DEBUG   SenderThread:76121 [sender.py:send():375] send: artifact
2024-12-13 13:58:42,613 DEBUG   HandlerThread:76121 [handler.py:handle_request():144] handle_request: poll_exit
2024-12-13 13:58:42,620 INFO    Thread-12 :76121 [dir_watcher.py:_on_file_modified():295] file/dir modified: /Users/aklywtx/Desktop/VLM_Bias_research/NN_pretrain/wandb/run-20241213_135821-fchy1sug/files/output.log
2024-12-13 13:58:43,453 INFO    SenderThread:76121 [sender.py:send_artifact():1474] sent artifact job-git_github.com_aklywtx_NN_pretrain.git_models_mlp_train.py - {'id': 'QXJ0aWZhY3Q6MTM2OTczMjQxNA==', 'digest': '2884af447a9f8fa5d4ef36ad4c852994', 'state': 'COMMITTED', 'aliases': [{'artifactCollectionName': 'job-git_github.com_aklywtx_NN_pretrain.git_models_mlp_train.py', 'alias': 'latest'}, {'artifactCollectionName': 'job-git_github.com_aklywtx_NN_pretrain.git_models_mlp_train.py', 'alias': 'v4'}], 'artifactSequence': {'id': 'QXJ0aWZhY3RDb2xsZWN0aW9uOjQ5NjYxOTk2OQ==', 'latestArtifact': {'id': 'QXJ0aWZhY3Q6MTM2OTczMjQxNA==', 'versionIndex': 4}}, 'version': 'v4'}
2024-12-13 13:58:43,453 DEBUG   SenderThread:76121 [sender.py:send_request():402] send_request: defer
2024-12-13 13:58:43,453 INFO    SenderThread:76121 [sender.py:send_request_defer():622] handle sender defer: 9
2024-12-13 13:58:43,453 INFO    SenderThread:76121 [dir_watcher.py:finish():365] shutting down directory watcher
2024-12-13 13:58:43,624 INFO    SenderThread:76121 [dir_watcher.py:finish():395] scan: /Users/aklywtx/Desktop/VLM_Bias_research/NN_pretrain/wandb/run-20241213_135821-fchy1sug/files
2024-12-13 13:58:43,624 INFO    SenderThread:76121 [dir_watcher.py:finish():409] scan save: /Users/aklywtx/Desktop/VLM_Bias_research/NN_pretrain/wandb/run-20241213_135821-fchy1sug/files/requirements.txt requirements.txt
2024-12-13 13:58:43,624 INFO    SenderThread:76121 [dir_watcher.py:finish():409] scan save: /Users/aklywtx/Desktop/VLM_Bias_research/NN_pretrain/wandb/run-20241213_135821-fchy1sug/files/output.log output.log
2024-12-13 13:58:43,624 INFO    SenderThread:76121 [dir_watcher.py:finish():409] scan save: /Users/aklywtx/Desktop/VLM_Bias_research/NN_pretrain/wandb/run-20241213_135821-fchy1sug/files/config.yaml config.yaml
2024-12-13 13:58:43,626 INFO    SenderThread:76121 [dir_watcher.py:finish():409] scan save: /Users/aklywtx/Desktop/VLM_Bias_research/NN_pretrain/wandb/run-20241213_135821-fchy1sug/files/wandb-summary.json wandb-summary.json
2024-12-13 13:58:43,628 INFO    SenderThread:76121 [dir_watcher.py:finish():409] scan save: /Users/aklywtx/Desktop/VLM_Bias_research/NN_pretrain/wandb/run-20241213_135821-fchy1sug/files/conda-environment.yaml conda-environment.yaml
2024-12-13 13:58:43,628 INFO    SenderThread:76121 [dir_watcher.py:finish():409] scan save: /Users/aklywtx/Desktop/VLM_Bias_research/NN_pretrain/wandb/run-20241213_135821-fchy1sug/files/wandb-metadata.json wandb-metadata.json
2024-12-13 13:58:43,628 INFO    SenderThread:76121 [sender.py:transition_state():626] send defer: 10
2024-12-13 13:58:43,628 DEBUG   SenderThread:76121 [sender.py:send_request():402] send_request: poll_exit
2024-12-13 13:58:43,628 DEBUG   HandlerThread:76121 [handler.py:handle_request():144] handle_request: defer
2024-12-13 13:58:43,628 INFO    HandlerThread:76121 [handler.py:handle_request_defer():170] handle defer: 10
2024-12-13 13:58:43,631 DEBUG   SenderThread:76121 [sender.py:send_request():402] send_request: defer
2024-12-13 13:58:43,631 INFO    SenderThread:76121 [sender.py:send_request_defer():622] handle sender defer: 10
2024-12-13 13:58:43,631 INFO    SenderThread:76121 [file_pusher.py:finish():167] shutting down file pusher
2024-12-13 13:58:44,062 INFO    wandb-upload_0:76121 [upload_job.py:push():137] Uploaded file /Users/aklywtx/Desktop/VLM_Bias_research/NN_pretrain/wandb/run-20241213_135821-fchy1sug/files/output.log
2024-12-13 13:58:44,228 INFO    wandb-upload_2:76121 [upload_job.py:push():137] Uploaded file /Users/aklywtx/Desktop/VLM_Bias_research/NN_pretrain/wandb/run-20241213_135821-fchy1sug/files/config.yaml
2024-12-13 13:58:44,257 INFO    wandb-upload_1:76121 [upload_job.py:push():137] Uploaded file /Users/aklywtx/Desktop/VLM_Bias_research/NN_pretrain/wandb/run-20241213_135821-fchy1sug/files/requirements.txt
2024-12-13 13:58:44,275 INFO    wandb-upload_3:76121 [upload_job.py:push():137] Uploaded file /Users/aklywtx/Desktop/VLM_Bias_research/NN_pretrain/wandb/run-20241213_135821-fchy1sug/files/wandb-summary.json
2024-12-13 13:58:44,357 INFO    wandb-upload_4:76121 [upload_job.py:push():137] Uploaded file /Users/aklywtx/Desktop/VLM_Bias_research/NN_pretrain/wandb/run-20241213_135821-fchy1sug/files/conda-environment.yaml
2024-12-13 13:58:44,561 INFO    Thread-11 :76121 [sender.py:transition_state():626] send defer: 11
2024-12-13 13:58:44,561 DEBUG   HandlerThread:76121 [handler.py:handle_request():144] handle_request: defer
2024-12-13 13:58:44,561 INFO    HandlerThread:76121 [handler.py:handle_request_defer():170] handle defer: 11
2024-12-13 13:58:44,561 DEBUG   SenderThread:76121 [sender.py:send_request():402] send_request: defer
2024-12-13 13:58:44,562 INFO    SenderThread:76121 [sender.py:send_request_defer():622] handle sender defer: 11
2024-12-13 13:58:44,562 INFO    SenderThread:76121 [file_pusher.py:join():172] waiting for file pusher
2024-12-13 13:58:44,562 INFO    SenderThread:76121 [sender.py:transition_state():626] send defer: 12
2024-12-13 13:58:44,562 DEBUG   HandlerThread:76121 [handler.py:handle_request():144] handle_request: defer
2024-12-13 13:58:44,562 INFO    HandlerThread:76121 [handler.py:handle_request_defer():170] handle defer: 12
2024-12-13 13:58:44,562 DEBUG   SenderThread:76121 [sender.py:send_request():402] send_request: defer
2024-12-13 13:58:44,562 INFO    SenderThread:76121 [sender.py:send_request_defer():622] handle sender defer: 12
2024-12-13 13:58:44,718 INFO    SenderThread:76121 [sender.py:transition_state():626] send defer: 13
2024-12-13 13:58:44,719 DEBUG   HandlerThread:76121 [handler.py:handle_request():144] handle_request: defer
2024-12-13 13:58:44,719 INFO    HandlerThread:76121 [handler.py:handle_request_defer():170] handle defer: 13
2024-12-13 13:58:44,719 DEBUG   SenderThread:76121 [sender.py:send_request():402] send_request: defer
2024-12-13 13:58:44,719 INFO    SenderThread:76121 [sender.py:send_request_defer():622] handle sender defer: 13
2024-12-13 13:58:44,719 INFO    SenderThread:76121 [sender.py:transition_state():626] send defer: 14
2024-12-13 13:58:44,719 DEBUG   HandlerThread:76121 [handler.py:handle_request():144] handle_request: defer
2024-12-13 13:58:44,719 DEBUG   SenderThread:76121 [sender.py:send():375] send: final
2024-12-13 13:58:44,720 INFO    HandlerThread:76121 [handler.py:handle_request_defer():170] handle defer: 14
2024-12-13 13:58:44,720 DEBUG   SenderThread:76121 [sender.py:send():375] send: footer
2024-12-13 13:58:44,720 DEBUG   SenderThread:76121 [sender.py:send_request():402] send_request: defer
2024-12-13 13:58:44,720 INFO    SenderThread:76121 [sender.py:send_request_defer():622] handle sender defer: 14
2024-12-13 13:58:44,720 DEBUG   HandlerThread:76121 [handler.py:handle_request():144] handle_request: poll_exit
2024-12-13 13:58:44,720 DEBUG   SenderThread:76121 [sender.py:send_request():402] send_request: poll_exit
2024-12-13 13:58:44,721 DEBUG   HandlerThread:76121 [handler.py:handle_request():144] handle_request: server_info
2024-12-13 13:58:44,721 DEBUG   SenderThread:76121 [sender.py:send_request():402] send_request: server_info
2024-12-13 13:58:44,721 DEBUG   HandlerThread:76121 [handler.py:handle_request():144] handle_request: get_summary
2024-12-13 13:58:44,722 DEBUG   HandlerThread:76121 [handler.py:handle_request():144] handle_request: sampled_history
2024-12-13 13:58:44,858 INFO    MainThread:76121 [wandb_run.py:_footer_history_summary_info():3469] rendering history
2024-12-13 13:58:44,858 INFO    MainThread:76121 [wandb_run.py:_footer_history_summary_info():3501] rendering summary
2024-12-13 13:58:44,858 INFO    MainThread:76121 [wandb_run.py:_footer_sync_info():3428] logging synced files
2024-12-13 13:58:44,858 DEBUG   HandlerThread:76121 [handler.py:handle_request():144] handle_request: shutdown
2024-12-13 13:58:44,858 INFO    HandlerThread:76121 [handler.py:finish():842] shutting down handler
2024-12-13 13:58:45,726 INFO    WriterThread:76121 [datastore.py:close():298] close: /Users/aklywtx/Desktop/VLM_Bias_research/NN_pretrain/wandb/run-20241213_135821-fchy1sug/run-fchy1sug.wandb
2024-12-13 13:58:45,863 INFO    SenderThread:76121 [sender.py:finish():1550] shutting down sender
2024-12-13 13:58:45,863 INFO    SenderThread:76121 [file_pusher.py:finish():167] shutting down file pusher
2024-12-13 13:58:45,863 INFO    SenderThread:76121 [file_pusher.py:join():172] waiting for file pusher
