2024-11-16 21:38:08,932 INFO    StreamThr :85255 [internal.py:wandb_internal():86] W&B internal server running at pid: 85255, started at: 2024-11-16 21:38:08.931777
2024-11-16 21:38:08,936 DEBUG   HandlerThread:85255 [handler.py:handle_request():144] handle_request: status
2024-11-16 21:38:08,937 INFO    WriterThread:85255 [datastore.py:open_for_write():85] open: /Users/aklywtx/Desktop/VLM_Bias_research/NN_pretrain/wandb/run-20241116_213808-cwyahigw/run-cwyahigw.wandb
2024-11-16 21:38:08,938 DEBUG   SenderThread:85255 [sender.py:send():375] send: header
2024-11-16 21:38:08,988 DEBUG   SenderThread:85255 [sender.py:send():375] send: run
2024-11-16 21:38:09,406 INFO    SenderThread:85255 [dir_watcher.py:__init__():219] watching files in: /Users/aklywtx/Desktop/VLM_Bias_research/NN_pretrain/wandb/run-20241116_213808-cwyahigw/files
2024-11-16 21:38:09,406 INFO    SenderThread:85255 [sender.py:_start_run_threads():1124] run started: cwyahigw with start time 1731789488.927708
2024-11-16 21:38:09,406 DEBUG   SenderThread:85255 [sender.py:send_request():402] send_request: summary_record
2024-11-16 21:38:09,407 INFO    SenderThread:85255 [sender.py:_save_file():1378] saving file wandb-summary.json with policy end
2024-11-16 21:38:09,408 DEBUG   HandlerThread:85255 [handler.py:handle_request():144] handle_request: check_version
2024-11-16 21:38:09,408 DEBUG   SenderThread:85255 [sender.py:send_request():402] send_request: check_version
2024-11-16 21:38:09,549 DEBUG   HandlerThread:85255 [handler.py:handle_request():144] handle_request: run_start
2024-11-16 21:38:09,559 DEBUG   HandlerThread:85255 [system_info.py:__init__():31] System info init
2024-11-16 21:38:09,559 DEBUG   HandlerThread:85255 [system_info.py:__init__():46] System info init done
2024-11-16 21:38:09,559 INFO    HandlerThread:85255 [system_monitor.py:start():181] Starting system monitor
2024-11-16 21:38:09,560 INFO    SystemMonitor:85255 [system_monitor.py:_start():145] Starting system asset monitoring threads
2024-11-16 21:38:09,560 INFO    HandlerThread:85255 [system_monitor.py:probe():201] Collecting system info
2024-11-16 21:38:09,560 DEBUG   HandlerThread:85255 [system_info.py:probe():195] Probing system
2024-11-16 21:38:09,560 INFO    SystemMonitor:85255 [interfaces.py:start():190] Started cpu monitoring
2024-11-16 21:38:09,561 INFO    SystemMonitor:85255 [interfaces.py:start():190] Started disk monitoring
2024-11-16 21:38:09,561 INFO    SystemMonitor:85255 [interfaces.py:start():190] Started memory monitoring
2024-11-16 21:38:09,561 INFO    SystemMonitor:85255 [interfaces.py:start():190] Started network monitoring
2024-11-16 21:38:09,565 DEBUG   HandlerThread:85255 [system_info.py:_probe_git():180] Probing git
2024-11-16 21:38:09,591 DEBUG   HandlerThread:85255 [system_info.py:_probe_git():188] Probing git done
2024-11-16 21:38:09,591 DEBUG   HandlerThread:85255 [system_info.py:probe():240] Probing system done
2024-11-16 21:38:09,592 DEBUG   HandlerThread:85255 [system_monitor.py:probe():210] {'os': 'macOS-14.5-arm64-i386-64bit', 'python': '3.9.13', 'heartbeatAt': '2024-11-16T20:38:09.560821', 'startedAt': '2024-11-16T20:38:08.820470', 'docker': None, 'cuda': None, 'args': (), 'state': 'running', 'program': '/Users/aklywtx/Desktop/VLM_Bias_research/NN_pretrain/MLP/MLP_1layer_mps_only100dots.py', 'codePath': 'MLP/MLP_1layer_mps_only100dots.py', 'git': {'remote': 'git@github.com:aklywtx/NN_pretrain.git', 'commit': '79fb9213d8f97bc1c37c0dd0a2a01a0ea0927308'}, 'email': 'aklywtx233@163.com', 'root': '/Users/aklywtx/Desktop/VLM_Bias_research/NN_pretrain', 'host': 'MACBOOK-PRO-341.local', 'username': 'aklywtx', 'executable': '/Users/aklywtx/opt/anaconda3/bin/python', 'cpu_count': 8, 'cpu_count_logical': 8, 'disk': {'total': 926.3517189025879, 'used': 813.4548950195312}, 'memory': {'total': 32.0}}
2024-11-16 21:38:09,592 INFO    HandlerThread:85255 [system_monitor.py:probe():211] Finished collecting system info
2024-11-16 21:38:09,592 INFO    HandlerThread:85255 [system_monitor.py:probe():214] Publishing system info
2024-11-16 21:38:09,592 DEBUG   HandlerThread:85255 [system_info.py:_save_pip():51] Saving list of pip packages installed into the current environment
2024-11-16 21:38:09,593 DEBUG   HandlerThread:85255 [system_info.py:_save_pip():67] Saving pip packages done
2024-11-16 21:38:09,593 DEBUG   HandlerThread:85255 [system_info.py:_save_conda():74] Saving list of conda packages installed into the current environment
2024-11-16 21:38:10,412 INFO    Thread-12 :85255 [dir_watcher.py:_on_file_created():278] file/dir created: /Users/aklywtx/Desktop/VLM_Bias_research/NN_pretrain/wandb/run-20241116_213808-cwyahigw/files/conda-environment.yaml
2024-11-16 21:38:10,413 INFO    Thread-12 :85255 [dir_watcher.py:_on_file_created():278] file/dir created: /Users/aklywtx/Desktop/VLM_Bias_research/NN_pretrain/wandb/run-20241116_213808-cwyahigw/files/wandb-summary.json
2024-11-16 21:38:10,413 INFO    Thread-12 :85255 [dir_watcher.py:_on_file_created():278] file/dir created: /Users/aklywtx/Desktop/VLM_Bias_research/NN_pretrain/wandb/run-20241116_213808-cwyahigw/files/requirements.txt
2024-11-16 21:38:27,145 DEBUG   HandlerThread:85255 [system_info.py:_save_conda():86] Saving conda packages done
2024-11-16 21:38:27,146 INFO    HandlerThread:85255 [system_monitor.py:probe():216] Finished publishing system info
2024-11-16 21:38:27,154 DEBUG   HandlerThread:85255 [handler.py:handle_request():144] handle_request: status_report
2024-11-16 21:38:27,154 DEBUG   HandlerThread:85255 [handler.py:handle_request():144] handle_request: keepalive
2024-11-16 21:38:27,154 DEBUG   HandlerThread:85255 [handler.py:handle_request():144] handle_request: status_report
2024-11-16 21:38:27,154 DEBUG   HandlerThread:85255 [handler.py:handle_request():144] handle_request: keepalive
2024-11-16 21:38:27,154 DEBUG   HandlerThread:85255 [handler.py:handle_request():144] handle_request: status_report
2024-11-16 21:38:27,154 DEBUG   HandlerThread:85255 [handler.py:handle_request():144] handle_request: keepalive
2024-11-16 21:38:27,155 DEBUG   SenderThread:85255 [sender.py:send():375] send: files
2024-11-16 21:38:27,155 INFO    SenderThread:85255 [sender.py:_save_file():1378] saving file wandb-metadata.json with policy now
2024-11-16 21:38:27,159 DEBUG   HandlerThread:85255 [handler.py:handle_request():144] handle_request: stop_status
2024-11-16 21:38:27,159 DEBUG   SenderThread:85255 [sender.py:send_request():402] send_request: stop_status
2024-11-16 21:38:27,486 INFO    Thread-12 :85255 [dir_watcher.py:_on_file_modified():295] file/dir modified: /Users/aklywtx/Desktop/VLM_Bias_research/NN_pretrain/wandb/run-20241116_213808-cwyahigw/files/conda-environment.yaml
2024-11-16 21:38:27,486 INFO    Thread-12 :85255 [dir_watcher.py:_on_file_created():278] file/dir created: /Users/aklywtx/Desktop/VLM_Bias_research/NN_pretrain/wandb/run-20241116_213808-cwyahigw/files/wandb-metadata.json
2024-11-16 21:38:27,525 DEBUG   SenderThread:85255 [sender.py:send():375] send: telemetry
2024-11-16 21:38:27,862 INFO    wandb-upload_0:85255 [upload_job.py:push():137] Uploaded file /var/folders/b8/j860yxxx1bb1pjgc34kr65dm0000gn/T/tmpwq9o2ysjwandb/lqu823ab-wandb-metadata.json
2024-11-16 21:38:30,537 DEBUG   HandlerThread:85255 [handler.py:handle_request():144] handle_request: status_report
2024-11-16 21:38:35,523 INFO    Thread-12 :85255 [dir_watcher.py:_on_file_created():278] file/dir created: /Users/aklywtx/Desktop/VLM_Bias_research/NN_pretrain/wandb/run-20241116_213808-cwyahigw/files/output.log
2024-11-16 21:38:35,554 DEBUG   HandlerThread:85255 [handler.py:handle_request():144] handle_request: status_report
2024-11-16 21:38:37,403 DEBUG   HandlerThread:85255 [handler.py:handle_request():144] handle_request: partial_history
2024-11-16 21:38:37,404 DEBUG   SenderThread:85255 [sender.py:send():375] send: history
2024-11-16 21:38:37,404 DEBUG   SenderThread:85255 [sender.py:send_request():402] send_request: summary_record
2024-11-16 21:38:37,405 INFO    SenderThread:85255 [sender.py:_save_file():1378] saving file wandb-summary.json with policy end
2024-11-16 21:38:37,533 INFO    Thread-12 :85255 [dir_watcher.py:_on_file_modified():295] file/dir modified: /Users/aklywtx/Desktop/VLM_Bias_research/NN_pretrain/wandb/run-20241116_213808-cwyahigw/files/wandb-summary.json
2024-11-16 21:38:37,534 INFO    Thread-12 :85255 [dir_watcher.py:_on_file_modified():295] file/dir modified: /Users/aklywtx/Desktop/VLM_Bias_research/NN_pretrain/wandb/run-20241116_213808-cwyahigw/files/output.log
2024-11-16 21:38:39,536 INFO    Thread-12 :85255 [dir_watcher.py:_on_file_modified():295] file/dir modified: /Users/aklywtx/Desktop/VLM_Bias_research/NN_pretrain/wandb/run-20241116_213808-cwyahigw/files/output.log
2024-11-16 21:38:39,616 DEBUG   HandlerThread:85255 [handler.py:handle_request():144] handle_request: partial_history
2024-11-16 21:38:39,617 DEBUG   SenderThread:85255 [sender.py:send():375] send: history
2024-11-16 21:38:39,617 DEBUG   SenderThread:85255 [sender.py:send_request():402] send_request: summary_record
2024-11-16 21:38:39,618 INFO    SenderThread:85255 [sender.py:_save_file():1378] saving file wandb-summary.json with policy end
2024-11-16 21:38:40,541 INFO    Thread-12 :85255 [dir_watcher.py:_on_file_modified():295] file/dir modified: /Users/aklywtx/Desktop/VLM_Bias_research/NN_pretrain/wandb/run-20241116_213808-cwyahigw/files/wandb-summary.json
2024-11-16 21:38:40,644 DEBUG   HandlerThread:85255 [handler.py:handle_request():144] handle_request: status_report
2024-11-16 21:38:41,543 INFO    Thread-12 :85255 [dir_watcher.py:_on_file_modified():295] file/dir modified: /Users/aklywtx/Desktop/VLM_Bias_research/NN_pretrain/wandb/run-20241116_213808-cwyahigw/files/output.log
2024-11-16 21:38:41,543 INFO    Thread-12 :85255 [dir_watcher.py:_on_file_modified():295] file/dir modified: /Users/aklywtx/Desktop/VLM_Bias_research/NN_pretrain/wandb/run-20241116_213808-cwyahigw/files/config.yaml
2024-11-16 21:38:42,169 DEBUG   HandlerThread:85255 [handler.py:handle_request():144] handle_request: stop_status
2024-11-16 21:38:42,169 DEBUG   SenderThread:85255 [sender.py:send_request():402] send_request: stop_status
2024-11-16 21:38:42,695 DEBUG   HandlerThread:85255 [handler.py:handle_request():144] handle_request: partial_history
2024-11-16 21:38:42,696 DEBUG   SenderThread:85255 [sender.py:send():375] send: history
2024-11-16 21:38:42,696 DEBUG   SenderThread:85255 [sender.py:send_request():402] send_request: summary_record
2024-11-16 21:38:42,697 INFO    SenderThread:85255 [sender.py:_save_file():1378] saving file wandb-summary.json with policy end
2024-11-16 21:38:43,550 INFO    Thread-12 :85255 [dir_watcher.py:_on_file_modified():295] file/dir modified: /Users/aklywtx/Desktop/VLM_Bias_research/NN_pretrain/wandb/run-20241116_213808-cwyahigw/files/wandb-summary.json
2024-11-16 21:38:43,551 INFO    Thread-12 :85255 [dir_watcher.py:_on_file_modified():295] file/dir modified: /Users/aklywtx/Desktop/VLM_Bias_research/NN_pretrain/wandb/run-20241116_213808-cwyahigw/files/output.log
2024-11-16 21:38:44,720 DEBUG   HandlerThread:85255 [handler.py:handle_request():144] handle_request: partial_history
2024-11-16 21:38:44,721 DEBUG   SenderThread:85255 [sender.py:send():375] send: history
2024-11-16 21:38:44,722 DEBUG   SenderThread:85255 [sender.py:send_request():402] send_request: summary_record
2024-11-16 21:38:44,722 INFO    SenderThread:85255 [sender.py:_save_file():1378] saving file wandb-summary.json with policy end
2024-11-16 21:38:45,560 INFO    Thread-12 :85255 [dir_watcher.py:_on_file_modified():295] file/dir modified: /Users/aklywtx/Desktop/VLM_Bias_research/NN_pretrain/wandb/run-20241116_213808-cwyahigw/files/wandb-summary.json
2024-11-16 21:38:45,561 INFO    Thread-12 :85255 [dir_watcher.py:_on_file_modified():295] file/dir modified: /Users/aklywtx/Desktop/VLM_Bias_research/NN_pretrain/wandb/run-20241116_213808-cwyahigw/files/output.log
2024-11-16 21:38:45,921 DEBUG   HandlerThread:85255 [handler.py:handle_request():144] handle_request: status_report
2024-11-16 21:38:46,975 DEBUG   HandlerThread:85255 [handler.py:handle_request():144] handle_request: partial_history
2024-11-16 21:38:46,976 DEBUG   SenderThread:85255 [sender.py:send():375] send: history
2024-11-16 21:38:46,977 DEBUG   SenderThread:85255 [sender.py:send_request():402] send_request: summary_record
2024-11-16 21:38:46,978 INFO    SenderThread:85255 [sender.py:_save_file():1378] saving file wandb-summary.json with policy end
2024-11-16 21:38:47,571 INFO    Thread-12 :85255 [dir_watcher.py:_on_file_modified():295] file/dir modified: /Users/aklywtx/Desktop/VLM_Bias_research/NN_pretrain/wandb/run-20241116_213808-cwyahigw/files/wandb-summary.json
2024-11-16 21:38:47,571 INFO    Thread-12 :85255 [dir_watcher.py:_on_file_modified():295] file/dir modified: /Users/aklywtx/Desktop/VLM_Bias_research/NN_pretrain/wandb/run-20241116_213808-cwyahigw/files/output.log
2024-11-16 21:38:48,576 INFO    Thread-12 :85255 [dir_watcher.py:_on_file_modified():295] file/dir modified: /Users/aklywtx/Desktop/VLM_Bias_research/NN_pretrain/wandb/run-20241116_213808-cwyahigw/files/output.log
2024-11-16 21:38:49,093 DEBUG   HandlerThread:85255 [handler.py:handle_request():144] handle_request: partial_history
2024-11-16 21:38:49,094 DEBUG   SenderThread:85255 [sender.py:send():375] send: history
2024-11-16 21:38:49,094 DEBUG   SenderThread:85255 [sender.py:send_request():402] send_request: summary_record
2024-11-16 21:38:49,094 INFO    SenderThread:85255 [sender.py:_save_file():1378] saving file wandb-summary.json with policy end
2024-11-16 21:38:49,579 INFO    Thread-12 :85255 [dir_watcher.py:_on_file_modified():295] file/dir modified: /Users/aklywtx/Desktop/VLM_Bias_research/NN_pretrain/wandb/run-20241116_213808-cwyahigw/files/wandb-summary.json
2024-11-16 21:38:50,269 DEBUG   SenderThread:85255 [sender.py:send():375] send: telemetry
2024-11-16 21:38:50,269 DEBUG   SenderThread:85255 [sender.py:send():375] send: exit
2024-11-16 21:38:50,269 INFO    SenderThread:85255 [sender.py:send_exit():598] handling exit code: 0
2024-11-16 21:38:50,270 INFO    SenderThread:85255 [sender.py:send_exit():600] handling runtime: 40
2024-11-16 21:38:50,270 INFO    SenderThread:85255 [sender.py:_save_file():1378] saving file wandb-summary.json with policy end
2024-11-16 21:38:50,271 INFO    SenderThread:85255 [sender.py:send_exit():606] send defer
2024-11-16 21:38:50,273 DEBUG   HandlerThread:85255 [handler.py:handle_request():144] handle_request: defer
2024-11-16 21:38:50,273 INFO    HandlerThread:85255 [handler.py:handle_request_defer():170] handle defer: 0
2024-11-16 21:38:50,276 DEBUG   SenderThread:85255 [sender.py:send_request():402] send_request: defer
2024-11-16 21:38:50,276 INFO    SenderThread:85255 [sender.py:send_request_defer():622] handle sender defer: 0
2024-11-16 21:38:50,276 INFO    SenderThread:85255 [sender.py:transition_state():626] send defer: 1
2024-11-16 21:38:50,277 DEBUG   HandlerThread:85255 [handler.py:handle_request():144] handle_request: defer
2024-11-16 21:38:50,277 INFO    HandlerThread:85255 [handler.py:handle_request_defer():170] handle defer: 1
2024-11-16 21:38:50,277 DEBUG   SenderThread:85255 [sender.py:send_request():402] send_request: defer
2024-11-16 21:38:50,277 INFO    SenderThread:85255 [sender.py:send_request_defer():622] handle sender defer: 1
2024-11-16 21:38:50,277 INFO    SenderThread:85255 [sender.py:transition_state():626] send defer: 2
2024-11-16 21:38:50,280 DEBUG   HandlerThread:85255 [handler.py:handle_request():144] handle_request: defer
2024-11-16 21:38:50,280 INFO    HandlerThread:85255 [handler.py:handle_request_defer():170] handle defer: 2
2024-11-16 21:38:50,280 INFO    HandlerThread:85255 [system_monitor.py:finish():190] Stopping system monitor
2024-11-16 21:38:50,280 DEBUG   SystemMonitor:85255 [system_monitor.py:_start():159] Starting system metrics aggregation loop
2024-11-16 21:38:50,280 DEBUG   SystemMonitor:85255 [system_monitor.py:_start():166] Finished system metrics aggregation loop
2024-11-16 21:38:50,280 DEBUG   SystemMonitor:85255 [system_monitor.py:_start():170] Publishing last batch of metrics
2024-11-16 21:38:50,280 INFO    HandlerThread:85255 [interfaces.py:finish():202] Joined cpu monitor
2024-11-16 21:38:50,280 INFO    HandlerThread:85255 [interfaces.py:finish():202] Joined disk monitor
2024-11-16 21:38:50,281 INFO    HandlerThread:85255 [interfaces.py:finish():202] Joined memory monitor
2024-11-16 21:38:50,281 INFO    HandlerThread:85255 [interfaces.py:finish():202] Joined network monitor
2024-11-16 21:38:50,282 DEBUG   SenderThread:85255 [sender.py:send_request():402] send_request: defer
2024-11-16 21:38:50,282 INFO    SenderThread:85255 [sender.py:send_request_defer():622] handle sender defer: 2
2024-11-16 21:38:50,282 INFO    SenderThread:85255 [sender.py:transition_state():626] send defer: 3
2024-11-16 21:38:50,282 DEBUG   SenderThread:85255 [sender.py:send():375] send: stats
2024-11-16 21:38:50,282 DEBUG   HandlerThread:85255 [handler.py:handle_request():144] handle_request: defer
2024-11-16 21:38:50,282 INFO    HandlerThread:85255 [handler.py:handle_request_defer():170] handle defer: 3
2024-11-16 21:38:50,283 DEBUG   SenderThread:85255 [sender.py:send_request():402] send_request: defer
2024-11-16 21:38:50,284 INFO    SenderThread:85255 [sender.py:send_request_defer():622] handle sender defer: 3
2024-11-16 21:38:50,284 INFO    SenderThread:85255 [sender.py:transition_state():626] send defer: 4
2024-11-16 21:38:50,284 DEBUG   HandlerThread:85255 [handler.py:handle_request():144] handle_request: defer
2024-11-16 21:38:50,284 INFO    HandlerThread:85255 [handler.py:handle_request_defer():170] handle defer: 4
2024-11-16 21:38:50,284 DEBUG   SenderThread:85255 [sender.py:send_request():402] send_request: defer
2024-11-16 21:38:50,284 INFO    SenderThread:85255 [sender.py:send_request_defer():622] handle sender defer: 4
2024-11-16 21:38:50,284 INFO    SenderThread:85255 [sender.py:transition_state():626] send defer: 5
2024-11-16 21:38:50,285 DEBUG   HandlerThread:85255 [handler.py:handle_request():144] handle_request: defer
2024-11-16 21:38:50,285 INFO    HandlerThread:85255 [handler.py:handle_request_defer():170] handle defer: 5
2024-11-16 21:38:50,286 DEBUG   SenderThread:85255 [sender.py:send():375] send: summary
2024-11-16 21:38:50,287 INFO    SenderThread:85255 [sender.py:_save_file():1378] saving file wandb-summary.json with policy end
2024-11-16 21:38:50,287 DEBUG   SenderThread:85255 [sender.py:send_request():402] send_request: defer
2024-11-16 21:38:50,287 INFO    SenderThread:85255 [sender.py:send_request_defer():622] handle sender defer: 5
2024-11-16 21:38:50,287 INFO    SenderThread:85255 [sender.py:transition_state():626] send defer: 6
2024-11-16 21:38:50,287 DEBUG   HandlerThread:85255 [handler.py:handle_request():144] handle_request: defer
2024-11-16 21:38:50,287 INFO    HandlerThread:85255 [handler.py:handle_request_defer():170] handle defer: 6
2024-11-16 21:38:50,288 DEBUG   SenderThread:85255 [sender.py:send_request():402] send_request: defer
2024-11-16 21:38:50,288 INFO    SenderThread:85255 [sender.py:send_request_defer():622] handle sender defer: 6
2024-11-16 21:38:50,294 DEBUG   HandlerThread:85255 [handler.py:handle_request():144] handle_request: status_report
2024-11-16 21:38:50,473 INFO    SenderThread:85255 [sender.py:transition_state():626] send defer: 7
2024-11-16 21:38:50,473 DEBUG   HandlerThread:85255 [handler.py:handle_request():144] handle_request: defer
2024-11-16 21:38:50,473 INFO    HandlerThread:85255 [handler.py:handle_request_defer():170] handle defer: 7
2024-11-16 21:38:50,473 DEBUG   SenderThread:85255 [sender.py:send_request():402] send_request: defer
2024-11-16 21:38:50,473 INFO    SenderThread:85255 [sender.py:send_request_defer():622] handle sender defer: 7
2024-11-16 21:38:50,584 INFO    Thread-12 :85255 [dir_watcher.py:_on_file_modified():295] file/dir modified: /Users/aklywtx/Desktop/VLM_Bias_research/NN_pretrain/wandb/run-20241116_213808-cwyahigw/files/wandb-summary.json
2024-11-16 21:38:50,584 INFO    Thread-12 :85255 [dir_watcher.py:_on_file_modified():295] file/dir modified: /Users/aklywtx/Desktop/VLM_Bias_research/NN_pretrain/wandb/run-20241116_213808-cwyahigw/files/config.yaml
2024-11-16 21:38:51,260 DEBUG   HandlerThread:85255 [handler.py:handle_request():144] handle_request: poll_exit
2024-11-16 21:38:51,591 INFO    Thread-12 :85255 [dir_watcher.py:_on_file_modified():295] file/dir modified: /Users/aklywtx/Desktop/VLM_Bias_research/NN_pretrain/wandb/run-20241116_213808-cwyahigw/files/output.log
2024-11-16 21:38:52,084 INFO    SenderThread:85255 [sender.py:transition_state():626] send defer: 8
2024-11-16 21:38:52,085 DEBUG   SenderThread:85255 [sender.py:send_request():402] send_request: poll_exit
2024-11-16 21:38:52,085 DEBUG   HandlerThread:85255 [handler.py:handle_request():144] handle_request: defer
2024-11-16 21:38:52,087 INFO    HandlerThread:85255 [handler.py:handle_request_defer():170] handle defer: 8
2024-11-16 21:38:52,087 DEBUG   SenderThread:85255 [sender.py:send_request():402] send_request: defer
2024-11-16 21:38:52,087 INFO    SenderThread:85255 [sender.py:send_request_defer():622] handle sender defer: 8
2024-11-16 21:38:52,094 INFO    SenderThread:85255 [sender.py:transition_state():626] send defer: 9
2024-11-16 21:38:52,095 DEBUG   HandlerThread:85255 [handler.py:handle_request():144] handle_request: defer
2024-11-16 21:38:52,095 DEBUG   SenderThread:85255 [sender.py:send():375] send: artifact
2024-11-16 21:38:52,095 INFO    HandlerThread:85255 [handler.py:handle_request_defer():170] handle defer: 9
2024-11-16 21:38:52,263 DEBUG   HandlerThread:85255 [handler.py:handle_request():144] handle_request: poll_exit
2024-11-16 21:38:52,597 INFO    Thread-12 :85255 [dir_watcher.py:_on_file_modified():295] file/dir modified: /Users/aklywtx/Desktop/VLM_Bias_research/NN_pretrain/wandb/run-20241116_213808-cwyahigw/files/output.log
2024-11-16 21:38:53,318 INFO    SenderThread:85255 [sender.py:send_artifact():1474] sent artifact job-git_github.com_aklywtx_NN_pretrain.git_MLP_MLP_1layer_mps_only100dots.py - {'id': 'QXJ0aWZhY3Q6MTMzODA1MzEzNA==', 'digest': 'bf06953dfd741ab70e3f835ceef1f20c', 'state': 'COMMITTED', 'aliases': [{'artifactCollectionName': 'job-git_github.com_aklywtx_NN_pretrain.git_MLP_MLP_1layer_mps_only100dots.py', 'alias': 'latest'}, {'artifactCollectionName': 'job-git_github.com_aklywtx_NN_pretrain.git_MLP_MLP_1layer_mps_only100dots.py', 'alias': 'v1'}], 'artifactSequence': {'id': 'QXJ0aWZhY3RDb2xsZWN0aW9uOjQ5NjQzMTk0Mg==', 'latestArtifact': {'id': 'QXJ0aWZhY3Q6MTMzODA1MzEzNA==', 'versionIndex': 1}}, 'version': 'v1'}
2024-11-16 21:38:53,318 DEBUG   SenderThread:85255 [sender.py:send_request():402] send_request: defer
2024-11-16 21:38:53,318 INFO    SenderThread:85255 [sender.py:send_request_defer():622] handle sender defer: 9
2024-11-16 21:38:53,318 INFO    SenderThread:85255 [dir_watcher.py:finish():365] shutting down directory watcher
2024-11-16 21:38:53,603 INFO    SenderThread:85255 [dir_watcher.py:finish():395] scan: /Users/aklywtx/Desktop/VLM_Bias_research/NN_pretrain/wandb/run-20241116_213808-cwyahigw/files
2024-11-16 21:38:53,603 INFO    SenderThread:85255 [dir_watcher.py:finish():409] scan save: /Users/aklywtx/Desktop/VLM_Bias_research/NN_pretrain/wandb/run-20241116_213808-cwyahigw/files/requirements.txt requirements.txt
2024-11-16 21:38:53,604 INFO    SenderThread:85255 [dir_watcher.py:finish():409] scan save: /Users/aklywtx/Desktop/VLM_Bias_research/NN_pretrain/wandb/run-20241116_213808-cwyahigw/files/output.log output.log
2024-11-16 21:38:53,606 INFO    SenderThread:85255 [dir_watcher.py:finish():409] scan save: /Users/aklywtx/Desktop/VLM_Bias_research/NN_pretrain/wandb/run-20241116_213808-cwyahigw/files/config.yaml config.yaml
2024-11-16 21:38:53,606 INFO    SenderThread:85255 [dir_watcher.py:finish():409] scan save: /Users/aklywtx/Desktop/VLM_Bias_research/NN_pretrain/wandb/run-20241116_213808-cwyahigw/files/wandb-summary.json wandb-summary.json
2024-11-16 21:38:53,606 INFO    SenderThread:85255 [dir_watcher.py:finish():409] scan save: /Users/aklywtx/Desktop/VLM_Bias_research/NN_pretrain/wandb/run-20241116_213808-cwyahigw/files/conda-environment.yaml conda-environment.yaml
2024-11-16 21:38:53,608 INFO    SenderThread:85255 [dir_watcher.py:finish():409] scan save: /Users/aklywtx/Desktop/VLM_Bias_research/NN_pretrain/wandb/run-20241116_213808-cwyahigw/files/wandb-metadata.json wandb-metadata.json
2024-11-16 21:38:53,609 INFO    SenderThread:85255 [sender.py:transition_state():626] send defer: 10
2024-11-16 21:38:53,610 DEBUG   SenderThread:85255 [sender.py:send_request():402] send_request: poll_exit
2024-11-16 21:38:53,612 DEBUG   HandlerThread:85255 [handler.py:handle_request():144] handle_request: defer
2024-11-16 21:38:53,612 INFO    HandlerThread:85255 [handler.py:handle_request_defer():170] handle defer: 10
2024-11-16 21:38:53,613 DEBUG   SenderThread:85255 [sender.py:send_request():402] send_request: defer
2024-11-16 21:38:53,614 INFO    SenderThread:85255 [sender.py:send_request_defer():622] handle sender defer: 10
2024-11-16 21:38:53,614 INFO    SenderThread:85255 [file_pusher.py:finish():167] shutting down file pusher
2024-11-16 21:38:54,057 INFO    wandb-upload_1:85255 [upload_job.py:push():137] Uploaded file /Users/aklywtx/Desktop/VLM_Bias_research/NN_pretrain/wandb/run-20241116_213808-cwyahigw/files/output.log
2024-11-16 21:38:54,267 INFO    wandb-upload_0:85255 [upload_job.py:push():137] Uploaded file /Users/aklywtx/Desktop/VLM_Bias_research/NN_pretrain/wandb/run-20241116_213808-cwyahigw/files/requirements.txt
2024-11-16 21:38:54,269 INFO    wandb-upload_2:85255 [upload_job.py:push():137] Uploaded file /Users/aklywtx/Desktop/VLM_Bias_research/NN_pretrain/wandb/run-20241116_213808-cwyahigw/files/config.yaml
2024-11-16 21:38:54,269 INFO    wandb-upload_3:85255 [upload_job.py:push():137] Uploaded file /Users/aklywtx/Desktop/VLM_Bias_research/NN_pretrain/wandb/run-20241116_213808-cwyahigw/files/wandb-summary.json
2024-11-16 21:38:54,399 INFO    wandb-upload_4:85255 [upload_job.py:push():137] Uploaded file /Users/aklywtx/Desktop/VLM_Bias_research/NN_pretrain/wandb/run-20241116_213808-cwyahigw/files/conda-environment.yaml
2024-11-16 21:38:54,606 INFO    Thread-11 :85255 [sender.py:transition_state():626] send defer: 11
2024-11-16 21:38:54,607 DEBUG   HandlerThread:85255 [handler.py:handle_request():144] handle_request: defer
2024-11-16 21:38:54,607 INFO    HandlerThread:85255 [handler.py:handle_request_defer():170] handle defer: 11
2024-11-16 21:38:54,607 DEBUG   SenderThread:85255 [sender.py:send_request():402] send_request: defer
2024-11-16 21:38:54,607 INFO    SenderThread:85255 [sender.py:send_request_defer():622] handle sender defer: 11
2024-11-16 21:38:54,607 INFO    SenderThread:85255 [file_pusher.py:join():172] waiting for file pusher
2024-11-16 21:38:54,607 INFO    SenderThread:85255 [sender.py:transition_state():626] send defer: 12
2024-11-16 21:38:54,608 DEBUG   HandlerThread:85255 [handler.py:handle_request():144] handle_request: defer
2024-11-16 21:38:54,608 INFO    HandlerThread:85255 [handler.py:handle_request_defer():170] handle defer: 12
2024-11-16 21:38:54,608 DEBUG   SenderThread:85255 [sender.py:send_request():402] send_request: defer
2024-11-16 21:38:54,608 INFO    SenderThread:85255 [sender.py:send_request_defer():622] handle sender defer: 12
2024-11-16 21:38:54,788 INFO    SenderThread:85255 [sender.py:transition_state():626] send defer: 13
2024-11-16 21:38:54,789 DEBUG   HandlerThread:85255 [handler.py:handle_request():144] handle_request: defer
2024-11-16 21:38:54,789 INFO    HandlerThread:85255 [handler.py:handle_request_defer():170] handle defer: 13
2024-11-16 21:38:54,789 DEBUG   SenderThread:85255 [sender.py:send_request():402] send_request: defer
2024-11-16 21:38:54,790 INFO    SenderThread:85255 [sender.py:send_request_defer():622] handle sender defer: 13
2024-11-16 21:38:54,790 INFO    SenderThread:85255 [sender.py:transition_state():626] send defer: 14
2024-11-16 21:38:54,790 DEBUG   HandlerThread:85255 [handler.py:handle_request():144] handle_request: defer
2024-11-16 21:38:54,791 INFO    HandlerThread:85255 [handler.py:handle_request_defer():170] handle defer: 14
2024-11-16 21:38:54,791 DEBUG   SenderThread:85255 [sender.py:send():375] send: final
2024-11-16 21:38:54,791 DEBUG   SenderThread:85255 [sender.py:send():375] send: footer
2024-11-16 21:38:54,791 DEBUG   SenderThread:85255 [sender.py:send_request():402] send_request: defer
2024-11-16 21:38:54,791 INFO    SenderThread:85255 [sender.py:send_request_defer():622] handle sender defer: 14
2024-11-16 21:38:54,793 DEBUG   HandlerThread:85255 [handler.py:handle_request():144] handle_request: poll_exit
2024-11-16 21:38:54,793 DEBUG   HandlerThread:85255 [handler.py:handle_request():144] handle_request: server_info
2024-11-16 21:38:54,794 DEBUG   HandlerThread:85255 [handler.py:handle_request():144] handle_request: get_summary
2024-11-16 21:38:54,794 DEBUG   HandlerThread:85255 [handler.py:handle_request():144] handle_request: sampled_history
2024-11-16 21:38:54,795 DEBUG   SenderThread:85255 [sender.py:send_request():402] send_request: poll_exit
2024-11-16 21:38:54,795 DEBUG   SenderThread:85255 [sender.py:send_request():402] send_request: server_info
2024-11-16 21:38:54,937 DEBUG   HandlerThread:85255 [handler.py:handle_request():144] handle_request: shutdown
2024-11-16 21:38:54,937 INFO    HandlerThread:85255 [handler.py:finish():842] shutting down handler
2024-11-16 21:38:55,799 INFO    WriterThread:85255 [datastore.py:close():298] close: /Users/aklywtx/Desktop/VLM_Bias_research/NN_pretrain/wandb/run-20241116_213808-cwyahigw/run-cwyahigw.wandb
2024-11-16 21:38:55,935 INFO    SenderThread:85255 [sender.py:finish():1550] shutting down sender
2024-11-16 21:38:55,935 INFO    SenderThread:85255 [file_pusher.py:finish():167] shutting down file pusher
2024-11-16 21:38:55,935 INFO    SenderThread:85255 [file_pusher.py:join():172] waiting for file pusher
