2024-11-17 22:56:49,415 INFO    StreamThr :62096 [internal.py:wandb_internal():86] W&B internal server running at pid: 62096, started at: 2024-11-17 22:56:49.415247
2024-11-17 22:56:49,416 DEBUG   HandlerThread:62096 [handler.py:handle_request():144] handle_request: status
2024-11-17 22:56:49,416 INFO    WriterThread:62096 [datastore.py:open_for_write():85] open: /Users/aklywtx/Desktop/VLM_Bias_research/NN_pretrain/wandb/run-20241117_225649-qh8ucr4j/run-qh8ucr4j.wandb
2024-11-17 22:56:49,417 DEBUG   SenderThread:62096 [sender.py:send():375] send: header
2024-11-17 22:56:49,440 DEBUG   SenderThread:62096 [sender.py:send():375] send: run
2024-11-17 22:56:50,096 INFO    SenderThread:62096 [dir_watcher.py:__init__():219] watching files in: /Users/aklywtx/Desktop/VLM_Bias_research/NN_pretrain/wandb/run-20241117_225649-qh8ucr4j/files
2024-11-17 22:56:50,096 INFO    SenderThread:62096 [sender.py:_start_run_threads():1124] run started: qh8ucr4j with start time 1731880609.410939
2024-11-17 22:56:50,096 DEBUG   SenderThread:62096 [sender.py:send_request():402] send_request: summary_record
2024-11-17 22:56:50,097 INFO    SenderThread:62096 [sender.py:_save_file():1378] saving file wandb-summary.json with policy end
2024-11-17 22:56:50,098 DEBUG   HandlerThread:62096 [handler.py:handle_request():144] handle_request: check_version
2024-11-17 22:56:50,098 DEBUG   SenderThread:62096 [sender.py:send_request():402] send_request: check_version
2024-11-17 22:56:50,318 DEBUG   HandlerThread:62096 [handler.py:handle_request():144] handle_request: run_start
2024-11-17 22:56:50,326 DEBUG   HandlerThread:62096 [system_info.py:__init__():31] System info init
2024-11-17 22:56:50,326 DEBUG   HandlerThread:62096 [system_info.py:__init__():46] System info init done
2024-11-17 22:56:50,326 INFO    HandlerThread:62096 [system_monitor.py:start():181] Starting system monitor
2024-11-17 22:56:50,326 INFO    SystemMonitor:62096 [system_monitor.py:_start():145] Starting system asset monitoring threads
2024-11-17 22:56:50,326 INFO    HandlerThread:62096 [system_monitor.py:probe():201] Collecting system info
2024-11-17 22:56:50,327 INFO    SystemMonitor:62096 [interfaces.py:start():190] Started cpu monitoring
2024-11-17 22:56:50,327 INFO    SystemMonitor:62096 [interfaces.py:start():190] Started disk monitoring
2024-11-17 22:56:50,327 DEBUG   HandlerThread:62096 [system_info.py:probe():195] Probing system
2024-11-17 22:56:50,328 INFO    SystemMonitor:62096 [interfaces.py:start():190] Started gpuapple monitoring
2024-11-17 22:56:50,334 INFO    SystemMonitor:62096 [interfaces.py:start():190] Started memory monitoring
2024-11-17 22:56:50,335 INFO    SystemMonitor:62096 [interfaces.py:start():190] Started network monitoring
2024-11-17 22:56:50,340 DEBUG   HandlerThread:62096 [system_info.py:_probe_git():180] Probing git
2024-11-17 22:56:50,381 DEBUG   HandlerThread:62096 [system_info.py:_probe_git():188] Probing git done
2024-11-17 22:56:50,384 DEBUG   HandlerThread:62096 [system_info.py:probe():240] Probing system done
2024-11-17 22:56:50,384 DEBUG   HandlerThread:62096 [system_monitor.py:probe():210] {'os': 'macOS-14.5-arm64-arm-64bit', 'python': '3.9.13', 'heartbeatAt': '2024-11-17T21:56:50.328179', 'startedAt': '2024-11-17T21:56:49.399223', 'docker': None, 'cuda': None, 'args': (), 'state': 'running', 'program': '/Users/aklywtx/Desktop/VLM_Bias_research/NN_pretrain/models/vit_train.py', 'codePath': 'models/vit_train.py', 'git': {'remote': 'git@github.com:aklywtx/NN_pretrain.git', 'commit': '79fb9213d8f97bc1c37c0dd0a2a01a0ea0927308'}, 'email': 'aklywtx233@163.com', 'root': '/Users/aklywtx/Desktop/VLM_Bias_research/NN_pretrain', 'host': 'MACBOOK-PRO-341.local', 'username': 'aklywtx', 'executable': '/Users/aklywtx/opt/anaconda3/bin/python', 'cpu_count': 8, 'cpu_count_logical': 8, 'disk': {'total': 926.3517189025879, 'used': 833.0802040100098}, 'gpuapple': {'type': 'arm', 'vendor': 'Apple'}, 'memory': {'total': 32.0}}
2024-11-17 22:56:50,384 INFO    HandlerThread:62096 [system_monitor.py:probe():211] Finished collecting system info
2024-11-17 22:56:50,384 INFO    HandlerThread:62096 [system_monitor.py:probe():214] Publishing system info
2024-11-17 22:56:50,384 DEBUG   HandlerThread:62096 [system_info.py:_save_pip():51] Saving list of pip packages installed into the current environment
2024-11-17 22:56:50,385 DEBUG   HandlerThread:62096 [system_info.py:_save_pip():67] Saving pip packages done
2024-11-17 22:56:50,386 DEBUG   HandlerThread:62096 [system_info.py:_save_conda():74] Saving list of conda packages installed into the current environment
2024-11-17 22:56:51,098 INFO    Thread-12 :62096 [dir_watcher.py:_on_file_created():278] file/dir created: /Users/aklywtx/Desktop/VLM_Bias_research/NN_pretrain/wandb/run-20241117_225649-qh8ucr4j/files/wandb-summary.json
2024-11-17 22:56:51,098 INFO    Thread-12 :62096 [dir_watcher.py:_on_file_created():278] file/dir created: /Users/aklywtx/Desktop/VLM_Bias_research/NN_pretrain/wandb/run-20241117_225649-qh8ucr4j/files/conda-environment.yaml
2024-11-17 22:56:51,098 INFO    Thread-12 :62096 [dir_watcher.py:_on_file_created():278] file/dir created: /Users/aklywtx/Desktop/VLM_Bias_research/NN_pretrain/wandb/run-20241117_225649-qh8ucr4j/files/requirements.txt
2024-11-17 22:57:10,107 DEBUG   HandlerThread:62096 [system_info.py:_save_conda():86] Saving conda packages done
2024-11-17 22:57:10,109 INFO    HandlerThread:62096 [system_monitor.py:probe():216] Finished publishing system info
2024-11-17 22:57:10,123 DEBUG   HandlerThread:62096 [handler.py:handle_request():144] handle_request: status_report
2024-11-17 22:57:10,123 DEBUG   HandlerThread:62096 [handler.py:handle_request():144] handle_request: keepalive
2024-11-17 22:57:10,124 DEBUG   HandlerThread:62096 [handler.py:handle_request():144] handle_request: status_report
2024-11-17 22:57:10,124 DEBUG   HandlerThread:62096 [handler.py:handle_request():144] handle_request: keepalive
2024-11-17 22:57:10,124 DEBUG   HandlerThread:62096 [handler.py:handle_request():144] handle_request: status_report
2024-11-17 22:57:10,124 DEBUG   HandlerThread:62096 [handler.py:handle_request():144] handle_request: keepalive
2024-11-17 22:57:10,124 DEBUG   SenderThread:62096 [sender.py:send():375] send: files
2024-11-17 22:57:10,124 INFO    SenderThread:62096 [sender.py:_save_file():1378] saving file wandb-metadata.json with policy now
2024-11-17 22:57:10,134 DEBUG   HandlerThread:62096 [handler.py:handle_request():144] handle_request: stop_status
2024-11-17 22:57:10,134 DEBUG   SenderThread:62096 [sender.py:send_request():402] send_request: stop_status
2024-11-17 22:57:10,164 INFO    Thread-12 :62096 [dir_watcher.py:_on_file_modified():295] file/dir modified: /Users/aklywtx/Desktop/VLM_Bias_research/NN_pretrain/wandb/run-20241117_225649-qh8ucr4j/files/conda-environment.yaml
2024-11-17 22:57:10,165 INFO    Thread-12 :62096 [dir_watcher.py:_on_file_created():278] file/dir created: /Users/aklywtx/Desktop/VLM_Bias_research/NN_pretrain/wandb/run-20241117_225649-qh8ucr4j/files/wandb-metadata.json
2024-11-17 22:57:10,336 DEBUG   SenderThread:62096 [sender.py:send():375] send: telemetry
2024-11-17 22:57:10,677 INFO    wandb-upload_0:62096 [upload_job.py:push():137] Uploaded file /var/folders/b8/j860yxxx1bb1pjgc34kr65dm0000gn/T/tmpegyecqb8wandb/d4at41pf-wandb-metadata.json
2024-11-17 22:57:11,339 DEBUG   HandlerThread:62096 [handler.py:handle_request():144] handle_request: status_report
2024-11-17 22:57:16,358 DEBUG   HandlerThread:62096 [handler.py:handle_request():144] handle_request: status_report
2024-11-17 22:57:21,395 DEBUG   HandlerThread:62096 [handler.py:handle_request():144] handle_request: status_report
2024-11-17 22:57:22,227 INFO    Thread-12 :62096 [dir_watcher.py:_on_file_modified():295] file/dir modified: /Users/aklywtx/Desktop/VLM_Bias_research/NN_pretrain/wandb/run-20241117_225649-qh8ucr4j/files/config.yaml
2024-11-17 22:57:23,813 DEBUG   SenderThread:62096 [sender.py:send():375] send: exit
2024-11-17 22:57:23,813 INFO    SenderThread:62096 [sender.py:send_exit():598] handling exit code: 1
2024-11-17 22:57:23,813 INFO    SenderThread:62096 [sender.py:send_exit():600] handling runtime: 33
2024-11-17 22:57:23,814 INFO    SenderThread:62096 [sender.py:_save_file():1378] saving file wandb-summary.json with policy end
2024-11-17 22:57:23,814 INFO    SenderThread:62096 [sender.py:send_exit():606] send defer
2024-11-17 22:57:23,815 DEBUG   HandlerThread:62096 [handler.py:handle_request():144] handle_request: defer
2024-11-17 22:57:23,815 INFO    HandlerThread:62096 [handler.py:handle_request_defer():170] handle defer: 0
2024-11-17 22:57:23,815 DEBUG   SenderThread:62096 [sender.py:send_request():402] send_request: defer
2024-11-17 22:57:23,815 INFO    SenderThread:62096 [sender.py:send_request_defer():622] handle sender defer: 0
2024-11-17 22:57:23,815 INFO    SenderThread:62096 [sender.py:transition_state():626] send defer: 1
2024-11-17 22:57:23,815 DEBUG   HandlerThread:62096 [handler.py:handle_request():144] handle_request: defer
2024-11-17 22:57:23,815 INFO    HandlerThread:62096 [handler.py:handle_request_defer():170] handle defer: 1
2024-11-17 22:57:23,816 DEBUG   SenderThread:62096 [sender.py:send_request():402] send_request: defer
2024-11-17 22:57:23,816 INFO    SenderThread:62096 [sender.py:send_request_defer():622] handle sender defer: 1
2024-11-17 22:57:23,816 INFO    SenderThread:62096 [sender.py:transition_state():626] send defer: 2
2024-11-17 22:57:23,816 DEBUG   HandlerThread:62096 [handler.py:handle_request():144] handle_request: defer
2024-11-17 22:57:23,816 INFO    HandlerThread:62096 [handler.py:handle_request_defer():170] handle defer: 2
2024-11-17 22:57:23,816 INFO    HandlerThread:62096 [system_monitor.py:finish():190] Stopping system monitor
2024-11-17 22:57:23,816 INFO    HandlerThread:62096 [interfaces.py:finish():202] Joined cpu monitor
2024-11-17 22:57:23,816 INFO    HandlerThread:62096 [interfaces.py:finish():202] Joined disk monitor
2024-11-17 22:57:23,817 INFO    HandlerThread:62096 [interfaces.py:finish():202] Joined gpuapple monitor
2024-11-17 22:57:23,817 DEBUG   SystemMonitor:62096 [system_monitor.py:_start():159] Starting system metrics aggregation loop
2024-11-17 22:57:23,817 INFO    HandlerThread:62096 [interfaces.py:finish():202] Joined memory monitor
2024-11-17 22:57:23,817 DEBUG   SystemMonitor:62096 [system_monitor.py:_start():166] Finished system metrics aggregation loop
2024-11-17 22:57:23,817 INFO    HandlerThread:62096 [interfaces.py:finish():202] Joined network monitor
2024-11-17 22:57:23,817 DEBUG   SystemMonitor:62096 [system_monitor.py:_start():170] Publishing last batch of metrics
2024-11-17 22:57:23,818 DEBUG   SenderThread:62096 [sender.py:send_request():402] send_request: defer
2024-11-17 22:57:23,818 INFO    SenderThread:62096 [sender.py:send_request_defer():622] handle sender defer: 2
2024-11-17 22:57:23,818 INFO    SenderThread:62096 [sender.py:transition_state():626] send defer: 3
2024-11-17 22:57:23,818 DEBUG   SenderThread:62096 [sender.py:send():375] send: telemetry
2024-11-17 22:57:23,818 DEBUG   SenderThread:62096 [sender.py:send():375] send: stats
2024-11-17 22:57:23,818 DEBUG   HandlerThread:62096 [handler.py:handle_request():144] handle_request: defer
2024-11-17 22:57:23,818 INFO    HandlerThread:62096 [handler.py:handle_request_defer():170] handle defer: 3
2024-11-17 22:57:23,818 DEBUG   SenderThread:62096 [sender.py:send_request():402] send_request: defer
2024-11-17 22:57:23,818 INFO    SenderThread:62096 [sender.py:send_request_defer():622] handle sender defer: 3
2024-11-17 22:57:23,818 INFO    SenderThread:62096 [sender.py:transition_state():626] send defer: 4
2024-11-17 22:57:23,818 DEBUG   HandlerThread:62096 [handler.py:handle_request():144] handle_request: defer
2024-11-17 22:57:23,818 INFO    HandlerThread:62096 [handler.py:handle_request_defer():170] handle defer: 4
2024-11-17 22:57:23,819 DEBUG   SenderThread:62096 [sender.py:send_request():402] send_request: defer
2024-11-17 22:57:23,819 INFO    SenderThread:62096 [sender.py:send_request_defer():622] handle sender defer: 4
2024-11-17 22:57:23,819 INFO    SenderThread:62096 [sender.py:transition_state():626] send defer: 5
2024-11-17 22:57:23,819 DEBUG   HandlerThread:62096 [handler.py:handle_request():144] handle_request: defer
2024-11-17 22:57:23,819 INFO    HandlerThread:62096 [handler.py:handle_request_defer():170] handle defer: 5
2024-11-17 22:57:23,819 DEBUG   SenderThread:62096 [sender.py:send():375] send: summary
2024-11-17 22:57:23,819 INFO    SenderThread:62096 [sender.py:_save_file():1378] saving file wandb-summary.json with policy end
2024-11-17 22:57:23,819 DEBUG   SenderThread:62096 [sender.py:send_request():402] send_request: defer
2024-11-17 22:57:23,819 INFO    SenderThread:62096 [sender.py:send_request_defer():622] handle sender defer: 5
2024-11-17 22:57:23,819 INFO    SenderThread:62096 [sender.py:transition_state():626] send defer: 6
2024-11-17 22:57:23,819 DEBUG   HandlerThread:62096 [handler.py:handle_request():144] handle_request: defer
2024-11-17 22:57:23,819 INFO    HandlerThread:62096 [handler.py:handle_request_defer():170] handle defer: 6
2024-11-17 22:57:23,819 DEBUG   SenderThread:62096 [sender.py:send_request():402] send_request: defer
2024-11-17 22:57:23,819 INFO    SenderThread:62096 [sender.py:send_request_defer():622] handle sender defer: 6
2024-11-17 22:57:23,821 DEBUG   HandlerThread:62096 [handler.py:handle_request():144] handle_request: status_report
2024-11-17 22:57:23,972 INFO    SenderThread:62096 [sender.py:transition_state():626] send defer: 7
2024-11-17 22:57:23,972 DEBUG   HandlerThread:62096 [handler.py:handle_request():144] handle_request: defer
2024-11-17 22:57:23,972 INFO    HandlerThread:62096 [handler.py:handle_request_defer():170] handle defer: 7
2024-11-17 22:57:23,972 DEBUG   SenderThread:62096 [sender.py:send_request():402] send_request: defer
2024-11-17 22:57:23,972 INFO    SenderThread:62096 [sender.py:send_request_defer():622] handle sender defer: 7
2024-11-17 22:57:24,238 INFO    Thread-12 :62096 [dir_watcher.py:_on_file_modified():295] file/dir modified: /Users/aklywtx/Desktop/VLM_Bias_research/NN_pretrain/wandb/run-20241117_225649-qh8ucr4j/files/config.yaml
2024-11-17 22:57:24,238 INFO    Thread-12 :62096 [dir_watcher.py:_on_file_modified():295] file/dir modified: /Users/aklywtx/Desktop/VLM_Bias_research/NN_pretrain/wandb/run-20241117_225649-qh8ucr4j/files/wandb-summary.json
2024-11-17 22:57:24,238 INFO    Thread-12 :62096 [dir_watcher.py:_on_file_created():278] file/dir created: /Users/aklywtx/Desktop/VLM_Bias_research/NN_pretrain/wandb/run-20241117_225649-qh8ucr4j/files/output.log
2024-11-17 22:57:24,818 DEBUG   HandlerThread:62096 [handler.py:handle_request():144] handle_request: poll_exit
2024-11-17 22:57:25,823 INFO    SenderThread:62096 [sender.py:transition_state():626] send defer: 8
2024-11-17 22:57:25,824 DEBUG   SenderThread:62096 [sender.py:send_request():402] send_request: poll_exit
2024-11-17 22:57:25,824 DEBUG   HandlerThread:62096 [handler.py:handle_request():144] handle_request: defer
2024-11-17 22:57:25,824 INFO    HandlerThread:62096 [handler.py:handle_request_defer():170] handle defer: 8
2024-11-17 22:57:25,824 DEBUG   SenderThread:62096 [sender.py:send_request():402] send_request: defer
2024-11-17 22:57:25,824 INFO    SenderThread:62096 [sender.py:send_request_defer():622] handle sender defer: 8
2024-11-17 22:57:25,828 INFO    SenderThread:62096 [sender.py:transition_state():626] send defer: 9
2024-11-17 22:57:25,828 DEBUG   HandlerThread:62096 [handler.py:handle_request():144] handle_request: defer
2024-11-17 22:57:25,828 INFO    HandlerThread:62096 [handler.py:handle_request_defer():170] handle defer: 9
2024-11-17 22:57:25,829 DEBUG   SenderThread:62096 [sender.py:send():375] send: artifact
2024-11-17 22:57:26,246 INFO    Thread-12 :62096 [dir_watcher.py:_on_file_modified():295] file/dir modified: /Users/aklywtx/Desktop/VLM_Bias_research/NN_pretrain/wandb/run-20241117_225649-qh8ucr4j/files/output.log
2024-11-17 22:57:27,028 INFO    wandb-upload_1:62096 [upload_job.py:push():95] Uploaded file /Users/aklywtx/Library/Application Support/wandb/artifacts/staging/tmpw91m05ag
2024-11-17 22:57:27,070 INFO    wandb-upload_0:62096 [upload_job.py:push():95] Uploaded file /Users/aklywtx/Library/Application Support/wandb/artifacts/staging/tmp7cubfsu9
2024-11-17 22:57:28,346 INFO    SenderThread:62096 [sender.py:send_artifact():1474] sent artifact job-git_github.com_aklywtx_NN_pretrain.git_models_vit_train.py - {'id': 'QXJ0aWZhY3Q6MTMzOTE4MDA5Nw==', 'digest': '3b7016cdad4dc73d74f0d986411f778e', 'state': 'PENDING', 'aliases': [], 'artifactSequence': {'id': 'QXJ0aWZhY3RDb2xsZWN0aW9uOjQ5NjcxNDYxOQ==', 'latestArtifact': None}, 'version': 'latest'}
2024-11-17 22:57:28,346 DEBUG   SenderThread:62096 [sender.py:send_request():402] send_request: defer
2024-11-17 22:57:28,346 INFO    SenderThread:62096 [sender.py:send_request_defer():622] handle sender defer: 9
2024-11-17 22:57:28,346 INFO    SenderThread:62096 [dir_watcher.py:finish():365] shutting down directory watcher
2024-11-17 22:57:29,259 INFO    SenderThread:62096 [dir_watcher.py:finish():395] scan: /Users/aklywtx/Desktop/VLM_Bias_research/NN_pretrain/wandb/run-20241117_225649-qh8ucr4j/files
2024-11-17 22:57:29,260 INFO    SenderThread:62096 [dir_watcher.py:finish():409] scan save: /Users/aklywtx/Desktop/VLM_Bias_research/NN_pretrain/wandb/run-20241117_225649-qh8ucr4j/files/requirements.txt requirements.txt
2024-11-17 22:57:29,260 INFO    SenderThread:62096 [dir_watcher.py:finish():409] scan save: /Users/aklywtx/Desktop/VLM_Bias_research/NN_pretrain/wandb/run-20241117_225649-qh8ucr4j/files/output.log output.log
2024-11-17 22:57:29,260 INFO    SenderThread:62096 [dir_watcher.py:finish():409] scan save: /Users/aklywtx/Desktop/VLM_Bias_research/NN_pretrain/wandb/run-20241117_225649-qh8ucr4j/files/config.yaml config.yaml
2024-11-17 22:57:29,260 INFO    SenderThread:62096 [dir_watcher.py:finish():409] scan save: /Users/aklywtx/Desktop/VLM_Bias_research/NN_pretrain/wandb/run-20241117_225649-qh8ucr4j/files/wandb-summary.json wandb-summary.json
2024-11-17 22:57:29,260 INFO    SenderThread:62096 [dir_watcher.py:finish():409] scan save: /Users/aklywtx/Desktop/VLM_Bias_research/NN_pretrain/wandb/run-20241117_225649-qh8ucr4j/files/conda-environment.yaml conda-environment.yaml
2024-11-17 22:57:29,260 INFO    SenderThread:62096 [dir_watcher.py:finish():409] scan save: /Users/aklywtx/Desktop/VLM_Bias_research/NN_pretrain/wandb/run-20241117_225649-qh8ucr4j/files/wandb-metadata.json wandb-metadata.json
2024-11-17 22:57:29,260 INFO    SenderThread:62096 [sender.py:transition_state():626] send defer: 10
2024-11-17 22:57:29,261 DEBUG   HandlerThread:62096 [handler.py:handle_request():144] handle_request: defer
2024-11-17 22:57:29,261 INFO    HandlerThread:62096 [handler.py:handle_request_defer():170] handle defer: 10
2024-11-17 22:57:29,263 DEBUG   SenderThread:62096 [sender.py:send_request():402] send_request: defer
2024-11-17 22:57:29,264 INFO    SenderThread:62096 [sender.py:send_request_defer():622] handle sender defer: 10
2024-11-17 22:57:29,265 INFO    SenderThread:62096 [file_pusher.py:finish():167] shutting down file pusher
2024-11-17 22:57:29,764 INFO    wandb-upload_0:62096 [upload_job.py:push():137] Uploaded file /Users/aklywtx/Desktop/VLM_Bias_research/NN_pretrain/wandb/run-20241117_225649-qh8ucr4j/files/output.log
2024-11-17 22:57:29,839 DEBUG   HandlerThread:62096 [handler.py:handle_request():144] handle_request: keepalive
2024-11-17 22:57:29,902 INFO    wandb-upload_3:62096 [upload_job.py:push():137] Uploaded file /Users/aklywtx/Desktop/VLM_Bias_research/NN_pretrain/wandb/run-20241117_225649-qh8ucr4j/files/wandb-summary.json
2024-11-17 22:57:29,903 INFO    wandb-upload_2:62096 [upload_job.py:push():137] Uploaded file /Users/aklywtx/Desktop/VLM_Bias_research/NN_pretrain/wandb/run-20241117_225649-qh8ucr4j/files/config.yaml
2024-11-17 22:57:29,903 INFO    wandb-upload_1:62096 [upload_job.py:push():137] Uploaded file /Users/aklywtx/Desktop/VLM_Bias_research/NN_pretrain/wandb/run-20241117_225649-qh8ucr4j/files/requirements.txt
2024-11-17 22:57:29,963 INFO    wandb-upload_4:62096 [upload_job.py:push():137] Uploaded file /Users/aklywtx/Desktop/VLM_Bias_research/NN_pretrain/wandb/run-20241117_225649-qh8ucr4j/files/conda-environment.yaml
2024-11-17 22:57:30,168 INFO    Thread-11 :62096 [sender.py:transition_state():626] send defer: 11
2024-11-17 22:57:30,170 DEBUG   HandlerThread:62096 [handler.py:handle_request():144] handle_request: defer
2024-11-17 22:57:30,170 INFO    HandlerThread:62096 [handler.py:handle_request_defer():170] handle defer: 11
2024-11-17 22:57:30,170 DEBUG   SenderThread:62096 [sender.py:send_request():402] send_request: defer
2024-11-17 22:57:30,171 INFO    SenderThread:62096 [sender.py:send_request_defer():622] handle sender defer: 11
2024-11-17 22:57:30,171 INFO    SenderThread:62096 [file_pusher.py:join():172] waiting for file pusher
2024-11-17 22:57:30,171 INFO    SenderThread:62096 [sender.py:transition_state():626] send defer: 12
2024-11-17 22:57:30,171 DEBUG   HandlerThread:62096 [handler.py:handle_request():144] handle_request: defer
2024-11-17 22:57:30,171 INFO    HandlerThread:62096 [handler.py:handle_request_defer():170] handle defer: 12
2024-11-17 22:57:30,171 DEBUG   SenderThread:62096 [sender.py:send_request():402] send_request: defer
2024-11-17 22:57:30,171 INFO    SenderThread:62096 [sender.py:send_request_defer():622] handle sender defer: 12
2024-11-17 22:57:30,338 INFO    SenderThread:62096 [sender.py:transition_state():626] send defer: 13
2024-11-17 22:57:30,338 DEBUG   HandlerThread:62096 [handler.py:handle_request():144] handle_request: defer
2024-11-17 22:57:30,338 INFO    HandlerThread:62096 [handler.py:handle_request_defer():170] handle defer: 13
2024-11-17 22:57:30,340 DEBUG   SenderThread:62096 [sender.py:send_request():402] send_request: defer
2024-11-17 22:57:30,341 INFO    SenderThread:62096 [sender.py:send_request_defer():622] handle sender defer: 13
2024-11-17 22:57:30,341 INFO    SenderThread:62096 [sender.py:transition_state():626] send defer: 14
2024-11-17 22:57:30,341 DEBUG   HandlerThread:62096 [handler.py:handle_request():144] handle_request: defer
2024-11-17 22:57:30,341 INFO    HandlerThread:62096 [handler.py:handle_request_defer():170] handle defer: 14
2024-11-17 22:57:30,341 DEBUG   SenderThread:62096 [sender.py:send():375] send: final
2024-11-17 22:57:30,342 DEBUG   SenderThread:62096 [sender.py:send():375] send: footer
2024-11-17 22:57:30,342 DEBUG   SenderThread:62096 [sender.py:send_request():402] send_request: defer
2024-11-17 22:57:30,342 INFO    SenderThread:62096 [sender.py:send_request_defer():622] handle sender defer: 14
2024-11-17 22:57:30,342 DEBUG   HandlerThread:62096 [handler.py:handle_request():144] handle_request: poll_exit
2024-11-17 22:57:30,342 DEBUG   HandlerThread:62096 [handler.py:handle_request():144] handle_request: server_info
2024-11-17 22:57:30,342 DEBUG   HandlerThread:62096 [handler.py:handle_request():144] handle_request: get_summary
2024-11-17 22:57:30,342 DEBUG   HandlerThread:62096 [handler.py:handle_request():144] handle_request: sampled_history
2024-11-17 22:57:30,342 DEBUG   SenderThread:62096 [sender.py:send_request():402] send_request: poll_exit
2024-11-17 22:57:30,342 DEBUG   SenderThread:62096 [sender.py:send_request():402] send_request: server_info
2024-11-17 22:57:30,483 INFO    MainThread:62096 [wandb_run.py:_footer_history_summary_info():3469] rendering history
2024-11-17 22:57:30,483 INFO    MainThread:62096 [wandb_run.py:_footer_history_summary_info():3501] rendering summary
2024-11-17 22:57:30,484 INFO    MainThread:62096 [wandb_run.py:_footer_sync_info():3428] logging synced files
2024-11-17 22:57:30,484 DEBUG   HandlerThread:62096 [handler.py:handle_request():144] handle_request: shutdown
2024-11-17 22:57:30,485 INFO    HandlerThread:62096 [handler.py:finish():842] shutting down handler
2024-11-17 22:57:31,347 INFO    WriterThread:62096 [datastore.py:close():298] close: /Users/aklywtx/Desktop/VLM_Bias_research/NN_pretrain/wandb/run-20241117_225649-qh8ucr4j/run-qh8ucr4j.wandb
2024-11-17 22:57:31,486 INFO    SenderThread:62096 [sender.py:finish():1550] shutting down sender
2024-11-17 22:57:31,487 INFO    SenderThread:62096 [file_pusher.py:finish():167] shutting down file pusher
2024-11-17 22:57:31,487 INFO    SenderThread:62096 [file_pusher.py:join():172] waiting for file pusher
